<?xml version="1.0"?><AirTies><INFO><item title="TestDate" value="2019-08-01_161810"></item><item title="DeviceName" value="Air4930"></item><item title="SerialNumber" value="12345678"></item><item title="MacAddress" value="00:AA:BB:CC:DD:01"></item><item title="Version" value="v2.5.0"></item><item title="FwVersion" value="fwversion2.41.2.0.37"></item><item title="IqmSerialNumber" value=" IQXL05491"></item><item title="IqmFirmware" value="	1.19.0"></item><item title="IqmDeviceType" value="IQxel"></item></INFO><Criteria><item title="Modulation" value="MCS0NSS1"></item><item title="Bandwidth" value="80"></item><item title="Antenna" value="0"></item><item title="Channel" value="36"></item><item title="RfIcTemperature" value="59"></item><item title="CpuTemperature" value="60"></item><item title="ExpectedPower" value="10"></item><item title="EVM" Max="-5" Min="-100"></item><item title="FREQERR" Max="15" Min="-15"></item><item title="SYMCLOCKERR" Max="20" Min="-100"></item><item title="POWER" Max="11,5" Min="8,5" Avg="10"></item><item title="LOLEAKAGE" Max="-17" Min="-100"></item><item title="SPECTRUMMASK" Max="100" Min="0"></item><item title="SPECTRUMMARGIN" Max="1000" Min="0"></item></Criteria><Record><item title="Modulation" value="MCS0NSS1"></item><item title="Bandwidth" value="80"></item><item title="Channel" value="36"></item><item title="Antenna" value="0"></item><item title="ExpectedPower" value="10"></item><item title="Power" value="10"></item><item title="TestType" value="Tx"></item><item title="EVM" value="-27,7452" result="PASS"></item><item title="FREQERR" value="0,700556" result="PASS"></item><item title="SYMCLOCKERR" value="-0,145148" result="PASS"></item><item title="POWER" value="7,51568" result="FAIL"></item><item title="LOLEAKAGE" value="-35,9382" result="PASS"></item><item title="SPECTRUMMASK" value="16,6806" result="PASS"></item><item title="SPECTRUMMARGIN" value="16,6806" result="PASS"></item></Record><Criteria><item title="Modulation" value="MCS0NSS1"></item><item title="Bandwidth" value="80"></item><item title="Antenna" value="0"></item><item title="Channel" value="36"></item><item title="RfIcTemperature" value="59"></item><item title="CpuTemperature" value="60"></item><item title="ExpectedPower" value="11"></item><item title="EVM" Max="-5" Min="-100"></item><item title="FREQERR" Max="15" Min="-15"></item><item title="SYMCLOCKERR" Max="20" Min="-100"></item><item title="POWER" Max="12,5" Min="9,5" Avg="11"></item><item title="LOLEAKAGE" Max="-17" Min="-100"></item><item title="SPECTRUMMASK" Max="100" Min="0"></item><item title="SPECTRUMMARGIN" Max="1000" Min="0"></item></Criteria><Record><item title="Modulation" value="MCS0NSS1"></item><item title="Bandwidth" value="80"></item><item title="Channel" value="36"></item><item title="Antenna" value="0"></item><item title="ExpectedPower" value="11"></item><item title="Power" value="11"></item><item title="TestType" value="Tx"></item><item title="EVM" value="-27,6343" result="PASS"></item><item title="FREQERR" value="0,757071" result="PASS"></item><item title="SYMCLOCKERR" value="-0,11235" result="PASS"></item><item title="POWER" value="8,57492" result="FAIL"></item><item title="LOLEAKAGE" value="-37,2026" result="PASS"></item><item title="SPECTRUMMASK" value="17,1422" result="PASS"></item><item title="SPECTRUMMARGIN" value="17,1422" result="PASS"></item></Record><Criteria><item title="Modulation" value="MCS0NSS1"></item><item title="Bandwidth" value="80"></item><item title="Antenna" value="0"></item><item title="Channel" value="36"></item><item title="RfIcTemperature" value="59"></item><item title="CpuTemperature" value="60"></item><item title="ExpectedPower" value="12"></item><item title="EVM" Max="-5" Min="-100"></item><item title="FREQERR" Max="15" Min="-15"></item><item title="SYMCLOCKERR" Max="20" Min="-100"></item><item title="POWER" Max="13,5" Min="10,5" Avg="12"></item><item title="LOLEAKAGE" Max="-17" Min="-100"></item><item title="SPECTRUMMASK" Max="100" Min="0"></item><item title="SPECTRUMMARGIN" Max="1000" Min="0"></item></Criteria><Record><item title="Modulation" value="MCS0NSS1"></item><item title="Bandwidth" value="80"></item><item title="Channel" value="36"></item><item title="Antenna" value="0"></item><item title="ExpectedPower" value="12"></item><item title="Power" value="12"></item><item title="TestType" value="Tx"></item><item title="EVM" value="-26,2201" result="PASS"></item><item title="FREQERR" value="0,788909" result="PASS"></item><item title="SYMCLOCKERR" value="-0,631557" result="PASS"></item><item title="POWER" value="9,80734" result="FAIL"></item><item title="LOLEAKAGE" value="-38,0045" result="PASS"></item><item title="SPECTRUMMASK" value="17,1655" result="PASS"></item><item title="SPECTRUMMARGIN" value="17,1655" result="PASS"></item></Record><Criteria><item title="Modulation" value="MCS0NSS1"></item><item title="Bandwidth" value="80"></item><item title="Antenna" value="0"></item><item title="Channel" value="36"></item><item title="RfIcTemperature" value="59"></item><item title="CpuTemperature" value="60"></item><item title="ExpectedPower" value="13"></item><item title="EVM" Max="-5" Min="-100"></item><item title="FREQERR" Max="15" Min="-15"></item><item title="SYMCLOCKERR" Max="20" Min="-100"></item><item title="POWER" Max="14,5" Min="11,5" Avg="13"></item><item title="LOLEAKAGE" Max="-17" Min="-100"></item><item title="SPECTRUMMASK" Max="100" Min="0"></item><item title="SPECTRUMMARGIN" Max="1000" Min="0"></item></Criteria><Record><item title="Modulation" value="MCS0NSS1"></item><item title="Bandwidth" value="80"></item><item title="Channel" value="36"></item><item title="Antenna" value="0"></item><item title="ExpectedPower" value="13"></item><item title="Power" value="13"></item><item title="TestType" value="Tx"></item><item title="EVM" value="-24,9847" result="PASS"></item><item title="FREQERR" value="0,804763" result="PASS"></item><item title="SYMCLOCKERR" value="-0,0805741" result="PASS"></item><item title="POWER" value="10,8447" result="FAIL"></item><item title="LOLEAKAGE" value="-45,7983" result="PASS"></item><item title="SPECTRUMMASK" value="15,725" result="PASS"></item><item title="SPECTRUMMARGIN" value="15,725" result="PASS"></item></Record><Criteria><item title="Modulation" value="MCS0NSS1"></item><item title="Bandwidth" value="80"></item><item title="Antenna" value="0"></item><item title="Channel" value="36"></item><item title="RfIcTemperature" value="59"></item><item title="CpuTemperature" value="60"></item><item title="ExpectedPower" value="14"></item><item title="EVM" Max="-5" Min="-100"></item><item title="FREQERR" Max="15" Min="-15"></item><item title="SYMCLOCKERR" Max="20" Min="-100"></item><item title="POWER" Max="15,5" Min="12,5" Avg="14"></item><item title="LOLEAKAGE" Max="-17" Min="-100"></item><item title="SPECTRUMMASK" Max="100" Min="0"></item><item title="SPECTRUMMARGIN" Max="1000" Min="0"></item></Criteria><Record><item title="Modulation" value="MCS0NSS1"></item><item title="Bandwidth" value="80"></item><item title="Channel" value="36"></item><item title="Antenna" value="0"></item><item title="ExpectedPower" value="14"></item><item title="Power" value="14"></item><item title="TestType" value="Tx"></item><item title="EVM" value="-25,0415" result="PASS"></item><item title="FREQERR" value="0,81955" result="PASS"></item><item title="SYMCLOCKERR" value="-0,39734" result="PASS"></item><item title="POWER" value="11,8901" result="FAIL"></item><item title="LOLEAKAGE" value="-41,0086" result="PASS"></item><item title="SPECTRUMMASK" value="17,4753" result="PASS"></item><item title="SPECTRUMMARGIN" value="17,4753" result="PASS"></item></Record><Criteria><item title="Modulation" value="MCS0NSS1"></item><item title="Bandwidth" value="80"></item><item title="Antenna" value="0"></item><item title="Channel" value="36"></item><item title="RfIcTemperature" value="59"></item><item title="CpuTemperature" value="60"></item><item title="ExpectedPower" value="15"></item><item title="EVM" Max="-5" Min="-100"></item><item title="FREQERR" Max="15" Min="-15"></item><item title="SYMCLOCKERR" Max="20" Min="-100"></item><item title="POWER" Max="16,5" Min="13,5" Avg="15"></item><item title="LOLEAKAGE" Max="-17" Min="-100"></item><item title="SPECTRUMMASK" Max="100" Min="0"></item><item title="SPECTRUMMARGIN" Max="1000" Min="0"></item></Criteria><Record><item title="Modulation" value="MCS0NSS1"></item><item title="Bandwidth" value="80"></item><item title="Channel" value="36"></item><item title="Antenna" value="0"></item><item title="ExpectedPower" value="15"></item><item title="Power" value="15"></item><item title="TestType" value="Tx"></item><item title="EVM" value="-28,0218" result="PASS"></item><item title="FREQERR" value="0,831426" result="PASS"></item><item title="SYMCLOCKERR" value="0,302039" result="PASS"></item><item title="POWER" value="12,5153" result="FAIL"></item><item title="LOLEAKAGE" value="-43,9124" result="PASS"></item><item title="SPECTRUMMASK" value="16,2702" result="PASS"></item><item title="SPECTRUMMARGIN" value="16,2702" result="PASS"></item></Record><Criteria><item title="Modulation" value="MCS0NSS1"></item><item title="Bandwidth" value="80"></item><item title="Antenna" value="0"></item><item title="Channel" value="36"></item><item title="RfIcTemperature" value="59"></item><item title="CpuTemperature" value="60"></item><item title="ExpectedPower" value="16"></item><item title="EVM" Max="-5" Min="-100"></item><item title="FREQERR" Max="15" Min="-15"></item><item title="SYMCLOCKERR" Max="20" Min="-100"></item><item title="POWER" Max="17,5" Min="14,5" Avg="16"></item><item title="LOLEAKAGE" Max="-17" Min="-100"></item><item title="SPECTRUMMASK" Max="100" Min="0"></item><item title="SPECTRUMMARGIN" Max="1000" Min="0"></item></Criteria><Record><item title="Modulation" value="MCS0NSS1"></item><item title="Bandwidth" value="80"></item><item title="Channel" value="36"></item><item title="Antenna" value="0"></item><item title="ExpectedPower" value="16"></item><item title="Power" value="16"></item><item title="TestType" value="Tx"></item><item title="EVM" value="-26,2152" result="PASS"></item><item title="FREQERR" value="0,835122" result="PASS"></item><item title="SYMCLOCKERR" value="-0,785544" result="PASS"></item><item title="POWER" value="13,7177" result="FAIL"></item><item title="LOLEAKAGE" value="-47,8931" result="PASS"></item><item title="SPECTRUMMASK" value="15,3818" result="PASS"></item><item title="SPECTRUMMARGIN" value="15,3818" result="PASS"></item></Record><Criteria><item title="Modulation" value="MCS0NSS1"></item><item title="Bandwidth" value="80"></item><item title="Antenna" value="0"></item><item title="Channel" value="36"></item><item title="RfIcTemperature" value="59"></item><item title="CpuTemperature" value="60"></item><item title="ExpectedPower" value="17"></item><item title="EVM" Max="-5" Min="-100"></item><item title="FREQERR" Max="15" Min="-15"></item><item title="SYMCLOCKERR" Max="20" Min="-100"></item><item title="POWER" Max="18,5" Min="15,5" Avg="17"></item><item title="LOLEAKAGE" Max="-17" Min="-100"></item><item title="SPECTRUMMASK" Max="100" Min="0"></item><item title="SPECTRUMMARGIN" Max="1000" Min="0"></item></Criteria><Record><item title="Modulation" value="MCS0NSS1"></item><item title="Bandwidth" value="80"></item><item title="Channel" value="36"></item><item title="Antenna" value="0"></item><item title="ExpectedPower" value="17"></item><item title="Power" value="17"></item><item title="TestType" value="Tx"></item><item title="EVM" value="-25,776" result="PASS"></item><item title="FREQERR" value="0,844487" result="PASS"></item><item title="SYMCLOCKERR" value="-0,710987" result="PASS"></item><item title="POWER" value="14,7189" result="FAIL"></item><item title="LOLEAKAGE" value="-47,4569" result="PASS"></item><item title="SPECTRUMMASK" value="17,1174" result="PASS"></item><item title="SPECTRUMMARGIN" value="17,1174" result="PASS"></item></Record><Criteria><item title="Modulation" value="MCS0NSS1"></item><item title="Bandwidth" value="80"></item><item title="Antenna" value="0"></item><item title="Channel" value="36"></item><item title="RfIcTemperature" value="59"></item><item title="CpuTemperature" value="60"></item><item title="ExpectedPower" value="18"></item><item title="EVM" Max="-5" Min="-100"></item><item title="FREQERR" Max="15" Min="-15"></item><item title="SYMCLOCKERR" Max="20" Min="-100"></item><item title="POWER" Max="19,5" Min="16,5" Avg="18"></item><item title="LOLEAKAGE" Max="-17" Min="-100"></item><item title="SPECTRUMMASK" Max="100" Min="0"></item><item title="SPECTRUMMARGIN" Max="1000" Min="0"></item></Criteria><Record><item title="Modulation" value="MCS0NSS1"></item><item title="Bandwidth" value="80"></item><item title="Channel" value="36"></item><item title="Antenna" value="0"></item><item title="ExpectedPower" value="18"></item><item title="Power" value="18"></item><item title="TestType" value="Tx"></item><item title="EVM" value="-27,3442" result="PASS"></item><item title="FREQERR" value="0,850615" result="PASS"></item><item title="SYMCLOCKERR" value="-0,636131" result="PASS"></item><item title="POWER" value="15,8812" result="FAIL"></item><item title="LOLEAKAGE" value="-45,6951" result="PASS"></item><item title="SPECTRUMMASK" value="15,9908" result="PASS"></item><item title="SPECTRUMMARGIN" value="15,9908" result="PASS"></item></Record><Criteria><item title="Modulation" value="MCS0NSS1"></item><item title="Bandwidth" value="80"></item><item title="Antenna" value="0"></item><item title="Channel" value="36"></item><item title="RfIcTemperature" value="59"></item><item title="CpuTemperature" value="60"></item><item title="ExpectedPower" value="19"></item><item title="EVM" Max="-5" Min="-100"></item><item title="FREQERR" Max="15" Min="-15"></item><item title="SYMCLOCKERR" Max="20" Min="-100"></item><item title="POWER" Max="20,5" Min="17,5" Avg="19"></item><item title="LOLEAKAGE" Max="-17" Min="-100"></item><item title="SPECTRUMMASK" Max="100" Min="0"></item><item title="SPECTRUMMARGIN" Max="1000" Min="0"></item></Criteria><Record><item title="Modulation" value="MCS0NSS1"></item><item title="Bandwidth" value="80"></item><item title="Channel" value="36"></item><item title="Antenna" value="0"></item><item title="ExpectedPower" value="19"></item><item title="Power" value="19"></item><item title="TestType" value="Tx"></item><item title="EVM" value="-27,8758" result="PASS"></item><item title="FREQERR" value="0,851211" result="PASS"></item><item title="SYMCLOCKERR" value="-0,412276" result="PASS"></item><item title="POWER" value="16,9359" result="FAIL"></item><item title="LOLEAKAGE" value="-49,6011" result="PASS"></item><item title="SPECTRUMMASK" value="16,2467" result="PASS"></item><item title="SPECTRUMMARGIN" value="16,2467" result="PASS"></item></Record><Criteria><item title="Modulation" value="MCS0NSS1"></item><item title="Bandwidth" value="80"></item><item title="Antenna" value="0"></item><item title="Channel" value="36"></item><item title="RfIcTemperature" value="59"></item><item title="CpuTemperature" value="60"></item><item title="ExpectedPower" value="20"></item><item title="EVM" Max="-5" Min="-100"></item><item title="FREQERR" Max="15" Min="-15"></item><item title="SYMCLOCKERR" Max="20" Min="-100"></item><item title="POWER" Max="21,5" Min="18,5" Avg="20"></item><item title="LOLEAKAGE" Max="-17" Min="-100"></item><item title="SPECTRUMMASK" Max="100" Min="0"></item><item title="SPECTRUMMARGIN" Max="1000" Min="0"></item></Criteria><Record><item title="Modulation" value="MCS0NSS1"></item><item title="Bandwidth" value="80"></item><item title="Channel" value="36"></item><item title="Antenna" value="0"></item><item title="ExpectedPower" value="20"></item><item title="Power" value="20"></item><item title="TestType" value="Tx"></item><item title="EVM" value="-27,1058" result="PASS"></item><item title="FREQERR" value="0,851905" result="PASS"></item><item title="SYMCLOCKERR" value="-0,566283" result="PASS"></item><item title="POWER" value="17,8517" result="FAIL"></item><item title="LOLEAKAGE" value="-46,3954" result="PASS"></item><item title="SPECTRUMMASK" value="17,1421" result="PASS"></item><item title="SPECTRUMMARGIN" value="17,1421" result="PASS"></item></Record><Criteria><item title="Modulation" value="MCS0NSS1"></item><item title="Bandwidth" value="80"></item><item title="Antenna" value="0"></item><item title="Channel" value="36"></item><item title="RfIcTemperature" value="59"></item><item title="CpuTemperature" value="60"></item><item title="ExpectedPower" value="21"></item><item title="EVM" Max="-5" Min="-100"></item><item title="FREQERR" Max="15" Min="-15"></item><item title="SYMCLOCKERR" Max="20" Min="-100"></item><item title="POWER" Max="22,5" Min="19,5" Avg="21"></item><item title="LOLEAKAGE" Max="-17" Min="-100"></item><item title="SPECTRUMMASK" Max="100" Min="0"></item><item title="SPECTRUMMARGIN" Max="1000" Min="0"></item></Criteria><Record><item title="Modulation" value="MCS0NSS1"></item><item title="Bandwidth" value="80"></item><item title="Channel" value="36"></item><item title="Antenna" value="0"></item><item title="ExpectedPower" value="21"></item><item title="Power" value="21"></item><item title="TestType" value="Tx"></item><item title="EVM" value="-25,6314" result="PASS"></item><item title="FREQERR" value="0,852341" result="PASS"></item><item title="SYMCLOCKERR" value="-0,504154" result="PASS"></item><item title="POWER" value="18,8058" result="FAIL"></item><item title="LOLEAKAGE" value="-48,6097" result="PASS"></item><item title="SPECTRUMMASK" value="15,2379" result="PASS"></item><item title="SPECTRUMMARGIN" value="15,2379" result="PASS"></item></Record><Criteria><item title="Modulation" value="MCS0NSS1"></item><item title="Bandwidth" value="80"></item><item title="Antenna" value="0"></item><item title="Channel" value="36"></item><item title="RfIcTemperature" value="59"></item><item title="CpuTemperature" value="60"></item><item title="ExpectedPower" value="22"></item><item title="EVM" Max="-5" Min="-100"></item><item title="FREQERR" Max="15" Min="-15"></item><item title="SYMCLOCKERR" Max="20" Min="-100"></item><item title="POWER" Max="23,5" Min="20,5" Avg="22"></item><item title="LOLEAKAGE" Max="-17" Min="-100"></item><item title="SPECTRUMMASK" Max="100" Min="0"></item><item title="SPECTRUMMARGIN" Max="1000" Min="0"></item></Criteria><Record><item title="Modulation" value="MCS0NSS1"></item><item title="Bandwidth" value="80"></item><item title="Channel" value="36"></item><item title="Antenna" value="0"></item><item title="ExpectedPower" value="22"></item><item title="Power" value="22"></item><item title="TestType" value="Tx"></item><item title="EVM" value="-25,9451" result="PASS"></item><item title="FREQERR" value="0,854995" result="PASS"></item><item title="SYMCLOCKERR" value="-0,31121" result="PASS"></item><item title="POWER" value="19,9653" result="FAIL"></item><item title="LOLEAKAGE" value="-75,6695" result="PASS"></item><item title="SPECTRUMMASK" value="14,2686" result="PASS"></item><item title="SPECTRUMMARGIN" value="14,2686" result="PASS"></item></Record><Criteria><item title="Modulation" value="MCS0NSS1"></item><item title="Bandwidth" value="80"></item><item title="Antenna" value="0"></item><item title="Channel" value="36"></item><item title="RfIcTemperature" value="59"></item><item title="CpuTemperature" value="60"></item><item title="ExpectedPower" value="23"></item><item title="EVM" Max="-5" Min="-100"></item><item title="FREQERR" Max="15" Min="-15"></item><item title="SYMCLOCKERR" Max="20" Min="-100"></item><item title="POWER" Max="24,5" Min="21,5" Avg="23"></item><item title="LOLEAKAGE" Max="-17" Min="-100"></item><item title="SPECTRUMMASK" Max="100" Min="0"></item><item title="SPECTRUMMARGIN" Max="1000" Min="0"></item></Criteria><Record><item title="Modulation" value="MCS0NSS1"></item><item title="Bandwidth" value="80"></item><item title="Channel" value="36"></item><item title="Antenna" value="0"></item><item title="ExpectedPower" value="23"></item><item title="Power" value="23"></item><item title="TestType" value="Tx"></item><item title="EVM" value="-24,1515" result="PASS"></item><item title="FREQERR" value="0,855469" result="PASS"></item><item title="SYMCLOCKERR" value="-0,546905" result="PASS"></item><item title="POWER" value="20,8219" result="FAIL"></item><item title="LOLEAKAGE" value="-45,7599" result="PASS"></item><item title="SPECTRUMMASK" value="13,0029" result="PASS"></item><item title="SPECTRUMMARGIN" value="13,0029" result="PASS"></item></Record><Criteria><item title="Modulation" value="MCS0NSS1"></item><item title="Bandwidth" value="80"></item><item title="Antenna" value="0"></item><item title="Channel" value="36"></item><item title="RfIcTemperature" value="59"></item><item title="CpuTemperature" value="60"></item><item title="ExpectedPower" value="24"></item><item title="EVM" Max="-5" Min="-100"></item><item title="FREQERR" Max="15" Min="-15"></item><item title="SYMCLOCKERR" Max="20" Min="-100"></item><item title="POWER" Max="25,5" Min="22,5" Avg="24"></item><item title="LOLEAKAGE" Max="-17" Min="-100"></item><item title="SPECTRUMMASK" Max="100" Min="0"></item><item title="SPECTRUMMARGIN" Max="1000" Min="0"></item></Criteria><Record><item title="Modulation" value="MCS0NSS1"></item><item title="Bandwidth" value="80"></item><item title="Channel" value="36"></item><item title="Antenna" value="0"></item><item title="ExpectedPower" value="24"></item><item title="Power" value="24"></item><item title="TestType" value="Tx"></item><item title="EVM" value="-23,93" result="PASS"></item><item title="FREQERR" value="0,855348" result="PASS"></item><item title="SYMCLOCKERR" value="-0,402849" result="PASS"></item><item title="POWER" value="21,8676" result="FAIL"></item><item title="LOLEAKAGE" value="-42,5813" result="PASS"></item><item title="SPECTRUMMASK" value="10,1982" result="PASS"></item><item title="SPECTRUMMARGIN" value="10,1982" result="PASS"></item></Record><Criteria><item title="Modulation" value="MCS0NSS1"></item><item title="Bandwidth" value="80"></item><item title="Antenna" value="0"></item><item title="Channel" value="36"></item><item title="RfIcTemperature" value="59"></item><item title="CpuTemperature" value="60"></item><item title="ExpectedPower" value="25"></item><item title="EVM" Max="-5" Min="-100"></item><item title="FREQERR" Max="15" Min="-15"></item><item title="SYMCLOCKERR" Max="20" Min="-100"></item><item title="POWER" Max="26,5" Min="23,5" Avg="25"></item><item title="LOLEAKAGE" Max="-17" Min="-100"></item><item title="SPECTRUMMASK" Max="100" Min="0"></item><item title="SPECTRUMMARGIN" Max="1000" Min="0"></item></Criteria><Record><item title="Modulation" value="MCS0NSS1"></item><item title="Bandwidth" value="80"></item><item title="Channel" value="36"></item><item title="Antenna" value="0"></item><item title="ExpectedPower" value="25"></item><item title="Power" value="25"></item><item title="TestType" value="Tx"></item><item title="EVM" value="-21,0191" result="PASS"></item><item title="FREQERR" value="0,85606" result="PASS"></item><item title="SYMCLOCKERR" value="-0,707164" result="PASS"></item><item title="POWER" value="22,7541" result="FAIL"></item><item title="LOLEAKAGE" value="-43,6186" result="PASS"></item><item title="SPECTRUMMASK" value="7,52643" result="PASS"></item><item title="SPECTRUMMARGIN" value="7,52643" result="PASS"></item></Record><Criteria><item title="Modulation" value="MCS0NSS1"></item><item title="Bandwidth" value="80"></item><item title="Antenna" value="1"></item><item title="Channel" value="36"></item><item title="RfIcTemperature" value="59"></item><item title="CpuTemperature" value="60"></item><item title="ExpectedPower" value="10"></item><item title="EVM" Max="-5" Min="-100"></item><item title="FREQERR" Max="15" Min="-15"></item><item title="SYMCLOCKERR" Max="20" Min="-100"></item><item title="POWER" Max="11,5" Min="8,5" Avg="10"></item><item title="LOLEAKAGE" Max="-17" Min="-100"></item><item title="SPECTRUMMASK" Max="100" Min="0"></item><item title="SPECTRUMMARGIN" Max="1000" Min="0"></item></Criteria><Record><item title="Modulation" value="MCS0NSS1"></item><item title="Bandwidth" value="80"></item><item title="Channel" value="36"></item><item title="Antenna" value="1"></item><item title="ExpectedPower" value="10"></item><item title="Power" value="10"></item><item title="TestType" value="Tx"></item><item title="EVM" value="-25,8602" result="PASS"></item><item title="FREQERR" value="0,868123" result="PASS"></item><item title="SYMCLOCKERR" value="1,94504" result="PASS"></item><item title="POWER" value="8,58849" result="PASS"></item><item title="LOLEAKAGE" value="-36,0989" result="PASS"></item><item title="SPECTRUMMASK" value="15,307" result="PASS"></item><item title="SPECTRUMMARGIN" value="15,307" result="PASS"></item></Record><Criteria><item title="Modulation" value="MCS0NSS1"></item><item title="Bandwidth" value="80"></item><item title="Antenna" value="1"></item><item title="Channel" value="36"></item><item title="RfIcTemperature" value="59"></item><item title="CpuTemperature" value="60"></item><item title="ExpectedPower" value="11"></item><item title="EVM" Max="-5" Min="-100"></item><item title="FREQERR" Max="15" Min="-15"></item><item title="SYMCLOCKERR" Max="20" Min="-100"></item><item title="POWER" Max="12,5" Min="9,5" Avg="11"></item><item title="LOLEAKAGE" Max="-17" Min="-100"></item><item title="SPECTRUMMASK" Max="100" Min="0"></item><item title="SPECTRUMMARGIN" Max="1000" Min="0"></item></Criteria><Record><item title="Modulation" value="MCS0NSS1"></item><item title="Bandwidth" value="80"></item><item title="Channel" value="36"></item><item title="Antenna" value="1"></item><item title="ExpectedPower" value="11"></item><item title="Power" value="11"></item><item title="TestType" value="Tx"></item><item title="EVM" value="-28,0696" result="PASS"></item><item title="FREQERR" value="0,867291" result="PASS"></item><item title="SYMCLOCKERR" value="1,11112" result="PASS"></item><item title="POWER" value="9,34887" result="FAIL"></item><item title="LOLEAKAGE" value="-40,4993" result="PASS"></item><item title="SPECTRUMMASK" value="16,902" result="PASS"></item><item title="SPECTRUMMARGIN" value="16,902" result="PASS"></item></Record><Criteria><item title="Modulation" value="MCS0NSS1"></item><item title="Bandwidth" value="80"></item><item title="Antenna" value="1"></item><item title="Channel" value="36"></item><item title="RfIcTemperature" value="59"></item><item title="CpuTemperature" value="60"></item><item title="ExpectedPower" value="12"></item><item title="EVM" Max="-5" Min="-100"></item><item title="FREQERR" Max="15" Min="-15"></item><item title="SYMCLOCKERR" Max="20" Min="-100"></item><item title="POWER" Max="13,5" Min="10,5" Avg="12"></item><item title="LOLEAKAGE" Max="-17" Min="-100"></item><item title="SPECTRUMMASK" Max="100" Min="0"></item><item title="SPECTRUMMARGIN" Max="1000" Min="0"></item></Criteria><Record><item title="Modulation" value="MCS0NSS1"></item><item title="Bandwidth" value="80"></item><item title="Channel" value="36"></item><item title="Antenna" value="1"></item><item title="ExpectedPower" value="12"></item><item title="Power" value="12"></item><item title="TestType" value="Tx"></item><item title="EVM" value="-27,2194" result="PASS"></item><item title="FREQERR" value="0,863957" result="PASS"></item><item title="SYMCLOCKERR" value="1,49534" result="PASS"></item><item title="POWER" value="10,0918" result="FAIL"></item><item title="LOLEAKAGE" value="-46,929" result="PASS"></item><item title="SPECTRUMMASK" value="16,4135" result="PASS"></item><item title="SPECTRUMMARGIN" value="16,4135" result="PASS"></item></Record><Criteria><item title="Modulation" value="MCS0NSS1"></item><item title="Bandwidth" value="80"></item><item title="Antenna" value="1"></item><item title="Channel" value="36"></item><item title="RfIcTemperature" value="59"></item><item title="CpuTemperature" value="60"></item><item title="ExpectedPower" value="13"></item><item title="EVM" Max="-5" Min="-100"></item><item title="FREQERR" Max="15" Min="-15"></item><item title="SYMCLOCKERR" Max="20" Min="-100"></item><item title="POWER" Max="14,5" Min="11,5" Avg="13"></item><item title="LOLEAKAGE" Max="-17" Min="-100"></item><item title="SPECTRUMMASK" Max="100" Min="0"></item><item title="SPECTRUMMARGIN" Max="1000" Min="0"></item></Criteria><Record><item title="Modulation" value="MCS0NSS1"></item><item title="Bandwidth" value="80"></item><item title="Channel" value="36"></item><item title="Antenna" value="1"></item><item title="ExpectedPower" value="13"></item><item title="Power" value="13"></item><item title="TestType" value="Tx"></item><item title="EVM" value="-27,7899" result="PASS"></item><item title="FREQERR" value="0,861986" result="PASS"></item><item title="SYMCLOCKERR" value="1,83198" result="PASS"></item><item title="POWER" value="11,2375" result="FAIL"></item><item title="LOLEAKAGE" value="-40,5474" result="PASS"></item><item title="SPECTRUMMASK" value="15,4876" result="PASS"></item><item title="SPECTRUMMARGIN" value="15,4876" result="PASS"></item></Record><Criteria><item title="Modulation" value="MCS0NSS1"></item><item title="Bandwidth" value="80"></item><item title="Antenna" value="1"></item><item title="Channel" value="36"></item><item title="RfIcTemperature" value="59"></item><item title="CpuTemperature" value="60"></item><item title="ExpectedPower" value="14"></item><item title="EVM" Max="-5" Min="-100"></item><item title="FREQERR" Max="15" Min="-15"></item><item title="SYMCLOCKERR" Max="20" Min="-100"></item><item title="POWER" Max="15,5" Min="12,5" Avg="14"></item><item title="LOLEAKAGE" Max="-17" Min="-100"></item><item title="SPECTRUMMASK" Max="100" Min="0"></item><item title="SPECTRUMMARGIN" Max="1000" Min="0"></item></Criteria><Record><item title="Modulation" value="MCS0NSS1"></item><item title="Bandwidth" value="80"></item><item title="Channel" value="36"></item><item title="Antenna" value="1"></item><item title="ExpectedPower" value="14"></item><item title="Power" value="14"></item><item title="TestType" value="Tx"></item><item title="EVM" value="-25,7863" result="PASS"></item><item title="FREQERR" value="0,867403" result="PASS"></item><item title="SYMCLOCKERR" value="1,47169" result="PASS"></item><item title="POWER" value="12,4042" result="FAIL"></item><item title="LOLEAKAGE" value="-46,2883" result="PASS"></item><item title="SPECTRUMMASK" value="15,6515" result="PASS"></item><item title="SPECTRUMMARGIN" value="15,6515" result="PASS"></item></Record><Criteria><item title="Modulation" value="MCS0NSS1"></item><item title="Bandwidth" value="80"></item><item title="Antenna" value="1"></item><item title="Channel" value="36"></item><item title="RfIcTemperature" value="59"></item><item title="CpuTemperature" value="60"></item><item title="ExpectedPower" value="15"></item><item title="EVM" Max="-5" Min="-100"></item><item title="FREQERR" Max="15" Min="-15"></item><item title="SYMCLOCKERR" Max="20" Min="-100"></item><item title="POWER" Max="16,5" Min="13,5" Avg="15"></item><item title="LOLEAKAGE" Max="-17" Min="-100"></item><item title="SPECTRUMMASK" Max="100" Min="0"></item><item title="SPECTRUMMARGIN" Max="1000" Min="0"></item></Criteria><Record><item title="Modulation" value="MCS0NSS1"></item><item title="Bandwidth" value="80"></item><item title="Channel" value="36"></item><item title="Antenna" value="1"></item><item title="ExpectedPower" value="15"></item><item title="Power" value="15"></item><item title="TestType" value="Tx"></item><item title="EVM" value="-28,5095" result="PASS"></item><item title="FREQERR" value="0,862783" result="PASS"></item><item title="SYMCLOCKERR" value="1,24621" result="PASS"></item><item title="POWER" value="13,1362" result="FAIL"></item><item title="LOLEAKAGE" value="-46,1578" result="PASS"></item><item title="SPECTRUMMASK" value="15,6138" result="PASS"></item><item title="SPECTRUMMARGIN" value="15,6138" result="PASS"></item></Record><Criteria><item title="Modulation" value="MCS0NSS1"></item><item title="Bandwidth" value="80"></item><item title="Antenna" value="1"></item><item title="Channel" value="36"></item><item title="RfIcTemperature" value="59"></item><item title="CpuTemperature" value="60"></item><item title="ExpectedPower" value="16"></item><item title="EVM" Max="-5" Min="-100"></item><item title="FREQERR" Max="15" Min="-15"></item><item title="SYMCLOCKERR" Max="20" Min="-100"></item><item title="POWER" Max="17,5" Min="14,5" Avg="16"></item><item title="LOLEAKAGE" Max="-17" Min="-100"></item><item title="SPECTRUMMASK" Max="100" Min="0"></item><item title="SPECTRUMMARGIN" Max="1000" Min="0"></item></Criteria><Record><item title="Modulation" value="MCS0NSS1"></item><item title="Bandwidth" value="80"></item><item title="Channel" value="36"></item><item title="Antenna" value="1"></item><item title="ExpectedPower" value="16"></item><item title="Power" value="16"></item><item title="TestType" value="Tx"></item><item title="EVM" value="-27,612" result="PASS"></item><item title="FREQERR" value="0,861679" result="PASS"></item><item title="SYMCLOCKERR" value="0,997115" result="PASS"></item><item title="POWER" value="14,3834" result="FAIL"></item><item title="LOLEAKAGE" value="-47,265" result="PASS"></item><item title="SPECTRUMMASK" value="14,952" result="PASS"></item><item title="SPECTRUMMARGIN" value="14,952" result="PASS"></item></Record><Criteria><item title="Modulation" value="MCS0NSS1"></item><item title="Bandwidth" value="80"></item><item title="Antenna" value="1"></item><item title="Channel" value="36"></item><item title="RfIcTemperature" value="59"></item><item title="CpuTemperature" value="60"></item><item title="ExpectedPower" value="17"></item><item title="EVM" Max="-5" Min="-100"></item><item title="FREQERR" Max="15" Min="-15"></item><item title="SYMCLOCKERR" Max="20" Min="-100"></item><item title="POWER" Max="18,5" Min="15,5" Avg="17"></item><item title="LOLEAKAGE" Max="-17" Min="-100"></item><item title="SPECTRUMMASK" Max="100" Min="0"></item><item title="SPECTRUMMARGIN" Max="1000" Min="0"></item></Criteria><Record><item title="Modulation" value="MCS0NSS1"></item><item title="Bandwidth" value="80"></item><item title="Channel" value="36"></item><item title="Antenna" value="1"></item><item title="ExpectedPower" value="17"></item><item title="Power" value="17"></item><item title="TestType" value="Tx"></item><item title="EVM" value="-25,6079" result="PASS"></item><item title="FREQERR" value="0,859195" result="PASS"></item><item title="SYMCLOCKERR" value="1,18205" result="PASS"></item><item title="POWER" value="15,1666" result="FAIL"></item><item title="LOLEAKAGE" value="-48,046" result="PASS"></item><item title="SPECTRUMMASK" value="16,4367" result="PASS"></item><item title="SPECTRUMMARGIN" value="16,4367" result="PASS"></item></Record><Criteria><item title="Modulation" value="MCS0NSS1"></item><item title="Bandwidth" value="80"></item><item title="Antenna" value="1"></item><item title="Channel" value="36"></item><item title="RfIcTemperature" value="59"></item><item title="CpuTemperature" value="60"></item><item title="ExpectedPower" value="18"></item><item title="EVM" Max="-5" Min="-100"></item><item title="FREQERR" Max="15" Min="-15"></item><item title="SYMCLOCKERR" Max="20" Min="-100"></item><item title="POWER" Max="19,5" Min="16,5" Avg="18"></item><item title="LOLEAKAGE" Max="-17" Min="-100"></item><item title="SPECTRUMMASK" Max="100" Min="0"></item><item title="SPECTRUMMARGIN" Max="1000" Min="0"></item></Criteria><Record><item title="Modulation" value="MCS0NSS1"></item><item title="Bandwidth" value="80"></item><item title="Channel" value="36"></item><item title="Antenna" value="1"></item><item title="ExpectedPower" value="18"></item><item title="Power" value="18"></item><item title="TestType" value="Tx"></item><item title="EVM" value="-28,1959" result="PASS"></item><item title="FREQERR" value="0,861566" result="PASS"></item><item title="SYMCLOCKERR" value="1,55372" result="PASS"></item><item title="POWER" value="16,0487" result="FAIL"></item><item title="LOLEAKAGE" value="-47,9793" result="PASS"></item><item title="SPECTRUMMASK" value="16,567" result="PASS"></item><item title="SPECTRUMMARGIN" value="16,567" result="PASS"></item></Record><Criteria><item title="Modulation" value="MCS0NSS1"></item><item title="Bandwidth" value="80"></item><item title="Antenna" value="1"></item><item title="Channel" value="36"></item><item title="RfIcTemperature" value="59"></item><item title="CpuTemperature" value="60"></item><item title="ExpectedPower" value="19"></item><item title="EVM" Max="-5" Min="-100"></item><item title="FREQERR" Max="15" Min="-15"></item><item title="SYMCLOCKERR" Max="20" Min="-100"></item><item title="POWER" Max="20,5" Min="17,5" Avg="19"></item><item title="LOLEAKAGE" Max="-17" Min="-100"></item><item title="SPECTRUMMASK" Max="100" Min="0"></item><item title="SPECTRUMMARGIN" Max="1000" Min="0"></item></Criteria><Record><item title="Modulation" value="MCS0NSS1"></item><item title="Bandwidth" value="80"></item><item title="Channel" value="36"></item><item title="Antenna" value="1"></item><item title="ExpectedPower" value="19"></item><item title="Power" value="19"></item><item title="TestType" value="Tx"></item><item title="EVM" value="-29,9396" result="PASS"></item><item title="FREQERR" value="0,862529" result="PASS"></item><item title="SYMCLOCKERR" value="1,1359" result="PASS"></item><item title="POWER" value="17,1283" result="FAIL"></item><item title="LOLEAKAGE" value="-46,4523" result="PASS"></item><item title="SPECTRUMMASK" value="16,069" result="PASS"></item><item title="SPECTRUMMARGIN" value="16,069" result="PASS"></item></Record><Criteria><item title="Modulation" value="MCS0NSS1"></item><item title="Bandwidth" value="80"></item><item title="Antenna" value="1"></item><item title="Channel" value="36"></item><item title="RfIcTemperature" value="59"></item><item title="CpuTemperature" value="60"></item><item title="ExpectedPower" value="20"></item><item title="EVM" Max="-5" Min="-100"></item><item title="FREQERR" Max="15" Min="-15"></item><item title="SYMCLOCKERR" Max="20" Min="-100"></item><item title="POWER" Max="21,5" Min="18,5" Avg="20"></item><item title="LOLEAKAGE" Max="-17" Min="-100"></item><item title="SPECTRUMMASK" Max="100" Min="0"></item><item title="SPECTRUMMARGIN" Max="1000" Min="0"></item></Criteria><Record><item title="Modulation" value="MCS0NSS1"></item><item title="Bandwidth" value="80"></item><item title="Channel" value="36"></item><item title="Antenna" value="1"></item><item title="ExpectedPower" value="20"></item><item title="Power" value="20"></item><item title="TestType" value="Tx"></item><item title="EVM" value="-28,2972" result="PASS"></item><item title="FREQERR" value="0,863786" result="PASS"></item><item title="SYMCLOCKERR" value="1,57756" result="PASS"></item><item title="POWER" value="18,0066" result="FAIL"></item><item title="LOLEAKAGE" value="-44,8057" result="PASS"></item><item title="SPECTRUMMASK" value="15,6098" result="PASS"></item><item title="SPECTRUMMARGIN" value="15,6098" result="PASS"></item></Record><Criteria><item title="Modulation" value="MCS0NSS1"></item><item title="Bandwidth" value="80"></item><item title="Antenna" value="1"></item><item title="Channel" value="36"></item><item title="RfIcTemperature" value="59"></item><item title="CpuTemperature" value="60"></item><item title="ExpectedPower" value="21"></item><item title="EVM" Max="-5" Min="-100"></item><item title="FREQERR" Max="15" Min="-15"></item><item title="SYMCLOCKERR" Max="20" Min="-100"></item><item title="POWER" Max="22,5" Min="19,5" Avg="21"></item><item title="LOLEAKAGE" Max="-17" Min="-100"></item><item title="SPECTRUMMASK" Max="100" Min="0"></item><item title="SPECTRUMMARGIN" Max="1000" Min="0"></item></Criteria><Record><item title="Modulation" value="MCS0NSS1"></item><item title="Bandwidth" value="80"></item><item title="Channel" value="36"></item><item title="Antenna" value="1"></item><item title="ExpectedPower" value="21"></item><item title="Power" value="21"></item><item title="TestType" value="Tx"></item><item title="EVM" value="-27,8847" result="PASS"></item><item title="FREQERR" value="0,861244" result="PASS"></item><item title="SYMCLOCKERR" value="1,4053" result="PASS"></item><item title="POWER" value="18,9067" result="FAIL"></item><item title="LOLEAKAGE" value="-48,9463" result="PASS"></item><item title="SPECTRUMMASK" value="14,6977" result="PASS"></item><item title="SPECTRUMMARGIN" value="14,6977" result="PASS"></item></Record><Criteria><item title="Modulation" value="MCS0NSS1"></item><item title="Bandwidth" value="80"></item><item title="Antenna" value="1"></item><item title="Channel" value="36"></item><item title="RfIcTemperature" value="59"></item><item title="CpuTemperature" value="60"></item><item title="ExpectedPower" value="22"></item><item title="EVM" Max="-5" Min="-100"></item><item title="FREQERR" Max="15" Min="-15"></item><item title="SYMCLOCKERR" Max="20" Min="-100"></item><item title="POWER" Max="23,5" Min="20,5" Avg="22"></item><item title="LOLEAKAGE" Max="-17" Min="-100"></item><item title="SPECTRUMMASK" Max="100" Min="0"></item><item title="SPECTRUMMARGIN" Max="1000" Min="0"></item></Criteria><Record><item title="Modulation" value="MCS0NSS1"></item><item title="Bandwidth" value="80"></item><item title="Channel" value="36"></item><item title="Antenna" value="1"></item><item title="ExpectedPower" value="22"></item><item title="Power" value="22"></item><item title="TestType" value="Tx"></item><item title="EVM" value="-25,902" result="PASS"></item><item title="FREQERR" value="0,856698" result="PASS"></item><item title="SYMCLOCKERR" value="1,4186" result="PASS"></item><item title="POWER" value="20,1544" result="FAIL"></item><item title="LOLEAKAGE" value="-42,7507" result="PASS"></item><item title="SPECTRUMMASK" value="12,2071" result="PASS"></item><item title="SPECTRUMMARGIN" value="12,2071" result="PASS"></item></Record><Criteria><item title="Modulation" value="MCS0NSS1"></item><item title="Bandwidth" value="80"></item><item title="Antenna" value="1"></item><item title="Channel" value="36"></item><item title="RfIcTemperature" value="59"></item><item title="CpuTemperature" value="60"></item><item title="ExpectedPower" value="23"></item><item title="EVM" Max="-5" Min="-100"></item><item title="FREQERR" Max="15" Min="-15"></item><item title="SYMCLOCKERR" Max="20" Min="-100"></item><item title="POWER" Max="24,5" Min="21,5" Avg="23"></item><item title="LOLEAKAGE" Max="-17" Min="-100"></item><item title="SPECTRUMMASK" Max="100" Min="0"></item><item title="SPECTRUMMARGIN" Max="1000" Min="0"></item></Criteria><Record><item title="Modulation" value="MCS0NSS1"></item><item title="Bandwidth" value="80"></item><item title="Channel" value="36"></item><item title="Antenna" value="1"></item><item title="ExpectedPower" value="23"></item><item title="Power" value="23"></item><item title="TestType" value="Tx"></item><item title="EVM" value="-23,299" result="PASS"></item><item title="FREQERR" value="0,85816" result="PASS"></item><item title="SYMCLOCKERR" value="1,33007" result="PASS"></item><item title="POWER" value="21,1033" result="FAIL"></item><item title="LOLEAKAGE" value="-43,9802" result="PASS"></item><item title="SPECTRUMMASK" value="9,23238" result="PASS"></item><item title="SPECTRUMMARGIN" value="9,23238" result="PASS"></item></Record><Criteria><item title="Modulation" value="MCS0NSS1"></item><item title="Bandwidth" value="80"></item><item title="Antenna" value="1"></item><item title="Channel" value="36"></item><item title="RfIcTemperature" value="59"></item><item title="CpuTemperature" value="60"></item><item title="ExpectedPower" value="24"></item><item title="EVM" Max="-5" Min="-100"></item><item title="FREQERR" Max="15" Min="-15"></item><item title="SYMCLOCKERR" Max="20" Min="-100"></item><item title="POWER" Max="25,5" Min="22,5" Avg="24"></item><item title="LOLEAKAGE" Max="-17" Min="-100"></item><item title="SPECTRUMMASK" Max="100" Min="0"></item><item title="SPECTRUMMARGIN" Max="1000" Min="0"></item></Criteria><Record><item title="Modulation" value="MCS0NSS1"></item><item title="Bandwidth" value="80"></item><item title="Channel" value="36"></item><item title="Antenna" value="1"></item><item title="ExpectedPower" value="24"></item><item title="Power" value="24"></item><item title="TestType" value="Tx"></item><item title="EVM" value="-20,9173" result="PASS"></item><item title="FREQERR" value="0,851246" result="PASS"></item><item title="SYMCLOCKERR" value="1,53054" result="PASS"></item><item title="POWER" value="21,9906" result="FAIL"></item><item title="LOLEAKAGE" value="-43,8857" result="PASS"></item><item title="SPECTRUMMASK" value="7,03486" result="PASS"></item><item title="SPECTRUMMARGIN" value="7,03486" result="PASS"></item></Record><Criteria><item title="Modulation" value="MCS0NSS1"></item><item title="Bandwidth" value="80"></item><item title="Antenna" value="1"></item><item title="Channel" value="36"></item><item title="RfIcTemperature" value="59"></item><item title="CpuTemperature" value="60"></item><item title="ExpectedPower" value="25"></item><item title="EVM" Max="-5" Min="-100"></item><item title="FREQERR" Max="15" Min="-15"></item><item title="SYMCLOCKERR" Max="20" Min="-100"></item><item title="POWER" Max="26,5" Min="23,5" Avg="25"></item><item title="LOLEAKAGE" Max="-17" Min="-100"></item><item title="SPECTRUMMASK" Max="100" Min="0"></item><item title="SPECTRUMMARGIN" Max="1000" Min="0"></item></Criteria><Record><item title="Modulation" value="MCS0NSS1"></item><item title="Bandwidth" value="80"></item><item title="Channel" value="36"></item><item title="Antenna" value="1"></item><item title="ExpectedPower" value="25"></item><item title="Power" value="25"></item><item title="TestType" value="Tx"></item><item title="EVM" value="-17,9217" result="PASS"></item><item title="FREQERR" value="0,857736" result="PASS"></item><item title="SYMCLOCKERR" value="1,738" result="PASS"></item><item title="POWER" value="22,9154" result="FAIL"></item><item title="LOLEAKAGE" value="-39,4228" result="PASS"></item><item title="SPECTRUMMASK" value="4,02677" result="PASS"></item><item title="SPECTRUMMARGIN" value="4,02677" result="PASS"></item></Record><Criteria><item title="Modulation" value="MCS0NSS1"></item><item title="Bandwidth" value="80"></item><item title="Antenna" value="2"></item><item title="Channel" value="36"></item><item title="RfIcTemperature" value="59"></item><item title="CpuTemperature" value="61"></item><item title="ExpectedPower" value="10"></item><item title="EVM" Max="-5" Min="-100"></item><item title="FREQERR" Max="15" Min="-15"></item><item title="SYMCLOCKERR" Max="20" Min="-100"></item><item title="POWER" Max="11,5" Min="8,5" Avg="10"></item><item title="LOLEAKAGE" Max="-17" Min="-100"></item><item title="SPECTRUMMASK" Max="100" Min="0"></item><item title="SPECTRUMMARGIN" Max="1000" Min="0"></item></Criteria><Record><item title="Modulation" value="MCS0NSS1"></item><item title="Bandwidth" value="80"></item><item title="Channel" value="36"></item><item title="Antenna" value="2"></item><item title="ExpectedPower" value="10"></item><item title="Power" value="10"></item><item title="TestType" value="Tx"></item><item title="EVM" value="-27,3476" result="PASS"></item><item title="FREQERR" value="0,857696" result="PASS"></item><item title="SYMCLOCKERR" value="2,60477" result="PASS"></item><item title="POWER" value="8,18124" result="FAIL"></item><item title="LOLEAKAGE" value="-37,8652" result="PASS"></item><item title="SPECTRUMMASK" value="15,9108" result="PASS"></item><item title="SPECTRUMMARGIN" value="15,9108" result="PASS"></item></Record><Criteria><item title="Modulation" value="MCS0NSS1"></item><item title="Bandwidth" value="80"></item><item title="Antenna" value="2"></item><item title="Channel" value="36"></item><item title="RfIcTemperature" value="59"></item><item title="CpuTemperature" value="61"></item><item title="ExpectedPower" value="11"></item><item title="EVM" Max="-5" Min="-100"></item><item title="FREQERR" Max="15" Min="-15"></item><item title="SYMCLOCKERR" Max="20" Min="-100"></item><item title="POWER" Max="12,5" Min="9,5" Avg="11"></item><item title="LOLEAKAGE" Max="-17" Min="-100"></item><item title="SPECTRUMMASK" Max="100" Min="0"></item><item title="SPECTRUMMARGIN" Max="1000" Min="0"></item></Criteria><Record><item title="Modulation" value="MCS0NSS1"></item><item title="Bandwidth" value="80"></item><item title="Channel" value="36"></item><item title="Antenna" value="2"></item><item title="ExpectedPower" value="11"></item><item title="Power" value="11"></item><item title="TestType" value="Tx"></item><item title="EVM" value="-26,4177" result="PASS"></item><item title="FREQERR" value="0,864811" result="PASS"></item><item title="SYMCLOCKERR" value="2,50802" result="PASS"></item><item title="POWER" value="9,4391" result="FAIL"></item><item title="LOLEAKAGE" value="-38,348" result="PASS"></item><item title="SPECTRUMMASK" value="15,9589" result="PASS"></item><item title="SPECTRUMMARGIN" value="15,9589" result="PASS"></item></Record><Criteria><item title="Modulation" value="MCS0NSS1"></item><item title="Bandwidth" value="80"></item><item title="Antenna" value="2"></item><item title="Channel" value="36"></item><item title="RfIcTemperature" value="59"></item><item title="CpuTemperature" value="61"></item><item title="ExpectedPower" value="12"></item><item title="EVM" Max="-5" Min="-100"></item><item title="FREQERR" Max="15" Min="-15"></item><item title="SYMCLOCKERR" Max="20" Min="-100"></item><item title="POWER" Max="13,5" Min="10,5" Avg="12"></item><item title="LOLEAKAGE" Max="-17" Min="-100"></item><item title="SPECTRUMMASK" Max="100" Min="0"></item><item title="SPECTRUMMARGIN" Max="1000" Min="0"></item></Criteria><Record><item title="Modulation" value="MCS0NSS1"></item><item title="Bandwidth" value="80"></item><item title="Channel" value="36"></item><item title="Antenna" value="2"></item><item title="ExpectedPower" value="12"></item><item title="Power" value="12"></item><item title="TestType" value="Tx"></item><item title="EVM" value="-28,8912" result="PASS"></item><item title="FREQERR" value="0,861009" result="PASS"></item><item title="SYMCLOCKERR" value="2,27038" result="PASS"></item><item title="POWER" value="10,3832" result="FAIL"></item><item title="LOLEAKAGE" value="-44,2669" result="PASS"></item><item title="SPECTRUMMASK" value="16,3267" result="PASS"></item><item title="SPECTRUMMARGIN" value="16,3267" result="PASS"></item></Record><Criteria><item title="Modulation" value="MCS0NSS1"></item><item title="Bandwidth" value="80"></item><item title="Antenna" value="2"></item><item title="Channel" value="36"></item><item title="RfIcTemperature" value="59"></item><item title="CpuTemperature" value="61"></item><item title="ExpectedPower" value="13"></item><item title="EVM" Max="-5" Min="-100"></item><item title="FREQERR" Max="15" Min="-15"></item><item title="SYMCLOCKERR" Max="20" Min="-100"></item><item title="POWER" Max="14,5" Min="11,5" Avg="13"></item><item title="LOLEAKAGE" Max="-17" Min="-100"></item><item title="SPECTRUMMASK" Max="100" Min="0"></item><item title="SPECTRUMMARGIN" Max="1000" Min="0"></item></Criteria><Record><item title="Modulation" value="MCS0NSS1"></item><item title="Bandwidth" value="80"></item><item title="Channel" value="36"></item><item title="Antenna" value="2"></item><item title="ExpectedPower" value="13"></item><item title="Power" value="13"></item><item title="TestType" value="Tx"></item><item title="EVM" value="-25,5919" result="PASS"></item><item title="FREQERR" value="0,860334" result="PASS"></item><item title="SYMCLOCKERR" value="2,50079" result="PASS"></item><item title="POWER" value="11,423" result="FAIL"></item><item title="LOLEAKAGE" value="-49,0238" result="PASS"></item><item title="SPECTRUMMASK" value="15,643" result="PASS"></item><item title="SPECTRUMMARGIN" value="15,643" result="PASS"></item></Record><Criteria><item title="Modulation" value="MCS0NSS1"></item><item title="Bandwidth" value="80"></item><item title="Antenna" value="2"></item><item title="Channel" value="36"></item><item title="RfIcTemperature" value="59"></item><item title="CpuTemperature" value="61"></item><item title="ExpectedPower" value="14"></item><item title="EVM" Max="-5" Min="-100"></item><item title="FREQERR" Max="15" Min="-15"></item><item title="SYMCLOCKERR" Max="20" Min="-100"></item><item title="POWER" Max="15,5" Min="12,5" Avg="14"></item><item title="LOLEAKAGE" Max="-17" Min="-100"></item><item title="SPECTRUMMASK" Max="100" Min="0"></item><item title="SPECTRUMMARGIN" Max="1000" Min="0"></item></Criteria><Record><item title="Modulation" value="MCS0NSS1"></item><item title="Bandwidth" value="80"></item><item title="Channel" value="36"></item><item title="Antenna" value="2"></item><item title="ExpectedPower" value="14"></item><item title="Power" value="14"></item><item title="TestType" value="Tx"></item><item title="EVM" value="-28,4936" result="PASS"></item><item title="FREQERR" value="0,858017" result="PASS"></item><item title="SYMCLOCKERR" value="2,31597" result="PASS"></item><item title="POWER" value="12,3739" result="FAIL"></item><item title="LOLEAKAGE" value="-43,6597" result="PASS"></item><item title="SPECTRUMMASK" value="17,4395" result="PASS"></item><item title="SPECTRUMMARGIN" value="17,4395" result="PASS"></item></Record><Criteria><item title="Modulation" value="MCS0NSS1"></item><item title="Bandwidth" value="80"></item><item title="Antenna" value="2"></item><item title="Channel" value="36"></item><item title="RfIcTemperature" value="59"></item><item title="CpuTemperature" value="61"></item><item title="ExpectedPower" value="15"></item><item title="EVM" Max="-5" Min="-100"></item><item title="FREQERR" Max="15" Min="-15"></item><item title="SYMCLOCKERR" Max="20" Min="-100"></item><item title="POWER" Max="16,5" Min="13,5" Avg="15"></item><item title="LOLEAKAGE" Max="-17" Min="-100"></item><item title="SPECTRUMMASK" Max="100" Min="0"></item><item title="SPECTRUMMARGIN" Max="1000" Min="0"></item></Criteria><Record><item title="Modulation" value="MCS0NSS1"></item><item title="Bandwidth" value="80"></item><item title="Channel" value="36"></item><item title="Antenna" value="2"></item><item title="ExpectedPower" value="15"></item><item title="Power" value="15"></item><item title="TestType" value="Tx"></item><item title="EVM" value="-27,8176" result="PASS"></item><item title="FREQERR" value="0,860137" result="PASS"></item><item title="SYMCLOCKERR" value="1,87721" result="PASS"></item><item title="POWER" value="13,4785" result="FAIL"></item><item title="LOLEAKAGE" value="-61,6111" result="PASS"></item><item title="SPECTRUMMASK" value="14,9622" result="PASS"></item><item title="SPECTRUMMARGIN" value="14,9622" result="PASS"></item></Record><Criteria><item title="Modulation" value="MCS0NSS1"></item><item title="Bandwidth" value="80"></item><item title="Antenna" value="2"></item><item title="Channel" value="36"></item><item title="RfIcTemperature" value="59"></item><item title="CpuTemperature" value="61"></item><item title="ExpectedPower" value="16"></item><item title="EVM" Max="-5" Min="-100"></item><item title="FREQERR" Max="15" Min="-15"></item><item title="SYMCLOCKERR" Max="20" Min="-100"></item><item title="POWER" Max="17,5" Min="14,5" Avg="16"></item><item title="LOLEAKAGE" Max="-17" Min="-100"></item><item title="SPECTRUMMASK" Max="100" Min="0"></item><item title="SPECTRUMMARGIN" Max="1000" Min="0"></item></Criteria><Record><item title="Modulation" value="MCS0NSS1"></item><item title="Bandwidth" value="80"></item><item title="Channel" value="36"></item><item title="Antenna" value="2"></item><item title="ExpectedPower" value="16"></item><item title="Power" value="16"></item><item title="TestType" value="Tx"></item><item title="EVM" value="-26,4128" result="PASS"></item><item title="FREQERR" value="0,859677" result="PASS"></item><item title="SYMCLOCKERR" value="2,71509" result="PASS"></item><item title="POWER" value="14,4305" result="FAIL"></item><item title="LOLEAKAGE" value="-52,0035" result="PASS"></item><item title="SPECTRUMMASK" value="15,6359" result="PASS"></item><item title="SPECTRUMMARGIN" value="15,6359" result="PASS"></item></Record><Criteria><item title="Modulation" value="MCS0NSS1"></item><item title="Bandwidth" value="80"></item><item title="Antenna" value="2"></item><item title="Channel" value="36"></item><item title="RfIcTemperature" value="59"></item><item title="CpuTemperature" value="61"></item><item title="ExpectedPower" value="17"></item><item title="EVM" Max="-5" Min="-100"></item><item title="FREQERR" Max="15" Min="-15"></item><item title="SYMCLOCKERR" Max="20" Min="-100"></item><item title="POWER" Max="18,5" Min="15,5" Avg="17"></item><item title="LOLEAKAGE" Max="-17" Min="-100"></item><item title="SPECTRUMMASK" Max="100" Min="0"></item><item title="SPECTRUMMARGIN" Max="1000" Min="0"></item></Criteria><Record><item title="Modulation" value="MCS0NSS1"></item><item title="Bandwidth" value="80"></item><item title="Channel" value="36"></item><item title="Antenna" value="2"></item><item title="ExpectedPower" value="17"></item><item title="Power" value="17"></item><item title="TestType" value="Tx"></item><item title="EVM" value="-26,3174" result="PASS"></item><item title="FREQERR" value="0,862489" result="PASS"></item><item title="SYMCLOCKERR" value="2,36868" result="PASS"></item><item title="POWER" value="15,6547" result="PASS"></item><item title="LOLEAKAGE" value="-42,4499" result="PASS"></item><item title="SPECTRUMMASK" value="15,7482" result="PASS"></item><item title="SPECTRUMMARGIN" value="15,7482" result="PASS"></item></Record><Criteria><item title="Modulation" value="MCS0NSS1"></item><item title="Bandwidth" value="80"></item><item title="Antenna" value="2"></item><item title="Channel" value="36"></item><item title="RfIcTemperature" value="59"></item><item title="CpuTemperature" value="61"></item><item title="ExpectedPower" value="18"></item><item title="EVM" Max="-5" Min="-100"></item><item title="FREQERR" Max="15" Min="-15"></item><item title="SYMCLOCKERR" Max="20" Min="-100"></item><item title="POWER" Max="19,5" Min="16,5" Avg="18"></item><item title="LOLEAKAGE" Max="-17" Min="-100"></item><item title="SPECTRUMMASK" Max="100" Min="0"></item><item title="SPECTRUMMARGIN" Max="1000" Min="0"></item></Criteria><Record><item title="Modulation" value="MCS0NSS1"></item><item title="Bandwidth" value="80"></item><item title="Channel" value="36"></item><item title="Antenna" value="2"></item><item title="ExpectedPower" value="18"></item><item title="Power" value="18"></item><item title="TestType" value="Tx"></item><item title="EVM" value="-26,3847" result="PASS"></item><item title="FREQERR" value="0,862759" result="PASS"></item><item title="SYMCLOCKERR" value="2,33844" result="PASS"></item><item title="POWER" value="16,4185" result="FAIL"></item><item title="LOLEAKAGE" value="-45,4221" result="PASS"></item><item title="SPECTRUMMASK" value="16,7472" result="PASS"></item><item title="SPECTRUMMARGIN" value="16,7472" result="PASS"></item></Record><Criteria><item title="Modulation" value="MCS0NSS1"></item><item title="Bandwidth" value="80"></item><item title="Antenna" value="2"></item><item title="Channel" value="36"></item><item title="RfIcTemperature" value="59"></item><item title="CpuTemperature" value="61"></item><item title="ExpectedPower" value="19"></item><item title="EVM" Max="-5" Min="-100"></item><item title="FREQERR" Max="15" Min="-15"></item><item title="SYMCLOCKERR" Max="20" Min="-100"></item><item title="POWER" Max="20,5" Min="17,5" Avg="19"></item><item title="LOLEAKAGE" Max="-17" Min="-100"></item><item title="SPECTRUMMASK" Max="100" Min="0"></item><item title="SPECTRUMMARGIN" Max="1000" Min="0"></item></Criteria><Record><item title="Modulation" value="MCS0NSS1"></item><item title="Bandwidth" value="80"></item><item title="Channel" value="36"></item><item title="Antenna" value="2"></item><item title="ExpectedPower" value="19"></item><item title="Power" value="19"></item><item title="TestType" value="Tx"></item><item title="EVM" value="-26,0415" result="PASS"></item><item title="FREQERR" value="0,860991" result="PASS"></item><item title="SYMCLOCKERR" value="2,36122" result="PASS"></item><item title="POWER" value="17,4059" result="FAIL"></item><item title="LOLEAKAGE" value="-47,2966" result="PASS"></item><item title="SPECTRUMMASK" value="16,0924" result="PASS"></item><item title="SPECTRUMMARGIN" value="16,0924" result="PASS"></item></Record><Criteria><item title="Modulation" value="MCS0NSS1"></item><item title="Bandwidth" value="80"></item><item title="Antenna" value="2"></item><item title="Channel" value="36"></item><item title="RfIcTemperature" value="59"></item><item title="CpuTemperature" value="61"></item><item title="ExpectedPower" value="20"></item><item title="EVM" Max="-5" Min="-100"></item><item title="FREQERR" Max="15" Min="-15"></item><item title="SYMCLOCKERR" Max="20" Min="-100"></item><item title="POWER" Max="21,5" Min="18,5" Avg="20"></item><item title="LOLEAKAGE" Max="-17" Min="-100"></item><item title="SPECTRUMMASK" Max="100" Min="0"></item><item title="SPECTRUMMARGIN" Max="1000" Min="0"></item></Criteria><Record><item title="Modulation" value="MCS0NSS1"></item><item title="Bandwidth" value="80"></item><item title="Channel" value="36"></item><item title="Antenna" value="2"></item><item title="ExpectedPower" value="20"></item><item title="Power" value="20"></item><item title="TestType" value="Tx"></item><item title="EVM" value="-26,2784" result="PASS"></item><item title="FREQERR" value="0,859678" result="PASS"></item><item title="SYMCLOCKERR" value="2,18907" result="PASS"></item><item title="POWER" value="18,3832" result="FAIL"></item><item title="LOLEAKAGE" value="-42,5749" result="PASS"></item><item title="SPECTRUMMASK" value="15,9784" result="PASS"></item><item title="SPECTRUMMARGIN" value="15,9784" result="PASS"></item></Record><Criteria><item title="Modulation" value="MCS0NSS1"></item><item title="Bandwidth" value="80"></item><item title="Antenna" value="2"></item><item title="Channel" value="36"></item><item title="RfIcTemperature" value="59"></item><item title="CpuTemperature" value="61"></item><item title="ExpectedPower" value="21"></item><item title="EVM" Max="-5" Min="-100"></item><item title="FREQERR" Max="15" Min="-15"></item><item title="SYMCLOCKERR" Max="20" Min="-100"></item><item title="POWER" Max="22,5" Min="19,5" Avg="21"></item><item title="LOLEAKAGE" Max="-17" Min="-100"></item><item title="SPECTRUMMASK" Max="100" Min="0"></item><item title="SPECTRUMMARGIN" Max="1000" Min="0"></item></Criteria><Record><item title="Modulation" value="MCS0NSS1"></item><item title="Bandwidth" value="80"></item><item title="Channel" value="36"></item><item title="Antenna" value="2"></item><item title="ExpectedPower" value="21"></item><item title="Power" value="21"></item><item title="TestType" value="Tx"></item><item title="EVM" value="-25,2695" result="PASS"></item><item title="FREQERR" value="0,860639" result="PASS"></item><item title="SYMCLOCKERR" value="2,21625" result="PASS"></item><item title="POWER" value="19,5459" result="PASS"></item><item title="LOLEAKAGE" value="-41,8884" result="PASS"></item><item title="SPECTRUMMASK" value="14,3604" result="PASS"></item><item title="SPECTRUMMARGIN" value="14,3604" result="PASS"></item></Record><Criteria><item title="Modulation" value="MCS0NSS1"></item><item title="Bandwidth" value="80"></item><item title="Antenna" value="2"></item><item title="Channel" value="36"></item><item title="RfIcTemperature" value="59"></item><item title="CpuTemperature" value="61"></item><item title="ExpectedPower" value="22"></item><item title="EVM" Max="-5" Min="-100"></item><item title="FREQERR" Max="15" Min="-15"></item><item title="SYMCLOCKERR" Max="20" Min="-100"></item><item title="POWER" Max="23,5" Min="20,5" Avg="22"></item><item title="LOLEAKAGE" Max="-17" Min="-100"></item><item title="SPECTRUMMASK" Max="100" Min="0"></item><item title="SPECTRUMMARGIN" Max="1000" Min="0"></item></Criteria><Record><item title="Modulation" value="MCS0NSS1"></item><item title="Bandwidth" value="80"></item><item title="Channel" value="36"></item><item title="Antenna" value="2"></item><item title="ExpectedPower" value="22"></item><item title="Power" value="22"></item><item title="TestType" value="Tx"></item><item title="EVM" value="-25,5875" result="PASS"></item><item title="FREQERR" value="0,86066" result="PASS"></item><item title="SYMCLOCKERR" value="2,29059" result="PASS"></item><item title="POWER" value="20,2212" result="FAIL"></item><item title="LOLEAKAGE" value="-38,9817" result="PASS"></item><item title="SPECTRUMMASK" value="14,7717" result="PASS"></item><item title="SPECTRUMMARGIN" value="14,7717" result="PASS"></item></Record><Criteria><item title="Modulation" value="MCS0NSS1"></item><item title="Bandwidth" value="80"></item><item title="Antenna" value="2"></item><item title="Channel" value="36"></item><item title="RfIcTemperature" value="59"></item><item title="CpuTemperature" value="61"></item><item title="ExpectedPower" value="23"></item><item title="EVM" Max="-5" Min="-100"></item><item title="FREQERR" Max="15" Min="-15"></item><item title="SYMCLOCKERR" Max="20" Min="-100"></item><item title="POWER" Max="24,5" Min="21,5" Avg="23"></item><item title="LOLEAKAGE" Max="-17" Min="-100"></item><item title="SPECTRUMMASK" Max="100" Min="0"></item><item title="SPECTRUMMARGIN" Max="1000" Min="0"></item></Criteria><Record><item title="Modulation" value="MCS0NSS1"></item><item title="Bandwidth" value="80"></item><item title="Channel" value="36"></item><item title="Antenna" value="2"></item><item title="ExpectedPower" value="23"></item><item title="Power" value="23"></item><item title="TestType" value="Tx"></item><item title="EVM" value="-23,9018" result="PASS"></item><item title="FREQERR" value="0,854308" result="PASS"></item><item title="SYMCLOCKERR" value="2,30064" result="PASS"></item><item title="POWER" value="21,4651" result="FAIL"></item><item title="LOLEAKAGE" value="-39,076" result="PASS"></item><item title="SPECTRUMMASK" value="12,5654" result="PASS"></item><item title="SPECTRUMMARGIN" value="12,5654" result="PASS"></item></Record><Criteria><item title="Modulation" value="MCS0NSS1"></item><item title="Bandwidth" value="80"></item><item title="Antenna" value="2"></item><item title="Channel" value="36"></item><item title="RfIcTemperature" value="59"></item><item title="CpuTemperature" value="61"></item><item title="ExpectedPower" value="24"></item><item title="EVM" Max="-5" Min="-100"></item><item title="FREQERR" Max="15" Min="-15"></item><item title="SYMCLOCKERR" Max="20" Min="-100"></item><item title="POWER" Max="25,5" Min="22,5" Avg="24"></item><item title="LOLEAKAGE" Max="-17" Min="-100"></item><item title="SPECTRUMMASK" Max="100" Min="0"></item><item title="SPECTRUMMARGIN" Max="1000" Min="0"></item></Criteria><Record><item title="Modulation" value="MCS0NSS1"></item><item title="Bandwidth" value="80"></item><item title="Channel" value="36"></item><item title="Antenna" value="2"></item><item title="ExpectedPower" value="24"></item><item title="Power" value="24"></item><item title="TestType" value="Tx"></item><item title="EVM" value="-22,68" result="PASS"></item><item title="FREQERR" value="0,846889" result="PASS"></item><item title="SYMCLOCKERR" value="2,30657" result="PASS"></item><item title="POWER" value="22,1468" result="FAIL"></item><item title="LOLEAKAGE" value="-41,2338" result="PASS"></item><item title="SPECTRUMMASK" value="10,4907" result="PASS"></item><item title="SPECTRUMMARGIN" value="10,4907" result="PASS"></item></Record><Criteria><item title="Modulation" value="MCS0NSS1"></item><item title="Bandwidth" value="80"></item><item title="Antenna" value="2"></item><item title="Channel" value="36"></item><item title="RfIcTemperature" value="59"></item><item title="CpuTemperature" value="61"></item><item title="ExpectedPower" value="25"></item><item title="EVM" Max="-5" Min="-100"></item><item title="FREQERR" Max="15" Min="-15"></item><item title="SYMCLOCKERR" Max="20" Min="-100"></item><item title="POWER" Max="26,5" Min="23,5" Avg="25"></item><item title="LOLEAKAGE" Max="-17" Min="-100"></item><item title="SPECTRUMMASK" Max="100" Min="0"></item><item title="SPECTRUMMARGIN" Max="1000" Min="0"></item></Criteria><Record><item title="Modulation" value="MCS0NSS1"></item><item title="Bandwidth" value="80"></item><item title="Channel" value="36"></item><item title="Antenna" value="2"></item><item title="ExpectedPower" value="25"></item><item title="Power" value="25"></item><item title="TestType" value="Tx"></item><item title="EVM" value="-19,8081" result="PASS"></item><item title="FREQERR" value="0,85144" result="PASS"></item><item title="SYMCLOCKERR" value="2,0451" result="PASS"></item><item title="POWER" value="23,1352" result="FAIL"></item><item title="LOLEAKAGE" value="-38,2324" result="PASS"></item><item title="SPECTRUMMASK" value="7,9796" result="PASS"></item><item title="SPECTRUMMARGIN" value="7,9796" result="PASS"></item></Record><Criteria><item title="Modulation" value="MCS0NSS1"></item><item title="Bandwidth" value="80"></item><item title="Antenna" value="3"></item><item title="Channel" value="36"></item><item title="RfIcTemperature" value="59"></item><item title="CpuTemperature" value="61"></item><item title="ExpectedPower" value="10"></item><item title="EVM" Max="-5" Min="-100"></item><item title="FREQERR" Max="15" Min="-15"></item><item title="SYMCLOCKERR" Max="20" Min="-100"></item><item title="POWER" Max="11,5" Min="8,5" Avg="10"></item><item title="LOLEAKAGE" Max="-17" Min="-100"></item><item title="SPECTRUMMASK" Max="100" Min="0"></item><item title="SPECTRUMMARGIN" Max="1000" Min="0"></item></Criteria><Record><item title="Modulation" value="MCS0NSS1"></item><item title="Bandwidth" value="80"></item><item title="Channel" value="36"></item><item title="Antenna" value="3"></item><item title="ExpectedPower" value="10"></item><item title="Power" value="10"></item><item title="TestType" value="Tx"></item><item title="EVM" value="-28,161" result="PASS"></item><item title="FREQERR" value="0,850185" result="PASS"></item><item title="SYMCLOCKERR" value="1,64608" result="PASS"></item><item title="POWER" value="7,12488" result="FAIL"></item><item title="LOLEAKAGE" value="-31,515" result="PASS"></item><item title="SPECTRUMMASK" value="16,2578" result="PASS"></item><item title="SPECTRUMMARGIN" value="16,2578" result="PASS"></item></Record><Criteria><item title="Modulation" value="MCS0NSS1"></item><item title="Bandwidth" value="80"></item><item title="Antenna" value="3"></item><item title="Channel" value="36"></item><item title="RfIcTemperature" value="59"></item><item title="CpuTemperature" value="61"></item><item title="ExpectedPower" value="11"></item><item title="EVM" Max="-5" Min="-100"></item><item title="FREQERR" Max="15" Min="-15"></item><item title="SYMCLOCKERR" Max="20" Min="-100"></item><item title="POWER" Max="12,5" Min="9,5" Avg="11"></item><item title="LOLEAKAGE" Max="-17" Min="-100"></item><item title="SPECTRUMMASK" Max="100" Min="0"></item><item title="SPECTRUMMARGIN" Max="1000" Min="0"></item></Criteria><Record><item title="Modulation" value="MCS0NSS1"></item><item title="Bandwidth" value="80"></item><item title="Channel" value="36"></item><item title="Antenna" value="3"></item><item title="ExpectedPower" value="11"></item><item title="Power" value="11"></item><item title="TestType" value="Tx"></item><item title="EVM" value="-27,7448" result="PASS"></item><item title="FREQERR" value="0,849927" result="PASS"></item><item title="SYMCLOCKERR" value="1,73577" result="PASS"></item><item title="POWER" value="8,31445" result="FAIL"></item><item title="LOLEAKAGE" value="-32,7875" result="PASS"></item><item title="SPECTRUMMASK" value="17,6195" result="PASS"></item><item title="SPECTRUMMARGIN" value="17,6195" result="PASS"></item></Record><Criteria><item title="Modulation" value="MCS0NSS1"></item><item title="Bandwidth" value="80"></item><item title="Antenna" value="3"></item><item title="Channel" value="36"></item><item title="RfIcTemperature" value="59"></item><item title="CpuTemperature" value="61"></item><item title="ExpectedPower" value="12"></item><item title="EVM" Max="-5" Min="-100"></item><item title="FREQERR" Max="15" Min="-15"></item><item title="SYMCLOCKERR" Max="20" Min="-100"></item><item title="POWER" Max="13,5" Min="10,5" Avg="12"></item><item title="LOLEAKAGE" Max="-17" Min="-100"></item><item title="SPECTRUMMASK" Max="100" Min="0"></item><item title="SPECTRUMMARGIN" Max="1000" Min="0"></item></Criteria><Record><item title="Modulation" value="MCS0NSS1"></item><item title="Bandwidth" value="80"></item><item title="Channel" value="36"></item><item title="Antenna" value="3"></item><item title="ExpectedPower" value="12"></item><item title="Power" value="12"></item><item title="TestType" value="Tx"></item><item title="EVM" value="-28,0325" result="PASS"></item><item title="FREQERR" value="0,848662" result="PASS"></item><item title="SYMCLOCKERR" value="1,34236" result="PASS"></item><item title="POWER" value="9,92396" result="FAIL"></item><item title="LOLEAKAGE" value="-38,5401" result="PASS"></item><item title="SPECTRUMMASK" value="16,8586" result="PASS"></item><item title="SPECTRUMMARGIN" value="16,8586" result="PASS"></item></Record><Criteria><item title="Modulation" value="MCS0NSS1"></item><item title="Bandwidth" value="80"></item><item title="Antenna" value="3"></item><item title="Channel" value="36"></item><item title="RfIcTemperature" value="59"></item><item title="CpuTemperature" value="61"></item><item title="ExpectedPower" value="13"></item><item title="EVM" Max="-5" Min="-100"></item><item title="FREQERR" Max="15" Min="-15"></item><item title="SYMCLOCKERR" Max="20" Min="-100"></item><item title="POWER" Max="14,5" Min="11,5" Avg="13"></item><item title="LOLEAKAGE" Max="-17" Min="-100"></item><item title="SPECTRUMMASK" Max="100" Min="0"></item><item title="SPECTRUMMARGIN" Max="1000" Min="0"></item></Criteria><Record><item title="Modulation" value="MCS0NSS1"></item><item title="Bandwidth" value="80"></item><item title="Channel" value="36"></item><item title="Antenna" value="3"></item><item title="ExpectedPower" value="13"></item><item title="Power" value="13"></item><item title="TestType" value="Tx"></item><item title="EVM" value="-27,0433" result="PASS"></item><item title="FREQERR" value="0,849452" result="PASS"></item><item title="SYMCLOCKERR" value="2,14489" result="PASS"></item><item title="POWER" value="10,9784" result="FAIL"></item><item title="LOLEAKAGE" value="-38,1327" result="PASS"></item><item title="SPECTRUMMASK" value="16,7203" result="PASS"></item><item title="SPECTRUMMARGIN" value="16,7203" result="PASS"></item></Record><Criteria><item title="Modulation" value="MCS0NSS1"></item><item title="Bandwidth" value="80"></item><item title="Antenna" value="3"></item><item title="Channel" value="36"></item><item title="RfIcTemperature" value="59"></item><item title="CpuTemperature" value="61"></item><item title="ExpectedPower" value="14"></item><item title="EVM" Max="-5" Min="-100"></item><item title="FREQERR" Max="15" Min="-15"></item><item title="SYMCLOCKERR" Max="20" Min="-100"></item><item title="POWER" Max="15,5" Min="12,5" Avg="14"></item><item title="LOLEAKAGE" Max="-17" Min="-100"></item><item title="SPECTRUMMASK" Max="100" Min="0"></item><item title="SPECTRUMMARGIN" Max="1000" Min="0"></item></Criteria><Record><item title="Modulation" value="MCS0NSS1"></item><item title="Bandwidth" value="80"></item><item title="Channel" value="36"></item><item title="Antenna" value="3"></item><item title="ExpectedPower" value="14"></item><item title="Power" value="14"></item><item title="TestType" value="Tx"></item><item title="EVM" value="-27,3703" result="PASS"></item><item title="FREQERR" value="0,848526" result="PASS"></item><item title="SYMCLOCKERR" value="1,5558" result="PASS"></item><item title="POWER" value="12,079" result="FAIL"></item><item title="LOLEAKAGE" value="-39,0431" result="PASS"></item><item title="SPECTRUMMASK" value="17,5718" result="PASS"></item><item title="SPECTRUMMARGIN" value="17,5718" result="PASS"></item></Record><Criteria><item title="Modulation" value="MCS0NSS1"></item><item title="Bandwidth" value="80"></item><item title="Antenna" value="3"></item><item title="Channel" value="36"></item><item title="RfIcTemperature" value="59"></item><item title="CpuTemperature" value="61"></item><item title="ExpectedPower" value="15"></item><item title="EVM" Max="-5" Min="-100"></item><item title="FREQERR" Max="15" Min="-15"></item><item title="SYMCLOCKERR" Max="20" Min="-100"></item><item title="POWER" Max="16,5" Min="13,5" Avg="15"></item><item title="LOLEAKAGE" Max="-17" Min="-100"></item><item title="SPECTRUMMASK" Max="100" Min="0"></item><item title="SPECTRUMMARGIN" Max="1000" Min="0"></item></Criteria><Record><item title="Modulation" value="MCS0NSS1"></item><item title="Bandwidth" value="80"></item><item title="Channel" value="36"></item><item title="Antenna" value="3"></item><item title="ExpectedPower" value="15"></item><item title="Power" value="15"></item><item title="TestType" value="Tx"></item><item title="EVM" value="-28,5975" result="PASS"></item><item title="FREQERR" value="0,857705" result="PASS"></item><item title="SYMCLOCKERR" value="1,84106" result="PASS"></item><item title="POWER" value="13,0406" result="FAIL"></item><item title="LOLEAKAGE" value="-38,338" result="PASS"></item><item title="SPECTRUMMASK" value="16,5874" result="PASS"></item><item title="SPECTRUMMARGIN" value="16,5874" result="PASS"></item></Record><Criteria><item title="Modulation" value="MCS0NSS1"></item><item title="Bandwidth" value="80"></item><item title="Antenna" value="3"></item><item title="Channel" value="36"></item><item title="RfIcTemperature" value="59"></item><item title="CpuTemperature" value="61"></item><item title="ExpectedPower" value="16"></item><item title="EVM" Max="-5" Min="-100"></item><item title="FREQERR" Max="15" Min="-15"></item><item title="SYMCLOCKERR" Max="20" Min="-100"></item><item title="POWER" Max="17,5" Min="14,5" Avg="16"></item><item title="LOLEAKAGE" Max="-17" Min="-100"></item><item title="SPECTRUMMASK" Max="100" Min="0"></item><item title="SPECTRUMMARGIN" Max="1000" Min="0"></item></Criteria><Record><item title="Modulation" value="MCS0NSS1"></item><item title="Bandwidth" value="80"></item><item title="Channel" value="36"></item><item title="Antenna" value="3"></item><item title="ExpectedPower" value="16"></item><item title="Power" value="16"></item><item title="TestType" value="Tx"></item><item title="EVM" value="-27,2012" result="PASS"></item><item title="FREQERR" value="0,852659" result="PASS"></item><item title="SYMCLOCKERR" value="1,057" result="PASS"></item><item title="POWER" value="13,9751" result="FAIL"></item><item title="LOLEAKAGE" value="-39,2987" result="PASS"></item><item title="SPECTRUMMASK" value="17,5704" result="PASS"></item><item title="SPECTRUMMARGIN" value="17,5704" result="PASS"></item></Record><Criteria><item title="Modulation" value="MCS0NSS1"></item><item title="Bandwidth" value="80"></item><item title="Antenna" value="3"></item><item title="Channel" value="36"></item><item title="RfIcTemperature" value="59"></item><item title="CpuTemperature" value="61"></item><item title="ExpectedPower" value="17"></item><item title="EVM" Max="-5" Min="-100"></item><item title="FREQERR" Max="15" Min="-15"></item><item title="SYMCLOCKERR" Max="20" Min="-100"></item><item title="POWER" Max="18,5" Min="15,5" Avg="17"></item><item title="LOLEAKAGE" Max="-17" Min="-100"></item><item title="SPECTRUMMASK" Max="100" Min="0"></item><item title="SPECTRUMMARGIN" Max="1000" Min="0"></item></Criteria><Record><item title="Modulation" value="MCS0NSS1"></item><item title="Bandwidth" value="80"></item><item title="Channel" value="36"></item><item title="Antenna" value="3"></item><item title="ExpectedPower" value="17"></item><item title="Power" value="17"></item><item title="TestType" value="Tx"></item><item title="EVM" value="-27,0127" result="PASS"></item><item title="FREQERR" value="0,851321" result="PASS"></item><item title="SYMCLOCKERR" value="1,5967" result="PASS"></item><item title="POWER" value="15,1926" result="FAIL"></item><item title="LOLEAKAGE" value="-41,242" result="PASS"></item><item title="SPECTRUMMASK" value="16,0274" result="PASS"></item><item title="SPECTRUMMARGIN" value="16,0274" result="PASS"></item></Record><Criteria><item title="Modulation" value="MCS0NSS1"></item><item title="Bandwidth" value="80"></item><item title="Antenna" value="3"></item><item title="Channel" value="36"></item><item title="RfIcTemperature" value="59"></item><item title="CpuTemperature" value="61"></item><item title="ExpectedPower" value="18"></item><item title="EVM" Max="-5" Min="-100"></item><item title="FREQERR" Max="15" Min="-15"></item><item title="SYMCLOCKERR" Max="20" Min="-100"></item><item title="POWER" Max="19,5" Min="16,5" Avg="18"></item><item title="LOLEAKAGE" Max="-17" Min="-100"></item><item title="SPECTRUMMASK" Max="100" Min="0"></item><item title="SPECTRUMMARGIN" Max="1000" Min="0"></item></Criteria><Record><item title="Modulation" value="MCS0NSS1"></item><item title="Bandwidth" value="80"></item><item title="Channel" value="36"></item><item title="Antenna" value="3"></item><item title="ExpectedPower" value="18"></item><item title="Power" value="18"></item><item title="TestType" value="Tx"></item><item title="EVM" value="-29,6171" result="PASS"></item><item title="FREQERR" value="0,849027" result="PASS"></item><item title="SYMCLOCKERR" value="1,32108" result="PASS"></item><item title="POWER" value="16,1871" result="FAIL"></item><item title="LOLEAKAGE" value="-36,6093" result="PASS"></item><item title="SPECTRUMMASK" value="16,054" result="PASS"></item><item title="SPECTRUMMARGIN" value="16,054" result="PASS"></item></Record><Criteria><item title="Modulation" value="MCS0NSS1"></item><item title="Bandwidth" value="80"></item><item title="Antenna" value="3"></item><item title="Channel" value="36"></item><item title="RfIcTemperature" value="59"></item><item title="CpuTemperature" value="61"></item><item title="ExpectedPower" value="19"></item><item title="EVM" Max="-5" Min="-100"></item><item title="FREQERR" Max="15" Min="-15"></item><item title="SYMCLOCKERR" Max="20" Min="-100"></item><item title="POWER" Max="20,5" Min="17,5" Avg="19"></item><item title="LOLEAKAGE" Max="-17" Min="-100"></item><item title="SPECTRUMMASK" Max="100" Min="0"></item><item title="SPECTRUMMARGIN" Max="1000" Min="0"></item></Criteria><Record><item title="Modulation" value="MCS0NSS1"></item><item title="Bandwidth" value="80"></item><item title="Channel" value="36"></item><item title="Antenna" value="3"></item><item title="ExpectedPower" value="19"></item><item title="Power" value="19"></item><item title="TestType" value="Tx"></item><item title="EVM" value="-27,7461" result="PASS"></item><item title="FREQERR" value="0,848961" result="PASS"></item><item title="SYMCLOCKERR" value="1,55695" result="PASS"></item><item title="POWER" value="17,3829" result="FAIL"></item><item title="LOLEAKAGE" value="-37,3097" result="PASS"></item><item title="SPECTRUMMASK" value="16,7999" result="PASS"></item><item title="SPECTRUMMARGIN" value="16,7999" result="PASS"></item></Record><Criteria><item title="Modulation" value="MCS0NSS1"></item><item title="Bandwidth" value="80"></item><item title="Antenna" value="3"></item><item title="Channel" value="36"></item><item title="RfIcTemperature" value="59"></item><item title="CpuTemperature" value="61"></item><item title="ExpectedPower" value="20"></item><item title="EVM" Max="-5" Min="-100"></item><item title="FREQERR" Max="15" Min="-15"></item><item title="SYMCLOCKERR" Max="20" Min="-100"></item><item title="POWER" Max="21,5" Min="18,5" Avg="20"></item><item title="LOLEAKAGE" Max="-17" Min="-100"></item><item title="SPECTRUMMASK" Max="100" Min="0"></item><item title="SPECTRUMMARGIN" Max="1000" Min="0"></item></Criteria><Record><item title="Modulation" value="MCS0NSS1"></item><item title="Bandwidth" value="80"></item><item title="Channel" value="36"></item><item title="Antenna" value="3"></item><item title="ExpectedPower" value="20"></item><item title="Power" value="20"></item><item title="TestType" value="Tx"></item><item title="EVM" value="-28,4653" result="PASS"></item><item title="FREQERR" value="0,850345" result="PASS"></item><item title="SYMCLOCKERR" value="1,60911" result="PASS"></item><item title="POWER" value="18,1549" result="FAIL"></item><item title="LOLEAKAGE" value="-39,8685" result="PASS"></item><item title="SPECTRUMMASK" value="17,6662" result="PASS"></item><item title="SPECTRUMMARGIN" value="17,6662" result="PASS"></item></Record><Criteria><item title="Modulation" value="MCS0NSS1"></item><item title="Bandwidth" value="80"></item><item title="Antenna" value="3"></item><item title="Channel" value="36"></item><item title="RfIcTemperature" value="59"></item><item title="CpuTemperature" value="61"></item><item title="ExpectedPower" value="21"></item><item title="EVM" Max="-5" Min="-100"></item><item title="FREQERR" Max="15" Min="-15"></item><item title="SYMCLOCKERR" Max="20" Min="-100"></item><item title="POWER" Max="22,5" Min="19,5" Avg="21"></item><item title="LOLEAKAGE" Max="-17" Min="-100"></item><item title="SPECTRUMMASK" Max="100" Min="0"></item><item title="SPECTRUMMARGIN" Max="1000" Min="0"></item></Criteria><Record><item title="Modulation" value="MCS0NSS1"></item><item title="Bandwidth" value="80"></item><item title="Channel" value="36"></item><item title="Antenna" value="3"></item><item title="ExpectedPower" value="21"></item><item title="Power" value="21"></item><item title="TestType" value="Tx"></item><item title="EVM" value="-26,6446" result="PASS"></item><item title="FREQERR" value="0,848387" result="PASS"></item><item title="SYMCLOCKERR" value="1,6265" result="PASS"></item><item title="POWER" value="19,3952" result="FAIL"></item><item title="LOLEAKAGE" value="-37,6033" result="PASS"></item><item title="SPECTRUMMASK" value="15,2469" result="PASS"></item><item title="SPECTRUMMARGIN" value="15,2469" result="PASS"></item></Record><Criteria><item title="Modulation" value="MCS0NSS1"></item><item title="Bandwidth" value="80"></item><item title="Antenna" value="3"></item><item title="Channel" value="36"></item><item title="RfIcTemperature" value="59"></item><item title="CpuTemperature" value="61"></item><item title="ExpectedPower" value="22"></item><item title="EVM" Max="-5" Min="-100"></item><item title="FREQERR" Max="15" Min="-15"></item><item title="SYMCLOCKERR" Max="20" Min="-100"></item><item title="POWER" Max="23,5" Min="20,5" Avg="22"></item><item title="LOLEAKAGE" Max="-17" Min="-100"></item><item title="SPECTRUMMASK" Max="100" Min="0"></item><item title="SPECTRUMMARGIN" Max="1000" Min="0"></item></Criteria><Record><item title="Modulation" value="MCS0NSS1"></item><item title="Bandwidth" value="80"></item><item title="Channel" value="36"></item><item title="Antenna" value="3"></item><item title="ExpectedPower" value="22"></item><item title="Power" value="22"></item><item title="TestType" value="Tx"></item><item title="EVM" value="-24,682" result="PASS"></item><item title="FREQERR" value="0,846856" result="PASS"></item><item title="SYMCLOCKERR" value="2,10474" result="PASS"></item><item title="POWER" value="20,2802" result="FAIL"></item><item title="LOLEAKAGE" value="-36,5227" result="PASS"></item><item title="SPECTRUMMASK" value="12,8613" result="PASS"></item><item title="SPECTRUMMARGIN" value="12,8613" result="PASS"></item></Record><Criteria><item title="Modulation" value="MCS0NSS1"></item><item title="Bandwidth" value="80"></item><item title="Antenna" value="3"></item><item title="Channel" value="36"></item><item title="RfIcTemperature" value="59"></item><item title="CpuTemperature" value="61"></item><item title="ExpectedPower" value="23"></item><item title="EVM" Max="-5" Min="-100"></item><item title="FREQERR" Max="15" Min="-15"></item><item title="SYMCLOCKERR" Max="20" Min="-100"></item><item title="POWER" Max="24,5" Min="21,5" Avg="23"></item><item title="LOLEAKAGE" Max="-17" Min="-100"></item><item title="SPECTRUMMASK" Max="100" Min="0"></item><item title="SPECTRUMMARGIN" Max="1000" Min="0"></item></Criteria><Record><item title="Modulation" value="MCS0NSS1"></item><item title="Bandwidth" value="80"></item><item title="Channel" value="36"></item><item title="Antenna" value="3"></item><item title="ExpectedPower" value="23"></item><item title="Power" value="23"></item><item title="TestType" value="Tx"></item><item title="EVM" value="-25,1119" result="PASS"></item><item title="FREQERR" value="0,848" result="PASS"></item><item title="SYMCLOCKERR" value="1,63827" result="PASS"></item><item title="POWER" value="21,2855" result="FAIL"></item><item title="LOLEAKAGE" value="-35,2265" result="PASS"></item><item title="SPECTRUMMASK" value="12,7446" result="PASS"></item><item title="SPECTRUMMARGIN" value="12,7446" result="PASS"></item></Record><Criteria><item title="Modulation" value="MCS0NSS1"></item><item title="Bandwidth" value="80"></item><item title="Antenna" value="3"></item><item title="Channel" value="36"></item><item title="RfIcTemperature" value="59"></item><item title="CpuTemperature" value="61"></item><item title="ExpectedPower" value="24"></item><item title="EVM" Max="-5" Min="-100"></item><item title="FREQERR" Max="15" Min="-15"></item><item title="SYMCLOCKERR" Max="20" Min="-100"></item><item title="POWER" Max="25,5" Min="22,5" Avg="24"></item><item title="LOLEAKAGE" Max="-17" Min="-100"></item><item title="SPECTRUMMASK" Max="100" Min="0"></item><item title="SPECTRUMMARGIN" Max="1000" Min="0"></item></Criteria><Record><item title="Modulation" value="MCS0NSS1"></item><item title="Bandwidth" value="80"></item><item title="Channel" value="36"></item><item title="Antenna" value="3"></item><item title="ExpectedPower" value="24"></item><item title="Power" value="24"></item><item title="TestType" value="Tx"></item><item title="EVM" value="-22,2839" result="PASS"></item><item title="FREQERR" value="0,850898" result="PASS"></item><item title="SYMCLOCKERR" value="1,35022" result="PASS"></item><item title="POWER" value="22,283" result="FAIL"></item><item title="LOLEAKAGE" value="-34,4034" result="PASS"></item><item title="SPECTRUMMASK" value="8,94888" result="PASS"></item><item title="SPECTRUMMARGIN" value="8,94888" result="PASS"></item></Record><Criteria><item title="Modulation" value="MCS0NSS1"></item><item title="Bandwidth" value="80"></item><item title="Antenna" value="3"></item><item title="Channel" value="36"></item><item title="RfIcTemperature" value="59"></item><item title="CpuTemperature" value="61"></item><item title="ExpectedPower" value="25"></item><item title="EVM" Max="-5" Min="-100"></item><item title="FREQERR" Max="15" Min="-15"></item><item title="SYMCLOCKERR" Max="20" Min="-100"></item><item title="POWER" Max="26,5" Min="23,5" Avg="25"></item><item title="LOLEAKAGE" Max="-17" Min="-100"></item><item title="SPECTRUMMASK" Max="100" Min="0"></item><item title="SPECTRUMMARGIN" Max="1000" Min="0"></item></Criteria><Record><item title="Modulation" value="MCS0NSS1"></item><item title="Bandwidth" value="80"></item><item title="Channel" value="36"></item><item title="Antenna" value="3"></item><item title="ExpectedPower" value="25"></item><item title="Power" value="25"></item><item title="TestType" value="Tx"></item><item title="EVM" value="-20,0082" result="PASS"></item><item title="FREQERR" value="0,847952" result="PASS"></item><item title="SYMCLOCKERR" value="1,93984" result="PASS"></item><item title="POWER" value="23,3206" result="FAIL"></item><item title="LOLEAKAGE" value="-34,2494" result="PASS"></item><item title="SPECTRUMMASK" value="6,4255" result="PASS"></item><item title="SPECTRUMMARGIN" value="6,4255" result="PASS"></item></Record><Criteria><item title="Modulation" value="MCS0NSS1"></item><item title="Bandwidth" value="80"></item><item title="Antenna" value="0"></item><item title="Channel" value="52"></item><item title="RfIcTemperature" value="59"></item><item title="CpuTemperature" value="61"></item><item title="ExpectedPower" value="10"></item><item title="EVM" Max="-5" Min="-100"></item><item title="FREQERR" Max="15" Min="-15"></item><item title="SYMCLOCKERR" Max="20" Min="-100"></item><item title="POWER" Max="11,5" Min="8,5" Avg="10"></item><item title="LOLEAKAGE" Max="-17" Min="-100"></item><item title="SPECTRUMMASK" Max="100" Min="0"></item><item title="SPECTRUMMARGIN" Max="1000" Min="0"></item></Criteria><Record><item title="Modulation" value="MCS0NSS1"></item><item title="Bandwidth" value="80"></item><item title="Channel" value="52"></item><item title="Antenna" value="0"></item><item title="ExpectedPower" value="10"></item><item title="Power" value="10"></item><item title="TestType" value="Tx"></item><item title="EVM" value="-21,8031" result="PASS"></item><item title="FREQERR" value="0,830324" result="PASS"></item><item title="SYMCLOCKERR" value="2,57753" result="PASS"></item><item title="POWER" value="7,22365" result="FAIL"></item><item title="LOLEAKAGE" value="-31,1298" result="PASS"></item><item title="SPECTRUMMASK" value="14,4448" result="PASS"></item><item title="SPECTRUMMARGIN" value="14,4448" result="PASS"></item></Record><Criteria><item title="Modulation" value="MCS0NSS1"></item><item title="Bandwidth" value="80"></item><item title="Antenna" value="0"></item><item title="Channel" value="52"></item><item title="RfIcTemperature" value="59"></item><item title="CpuTemperature" value="61"></item><item title="ExpectedPower" value="11"></item><item title="EVM" Max="-5" Min="-100"></item><item title="FREQERR" Max="15" Min="-15"></item><item title="SYMCLOCKERR" Max="20" Min="-100"></item><item title="POWER" Max="12,5" Min="9,5" Avg="11"></item><item title="LOLEAKAGE" Max="-17" Min="-100"></item><item title="SPECTRUMMASK" Max="100" Min="0"></item><item title="SPECTRUMMARGIN" Max="1000" Min="0"></item></Criteria><Record><item title="Modulation" value="MCS0NSS1"></item><item title="Bandwidth" value="80"></item><item title="Channel" value="52"></item><item title="Antenna" value="0"></item><item title="ExpectedPower" value="11"></item><item title="Power" value="11"></item><item title="TestType" value="Tx"></item><item title="EVM" value="-22,0819" result="PASS"></item><item title="FREQERR" value="0,821322" result="PASS"></item><item title="SYMCLOCKERR" value="1,57498" result="PASS"></item><item title="POWER" value="8,26435" result="FAIL"></item><item title="LOLEAKAGE" value="-33,1515" result="PASS"></item><item title="SPECTRUMMASK" value="14,6146" result="PASS"></item><item title="SPECTRUMMARGIN" value="14,6146" result="PASS"></item></Record><Criteria><item title="Modulation" value="MCS0NSS1"></item><item title="Bandwidth" value="80"></item><item title="Antenna" value="0"></item><item title="Channel" value="52"></item><item title="RfIcTemperature" value="59"></item><item title="CpuTemperature" value="61"></item><item title="ExpectedPower" value="12"></item><item title="EVM" Max="-5" Min="-100"></item><item title="FREQERR" Max="15" Min="-15"></item><item title="SYMCLOCKERR" Max="20" Min="-100"></item><item title="POWER" Max="13,5" Min="10,5" Avg="12"></item><item title="LOLEAKAGE" Max="-17" Min="-100"></item><item title="SPECTRUMMASK" Max="100" Min="0"></item><item title="SPECTRUMMARGIN" Max="1000" Min="0"></item></Criteria><Record><item title="Modulation" value="MCS0NSS1"></item><item title="Bandwidth" value="80"></item><item title="Channel" value="52"></item><item title="Antenna" value="0"></item><item title="ExpectedPower" value="12"></item><item title="Power" value="12"></item><item title="TestType" value="Tx"></item><item title="EVM" value="-22,5171" result="PASS"></item><item title="FREQERR" value="0,825409" result="PASS"></item><item title="SYMCLOCKERR" value="1,75972" result="PASS"></item><item title="POWER" value="9,47443" result="FAIL"></item><item title="LOLEAKAGE" value="-33,2758" result="PASS"></item><item title="SPECTRUMMASK" value="16,8845" result="PASS"></item><item title="SPECTRUMMARGIN" value="16,8845" result="PASS"></item></Record><Criteria><item title="Modulation" value="MCS0NSS1"></item><item title="Bandwidth" value="80"></item><item title="Antenna" value="0"></item><item title="Channel" value="52"></item><item title="RfIcTemperature" value="59"></item><item title="CpuTemperature" value="61"></item><item title="ExpectedPower" value="13"></item><item title="EVM" Max="-5" Min="-100"></item><item title="FREQERR" Max="15" Min="-15"></item><item title="SYMCLOCKERR" Max="20" Min="-100"></item><item title="POWER" Max="14,5" Min="11,5" Avg="13"></item><item title="LOLEAKAGE" Max="-17" Min="-100"></item><item title="SPECTRUMMASK" Max="100" Min="0"></item><item title="SPECTRUMMARGIN" Max="1000" Min="0"></item></Criteria><Record><item title="Modulation" value="MCS0NSS1"></item><item title="Bandwidth" value="80"></item><item title="Channel" value="52"></item><item title="Antenna" value="0"></item><item title="ExpectedPower" value="13"></item><item title="Power" value="13"></item><item title="TestType" value="Tx"></item><item title="EVM" value="-22,6581" result="PASS"></item><item title="FREQERR" value="0,82691" result="PASS"></item><item title="SYMCLOCKERR" value="1,59737" result="PASS"></item><item title="POWER" value="10,2879" result="FAIL"></item><item title="LOLEAKAGE" value="-34,7582" result="PASS"></item><item title="SPECTRUMMASK" value="17,524" result="PASS"></item><item title="SPECTRUMMARGIN" value="17,524" result="PASS"></item></Record><Criteria><item title="Modulation" value="MCS0NSS1"></item><item title="Bandwidth" value="80"></item><item title="Antenna" value="0"></item><item title="Channel" value="52"></item><item title="RfIcTemperature" value="59"></item><item title="CpuTemperature" value="61"></item><item title="ExpectedPower" value="14"></item><item title="EVM" Max="-5" Min="-100"></item><item title="FREQERR" Max="15" Min="-15"></item><item title="SYMCLOCKERR" Max="20" Min="-100"></item><item title="POWER" Max="15,5" Min="12,5" Avg="14"></item><item title="LOLEAKAGE" Max="-17" Min="-100"></item><item title="SPECTRUMMASK" Max="100" Min="0"></item><item title="SPECTRUMMARGIN" Max="1000" Min="0"></item></Criteria><Record><item title="Modulation" value="MCS0NSS1"></item><item title="Bandwidth" value="80"></item><item title="Channel" value="52"></item><item title="Antenna" value="0"></item><item title="ExpectedPower" value="14"></item><item title="Power" value="14"></item><item title="TestType" value="Tx"></item><item title="EVM" value="-22,4208" result="PASS"></item><item title="FREQERR" value="0,827713" result="PASS"></item><item title="SYMCLOCKERR" value="2,21132" result="PASS"></item><item title="POWER" value="11,3296" result="FAIL"></item><item title="LOLEAKAGE" value="-35,6757" result="PASS"></item><item title="SPECTRUMMASK" value="15,5234" result="PASS"></item><item title="SPECTRUMMARGIN" value="15,5234" result="PASS"></item></Record><Criteria><item title="Modulation" value="MCS0NSS1"></item><item title="Bandwidth" value="80"></item><item title="Antenna" value="0"></item><item title="Channel" value="52"></item><item title="RfIcTemperature" value="59"></item><item title="CpuTemperature" value="61"></item><item title="ExpectedPower" value="15"></item><item title="EVM" Max="-5" Min="-100"></item><item title="FREQERR" Max="15" Min="-15"></item><item title="SYMCLOCKERR" Max="20" Min="-100"></item><item title="POWER" Max="16,5" Min="13,5" Avg="15"></item><item title="LOLEAKAGE" Max="-17" Min="-100"></item><item title="SPECTRUMMASK" Max="100" Min="0"></item><item title="SPECTRUMMARGIN" Max="1000" Min="0"></item></Criteria><Record><item title="Modulation" value="MCS0NSS1"></item><item title="Bandwidth" value="80"></item><item title="Channel" value="52"></item><item title="Antenna" value="0"></item><item title="ExpectedPower" value="15"></item><item title="Power" value="15"></item><item title="TestType" value="Tx"></item><item title="EVM" value="-21,7653" result="PASS"></item><item title="FREQERR" value="0,821062" result="PASS"></item><item title="SYMCLOCKERR" value="2,60618" result="PASS"></item><item title="POWER" value="12,294" result="FAIL"></item><item title="LOLEAKAGE" value="-38,1512" result="PASS"></item><item title="SPECTRUMMASK" value="14,777" result="PASS"></item><item title="SPECTRUMMARGIN" value="14,777" result="PASS"></item></Record><Criteria><item title="Modulation" value="MCS0NSS1"></item><item title="Bandwidth" value="80"></item><item title="Antenna" value="0"></item><item title="Channel" value="52"></item><item title="RfIcTemperature" value="59"></item><item title="CpuTemperature" value="61"></item><item title="ExpectedPower" value="16"></item><item title="EVM" Max="-5" Min="-100"></item><item title="FREQERR" Max="15" Min="-15"></item><item title="SYMCLOCKERR" Max="20" Min="-100"></item><item title="POWER" Max="17,5" Min="14,5" Avg="16"></item><item title="LOLEAKAGE" Max="-17" Min="-100"></item><item title="SPECTRUMMASK" Max="100" Min="0"></item><item title="SPECTRUMMARGIN" Max="1000" Min="0"></item></Criteria><Record><item title="Modulation" value="MCS0NSS1"></item><item title="Bandwidth" value="80"></item><item title="Channel" value="52"></item><item title="Antenna" value="0"></item><item title="ExpectedPower" value="16"></item><item title="Power" value="16"></item><item title="TestType" value="Tx"></item><item title="EVM" value="-22,0293" result="PASS"></item><item title="FREQERR" value="0,82105" result="PASS"></item><item title="SYMCLOCKERR" value="2,8511" result="PASS"></item><item title="POWER" value="13,3165" result="FAIL"></item><item title="LOLEAKAGE" value="-42,5784" result="PASS"></item><item title="SPECTRUMMASK" value="16,0436" result="PASS"></item><item title="SPECTRUMMARGIN" value="16,0436" result="PASS"></item></Record><Criteria><item title="Modulation" value="MCS0NSS1"></item><item title="Bandwidth" value="80"></item><item title="Antenna" value="0"></item><item title="Channel" value="52"></item><item title="RfIcTemperature" value="59"></item><item title="CpuTemperature" value="61"></item><item title="ExpectedPower" value="17"></item><item title="EVM" Max="-5" Min="-100"></item><item title="FREQERR" Max="15" Min="-15"></item><item title="SYMCLOCKERR" Max="20" Min="-100"></item><item title="POWER" Max="18,5" Min="15,5" Avg="17"></item><item title="LOLEAKAGE" Max="-17" Min="-100"></item><item title="SPECTRUMMASK" Max="100" Min="0"></item><item title="SPECTRUMMARGIN" Max="1000" Min="0"></item></Criteria><Record><item title="Modulation" value="MCS0NSS1"></item><item title="Bandwidth" value="80"></item><item title="Channel" value="52"></item><item title="Antenna" value="0"></item><item title="ExpectedPower" value="17"></item><item title="Power" value="17"></item><item title="TestType" value="Tx"></item><item title="EVM" value="-21,8349" result="PASS"></item><item title="FREQERR" value="0,82616" result="PASS"></item><item title="SYMCLOCKERR" value="1,85493" result="PASS"></item><item title="POWER" value="14,3831" result="FAIL"></item><item title="LOLEAKAGE" value="-44,2892" result="PASS"></item><item title="SPECTRUMMASK" value="14,9866" result="PASS"></item><item title="SPECTRUMMARGIN" value="14,9866" result="PASS"></item></Record><Criteria><item title="Modulation" value="MCS0NSS1"></item><item title="Bandwidth" value="80"></item><item title="Antenna" value="0"></item><item title="Channel" value="52"></item><item title="RfIcTemperature" value="59"></item><item title="CpuTemperature" value="61"></item><item title="ExpectedPower" value="18"></item><item title="EVM" Max="-5" Min="-100"></item><item title="FREQERR" Max="15" Min="-15"></item><item title="SYMCLOCKERR" Max="20" Min="-100"></item><item title="POWER" Max="19,5" Min="16,5" Avg="18"></item><item title="LOLEAKAGE" Max="-17" Min="-100"></item><item title="SPECTRUMMASK" Max="100" Min="0"></item><item title="SPECTRUMMARGIN" Max="1000" Min="0"></item></Criteria><Record><item title="Modulation" value="MCS0NSS1"></item><item title="Bandwidth" value="80"></item><item title="Channel" value="52"></item><item title="Antenna" value="0"></item><item title="ExpectedPower" value="18"></item><item title="Power" value="18"></item><item title="TestType" value="Tx"></item><item title="EVM" value="-21,5623" result="PASS"></item><item title="FREQERR" value="0,821452" result="PASS"></item><item title="SYMCLOCKERR" value="2,38804" result="PASS"></item><item title="POWER" value="15,4495" result="FAIL"></item><item title="LOLEAKAGE" value="-42,8419" result="PASS"></item><item title="SPECTRUMMASK" value="15,1328" result="PASS"></item><item title="SPECTRUMMARGIN" value="15,1328" result="PASS"></item></Record><Criteria><item title="Modulation" value="MCS0NSS1"></item><item title="Bandwidth" value="80"></item><item title="Antenna" value="0"></item><item title="Channel" value="52"></item><item title="RfIcTemperature" value="59"></item><item title="CpuTemperature" value="61"></item><item title="ExpectedPower" value="19"></item><item title="EVM" Max="-5" Min="-100"></item><item title="FREQERR" Max="15" Min="-15"></item><item title="SYMCLOCKERR" Max="20" Min="-100"></item><item title="POWER" Max="20,5" Min="17,5" Avg="19"></item><item title="LOLEAKAGE" Max="-17" Min="-100"></item><item title="SPECTRUMMASK" Max="100" Min="0"></item><item title="SPECTRUMMARGIN" Max="1000" Min="0"></item></Criteria><Record><item title="Modulation" value="MCS0NSS1"></item><item title="Bandwidth" value="80"></item><item title="Channel" value="52"></item><item title="Antenna" value="0"></item><item title="ExpectedPower" value="19"></item><item title="Power" value="19"></item><item title="TestType" value="Tx"></item><item title="EVM" value="-21,3687" result="PASS"></item><item title="FREQERR" value="0,826571" result="PASS"></item><item title="SYMCLOCKERR" value="1,93804" result="PASS"></item><item title="POWER" value="16,3283" result="FAIL"></item><item title="LOLEAKAGE" value="-44,9521" result="PASS"></item><item title="SPECTRUMMASK" value="15,5399" result="PASS"></item><item title="SPECTRUMMARGIN" value="15,5399" result="PASS"></item></Record><Criteria><item title="Modulation" value="MCS0NSS1"></item><item title="Bandwidth" value="80"></item><item title="Antenna" value="0"></item><item title="Channel" value="52"></item><item title="RfIcTemperature" value="59"></item><item title="CpuTemperature" value="61"></item><item title="ExpectedPower" value="20"></item><item title="EVM" Max="-5" Min="-100"></item><item title="FREQERR" Max="15" Min="-15"></item><item title="SYMCLOCKERR" Max="20" Min="-100"></item><item title="POWER" Max="21,5" Min="18,5" Avg="20"></item><item title="LOLEAKAGE" Max="-17" Min="-100"></item><item title="SPECTRUMMASK" Max="100" Min="0"></item><item title="SPECTRUMMARGIN" Max="1000" Min="0"></item></Criteria><Record><item title="Modulation" value="MCS0NSS1"></item><item title="Bandwidth" value="80"></item><item title="Channel" value="52"></item><item title="Antenna" value="0"></item><item title="ExpectedPower" value="20"></item><item title="Power" value="20"></item><item title="TestType" value="Tx"></item><item title="EVM" value="-22,2996" result="PASS"></item><item title="FREQERR" value="0,824029" result="PASS"></item><item title="SYMCLOCKERR" value="0,780591" result="PASS"></item><item title="POWER" value="17,4362" result="FAIL"></item><item title="LOLEAKAGE" value="-44,3428" result="PASS"></item><item title="SPECTRUMMASK" value="15,002" result="PASS"></item><item title="SPECTRUMMARGIN" value="15,002" result="PASS"></item></Record><Criteria><item title="Modulation" value="MCS0NSS1"></item><item title="Bandwidth" value="80"></item><item title="Antenna" value="0"></item><item title="Channel" value="52"></item><item title="RfIcTemperature" value="59"></item><item title="CpuTemperature" value="61"></item><item title="ExpectedPower" value="21"></item><item title="EVM" Max="-5" Min="-100"></item><item title="FREQERR" Max="15" Min="-15"></item><item title="SYMCLOCKERR" Max="20" Min="-100"></item><item title="POWER" Max="22,5" Min="19,5" Avg="21"></item><item title="LOLEAKAGE" Max="-17" Min="-100"></item><item title="SPECTRUMMASK" Max="100" Min="0"></item><item title="SPECTRUMMARGIN" Max="1000" Min="0"></item></Criteria><Record><item title="Modulation" value="MCS0NSS1"></item><item title="Bandwidth" value="80"></item><item title="Channel" value="52"></item><item title="Antenna" value="0"></item><item title="ExpectedPower" value="21"></item><item title="Power" value="21"></item><item title="TestType" value="Tx"></item><item title="EVM" value="-22,497" result="PASS"></item><item title="FREQERR" value="0,825185" result="PASS"></item><item title="SYMCLOCKERR" value="2,81863" result="PASS"></item><item title="POWER" value="18,5711" result="FAIL"></item><item title="LOLEAKAGE" value="-45,7119" result="PASS"></item><item title="SPECTRUMMASK" value="14,2518" result="PASS"></item><item title="SPECTRUMMARGIN" value="14,2518" result="PASS"></item></Record><Criteria><item title="Modulation" value="MCS0NSS1"></item><item title="Bandwidth" value="80"></item><item title="Antenna" value="0"></item><item title="Channel" value="52"></item><item title="RfIcTemperature" value="59"></item><item title="CpuTemperature" value="61"></item><item title="ExpectedPower" value="22"></item><item title="EVM" Max="-5" Min="-100"></item><item title="FREQERR" Max="15" Min="-15"></item><item title="SYMCLOCKERR" Max="20" Min="-100"></item><item title="POWER" Max="23,5" Min="20,5" Avg="22"></item><item title="LOLEAKAGE" Max="-17" Min="-100"></item><item title="SPECTRUMMASK" Max="100" Min="0"></item><item title="SPECTRUMMARGIN" Max="1000" Min="0"></item></Criteria><Record><item title="Modulation" value="MCS0NSS1"></item><item title="Bandwidth" value="80"></item><item title="Channel" value="52"></item><item title="Antenna" value="0"></item><item title="ExpectedPower" value="22"></item><item title="Power" value="22"></item><item title="TestType" value="Tx"></item><item title="EVM" value="-22,7007" result="PASS"></item><item title="FREQERR" value="0,818256" result="PASS"></item><item title="SYMCLOCKERR" value="2,36931" result="PASS"></item><item title="POWER" value="19,4179" result="FAIL"></item><item title="LOLEAKAGE" value="-48,3599" result="PASS"></item><item title="SPECTRUMMASK" value="14,829" result="PASS"></item><item title="SPECTRUMMARGIN" value="14,829" result="PASS"></item></Record><Criteria><item title="Modulation" value="MCS0NSS1"></item><item title="Bandwidth" value="80"></item><item title="Antenna" value="0"></item><item title="Channel" value="52"></item><item title="RfIcTemperature" value="59"></item><item title="CpuTemperature" value="61"></item><item title="ExpectedPower" value="23"></item><item title="EVM" Max="-5" Min="-100"></item><item title="FREQERR" Max="15" Min="-15"></item><item title="SYMCLOCKERR" Max="20" Min="-100"></item><item title="POWER" Max="24,5" Min="21,5" Avg="23"></item><item title="LOLEAKAGE" Max="-17" Min="-100"></item><item title="SPECTRUMMASK" Max="100" Min="0"></item><item title="SPECTRUMMARGIN" Max="1000" Min="0"></item></Criteria><Record><item title="Modulation" value="MCS0NSS1"></item><item title="Bandwidth" value="80"></item><item title="Channel" value="52"></item><item title="Antenna" value="0"></item><item title="ExpectedPower" value="23"></item><item title="Power" value="23"></item><item title="TestType" value="Tx"></item><item title="EVM" value="-21,5711" result="PASS"></item><item title="FREQERR" value="0,816775" result="PASS"></item><item title="SYMCLOCKERR" value="1,22511" result="PASS"></item><item title="POWER" value="20,5054" result="FAIL"></item><item title="LOLEAKAGE" value="-48,4029" result="PASS"></item><item title="SPECTRUMMASK" value="12,4397" result="PASS"></item><item title="SPECTRUMMARGIN" value="12,4397" result="PASS"></item></Record><Criteria><item title="Modulation" value="MCS0NSS1"></item><item title="Bandwidth" value="80"></item><item title="Antenna" value="0"></item><item title="Channel" value="52"></item><item title="RfIcTemperature" value="59"></item><item title="CpuTemperature" value="61"></item><item title="ExpectedPower" value="24"></item><item title="EVM" Max="-5" Min="-100"></item><item title="FREQERR" Max="15" Min="-15"></item><item title="SYMCLOCKERR" Max="20" Min="-100"></item><item title="POWER" Max="25,5" Min="22,5" Avg="24"></item><item title="LOLEAKAGE" Max="-17" Min="-100"></item><item title="SPECTRUMMASK" Max="100" Min="0"></item><item title="SPECTRUMMARGIN" Max="1000" Min="0"></item></Criteria><Record><item title="Modulation" value="MCS0NSS1"></item><item title="Bandwidth" value="80"></item><item title="Channel" value="52"></item><item title="Antenna" value="0"></item><item title="ExpectedPower" value="24"></item><item title="Power" value="24"></item><item title="TestType" value="Tx"></item><item title="EVM" value="-21,7313" result="PASS"></item><item title="FREQERR" value="0,816436" result="PASS"></item><item title="SYMCLOCKERR" value="1,90448" result="PASS"></item><item title="POWER" value="21,6829" result="FAIL"></item><item title="LOLEAKAGE" value="-72,9206" result="PASS"></item><item title="SPECTRUMMASK" value="10,3838" result="PASS"></item><item title="SPECTRUMMARGIN" value="10,3838" result="PASS"></item></Record><Criteria><item title="Modulation" value="MCS0NSS1"></item><item title="Bandwidth" value="80"></item><item title="Antenna" value="0"></item><item title="Channel" value="52"></item><item title="RfIcTemperature" value="59"></item><item title="CpuTemperature" value="61"></item><item title="ExpectedPower" value="25"></item><item title="EVM" Max="-5" Min="-100"></item><item title="FREQERR" Max="15" Min="-15"></item><item title="SYMCLOCKERR" Max="20" Min="-100"></item><item title="POWER" Max="26,5" Min="23,5" Avg="25"></item><item title="LOLEAKAGE" Max="-17" Min="-100"></item><item title="SPECTRUMMASK" Max="100" Min="0"></item><item title="SPECTRUMMARGIN" Max="1000" Min="0"></item></Criteria><Record><item title="Modulation" value="MCS0NSS1"></item><item title="Bandwidth" value="80"></item><item title="Channel" value="52"></item><item title="Antenna" value="0"></item><item title="ExpectedPower" value="25"></item><item title="Power" value="25"></item><item title="TestType" value="Tx"></item><item title="EVM" value="-20,5408" result="PASS"></item><item title="FREQERR" value="0,811605" result="PASS"></item><item title="SYMCLOCKERR" value="2,36316" result="PASS"></item><item title="POWER" value="22,7396" result="FAIL"></item><item title="LOLEAKAGE" value="-43,7284" result="PASS"></item><item title="SPECTRUMMASK" value="6,67627" result="PASS"></item><item title="SPECTRUMMARGIN" value="6,67627" result="PASS"></item></Record><Criteria><item title="Modulation" value="MCS0NSS1"></item><item title="Bandwidth" value="80"></item><item title="Antenna" value="1"></item><item title="Channel" value="52"></item><item title="RfIcTemperature" value="60"></item><item title="CpuTemperature" value="61"></item><item title="ExpectedPower" value="10"></item><item title="EVM" Max="-5" Min="-100"></item><item title="FREQERR" Max="15" Min="-15"></item><item title="SYMCLOCKERR" Max="20" Min="-100"></item><item title="POWER" Max="11,5" Min="8,5" Avg="10"></item><item title="LOLEAKAGE" Max="-17" Min="-100"></item><item title="SPECTRUMMASK" Max="100" Min="0"></item><item title="SPECTRUMMARGIN" Max="1000" Min="0"></item></Criteria><Record><item title="Modulation" value="MCS0NSS1"></item><item title="Bandwidth" value="80"></item><item title="Channel" value="52"></item><item title="Antenna" value="1"></item><item title="ExpectedPower" value="10"></item><item title="Power" value="10"></item><item title="TestType" value="Tx"></item><item title="EVM" value="-22,4537" result="PASS"></item><item title="FREQERR" value="0,828749" result="PASS"></item><item title="SYMCLOCKERR" value="1,20025" result="PASS"></item><item title="POWER" value="7,35536" result="FAIL"></item><item title="LOLEAKAGE" value="-30,1263" result="PASS"></item><item title="SPECTRUMMASK" value="13,6459" result="PASS"></item><item title="SPECTRUMMARGIN" value="13,6459" result="PASS"></item></Record><Criteria><item title="Modulation" value="MCS0NSS1"></item><item title="Bandwidth" value="80"></item><item title="Antenna" value="1"></item><item title="Channel" value="52"></item><item title="RfIcTemperature" value="60"></item><item title="CpuTemperature" value="61"></item><item title="ExpectedPower" value="11"></item><item title="EVM" Max="-5" Min="-100"></item><item title="FREQERR" Max="15" Min="-15"></item><item title="SYMCLOCKERR" Max="20" Min="-100"></item><item title="POWER" Max="12,5" Min="9,5" Avg="11"></item><item title="LOLEAKAGE" Max="-17" Min="-100"></item><item title="SPECTRUMMASK" Max="100" Min="0"></item><item title="SPECTRUMMARGIN" Max="1000" Min="0"></item></Criteria><Record><item title="Modulation" value="MCS0NSS1"></item><item title="Bandwidth" value="80"></item><item title="Channel" value="52"></item><item title="Antenna" value="1"></item><item title="ExpectedPower" value="11"></item><item title="Power" value="11"></item><item title="TestType" value="Tx"></item><item title="EVM" value="-22,6553" result="PASS"></item><item title="FREQERR" value="0,829963" result="PASS"></item><item title="SYMCLOCKERR" value="2,09524" result="PASS"></item><item title="POWER" value="8,48122" result="FAIL"></item><item title="LOLEAKAGE" value="-30,8974" result="PASS"></item><item title="SPECTRUMMASK" value="14,6085" result="PASS"></item><item title="SPECTRUMMARGIN" value="14,6085" result="PASS"></item></Record><Criteria><item title="Modulation" value="MCS0NSS1"></item><item title="Bandwidth" value="80"></item><item title="Antenna" value="1"></item><item title="Channel" value="52"></item><item title="RfIcTemperature" value="60"></item><item title="CpuTemperature" value="61"></item><item title="ExpectedPower" value="12"></item><item title="EVM" Max="-5" Min="-100"></item><item title="FREQERR" Max="15" Min="-15"></item><item title="SYMCLOCKERR" Max="20" Min="-100"></item><item title="POWER" Max="13,5" Min="10,5" Avg="12"></item><item title="LOLEAKAGE" Max="-17" Min="-100"></item><item title="SPECTRUMMASK" Max="100" Min="0"></item><item title="SPECTRUMMARGIN" Max="1000" Min="0"></item></Criteria><Record><item title="Modulation" value="MCS0NSS1"></item><item title="Bandwidth" value="80"></item><item title="Channel" value="52"></item><item title="Antenna" value="1"></item><item title="ExpectedPower" value="12"></item><item title="Power" value="12"></item><item title="TestType" value="Tx"></item><item title="EVM" value="-22,1807" result="PASS"></item><item title="FREQERR" value="0,822222" result="PASS"></item><item title="SYMCLOCKERR" value="2,05895" result="PASS"></item><item title="POWER" value="9,56092" result="FAIL"></item><item title="LOLEAKAGE" value="-35,7272" result="PASS"></item><item title="SPECTRUMMASK" value="14,1022" result="PASS"></item><item title="SPECTRUMMARGIN" value="14,1022" result="PASS"></item></Record><Criteria><item title="Modulation" value="MCS0NSS1"></item><item title="Bandwidth" value="80"></item><item title="Antenna" value="1"></item><item title="Channel" value="52"></item><item title="RfIcTemperature" value="60"></item><item title="CpuTemperature" value="61"></item><item title="ExpectedPower" value="13"></item><item title="EVM" Max="-5" Min="-100"></item><item title="FREQERR" Max="15" Min="-15"></item><item title="SYMCLOCKERR" Max="20" Min="-100"></item><item title="POWER" Max="14,5" Min="11,5" Avg="13"></item><item title="LOLEAKAGE" Max="-17" Min="-100"></item><item title="SPECTRUMMASK" Max="100" Min="0"></item><item title="SPECTRUMMARGIN" Max="1000" Min="0"></item></Criteria><Record><item title="Modulation" value="MCS0NSS1"></item><item title="Bandwidth" value="80"></item><item title="Channel" value="52"></item><item title="Antenna" value="1"></item><item title="ExpectedPower" value="13"></item><item title="Power" value="13"></item><item title="TestType" value="Tx"></item><item title="EVM" value="-21,1486" result="PASS"></item><item title="FREQERR" value="0,823212" result="PASS"></item><item title="SYMCLOCKERR" value="2,18077" result="PASS"></item><item title="POWER" value="10,43" result="FAIL"></item><item title="LOLEAKAGE" value="-34,5997" result="PASS"></item><item title="SPECTRUMMASK" value="14,6185" result="PASS"></item><item title="SPECTRUMMARGIN" value="14,6185" result="PASS"></item></Record><Criteria><item title="Modulation" value="MCS0NSS1"></item><item title="Bandwidth" value="80"></item><item title="Antenna" value="1"></item><item title="Channel" value="52"></item><item title="RfIcTemperature" value="60"></item><item title="CpuTemperature" value="61"></item><item title="ExpectedPower" value="14"></item><item title="EVM" Max="-5" Min="-100"></item><item title="FREQERR" Max="15" Min="-15"></item><item title="SYMCLOCKERR" Max="20" Min="-100"></item><item title="POWER" Max="15,5" Min="12,5" Avg="14"></item><item title="LOLEAKAGE" Max="-17" Min="-100"></item><item title="SPECTRUMMASK" Max="100" Min="0"></item><item title="SPECTRUMMARGIN" Max="1000" Min="0"></item></Criteria><Record><item title="Modulation" value="MCS0NSS1"></item><item title="Bandwidth" value="80"></item><item title="Channel" value="52"></item><item title="Antenna" value="1"></item><item title="ExpectedPower" value="14"></item><item title="Power" value="14"></item><item title="TestType" value="Tx"></item><item title="EVM" value="-21,2247" result="PASS"></item><item title="FREQERR" value="0,823827" result="PASS"></item><item title="SYMCLOCKERR" value="2,19446" result="PASS"></item><item title="POWER" value="11,5484" result="FAIL"></item><item title="LOLEAKAGE" value="-36,1063" result="PASS"></item><item title="SPECTRUMMASK" value="14,1632" result="PASS"></item><item title="SPECTRUMMARGIN" value="14,1632" result="PASS"></item></Record><Criteria><item title="Modulation" value="MCS0NSS1"></item><item title="Bandwidth" value="80"></item><item title="Antenna" value="1"></item><item title="Channel" value="52"></item><item title="RfIcTemperature" value="60"></item><item title="CpuTemperature" value="61"></item><item title="ExpectedPower" value="15"></item><item title="EVM" Max="-5" Min="-100"></item><item title="FREQERR" Max="15" Min="-15"></item><item title="SYMCLOCKERR" Max="20" Min="-100"></item><item title="POWER" Max="16,5" Min="13,5" Avg="15"></item><item title="LOLEAKAGE" Max="-17" Min="-100"></item><item title="SPECTRUMMASK" Max="100" Min="0"></item><item title="SPECTRUMMARGIN" Max="1000" Min="0"></item></Criteria><Record><item title="Modulation" value="MCS0NSS1"></item><item title="Bandwidth" value="80"></item><item title="Channel" value="52"></item><item title="Antenna" value="1"></item><item title="ExpectedPower" value="15"></item><item title="Power" value="15"></item><item title="TestType" value="Tx"></item><item title="EVM" value="-22,8904" result="PASS"></item><item title="FREQERR" value="0,826489" result="PASS"></item><item title="SYMCLOCKERR" value="1,62824" result="PASS"></item><item title="POWER" value="12,6271" result="FAIL"></item><item title="LOLEAKAGE" value="-38,6936" result="PASS"></item><item title="SPECTRUMMASK" value="16,4088" result="PASS"></item><item title="SPECTRUMMARGIN" value="16,4088" result="PASS"></item></Record><Criteria><item title="Modulation" value="MCS0NSS1"></item><item title="Bandwidth" value="80"></item><item title="Antenna" value="1"></item><item title="Channel" value="52"></item><item title="RfIcTemperature" value="60"></item><item title="CpuTemperature" value="61"></item><item title="ExpectedPower" value="16"></item><item title="EVM" Max="-5" Min="-100"></item><item title="FREQERR" Max="15" Min="-15"></item><item title="SYMCLOCKERR" Max="20" Min="-100"></item><item title="POWER" Max="17,5" Min="14,5" Avg="16"></item><item title="LOLEAKAGE" Max="-17" Min="-100"></item><item title="SPECTRUMMASK" Max="100" Min="0"></item><item title="SPECTRUMMARGIN" Max="1000" Min="0"></item></Criteria><Record><item title="Modulation" value="MCS0NSS1"></item><item title="Bandwidth" value="80"></item><item title="Channel" value="52"></item><item title="Antenna" value="1"></item><item title="ExpectedPower" value="16"></item><item title="Power" value="16"></item><item title="TestType" value="Tx"></item><item title="EVM" value="-21,8634" result="PASS"></item><item title="FREQERR" value="0,817595" result="PASS"></item><item title="SYMCLOCKERR" value="1,73177" result="PASS"></item><item title="POWER" value="13,4199" result="FAIL"></item><item title="LOLEAKAGE" value="-38,2091" result="PASS"></item><item title="SPECTRUMMASK" value="14,1997" result="PASS"></item><item title="SPECTRUMMARGIN" value="14,1997" result="PASS"></item></Record><Criteria><item title="Modulation" value="MCS0NSS1"></item><item title="Bandwidth" value="80"></item><item title="Antenna" value="1"></item><item title="Channel" value="52"></item><item title="RfIcTemperature" value="60"></item><item title="CpuTemperature" value="61"></item><item title="ExpectedPower" value="17"></item><item title="EVM" Max="-5" Min="-100"></item><item title="FREQERR" Max="15" Min="-15"></item><item title="SYMCLOCKERR" Max="20" Min="-100"></item><item title="POWER" Max="18,5" Min="15,5" Avg="17"></item><item title="LOLEAKAGE" Max="-17" Min="-100"></item><item title="SPECTRUMMASK" Max="100" Min="0"></item><item title="SPECTRUMMARGIN" Max="1000" Min="0"></item></Criteria><Record><item title="Modulation" value="MCS0NSS1"></item><item title="Bandwidth" value="80"></item><item title="Channel" value="52"></item><item title="Antenna" value="1"></item><item title="ExpectedPower" value="17"></item><item title="Power" value="17"></item><item title="TestType" value="Tx"></item><item title="EVM" value="-22,3425" result="PASS"></item><item title="FREQERR" value="0,812306" result="PASS"></item><item title="SYMCLOCKERR" value="1,34836" result="PASS"></item><item title="POWER" value="14,4867" result="FAIL"></item><item title="LOLEAKAGE" value="-47,7492" result="PASS"></item><item title="SPECTRUMMASK" value="14,3321" result="PASS"></item><item title="SPECTRUMMARGIN" value="14,3321" result="PASS"></item></Record><Criteria><item title="Modulation" value="MCS0NSS1"></item><item title="Bandwidth" value="80"></item><item title="Antenna" value="1"></item><item title="Channel" value="52"></item><item title="RfIcTemperature" value="60"></item><item title="CpuTemperature" value="61"></item><item title="ExpectedPower" value="18"></item><item title="EVM" Max="-5" Min="-100"></item><item title="FREQERR" Max="15" Min="-15"></item><item title="SYMCLOCKERR" Max="20" Min="-100"></item><item title="POWER" Max="19,5" Min="16,5" Avg="18"></item><item title="LOLEAKAGE" Max="-17" Min="-100"></item><item title="SPECTRUMMASK" Max="100" Min="0"></item><item title="SPECTRUMMARGIN" Max="1000" Min="0"></item></Criteria><Record><item title="Modulation" value="MCS0NSS1"></item><item title="Bandwidth" value="80"></item><item title="Channel" value="52"></item><item title="Antenna" value="1"></item><item title="ExpectedPower" value="18"></item><item title="Power" value="18"></item><item title="TestType" value="Tx"></item><item title="EVM" value="-23,0177" result="PASS"></item><item title="FREQERR" value="0,815417" result="PASS"></item><item title="SYMCLOCKERR" value="1,55859" result="PASS"></item><item title="POWER" value="15,2454" result="FAIL"></item><item title="LOLEAKAGE" value="-42,8499" result="PASS"></item><item title="SPECTRUMMASK" value="16,5738" result="PASS"></item><item title="SPECTRUMMARGIN" value="16,5738" result="PASS"></item></Record><Criteria><item title="Modulation" value="MCS0NSS1"></item><item title="Bandwidth" value="80"></item><item title="Antenna" value="1"></item><item title="Channel" value="52"></item><item title="RfIcTemperature" value="60"></item><item title="CpuTemperature" value="61"></item><item title="ExpectedPower" value="19"></item><item title="EVM" Max="-5" Min="-100"></item><item title="FREQERR" Max="15" Min="-15"></item><item title="SYMCLOCKERR" Max="20" Min="-100"></item><item title="POWER" Max="20,5" Min="17,5" Avg="19"></item><item title="LOLEAKAGE" Max="-17" Min="-100"></item><item title="SPECTRUMMASK" Max="100" Min="0"></item><item title="SPECTRUMMARGIN" Max="1000" Min="0"></item></Criteria><Record><item title="Modulation" value="MCS0NSS1"></item><item title="Bandwidth" value="80"></item><item title="Channel" value="52"></item><item title="Antenna" value="1"></item><item title="ExpectedPower" value="19"></item><item title="Power" value="19"></item><item title="TestType" value="Tx"></item><item title="EVM" value="-22,3322" result="PASS"></item><item title="FREQERR" value="0,815634" result="PASS"></item><item title="SYMCLOCKERR" value="1,41681" result="PASS"></item><item title="POWER" value="16,612" result="FAIL"></item><item title="LOLEAKAGE" value="-46,9336" result="PASS"></item><item title="SPECTRUMMASK" value="14,3919" result="PASS"></item><item title="SPECTRUMMARGIN" value="14,3919" result="PASS"></item></Record><Criteria><item title="Modulation" value="MCS0NSS1"></item><item title="Bandwidth" value="80"></item><item title="Antenna" value="1"></item><item title="Channel" value="52"></item><item title="RfIcTemperature" value="60"></item><item title="CpuTemperature" value="61"></item><item title="ExpectedPower" value="20"></item><item title="EVM" Max="-5" Min="-100"></item><item title="FREQERR" Max="15" Min="-15"></item><item title="SYMCLOCKERR" Max="20" Min="-100"></item><item title="POWER" Max="21,5" Min="18,5" Avg="20"></item><item title="LOLEAKAGE" Max="-17" Min="-100"></item><item title="SPECTRUMMASK" Max="100" Min="0"></item><item title="SPECTRUMMARGIN" Max="1000" Min="0"></item></Criteria><Record><item title="Modulation" value="MCS0NSS1"></item><item title="Bandwidth" value="80"></item><item title="Channel" value="52"></item><item title="Antenna" value="1"></item><item title="ExpectedPower" value="20"></item><item title="Power" value="20"></item><item title="TestType" value="Tx"></item><item title="EVM" value="-21,8884" result="PASS"></item><item title="FREQERR" value="0,810205" result="PASS"></item><item title="SYMCLOCKERR" value="1,8421" result="PASS"></item><item title="POWER" value="17,4248" result="FAIL"></item><item title="LOLEAKAGE" value="-49,3371" result="PASS"></item><item title="SPECTRUMMASK" value="13,5541" result="PASS"></item><item title="SPECTRUMMARGIN" value="13,5541" result="PASS"></item></Record><Criteria><item title="Modulation" value="MCS0NSS1"></item><item title="Bandwidth" value="80"></item><item title="Antenna" value="1"></item><item title="Channel" value="52"></item><item title="RfIcTemperature" value="60"></item><item title="CpuTemperature" value="61"></item><item title="ExpectedPower" value="21"></item><item title="EVM" Max="-5" Min="-100"></item><item title="FREQERR" Max="15" Min="-15"></item><item title="SYMCLOCKERR" Max="20" Min="-100"></item><item title="POWER" Max="22,5" Min="19,5" Avg="21"></item><item title="LOLEAKAGE" Max="-17" Min="-100"></item><item title="SPECTRUMMASK" Max="100" Min="0"></item><item title="SPECTRUMMARGIN" Max="1000" Min="0"></item></Criteria><Record><item title="Modulation" value="MCS0NSS1"></item><item title="Bandwidth" value="80"></item><item title="Channel" value="52"></item><item title="Antenna" value="1"></item><item title="ExpectedPower" value="21"></item><item title="Power" value="21"></item><item title="TestType" value="Tx"></item><item title="EVM" value="-21,6171" result="PASS"></item><item title="FREQERR" value="0,811344" result="PASS"></item><item title="SYMCLOCKERR" value="1,49258" result="PASS"></item><item title="POWER" value="18,4225" result="FAIL"></item><item title="LOLEAKAGE" value="-53,0064" result="PASS"></item><item title="SPECTRUMMASK" value="14,0971" result="PASS"></item><item title="SPECTRUMMARGIN" value="14,0971" result="PASS"></item></Record><Criteria><item title="Modulation" value="MCS0NSS1"></item><item title="Bandwidth" value="80"></item><item title="Antenna" value="1"></item><item title="Channel" value="52"></item><item title="RfIcTemperature" value="60"></item><item title="CpuTemperature" value="61"></item><item title="ExpectedPower" value="22"></item><item title="EVM" Max="-5" Min="-100"></item><item title="FREQERR" Max="15" Min="-15"></item><item title="SYMCLOCKERR" Max="20" Min="-100"></item><item title="POWER" Max="23,5" Min="20,5" Avg="22"></item><item title="LOLEAKAGE" Max="-17" Min="-100"></item><item title="SPECTRUMMASK" Max="100" Min="0"></item><item title="SPECTRUMMARGIN" Max="1000" Min="0"></item></Criteria><Record><item title="Modulation" value="MCS0NSS1"></item><item title="Bandwidth" value="80"></item><item title="Channel" value="52"></item><item title="Antenna" value="1"></item><item title="ExpectedPower" value="22"></item><item title="Power" value="22"></item><item title="TestType" value="Tx"></item><item title="EVM" value="-22,4902" result="PASS"></item><item title="FREQERR" value="0,807286" result="PASS"></item><item title="SYMCLOCKERR" value="1,40669" result="PASS"></item><item title="POWER" value="19,3071" result="FAIL"></item><item title="LOLEAKAGE" value="-50,7013" result="PASS"></item><item title="SPECTRUMMASK" value="12,6301" result="PASS"></item><item title="SPECTRUMMARGIN" value="12,6301" result="PASS"></item></Record><Criteria><item title="Modulation" value="MCS0NSS1"></item><item title="Bandwidth" value="80"></item><item title="Antenna" value="1"></item><item title="Channel" value="52"></item><item title="RfIcTemperature" value="60"></item><item title="CpuTemperature" value="61"></item><item title="ExpectedPower" value="23"></item><item title="EVM" Max="-5" Min="-100"></item><item title="FREQERR" Max="15" Min="-15"></item><item title="SYMCLOCKERR" Max="20" Min="-100"></item><item title="POWER" Max="24,5" Min="21,5" Avg="23"></item><item title="LOLEAKAGE" Max="-17" Min="-100"></item><item title="SPECTRUMMASK" Max="100" Min="0"></item><item title="SPECTRUMMARGIN" Max="1000" Min="0"></item></Criteria><Record><item title="Modulation" value="MCS0NSS1"></item><item title="Bandwidth" value="80"></item><item title="Channel" value="52"></item><item title="Antenna" value="1"></item><item title="ExpectedPower" value="23"></item><item title="Power" value="23"></item><item title="TestType" value="Tx"></item><item title="EVM" value="-20,9794" result="PASS"></item><item title="FREQERR" value="0,809063" result="PASS"></item><item title="SYMCLOCKERR" value="2,45533" result="PASS"></item><item title="POWER" value="20,4114" result="FAIL"></item><item title="LOLEAKAGE" value="-57,2685" result="PASS"></item><item title="SPECTRUMMASK" value="11,0186" result="PASS"></item><item title="SPECTRUMMARGIN" value="11,0186" result="PASS"></item></Record><Criteria><item title="Modulation" value="MCS0NSS1"></item><item title="Bandwidth" value="80"></item><item title="Antenna" value="1"></item><item title="Channel" value="52"></item><item title="RfIcTemperature" value="60"></item><item title="CpuTemperature" value="61"></item><item title="ExpectedPower" value="24"></item><item title="EVM" Max="-5" Min="-100"></item><item title="FREQERR" Max="15" Min="-15"></item><item title="SYMCLOCKERR" Max="20" Min="-100"></item><item title="POWER" Max="25,5" Min="22,5" Avg="24"></item><item title="LOLEAKAGE" Max="-17" Min="-100"></item><item title="SPECTRUMMASK" Max="100" Min="0"></item><item title="SPECTRUMMARGIN" Max="1000" Min="0"></item></Criteria><Record><item title="Modulation" value="MCS0NSS1"></item><item title="Bandwidth" value="80"></item><item title="Channel" value="52"></item><item title="Antenna" value="1"></item><item title="ExpectedPower" value="24"></item><item title="Power" value="24"></item><item title="TestType" value="Tx"></item><item title="EVM" value="-21,2195" result="PASS"></item><item title="FREQERR" value="0,803093" result="PASS"></item><item title="SYMCLOCKERR" value="1,10088" result="PASS"></item><item title="POWER" value="21,5173" result="FAIL"></item><item title="LOLEAKAGE" value="-45,6253" result="PASS"></item><item title="SPECTRUMMASK" value="7,50665" result="PASS"></item><item title="SPECTRUMMARGIN" value="7,50665" result="PASS"></item></Record><Criteria><item title="Modulation" value="MCS0NSS1"></item><item title="Bandwidth" value="80"></item><item title="Antenna" value="1"></item><item title="Channel" value="52"></item><item title="RfIcTemperature" value="60"></item><item title="CpuTemperature" value="61"></item><item title="ExpectedPower" value="25"></item><item title="EVM" Max="-5" Min="-100"></item><item title="FREQERR" Max="15" Min="-15"></item><item title="SYMCLOCKERR" Max="20" Min="-100"></item><item title="POWER" Max="26,5" Min="23,5" Avg="25"></item><item title="LOLEAKAGE" Max="-17" Min="-100"></item><item title="SPECTRUMMASK" Max="100" Min="0"></item><item title="SPECTRUMMARGIN" Max="1000" Min="0"></item></Criteria><Record><item title="Modulation" value="MCS0NSS1"></item><item title="Bandwidth" value="80"></item><item title="Channel" value="52"></item><item title="Antenna" value="1"></item><item title="ExpectedPower" value="25"></item><item title="Power" value="25"></item><item title="TestType" value="Tx"></item><item title="EVM" value="-18,7583" result="PASS"></item><item title="FREQERR" value="0,799105" result="PASS"></item><item title="SYMCLOCKERR" value="0,652147" result="PASS"></item><item title="POWER" value="22,5404" result="FAIL"></item><item title="LOLEAKAGE" value="-43,1077" result="PASS"></item><item title="SPECTRUMMASK" value="2,49153" result="PASS"></item><item title="SPECTRUMMARGIN" value="2,49153" result="PASS"></item></Record><Criteria><item title="Modulation" value="MCS0NSS1"></item><item title="Bandwidth" value="80"></item><item title="Antenna" value="2"></item><item title="Channel" value="52"></item><item title="RfIcTemperature" value="60"></item><item title="CpuTemperature" value="61"></item><item title="ExpectedPower" value="10"></item><item title="EVM" Max="-5" Min="-100"></item><item title="FREQERR" Max="15" Min="-15"></item><item title="SYMCLOCKERR" Max="20" Min="-100"></item><item title="POWER" Max="11,5" Min="8,5" Avg="10"></item><item title="LOLEAKAGE" Max="-17" Min="-100"></item><item title="SPECTRUMMASK" Max="100" Min="0"></item><item title="SPECTRUMMARGIN" Max="1000" Min="0"></item></Criteria><Record><item title="Modulation" value="MCS0NSS1"></item><item title="Bandwidth" value="80"></item><item title="Channel" value="52"></item><item title="Antenna" value="2"></item><item title="ExpectedPower" value="10"></item><item title="Power" value="10"></item><item title="TestType" value="Tx"></item><item title="EVM" value="-20,948" result="PASS"></item><item title="FREQERR" value="0,805501" result="PASS"></item><item title="SYMCLOCKERR" value="-0,342612" result="PASS"></item><item title="POWER" value="7,95721" result="FAIL"></item><item title="LOLEAKAGE" value="-31,2092" result="PASS"></item><item title="SPECTRUMMASK" value="15,5075" result="PASS"></item><item title="SPECTRUMMARGIN" value="15,5075" result="PASS"></item></Record><Criteria><item title="Modulation" value="MCS0NSS1"></item><item title="Bandwidth" value="80"></item><item title="Antenna" value="2"></item><item title="Channel" value="52"></item><item title="RfIcTemperature" value="60"></item><item title="CpuTemperature" value="61"></item><item title="ExpectedPower" value="11"></item><item title="EVM" Max="-5" Min="-100"></item><item title="FREQERR" Max="15" Min="-15"></item><item title="SYMCLOCKERR" Max="20" Min="-100"></item><item title="POWER" Max="12,5" Min="9,5" Avg="11"></item><item title="LOLEAKAGE" Max="-17" Min="-100"></item><item title="SPECTRUMMASK" Max="100" Min="0"></item><item title="SPECTRUMMARGIN" Max="1000" Min="0"></item></Criteria><Record><item title="Modulation" value="MCS0NSS1"></item><item title="Bandwidth" value="80"></item><item title="Channel" value="52"></item><item title="Antenna" value="2"></item><item title="ExpectedPower" value="11"></item><item title="Power" value="11"></item><item title="TestType" value="Tx"></item><item title="EVM" value="-21,6667" result="PASS"></item><item title="FREQERR" value="0,80702" result="PASS"></item><item title="SYMCLOCKERR" value="-0,342413" result="PASS"></item><item title="POWER" value="8,90792" result="FAIL"></item><item title="LOLEAKAGE" value="-30,6307" result="PASS"></item><item title="SPECTRUMMASK" value="15,8161" result="PASS"></item><item title="SPECTRUMMARGIN" value="15,8161" result="PASS"></item></Record><Criteria><item title="Modulation" value="MCS0NSS1"></item><item title="Bandwidth" value="80"></item><item title="Antenna" value="2"></item><item title="Channel" value="52"></item><item title="RfIcTemperature" value="60"></item><item title="CpuTemperature" value="61"></item><item title="ExpectedPower" value="12"></item><item title="EVM" Max="-5" Min="-100"></item><item title="FREQERR" Max="15" Min="-15"></item><item title="SYMCLOCKERR" Max="20" Min="-100"></item><item title="POWER" Max="13,5" Min="10,5" Avg="12"></item><item title="LOLEAKAGE" Max="-17" Min="-100"></item><item title="SPECTRUMMASK" Max="100" Min="0"></item><item title="SPECTRUMMARGIN" Max="1000" Min="0"></item></Criteria><Record><item title="Modulation" value="MCS0NSS1"></item><item title="Bandwidth" value="80"></item><item title="Channel" value="52"></item><item title="Antenna" value="2"></item><item title="ExpectedPower" value="12"></item><item title="Power" value="12"></item><item title="TestType" value="Tx"></item><item title="EVM" value="-21,6617" result="PASS"></item><item title="FREQERR" value="0,806237" result="PASS"></item><item title="SYMCLOCKERR" value="-0,46592" result="PASS"></item><item title="POWER" value="10,2045" result="FAIL"></item><item title="LOLEAKAGE" value="-34,658" result="PASS"></item><item title="SPECTRUMMASK" value="14,6474" result="PASS"></item><item title="SPECTRUMMARGIN" value="14,6474" result="PASS"></item></Record><Criteria><item title="Modulation" value="MCS0NSS1"></item><item title="Bandwidth" value="80"></item><item title="Antenna" value="2"></item><item title="Channel" value="52"></item><item title="RfIcTemperature" value="60"></item><item title="CpuTemperature" value="61"></item><item title="ExpectedPower" value="13"></item><item title="EVM" Max="-5" Min="-100"></item><item title="FREQERR" Max="15" Min="-15"></item><item title="SYMCLOCKERR" Max="20" Min="-100"></item><item title="POWER" Max="14,5" Min="11,5" Avg="13"></item><item title="LOLEAKAGE" Max="-17" Min="-100"></item><item title="SPECTRUMMASK" Max="100" Min="0"></item><item title="SPECTRUMMARGIN" Max="1000" Min="0"></item></Criteria><Record><item title="Modulation" value="MCS0NSS1"></item><item title="Bandwidth" value="80"></item><item title="Channel" value="52"></item><item title="Antenna" value="2"></item><item title="ExpectedPower" value="13"></item><item title="Power" value="13"></item><item title="TestType" value="Tx"></item><item title="EVM" value="-21,5834" result="PASS"></item><item title="FREQERR" value="0,802139" result="PASS"></item><item title="SYMCLOCKERR" value="-0,369241" result="PASS"></item><item title="POWER" value="10,9848" result="FAIL"></item><item title="LOLEAKAGE" value="-36,9572" result="PASS"></item><item title="SPECTRUMMASK" value="13,8671" result="PASS"></item><item title="SPECTRUMMARGIN" value="13,8671" result="PASS"></item></Record><Criteria><item title="Modulation" value="MCS0NSS1"></item><item title="Bandwidth" value="80"></item><item title="Antenna" value="2"></item><item title="Channel" value="52"></item><item title="RfIcTemperature" value="60"></item><item title="CpuTemperature" value="61"></item><item title="ExpectedPower" value="14"></item><item title="EVM" Max="-5" Min="-100"></item><item title="FREQERR" Max="15" Min="-15"></item><item title="SYMCLOCKERR" Max="20" Min="-100"></item><item title="POWER" Max="15,5" Min="12,5" Avg="14"></item><item title="LOLEAKAGE" Max="-17" Min="-100"></item><item title="SPECTRUMMASK" Max="100" Min="0"></item><item title="SPECTRUMMARGIN" Max="1000" Min="0"></item></Criteria><Record><item title="Modulation" value="MCS0NSS1"></item><item title="Bandwidth" value="80"></item><item title="Channel" value="52"></item><item title="Antenna" value="2"></item><item title="ExpectedPower" value="14"></item><item title="Power" value="14"></item><item title="TestType" value="Tx"></item><item title="EVM" value="-21,1459" result="PASS"></item><item title="FREQERR" value="0,807623" result="PASS"></item><item title="SYMCLOCKERR" value="0,577776" result="PASS"></item><item title="POWER" value="11,8904" result="FAIL"></item><item title="LOLEAKAGE" value="-38,2997" result="PASS"></item><item title="SPECTRUMMASK" value="14,9122" result="PASS"></item><item title="SPECTRUMMARGIN" value="14,9122" result="PASS"></item></Record><Criteria><item title="Modulation" value="MCS0NSS1"></item><item title="Bandwidth" value="80"></item><item title="Antenna" value="2"></item><item title="Channel" value="52"></item><item title="RfIcTemperature" value="60"></item><item title="CpuTemperature" value="61"></item><item title="ExpectedPower" value="15"></item><item title="EVM" Max="-5" Min="-100"></item><item title="FREQERR" Max="15" Min="-15"></item><item title="SYMCLOCKERR" Max="20" Min="-100"></item><item title="POWER" Max="16,5" Min="13,5" Avg="15"></item><item title="LOLEAKAGE" Max="-17" Min="-100"></item><item title="SPECTRUMMASK" Max="100" Min="0"></item><item title="SPECTRUMMARGIN" Max="1000" Min="0"></item></Criteria><Record><item title="Modulation" value="MCS0NSS1"></item><item title="Bandwidth" value="80"></item><item title="Channel" value="52"></item><item title="Antenna" value="2"></item><item title="ExpectedPower" value="15"></item><item title="Power" value="15"></item><item title="TestType" value="Tx"></item><item title="EVM" value="-21,4606" result="PASS"></item><item title="FREQERR" value="0,802864" result="PASS"></item><item title="SYMCLOCKERR" value="-0,264747" result="PASS"></item><item title="POWER" value="13,3082" result="FAIL"></item><item title="LOLEAKAGE" value="-40,5041" result="PASS"></item><item title="SPECTRUMMASK" value="15,8513" result="PASS"></item><item title="SPECTRUMMARGIN" value="15,8513" result="PASS"></item></Record><Criteria><item title="Modulation" value="MCS0NSS1"></item><item title="Bandwidth" value="80"></item><item title="Antenna" value="2"></item><item title="Channel" value="52"></item><item title="RfIcTemperature" value="60"></item><item title="CpuTemperature" value="61"></item><item title="ExpectedPower" value="16"></item><item title="EVM" Max="-5" Min="-100"></item><item title="FREQERR" Max="15" Min="-15"></item><item title="SYMCLOCKERR" Max="20" Min="-100"></item><item title="POWER" Max="17,5" Min="14,5" Avg="16"></item><item title="LOLEAKAGE" Max="-17" Min="-100"></item><item title="SPECTRUMMASK" Max="100" Min="0"></item><item title="SPECTRUMMARGIN" Max="1000" Min="0"></item></Criteria><Record><item title="Modulation" value="MCS0NSS1"></item><item title="Bandwidth" value="80"></item><item title="Channel" value="52"></item><item title="Antenna" value="2"></item><item title="ExpectedPower" value="16"></item><item title="Power" value="16"></item><item title="TestType" value="Tx"></item><item title="EVM" value="-22,3511" result="PASS"></item><item title="FREQERR" value="0,806751" result="PASS"></item><item title="SYMCLOCKERR" value="-0,230069" result="PASS"></item><item title="POWER" value="14,2004" result="FAIL"></item><item title="LOLEAKAGE" value="-39,8799" result="PASS"></item><item title="SPECTRUMMASK" value="16,7112" result="PASS"></item><item title="SPECTRUMMARGIN" value="16,7112" result="PASS"></item></Record><Criteria><item title="Modulation" value="MCS0NSS1"></item><item title="Bandwidth" value="80"></item><item title="Antenna" value="2"></item><item title="Channel" value="52"></item><item title="RfIcTemperature" value="60"></item><item title="CpuTemperature" value="61"></item><item title="ExpectedPower" value="17"></item><item title="EVM" Max="-5" Min="-100"></item><item title="FREQERR" Max="15" Min="-15"></item><item title="SYMCLOCKERR" Max="20" Min="-100"></item><item title="POWER" Max="18,5" Min="15,5" Avg="17"></item><item title="LOLEAKAGE" Max="-17" Min="-100"></item><item title="SPECTRUMMASK" Max="100" Min="0"></item><item title="SPECTRUMMARGIN" Max="1000" Min="0"></item></Criteria><Record><item title="Modulation" value="MCS0NSS1"></item><item title="Bandwidth" value="80"></item><item title="Channel" value="52"></item><item title="Antenna" value="2"></item><item title="ExpectedPower" value="17"></item><item title="Power" value="17"></item><item title="TestType" value="Tx"></item><item title="EVM" value="-21,494" result="PASS"></item><item title="FREQERR" value="0,803001" result="PASS"></item><item title="SYMCLOCKERR" value="-0,378272" result="PASS"></item><item title="POWER" value="15,2248" result="FAIL"></item><item title="LOLEAKAGE" value="-44,0232" result="PASS"></item><item title="SPECTRUMMASK" value="14,1569" result="PASS"></item><item title="SPECTRUMMARGIN" value="14,1569" result="PASS"></item></Record><Criteria><item title="Modulation" value="MCS0NSS1"></item><item title="Bandwidth" value="80"></item><item title="Antenna" value="2"></item><item title="Channel" value="52"></item><item title="RfIcTemperature" value="60"></item><item title="CpuTemperature" value="61"></item><item title="ExpectedPower" value="18"></item><item title="EVM" Max="-5" Min="-100"></item><item title="FREQERR" Max="15" Min="-15"></item><item title="SYMCLOCKERR" Max="20" Min="-100"></item><item title="POWER" Max="19,5" Min="16,5" Avg="18"></item><item title="LOLEAKAGE" Max="-17" Min="-100"></item><item title="SPECTRUMMASK" Max="100" Min="0"></item><item title="SPECTRUMMARGIN" Max="1000" Min="0"></item></Criteria><Record><item title="Modulation" value="MCS0NSS1"></item><item title="Bandwidth" value="80"></item><item title="Channel" value="52"></item><item title="Antenna" value="2"></item><item title="ExpectedPower" value="18"></item><item title="Power" value="18"></item><item title="TestType" value="Tx"></item><item title="EVM" value="-20,2866" result="PASS"></item><item title="FREQERR" value="0,801507" result="PASS"></item><item title="SYMCLOCKERR" value="0,189506" result="PASS"></item><item title="POWER" value="16,3857" result="FAIL"></item><item title="LOLEAKAGE" value="-44,3595" result="PASS"></item><item title="SPECTRUMMASK" value="14,1373" result="PASS"></item><item title="SPECTRUMMARGIN" value="14,1373" result="PASS"></item></Record><Criteria><item title="Modulation" value="MCS0NSS1"></item><item title="Bandwidth" value="80"></item><item title="Antenna" value="2"></item><item title="Channel" value="52"></item><item title="RfIcTemperature" value="60"></item><item title="CpuTemperature" value="61"></item><item title="ExpectedPower" value="19"></item><item title="EVM" Max="-5" Min="-100"></item><item title="FREQERR" Max="15" Min="-15"></item><item title="SYMCLOCKERR" Max="20" Min="-100"></item><item title="POWER" Max="20,5" Min="17,5" Avg="19"></item><item title="LOLEAKAGE" Max="-17" Min="-100"></item><item title="SPECTRUMMASK" Max="100" Min="0"></item><item title="SPECTRUMMARGIN" Max="1000" Min="0"></item></Criteria><Record><item title="Modulation" value="MCS0NSS1"></item><item title="Bandwidth" value="80"></item><item title="Channel" value="52"></item><item title="Antenna" value="2"></item><item title="ExpectedPower" value="19"></item><item title="Power" value="19"></item><item title="TestType" value="Tx"></item><item title="EVM" value="-21,3033" result="PASS"></item><item title="FREQERR" value="0,800724" result="PASS"></item><item title="SYMCLOCKERR" value="-0,0244894" result="PASS"></item><item title="POWER" value="17,3614" result="FAIL"></item><item title="LOLEAKAGE" value="-45,6428" result="PASS"></item><item title="SPECTRUMMASK" value="14,0957" result="PASS"></item><item title="SPECTRUMMARGIN" value="14,0957" result="PASS"></item></Record><Criteria><item title="Modulation" value="MCS0NSS1"></item><item title="Bandwidth" value="80"></item><item title="Antenna" value="2"></item><item title="Channel" value="52"></item><item title="RfIcTemperature" value="60"></item><item title="CpuTemperature" value="61"></item><item title="ExpectedPower" value="20"></item><item title="EVM" Max="-5" Min="-100"></item><item title="FREQERR" Max="15" Min="-15"></item><item title="SYMCLOCKERR" Max="20" Min="-100"></item><item title="POWER" Max="21,5" Min="18,5" Avg="20"></item><item title="LOLEAKAGE" Max="-17" Min="-100"></item><item title="SPECTRUMMASK" Max="100" Min="0"></item><item title="SPECTRUMMARGIN" Max="1000" Min="0"></item></Criteria><Record><item title="Modulation" value="MCS0NSS1"></item><item title="Bandwidth" value="80"></item><item title="Channel" value="52"></item><item title="Antenna" value="2"></item><item title="ExpectedPower" value="20"></item><item title="Power" value="20"></item><item title="TestType" value="Tx"></item><item title="EVM" value="-22,0878" result="PASS"></item><item title="FREQERR" value="0,808419" result="PASS"></item><item title="SYMCLOCKERR" value="-0,0934697" result="PASS"></item><item title="POWER" value="18,4376" result="FAIL"></item><item title="LOLEAKAGE" value="-57,8301" result="PASS"></item><item title="SPECTRUMMASK" value="14,7117" result="PASS"></item><item title="SPECTRUMMARGIN" value="14,7117" result="PASS"></item></Record><Criteria><item title="Modulation" value="MCS0NSS1"></item><item title="Bandwidth" value="80"></item><item title="Antenna" value="2"></item><item title="Channel" value="52"></item><item title="RfIcTemperature" value="60"></item><item title="CpuTemperature" value="61"></item><item title="ExpectedPower" value="21"></item><item title="EVM" Max="-5" Min="-100"></item><item title="FREQERR" Max="15" Min="-15"></item><item title="SYMCLOCKERR" Max="20" Min="-100"></item><item title="POWER" Max="22,5" Min="19,5" Avg="21"></item><item title="LOLEAKAGE" Max="-17" Min="-100"></item><item title="SPECTRUMMASK" Max="100" Min="0"></item><item title="SPECTRUMMARGIN" Max="1000" Min="0"></item></Criteria><Record><item title="Modulation" value="MCS0NSS1"></item><item title="Bandwidth" value="80"></item><item title="Channel" value="52"></item><item title="Antenna" value="2"></item><item title="ExpectedPower" value="21"></item><item title="Power" value="21"></item><item title="TestType" value="Tx"></item><item title="EVM" value="-22,2573" result="PASS"></item><item title="FREQERR" value="0,803151" result="PASS"></item><item title="SYMCLOCKERR" value="0,127771" result="PASS"></item><item title="POWER" value="19,0684" result="FAIL"></item><item title="LOLEAKAGE" value="-52,5335" result="PASS"></item><item title="SPECTRUMMASK" value="14,6337" result="PASS"></item><item title="SPECTRUMMARGIN" value="14,6337" result="PASS"></item></Record><Criteria><item title="Modulation" value="MCS0NSS1"></item><item title="Bandwidth" value="80"></item><item title="Antenna" value="2"></item><item title="Channel" value="52"></item><item title="RfIcTemperature" value="60"></item><item title="CpuTemperature" value="61"></item><item title="ExpectedPower" value="22"></item><item title="EVM" Max="-5" Min="-100"></item><item title="FREQERR" Max="15" Min="-15"></item><item title="SYMCLOCKERR" Max="20" Min="-100"></item><item title="POWER" Max="23,5" Min="20,5" Avg="22"></item><item title="LOLEAKAGE" Max="-17" Min="-100"></item><item title="SPECTRUMMASK" Max="100" Min="0"></item><item title="SPECTRUMMARGIN" Max="1000" Min="0"></item></Criteria><Record><item title="Modulation" value="MCS0NSS1"></item><item title="Bandwidth" value="80"></item><item title="Channel" value="52"></item><item title="Antenna" value="2"></item><item title="ExpectedPower" value="22"></item><item title="Power" value="22"></item><item title="TestType" value="Tx"></item><item title="EVM" value="-20,7813" result="PASS"></item><item title="FREQERR" value="0,800403" result="PASS"></item><item title="SYMCLOCKERR" value="0,203118" result="PASS"></item><item title="POWER" value="20,2778" result="FAIL"></item><item title="LOLEAKAGE" value="-57,4037" result="PASS"></item><item title="SPECTRUMMASK" value="11,4936" result="PASS"></item><item title="SPECTRUMMARGIN" value="11,4936" result="PASS"></item></Record><Criteria><item title="Modulation" value="MCS0NSS1"></item><item title="Bandwidth" value="80"></item><item title="Antenna" value="2"></item><item title="Channel" value="52"></item><item title="RfIcTemperature" value="60"></item><item title="CpuTemperature" value="61"></item><item title="ExpectedPower" value="23"></item><item title="EVM" Max="-5" Min="-100"></item><item title="FREQERR" Max="15" Min="-15"></item><item title="SYMCLOCKERR" Max="20" Min="-100"></item><item title="POWER" Max="24,5" Min="21,5" Avg="23"></item><item title="LOLEAKAGE" Max="-17" Min="-100"></item><item title="SPECTRUMMASK" Max="100" Min="0"></item><item title="SPECTRUMMARGIN" Max="1000" Min="0"></item></Criteria><Record><item title="Modulation" value="MCS0NSS1"></item><item title="Bandwidth" value="80"></item><item title="Channel" value="52"></item><item title="Antenna" value="2"></item><item title="ExpectedPower" value="23"></item><item title="Power" value="23"></item><item title="TestType" value="Tx"></item><item title="EVM" value="-21,5258" result="PASS"></item><item title="FREQERR" value="0,794953" result="PASS"></item><item title="SYMCLOCKERR" value="0,0457754" result="PASS"></item><item title="POWER" value="21,1225" result="FAIL"></item><item title="LOLEAKAGE" value="-50,6246" result="PASS"></item><item title="SPECTRUMMASK" value="11,0821" result="PASS"></item><item title="SPECTRUMMARGIN" value="11,0821" result="PASS"></item></Record><Criteria><item title="Modulation" value="MCS0NSS1"></item><item title="Bandwidth" value="80"></item><item title="Antenna" value="2"></item><item title="Channel" value="52"></item><item title="RfIcTemperature" value="60"></item><item title="CpuTemperature" value="61"></item><item title="ExpectedPower" value="24"></item><item title="EVM" Max="-5" Min="-100"></item><item title="FREQERR" Max="15" Min="-15"></item><item title="SYMCLOCKERR" Max="20" Min="-100"></item><item title="POWER" Max="25,5" Min="22,5" Avg="24"></item><item title="LOLEAKAGE" Max="-17" Min="-100"></item><item title="SPECTRUMMASK" Max="100" Min="0"></item><item title="SPECTRUMMARGIN" Max="1000" Min="0"></item></Criteria><Record><item title="Modulation" value="MCS0NSS1"></item><item title="Bandwidth" value="80"></item><item title="Channel" value="52"></item><item title="Antenna" value="2"></item><item title="ExpectedPower" value="24"></item><item title="Power" value="24"></item><item title="TestType" value="Tx"></item><item title="EVM" value="-20,5534" result="PASS"></item><item title="FREQERR" value="0,794085" result="PASS"></item><item title="SYMCLOCKERR" value="0,447929" result="PASS"></item><item title="POWER" value="22,2983" result="FAIL"></item><item title="LOLEAKAGE" value="-44,4981" result="PASS"></item><item title="SPECTRUMMASK" value="7,66893" result="PASS"></item><item title="SPECTRUMMARGIN" value="7,66893" result="PASS"></item></Record><Criteria><item title="Modulation" value="MCS0NSS1"></item><item title="Bandwidth" value="80"></item><item title="Antenna" value="2"></item><item title="Channel" value="52"></item><item title="RfIcTemperature" value="60"></item><item title="CpuTemperature" value="61"></item><item title="ExpectedPower" value="25"></item><item title="EVM" Max="-5" Min="-100"></item><item title="FREQERR" Max="15" Min="-15"></item><item title="SYMCLOCKERR" Max="20" Min="-100"></item><item title="POWER" Max="26,5" Min="23,5" Avg="25"></item><item title="LOLEAKAGE" Max="-17" Min="-100"></item><item title="SPECTRUMMASK" Max="100" Min="0"></item><item title="SPECTRUMMARGIN" Max="1000" Min="0"></item></Criteria><Record><item title="Modulation" value="MCS0NSS1"></item><item title="Bandwidth" value="80"></item><item title="Channel" value="52"></item><item title="Antenna" value="2"></item><item title="ExpectedPower" value="25"></item><item title="Power" value="25"></item><item title="TestType" value="Tx"></item><item title="EVM" value="-20,7622" result="PASS"></item><item title="FREQERR" value="0,790931" result="PASS"></item><item title="SYMCLOCKERR" value="0,359433" result="PASS"></item><item title="POWER" value="23,0831" result="FAIL"></item><item title="LOLEAKAGE" value="-43,7344" result="PASS"></item><item title="SPECTRUMMASK" value="6,39344" result="PASS"></item><item title="SPECTRUMMARGIN" value="6,39344" result="PASS"></item></Record><Criteria><item title="Modulation" value="MCS0NSS1"></item><item title="Bandwidth" value="80"></item><item title="Antenna" value="3"></item><item title="Channel" value="52"></item><item title="RfIcTemperature" value="60"></item><item title="CpuTemperature" value="61"></item><item title="ExpectedPower" value="10"></item><item title="EVM" Max="-5" Min="-100"></item><item title="FREQERR" Max="15" Min="-15"></item><item title="SYMCLOCKERR" Max="20" Min="-100"></item><item title="POWER" Max="11,5" Min="8,5" Avg="10"></item><item title="LOLEAKAGE" Max="-17" Min="-100"></item><item title="SPECTRUMMASK" Max="100" Min="0"></item><item title="SPECTRUMMARGIN" Max="1000" Min="0"></item></Criteria><Record><item title="Modulation" value="MCS0NSS1"></item><item title="Bandwidth" value="80"></item><item title="Channel" value="52"></item><item title="Antenna" value="3"></item><item title="ExpectedPower" value="10"></item><item title="Power" value="10"></item><item title="TestType" value="Tx"></item><item title="EVM" value="-22,6884" result="PASS"></item><item title="FREQERR" value="0,796265" result="PASS"></item><item title="SYMCLOCKERR" value="1,09224" result="PASS"></item><item title="POWER" value="7,21958" result="FAIL"></item><item title="LOLEAKAGE" value="-28,1457" result="PASS"></item><item title="SPECTRUMMASK" value="15,9618" result="PASS"></item><item title="SPECTRUMMARGIN" value="15,9618" result="PASS"></item></Record><Criteria><item title="Modulation" value="MCS0NSS1"></item><item title="Bandwidth" value="80"></item><item title="Antenna" value="3"></item><item title="Channel" value="52"></item><item title="RfIcTemperature" value="60"></item><item title="CpuTemperature" value="61"></item><item title="ExpectedPower" value="11"></item><item title="EVM" Max="-5" Min="-100"></item><item title="FREQERR" Max="15" Min="-15"></item><item title="SYMCLOCKERR" Max="20" Min="-100"></item><item title="POWER" Max="12,5" Min="9,5" Avg="11"></item><item title="LOLEAKAGE" Max="-17" Min="-100"></item><item title="SPECTRUMMASK" Max="100" Min="0"></item><item title="SPECTRUMMARGIN" Max="1000" Min="0"></item></Criteria><Record><item title="Modulation" value="MCS0NSS1"></item><item title="Bandwidth" value="80"></item><item title="Channel" value="52"></item><item title="Antenna" value="3"></item><item title="ExpectedPower" value="11"></item><item title="Power" value="11"></item><item title="TestType" value="Tx"></item><item title="EVM" value="-22,13" result="PASS"></item><item title="FREQERR" value="0,79872" result="PASS"></item><item title="SYMCLOCKERR" value="0,202092" result="PASS"></item><item title="POWER" value="8,28989" result="FAIL"></item><item title="LOLEAKAGE" value="-28,3872" result="PASS"></item><item title="SPECTRUMMASK" value="15,9861" result="PASS"></item><item title="SPECTRUMMARGIN" value="15,9861" result="PASS"></item></Record><Criteria><item title="Modulation" value="MCS0NSS1"></item><item title="Bandwidth" value="80"></item><item title="Antenna" value="3"></item><item title="Channel" value="52"></item><item title="RfIcTemperature" value="60"></item><item title="CpuTemperature" value="61"></item><item title="ExpectedPower" value="12"></item><item title="EVM" Max="-5" Min="-100"></item><item title="FREQERR" Max="15" Min="-15"></item><item title="SYMCLOCKERR" Max="20" Min="-100"></item><item title="POWER" Max="13,5" Min="10,5" Avg="12"></item><item title="LOLEAKAGE" Max="-17" Min="-100"></item><item title="SPECTRUMMASK" Max="100" Min="0"></item><item title="SPECTRUMMARGIN" Max="1000" Min="0"></item></Criteria><Record><item title="Modulation" value="MCS0NSS1"></item><item title="Bandwidth" value="80"></item><item title="Channel" value="52"></item><item title="Antenna" value="3"></item><item title="ExpectedPower" value="12"></item><item title="Power" value="12"></item><item title="TestType" value="Tx"></item><item title="EVM" value="-22,9451" result="PASS"></item><item title="FREQERR" value="0,799958" result="PASS"></item><item title="SYMCLOCKERR" value="0,675678" result="PASS"></item><item title="POWER" value="9,33083" result="FAIL"></item><item title="LOLEAKAGE" value="-32,7182" result="PASS"></item><item title="SPECTRUMMASK" value="15,0416" result="PASS"></item><item title="SPECTRUMMARGIN" value="15,0416" result="PASS"></item></Record><Criteria><item title="Modulation" value="MCS0NSS1"></item><item title="Bandwidth" value="80"></item><item title="Antenna" value="3"></item><item title="Channel" value="52"></item><item title="RfIcTemperature" value="60"></item><item title="CpuTemperature" value="61"></item><item title="ExpectedPower" value="13"></item><item title="EVM" Max="-5" Min="-100"></item><item title="FREQERR" Max="15" Min="-15"></item><item title="SYMCLOCKERR" Max="20" Min="-100"></item><item title="POWER" Max="14,5" Min="11,5" Avg="13"></item><item title="LOLEAKAGE" Max="-17" Min="-100"></item><item title="SPECTRUMMASK" Max="100" Min="0"></item><item title="SPECTRUMMARGIN" Max="1000" Min="0"></item></Criteria><Record><item title="Modulation" value="MCS0NSS1"></item><item title="Bandwidth" value="80"></item><item title="Channel" value="52"></item><item title="Antenna" value="3"></item><item title="ExpectedPower" value="13"></item><item title="Power" value="13"></item><item title="TestType" value="Tx"></item><item title="EVM" value="-21,8567" result="PASS"></item><item title="FREQERR" value="0,788424" result="PASS"></item><item title="SYMCLOCKERR" value="0,937074" result="PASS"></item><item title="POWER" value="10,394" result="FAIL"></item><item title="LOLEAKAGE" value="-33,4456" result="PASS"></item><item title="SPECTRUMMASK" value="16,1625" result="PASS"></item><item title="SPECTRUMMARGIN" value="16,1625" result="PASS"></item></Record><Criteria><item title="Modulation" value="MCS0NSS1"></item><item title="Bandwidth" value="80"></item><item title="Antenna" value="3"></item><item title="Channel" value="52"></item><item title="RfIcTemperature" value="60"></item><item title="CpuTemperature" value="61"></item><item title="ExpectedPower" value="14"></item><item title="EVM" Max="-5" Min="-100"></item><item title="FREQERR" Max="15" Min="-15"></item><item title="SYMCLOCKERR" Max="20" Min="-100"></item><item title="POWER" Max="15,5" Min="12,5" Avg="14"></item><item title="LOLEAKAGE" Max="-17" Min="-100"></item><item title="SPECTRUMMASK" Max="100" Min="0"></item><item title="SPECTRUMMARGIN" Max="1000" Min="0"></item></Criteria><Record><item title="Modulation" value="MCS0NSS1"></item><item title="Bandwidth" value="80"></item><item title="Channel" value="52"></item><item title="Antenna" value="3"></item><item title="ExpectedPower" value="14"></item><item title="Power" value="14"></item><item title="TestType" value="Tx"></item><item title="EVM" value="-21,8129" result="PASS"></item><item title="FREQERR" value="0,794486" result="PASS"></item><item title="SYMCLOCKERR" value="1,18098" result="PASS"></item><item title="POWER" value="11,5691" result="FAIL"></item><item title="LOLEAKAGE" value="-34,1922" result="PASS"></item><item title="SPECTRUMMASK" value="15,3663" result="PASS"></item><item title="SPECTRUMMARGIN" value="15,3663" result="PASS"></item></Record><Criteria><item title="Modulation" value="MCS0NSS1"></item><item title="Bandwidth" value="80"></item><item title="Antenna" value="3"></item><item title="Channel" value="52"></item><item title="RfIcTemperature" value="60"></item><item title="CpuTemperature" value="61"></item><item title="ExpectedPower" value="15"></item><item title="EVM" Max="-5" Min="-100"></item><item title="FREQERR" Max="15" Min="-15"></item><item title="SYMCLOCKERR" Max="20" Min="-100"></item><item title="POWER" Max="16,5" Min="13,5" Avg="15"></item><item title="LOLEAKAGE" Max="-17" Min="-100"></item><item title="SPECTRUMMASK" Max="100" Min="0"></item><item title="SPECTRUMMARGIN" Max="1000" Min="0"></item></Criteria><Record><item title="Modulation" value="MCS0NSS1"></item><item title="Bandwidth" value="80"></item><item title="Channel" value="52"></item><item title="Antenna" value="3"></item><item title="ExpectedPower" value="15"></item><item title="Power" value="15"></item><item title="TestType" value="Tx"></item><item title="EVM" value="-22,6901" result="PASS"></item><item title="FREQERR" value="0,794239" result="PASS"></item><item title="SYMCLOCKERR" value="0,914438" result="PASS"></item><item title="POWER" value="12,6063" result="FAIL"></item><item title="LOLEAKAGE" value="-38,0585" result="PASS"></item><item title="SPECTRUMMASK" value="16,8292" result="PASS"></item><item title="SPECTRUMMARGIN" value="16,8292" result="PASS"></item></Record><Criteria><item title="Modulation" value="MCS0NSS1"></item><item title="Bandwidth" value="80"></item><item title="Antenna" value="3"></item><item title="Channel" value="52"></item><item title="RfIcTemperature" value="60"></item><item title="CpuTemperature" value="61"></item><item title="ExpectedPower" value="16"></item><item title="EVM" Max="-5" Min="-100"></item><item title="FREQERR" Max="15" Min="-15"></item><item title="SYMCLOCKERR" Max="20" Min="-100"></item><item title="POWER" Max="17,5" Min="14,5" Avg="16"></item><item title="LOLEAKAGE" Max="-17" Min="-100"></item><item title="SPECTRUMMASK" Max="100" Min="0"></item><item title="SPECTRUMMARGIN" Max="1000" Min="0"></item></Criteria><Record><item title="Modulation" value="MCS0NSS1"></item><item title="Bandwidth" value="80"></item><item title="Channel" value="52"></item><item title="Antenna" value="3"></item><item title="ExpectedPower" value="16"></item><item title="Power" value="16"></item><item title="TestType" value="Tx"></item><item title="EVM" value="-21,8257" result="PASS"></item><item title="FREQERR" value="0,795291" result="PASS"></item><item title="SYMCLOCKERR" value="1,16112" result="PASS"></item><item title="POWER" value="13,8039" result="FAIL"></item><item title="LOLEAKAGE" value="-40,0583" result="PASS"></item><item title="SPECTRUMMASK" value="14,8496" result="PASS"></item><item title="SPECTRUMMARGIN" value="14,8496" result="PASS"></item></Record><Criteria><item title="Modulation" value="MCS0NSS1"></item><item title="Bandwidth" value="80"></item><item title="Antenna" value="3"></item><item title="Channel" value="52"></item><item title="RfIcTemperature" value="60"></item><item title="CpuTemperature" value="61"></item><item title="ExpectedPower" value="17"></item><item title="EVM" Max="-5" Min="-100"></item><item title="FREQERR" Max="15" Min="-15"></item><item title="SYMCLOCKERR" Max="20" Min="-100"></item><item title="POWER" Max="18,5" Min="15,5" Avg="17"></item><item title="LOLEAKAGE" Max="-17" Min="-100"></item><item title="SPECTRUMMASK" Max="100" Min="0"></item><item title="SPECTRUMMARGIN" Max="1000" Min="0"></item></Criteria><Record><item title="Modulation" value="MCS0NSS1"></item><item title="Bandwidth" value="80"></item><item title="Channel" value="52"></item><item title="Antenna" value="3"></item><item title="ExpectedPower" value="17"></item><item title="Power" value="17"></item><item title="TestType" value="Tx"></item><item title="EVM" value="-22,3547" result="PASS"></item><item title="FREQERR" value="0,798491" result="PASS"></item><item title="SYMCLOCKERR" value="0,93168" result="PASS"></item><item title="POWER" value="14,629" result="FAIL"></item><item title="LOLEAKAGE" value="-40,1765" result="PASS"></item><item title="SPECTRUMMASK" value="15,3994" result="PASS"></item><item title="SPECTRUMMARGIN" value="15,3994" result="PASS"></item></Record><Criteria><item title="Modulation" value="MCS0NSS1"></item><item title="Bandwidth" value="80"></item><item title="Antenna" value="3"></item><item title="Channel" value="52"></item><item title="RfIcTemperature" value="60"></item><item title="CpuTemperature" value="61"></item><item title="ExpectedPower" value="18"></item><item title="EVM" Max="-5" Min="-100"></item><item title="FREQERR" Max="15" Min="-15"></item><item title="SYMCLOCKERR" Max="20" Min="-100"></item><item title="POWER" Max="19,5" Min="16,5" Avg="18"></item><item title="LOLEAKAGE" Max="-17" Min="-100"></item><item title="SPECTRUMMASK" Max="100" Min="0"></item><item title="SPECTRUMMARGIN" Max="1000" Min="0"></item></Criteria><Record><item title="Modulation" value="MCS0NSS1"></item><item title="Bandwidth" value="80"></item><item title="Channel" value="52"></item><item title="Antenna" value="3"></item><item title="ExpectedPower" value="18"></item><item title="Power" value="18"></item><item title="TestType" value="Tx"></item><item title="EVM" value="-21,9574" result="PASS"></item><item title="FREQERR" value="0,795174" result="PASS"></item><item title="SYMCLOCKERR" value="1,98389" result="PASS"></item><item title="POWER" value="15,6555" result="FAIL"></item><item title="LOLEAKAGE" value="-48,1599" result="PASS"></item><item title="SPECTRUMMASK" value="14,7652" result="PASS"></item><item title="SPECTRUMMARGIN" value="14,7652" result="PASS"></item></Record><Criteria><item title="Modulation" value="MCS0NSS1"></item><item title="Bandwidth" value="80"></item><item title="Antenna" value="3"></item><item title="Channel" value="52"></item><item title="RfIcTemperature" value="60"></item><item title="CpuTemperature" value="61"></item><item title="ExpectedPower" value="19"></item><item title="EVM" Max="-5" Min="-100"></item><item title="FREQERR" Max="15" Min="-15"></item><item title="SYMCLOCKERR" Max="20" Min="-100"></item><item title="POWER" Max="20,5" Min="17,5" Avg="19"></item><item title="LOLEAKAGE" Max="-17" Min="-100"></item><item title="SPECTRUMMASK" Max="100" Min="0"></item><item title="SPECTRUMMARGIN" Max="1000" Min="0"></item></Criteria><Record><item title="Modulation" value="MCS0NSS1"></item><item title="Bandwidth" value="80"></item><item title="Channel" value="52"></item><item title="Antenna" value="3"></item><item title="ExpectedPower" value="19"></item><item title="Power" value="19"></item><item title="TestType" value="Tx"></item><item title="EVM" value="-21,5545" result="PASS"></item><item title="FREQERR" value="0,790783" result="PASS"></item><item title="SYMCLOCKERR" value="0,904892" result="PASS"></item><item title="POWER" value="16,7642" result="FAIL"></item><item title="LOLEAKAGE" value="-48,9322" result="PASS"></item><item title="SPECTRUMMASK" value="13,9347" result="PASS"></item><item title="SPECTRUMMARGIN" value="13,9347" result="PASS"></item></Record><Criteria><item title="Modulation" value="MCS0NSS1"></item><item title="Bandwidth" value="80"></item><item title="Antenna" value="3"></item><item title="Channel" value="52"></item><item title="RfIcTemperature" value="60"></item><item title="CpuTemperature" value="61"></item><item title="ExpectedPower" value="20"></item><item title="EVM" Max="-5" Min="-100"></item><item title="FREQERR" Max="15" Min="-15"></item><item title="SYMCLOCKERR" Max="20" Min="-100"></item><item title="POWER" Max="21,5" Min="18,5" Avg="20"></item><item title="LOLEAKAGE" Max="-17" Min="-100"></item><item title="SPECTRUMMASK" Max="100" Min="0"></item><item title="SPECTRUMMARGIN" Max="1000" Min="0"></item></Criteria><Record><item title="Modulation" value="MCS0NSS1"></item><item title="Bandwidth" value="80"></item><item title="Channel" value="52"></item><item title="Antenna" value="3"></item><item title="ExpectedPower" value="20"></item><item title="Power" value="20"></item><item title="TestType" value="Tx"></item><item title="EVM" value="-22,1315" result="PASS"></item><item title="FREQERR" value="0,793632" result="PASS"></item><item title="SYMCLOCKERR" value="0,878497" result="PASS"></item><item title="POWER" value="17,9578" result="FAIL"></item><item title="LOLEAKAGE" value="-54,142" result="PASS"></item><item title="SPECTRUMMASK" value="13,8805" result="PASS"></item><item title="SPECTRUMMARGIN" value="13,8805" result="PASS"></item></Record><Criteria><item title="Modulation" value="MCS0NSS1"></item><item title="Bandwidth" value="80"></item><item title="Antenna" value="3"></item><item title="Channel" value="52"></item><item title="RfIcTemperature" value="60"></item><item title="CpuTemperature" value="61"></item><item title="ExpectedPower" value="21"></item><item title="EVM" Max="-5" Min="-100"></item><item title="FREQERR" Max="15" Min="-15"></item><item title="SYMCLOCKERR" Max="20" Min="-100"></item><item title="POWER" Max="22,5" Min="19,5" Avg="21"></item><item title="LOLEAKAGE" Max="-17" Min="-100"></item><item title="SPECTRUMMASK" Max="100" Min="0"></item><item title="SPECTRUMMARGIN" Max="1000" Min="0"></item></Criteria><Record><item title="Modulation" value="MCS0NSS1"></item><item title="Bandwidth" value="80"></item><item title="Channel" value="52"></item><item title="Antenna" value="3"></item><item title="ExpectedPower" value="21"></item><item title="Power" value="21"></item><item title="TestType" value="Tx"></item><item title="EVM" value="-20,8071" result="PASS"></item><item title="FREQERR" value="0,798697" result="PASS"></item><item title="SYMCLOCKERR" value="0,963223" result="PASS"></item><item title="POWER" value="18,749" result="FAIL"></item><item title="LOLEAKAGE" value="-49,5494" result="PASS"></item><item title="SPECTRUMMASK" value="13,9297" result="PASS"></item><item title="SPECTRUMMARGIN" value="13,9297" result="PASS"></item></Record><Criteria><item title="Modulation" value="MCS0NSS1"></item><item title="Bandwidth" value="80"></item><item title="Antenna" value="3"></item><item title="Channel" value="52"></item><item title="RfIcTemperature" value="60"></item><item title="CpuTemperature" value="61"></item><item title="ExpectedPower" value="22"></item><item title="EVM" Max="-5" Min="-100"></item><item title="FREQERR" Max="15" Min="-15"></item><item title="SYMCLOCKERR" Max="20" Min="-100"></item><item title="POWER" Max="23,5" Min="20,5" Avg="22"></item><item title="LOLEAKAGE" Max="-17" Min="-100"></item><item title="SPECTRUMMASK" Max="100" Min="0"></item><item title="SPECTRUMMARGIN" Max="1000" Min="0"></item></Criteria><Record><item title="Modulation" value="MCS0NSS1"></item><item title="Bandwidth" value="80"></item><item title="Channel" value="52"></item><item title="Antenna" value="3"></item><item title="ExpectedPower" value="22"></item><item title="Power" value="22"></item><item title="TestType" value="Tx"></item><item title="EVM" value="-22,7943" result="PASS"></item><item title="FREQERR" value="0,795043" result="PASS"></item><item title="SYMCLOCKERR" value="0,460032" result="PASS"></item><item title="POWER" value="19,9242" result="FAIL"></item><item title="LOLEAKAGE" value="-47,5235" result="PASS"></item><item title="SPECTRUMMASK" value="14,8162" result="PASS"></item><item title="SPECTRUMMARGIN" value="14,8162" result="PASS"></item></Record><Criteria><item title="Modulation" value="MCS0NSS1"></item><item title="Bandwidth" value="80"></item><item title="Antenna" value="3"></item><item title="Channel" value="52"></item><item title="RfIcTemperature" value="60"></item><item title="CpuTemperature" value="61"></item><item title="ExpectedPower" value="23"></item><item title="EVM" Max="-5" Min="-100"></item><item title="FREQERR" Max="15" Min="-15"></item><item title="SYMCLOCKERR" Max="20" Min="-100"></item><item title="POWER" Max="24,5" Min="21,5" Avg="23"></item><item title="LOLEAKAGE" Max="-17" Min="-100"></item><item title="SPECTRUMMASK" Max="100" Min="0"></item><item title="SPECTRUMMARGIN" Max="1000" Min="0"></item></Criteria><Record><item title="Modulation" value="MCS0NSS1"></item><item title="Bandwidth" value="80"></item><item title="Channel" value="52"></item><item title="Antenna" value="3"></item><item title="ExpectedPower" value="23"></item><item title="Power" value="23"></item><item title="TestType" value="Tx"></item><item title="EVM" value="-22,2889" result="PASS"></item><item title="FREQERR" value="0,792379" result="PASS"></item><item title="SYMCLOCKERR" value="0,53802" result="PASS"></item><item title="POWER" value="21,0202" result="FAIL"></item><item title="LOLEAKAGE" value="-40,6289" result="PASS"></item><item title="SPECTRUMMASK" value="12,4257" result="PASS"></item><item title="SPECTRUMMARGIN" value="12,4257" result="PASS"></item></Record><Criteria><item title="Modulation" value="MCS0NSS1"></item><item title="Bandwidth" value="80"></item><item title="Antenna" value="3"></item><item title="Channel" value="52"></item><item title="RfIcTemperature" value="60"></item><item title="CpuTemperature" value="61"></item><item title="ExpectedPower" value="24"></item><item title="EVM" Max="-5" Min="-100"></item><item title="FREQERR" Max="15" Min="-15"></item><item title="SYMCLOCKERR" Max="20" Min="-100"></item><item title="POWER" Max="25,5" Min="22,5" Avg="24"></item><item title="LOLEAKAGE" Max="-17" Min="-100"></item><item title="SPECTRUMMASK" Max="100" Min="0"></item><item title="SPECTRUMMARGIN" Max="1000" Min="0"></item></Criteria><Record><item title="Modulation" value="MCS0NSS1"></item><item title="Bandwidth" value="80"></item><item title="Channel" value="52"></item><item title="Antenna" value="3"></item><item title="ExpectedPower" value="24"></item><item title="Power" value="24"></item><item title="TestType" value="Tx"></item><item title="EVM" value="-21,621" result="PASS"></item><item title="FREQERR" value="0,792273" result="PASS"></item><item title="SYMCLOCKERR" value="0,306997" result="PASS"></item><item title="POWER" value="22,0753" result="FAIL"></item><item title="LOLEAKAGE" value="-40,1639" result="PASS"></item><item title="SPECTRUMMASK" value="9,62857" result="PASS"></item><item title="SPECTRUMMARGIN" value="9,62857" result="PASS"></item></Record><Criteria><item title="Modulation" value="MCS0NSS1"></item><item title="Bandwidth" value="80"></item><item title="Antenna" value="3"></item><item title="Channel" value="52"></item><item title="RfIcTemperature" value="60"></item><item title="CpuTemperature" value="61"></item><item title="ExpectedPower" value="25"></item><item title="EVM" Max="-5" Min="-100"></item><item title="FREQERR" Max="15" Min="-15"></item><item title="SYMCLOCKERR" Max="20" Min="-100"></item><item title="POWER" Max="26,5" Min="23,5" Avg="25"></item><item title="LOLEAKAGE" Max="-17" Min="-100"></item><item title="SPECTRUMMASK" Max="100" Min="0"></item><item title="SPECTRUMMARGIN" Max="1000" Min="0"></item></Criteria><Record><item title="Modulation" value="MCS0NSS1"></item><item title="Bandwidth" value="80"></item><item title="Channel" value="52"></item><item title="Antenna" value="3"></item><item title="ExpectedPower" value="25"></item><item title="Power" value="25"></item><item title="TestType" value="Tx"></item><item title="EVM" value="-20,443" result="PASS"></item><item title="FREQERR" value="0,791482" result="PASS"></item><item title="SYMCLOCKERR" value="0,280885" result="PASS"></item><item title="POWER" value="22,9856" result="FAIL"></item><item title="LOLEAKAGE" value="-38,0959" result="PASS"></item><item title="SPECTRUMMASK" value="6,37533" result="PASS"></item><item title="SPECTRUMMARGIN" value="6,37533" result="PASS"></item></Record><Criteria><item title="Modulation" value="MCS0NSS1"></item><item title="Bandwidth" value="80"></item><item title="Antenna" value="0"></item><item title="Channel" value="100"></item><item title="RfIcTemperature" value="60"></item><item title="CpuTemperature" value="61"></item><item title="ExpectedPower" value="10"></item><item title="EVM" Max="-5" Min="-100"></item><item title="FREQERR" Max="15" Min="-15"></item><item title="SYMCLOCKERR" Max="20" Min="-100"></item><item title="POWER" Max="11,5" Min="8,5" Avg="10"></item><item title="LOLEAKAGE" Max="-17" Min="-100"></item><item title="SPECTRUMMASK" Max="100" Min="0"></item><item title="SPECTRUMMARGIN" Max="1000" Min="0"></item></Criteria><Record><item title="Modulation" value="MCS0NSS1"></item><item title="Bandwidth" value="80"></item><item title="Channel" value="100"></item><item title="Antenna" value="0"></item><item title="ExpectedPower" value="10"></item><item title="Power" value="10"></item><item title="TestType" value="Tx"></item><item title="EVM" value="-22,0834" result="PASS"></item><item title="FREQERR" value="0,759081" result="PASS"></item><item title="SYMCLOCKERR" value="1,82131" result="PASS"></item><item title="POWER" value="8,23622" result="FAIL"></item><item title="LOLEAKAGE" value="-30,933" result="PASS"></item><item title="SPECTRUMMASK" value="14,2424" result="PASS"></item><item title="SPECTRUMMARGIN" value="14,2424" result="PASS"></item></Record><Criteria><item title="Modulation" value="MCS0NSS1"></item><item title="Bandwidth" value="80"></item><item title="Antenna" value="0"></item><item title="Channel" value="100"></item><item title="RfIcTemperature" value="60"></item><item title="CpuTemperature" value="61"></item><item title="ExpectedPower" value="11"></item><item title="EVM" Max="-5" Min="-100"></item><item title="FREQERR" Max="15" Min="-15"></item><item title="SYMCLOCKERR" Max="20" Min="-100"></item><item title="POWER" Max="12,5" Min="9,5" Avg="11"></item><item title="LOLEAKAGE" Max="-17" Min="-100"></item><item title="SPECTRUMMASK" Max="100" Min="0"></item><item title="SPECTRUMMARGIN" Max="1000" Min="0"></item></Criteria><Record><item title="Modulation" value="MCS0NSS1"></item><item title="Bandwidth" value="80"></item><item title="Channel" value="100"></item><item title="Antenna" value="0"></item><item title="ExpectedPower" value="11"></item><item title="Power" value="11"></item><item title="TestType" value="Tx"></item><item title="EVM" value="-22,1496" result="PASS"></item><item title="FREQERR" value="0,753663" result="PASS"></item><item title="SYMCLOCKERR" value="1,55953" result="PASS"></item><item title="POWER" value="9,37869" result="FAIL"></item><item title="LOLEAKAGE" value="-31,6002" result="PASS"></item><item title="SPECTRUMMASK" value="13,4387" result="PASS"></item><item title="SPECTRUMMARGIN" value="13,4387" result="PASS"></item></Record><Criteria><item title="Modulation" value="MCS0NSS1"></item><item title="Bandwidth" value="80"></item><item title="Antenna" value="0"></item><item title="Channel" value="100"></item><item title="RfIcTemperature" value="60"></item><item title="CpuTemperature" value="61"></item><item title="ExpectedPower" value="12"></item><item title="EVM" Max="-5" Min="-100"></item><item title="FREQERR" Max="15" Min="-15"></item><item title="SYMCLOCKERR" Max="20" Min="-100"></item><item title="POWER" Max="13,5" Min="10,5" Avg="12"></item><item title="LOLEAKAGE" Max="-17" Min="-100"></item><item title="SPECTRUMMASK" Max="100" Min="0"></item><item title="SPECTRUMMARGIN" Max="1000" Min="0"></item></Criteria><Record><item title="Modulation" value="MCS0NSS1"></item><item title="Bandwidth" value="80"></item><item title="Channel" value="100"></item><item title="Antenna" value="0"></item><item title="ExpectedPower" value="12"></item><item title="Power" value="12"></item><item title="TestType" value="Tx"></item><item title="EVM" value="-21,6962" result="PASS"></item><item title="FREQERR" value="0,754708" result="PASS"></item><item title="SYMCLOCKERR" value="1,78947" result="PASS"></item><item title="POWER" value="10,4663" result="FAIL"></item><item title="LOLEAKAGE" value="-32,4675" result="PASS"></item><item title="SPECTRUMMASK" value="13,4377" result="PASS"></item><item title="SPECTRUMMARGIN" value="13,4377" result="PASS"></item></Record><Criteria><item title="Modulation" value="MCS0NSS1"></item><item title="Bandwidth" value="80"></item><item title="Antenna" value="0"></item><item title="Channel" value="100"></item><item title="RfIcTemperature" value="60"></item><item title="CpuTemperature" value="61"></item><item title="ExpectedPower" value="13"></item><item title="EVM" Max="-5" Min="-100"></item><item title="FREQERR" Max="15" Min="-15"></item><item title="SYMCLOCKERR" Max="20" Min="-100"></item><item title="POWER" Max="14,5" Min="11,5" Avg="13"></item><item title="LOLEAKAGE" Max="-17" Min="-100"></item><item title="SPECTRUMMASK" Max="100" Min="0"></item><item title="SPECTRUMMARGIN" Max="1000" Min="0"></item></Criteria><Record><item title="Modulation" value="MCS0NSS1"></item><item title="Bandwidth" value="80"></item><item title="Channel" value="100"></item><item title="Antenna" value="0"></item><item title="ExpectedPower" value="13"></item><item title="Power" value="13"></item><item title="TestType" value="Tx"></item><item title="EVM" value="-20,6966" result="PASS"></item><item title="FREQERR" value="0,758388" result="PASS"></item><item title="SYMCLOCKERR" value="1,07387" result="PASS"></item><item title="POWER" value="11,6661" result="PASS"></item><item title="LOLEAKAGE" value="-33,9725" result="PASS"></item><item title="SPECTRUMMASK" value="15,1234" result="PASS"></item><item title="SPECTRUMMARGIN" value="15,1234" result="PASS"></item></Record><Criteria><item title="Modulation" value="MCS0NSS1"></item><item title="Bandwidth" value="80"></item><item title="Antenna" value="0"></item><item title="Channel" value="100"></item><item title="RfIcTemperature" value="60"></item><item title="CpuTemperature" value="61"></item><item title="ExpectedPower" value="14"></item><item title="EVM" Max="-5" Min="-100"></item><item title="FREQERR" Max="15" Min="-15"></item><item title="SYMCLOCKERR" Max="20" Min="-100"></item><item title="POWER" Max="15,5" Min="12,5" Avg="14"></item><item title="LOLEAKAGE" Max="-17" Min="-100"></item><item title="SPECTRUMMASK" Max="100" Min="0"></item><item title="SPECTRUMMARGIN" Max="1000" Min="0"></item></Criteria><Record><item title="Modulation" value="MCS0NSS1"></item><item title="Bandwidth" value="80"></item><item title="Channel" value="100"></item><item title="Antenna" value="0"></item><item title="ExpectedPower" value="14"></item><item title="Power" value="14"></item><item title="TestType" value="Tx"></item><item title="EVM" value="-21,4939" result="PASS"></item><item title="FREQERR" value="0,761694" result="PASS"></item><item title="SYMCLOCKERR" value="1,66528" result="PASS"></item><item title="POWER" value="12,5245" result="PASS"></item><item title="LOLEAKAGE" value="-36,035" result="PASS"></item><item title="SPECTRUMMASK" value="14,9351" result="PASS"></item><item title="SPECTRUMMARGIN" value="14,9351" result="PASS"></item></Record><Criteria><item title="Modulation" value="MCS0NSS1"></item><item title="Bandwidth" value="80"></item><item title="Antenna" value="0"></item><item title="Channel" value="100"></item><item title="RfIcTemperature" value="60"></item><item title="CpuTemperature" value="61"></item><item title="ExpectedPower" value="15"></item><item title="EVM" Max="-5" Min="-100"></item><item title="FREQERR" Max="15" Min="-15"></item><item title="SYMCLOCKERR" Max="20" Min="-100"></item><item title="POWER" Max="16,5" Min="13,5" Avg="15"></item><item title="LOLEAKAGE" Max="-17" Min="-100"></item><item title="SPECTRUMMASK" Max="100" Min="0"></item><item title="SPECTRUMMARGIN" Max="1000" Min="0"></item></Criteria><Record><item title="Modulation" value="MCS0NSS1"></item><item title="Bandwidth" value="80"></item><item title="Channel" value="100"></item><item title="Antenna" value="0"></item><item title="ExpectedPower" value="15"></item><item title="Power" value="15"></item><item title="TestType" value="Tx"></item><item title="EVM" value="-21,8033" result="PASS"></item><item title="FREQERR" value="0,763854" result="PASS"></item><item title="SYMCLOCKERR" value="1,93943" result="PASS"></item><item title="POWER" value="13,346" result="FAIL"></item><item title="LOLEAKAGE" value="-37,3894" result="PASS"></item><item title="SPECTRUMMASK" value="13,6684" result="PASS"></item><item title="SPECTRUMMARGIN" value="13,6684" result="PASS"></item></Record><Criteria><item title="Modulation" value="MCS0NSS1"></item><item title="Bandwidth" value="80"></item><item title="Antenna" value="0"></item><item title="Channel" value="100"></item><item title="RfIcTemperature" value="60"></item><item title="CpuTemperature" value="61"></item><item title="ExpectedPower" value="16"></item><item title="EVM" Max="-5" Min="-100"></item><item title="FREQERR" Max="15" Min="-15"></item><item title="SYMCLOCKERR" Max="20" Min="-100"></item><item title="POWER" Max="17,5" Min="14,5" Avg="16"></item><item title="LOLEAKAGE" Max="-17" Min="-100"></item><item title="SPECTRUMMASK" Max="100" Min="0"></item><item title="SPECTRUMMARGIN" Max="1000" Min="0"></item></Criteria><Record><item title="Modulation" value="MCS0NSS1"></item><item title="Bandwidth" value="80"></item><item title="Channel" value="100"></item><item title="Antenna" value="0"></item><item title="ExpectedPower" value="16"></item><item title="Power" value="16"></item><item title="TestType" value="Tx"></item><item title="EVM" value="-21,1288" result="PASS"></item><item title="FREQERR" value="0,759801" result="PASS"></item><item title="SYMCLOCKERR" value="2,41144" result="PASS"></item><item title="POWER" value="14,5698" result="PASS"></item><item title="LOLEAKAGE" value="-39,26" result="PASS"></item><item title="SPECTRUMMASK" value="14,7537" result="PASS"></item><item title="SPECTRUMMARGIN" value="14,7537" result="PASS"></item></Record><Criteria><item title="Modulation" value="MCS0NSS1"></item><item title="Bandwidth" value="80"></item><item title="Antenna" value="0"></item><item title="Channel" value="100"></item><item title="RfIcTemperature" value="60"></item><item title="CpuTemperature" value="61"></item><item title="ExpectedPower" value="17"></item><item title="EVM" Max="-5" Min="-100"></item><item title="FREQERR" Max="15" Min="-15"></item><item title="SYMCLOCKERR" Max="20" Min="-100"></item><item title="POWER" Max="18,5" Min="15,5" Avg="17"></item><item title="LOLEAKAGE" Max="-17" Min="-100"></item><item title="SPECTRUMMASK" Max="100" Min="0"></item><item title="SPECTRUMMARGIN" Max="1000" Min="0"></item></Criteria><Record><item title="Modulation" value="MCS0NSS1"></item><item title="Bandwidth" value="80"></item><item title="Channel" value="100"></item><item title="Antenna" value="0"></item><item title="ExpectedPower" value="17"></item><item title="Power" value="17"></item><item title="TestType" value="Tx"></item><item title="EVM" value="-22,7835" result="PASS"></item><item title="FREQERR" value="0,763446" result="PASS"></item><item title="SYMCLOCKERR" value="1,49424" result="PASS"></item><item title="POWER" value="15,5126" result="PASS"></item><item title="LOLEAKAGE" value="-40,8745" result="PASS"></item><item title="SPECTRUMMASK" value="16,0998" result="PASS"></item><item title="SPECTRUMMARGIN" value="16,0998" result="PASS"></item></Record><Criteria><item title="Modulation" value="MCS0NSS1"></item><item title="Bandwidth" value="80"></item><item title="Antenna" value="0"></item><item title="Channel" value="100"></item><item title="RfIcTemperature" value="60"></item><item title="CpuTemperature" value="61"></item><item title="ExpectedPower" value="18"></item><item title="EVM" Max="-5" Min="-100"></item><item title="FREQERR" Max="15" Min="-15"></item><item title="SYMCLOCKERR" Max="20" Min="-100"></item><item title="POWER" Max="19,5" Min="16,5" Avg="18"></item><item title="LOLEAKAGE" Max="-17" Min="-100"></item><item title="SPECTRUMMASK" Max="100" Min="0"></item><item title="SPECTRUMMARGIN" Max="1000" Min="0"></item></Criteria><Record><item title="Modulation" value="MCS0NSS1"></item><item title="Bandwidth" value="80"></item><item title="Channel" value="100"></item><item title="Antenna" value="0"></item><item title="ExpectedPower" value="18"></item><item title="Power" value="18"></item><item title="TestType" value="Tx"></item><item title="EVM" value="-22,0553" result="PASS"></item><item title="FREQERR" value="0,762147" result="PASS"></item><item title="SYMCLOCKERR" value="1,34797" result="PASS"></item><item title="POWER" value="16,3788" result="FAIL"></item><item title="LOLEAKAGE" value="-48,4367" result="PASS"></item><item title="SPECTRUMMASK" value="14,9084" result="PASS"></item><item title="SPECTRUMMARGIN" value="14,9084" result="PASS"></item></Record><Criteria><item title="Modulation" value="MCS0NSS1"></item><item title="Bandwidth" value="80"></item><item title="Antenna" value="0"></item><item title="Channel" value="100"></item><item title="RfIcTemperature" value="60"></item><item title="CpuTemperature" value="61"></item><item title="ExpectedPower" value="19"></item><item title="EVM" Max="-5" Min="-100"></item><item title="FREQERR" Max="15" Min="-15"></item><item title="SYMCLOCKERR" Max="20" Min="-100"></item><item title="POWER" Max="20,5" Min="17,5" Avg="19"></item><item title="LOLEAKAGE" Max="-17" Min="-100"></item><item title="SPECTRUMMASK" Max="100" Min="0"></item><item title="SPECTRUMMARGIN" Max="1000" Min="0"></item></Criteria><Record><item title="Modulation" value="MCS0NSS1"></item><item title="Bandwidth" value="80"></item><item title="Channel" value="100"></item><item title="Antenna" value="0"></item><item title="ExpectedPower" value="19"></item><item title="Power" value="19"></item><item title="TestType" value="Tx"></item><item title="EVM" value="-21,9611" result="PASS"></item><item title="FREQERR" value="0,761311" result="PASS"></item><item title="SYMCLOCKERR" value="2,13145" result="PASS"></item><item title="POWER" value="17,3755" result="FAIL"></item><item title="LOLEAKAGE" value="-42,4618" result="PASS"></item><item title="SPECTRUMMASK" value="13,6529" result="PASS"></item><item title="SPECTRUMMARGIN" value="13,6529" result="PASS"></item></Record><Criteria><item title="Modulation" value="MCS0NSS1"></item><item title="Bandwidth" value="80"></item><item title="Antenna" value="0"></item><item title="Channel" value="100"></item><item title="RfIcTemperature" value="60"></item><item title="CpuTemperature" value="61"></item><item title="ExpectedPower" value="20"></item><item title="EVM" Max="-5" Min="-100"></item><item title="FREQERR" Max="15" Min="-15"></item><item title="SYMCLOCKERR" Max="20" Min="-100"></item><item title="POWER" Max="21,5" Min="18,5" Avg="20"></item><item title="LOLEAKAGE" Max="-17" Min="-100"></item><item title="SPECTRUMMASK" Max="100" Min="0"></item><item title="SPECTRUMMARGIN" Max="1000" Min="0"></item></Criteria><Record><item title="Modulation" value="MCS0NSS1"></item><item title="Bandwidth" value="80"></item><item title="Channel" value="100"></item><item title="Antenna" value="0"></item><item title="ExpectedPower" value="20"></item><item title="Power" value="20"></item><item title="TestType" value="Tx"></item><item title="EVM" value="-22,4569" result="PASS"></item><item title="FREQERR" value="0,759572" result="PASS"></item><item title="SYMCLOCKERR" value="1,90905" result="PASS"></item><item title="POWER" value="18,2134" result="FAIL"></item><item title="LOLEAKAGE" value="-48,603" result="PASS"></item><item title="SPECTRUMMASK" value="13,167" result="PASS"></item><item title="SPECTRUMMARGIN" value="13,167" result="PASS"></item></Record><Criteria><item title="Modulation" value="MCS0NSS1"></item><item title="Bandwidth" value="80"></item><item title="Antenna" value="0"></item><item title="Channel" value="100"></item><item title="RfIcTemperature" value="60"></item><item title="CpuTemperature" value="61"></item><item title="ExpectedPower" value="21"></item><item title="EVM" Max="-5" Min="-100"></item><item title="FREQERR" Max="15" Min="-15"></item><item title="SYMCLOCKERR" Max="20" Min="-100"></item><item title="POWER" Max="22,5" Min="19,5" Avg="21"></item><item title="LOLEAKAGE" Max="-17" Min="-100"></item><item title="SPECTRUMMASK" Max="100" Min="0"></item><item title="SPECTRUMMARGIN" Max="1000" Min="0"></item></Criteria><Record><item title="Modulation" value="MCS0NSS1"></item><item title="Bandwidth" value="80"></item><item title="Channel" value="100"></item><item title="Antenna" value="0"></item><item title="ExpectedPower" value="21"></item><item title="Power" value="21"></item><item title="TestType" value="Tx"></item><item title="EVM" value="-22,2968" result="PASS"></item><item title="FREQERR" value="0,755909" result="PASS"></item><item title="SYMCLOCKERR" value="1,49165" result="PASS"></item><item title="POWER" value="19,35" result="FAIL"></item><item title="LOLEAKAGE" value="-49,8896" result="PASS"></item><item title="SPECTRUMMASK" value="12,6516" result="PASS"></item><item title="SPECTRUMMARGIN" value="12,6516" result="PASS"></item></Record><Criteria><item title="Modulation" value="MCS0NSS1"></item><item title="Bandwidth" value="80"></item><item title="Antenna" value="0"></item><item title="Channel" value="100"></item><item title="RfIcTemperature" value="60"></item><item title="CpuTemperature" value="61"></item><item title="ExpectedPower" value="22"></item><item title="EVM" Max="-5" Min="-100"></item><item title="FREQERR" Max="15" Min="-15"></item><item title="SYMCLOCKERR" Max="20" Min="-100"></item><item title="POWER" Max="23,5" Min="20,5" Avg="22"></item><item title="LOLEAKAGE" Max="-17" Min="-100"></item><item title="SPECTRUMMASK" Max="100" Min="0"></item><item title="SPECTRUMMARGIN" Max="1000" Min="0"></item></Criteria><Record><item title="Modulation" value="MCS0NSS1"></item><item title="Bandwidth" value="80"></item><item title="Channel" value="100"></item><item title="Antenna" value="0"></item><item title="ExpectedPower" value="22"></item><item title="Power" value="22"></item><item title="TestType" value="Tx"></item><item title="EVM" value="-22,1004" result="PASS"></item><item title="FREQERR" value="0,756119" result="PASS"></item><item title="SYMCLOCKERR" value="2,00084" result="PASS"></item><item title="POWER" value="20,4392" result="FAIL"></item><item title="LOLEAKAGE" value="-53,1548" result="PASS"></item><item title="SPECTRUMMASK" value="13,3114" result="PASS"></item><item title="SPECTRUMMARGIN" value="13,3114" result="PASS"></item></Record><Criteria><item title="Modulation" value="MCS0NSS1"></item><item title="Bandwidth" value="80"></item><item title="Antenna" value="0"></item><item title="Channel" value="100"></item><item title="RfIcTemperature" value="60"></item><item title="CpuTemperature" value="61"></item><item title="ExpectedPower" value="23"></item><item title="EVM" Max="-5" Min="-100"></item><item title="FREQERR" Max="15" Min="-15"></item><item title="SYMCLOCKERR" Max="20" Min="-100"></item><item title="POWER" Max="24,5" Min="21,5" Avg="23"></item><item title="LOLEAKAGE" Max="-17" Min="-100"></item><item title="SPECTRUMMASK" Max="100" Min="0"></item><item title="SPECTRUMMARGIN" Max="1000" Min="0"></item></Criteria><Record><item title="Modulation" value="MCS0NSS1"></item><item title="Bandwidth" value="80"></item><item title="Channel" value="100"></item><item title="Antenna" value="0"></item><item title="ExpectedPower" value="23"></item><item title="Power" value="23"></item><item title="TestType" value="Tx"></item><item title="EVM" value="-21,0559" result="PASS"></item><item title="FREQERR" value="0,756559" result="PASS"></item><item title="SYMCLOCKERR" value="2,21168" result="PASS"></item><item title="POWER" value="21,5529" result="PASS"></item><item title="LOLEAKAGE" value="-47,1802" result="PASS"></item><item title="SPECTRUMMASK" value="10,0393" result="PASS"></item><item title="SPECTRUMMARGIN" value="10,0393" result="PASS"></item></Record><Criteria><item title="Modulation" value="MCS0NSS1"></item><item title="Bandwidth" value="80"></item><item title="Antenna" value="0"></item><item title="Channel" value="100"></item><item title="RfIcTemperature" value="60"></item><item title="CpuTemperature" value="61"></item><item title="ExpectedPower" value="24"></item><item title="EVM" Max="-5" Min="-100"></item><item title="FREQERR" Max="15" Min="-15"></item><item title="SYMCLOCKERR" Max="20" Min="-100"></item><item title="POWER" Max="25,5" Min="22,5" Avg="24"></item><item title="LOLEAKAGE" Max="-17" Min="-100"></item><item title="SPECTRUMMASK" Max="100" Min="0"></item><item title="SPECTRUMMARGIN" Max="1000" Min="0"></item></Criteria><Record><item title="Modulation" value="MCS0NSS1"></item><item title="Bandwidth" value="80"></item><item title="Channel" value="100"></item><item title="Antenna" value="0"></item><item title="ExpectedPower" value="24"></item><item title="Power" value="24"></item><item title="TestType" value="Tx"></item><item title="EVM" value="-20,9068" result="PASS"></item><item title="FREQERR" value="0,757998" result="PASS"></item><item title="SYMCLOCKERR" value="2,24325" result="PASS"></item><item title="POWER" value="22,3868" result="FAIL"></item><item title="LOLEAKAGE" value="-56,0653" result="PASS"></item><item title="SPECTRUMMASK" value="7,78511" result="PASS"></item><item title="SPECTRUMMARGIN" value="7,78511" result="PASS"></item></Record><Criteria><item title="Modulation" value="MCS0NSS1"></item><item title="Bandwidth" value="80"></item><item title="Antenna" value="0"></item><item title="Channel" value="100"></item><item title="RfIcTemperature" value="60"></item><item title="CpuTemperature" value="61"></item><item title="ExpectedPower" value="25"></item><item title="EVM" Max="-5" Min="-100"></item><item title="FREQERR" Max="15" Min="-15"></item><item title="SYMCLOCKERR" Max="20" Min="-100"></item><item title="POWER" Max="26,5" Min="23,5" Avg="25"></item><item title="LOLEAKAGE" Max="-17" Min="-100"></item><item title="SPECTRUMMASK" Max="100" Min="0"></item><item title="SPECTRUMMARGIN" Max="1000" Min="0"></item></Criteria><Record><item title="Modulation" value="MCS0NSS1"></item><item title="Bandwidth" value="80"></item><item title="Channel" value="100"></item><item title="Antenna" value="0"></item><item title="ExpectedPower" value="25"></item><item title="Power" value="25"></item><item title="TestType" value="Tx"></item><item title="EVM" value="-19,9623" result="PASS"></item><item title="FREQERR" value="0,750834" result="PASS"></item><item title="SYMCLOCKERR" value="1,22659" result="PASS"></item><item title="POWER" value="23,3236" result="FAIL"></item><item title="LOLEAKAGE" value="-46,2322" result="PASS"></item><item title="SPECTRUMMASK" value="5,31467" result="PASS"></item><item title="SPECTRUMMARGIN" value="5,31467" result="PASS"></item></Record><Criteria><item title="Modulation" value="MCS0NSS1"></item><item title="Bandwidth" value="80"></item><item title="Antenna" value="1"></item><item title="Channel" value="100"></item><item title="RfIcTemperature" value="60"></item><item title="CpuTemperature" value="61"></item><item title="ExpectedPower" value="10"></item><item title="EVM" Max="-5" Min="-100"></item><item title="FREQERR" Max="15" Min="-15"></item><item title="SYMCLOCKERR" Max="20" Min="-100"></item><item title="POWER" Max="11,5" Min="8,5" Avg="10"></item><item title="LOLEAKAGE" Max="-17" Min="-100"></item><item title="SPECTRUMMASK" Max="100" Min="0"></item><item title="SPECTRUMMARGIN" Max="1000" Min="0"></item></Criteria><Record><item title="Modulation" value="MCS0NSS1"></item><item title="Bandwidth" value="80"></item><item title="Channel" value="100"></item><item title="Antenna" value="1"></item><item title="ExpectedPower" value="10"></item><item title="Power" value="10"></item><item title="TestType" value="Tx"></item><item title="EVM" value="-21,7418" result="PASS"></item><item title="FREQERR" value="0,76287" result="PASS"></item><item title="SYMCLOCKERR" value="-0,454117" result="PASS"></item><item title="POWER" value="8,71709" result="PASS"></item><item title="LOLEAKAGE" value="-31,3069" result="PASS"></item><item title="SPECTRUMMASK" value="13,6638" result="PASS"></item><item title="SPECTRUMMARGIN" value="13,6638" result="PASS"></item></Record><Criteria><item title="Modulation" value="MCS0NSS1"></item><item title="Bandwidth" value="80"></item><item title="Antenna" value="1"></item><item title="Channel" value="100"></item><item title="RfIcTemperature" value="60"></item><item title="CpuTemperature" value="61"></item><item title="ExpectedPower" value="11"></item><item title="EVM" Max="-5" Min="-100"></item><item title="FREQERR" Max="15" Min="-15"></item><item title="SYMCLOCKERR" Max="20" Min="-100"></item><item title="POWER" Max="12,5" Min="9,5" Avg="11"></item><item title="LOLEAKAGE" Max="-17" Min="-100"></item><item title="SPECTRUMMASK" Max="100" Min="0"></item><item title="SPECTRUMMARGIN" Max="1000" Min="0"></item></Criteria><Record><item title="Modulation" value="MCS0NSS1"></item><item title="Bandwidth" value="80"></item><item title="Channel" value="100"></item><item title="Antenna" value="1"></item><item title="ExpectedPower" value="11"></item><item title="Power" value="11"></item><item title="TestType" value="Tx"></item><item title="EVM" value="-21,7067" result="PASS"></item><item title="FREQERR" value="0,761793" result="PASS"></item><item title="SYMCLOCKERR" value="0,221638" result="PASS"></item><item title="POWER" value="9,59017" result="PASS"></item><item title="LOLEAKAGE" value="-30,9168" result="PASS"></item><item title="SPECTRUMMASK" value="13,4708" result="PASS"></item><item title="SPECTRUMMARGIN" value="13,4708" result="PASS"></item></Record><Criteria><item title="Modulation" value="MCS0NSS1"></item><item title="Bandwidth" value="80"></item><item title="Antenna" value="1"></item><item title="Channel" value="100"></item><item title="RfIcTemperature" value="60"></item><item title="CpuTemperature" value="61"></item><item title="ExpectedPower" value="12"></item><item title="EVM" Max="-5" Min="-100"></item><item title="FREQERR" Max="15" Min="-15"></item><item title="SYMCLOCKERR" Max="20" Min="-100"></item><item title="POWER" Max="13,5" Min="10,5" Avg="12"></item><item title="LOLEAKAGE" Max="-17" Min="-100"></item><item title="SPECTRUMMASK" Max="100" Min="0"></item><item title="SPECTRUMMARGIN" Max="1000" Min="0"></item></Criteria><Record><item title="Modulation" value="MCS0NSS1"></item><item title="Bandwidth" value="80"></item><item title="Channel" value="100"></item><item title="Antenna" value="1"></item><item title="ExpectedPower" value="12"></item><item title="Power" value="12"></item><item title="TestType" value="Tx"></item><item title="EVM" value="-21,1412" result="PASS"></item><item title="FREQERR" value="0,758758" result="PASS"></item><item title="SYMCLOCKERR" value="-0,575225" result="PASS"></item><item title="POWER" value="10,7498" result="PASS"></item><item title="LOLEAKAGE" value="-30,1748" result="PASS"></item><item title="SPECTRUMMASK" value="14,2824" result="PASS"></item><item title="SPECTRUMMARGIN" value="14,2824" result="PASS"></item></Record><Criteria><item title="Modulation" value="MCS0NSS1"></item><item title="Bandwidth" value="80"></item><item title="Antenna" value="1"></item><item title="Channel" value="100"></item><item title="RfIcTemperature" value="60"></item><item title="CpuTemperature" value="61"></item><item title="ExpectedPower" value="13"></item><item title="EVM" Max="-5" Min="-100"></item><item title="FREQERR" Max="15" Min="-15"></item><item title="SYMCLOCKERR" Max="20" Min="-100"></item><item title="POWER" Max="14,5" Min="11,5" Avg="13"></item><item title="LOLEAKAGE" Max="-17" Min="-100"></item><item title="SPECTRUMMASK" Max="100" Min="0"></item><item title="SPECTRUMMARGIN" Max="1000" Min="0"></item></Criteria><Record><item title="Modulation" value="MCS0NSS1"></item><item title="Bandwidth" value="80"></item><item title="Channel" value="100"></item><item title="Antenna" value="1"></item><item title="ExpectedPower" value="13"></item><item title="Power" value="13"></item><item title="TestType" value="Tx"></item><item title="EVM" value="-22,1273" result="PASS"></item><item title="FREQERR" value="0,757928" result="PASS"></item><item title="SYMCLOCKERR" value="-0,263387" result="PASS"></item><item title="POWER" value="11,5336" result="PASS"></item><item title="LOLEAKAGE" value="-32,1938" result="PASS"></item><item title="SPECTRUMMASK" value="13,8891" result="PASS"></item><item title="SPECTRUMMARGIN" value="13,8891" result="PASS"></item></Record><Criteria><item title="Modulation" value="MCS0NSS1"></item><item title="Bandwidth" value="80"></item><item title="Antenna" value="1"></item><item title="Channel" value="100"></item><item title="RfIcTemperature" value="60"></item><item title="CpuTemperature" value="61"></item><item title="ExpectedPower" value="14"></item><item title="EVM" Max="-5" Min="-100"></item><item title="FREQERR" Max="15" Min="-15"></item><item title="SYMCLOCKERR" Max="20" Min="-100"></item><item title="POWER" Max="15,5" Min="12,5" Avg="14"></item><item title="LOLEAKAGE" Max="-17" Min="-100"></item><item title="SPECTRUMMASK" Max="100" Min="0"></item><item title="SPECTRUMMARGIN" Max="1000" Min="0"></item></Criteria><Record><item title="Modulation" value="MCS0NSS1"></item><item title="Bandwidth" value="80"></item><item title="Channel" value="100"></item><item title="Antenna" value="1"></item><item title="ExpectedPower" value="14"></item><item title="Power" value="14"></item><item title="TestType" value="Tx"></item><item title="EVM" value="-21,3845" result="PASS"></item><item title="FREQERR" value="0,760108" result="PASS"></item><item title="SYMCLOCKERR" value="-0,254612" result="PASS"></item><item title="POWER" value="12,6911" result="PASS"></item><item title="LOLEAKAGE" value="-31,4835" result="PASS"></item><item title="SPECTRUMMASK" value="14,9773" result="PASS"></item><item title="SPECTRUMMARGIN" value="14,9773" result="PASS"></item></Record><Criteria><item title="Modulation" value="MCS0NSS1"></item><item title="Bandwidth" value="80"></item><item title="Antenna" value="1"></item><item title="Channel" value="100"></item><item title="RfIcTemperature" value="60"></item><item title="CpuTemperature" value="61"></item><item title="ExpectedPower" value="15"></item><item title="EVM" Max="-5" Min="-100"></item><item title="FREQERR" Max="15" Min="-15"></item><item title="SYMCLOCKERR" Max="20" Min="-100"></item><item title="POWER" Max="16,5" Min="13,5" Avg="15"></item><item title="LOLEAKAGE" Max="-17" Min="-100"></item><item title="SPECTRUMMASK" Max="100" Min="0"></item><item title="SPECTRUMMARGIN" Max="1000" Min="0"></item></Criteria><Record><item title="Modulation" value="MCS0NSS1"></item><item title="Bandwidth" value="80"></item><item title="Channel" value="100"></item><item title="Antenna" value="1"></item><item title="ExpectedPower" value="15"></item><item title="Power" value="15"></item><item title="TestType" value="Tx"></item><item title="EVM" value="-21,3529" result="PASS"></item><item title="FREQERR" value="0,76167" result="PASS"></item><item title="SYMCLOCKERR" value="-0,0539355" result="PASS"></item><item title="POWER" value="13,7121" result="PASS"></item><item title="LOLEAKAGE" value="-36,239" result="PASS"></item><item title="SPECTRUMMASK" value="15,003" result="PASS"></item><item title="SPECTRUMMARGIN" value="15,003" result="PASS"></item></Record><Criteria><item title="Modulation" value="MCS0NSS1"></item><item title="Bandwidth" value="80"></item><item title="Antenna" value="1"></item><item title="Channel" value="100"></item><item title="RfIcTemperature" value="60"></item><item title="CpuTemperature" value="61"></item><item title="ExpectedPower" value="16"></item><item title="EVM" Max="-5" Min="-100"></item><item title="FREQERR" Max="15" Min="-15"></item><item title="SYMCLOCKERR" Max="20" Min="-100"></item><item title="POWER" Max="17,5" Min="14,5" Avg="16"></item><item title="LOLEAKAGE" Max="-17" Min="-100"></item><item title="SPECTRUMMASK" Max="100" Min="0"></item><item title="SPECTRUMMARGIN" Max="1000" Min="0"></item></Criteria><Record><item title="Modulation" value="MCS0NSS1"></item><item title="Bandwidth" value="80"></item><item title="Channel" value="100"></item><item title="Antenna" value="1"></item><item title="ExpectedPower" value="16"></item><item title="Power" value="16"></item><item title="TestType" value="Tx"></item><item title="EVM" value="-21,9645" result="PASS"></item><item title="FREQERR" value="0,761511" result="PASS"></item><item title="SYMCLOCKERR" value="0,688898" result="PASS"></item><item title="POWER" value="14,4852" result="FAIL"></item><item title="LOLEAKAGE" value="-38,3898" result="PASS"></item><item title="SPECTRUMMASK" value="14,5725" result="PASS"></item><item title="SPECTRUMMARGIN" value="14,5725" result="PASS"></item></Record><Criteria><item title="Modulation" value="MCS0NSS1"></item><item title="Bandwidth" value="80"></item><item title="Antenna" value="1"></item><item title="Channel" value="100"></item><item title="RfIcTemperature" value="60"></item><item title="CpuTemperature" value="61"></item><item title="ExpectedPower" value="17"></item><item title="EVM" Max="-5" Min="-100"></item><item title="FREQERR" Max="15" Min="-15"></item><item title="SYMCLOCKERR" Max="20" Min="-100"></item><item title="POWER" Max="18,5" Min="15,5" Avg="17"></item><item title="LOLEAKAGE" Max="-17" Min="-100"></item><item title="SPECTRUMMASK" Max="100" Min="0"></item><item title="SPECTRUMMARGIN" Max="1000" Min="0"></item></Criteria><Record><item title="Modulation" value="MCS0NSS1"></item><item title="Bandwidth" value="80"></item><item title="Channel" value="100"></item><item title="Antenna" value="1"></item><item title="ExpectedPower" value="17"></item><item title="Power" value="17"></item><item title="TestType" value="Tx"></item><item title="EVM" value="-21,621" result="PASS"></item><item title="FREQERR" value="0,754409" result="PASS"></item><item title="SYMCLOCKERR" value="0,728332" result="PASS"></item><item title="POWER" value="15,6757" result="PASS"></item><item title="LOLEAKAGE" value="-39,0226" result="PASS"></item><item title="SPECTRUMMASK" value="15,6817" result="PASS"></item><item title="SPECTRUMMARGIN" value="15,6817" result="PASS"></item></Record><Criteria><item title="Modulation" value="MCS0NSS1"></item><item title="Bandwidth" value="80"></item><item title="Antenna" value="1"></item><item title="Channel" value="100"></item><item title="RfIcTemperature" value="60"></item><item title="CpuTemperature" value="61"></item><item title="ExpectedPower" value="18"></item><item title="EVM" Max="-5" Min="-100"></item><item title="FREQERR" Max="15" Min="-15"></item><item title="SYMCLOCKERR" Max="20" Min="-100"></item><item title="POWER" Max="19,5" Min="16,5" Avg="18"></item><item title="LOLEAKAGE" Max="-17" Min="-100"></item><item title="SPECTRUMMASK" Max="100" Min="0"></item><item title="SPECTRUMMARGIN" Max="1000" Min="0"></item></Criteria><Record><item title="Modulation" value="MCS0NSS1"></item><item title="Bandwidth" value="80"></item><item title="Channel" value="100"></item><item title="Antenna" value="1"></item><item title="ExpectedPower" value="18"></item><item title="Power" value="18"></item><item title="TestType" value="Tx"></item><item title="EVM" value="-22,0783" result="PASS"></item><item title="FREQERR" value="0,758399" result="PASS"></item><item title="SYMCLOCKERR" value="-0,133959" result="PASS"></item><item title="POWER" value="16,5035" result="PASS"></item><item title="LOLEAKAGE" value="-39,391" result="PASS"></item><item title="SPECTRUMMASK" value="14,0804" result="PASS"></item><item title="SPECTRUMMARGIN" value="14,0804" result="PASS"></item></Record><Criteria><item title="Modulation" value="MCS0NSS1"></item><item title="Bandwidth" value="80"></item><item title="Antenna" value="1"></item><item title="Channel" value="100"></item><item title="RfIcTemperature" value="60"></item><item title="CpuTemperature" value="61"></item><item title="ExpectedPower" value="19"></item><item title="EVM" Max="-5" Min="-100"></item><item title="FREQERR" Max="15" Min="-15"></item><item title="SYMCLOCKERR" Max="20" Min="-100"></item><item title="POWER" Max="20,5" Min="17,5" Avg="19"></item><item title="LOLEAKAGE" Max="-17" Min="-100"></item><item title="SPECTRUMMASK" Max="100" Min="0"></item><item title="SPECTRUMMARGIN" Max="1000" Min="0"></item></Criteria><Record><item title="Modulation" value="MCS0NSS1"></item><item title="Bandwidth" value="80"></item><item title="Channel" value="100"></item><item title="Antenna" value="1"></item><item title="ExpectedPower" value="19"></item><item title="Power" value="19"></item><item title="TestType" value="Tx"></item><item title="EVM" value="-21,8971" result="PASS"></item><item title="FREQERR" value="0,758979" result="PASS"></item><item title="SYMCLOCKERR" value="0,842895" result="PASS"></item><item title="POWER" value="17,6237" result="PASS"></item><item title="LOLEAKAGE" value="-45,3183" result="PASS"></item><item title="SPECTRUMMASK" value="14,0916" result="PASS"></item><item title="SPECTRUMMARGIN" value="14,0916" result="PASS"></item></Record><Criteria><item title="Modulation" value="MCS0NSS1"></item><item title="Bandwidth" value="80"></item><item title="Antenna" value="1"></item><item title="Channel" value="100"></item><item title="RfIcTemperature" value="60"></item><item title="CpuTemperature" value="61"></item><item title="ExpectedPower" value="20"></item><item title="EVM" Max="-5" Min="-100"></item><item title="FREQERR" Max="15" Min="-15"></item><item title="SYMCLOCKERR" Max="20" Min="-100"></item><item title="POWER" Max="21,5" Min="18,5" Avg="20"></item><item title="LOLEAKAGE" Max="-17" Min="-100"></item><item title="SPECTRUMMASK" Max="100" Min="0"></item><item title="SPECTRUMMARGIN" Max="1000" Min="0"></item></Criteria><Record><item title="Modulation" value="MCS0NSS1"></item><item title="Bandwidth" value="80"></item><item title="Channel" value="100"></item><item title="Antenna" value="1"></item><item title="ExpectedPower" value="20"></item><item title="Power" value="20"></item><item title="TestType" value="Tx"></item><item title="EVM" value="-22,3774" result="PASS"></item><item title="FREQERR" value="0,762778" result="PASS"></item><item title="SYMCLOCKERR" value="-0,592424" result="PASS"></item><item title="POWER" value="18,6305" result="PASS"></item><item title="LOLEAKAGE" value="-41,8069" result="PASS"></item><item title="SPECTRUMMASK" value="13,8792" result="PASS"></item><item title="SPECTRUMMARGIN" value="13,8792" result="PASS"></item></Record><Criteria><item title="Modulation" value="MCS0NSS1"></item><item title="Bandwidth" value="80"></item><item title="Antenna" value="1"></item><item title="Channel" value="100"></item><item title="RfIcTemperature" value="60"></item><item title="CpuTemperature" value="61"></item><item title="ExpectedPower" value="21"></item><item title="EVM" Max="-5" Min="-100"></item><item title="FREQERR" Max="15" Min="-15"></item><item title="SYMCLOCKERR" Max="20" Min="-100"></item><item title="POWER" Max="22,5" Min="19,5" Avg="21"></item><item title="LOLEAKAGE" Max="-17" Min="-100"></item><item title="SPECTRUMMASK" Max="100" Min="0"></item><item title="SPECTRUMMARGIN" Max="1000" Min="0"></item></Criteria><Record><item title="Modulation" value="MCS0NSS1"></item><item title="Bandwidth" value="80"></item><item title="Channel" value="100"></item><item title="Antenna" value="1"></item><item title="ExpectedPower" value="21"></item><item title="Power" value="21"></item><item title="TestType" value="Tx"></item><item title="EVM" value="-22,4294" result="PASS"></item><item title="FREQERR" value="0,748727" result="PASS"></item><item title="SYMCLOCKERR" value="0,55664" result="PASS"></item><item title="POWER" value="19,7305" result="PASS"></item><item title="LOLEAKAGE" value="-46,6161" result="PASS"></item><item title="SPECTRUMMASK" value="13,02" result="PASS"></item><item title="SPECTRUMMARGIN" value="13,02" result="PASS"></item></Record><Criteria><item title="Modulation" value="MCS0NSS1"></item><item title="Bandwidth" value="80"></item><item title="Antenna" value="1"></item><item title="Channel" value="100"></item><item title="RfIcTemperature" value="60"></item><item title="CpuTemperature" value="61"></item><item title="ExpectedPower" value="22"></item><item title="EVM" Max="-5" Min="-100"></item><item title="FREQERR" Max="15" Min="-15"></item><item title="SYMCLOCKERR" Max="20" Min="-100"></item><item title="POWER" Max="23,5" Min="20,5" Avg="22"></item><item title="LOLEAKAGE" Max="-17" Min="-100"></item><item title="SPECTRUMMASK" Max="100" Min="0"></item><item title="SPECTRUMMARGIN" Max="1000" Min="0"></item></Criteria><Record><item title="Modulation" value="MCS0NSS1"></item><item title="Bandwidth" value="80"></item><item title="Channel" value="100"></item><item title="Antenna" value="1"></item><item title="ExpectedPower" value="22"></item><item title="Power" value="22"></item><item title="TestType" value="Tx"></item><item title="EVM" value="-22,0948" result="PASS"></item><item title="FREQERR" value="0,751564" result="PASS"></item><item title="SYMCLOCKERR" value="0,24127" result="PASS"></item><item title="POWER" value="20,557" result="PASS"></item><item title="LOLEAKAGE" value="-55,2284" result="PASS"></item><item title="SPECTRUMMASK" value="10,3159" result="PASS"></item><item title="SPECTRUMMARGIN" value="10,3159" result="PASS"></item></Record><Criteria><item title="Modulation" value="MCS0NSS1"></item><item title="Bandwidth" value="80"></item><item title="Antenna" value="1"></item><item title="Channel" value="100"></item><item title="RfIcTemperature" value="60"></item><item title="CpuTemperature" value="61"></item><item title="ExpectedPower" value="23"></item><item title="EVM" Max="-5" Min="-100"></item><item title="FREQERR" Max="15" Min="-15"></item><item title="SYMCLOCKERR" Max="20" Min="-100"></item><item title="POWER" Max="24,5" Min="21,5" Avg="23"></item><item title="LOLEAKAGE" Max="-17" Min="-100"></item><item title="SPECTRUMMASK" Max="100" Min="0"></item><item title="SPECTRUMMARGIN" Max="1000" Min="0"></item></Criteria><Record><item title="Modulation" value="MCS0NSS1"></item><item title="Bandwidth" value="80"></item><item title="Channel" value="100"></item><item title="Antenna" value="1"></item><item title="ExpectedPower" value="23"></item><item title="Power" value="23"></item><item title="TestType" value="Tx"></item><item title="EVM" value="-20,6249" result="PASS"></item><item title="FREQERR" value="0,750047" result="PASS"></item><item title="SYMCLOCKERR" value="0,576853" result="PASS"></item><item title="POWER" value="21,5996" result="PASS"></item><item title="LOLEAKAGE" value="-53,3453" result="PASS"></item><item title="SPECTRUMMASK" value="6,17762" result="PASS"></item><item title="SPECTRUMMARGIN" value="6,17762" result="PASS"></item></Record><Criteria><item title="Modulation" value="MCS0NSS1"></item><item title="Bandwidth" value="80"></item><item title="Antenna" value="1"></item><item title="Channel" value="100"></item><item title="RfIcTemperature" value="60"></item><item title="CpuTemperature" value="61"></item><item title="ExpectedPower" value="24"></item><item title="EVM" Max="-5" Min="-100"></item><item title="FREQERR" Max="15" Min="-15"></item><item title="SYMCLOCKERR" Max="20" Min="-100"></item><item title="POWER" Max="25,5" Min="22,5" Avg="24"></item><item title="LOLEAKAGE" Max="-17" Min="-100"></item><item title="SPECTRUMMASK" Max="100" Min="0"></item><item title="SPECTRUMMARGIN" Max="1000" Min="0"></item></Criteria><Record><item title="Modulation" value="MCS0NSS1"></item><item title="Bandwidth" value="80"></item><item title="Channel" value="100"></item><item title="Antenna" value="1"></item><item title="ExpectedPower" value="24"></item><item title="Power" value="24"></item><item title="TestType" value="Tx"></item><item title="EVM" value="-18,7865" result="PASS"></item><item title="FREQERR" value="0,747411" result="PASS"></item><item title="SYMCLOCKERR" value="-0,793681" result="PASS"></item><item title="POWER" value="22,4568" result="FAIL"></item><item title="LOLEAKAGE" value="-46,1456" result="PASS"></item><item title="SPECTRUMMASK" value="2,70402" result="PASS"></item><item title="SPECTRUMMARGIN" value="2,70402" result="PASS"></item></Record><Criteria><item title="Modulation" value="MCS0NSS1"></item><item title="Bandwidth" value="80"></item><item title="Antenna" value="1"></item><item title="Channel" value="100"></item><item title="RfIcTemperature" value="60"></item><item title="CpuTemperature" value="61"></item><item title="ExpectedPower" value="25"></item><item title="EVM" Max="-5" Min="-100"></item><item title="FREQERR" Max="15" Min="-15"></item><item title="SYMCLOCKERR" Max="20" Min="-100"></item><item title="POWER" Max="26,5" Min="23,5" Avg="25"></item><item title="LOLEAKAGE" Max="-17" Min="-100"></item><item title="SPECTRUMMASK" Max="100" Min="0"></item><item title="SPECTRUMMARGIN" Max="1000" Min="0"></item></Criteria><Record><item title="Modulation" value="MCS0NSS1"></item><item title="Bandwidth" value="80"></item><item title="Channel" value="100"></item><item title="Antenna" value="1"></item><item title="ExpectedPower" value="25"></item><item title="Power" value="25"></item><item title="TestType" value="Tx"></item><item title="EVM" value="-16,0485" result="PASS"></item><item title="FREQERR" value="0,740599" result="PASS"></item><item title="SYMCLOCKERR" value="-0,643878" result="PASS"></item><item title="POWER" value="23,2697" result="FAIL"></item><item title="LOLEAKAGE" value="-42,7681" result="PASS"></item><item title="SPECTRUMMASK" value="0,491299" result="PASS"></item><item title="SPECTRUMMARGIN" value="0,491299" result="PASS"></item></Record><Criteria><item title="Modulation" value="MCS0NSS1"></item><item title="Bandwidth" value="80"></item><item title="Antenna" value="2"></item><item title="Channel" value="100"></item><item title="RfIcTemperature" value="60"></item><item title="CpuTemperature" value="61"></item><item title="ExpectedPower" value="10"></item><item title="EVM" Max="-5" Min="-100"></item><item title="FREQERR" Max="15" Min="-15"></item><item title="SYMCLOCKERR" Max="20" Min="-100"></item><item title="POWER" Max="11,5" Min="8,5" Avg="10"></item><item title="LOLEAKAGE" Max="-17" Min="-100"></item><item title="SPECTRUMMASK" Max="100" Min="0"></item><item title="SPECTRUMMARGIN" Max="1000" Min="0"></item></Criteria><Record><item title="Modulation" value="MCS0NSS1"></item><item title="Bandwidth" value="80"></item><item title="Channel" value="100"></item><item title="Antenna" value="2"></item><item title="ExpectedPower" value="10"></item><item title="Power" value="10"></item><item title="TestType" value="Tx"></item><item title="EVM" value="-21,0456" result="PASS"></item><item title="FREQERR" value="0,748795" result="PASS"></item><item title="SYMCLOCKERR" value="-0,368202" result="PASS"></item><item title="POWER" value="8,45289" result="FAIL"></item><item title="LOLEAKAGE" value="-30,7445" result="PASS"></item><item title="SPECTRUMMASK" value="15,3663" result="PASS"></item><item title="SPECTRUMMARGIN" value="15,3663" result="PASS"></item></Record><Criteria><item title="Modulation" value="MCS0NSS1"></item><item title="Bandwidth" value="80"></item><item title="Antenna" value="2"></item><item title="Channel" value="100"></item><item title="RfIcTemperature" value="60"></item><item title="CpuTemperature" value="61"></item><item title="ExpectedPower" value="11"></item><item title="EVM" Max="-5" Min="-100"></item><item title="FREQERR" Max="15" Min="-15"></item><item title="SYMCLOCKERR" Max="20" Min="-100"></item><item title="POWER" Max="12,5" Min="9,5" Avg="11"></item><item title="LOLEAKAGE" Max="-17" Min="-100"></item><item title="SPECTRUMMASK" Max="100" Min="0"></item><item title="SPECTRUMMARGIN" Max="1000" Min="0"></item></Criteria><Record><item title="Modulation" value="MCS0NSS1"></item><item title="Bandwidth" value="80"></item><item title="Channel" value="100"></item><item title="Antenna" value="2"></item><item title="ExpectedPower" value="11"></item><item title="Power" value="11"></item><item title="TestType" value="Tx"></item><item title="EVM" value="-20,9197" result="PASS"></item><item title="FREQERR" value="0,74976" result="PASS"></item><item title="SYMCLOCKERR" value="-0,591945" result="PASS"></item><item title="POWER" value="9,50195" result="PASS"></item><item title="LOLEAKAGE" value="-31,1201" result="PASS"></item><item title="SPECTRUMMASK" value="15,609" result="PASS"></item><item title="SPECTRUMMARGIN" value="15,609" result="PASS"></item></Record><Criteria><item title="Modulation" value="MCS0NSS1"></item><item title="Bandwidth" value="80"></item><item title="Antenna" value="2"></item><item title="Channel" value="100"></item><item title="RfIcTemperature" value="60"></item><item title="CpuTemperature" value="61"></item><item title="ExpectedPower" value="12"></item><item title="EVM" Max="-5" Min="-100"></item><item title="FREQERR" Max="15" Min="-15"></item><item title="SYMCLOCKERR" Max="20" Min="-100"></item><item title="POWER" Max="13,5" Min="10,5" Avg="12"></item><item title="LOLEAKAGE" Max="-17" Min="-100"></item><item title="SPECTRUMMASK" Max="100" Min="0"></item><item title="SPECTRUMMARGIN" Max="1000" Min="0"></item></Criteria><Record><item title="Modulation" value="MCS0NSS1"></item><item title="Bandwidth" value="80"></item><item title="Channel" value="100"></item><item title="Antenna" value="2"></item><item title="ExpectedPower" value="12"></item><item title="Power" value="12"></item><item title="TestType" value="Tx"></item><item title="EVM" value="-21,0299" result="PASS"></item><item title="FREQERR" value="0,747321" result="PASS"></item><item title="SYMCLOCKERR" value="0,160257" result="PASS"></item><item title="POWER" value="10,6957" result="PASS"></item><item title="LOLEAKAGE" value="-30,8921" result="PASS"></item><item title="SPECTRUMMASK" value="16,1865" result="PASS"></item><item title="SPECTRUMMARGIN" value="16,1865" result="PASS"></item></Record><Criteria><item title="Modulation" value="MCS0NSS1"></item><item title="Bandwidth" value="80"></item><item title="Antenna" value="2"></item><item title="Channel" value="100"></item><item title="RfIcTemperature" value="60"></item><item title="CpuTemperature" value="61"></item><item title="ExpectedPower" value="13"></item><item title="EVM" Max="-5" Min="-100"></item><item title="FREQERR" Max="15" Min="-15"></item><item title="SYMCLOCKERR" Max="20" Min="-100"></item><item title="POWER" Max="14,5" Min="11,5" Avg="13"></item><item title="LOLEAKAGE" Max="-17" Min="-100"></item><item title="SPECTRUMMASK" Max="100" Min="0"></item><item title="SPECTRUMMARGIN" Max="1000" Min="0"></item></Criteria><Record><item title="Modulation" value="MCS0NSS1"></item><item title="Bandwidth" value="80"></item><item title="Channel" value="100"></item><item title="Antenna" value="2"></item><item title="ExpectedPower" value="13"></item><item title="Power" value="13"></item><item title="TestType" value="Tx"></item><item title="EVM" value="-22,0449" result="PASS"></item><item title="FREQERR" value="0,744888" result="PASS"></item><item title="SYMCLOCKERR" value="-0,636981" result="PASS"></item><item title="POWER" value="11,5257" result="PASS"></item><item title="LOLEAKAGE" value="-31,4641" result="PASS"></item><item title="SPECTRUMMASK" value="13,957" result="PASS"></item><item title="SPECTRUMMARGIN" value="13,957" result="PASS"></item></Record><Criteria><item title="Modulation" value="MCS0NSS1"></item><item title="Bandwidth" value="80"></item><item title="Antenna" value="2"></item><item title="Channel" value="100"></item><item title="RfIcTemperature" value="60"></item><item title="CpuTemperature" value="61"></item><item title="ExpectedPower" value="14"></item><item title="EVM" Max="-5" Min="-100"></item><item title="FREQERR" Max="15" Min="-15"></item><item title="SYMCLOCKERR" Max="20" Min="-100"></item><item title="POWER" Max="15,5" Min="12,5" Avg="14"></item><item title="LOLEAKAGE" Max="-17" Min="-100"></item><item title="SPECTRUMMASK" Max="100" Min="0"></item><item title="SPECTRUMMARGIN" Max="1000" Min="0"></item></Criteria><Record><item title="Modulation" value="MCS0NSS1"></item><item title="Bandwidth" value="80"></item><item title="Channel" value="100"></item><item title="Antenna" value="2"></item><item title="ExpectedPower" value="14"></item><item title="Power" value="14"></item><item title="TestType" value="Tx"></item><item title="EVM" value="-20,4362" result="PASS"></item><item title="FREQERR" value="0,748124" result="PASS"></item><item title="SYMCLOCKERR" value="0,0542286" result="PASS"></item><item title="POWER" value="12,8286" result="PASS"></item><item title="LOLEAKAGE" value="-36,6272" result="PASS"></item><item title="SPECTRUMMASK" value="14,1913" result="PASS"></item><item title="SPECTRUMMARGIN" value="14,1913" result="PASS"></item></Record><Criteria><item title="Modulation" value="MCS0NSS1"></item><item title="Bandwidth" value="80"></item><item title="Antenna" value="2"></item><item title="Channel" value="100"></item><item title="RfIcTemperature" value="60"></item><item title="CpuTemperature" value="61"></item><item title="ExpectedPower" value="15"></item><item title="EVM" Max="-5" Min="-100"></item><item title="FREQERR" Max="15" Min="-15"></item><item title="SYMCLOCKERR" Max="20" Min="-100"></item><item title="POWER" Max="16,5" Min="13,5" Avg="15"></item><item title="LOLEAKAGE" Max="-17" Min="-100"></item><item title="SPECTRUMMASK" Max="100" Min="0"></item><item title="SPECTRUMMARGIN" Max="1000" Min="0"></item></Criteria><Record><item title="Modulation" value="MCS0NSS1"></item><item title="Bandwidth" value="80"></item><item title="Channel" value="100"></item><item title="Antenna" value="2"></item><item title="ExpectedPower" value="15"></item><item title="Power" value="15"></item><item title="TestType" value="Tx"></item><item title="EVM" value="-22,1199" result="PASS"></item><item title="FREQERR" value="0,747512" result="PASS"></item><item title="SYMCLOCKERR" value="-0,178818" result="PASS"></item><item title="POWER" value="13,5047" result="PASS"></item><item title="LOLEAKAGE" value="-34,023" result="PASS"></item><item title="SPECTRUMMASK" value="15,1541" result="PASS"></item><item title="SPECTRUMMARGIN" value="15,1541" result="PASS"></item></Record><Criteria><item title="Modulation" value="MCS0NSS1"></item><item title="Bandwidth" value="80"></item><item title="Antenna" value="2"></item><item title="Channel" value="100"></item><item title="RfIcTemperature" value="60"></item><item title="CpuTemperature" value="61"></item><item title="ExpectedPower" value="16"></item><item title="EVM" Max="-5" Min="-100"></item><item title="FREQERR" Max="15" Min="-15"></item><item title="SYMCLOCKERR" Max="20" Min="-100"></item><item title="POWER" Max="17,5" Min="14,5" Avg="16"></item><item title="LOLEAKAGE" Max="-17" Min="-100"></item><item title="SPECTRUMMASK" Max="100" Min="0"></item><item title="SPECTRUMMARGIN" Max="1000" Min="0"></item></Criteria><Record><item title="Modulation" value="MCS0NSS1"></item><item title="Bandwidth" value="80"></item><item title="Channel" value="100"></item><item title="Antenna" value="2"></item><item title="ExpectedPower" value="16"></item><item title="Power" value="16"></item><item title="TestType" value="Tx"></item><item title="EVM" value="-21,8595" result="PASS"></item><item title="FREQERR" value="0,743575" result="PASS"></item><item title="SYMCLOCKERR" value="-0,749954" result="PASS"></item><item title="POWER" value="14,9064" result="PASS"></item><item title="LOLEAKAGE" value="-38,6448" result="PASS"></item><item title="SPECTRUMMASK" value="13,8889" result="PASS"></item><item title="SPECTRUMMARGIN" value="13,8889" result="PASS"></item></Record><Criteria><item title="Modulation" value="MCS0NSS1"></item><item title="Bandwidth" value="80"></item><item title="Antenna" value="2"></item><item title="Channel" value="100"></item><item title="RfIcTemperature" value="60"></item><item title="CpuTemperature" value="61"></item><item title="ExpectedPower" value="17"></item><item title="EVM" Max="-5" Min="-100"></item><item title="FREQERR" Max="15" Min="-15"></item><item title="SYMCLOCKERR" Max="20" Min="-100"></item><item title="POWER" Max="18,5" Min="15,5" Avg="17"></item><item title="LOLEAKAGE" Max="-17" Min="-100"></item><item title="SPECTRUMMASK" Max="100" Min="0"></item><item title="SPECTRUMMARGIN" Max="1000" Min="0"></item></Criteria><Record><item title="Modulation" value="MCS0NSS1"></item><item title="Bandwidth" value="80"></item><item title="Channel" value="100"></item><item title="Antenna" value="2"></item><item title="ExpectedPower" value="17"></item><item title="Power" value="17"></item><item title="TestType" value="Tx"></item><item title="EVM" value="-20,8774" result="PASS"></item><item title="FREQERR" value="0,746919" result="PASS"></item><item title="SYMCLOCKERR" value="0,66013" result="PASS"></item><item title="POWER" value="15,5637" result="PASS"></item><item title="LOLEAKAGE" value="-39,7805" result="PASS"></item><item title="SPECTRUMMASK" value="14,4892" result="PASS"></item><item title="SPECTRUMMARGIN" value="14,4892" result="PASS"></item></Record><Criteria><item title="Modulation" value="MCS0NSS1"></item><item title="Bandwidth" value="80"></item><item title="Antenna" value="2"></item><item title="Channel" value="100"></item><item title="RfIcTemperature" value="60"></item><item title="CpuTemperature" value="61"></item><item title="ExpectedPower" value="18"></item><item title="EVM" Max="-5" Min="-100"></item><item title="FREQERR" Max="15" Min="-15"></item><item title="SYMCLOCKERR" Max="20" Min="-100"></item><item title="POWER" Max="19,5" Min="16,5" Avg="18"></item><item title="LOLEAKAGE" Max="-17" Min="-100"></item><item title="SPECTRUMMASK" Max="100" Min="0"></item><item title="SPECTRUMMARGIN" Max="1000" Min="0"></item></Criteria><Record><item title="Modulation" value="MCS0NSS1"></item><item title="Bandwidth" value="80"></item><item title="Channel" value="100"></item><item title="Antenna" value="2"></item><item title="ExpectedPower" value="18"></item><item title="Power" value="18"></item><item title="TestType" value="Tx"></item><item title="EVM" value="-21,3891" result="PASS"></item><item title="FREQERR" value="0,744728" result="PASS"></item><item title="SYMCLOCKERR" value="-0,488515" result="PASS"></item><item title="POWER" value="16,6293" result="PASS"></item><item title="LOLEAKAGE" value="-41,9372" result="PASS"></item><item title="SPECTRUMMASK" value="15,2235" result="PASS"></item><item title="SPECTRUMMARGIN" value="15,2235" result="PASS"></item></Record><Criteria><item title="Modulation" value="MCS0NSS1"></item><item title="Bandwidth" value="80"></item><item title="Antenna" value="2"></item><item title="Channel" value="100"></item><item title="RfIcTemperature" value="60"></item><item title="CpuTemperature" value="61"></item><item title="ExpectedPower" value="19"></item><item title="EVM" Max="-5" Min="-100"></item><item title="FREQERR" Max="15" Min="-15"></item><item title="SYMCLOCKERR" Max="20" Min="-100"></item><item title="POWER" Max="20,5" Min="17,5" Avg="19"></item><item title="LOLEAKAGE" Max="-17" Min="-100"></item><item title="SPECTRUMMASK" Max="100" Min="0"></item><item title="SPECTRUMMARGIN" Max="1000" Min="0"></item></Criteria><Record><item title="Modulation" value="MCS0NSS1"></item><item title="Bandwidth" value="80"></item><item title="Channel" value="100"></item><item title="Antenna" value="2"></item><item title="ExpectedPower" value="19"></item><item title="Power" value="19"></item><item title="TestType" value="Tx"></item><item title="EVM" value="-22,1367" result="PASS"></item><item title="FREQERR" value="0,747962" result="PASS"></item><item title="SYMCLOCKERR" value="-0,058534" result="PASS"></item><item title="POWER" value="17,7255" result="PASS"></item><item title="LOLEAKAGE" value="-48,5536" result="PASS"></item><item title="SPECTRUMMASK" value="14,8411" result="PASS"></item><item title="SPECTRUMMARGIN" value="14,8411" result="PASS"></item></Record><Criteria><item title="Modulation" value="MCS0NSS1"></item><item title="Bandwidth" value="80"></item><item title="Antenna" value="2"></item><item title="Channel" value="100"></item><item title="RfIcTemperature" value="60"></item><item title="CpuTemperature" value="61"></item><item title="ExpectedPower" value="20"></item><item title="EVM" Max="-5" Min="-100"></item><item title="FREQERR" Max="15" Min="-15"></item><item title="SYMCLOCKERR" Max="20" Min="-100"></item><item title="POWER" Max="21,5" Min="18,5" Avg="20"></item><item title="LOLEAKAGE" Max="-17" Min="-100"></item><item title="SPECTRUMMASK" Max="100" Min="0"></item><item title="SPECTRUMMARGIN" Max="1000" Min="0"></item></Criteria><Record><item title="Modulation" value="MCS0NSS1"></item><item title="Bandwidth" value="80"></item><item title="Channel" value="100"></item><item title="Antenna" value="2"></item><item title="ExpectedPower" value="20"></item><item title="Power" value="20"></item><item title="TestType" value="Tx"></item><item title="EVM" value="-21,415" result="PASS"></item><item title="FREQERR" value="0,742834" result="PASS"></item><item title="SYMCLOCKERR" value="0,0329122" result="PASS"></item><item title="POWER" value="18,8128" result="PASS"></item><item title="LOLEAKAGE" value="-47,9461" result="PASS"></item><item title="SPECTRUMMASK" value="14,3619" result="PASS"></item><item title="SPECTRUMMARGIN" value="14,3619" result="PASS"></item></Record><Criteria><item title="Modulation" value="MCS0NSS1"></item><item title="Bandwidth" value="80"></item><item title="Antenna" value="2"></item><item title="Channel" value="100"></item><item title="RfIcTemperature" value="60"></item><item title="CpuTemperature" value="61"></item><item title="ExpectedPower" value="21"></item><item title="EVM" Max="-5" Min="-100"></item><item title="FREQERR" Max="15" Min="-15"></item><item title="SYMCLOCKERR" Max="20" Min="-100"></item><item title="POWER" Max="22,5" Min="19,5" Avg="21"></item><item title="LOLEAKAGE" Max="-17" Min="-100"></item><item title="SPECTRUMMASK" Max="100" Min="0"></item><item title="SPECTRUMMARGIN" Max="1000" Min="0"></item></Criteria><Record><item title="Modulation" value="MCS0NSS1"></item><item title="Bandwidth" value="80"></item><item title="Channel" value="100"></item><item title="Antenna" value="2"></item><item title="ExpectedPower" value="21"></item><item title="Power" value="21"></item><item title="TestType" value="Tx"></item><item title="EVM" value="-21,7105" result="PASS"></item><item title="FREQERR" value="0,744151" result="PASS"></item><item title="SYMCLOCKERR" value="0,386453" result="PASS"></item><item title="POWER" value="19,6588" result="PASS"></item><item title="LOLEAKAGE" value="-52,5434" result="PASS"></item><item title="SPECTRUMMASK" value="13,3487" result="PASS"></item><item title="SPECTRUMMARGIN" value="13,3487" result="PASS"></item></Record><Criteria><item title="Modulation" value="MCS0NSS1"></item><item title="Bandwidth" value="80"></item><item title="Antenna" value="2"></item><item title="Channel" value="100"></item><item title="RfIcTemperature" value="60"></item><item title="CpuTemperature" value="61"></item><item title="ExpectedPower" value="22"></item><item title="EVM" Max="-5" Min="-100"></item><item title="FREQERR" Max="15" Min="-15"></item><item title="SYMCLOCKERR" Max="20" Min="-100"></item><item title="POWER" Max="23,5" Min="20,5" Avg="22"></item><item title="LOLEAKAGE" Max="-17" Min="-100"></item><item title="SPECTRUMMASK" Max="100" Min="0"></item><item title="SPECTRUMMARGIN" Max="1000" Min="0"></item></Criteria><Record><item title="Modulation" value="MCS0NSS1"></item><item title="Bandwidth" value="80"></item><item title="Channel" value="100"></item><item title="Antenna" value="2"></item><item title="ExpectedPower" value="22"></item><item title="Power" value="22"></item><item title="TestType" value="Tx"></item><item title="EVM" value="-21,8897" result="PASS"></item><item title="FREQERR" value="0,738265" result="PASS"></item><item title="SYMCLOCKERR" value="-0,566527" result="PASS"></item><item title="POWER" value="20,862" result="PASS"></item><item title="LOLEAKAGE" value="-47,4421" result="PASS"></item><item title="SPECTRUMMASK" value="11,5407" result="PASS"></item><item title="SPECTRUMMARGIN" value="11,5407" result="PASS"></item></Record><Criteria><item title="Modulation" value="MCS0NSS1"></item><item title="Bandwidth" value="80"></item><item title="Antenna" value="2"></item><item title="Channel" value="100"></item><item title="RfIcTemperature" value="60"></item><item title="CpuTemperature" value="61"></item><item title="ExpectedPower" value="23"></item><item title="EVM" Max="-5" Min="-100"></item><item title="FREQERR" Max="15" Min="-15"></item><item title="SYMCLOCKERR" Max="20" Min="-100"></item><item title="POWER" Max="24,5" Min="21,5" Avg="23"></item><item title="LOLEAKAGE" Max="-17" Min="-100"></item><item title="SPECTRUMMASK" Max="100" Min="0"></item><item title="SPECTRUMMARGIN" Max="1000" Min="0"></item></Criteria><Record><item title="Modulation" value="MCS0NSS1"></item><item title="Bandwidth" value="80"></item><item title="Channel" value="100"></item><item title="Antenna" value="2"></item><item title="ExpectedPower" value="23"></item><item title="Power" value="23"></item><item title="TestType" value="Tx"></item><item title="EVM" value="-21,7953" result="PASS"></item><item title="FREQERR" value="0,741203" result="PASS"></item><item title="SYMCLOCKERR" value="0,723422" result="PASS"></item><item title="POWER" value="21,8851" result="PASS"></item><item title="LOLEAKAGE" value="-59,7002" result="PASS"></item><item title="SPECTRUMMASK" value="10,6624" result="PASS"></item><item title="SPECTRUMMARGIN" value="10,6624" result="PASS"></item></Record><Criteria><item title="Modulation" value="MCS0NSS1"></item><item title="Bandwidth" value="80"></item><item title="Antenna" value="2"></item><item title="Channel" value="100"></item><item title="RfIcTemperature" value="60"></item><item title="CpuTemperature" value="61"></item><item title="ExpectedPower" value="24"></item><item title="EVM" Max="-5" Min="-100"></item><item title="FREQERR" Max="15" Min="-15"></item><item title="SYMCLOCKERR" Max="20" Min="-100"></item><item title="POWER" Max="25,5" Min="22,5" Avg="24"></item><item title="LOLEAKAGE" Max="-17" Min="-100"></item><item title="SPECTRUMMASK" Max="100" Min="0"></item><item title="SPECTRUMMARGIN" Max="1000" Min="0"></item></Criteria><Record><item title="Modulation" value="MCS0NSS1"></item><item title="Bandwidth" value="80"></item><item title="Channel" value="100"></item><item title="Antenna" value="2"></item><item title="ExpectedPower" value="24"></item><item title="Power" value="24"></item><item title="TestType" value="Tx"></item><item title="EVM" value="-22,0138" result="PASS"></item><item title="FREQERR" value="0,743158" result="PASS"></item><item title="SYMCLOCKERR" value="-0,696314" result="PASS"></item><item title="POWER" value="22,7236" result="PASS"></item><item title="LOLEAKAGE" value="-44,4875" result="PASS"></item><item title="SPECTRUMMASK" value="9,11411" result="PASS"></item><item title="SPECTRUMMARGIN" value="9,11411" result="PASS"></item></Record><Criteria><item title="Modulation" value="MCS0NSS1"></item><item title="Bandwidth" value="80"></item><item title="Antenna" value="2"></item><item title="Channel" value="100"></item><item title="RfIcTemperature" value="60"></item><item title="CpuTemperature" value="61"></item><item title="ExpectedPower" value="25"></item><item title="EVM" Max="-5" Min="-100"></item><item title="FREQERR" Max="15" Min="-15"></item><item title="SYMCLOCKERR" Max="20" Min="-100"></item><item title="POWER" Max="26,5" Min="23,5" Avg="25"></item><item title="LOLEAKAGE" Max="-17" Min="-100"></item><item title="SPECTRUMMASK" Max="100" Min="0"></item><item title="SPECTRUMMARGIN" Max="1000" Min="0"></item></Criteria><Record><item title="Modulation" value="MCS0NSS1"></item><item title="Bandwidth" value="80"></item><item title="Channel" value="100"></item><item title="Antenna" value="2"></item><item title="ExpectedPower" value="25"></item><item title="Power" value="25"></item><item title="TestType" value="Tx"></item><item title="EVM" value="-19,8347" result="PASS"></item><item title="FREQERR" value="0,738852" result="PASS"></item><item title="SYMCLOCKERR" value="0,0409827" result="PASS"></item><item title="POWER" value="23,9002" result="PASS"></item><item title="LOLEAKAGE" value="-45,5874" result="PASS"></item><item title="SPECTRUMMASK" value="4,34272" result="PASS"></item><item title="SPECTRUMMARGIN" value="4,34272" result="PASS"></item></Record><Criteria><item title="Modulation" value="MCS0NSS1"></item><item title="Bandwidth" value="80"></item><item title="Antenna" value="3"></item><item title="Channel" value="100"></item><item title="RfIcTemperature" value="60"></item><item title="CpuTemperature" value="61"></item><item title="ExpectedPower" value="10"></item><item title="EVM" Max="-5" Min="-100"></item><item title="FREQERR" Max="15" Min="-15"></item><item title="SYMCLOCKERR" Max="20" Min="-100"></item><item title="POWER" Max="11,5" Min="8,5" Avg="10"></item><item title="LOLEAKAGE" Max="-17" Min="-100"></item><item title="SPECTRUMMASK" Max="100" Min="0"></item><item title="SPECTRUMMARGIN" Max="1000" Min="0"></item></Criteria><Record><item title="Modulation" value="MCS0NSS1"></item><item title="Bandwidth" value="80"></item><item title="Channel" value="100"></item><item title="Antenna" value="3"></item><item title="ExpectedPower" value="10"></item><item title="Power" value="10"></item><item title="TestType" value="Tx"></item><item title="EVM" value="-21,6577" result="PASS"></item><item title="FREQERR" value="0,741144" result="PASS"></item><item title="SYMCLOCKERR" value="0,359904" result="PASS"></item><item title="POWER" value="8,22125" result="FAIL"></item><item title="LOLEAKAGE" value="-28,8641" result="PASS"></item><item title="SPECTRUMMASK" value="15,3122" result="PASS"></item><item title="SPECTRUMMARGIN" value="15,3122" result="PASS"></item></Record><Criteria><item title="Modulation" value="MCS0NSS1"></item><item title="Bandwidth" value="80"></item><item title="Antenna" value="3"></item><item title="Channel" value="100"></item><item title="RfIcTemperature" value="60"></item><item title="CpuTemperature" value="61"></item><item title="ExpectedPower" value="11"></item><item title="EVM" Max="-5" Min="-100"></item><item title="FREQERR" Max="15" Min="-15"></item><item title="SYMCLOCKERR" Max="20" Min="-100"></item><item title="POWER" Max="12,5" Min="9,5" Avg="11"></item><item title="LOLEAKAGE" Max="-17" Min="-100"></item><item title="SPECTRUMMASK" Max="100" Min="0"></item><item title="SPECTRUMMARGIN" Max="1000" Min="0"></item></Criteria><Record><item title="Modulation" value="MCS0NSS1"></item><item title="Bandwidth" value="80"></item><item title="Channel" value="100"></item><item title="Antenna" value="3"></item><item title="ExpectedPower" value="11"></item><item title="Power" value="11"></item><item title="TestType" value="Tx"></item><item title="EVM" value="-21,4622" result="PASS"></item><item title="FREQERR" value="0,746221" result="PASS"></item><item title="SYMCLOCKERR" value="0,211152" result="PASS"></item><item title="POWER" value="9,47508" result="FAIL"></item><item title="LOLEAKAGE" value="-29,2257" result="PASS"></item><item title="SPECTRUMMASK" value="14,812" result="PASS"></item><item title="SPECTRUMMARGIN" value="14,812" result="PASS"></item></Record><Criteria><item title="Modulation" value="MCS0NSS1"></item><item title="Bandwidth" value="80"></item><item title="Antenna" value="3"></item><item title="Channel" value="100"></item><item title="RfIcTemperature" value="60"></item><item title="CpuTemperature" value="61"></item><item title="ExpectedPower" value="12"></item><item title="EVM" Max="-5" Min="-100"></item><item title="FREQERR" Max="15" Min="-15"></item><item title="SYMCLOCKERR" Max="20" Min="-100"></item><item title="POWER" Max="13,5" Min="10,5" Avg="12"></item><item title="LOLEAKAGE" Max="-17" Min="-100"></item><item title="SPECTRUMMASK" Max="100" Min="0"></item><item title="SPECTRUMMARGIN" Max="1000" Min="0"></item></Criteria><Record><item title="Modulation" value="MCS0NSS1"></item><item title="Bandwidth" value="80"></item><item title="Channel" value="100"></item><item title="Antenna" value="3"></item><item title="ExpectedPower" value="12"></item><item title="Power" value="12"></item><item title="TestType" value="Tx"></item><item title="EVM" value="-21,7678" result="PASS"></item><item title="FREQERR" value="0,745719" result="PASS"></item><item title="SYMCLOCKERR" value="0,690141" result="PASS"></item><item title="POWER" value="10,5462" result="PASS"></item><item title="LOLEAKAGE" value="-29,3071" result="PASS"></item><item title="SPECTRUMMASK" value="13,8379" result="PASS"></item><item title="SPECTRUMMARGIN" value="13,8379" result="PASS"></item></Record><Criteria><item title="Modulation" value="MCS0NSS1"></item><item title="Bandwidth" value="80"></item><item title="Antenna" value="3"></item><item title="Channel" value="100"></item><item title="RfIcTemperature" value="60"></item><item title="CpuTemperature" value="61"></item><item title="ExpectedPower" value="13"></item><item title="EVM" Max="-5" Min="-100"></item><item title="FREQERR" Max="15" Min="-15"></item><item title="SYMCLOCKERR" Max="20" Min="-100"></item><item title="POWER" Max="14,5" Min="11,5" Avg="13"></item><item title="LOLEAKAGE" Max="-17" Min="-100"></item><item title="SPECTRUMMASK" Max="100" Min="0"></item><item title="SPECTRUMMARGIN" Max="1000" Min="0"></item></Criteria><Record><item title="Modulation" value="MCS0NSS1"></item><item title="Bandwidth" value="80"></item><item title="Channel" value="100"></item><item title="Antenna" value="3"></item><item title="ExpectedPower" value="13"></item><item title="Power" value="13"></item><item title="TestType" value="Tx"></item><item title="EVM" value="-21,6744" result="PASS"></item><item title="FREQERR" value="0,737402" result="PASS"></item><item title="SYMCLOCKERR" value="-0,0978416" result="PASS"></item><item title="POWER" value="11,3048" result="FAIL"></item><item title="LOLEAKAGE" value="-31,1708" result="PASS"></item><item title="SPECTRUMMASK" value="15,6472" result="PASS"></item><item title="SPECTRUMMARGIN" value="15,6472" result="PASS"></item></Record><Criteria><item title="Modulation" value="MCS0NSS1"></item><item title="Bandwidth" value="80"></item><item title="Antenna" value="3"></item><item title="Channel" value="100"></item><item title="RfIcTemperature" value="60"></item><item title="CpuTemperature" value="61"></item><item title="ExpectedPower" value="14"></item><item title="EVM" Max="-5" Min="-100"></item><item title="FREQERR" Max="15" Min="-15"></item><item title="SYMCLOCKERR" Max="20" Min="-100"></item><item title="POWER" Max="15,5" Min="12,5" Avg="14"></item><item title="LOLEAKAGE" Max="-17" Min="-100"></item><item title="SPECTRUMMASK" Max="100" Min="0"></item><item title="SPECTRUMMARGIN" Max="1000" Min="0"></item></Criteria><Record><item title="Modulation" value="MCS0NSS1"></item><item title="Bandwidth" value="80"></item><item title="Channel" value="100"></item><item title="Antenna" value="3"></item><item title="ExpectedPower" value="14"></item><item title="Power" value="14"></item><item title="TestType" value="Tx"></item><item title="EVM" value="-20,9334" result="PASS"></item><item title="FREQERR" value="0,741072" result="PASS"></item><item title="SYMCLOCKERR" value="-0,210782" result="PASS"></item><item title="POWER" value="12,3013" result="FAIL"></item><item title="LOLEAKAGE" value="-29,2864" result="PASS"></item><item title="SPECTRUMMASK" value="15,228" result="PASS"></item><item title="SPECTRUMMARGIN" value="15,228" result="PASS"></item></Record><Criteria><item title="Modulation" value="MCS0NSS1"></item><item title="Bandwidth" value="80"></item><item title="Antenna" value="3"></item><item title="Channel" value="100"></item><item title="RfIcTemperature" value="60"></item><item title="CpuTemperature" value="61"></item><item title="ExpectedPower" value="15"></item><item title="EVM" Max="-5" Min="-100"></item><item title="FREQERR" Max="15" Min="-15"></item><item title="SYMCLOCKERR" Max="20" Min="-100"></item><item title="POWER" Max="16,5" Min="13,5" Avg="15"></item><item title="LOLEAKAGE" Max="-17" Min="-100"></item><item title="SPECTRUMMASK" Max="100" Min="0"></item><item title="SPECTRUMMARGIN" Max="1000" Min="0"></item></Criteria><Record><item title="Modulation" value="MCS0NSS1"></item><item title="Bandwidth" value="80"></item><item title="Channel" value="100"></item><item title="Antenna" value="3"></item><item title="ExpectedPower" value="15"></item><item title="Power" value="15"></item><item title="TestType" value="Tx"></item><item title="EVM" value="-22,8972" result="PASS"></item><item title="FREQERR" value="0,744222" result="PASS"></item><item title="SYMCLOCKERR" value="0,39918" result="PASS"></item><item title="POWER" value="13,6551" result="PASS"></item><item title="LOLEAKAGE" value="-30,2611" result="PASS"></item><item title="SPECTRUMMASK" value="14,5175" result="PASS"></item><item title="SPECTRUMMARGIN" value="14,5175" result="PASS"></item></Record><Criteria><item title="Modulation" value="MCS0NSS1"></item><item title="Bandwidth" value="80"></item><item title="Antenna" value="3"></item><item title="Channel" value="100"></item><item title="RfIcTemperature" value="60"></item><item title="CpuTemperature" value="61"></item><item title="ExpectedPower" value="16"></item><item title="EVM" Max="-5" Min="-100"></item><item title="FREQERR" Max="15" Min="-15"></item><item title="SYMCLOCKERR" Max="20" Min="-100"></item><item title="POWER" Max="17,5" Min="14,5" Avg="16"></item><item title="LOLEAKAGE" Max="-17" Min="-100"></item><item title="SPECTRUMMASK" Max="100" Min="0"></item><item title="SPECTRUMMARGIN" Max="1000" Min="0"></item></Criteria><Record><item title="Modulation" value="MCS0NSS1"></item><item title="Bandwidth" value="80"></item><item title="Channel" value="100"></item><item title="Antenna" value="3"></item><item title="ExpectedPower" value="16"></item><item title="Power" value="16"></item><item title="TestType" value="Tx"></item><item title="EVM" value="-22,4301" result="PASS"></item><item title="FREQERR" value="0,744702" result="PASS"></item><item title="SYMCLOCKERR" value="0,885861" result="PASS"></item><item title="POWER" value="14,3675" result="FAIL"></item><item title="LOLEAKAGE" value="-35,1036" result="PASS"></item><item title="SPECTRUMMASK" value="15,3415" result="PASS"></item><item title="SPECTRUMMARGIN" value="15,3415" result="PASS"></item></Record><Criteria><item title="Modulation" value="MCS0NSS1"></item><item title="Bandwidth" value="80"></item><item title="Antenna" value="3"></item><item title="Channel" value="100"></item><item title="RfIcTemperature" value="60"></item><item title="CpuTemperature" value="61"></item><item title="ExpectedPower" value="17"></item><item title="EVM" Max="-5" Min="-100"></item><item title="FREQERR" Max="15" Min="-15"></item><item title="SYMCLOCKERR" Max="20" Min="-100"></item><item title="POWER" Max="18,5" Min="15,5" Avg="17"></item><item title="LOLEAKAGE" Max="-17" Min="-100"></item><item title="SPECTRUMMASK" Max="100" Min="0"></item><item title="SPECTRUMMARGIN" Max="1000" Min="0"></item></Criteria><Record><item title="Modulation" value="MCS0NSS1"></item><item title="Bandwidth" value="80"></item><item title="Channel" value="100"></item><item title="Antenna" value="3"></item><item title="ExpectedPower" value="17"></item><item title="Power" value="17"></item><item title="TestType" value="Tx"></item><item title="EVM" value="-22,0102" result="PASS"></item><item title="FREQERR" value="0,742953" result="PASS"></item><item title="SYMCLOCKERR" value="0,712077" result="PASS"></item><item title="POWER" value="15,2558" result="FAIL"></item><item title="LOLEAKAGE" value="-37,1568" result="PASS"></item><item title="SPECTRUMMASK" value="13,2314" result="PASS"></item><item title="SPECTRUMMARGIN" value="13,2314" result="PASS"></item></Record><Criteria><item title="Modulation" value="MCS0NSS1"></item><item title="Bandwidth" value="80"></item><item title="Antenna" value="3"></item><item title="Channel" value="100"></item><item title="RfIcTemperature" value="60"></item><item title="CpuTemperature" value="61"></item><item title="ExpectedPower" value="18"></item><item title="EVM" Max="-5" Min="-100"></item><item title="FREQERR" Max="15" Min="-15"></item><item title="SYMCLOCKERR" Max="20" Min="-100"></item><item title="POWER" Max="19,5" Min="16,5" Avg="18"></item><item title="LOLEAKAGE" Max="-17" Min="-100"></item><item title="SPECTRUMMASK" Max="100" Min="0"></item><item title="SPECTRUMMARGIN" Max="1000" Min="0"></item></Criteria><Record><item title="Modulation" value="MCS0NSS1"></item><item title="Bandwidth" value="80"></item><item title="Channel" value="100"></item><item title="Antenna" value="3"></item><item title="ExpectedPower" value="18"></item><item title="Power" value="18"></item><item title="TestType" value="Tx"></item><item title="EVM" value="-22,1231" result="PASS"></item><item title="FREQERR" value="0,7394" result="PASS"></item><item title="SYMCLOCKERR" value="-0,309381" result="PASS"></item><item title="POWER" value="16,567" result="PASS"></item><item title="LOLEAKAGE" value="-36,8993" result="PASS"></item><item title="SPECTRUMMASK" value="13,8535" result="PASS"></item><item title="SPECTRUMMARGIN" value="13,8535" result="PASS"></item></Record><Criteria><item title="Modulation" value="MCS0NSS1"></item><item title="Bandwidth" value="80"></item><item title="Antenna" value="3"></item><item title="Channel" value="100"></item><item title="RfIcTemperature" value="60"></item><item title="CpuTemperature" value="61"></item><item title="ExpectedPower" value="19"></item><item title="EVM" Max="-5" Min="-100"></item><item title="FREQERR" Max="15" Min="-15"></item><item title="SYMCLOCKERR" Max="20" Min="-100"></item><item title="POWER" Max="20,5" Min="17,5" Avg="19"></item><item title="LOLEAKAGE" Max="-17" Min="-100"></item><item title="SPECTRUMMASK" Max="100" Min="0"></item><item title="SPECTRUMMARGIN" Max="1000" Min="0"></item></Criteria><Record><item title="Modulation" value="MCS0NSS1"></item><item title="Bandwidth" value="80"></item><item title="Channel" value="100"></item><item title="Antenna" value="3"></item><item title="ExpectedPower" value="19"></item><item title="Power" value="19"></item><item title="TestType" value="Tx"></item><item title="EVM" value="-21,8629" result="PASS"></item><item title="FREQERR" value="0,74215" result="PASS"></item><item title="SYMCLOCKERR" value="-0,404815" result="PASS"></item><item title="POWER" value="17,4448" result="FAIL"></item><item title="LOLEAKAGE" value="-39,0098" result="PASS"></item><item title="SPECTRUMMASK" value="14,1177" result="PASS"></item><item title="SPECTRUMMARGIN" value="14,1177" result="PASS"></item></Record><Criteria><item title="Modulation" value="MCS0NSS1"></item><item title="Bandwidth" value="80"></item><item title="Antenna" value="3"></item><item title="Channel" value="100"></item><item title="RfIcTemperature" value="60"></item><item title="CpuTemperature" value="61"></item><item title="ExpectedPower" value="20"></item><item title="EVM" Max="-5" Min="-100"></item><item title="FREQERR" Max="15" Min="-15"></item><item title="SYMCLOCKERR" Max="20" Min="-100"></item><item title="POWER" Max="21,5" Min="18,5" Avg="20"></item><item title="LOLEAKAGE" Max="-17" Min="-100"></item><item title="SPECTRUMMASK" Max="100" Min="0"></item><item title="SPECTRUMMARGIN" Max="1000" Min="0"></item></Criteria><Record><item title="Modulation" value="MCS0NSS1"></item><item title="Bandwidth" value="80"></item><item title="Channel" value="100"></item><item title="Antenna" value="3"></item><item title="ExpectedPower" value="20"></item><item title="Power" value="20"></item><item title="TestType" value="Tx"></item><item title="EVM" value="-22,3153" result="PASS"></item><item title="FREQERR" value="0,737428" result="PASS"></item><item title="SYMCLOCKERR" value="1,56322" result="PASS"></item><item title="POWER" value="18,2514" result="FAIL"></item><item title="LOLEAKAGE" value="-41,2213" result="PASS"></item><item title="SPECTRUMMASK" value="14,248" result="PASS"></item><item title="SPECTRUMMARGIN" value="14,248" result="PASS"></item></Record><Criteria><item title="Modulation" value="MCS0NSS1"></item><item title="Bandwidth" value="80"></item><item title="Antenna" value="3"></item><item title="Channel" value="100"></item><item title="RfIcTemperature" value="60"></item><item title="CpuTemperature" value="61"></item><item title="ExpectedPower" value="21"></item><item title="EVM" Max="-5" Min="-100"></item><item title="FREQERR" Max="15" Min="-15"></item><item title="SYMCLOCKERR" Max="20" Min="-100"></item><item title="POWER" Max="22,5" Min="19,5" Avg="21"></item><item title="LOLEAKAGE" Max="-17" Min="-100"></item><item title="SPECTRUMMASK" Max="100" Min="0"></item><item title="SPECTRUMMARGIN" Max="1000" Min="0"></item></Criteria><Record><item title="Modulation" value="MCS0NSS1"></item><item title="Bandwidth" value="80"></item><item title="Channel" value="100"></item><item title="Antenna" value="3"></item><item title="ExpectedPower" value="21"></item><item title="Power" value="21"></item><item title="TestType" value="Tx"></item><item title="EVM" value="-21,8895" result="PASS"></item><item title="FREQERR" value="0,738671" result="PASS"></item><item title="SYMCLOCKERR" value="-0,415303" result="PASS"></item><item title="POWER" value="19,4084" result="FAIL"></item><item title="LOLEAKAGE" value="-51,8345" result="PASS"></item><item title="SPECTRUMMASK" value="13,2713" result="PASS"></item><item title="SPECTRUMMARGIN" value="13,2713" result="PASS"></item></Record><Criteria><item title="Modulation" value="MCS0NSS1"></item><item title="Bandwidth" value="80"></item><item title="Antenna" value="3"></item><item title="Channel" value="100"></item><item title="RfIcTemperature" value="60"></item><item title="CpuTemperature" value="61"></item><item title="ExpectedPower" value="22"></item><item title="EVM" Max="-5" Min="-100"></item><item title="FREQERR" Max="15" Min="-15"></item><item title="SYMCLOCKERR" Max="20" Min="-100"></item><item title="POWER" Max="23,5" Min="20,5" Avg="22"></item><item title="LOLEAKAGE" Max="-17" Min="-100"></item><item title="SPECTRUMMASK" Max="100" Min="0"></item><item title="SPECTRUMMARGIN" Max="1000" Min="0"></item></Criteria><Record><item title="Modulation" value="MCS0NSS1"></item><item title="Bandwidth" value="80"></item><item title="Channel" value="100"></item><item title="Antenna" value="3"></item><item title="ExpectedPower" value="22"></item><item title="Power" value="22"></item><item title="TestType" value="Tx"></item><item title="EVM" value="-22,0288" result="PASS"></item><item title="FREQERR" value="0,738646" result="PASS"></item><item title="SYMCLOCKERR" value="0,480718" result="PASS"></item><item title="POWER" value="20,5646" result="PASS"></item><item title="LOLEAKAGE" value="-49,633" result="PASS"></item><item title="SPECTRUMMASK" value="12,7548" result="PASS"></item><item title="SPECTRUMMARGIN" value="12,7548" result="PASS"></item></Record><Criteria><item title="Modulation" value="MCS0NSS1"></item><item title="Bandwidth" value="80"></item><item title="Antenna" value="3"></item><item title="Channel" value="100"></item><item title="RfIcTemperature" value="60"></item><item title="CpuTemperature" value="61"></item><item title="ExpectedPower" value="23"></item><item title="EVM" Max="-5" Min="-100"></item><item title="FREQERR" Max="15" Min="-15"></item><item title="SYMCLOCKERR" Max="20" Min="-100"></item><item title="POWER" Max="24,5" Min="21,5" Avg="23"></item><item title="LOLEAKAGE" Max="-17" Min="-100"></item><item title="SPECTRUMMASK" Max="100" Min="0"></item><item title="SPECTRUMMARGIN" Max="1000" Min="0"></item></Criteria><Record><item title="Modulation" value="MCS0NSS1"></item><item title="Bandwidth" value="80"></item><item title="Channel" value="100"></item><item title="Antenna" value="3"></item><item title="ExpectedPower" value="23"></item><item title="Power" value="23"></item><item title="TestType" value="Tx"></item><item title="EVM" value="-21,8851" result="PASS"></item><item title="FREQERR" value="0,73816" result="PASS"></item><item title="SYMCLOCKERR" value="0,237666" result="PASS"></item><item title="POWER" value="21,7325" result="PASS"></item><item title="LOLEAKAGE" value="-47,9954" result="PASS"></item><item title="SPECTRUMMASK" value="9,39989" result="PASS"></item><item title="SPECTRUMMARGIN" value="9,39989" result="PASS"></item></Record><Criteria><item title="Modulation" value="MCS0NSS1"></item><item title="Bandwidth" value="80"></item><item title="Antenna" value="3"></item><item title="Channel" value="100"></item><item title="RfIcTemperature" value="60"></item><item title="CpuTemperature" value="61"></item><item title="ExpectedPower" value="24"></item><item title="EVM" Max="-5" Min="-100"></item><item title="FREQERR" Max="15" Min="-15"></item><item title="SYMCLOCKERR" Max="20" Min="-100"></item><item title="POWER" Max="25,5" Min="22,5" Avg="24"></item><item title="LOLEAKAGE" Max="-17" Min="-100"></item><item title="SPECTRUMMASK" Max="100" Min="0"></item><item title="SPECTRUMMARGIN" Max="1000" Min="0"></item></Criteria><Record><item title="Modulation" value="MCS0NSS1"></item><item title="Bandwidth" value="80"></item><item title="Channel" value="100"></item><item title="Antenna" value="3"></item><item title="ExpectedPower" value="24"></item><item title="Power" value="24"></item><item title="TestType" value="Tx"></item><item title="EVM" value="-20,5194" result="PASS"></item><item title="FREQERR" value="0,737507" result="PASS"></item><item title="SYMCLOCKERR" value="1,14003" result="PASS"></item><item title="POWER" value="22,4621" result="FAIL"></item><item title="LOLEAKAGE" value="-48,2209" result="PASS"></item><item title="SPECTRUMMASK" value="7,20003" result="PASS"></item><item title="SPECTRUMMARGIN" value="7,20003" result="PASS"></item></Record><Criteria><item title="Modulation" value="MCS0NSS1"></item><item title="Bandwidth" value="80"></item><item title="Antenna" value="3"></item><item title="Channel" value="100"></item><item title="RfIcTemperature" value="60"></item><item title="CpuTemperature" value="61"></item><item title="ExpectedPower" value="25"></item><item title="EVM" Max="-5" Min="-100"></item><item title="FREQERR" Max="15" Min="-15"></item><item title="SYMCLOCKERR" Max="20" Min="-100"></item><item title="POWER" Max="26,5" Min="23,5" Avg="25"></item><item title="LOLEAKAGE" Max="-17" Min="-100"></item><item title="SPECTRUMMASK" Max="100" Min="0"></item><item title="SPECTRUMMARGIN" Max="1000" Min="0"></item></Criteria><Record><item title="Modulation" value="MCS0NSS1"></item><item title="Bandwidth" value="80"></item><item title="Channel" value="100"></item><item title="Antenna" value="3"></item><item title="ExpectedPower" value="25"></item><item title="Power" value="25"></item><item title="TestType" value="Tx"></item><item title="EVM" value="-18,5675" result="PASS"></item><item title="FREQERR" value="0,738436" result="PASS"></item><item title="SYMCLOCKERR" value="0,385635" result="PASS"></item><item title="POWER" value="23,6291" result="PASS"></item><item title="LOLEAKAGE" value="-41,7511" result="PASS"></item><item title="SPECTRUMMASK" value="3,81587" result="PASS"></item><item title="SPECTRUMMARGIN" value="3,81587" result="PASS"></item></Record><Criteria><item title="Modulation" value="MCS0NSS1"></item><item title="Bandwidth" value="80"></item><item title="Antenna" value="0"></item><item title="Channel" value="132"></item><item title="RfIcTemperature" value="60"></item><item title="CpuTemperature" value="62"></item><item title="ExpectedPower" value="10"></item><item title="EVM" Max="-5" Min="-100"></item><item title="FREQERR" Max="15" Min="-15"></item><item title="SYMCLOCKERR" Max="20" Min="-100"></item><item title="POWER" Max="11,5" Min="8,5" Avg="10"></item><item title="LOLEAKAGE" Max="-17" Min="-100"></item><item title="SPECTRUMMASK" Max="100" Min="0"></item><item title="SPECTRUMMARGIN" Max="1000" Min="0"></item></Criteria><Record><item title="Modulation" value="MCS0NSS1"></item><item title="Bandwidth" value="80"></item><item title="Channel" value="132"></item><item title="Antenna" value="0"></item><item title="ExpectedPower" value="10"></item><item title="Power" value="10"></item><item title="TestType" value="Tx"></item><item title="EVM" value="-22,6168" result="PASS"></item><item title="FREQERR" value="0,706794" result="PASS"></item><item title="SYMCLOCKERR" value="1,21201" result="PASS"></item><item title="POWER" value="10,0467" result="PASS"></item><item title="LOLEAKAGE" value="-32,1467" result="PASS"></item><item title="SPECTRUMMASK" value="16,8765" result="PASS"></item><item title="SPECTRUMMARGIN" value="16,8765" result="PASS"></item></Record><Criteria><item title="Modulation" value="MCS0NSS1"></item><item title="Bandwidth" value="80"></item><item title="Antenna" value="0"></item><item title="Channel" value="132"></item><item title="RfIcTemperature" value="60"></item><item title="CpuTemperature" value="62"></item><item title="ExpectedPower" value="11"></item><item title="EVM" Max="-5" Min="-100"></item><item title="FREQERR" Max="15" Min="-15"></item><item title="SYMCLOCKERR" Max="20" Min="-100"></item><item title="POWER" Max="12,5" Min="9,5" Avg="11"></item><item title="LOLEAKAGE" Max="-17" Min="-100"></item><item title="SPECTRUMMASK" Max="100" Min="0"></item><item title="SPECTRUMMARGIN" Max="1000" Min="0"></item></Criteria><Record><item title="Modulation" value="MCS0NSS1"></item><item title="Bandwidth" value="80"></item><item title="Channel" value="132"></item><item title="Antenna" value="0"></item><item title="ExpectedPower" value="11"></item><item title="Power" value="11"></item><item title="TestType" value="Tx"></item><item title="EVM" value="-21,7932" result="PASS"></item><item title="FREQERR" value="0,70195" result="PASS"></item><item title="SYMCLOCKERR" value="0,0116165" result="PASS"></item><item title="POWER" value="10,8503" result="PASS"></item><item title="LOLEAKAGE" value="-32,4451" result="PASS"></item><item title="SPECTRUMMASK" value="13,6212" result="PASS"></item><item title="SPECTRUMMARGIN" value="13,6212" result="PASS"></item></Record><Criteria><item title="Modulation" value="MCS0NSS1"></item><item title="Bandwidth" value="80"></item><item title="Antenna" value="0"></item><item title="Channel" value="132"></item><item title="RfIcTemperature" value="60"></item><item title="CpuTemperature" value="62"></item><item title="ExpectedPower" value="12"></item><item title="EVM" Max="-5" Min="-100"></item><item title="FREQERR" Max="15" Min="-15"></item><item title="SYMCLOCKERR" Max="20" Min="-100"></item><item title="POWER" Max="13,5" Min="10,5" Avg="12"></item><item title="LOLEAKAGE" Max="-17" Min="-100"></item><item title="SPECTRUMMASK" Max="100" Min="0"></item><item title="SPECTRUMMARGIN" Max="1000" Min="0"></item></Criteria><Record><item title="Modulation" value="MCS0NSS1"></item><item title="Bandwidth" value="80"></item><item title="Channel" value="132"></item><item title="Antenna" value="0"></item><item title="ExpectedPower" value="12"></item><item title="Power" value="12"></item><item title="TestType" value="Tx"></item><item title="EVM" value="-22,2004" result="PASS"></item><item title="FREQERR" value="0,711592" result="PASS"></item><item title="SYMCLOCKERR" value="-0,139656" result="PASS"></item><item title="POWER" value="11,8552" result="PASS"></item><item title="LOLEAKAGE" value="-32,3969" result="PASS"></item><item title="SPECTRUMMASK" value="14,5022" result="PASS"></item><item title="SPECTRUMMARGIN" value="14,5022" result="PASS"></item></Record><Criteria><item title="Modulation" value="MCS0NSS1"></item><item title="Bandwidth" value="80"></item><item title="Antenna" value="0"></item><item title="Channel" value="132"></item><item title="RfIcTemperature" value="60"></item><item title="CpuTemperature" value="62"></item><item title="ExpectedPower" value="13"></item><item title="EVM" Max="-5" Min="-100"></item><item title="FREQERR" Max="15" Min="-15"></item><item title="SYMCLOCKERR" Max="20" Min="-100"></item><item title="POWER" Max="14,5" Min="11,5" Avg="13"></item><item title="LOLEAKAGE" Max="-17" Min="-100"></item><item title="SPECTRUMMASK" Max="100" Min="0"></item><item title="SPECTRUMMARGIN" Max="1000" Min="0"></item></Criteria><Record><item title="Modulation" value="MCS0NSS1"></item><item title="Bandwidth" value="80"></item><item title="Channel" value="132"></item><item title="Antenna" value="0"></item><item title="ExpectedPower" value="13"></item><item title="Power" value="13"></item><item title="TestType" value="Tx"></item><item title="EVM" value="-22,0315" result="PASS"></item><item title="FREQERR" value="0,705009" result="PASS"></item><item title="SYMCLOCKERR" value="0,292306" result="PASS"></item><item title="POWER" value="12,8057" result="PASS"></item><item title="LOLEAKAGE" value="-33,8221" result="PASS"></item><item title="SPECTRUMMASK" value="14,9712" result="PASS"></item><item title="SPECTRUMMARGIN" value="14,9712" result="PASS"></item></Record><Criteria><item title="Modulation" value="MCS0NSS1"></item><item title="Bandwidth" value="80"></item><item title="Antenna" value="0"></item><item title="Channel" value="132"></item><item title="RfIcTemperature" value="60"></item><item title="CpuTemperature" value="62"></item><item title="ExpectedPower" value="14"></item><item title="EVM" Max="-5" Min="-100"></item><item title="FREQERR" Max="15" Min="-15"></item><item title="SYMCLOCKERR" Max="20" Min="-100"></item><item title="POWER" Max="15,5" Min="12,5" Avg="14"></item><item title="LOLEAKAGE" Max="-17" Min="-100"></item><item title="SPECTRUMMASK" Max="100" Min="0"></item><item title="SPECTRUMMARGIN" Max="1000" Min="0"></item></Criteria><Record><item title="Modulation" value="MCS0NSS1"></item><item title="Bandwidth" value="80"></item><item title="Channel" value="132"></item><item title="Antenna" value="0"></item><item title="ExpectedPower" value="14"></item><item title="Power" value="14"></item><item title="TestType" value="Tx"></item><item title="EVM" value="-21,7782" result="PASS"></item><item title="FREQERR" value="0,709814" result="PASS"></item><item title="SYMCLOCKERR" value="0,854229" result="PASS"></item><item title="POWER" value="13,827" result="PASS"></item><item title="LOLEAKAGE" value="-35,0375" result="PASS"></item><item title="SPECTRUMMASK" value="13,7256" result="PASS"></item><item title="SPECTRUMMARGIN" value="13,7256" result="PASS"></item></Record><Criteria><item title="Modulation" value="MCS0NSS1"></item><item title="Bandwidth" value="80"></item><item title="Antenna" value="0"></item><item title="Channel" value="132"></item><item title="RfIcTemperature" value="60"></item><item title="CpuTemperature" value="62"></item><item title="ExpectedPower" value="15"></item><item title="EVM" Max="-5" Min="-100"></item><item title="FREQERR" Max="15" Min="-15"></item><item title="SYMCLOCKERR" Max="20" Min="-100"></item><item title="POWER" Max="16,5" Min="13,5" Avg="15"></item><item title="LOLEAKAGE" Max="-17" Min="-100"></item><item title="SPECTRUMMASK" Max="100" Min="0"></item><item title="SPECTRUMMARGIN" Max="1000" Min="0"></item></Criteria><Record><item title="Modulation" value="MCS0NSS1"></item><item title="Bandwidth" value="80"></item><item title="Channel" value="132"></item><item title="Antenna" value="0"></item><item title="ExpectedPower" value="15"></item><item title="Power" value="15"></item><item title="TestType" value="Tx"></item><item title="EVM" value="-22,7381" result="PASS"></item><item title="FREQERR" value="0,710875" result="PASS"></item><item title="SYMCLOCKERR" value="0,449587" result="PASS"></item><item title="POWER" value="14,6942" result="PASS"></item><item title="LOLEAKAGE" value="-35,8634" result="PASS"></item><item title="SPECTRUMMASK" value="16,6661" result="PASS"></item><item title="SPECTRUMMARGIN" value="16,6661" result="PASS"></item></Record><Criteria><item title="Modulation" value="MCS0NSS1"></item><item title="Bandwidth" value="80"></item><item title="Antenna" value="0"></item><item title="Channel" value="132"></item><item title="RfIcTemperature" value="60"></item><item title="CpuTemperature" value="62"></item><item title="ExpectedPower" value="16"></item><item title="EVM" Max="-5" Min="-100"></item><item title="FREQERR" Max="15" Min="-15"></item><item title="SYMCLOCKERR" Max="20" Min="-100"></item><item title="POWER" Max="17,5" Min="14,5" Avg="16"></item><item title="LOLEAKAGE" Max="-17" Min="-100"></item><item title="SPECTRUMMASK" Max="100" Min="0"></item><item title="SPECTRUMMARGIN" Max="1000" Min="0"></item></Criteria><Record><item title="Modulation" value="MCS0NSS1"></item><item title="Bandwidth" value="80"></item><item title="Channel" value="132"></item><item title="Antenna" value="0"></item><item title="ExpectedPower" value="16"></item><item title="Power" value="16"></item><item title="TestType" value="Tx"></item><item title="EVM" value="-20,6501" result="PASS"></item><item title="FREQERR" value="0,707935" result="PASS"></item><item title="SYMCLOCKERR" value="0,744563" result="PASS"></item><item title="POWER" value="15,9064" result="PASS"></item><item title="LOLEAKAGE" value="-39,5441" result="PASS"></item><item title="SPECTRUMMASK" value="13,6908" result="PASS"></item><item title="SPECTRUMMARGIN" value="13,6908" result="PASS"></item></Record><Criteria><item title="Modulation" value="MCS0NSS1"></item><item title="Bandwidth" value="80"></item><item title="Antenna" value="0"></item><item title="Channel" value="132"></item><item title="RfIcTemperature" value="60"></item><item title="CpuTemperature" value="62"></item><item title="ExpectedPower" value="17"></item><item title="EVM" Max="-5" Min="-100"></item><item title="FREQERR" Max="15" Min="-15"></item><item title="SYMCLOCKERR" Max="20" Min="-100"></item><item title="POWER" Max="18,5" Min="15,5" Avg="17"></item><item title="LOLEAKAGE" Max="-17" Min="-100"></item><item title="SPECTRUMMASK" Max="100" Min="0"></item><item title="SPECTRUMMARGIN" Max="1000" Min="0"></item></Criteria><Record><item title="Modulation" value="MCS0NSS1"></item><item title="Bandwidth" value="80"></item><item title="Channel" value="132"></item><item title="Antenna" value="0"></item><item title="ExpectedPower" value="17"></item><item title="Power" value="17"></item><item title="TestType" value="Tx"></item><item title="EVM" value="-22,3694" result="PASS"></item><item title="FREQERR" value="0,700691" result="PASS"></item><item title="SYMCLOCKERR" value="0,0962264" result="PASS"></item><item title="POWER" value="17,0214" result="PASS"></item><item title="LOLEAKAGE" value="-40,1349" result="PASS"></item><item title="SPECTRUMMASK" value="13,3267" result="PASS"></item><item title="SPECTRUMMARGIN" value="13,3267" result="PASS"></item></Record><Criteria><item title="Modulation" value="MCS0NSS1"></item><item title="Bandwidth" value="80"></item><item title="Antenna" value="0"></item><item title="Channel" value="132"></item><item title="RfIcTemperature" value="60"></item><item title="CpuTemperature" value="62"></item><item title="ExpectedPower" value="18"></item><item title="EVM" Max="-5" Min="-100"></item><item title="FREQERR" Max="15" Min="-15"></item><item title="SYMCLOCKERR" Max="20" Min="-100"></item><item title="POWER" Max="19,5" Min="16,5" Avg="18"></item><item title="LOLEAKAGE" Max="-17" Min="-100"></item><item title="SPECTRUMMASK" Max="100" Min="0"></item><item title="SPECTRUMMARGIN" Max="1000" Min="0"></item></Criteria><Record><item title="Modulation" value="MCS0NSS1"></item><item title="Bandwidth" value="80"></item><item title="Channel" value="132"></item><item title="Antenna" value="0"></item><item title="ExpectedPower" value="18"></item><item title="Power" value="18"></item><item title="TestType" value="Tx"></item><item title="EVM" value="-22,5994" result="PASS"></item><item title="FREQERR" value="0,709006" result="PASS"></item><item title="SYMCLOCKERR" value="0,150342" result="PASS"></item><item title="POWER" value="17,9045" result="PASS"></item><item title="LOLEAKAGE" value="-39,9545" result="PASS"></item><item title="SPECTRUMMASK" value="15,3277" result="PASS"></item><item title="SPECTRUMMARGIN" value="15,3277" result="PASS"></item></Record><Criteria><item title="Modulation" value="MCS0NSS1"></item><item title="Bandwidth" value="80"></item><item title="Antenna" value="0"></item><item title="Channel" value="132"></item><item title="RfIcTemperature" value="60"></item><item title="CpuTemperature" value="62"></item><item title="ExpectedPower" value="19"></item><item title="EVM" Max="-5" Min="-100"></item><item title="FREQERR" Max="15" Min="-15"></item><item title="SYMCLOCKERR" Max="20" Min="-100"></item><item title="POWER" Max="20,5" Min="17,5" Avg="19"></item><item title="LOLEAKAGE" Max="-17" Min="-100"></item><item title="SPECTRUMMASK" Max="100" Min="0"></item><item title="SPECTRUMMARGIN" Max="1000" Min="0"></item></Criteria><Record><item title="Modulation" value="MCS0NSS1"></item><item title="Bandwidth" value="80"></item><item title="Channel" value="132"></item><item title="Antenna" value="0"></item><item title="ExpectedPower" value="19"></item><item title="Power" value="19"></item><item title="TestType" value="Tx"></item><item title="EVM" value="-21,4641" result="PASS"></item><item title="FREQERR" value="0,707095" result="PASS"></item><item title="SYMCLOCKERR" value="0,116283" result="PASS"></item><item title="POWER" value="18,7705" result="PASS"></item><item title="LOLEAKAGE" value="-41,0177" result="PASS"></item><item title="SPECTRUMMASK" value="13,1882" result="PASS"></item><item title="SPECTRUMMARGIN" value="13,1882" result="PASS"></item></Record><Criteria><item title="Modulation" value="MCS0NSS1"></item><item title="Bandwidth" value="80"></item><item title="Antenna" value="0"></item><item title="Channel" value="132"></item><item title="RfIcTemperature" value="60"></item><item title="CpuTemperature" value="62"></item><item title="ExpectedPower" value="20"></item><item title="EVM" Max="-5" Min="-100"></item><item title="FREQERR" Max="15" Min="-15"></item><item title="SYMCLOCKERR" Max="20" Min="-100"></item><item title="POWER" Max="21,5" Min="18,5" Avg="20"></item><item title="LOLEAKAGE" Max="-17" Min="-100"></item><item title="SPECTRUMMASK" Max="100" Min="0"></item><item title="SPECTRUMMARGIN" Max="1000" Min="0"></item></Criteria><Record><item title="Modulation" value="MCS0NSS1"></item><item title="Bandwidth" value="80"></item><item title="Channel" value="132"></item><item title="Antenna" value="0"></item><item title="ExpectedPower" value="20"></item><item title="Power" value="20"></item><item title="TestType" value="Tx"></item><item title="EVM" value="-22,6095" result="PASS"></item><item title="FREQERR" value="0,708432" result="PASS"></item><item title="SYMCLOCKERR" value="1,43885" result="PASS"></item><item title="POWER" value="19,7175" result="PASS"></item><item title="LOLEAKAGE" value="-44,7725" result="PASS"></item><item title="SPECTRUMMASK" value="11,7557" result="PASS"></item><item title="SPECTRUMMARGIN" value="11,7557" result="PASS"></item></Record><Criteria><item title="Modulation" value="MCS0NSS1"></item><item title="Bandwidth" value="80"></item><item title="Antenna" value="0"></item><item title="Channel" value="132"></item><item title="RfIcTemperature" value="60"></item><item title="CpuTemperature" value="62"></item><item title="ExpectedPower" value="21"></item><item title="EVM" Max="-5" Min="-100"></item><item title="FREQERR" Max="15" Min="-15"></item><item title="SYMCLOCKERR" Max="20" Min="-100"></item><item title="POWER" Max="22,5" Min="19,5" Avg="21"></item><item title="LOLEAKAGE" Max="-17" Min="-100"></item><item title="SPECTRUMMASK" Max="100" Min="0"></item><item title="SPECTRUMMARGIN" Max="1000" Min="0"></item></Criteria><Record><item title="Modulation" value="MCS0NSS1"></item><item title="Bandwidth" value="80"></item><item title="Channel" value="132"></item><item title="Antenna" value="0"></item><item title="ExpectedPower" value="21"></item><item title="Power" value="21"></item><item title="TestType" value="Tx"></item><item title="EVM" value="-21,2693" result="PASS"></item><item title="FREQERR" value="0,710004" result="PASS"></item><item title="SYMCLOCKERR" value="0,988461" result="PASS"></item><item title="POWER" value="20,8186" result="PASS"></item><item title="LOLEAKAGE" value="-47,0387" result="PASS"></item><item title="SPECTRUMMASK" value="7,06111" result="PASS"></item><item title="SPECTRUMMARGIN" value="7,06111" result="PASS"></item></Record><Criteria><item title="Modulation" value="MCS0NSS1"></item><item title="Bandwidth" value="80"></item><item title="Antenna" value="0"></item><item title="Channel" value="132"></item><item title="RfIcTemperature" value="60"></item><item title="CpuTemperature" value="62"></item><item title="ExpectedPower" value="22"></item><item title="EVM" Max="-5" Min="-100"></item><item title="FREQERR" Max="15" Min="-15"></item><item title="SYMCLOCKERR" Max="20" Min="-100"></item><item title="POWER" Max="23,5" Min="20,5" Avg="22"></item><item title="LOLEAKAGE" Max="-17" Min="-100"></item><item title="SPECTRUMMASK" Max="100" Min="0"></item><item title="SPECTRUMMARGIN" Max="1000" Min="0"></item></Criteria><Record><item title="Modulation" value="MCS0NSS1"></item><item title="Bandwidth" value="80"></item><item title="Channel" value="132"></item><item title="Antenna" value="0"></item><item title="ExpectedPower" value="22"></item><item title="Power" value="22"></item><item title="TestType" value="Tx"></item><item title="EVM" value="-20,4129" result="PASS"></item><item title="FREQERR" value="0,709338" result="PASS"></item><item title="SYMCLOCKERR" value="-0,124901" result="PASS"></item><item title="POWER" value="21,6621" result="PASS"></item><item title="LOLEAKAGE" value="-50,3739" result="PASS"></item><item title="SPECTRUMMASK" value="5,0435" result="PASS"></item><item title="SPECTRUMMARGIN" value="5,0435" result="PASS"></item></Record><Criteria><item title="Modulation" value="MCS0NSS1"></item><item title="Bandwidth" value="80"></item><item title="Antenna" value="0"></item><item title="Channel" value="132"></item><item title="RfIcTemperature" value="60"></item><item title="CpuTemperature" value="62"></item><item title="ExpectedPower" value="23"></item><item title="EVM" Max="-5" Min="-100"></item><item title="FREQERR" Max="15" Min="-15"></item><item title="SYMCLOCKERR" Max="20" Min="-100"></item><item title="POWER" Max="24,5" Min="21,5" Avg="23"></item><item title="LOLEAKAGE" Max="-17" Min="-100"></item><item title="SPECTRUMMASK" Max="100" Min="0"></item><item title="SPECTRUMMARGIN" Max="1000" Min="0"></item></Criteria><Record><item title="Modulation" value="MCS0NSS1"></item><item title="Bandwidth" value="80"></item><item title="Channel" value="132"></item><item title="Antenna" value="0"></item><item title="ExpectedPower" value="23"></item><item title="Power" value="23"></item><item title="TestType" value="Tx"></item><item title="EVM" value="-17,2386" result="PASS"></item><item title="FREQERR" value="0,707852" result="PASS"></item><item title="SYMCLOCKERR" value="0,471165" result="PASS"></item><item title="POWER" value="22,5383" result="PASS"></item><item title="LOLEAKAGE" value="-44,9791" result="PASS"></item><item title="SPECTRUMMASK" value="2,57413" result="PASS"></item><item title="SPECTRUMMARGIN" value="2,57413" result="PASS"></item></Record><Criteria><item title="Modulation" value="MCS0NSS1"></item><item title="Bandwidth" value="80"></item><item title="Antenna" value="0"></item><item title="Channel" value="132"></item><item title="RfIcTemperature" value="60"></item><item title="CpuTemperature" value="62"></item><item title="ExpectedPower" value="24"></item><item title="EVM" Max="-5" Min="-100"></item><item title="FREQERR" Max="15" Min="-15"></item><item title="SYMCLOCKERR" Max="20" Min="-100"></item><item title="POWER" Max="25,5" Min="22,5" Avg="24"></item><item title="LOLEAKAGE" Max="-17" Min="-100"></item><item title="SPECTRUMMASK" Max="100" Min="0"></item><item title="SPECTRUMMARGIN" Max="1000" Min="0"></item></Criteria><Record><item title="Modulation" value="MCS0NSS1"></item><item title="Bandwidth" value="80"></item><item title="Channel" value="132"></item><item title="Antenna" value="0"></item><item title="ExpectedPower" value="24"></item><item title="Power" value="24"></item><item title="TestType" value="Tx"></item><item title="EVM" value="-15,7705" result="PASS"></item><item title="FREQERR" value="0,697826" result="PASS"></item><item title="SYMCLOCKERR" value="0,0225131" result="PASS"></item><item title="POWER" value="23,291" result="PASS"></item><item title="LOLEAKAGE" value="-40,6489" result="PASS"></item><item title="SPECTRUMMASK" value="0,407787" result="PASS"></item><item title="SPECTRUMMARGIN" value="0,407787" result="PASS"></item></Record><Criteria><item title="Modulation" value="MCS0NSS1"></item><item title="Bandwidth" value="80"></item><item title="Antenna" value="0"></item><item title="Channel" value="132"></item><item title="RfIcTemperature" value="60"></item><item title="CpuTemperature" value="62"></item><item title="ExpectedPower" value="25"></item><item title="EVM" Max="-5" Min="-100"></item><item title="FREQERR" Max="15" Min="-15"></item><item title="SYMCLOCKERR" Max="20" Min="-100"></item><item title="POWER" Max="26,5" Min="23,5" Avg="25"></item><item title="LOLEAKAGE" Max="-17" Min="-100"></item><item title="SPECTRUMMASK" Max="100" Min="0"></item><item title="SPECTRUMMARGIN" Max="1000" Min="0"></item></Criteria><Record><item title="Modulation" value="MCS0NSS1"></item><item title="Bandwidth" value="80"></item><item title="Channel" value="132"></item><item title="Antenna" value="0"></item><item title="ExpectedPower" value="25"></item><item title="Power" value="25"></item><item title="TestType" value="Tx"></item><item title="EVM" value="-13,8054" result="PASS"></item><item title="FREQERR" value="0,703008" result="PASS"></item><item title="SYMCLOCKERR" value="-0,865712" result="PASS"></item><item title="POWER" value="24,0546" result="PASS"></item><item title="LOLEAKAGE" value="-37,5787" result="PASS"></item><item title="SPECTRUMMASK" value="-2,89952" result="FAIL"></item><item title="SPECTRUMMARGIN" value="-2,89952" result="FAIL"></item></Record><Criteria><item title="Modulation" value="MCS0NSS1"></item><item title="Bandwidth" value="80"></item><item title="Antenna" value="1"></item><item title="Channel" value="132"></item><item title="RfIcTemperature" value="60"></item><item title="CpuTemperature" value="61"></item><item title="ExpectedPower" value="10"></item><item title="EVM" Max="-5" Min="-100"></item><item title="FREQERR" Max="15" Min="-15"></item><item title="SYMCLOCKERR" Max="20" Min="-100"></item><item title="POWER" Max="11,5" Min="8,5" Avg="10"></item><item title="LOLEAKAGE" Max="-17" Min="-100"></item><item title="SPECTRUMMASK" Max="100" Min="0"></item><item title="SPECTRUMMARGIN" Max="1000" Min="0"></item></Criteria><Record><item title="Modulation" value="MCS0NSS1"></item><item title="Bandwidth" value="80"></item><item title="Channel" value="132"></item><item title="Antenna" value="1"></item><item title="ExpectedPower" value="10"></item><item title="Power" value="10"></item><item title="TestType" value="Tx"></item><item title="EVM" value="-21,7553" result="PASS"></item><item title="FREQERR" value="0,705427" result="PASS"></item><item title="SYMCLOCKERR" value="2,13503" result="PASS"></item><item title="POWER" value="9,19274" result="PASS"></item><item title="LOLEAKAGE" value="-30,3829" result="PASS"></item><item title="SPECTRUMMASK" value="14,7701" result="PASS"></item><item title="SPECTRUMMARGIN" value="14,7701" result="PASS"></item></Record><Criteria><item title="Modulation" value="MCS0NSS1"></item><item title="Bandwidth" value="80"></item><item title="Antenna" value="1"></item><item title="Channel" value="132"></item><item title="RfIcTemperature" value="60"></item><item title="CpuTemperature" value="61"></item><item title="ExpectedPower" value="11"></item><item title="EVM" Max="-5" Min="-100"></item><item title="FREQERR" Max="15" Min="-15"></item><item title="SYMCLOCKERR" Max="20" Min="-100"></item><item title="POWER" Max="12,5" Min="9,5" Avg="11"></item><item title="LOLEAKAGE" Max="-17" Min="-100"></item><item title="SPECTRUMMASK" Max="100" Min="0"></item><item title="SPECTRUMMARGIN" Max="1000" Min="0"></item></Criteria><Record><item title="Modulation" value="MCS0NSS1"></item><item title="Bandwidth" value="80"></item><item title="Channel" value="132"></item><item title="Antenna" value="1"></item><item title="ExpectedPower" value="11"></item><item title="Power" value="11"></item><item title="TestType" value="Tx"></item><item title="EVM" value="-22,1535" result="PASS"></item><item title="FREQERR" value="0,70298" result="PASS"></item><item title="SYMCLOCKERR" value="1,18964" result="PASS"></item><item title="POWER" value="10,0033" result="PASS"></item><item title="LOLEAKAGE" value="-30,3816" result="PASS"></item><item title="SPECTRUMMASK" value="13,3201" result="PASS"></item><item title="SPECTRUMMARGIN" value="13,3201" result="PASS"></item></Record><Criteria><item title="Modulation" value="MCS0NSS1"></item><item title="Bandwidth" value="80"></item><item title="Antenna" value="1"></item><item title="Channel" value="132"></item><item title="RfIcTemperature" value="60"></item><item title="CpuTemperature" value="61"></item><item title="ExpectedPower" value="12"></item><item title="EVM" Max="-5" Min="-100"></item><item title="FREQERR" Max="15" Min="-15"></item><item title="SYMCLOCKERR" Max="20" Min="-100"></item><item title="POWER" Max="13,5" Min="10,5" Avg="12"></item><item title="LOLEAKAGE" Max="-17" Min="-100"></item><item title="SPECTRUMMASK" Max="100" Min="0"></item><item title="SPECTRUMMARGIN" Max="1000" Min="0"></item></Criteria><Record><item title="Modulation" value="MCS0NSS1"></item><item title="Bandwidth" value="80"></item><item title="Channel" value="132"></item><item title="Antenna" value="1"></item><item title="ExpectedPower" value="12"></item><item title="Power" value="12"></item><item title="TestType" value="Tx"></item><item title="EVM" value="-22,6122" result="PASS"></item><item title="FREQERR" value="0,702376" result="PASS"></item><item title="SYMCLOCKERR" value="1,31084" result="PASS"></item><item title="POWER" value="10,9441" result="PASS"></item><item title="LOLEAKAGE" value="-30,4478" result="PASS"></item><item title="SPECTRUMMASK" value="15,1264" result="PASS"></item><item title="SPECTRUMMARGIN" value="15,1264" result="PASS"></item></Record><Criteria><item title="Modulation" value="MCS0NSS1"></item><item title="Bandwidth" value="80"></item><item title="Antenna" value="1"></item><item title="Channel" value="132"></item><item title="RfIcTemperature" value="60"></item><item title="CpuTemperature" value="61"></item><item title="ExpectedPower" value="13"></item><item title="EVM" Max="-5" Min="-100"></item><item title="FREQERR" Max="15" Min="-15"></item><item title="SYMCLOCKERR" Max="20" Min="-100"></item><item title="POWER" Max="14,5" Min="11,5" Avg="13"></item><item title="LOLEAKAGE" Max="-17" Min="-100"></item><item title="SPECTRUMMASK" Max="100" Min="0"></item><item title="SPECTRUMMARGIN" Max="1000" Min="0"></item></Criteria><Record><item title="Modulation" value="MCS0NSS1"></item><item title="Bandwidth" value="80"></item><item title="Channel" value="132"></item><item title="Antenna" value="1"></item><item title="ExpectedPower" value="13"></item><item title="Power" value="13"></item><item title="TestType" value="Tx"></item><item title="EVM" value="-22,2983" result="PASS"></item><item title="FREQERR" value="0,704477" result="PASS"></item><item title="SYMCLOCKERR" value="1,16198" result="PASS"></item><item title="POWER" value="12,1191" result="PASS"></item><item title="LOLEAKAGE" value="-32,2984" result="PASS"></item><item title="SPECTRUMMASK" value="14,2888" result="PASS"></item><item title="SPECTRUMMARGIN" value="14,2888" result="PASS"></item></Record><Criteria><item title="Modulation" value="MCS0NSS1"></item><item title="Bandwidth" value="80"></item><item title="Antenna" value="1"></item><item title="Channel" value="132"></item><item title="RfIcTemperature" value="60"></item><item title="CpuTemperature" value="61"></item><item title="ExpectedPower" value="14"></item><item title="EVM" Max="-5" Min="-100"></item><item title="FREQERR" Max="15" Min="-15"></item><item title="SYMCLOCKERR" Max="20" Min="-100"></item><item title="POWER" Max="15,5" Min="12,5" Avg="14"></item><item title="LOLEAKAGE" Max="-17" Min="-100"></item><item title="SPECTRUMMASK" Max="100" Min="0"></item><item title="SPECTRUMMARGIN" Max="1000" Min="0"></item></Criteria><Record><item title="Modulation" value="MCS0NSS1"></item><item title="Bandwidth" value="80"></item><item title="Channel" value="132"></item><item title="Antenna" value="1"></item><item title="ExpectedPower" value="14"></item><item title="Power" value="14"></item><item title="TestType" value="Tx"></item><item title="EVM" value="-22,704" result="PASS"></item><item title="FREQERR" value="0,698546" result="PASS"></item><item title="SYMCLOCKERR" value="1,96725" result="PASS"></item><item title="POWER" value="13,0035" result="PASS"></item><item title="LOLEAKAGE" value="-31,1948" result="PASS"></item><item title="SPECTRUMMASK" value="15,0024" result="PASS"></item><item title="SPECTRUMMARGIN" value="15,0024" result="PASS"></item></Record><Criteria><item title="Modulation" value="MCS0NSS1"></item><item title="Bandwidth" value="80"></item><item title="Antenna" value="1"></item><item title="Channel" value="132"></item><item title="RfIcTemperature" value="60"></item><item title="CpuTemperature" value="61"></item><item title="ExpectedPower" value="15"></item><item title="EVM" Max="-5" Min="-100"></item><item title="FREQERR" Max="15" Min="-15"></item><item title="SYMCLOCKERR" Max="20" Min="-100"></item><item title="POWER" Max="16,5" Min="13,5" Avg="15"></item><item title="LOLEAKAGE" Max="-17" Min="-100"></item><item title="SPECTRUMMASK" Max="100" Min="0"></item><item title="SPECTRUMMARGIN" Max="1000" Min="0"></item></Criteria><Record><item title="Modulation" value="MCS0NSS1"></item><item title="Bandwidth" value="80"></item><item title="Channel" value="132"></item><item title="Antenna" value="1"></item><item title="ExpectedPower" value="15"></item><item title="Power" value="15"></item><item title="TestType" value="Tx"></item><item title="EVM" value="-21,4718" result="PASS"></item><item title="FREQERR" value="0,700351" result="PASS"></item><item title="SYMCLOCKERR" value="0,799543" result="PASS"></item><item title="POWER" value="14,2402" result="PASS"></item><item title="LOLEAKAGE" value="-32,1028" result="PASS"></item><item title="SPECTRUMMASK" value="14,954" result="PASS"></item><item title="SPECTRUMMARGIN" value="14,954" result="PASS"></item></Record><Criteria><item title="Modulation" value="MCS0NSS1"></item><item title="Bandwidth" value="80"></item><item title="Antenna" value="1"></item><item title="Channel" value="132"></item><item title="RfIcTemperature" value="60"></item><item title="CpuTemperature" value="61"></item><item title="ExpectedPower" value="16"></item><item title="EVM" Max="-5" Min="-100"></item><item title="FREQERR" Max="15" Min="-15"></item><item title="SYMCLOCKERR" Max="20" Min="-100"></item><item title="POWER" Max="17,5" Min="14,5" Avg="16"></item><item title="LOLEAKAGE" Max="-17" Min="-100"></item><item title="SPECTRUMMASK" Max="100" Min="0"></item><item title="SPECTRUMMARGIN" Max="1000" Min="0"></item></Criteria><Record><item title="Modulation" value="MCS0NSS1"></item><item title="Bandwidth" value="80"></item><item title="Channel" value="132"></item><item title="Antenna" value="1"></item><item title="ExpectedPower" value="16"></item><item title="Power" value="16"></item><item title="TestType" value="Tx"></item><item title="EVM" value="-22,0266" result="PASS"></item><item title="FREQERR" value="0,697187" result="PASS"></item><item title="SYMCLOCKERR" value="0,744406" result="PASS"></item><item title="POWER" value="15,1495" result="PASS"></item><item title="LOLEAKAGE" value="-36,5415" result="PASS"></item><item title="SPECTRUMMASK" value="13,2707" result="PASS"></item><item title="SPECTRUMMARGIN" value="13,2707" result="PASS"></item></Record><Criteria><item title="Modulation" value="MCS0NSS1"></item><item title="Bandwidth" value="80"></item><item title="Antenna" value="1"></item><item title="Channel" value="132"></item><item title="RfIcTemperature" value="60"></item><item title="CpuTemperature" value="61"></item><item title="ExpectedPower" value="17"></item><item title="EVM" Max="-5" Min="-100"></item><item title="FREQERR" Max="15" Min="-15"></item><item title="SYMCLOCKERR" Max="20" Min="-100"></item><item title="POWER" Max="18,5" Min="15,5" Avg="17"></item><item title="LOLEAKAGE" Max="-17" Min="-100"></item><item title="SPECTRUMMASK" Max="100" Min="0"></item><item title="SPECTRUMMARGIN" Max="1000" Min="0"></item></Criteria><Record><item title="Modulation" value="MCS0NSS1"></item><item title="Bandwidth" value="80"></item><item title="Channel" value="132"></item><item title="Antenna" value="1"></item><item title="ExpectedPower" value="17"></item><item title="Power" value="17"></item><item title="TestType" value="Tx"></item><item title="EVM" value="-22,3745" result="PASS"></item><item title="FREQERR" value="0,7" result="PASS"></item><item title="SYMCLOCKERR" value="1,04223" result="PASS"></item><item title="POWER" value="16,4116" result="PASS"></item><item title="LOLEAKAGE" value="-36,4319" result="PASS"></item><item title="SPECTRUMMASK" value="14,6245" result="PASS"></item><item title="SPECTRUMMARGIN" value="14,6245" result="PASS"></item></Record><Criteria><item title="Modulation" value="MCS0NSS1"></item><item title="Bandwidth" value="80"></item><item title="Antenna" value="1"></item><item title="Channel" value="132"></item><item title="RfIcTemperature" value="60"></item><item title="CpuTemperature" value="61"></item><item title="ExpectedPower" value="18"></item><item title="EVM" Max="-5" Min="-100"></item><item title="FREQERR" Max="15" Min="-15"></item><item title="SYMCLOCKERR" Max="20" Min="-100"></item><item title="POWER" Max="19,5" Min="16,5" Avg="18"></item><item title="LOLEAKAGE" Max="-17" Min="-100"></item><item title="SPECTRUMMASK" Max="100" Min="0"></item><item title="SPECTRUMMARGIN" Max="1000" Min="0"></item></Criteria><Record><item title="Modulation" value="MCS0NSS1"></item><item title="Bandwidth" value="80"></item><item title="Channel" value="132"></item><item title="Antenna" value="1"></item><item title="ExpectedPower" value="18"></item><item title="Power" value="18"></item><item title="TestType" value="Tx"></item><item title="EVM" value="-21,4158" result="PASS"></item><item title="FREQERR" value="0,697476" result="PASS"></item><item title="SYMCLOCKERR" value="1,49305" result="PASS"></item><item title="POWER" value="17,2174" result="PASS"></item><item title="LOLEAKAGE" value="-46,263" result="PASS"></item><item title="SPECTRUMMASK" value="14,086" result="PASS"></item><item title="SPECTRUMMARGIN" value="14,086" result="PASS"></item></Record><Criteria><item title="Modulation" value="MCS0NSS1"></item><item title="Bandwidth" value="80"></item><item title="Antenna" value="1"></item><item title="Channel" value="132"></item><item title="RfIcTemperature" value="60"></item><item title="CpuTemperature" value="61"></item><item title="ExpectedPower" value="19"></item><item title="EVM" Max="-5" Min="-100"></item><item title="FREQERR" Max="15" Min="-15"></item><item title="SYMCLOCKERR" Max="20" Min="-100"></item><item title="POWER" Max="20,5" Min="17,5" Avg="19"></item><item title="LOLEAKAGE" Max="-17" Min="-100"></item><item title="SPECTRUMMASK" Max="100" Min="0"></item><item title="SPECTRUMMARGIN" Max="1000" Min="0"></item></Criteria><Record><item title="Modulation" value="MCS0NSS1"></item><item title="Bandwidth" value="80"></item><item title="Channel" value="132"></item><item title="Antenna" value="1"></item><item title="ExpectedPower" value="19"></item><item title="Power" value="19"></item><item title="TestType" value="Tx"></item><item title="EVM" value="-22,0444" result="PASS"></item><item title="FREQERR" value="0,698048" result="PASS"></item><item title="SYMCLOCKERR" value="1,59838" result="PASS"></item><item title="POWER" value="17,9712" result="PASS"></item><item title="LOLEAKAGE" value="-40,2574" result="PASS"></item><item title="SPECTRUMMASK" value="13,6848" result="PASS"></item><item title="SPECTRUMMARGIN" value="13,6848" result="PASS"></item></Record><Criteria><item title="Modulation" value="MCS0NSS1"></item><item title="Bandwidth" value="80"></item><item title="Antenna" value="1"></item><item title="Channel" value="132"></item><item title="RfIcTemperature" value="60"></item><item title="CpuTemperature" value="61"></item><item title="ExpectedPower" value="20"></item><item title="EVM" Max="-5" Min="-100"></item><item title="FREQERR" Max="15" Min="-15"></item><item title="SYMCLOCKERR" Max="20" Min="-100"></item><item title="POWER" Max="21,5" Min="18,5" Avg="20"></item><item title="LOLEAKAGE" Max="-17" Min="-100"></item><item title="SPECTRUMMASK" Max="100" Min="0"></item><item title="SPECTRUMMARGIN" Max="1000" Min="0"></item></Criteria><Record><item title="Modulation" value="MCS0NSS1"></item><item title="Bandwidth" value="80"></item><item title="Channel" value="132"></item><item title="Antenna" value="1"></item><item title="ExpectedPower" value="20"></item><item title="Power" value="20"></item><item title="TestType" value="Tx"></item><item title="EVM" value="-21,6032" result="PASS"></item><item title="FREQERR" value="0,690355" result="PASS"></item><item title="SYMCLOCKERR" value="1,80903" result="PASS"></item><item title="POWER" value="19,1553" result="PASS"></item><item title="LOLEAKAGE" value="-39,8619" result="PASS"></item><item title="SPECTRUMMASK" value="12,0936" result="PASS"></item><item title="SPECTRUMMARGIN" value="12,0936" result="PASS"></item></Record><Criteria><item title="Modulation" value="MCS0NSS1"></item><item title="Bandwidth" value="80"></item><item title="Antenna" value="1"></item><item title="Channel" value="132"></item><item title="RfIcTemperature" value="60"></item><item title="CpuTemperature" value="61"></item><item title="ExpectedPower" value="21"></item><item title="EVM" Max="-5" Min="-100"></item><item title="FREQERR" Max="15" Min="-15"></item><item title="SYMCLOCKERR" Max="20" Min="-100"></item><item title="POWER" Max="22,5" Min="19,5" Avg="21"></item><item title="LOLEAKAGE" Max="-17" Min="-100"></item><item title="SPECTRUMMASK" Max="100" Min="0"></item><item title="SPECTRUMMARGIN" Max="1000" Min="0"></item></Criteria><Record><item title="Modulation" value="MCS0NSS1"></item><item title="Bandwidth" value="80"></item><item title="Channel" value="132"></item><item title="Antenna" value="1"></item><item title="ExpectedPower" value="21"></item><item title="Power" value="21"></item><item title="TestType" value="Tx"></item><item title="EVM" value="-22,2057" result="PASS"></item><item title="FREQERR" value="0,696524" result="PASS"></item><item title="SYMCLOCKERR" value="1,0423" result="PASS"></item><item title="POWER" value="20,0474" result="PASS"></item><item title="LOLEAKAGE" value="-42,6608" result="PASS"></item><item title="SPECTRUMMASK" value="11,0885" result="PASS"></item><item title="SPECTRUMMARGIN" value="11,0885" result="PASS"></item></Record><Criteria><item title="Modulation" value="MCS0NSS1"></item><item title="Bandwidth" value="80"></item><item title="Antenna" value="1"></item><item title="Channel" value="132"></item><item title="RfIcTemperature" value="60"></item><item title="CpuTemperature" value="61"></item><item title="ExpectedPower" value="22"></item><item title="EVM" Max="-5" Min="-100"></item><item title="FREQERR" Max="15" Min="-15"></item><item title="SYMCLOCKERR" Max="20" Min="-100"></item><item title="POWER" Max="23,5" Min="20,5" Avg="22"></item><item title="LOLEAKAGE" Max="-17" Min="-100"></item><item title="SPECTRUMMASK" Max="100" Min="0"></item><item title="SPECTRUMMARGIN" Max="1000" Min="0"></item></Criteria><Record><item title="Modulation" value="MCS0NSS1"></item><item title="Bandwidth" value="80"></item><item title="Channel" value="132"></item><item title="Antenna" value="1"></item><item title="ExpectedPower" value="22"></item><item title="Power" value="22"></item><item title="TestType" value="Tx"></item><item title="EVM" value="-21,7297" result="PASS"></item><item title="FREQERR" value="0,689231" result="PASS"></item><item title="SYMCLOCKERR" value="1,03015" result="PASS"></item><item title="POWER" value="20,8879" result="PASS"></item><item title="LOLEAKAGE" value="-45,2273" result="PASS"></item><item title="SPECTRUMMASK" value="8,42069" result="PASS"></item><item title="SPECTRUMMARGIN" value="8,42069" result="PASS"></item></Record><Criteria><item title="Modulation" value="MCS0NSS1"></item><item title="Bandwidth" value="80"></item><item title="Antenna" value="1"></item><item title="Channel" value="132"></item><item title="RfIcTemperature" value="60"></item><item title="CpuTemperature" value="61"></item><item title="ExpectedPower" value="23"></item><item title="EVM" Max="-5" Min="-100"></item><item title="FREQERR" Max="15" Min="-15"></item><item title="SYMCLOCKERR" Max="20" Min="-100"></item><item title="POWER" Max="24,5" Min="21,5" Avg="23"></item><item title="LOLEAKAGE" Max="-17" Min="-100"></item><item title="SPECTRUMMASK" Max="100" Min="0"></item><item title="SPECTRUMMARGIN" Max="1000" Min="0"></item></Criteria><Record><item title="Modulation" value="MCS0NSS1"></item><item title="Bandwidth" value="80"></item><item title="Channel" value="132"></item><item title="Antenna" value="1"></item><item title="ExpectedPower" value="23"></item><item title="Power" value="23"></item><item title="TestType" value="Tx"></item><item title="EVM" value="-19,7056" result="PASS"></item><item title="FREQERR" value="0,690943" result="PASS"></item><item title="SYMCLOCKERR" value="1,61857" result="PASS"></item><item title="POWER" value="21,9011" result="PASS"></item><item title="LOLEAKAGE" value="-50,1321" result="PASS"></item><item title="SPECTRUMMASK" value="4,28993" result="PASS"></item><item title="SPECTRUMMARGIN" value="4,28993" result="PASS"></item></Record><Criteria><item title="Modulation" value="MCS0NSS1"></item><item title="Bandwidth" value="80"></item><item title="Antenna" value="1"></item><item title="Channel" value="132"></item><item title="RfIcTemperature" value="60"></item><item title="CpuTemperature" value="61"></item><item title="ExpectedPower" value="24"></item><item title="EVM" Max="-5" Min="-100"></item><item title="FREQERR" Max="15" Min="-15"></item><item title="SYMCLOCKERR" Max="20" Min="-100"></item><item title="POWER" Max="25,5" Min="22,5" Avg="24"></item><item title="LOLEAKAGE" Max="-17" Min="-100"></item><item title="SPECTRUMMASK" Max="100" Min="0"></item><item title="SPECTRUMMARGIN" Max="1000" Min="0"></item></Criteria><Record><item title="Modulation" value="MCS0NSS1"></item><item title="Bandwidth" value="80"></item><item title="Channel" value="132"></item><item title="Antenna" value="1"></item><item title="ExpectedPower" value="24"></item><item title="Power" value="24"></item><item title="TestType" value="Tx"></item><item title="EVM" value="-17,9992" result="PASS"></item><item title="FREQERR" value="0,688697" result="PASS"></item><item title="SYMCLOCKERR" value="2,19482" result="PASS"></item><item title="POWER" value="22,9376" result="PASS"></item><item title="LOLEAKAGE" value="-48,0132" result="PASS"></item><item title="SPECTRUMMASK" value="1,98016" result="PASS"></item><item title="SPECTRUMMARGIN" value="1,98016" result="PASS"></item></Record><Criteria><item title="Modulation" value="MCS0NSS1"></item><item title="Bandwidth" value="80"></item><item title="Antenna" value="1"></item><item title="Channel" value="132"></item><item title="RfIcTemperature" value="60"></item><item title="CpuTemperature" value="61"></item><item title="ExpectedPower" value="25"></item><item title="EVM" Max="-5" Min="-100"></item><item title="FREQERR" Max="15" Min="-15"></item><item title="SYMCLOCKERR" Max="20" Min="-100"></item><item title="POWER" Max="26,5" Min="23,5" Avg="25"></item><item title="LOLEAKAGE" Max="-17" Min="-100"></item><item title="SPECTRUMMASK" Max="100" Min="0"></item><item title="SPECTRUMMARGIN" Max="1000" Min="0"></item></Criteria><Record><item title="Modulation" value="MCS0NSS1"></item><item title="Bandwidth" value="80"></item><item title="Channel" value="132"></item><item title="Antenna" value="1"></item><item title="ExpectedPower" value="25"></item><item title="Power" value="25"></item><item title="TestType" value="Tx"></item><item title="EVM" value="-15,7521" result="PASS"></item><item title="FREQERR" value="0,684993" result="PASS"></item><item title="SYMCLOCKERR" value="1,70858" result="PASS"></item><item title="POWER" value="23,7392" result="PASS"></item><item title="LOLEAKAGE" value="-38,8366" result="PASS"></item><item title="SPECTRUMMASK" value="-0,924637" result="FAIL"></item><item title="SPECTRUMMARGIN" value="-0,924637" result="FAIL"></item></Record><Criteria><item title="Modulation" value="MCS0NSS1"></item><item title="Bandwidth" value="80"></item><item title="Antenna" value="2"></item><item title="Channel" value="132"></item><item title="RfIcTemperature" value="60"></item><item title="CpuTemperature" value="62"></item><item title="ExpectedPower" value="10"></item><item title="EVM" Max="-5" Min="-100"></item><item title="FREQERR" Max="15" Min="-15"></item><item title="SYMCLOCKERR" Max="20" Min="-100"></item><item title="POWER" Max="11,5" Min="8,5" Avg="10"></item><item title="LOLEAKAGE" Max="-17" Min="-100"></item><item title="SPECTRUMMASK" Max="100" Min="0"></item><item title="SPECTRUMMARGIN" Max="1000" Min="0"></item></Criteria><Record><item title="Modulation" value="MCS0NSS1"></item><item title="Bandwidth" value="80"></item><item title="Channel" value="132"></item><item title="Antenna" value="2"></item><item title="ExpectedPower" value="10"></item><item title="Power" value="10"></item><item title="TestType" value="Tx"></item><item title="EVM" value="-21,977" result="PASS"></item><item title="FREQERR" value="0,69205" result="PASS"></item><item title="SYMCLOCKERR" value="1,98805" result="PASS"></item><item title="POWER" value="9,82477" result="PASS"></item><item title="LOLEAKAGE" value="-31,0209" result="PASS"></item><item title="SPECTRUMMASK" value="14,4332" result="PASS"></item><item title="SPECTRUMMARGIN" value="14,4332" result="PASS"></item></Record><Criteria><item title="Modulation" value="MCS0NSS1"></item><item title="Bandwidth" value="80"></item><item title="Antenna" value="2"></item><item title="Channel" value="132"></item><item title="RfIcTemperature" value="60"></item><item title="CpuTemperature" value="62"></item><item title="ExpectedPower" value="11"></item><item title="EVM" Max="-5" Min="-100"></item><item title="FREQERR" Max="15" Min="-15"></item><item title="SYMCLOCKERR" Max="20" Min="-100"></item><item title="POWER" Max="12,5" Min="9,5" Avg="11"></item><item title="LOLEAKAGE" Max="-17" Min="-100"></item><item title="SPECTRUMMASK" Max="100" Min="0"></item><item title="SPECTRUMMARGIN" Max="1000" Min="0"></item></Criteria><Record><item title="Modulation" value="MCS0NSS1"></item><item title="Bandwidth" value="80"></item><item title="Channel" value="132"></item><item title="Antenna" value="2"></item><item title="ExpectedPower" value="11"></item><item title="Power" value="11"></item><item title="TestType" value="Tx"></item><item title="EVM" value="-22,4221" result="PASS"></item><item title="FREQERR" value="0,699575" result="PASS"></item><item title="SYMCLOCKERR" value="1,19824" result="PASS"></item><item title="POWER" value="10,8165" result="PASS"></item><item title="LOLEAKAGE" value="-30,7124" result="PASS"></item><item title="SPECTRUMMASK" value="15,9123" result="PASS"></item><item title="SPECTRUMMARGIN" value="15,9123" result="PASS"></item></Record><Criteria><item title="Modulation" value="MCS0NSS1"></item><item title="Bandwidth" value="80"></item><item title="Antenna" value="2"></item><item title="Channel" value="132"></item><item title="RfIcTemperature" value="60"></item><item title="CpuTemperature" value="62"></item><item title="ExpectedPower" value="12"></item><item title="EVM" Max="-5" Min="-100"></item><item title="FREQERR" Max="15" Min="-15"></item><item title="SYMCLOCKERR" Max="20" Min="-100"></item><item title="POWER" Max="13,5" Min="10,5" Avg="12"></item><item title="LOLEAKAGE" Max="-17" Min="-100"></item><item title="SPECTRUMMASK" Max="100" Min="0"></item><item title="SPECTRUMMARGIN" Max="1000" Min="0"></item></Criteria><Record><item title="Modulation" value="MCS0NSS1"></item><item title="Bandwidth" value="80"></item><item title="Channel" value="132"></item><item title="Antenna" value="2"></item><item title="ExpectedPower" value="12"></item><item title="Power" value="12"></item><item title="TestType" value="Tx"></item><item title="EVM" value="-22,5578" result="PASS"></item><item title="FREQERR" value="0,69519" result="PASS"></item><item title="SYMCLOCKERR" value="1,92568" result="PASS"></item><item title="POWER" value="11,8722" result="PASS"></item><item title="LOLEAKAGE" value="-31,1005" result="PASS"></item><item title="SPECTRUMMASK" value="15,0046" result="PASS"></item><item title="SPECTRUMMARGIN" value="15,0046" result="PASS"></item></Record><Criteria><item title="Modulation" value="MCS0NSS1"></item><item title="Bandwidth" value="80"></item><item title="Antenna" value="2"></item><item title="Channel" value="132"></item><item title="RfIcTemperature" value="60"></item><item title="CpuTemperature" value="62"></item><item title="ExpectedPower" value="13"></item><item title="EVM" Max="-5" Min="-100"></item><item title="FREQERR" Max="15" Min="-15"></item><item title="SYMCLOCKERR" Max="20" Min="-100"></item><item title="POWER" Max="14,5" Min="11,5" Avg="13"></item><item title="LOLEAKAGE" Max="-17" Min="-100"></item><item title="SPECTRUMMASK" Max="100" Min="0"></item><item title="SPECTRUMMARGIN" Max="1000" Min="0"></item></Criteria><Record><item title="Modulation" value="MCS0NSS1"></item><item title="Bandwidth" value="80"></item><item title="Channel" value="132"></item><item title="Antenna" value="2"></item><item title="ExpectedPower" value="13"></item><item title="Power" value="13"></item><item title="TestType" value="Tx"></item><item title="EVM" value="-21,3127" result="PASS"></item><item title="FREQERR" value="0,690019" result="PASS"></item><item title="SYMCLOCKERR" value="1,99516" result="PASS"></item><item title="POWER" value="12,8648" result="PASS"></item><item title="LOLEAKAGE" value="-32,5538" result="PASS"></item><item title="SPECTRUMMASK" value="14,2935" result="PASS"></item><item title="SPECTRUMMARGIN" value="14,2935" result="PASS"></item></Record><Criteria><item title="Modulation" value="MCS0NSS1"></item><item title="Bandwidth" value="80"></item><item title="Antenna" value="2"></item><item title="Channel" value="132"></item><item title="RfIcTemperature" value="60"></item><item title="CpuTemperature" value="62"></item><item title="ExpectedPower" value="14"></item><item title="EVM" Max="-5" Min="-100"></item><item title="FREQERR" Max="15" Min="-15"></item><item title="SYMCLOCKERR" Max="20" Min="-100"></item><item title="POWER" Max="15,5" Min="12,5" Avg="14"></item><item title="LOLEAKAGE" Max="-17" Min="-100"></item><item title="SPECTRUMMASK" Max="100" Min="0"></item><item title="SPECTRUMMARGIN" Max="1000" Min="0"></item></Criteria><Record><item title="Modulation" value="MCS0NSS1"></item><item title="Bandwidth" value="80"></item><item title="Channel" value="132"></item><item title="Antenna" value="2"></item><item title="ExpectedPower" value="14"></item><item title="Power" value="14"></item><item title="TestType" value="Tx"></item><item title="EVM" value="-22,0795" result="PASS"></item><item title="FREQERR" value="0,69038" result="PASS"></item><item title="SYMCLOCKERR" value="1,05416" result="PASS"></item><item title="POWER" value="13,7862" result="PASS"></item><item title="LOLEAKAGE" value="-31,8158" result="PASS"></item><item title="SPECTRUMMASK" value="13,2581" result="PASS"></item><item title="SPECTRUMMARGIN" value="13,2581" result="PASS"></item></Record><Criteria><item title="Modulation" value="MCS0NSS1"></item><item title="Bandwidth" value="80"></item><item title="Antenna" value="2"></item><item title="Channel" value="132"></item><item title="RfIcTemperature" value="60"></item><item title="CpuTemperature" value="62"></item><item title="ExpectedPower" value="15"></item><item title="EVM" Max="-5" Min="-100"></item><item title="FREQERR" Max="15" Min="-15"></item><item title="SYMCLOCKERR" Max="20" Min="-100"></item><item title="POWER" Max="16,5" Min="13,5" Avg="15"></item><item title="LOLEAKAGE" Max="-17" Min="-100"></item><item title="SPECTRUMMASK" Max="100" Min="0"></item><item title="SPECTRUMMARGIN" Max="1000" Min="0"></item></Criteria><Record><item title="Modulation" value="MCS0NSS1"></item><item title="Bandwidth" value="80"></item><item title="Channel" value="132"></item><item title="Antenna" value="2"></item><item title="ExpectedPower" value="15"></item><item title="Power" value="15"></item><item title="TestType" value="Tx"></item><item title="EVM" value="-21,4408" result="PASS"></item><item title="FREQERR" value="0,692915" result="PASS"></item><item title="SYMCLOCKERR" value="0,397848" result="PASS"></item><item title="POWER" value="14,8277" result="PASS"></item><item title="LOLEAKAGE" value="-35,1655" result="PASS"></item><item title="SPECTRUMMASK" value="14,7767" result="PASS"></item><item title="SPECTRUMMARGIN" value="14,7767" result="PASS"></item></Record><Criteria><item title="Modulation" value="MCS0NSS1"></item><item title="Bandwidth" value="80"></item><item title="Antenna" value="2"></item><item title="Channel" value="132"></item><item title="RfIcTemperature" value="60"></item><item title="CpuTemperature" value="62"></item><item title="ExpectedPower" value="16"></item><item title="EVM" Max="-5" Min="-100"></item><item title="FREQERR" Max="15" Min="-15"></item><item title="SYMCLOCKERR" Max="20" Min="-100"></item><item title="POWER" Max="17,5" Min="14,5" Avg="16"></item><item title="LOLEAKAGE" Max="-17" Min="-100"></item><item title="SPECTRUMMASK" Max="100" Min="0"></item><item title="SPECTRUMMARGIN" Max="1000" Min="0"></item></Criteria><Record><item title="Modulation" value="MCS0NSS1"></item><item title="Bandwidth" value="80"></item><item title="Channel" value="132"></item><item title="Antenna" value="2"></item><item title="ExpectedPower" value="16"></item><item title="Power" value="16"></item><item title="TestType" value="Tx"></item><item title="EVM" value="-22,141" result="PASS"></item><item title="FREQERR" value="0,691698" result="PASS"></item><item title="SYMCLOCKERR" value="0,601092" result="PASS"></item><item title="POWER" value="15,9358" result="PASS"></item><item title="LOLEAKAGE" value="-34,4909" result="PASS"></item><item title="SPECTRUMMASK" value="13,9101" result="PASS"></item><item title="SPECTRUMMARGIN" value="13,9101" result="PASS"></item></Record><Criteria><item title="Modulation" value="MCS0NSS1"></item><item title="Bandwidth" value="80"></item><item title="Antenna" value="2"></item><item title="Channel" value="132"></item><item title="RfIcTemperature" value="60"></item><item title="CpuTemperature" value="62"></item><item title="ExpectedPower" value="17"></item><item title="EVM" Max="-5" Min="-100"></item><item title="FREQERR" Max="15" Min="-15"></item><item title="SYMCLOCKERR" Max="20" Min="-100"></item><item title="POWER" Max="18,5" Min="15,5" Avg="17"></item><item title="LOLEAKAGE" Max="-17" Min="-100"></item><item title="SPECTRUMMASK" Max="100" Min="0"></item><item title="SPECTRUMMARGIN" Max="1000" Min="0"></item></Criteria><Record><item title="Modulation" value="MCS0NSS1"></item><item title="Bandwidth" value="80"></item><item title="Channel" value="132"></item><item title="Antenna" value="2"></item><item title="ExpectedPower" value="17"></item><item title="Power" value="17"></item><item title="TestType" value="Tx"></item><item title="EVM" value="-21,5522" result="PASS"></item><item title="FREQERR" value="0,688826" result="PASS"></item><item title="SYMCLOCKERR" value="0,497336" result="PASS"></item><item title="POWER" value="16,8565" result="PASS"></item><item title="LOLEAKAGE" value="-36,7829" result="PASS"></item><item title="SPECTRUMMASK" value="13,16" result="PASS"></item><item title="SPECTRUMMARGIN" value="13,16" result="PASS"></item></Record><Criteria><item title="Modulation" value="MCS0NSS1"></item><item title="Bandwidth" value="80"></item><item title="Antenna" value="2"></item><item title="Channel" value="132"></item><item title="RfIcTemperature" value="60"></item><item title="CpuTemperature" value="62"></item><item title="ExpectedPower" value="18"></item><item title="EVM" Max="-5" Min="-100"></item><item title="FREQERR" Max="15" Min="-15"></item><item title="SYMCLOCKERR" Max="20" Min="-100"></item><item title="POWER" Max="19,5" Min="16,5" Avg="18"></item><item title="LOLEAKAGE" Max="-17" Min="-100"></item><item title="SPECTRUMMASK" Max="100" Min="0"></item><item title="SPECTRUMMARGIN" Max="1000" Min="0"></item></Criteria><Record><item title="Modulation" value="MCS0NSS1"></item><item title="Bandwidth" value="80"></item><item title="Channel" value="132"></item><item title="Antenna" value="2"></item><item title="ExpectedPower" value="18"></item><item title="Power" value="18"></item><item title="TestType" value="Tx"></item><item title="EVM" value="-21,7325" result="PASS"></item><item title="FREQERR" value="0,68965" result="PASS"></item><item title="SYMCLOCKERR" value="1,96856" result="PASS"></item><item title="POWER" value="17,9949" result="PASS"></item><item title="LOLEAKAGE" value="-38,5863" result="PASS"></item><item title="SPECTRUMMASK" value="14,4495" result="PASS"></item><item title="SPECTRUMMARGIN" value="14,4495" result="PASS"></item></Record><Criteria><item title="Modulation" value="MCS0NSS1"></item><item title="Bandwidth" value="80"></item><item title="Antenna" value="2"></item><item title="Channel" value="132"></item><item title="RfIcTemperature" value="60"></item><item title="CpuTemperature" value="62"></item><item title="ExpectedPower" value="19"></item><item title="EVM" Max="-5" Min="-100"></item><item title="FREQERR" Max="15" Min="-15"></item><item title="SYMCLOCKERR" Max="20" Min="-100"></item><item title="POWER" Max="20,5" Min="17,5" Avg="19"></item><item title="LOLEAKAGE" Max="-17" Min="-100"></item><item title="SPECTRUMMASK" Max="100" Min="0"></item><item title="SPECTRUMMARGIN" Max="1000" Min="0"></item></Criteria><Record><item title="Modulation" value="MCS0NSS1"></item><item title="Bandwidth" value="80"></item><item title="Channel" value="132"></item><item title="Antenna" value="2"></item><item title="ExpectedPower" value="19"></item><item title="Power" value="19"></item><item title="TestType" value="Tx"></item><item title="EVM" value="-22,2375" result="PASS"></item><item title="FREQERR" value="0,692963" result="PASS"></item><item title="SYMCLOCKERR" value="0,648123" result="PASS"></item><item title="POWER" value="18,9384" result="PASS"></item><item title="LOLEAKAGE" value="-40,4124" result="PASS"></item><item title="SPECTRUMMASK" value="14,3394" result="PASS"></item><item title="SPECTRUMMARGIN" value="14,3394" result="PASS"></item></Record><Criteria><item title="Modulation" value="MCS0NSS1"></item><item title="Bandwidth" value="80"></item><item title="Antenna" value="2"></item><item title="Channel" value="132"></item><item title="RfIcTemperature" value="60"></item><item title="CpuTemperature" value="62"></item><item title="ExpectedPower" value="20"></item><item title="EVM" Max="-5" Min="-100"></item><item title="FREQERR" Max="15" Min="-15"></item><item title="SYMCLOCKERR" Max="20" Min="-100"></item><item title="POWER" Max="21,5" Min="18,5" Avg="20"></item><item title="LOLEAKAGE" Max="-17" Min="-100"></item><item title="SPECTRUMMASK" Max="100" Min="0"></item><item title="SPECTRUMMARGIN" Max="1000" Min="0"></item></Criteria><Record><item title="Modulation" value="MCS0NSS1"></item><item title="Bandwidth" value="80"></item><item title="Channel" value="132"></item><item title="Antenna" value="2"></item><item title="ExpectedPower" value="20"></item><item title="Power" value="20"></item><item title="TestType" value="Tx"></item><item title="EVM" value="-22,0025" result="PASS"></item><item title="FREQERR" value="0,690531" result="PASS"></item><item title="SYMCLOCKERR" value="0,946983" result="PASS"></item><item title="POWER" value="19,9659" result="PASS"></item><item title="LOLEAKAGE" value="-41,2692" result="PASS"></item><item title="SPECTRUMMASK" value="12,5337" result="PASS"></item><item title="SPECTRUMMARGIN" value="12,5337" result="PASS"></item></Record><Criteria><item title="Modulation" value="MCS0NSS1"></item><item title="Bandwidth" value="80"></item><item title="Antenna" value="2"></item><item title="Channel" value="132"></item><item title="RfIcTemperature" value="60"></item><item title="CpuTemperature" value="62"></item><item title="ExpectedPower" value="21"></item><item title="EVM" Max="-5" Min="-100"></item><item title="FREQERR" Max="15" Min="-15"></item><item title="SYMCLOCKERR" Max="20" Min="-100"></item><item title="POWER" Max="22,5" Min="19,5" Avg="21"></item><item title="LOLEAKAGE" Max="-17" Min="-100"></item><item title="SPECTRUMMASK" Max="100" Min="0"></item><item title="SPECTRUMMARGIN" Max="1000" Min="0"></item></Criteria><Record><item title="Modulation" value="MCS0NSS1"></item><item title="Bandwidth" value="80"></item><item title="Channel" value="132"></item><item title="Antenna" value="2"></item><item title="ExpectedPower" value="21"></item><item title="Power" value="21"></item><item title="TestType" value="Tx"></item><item title="EVM" value="-21,4375" result="PASS"></item><item title="FREQERR" value="0,69032" result="PASS"></item><item title="SYMCLOCKERR" value="0,56313" result="PASS"></item><item title="POWER" value="21,0089" result="PASS"></item><item title="LOLEAKAGE" value="-43,545" result="PASS"></item><item title="SPECTRUMMASK" value="10,3692" result="PASS"></item><item title="SPECTRUMMARGIN" value="10,3692" result="PASS"></item></Record><Criteria><item title="Modulation" value="MCS0NSS1"></item><item title="Bandwidth" value="80"></item><item title="Antenna" value="2"></item><item title="Channel" value="132"></item><item title="RfIcTemperature" value="60"></item><item title="CpuTemperature" value="62"></item><item title="ExpectedPower" value="22"></item><item title="EVM" Max="-5" Min="-100"></item><item title="FREQERR" Max="15" Min="-15"></item><item title="SYMCLOCKERR" Max="20" Min="-100"></item><item title="POWER" Max="23,5" Min="20,5" Avg="22"></item><item title="LOLEAKAGE" Max="-17" Min="-100"></item><item title="SPECTRUMMASK" Max="100" Min="0"></item><item title="SPECTRUMMARGIN" Max="1000" Min="0"></item></Criteria><Record><item title="Modulation" value="MCS0NSS1"></item><item title="Bandwidth" value="80"></item><item title="Channel" value="132"></item><item title="Antenna" value="2"></item><item title="ExpectedPower" value="22"></item><item title="Power" value="22"></item><item title="TestType" value="Tx"></item><item title="EVM" value="-21,5376" result="PASS"></item><item title="FREQERR" value="0,68851" result="PASS"></item><item title="SYMCLOCKERR" value="1,73334" result="PASS"></item><item title="POWER" value="21,7684" result="PASS"></item><item title="LOLEAKAGE" value="-54,249" result="PASS"></item><item title="SPECTRUMMASK" value="10,6758" result="PASS"></item><item title="SPECTRUMMARGIN" value="10,6758" result="PASS"></item></Record><Criteria><item title="Modulation" value="MCS0NSS1"></item><item title="Bandwidth" value="80"></item><item title="Antenna" value="2"></item><item title="Channel" value="132"></item><item title="RfIcTemperature" value="60"></item><item title="CpuTemperature" value="62"></item><item title="ExpectedPower" value="23"></item><item title="EVM" Max="-5" Min="-100"></item><item title="FREQERR" Max="15" Min="-15"></item><item title="SYMCLOCKERR" Max="20" Min="-100"></item><item title="POWER" Max="24,5" Min="21,5" Avg="23"></item><item title="LOLEAKAGE" Max="-17" Min="-100"></item><item title="SPECTRUMMASK" Max="100" Min="0"></item><item title="SPECTRUMMARGIN" Max="1000" Min="0"></item></Criteria><Record><item title="Modulation" value="MCS0NSS1"></item><item title="Bandwidth" value="80"></item><item title="Channel" value="132"></item><item title="Antenna" value="2"></item><item title="ExpectedPower" value="23"></item><item title="Power" value="23"></item><item title="TestType" value="Tx"></item><item title="EVM" value="-21,3263" result="PASS"></item><item title="FREQERR" value="0,688815" result="PASS"></item><item title="SYMCLOCKERR" value="2,05816" result="PASS"></item><item title="POWER" value="22,6443" result="PASS"></item><item title="LOLEAKAGE" value="-61,0662" result="PASS"></item><item title="SPECTRUMMASK" value="7,78334" result="PASS"></item><item title="SPECTRUMMARGIN" value="7,78334" result="PASS"></item></Record><Criteria><item title="Modulation" value="MCS0NSS1"></item><item title="Bandwidth" value="80"></item><item title="Antenna" value="2"></item><item title="Channel" value="132"></item><item title="RfIcTemperature" value="60"></item><item title="CpuTemperature" value="62"></item><item title="ExpectedPower" value="24"></item><item title="EVM" Max="-5" Min="-100"></item><item title="FREQERR" Max="15" Min="-15"></item><item title="SYMCLOCKERR" Max="20" Min="-100"></item><item title="POWER" Max="25,5" Min="22,5" Avg="24"></item><item title="LOLEAKAGE" Max="-17" Min="-100"></item><item title="SPECTRUMMASK" Max="100" Min="0"></item><item title="SPECTRUMMARGIN" Max="1000" Min="0"></item></Criteria><Record><item title="Modulation" value="MCS0NSS1"></item><item title="Bandwidth" value="80"></item><item title="Channel" value="132"></item><item title="Antenna" value="2"></item><item title="ExpectedPower" value="24"></item><item title="Power" value="24"></item><item title="TestType" value="Tx"></item><item title="EVM" value="-18,7379" result="PASS"></item><item title="FREQERR" value="0,687456" result="PASS"></item><item title="SYMCLOCKERR" value="1,12791" result="PASS"></item><item title="POWER" value="23,5565" result="PASS"></item><item title="LOLEAKAGE" value="-50,1931" result="PASS"></item><item title="SPECTRUMMASK" value="5,04499" result="PASS"></item><item title="SPECTRUMMARGIN" value="5,04499" result="PASS"></item></Record><Criteria><item title="Modulation" value="MCS0NSS1"></item><item title="Bandwidth" value="80"></item><item title="Antenna" value="2"></item><item title="Channel" value="132"></item><item title="RfIcTemperature" value="60"></item><item title="CpuTemperature" value="62"></item><item title="ExpectedPower" value="25"></item><item title="EVM" Max="-5" Min="-100"></item><item title="FREQERR" Max="15" Min="-15"></item><item title="SYMCLOCKERR" Max="20" Min="-100"></item><item title="POWER" Max="26,5" Min="23,5" Avg="25"></item><item title="LOLEAKAGE" Max="-17" Min="-100"></item><item title="SPECTRUMMASK" Max="100" Min="0"></item><item title="SPECTRUMMARGIN" Max="1000" Min="0"></item></Criteria><Record><item title="Modulation" value="MCS0NSS1"></item><item title="Bandwidth" value="80"></item><item title="Channel" value="132"></item><item title="Antenna" value="2"></item><item title="ExpectedPower" value="25"></item><item title="Power" value="25"></item><item title="TestType" value="Tx"></item><item title="EVM" value="-17,0498" result="PASS"></item><item title="FREQERR" value="0,688479" result="PASS"></item><item title="SYMCLOCKERR" value="0,341336" result="PASS"></item><item title="POWER" value="24,5234" result="PASS"></item><item title="LOLEAKAGE" value="-39,1199" result="PASS"></item><item title="SPECTRUMMASK" value="0,748634" result="PASS"></item><item title="SPECTRUMMARGIN" value="0,748634" result="PASS"></item></Record><Criteria><item title="Modulation" value="MCS0NSS1"></item><item title="Bandwidth" value="80"></item><item title="Antenna" value="3"></item><item title="Channel" value="132"></item><item title="RfIcTemperature" value="60"></item><item title="CpuTemperature" value="62"></item><item title="ExpectedPower" value="10"></item><item title="EVM" Max="-5" Min="-100"></item><item title="FREQERR" Max="15" Min="-15"></item><item title="SYMCLOCKERR" Max="20" Min="-100"></item><item title="POWER" Max="11,5" Min="8,5" Avg="10"></item><item title="LOLEAKAGE" Max="-17" Min="-100"></item><item title="SPECTRUMMASK" Max="100" Min="0"></item><item title="SPECTRUMMARGIN" Max="1000" Min="0"></item></Criteria><Record><item title="Modulation" value="MCS0NSS1"></item><item title="Bandwidth" value="80"></item><item title="Channel" value="132"></item><item title="Antenna" value="3"></item><item title="ExpectedPower" value="10"></item><item title="Power" value="10"></item><item title="TestType" value="Tx"></item><item title="EVM" value="-22,6962" result="PASS"></item><item title="FREQERR" value="0,689003" result="PASS"></item><item title="SYMCLOCKERR" value="1,67233" result="PASS"></item><item title="POWER" value="9,0273" result="PASS"></item><item title="LOLEAKAGE" value="-28,0692" result="PASS"></item><item title="SPECTRUMMASK" value="13,0324" result="PASS"></item><item title="SPECTRUMMARGIN" value="13,0324" result="PASS"></item></Record><Criteria><item title="Modulation" value="MCS0NSS1"></item><item title="Bandwidth" value="80"></item><item title="Antenna" value="3"></item><item title="Channel" value="132"></item><item title="RfIcTemperature" value="60"></item><item title="CpuTemperature" value="62"></item><item title="ExpectedPower" value="11"></item><item title="EVM" Max="-5" Min="-100"></item><item title="FREQERR" Max="15" Min="-15"></item><item title="SYMCLOCKERR" Max="20" Min="-100"></item><item title="POWER" Max="12,5" Min="9,5" Avg="11"></item><item title="LOLEAKAGE" Max="-17" Min="-100"></item><item title="SPECTRUMMASK" Max="100" Min="0"></item><item title="SPECTRUMMARGIN" Max="1000" Min="0"></item></Criteria><Record><item title="Modulation" value="MCS0NSS1"></item><item title="Bandwidth" value="80"></item><item title="Channel" value="132"></item><item title="Antenna" value="3"></item><item title="ExpectedPower" value="11"></item><item title="Power" value="11"></item><item title="TestType" value="Tx"></item><item title="EVM" value="-22,228" result="PASS"></item><item title="FREQERR" value="0,691264" result="PASS"></item><item title="SYMCLOCKERR" value="1,70445" result="PASS"></item><item title="POWER" value="9,94639" result="PASS"></item><item title="LOLEAKAGE" value="-29,3214" result="PASS"></item><item title="SPECTRUMMASK" value="15,0263" result="PASS"></item><item title="SPECTRUMMARGIN" value="15,0263" result="PASS"></item></Record><Criteria><item title="Modulation" value="MCS0NSS1"></item><item title="Bandwidth" value="80"></item><item title="Antenna" value="3"></item><item title="Channel" value="132"></item><item title="RfIcTemperature" value="60"></item><item title="CpuTemperature" value="62"></item><item title="ExpectedPower" value="12"></item><item title="EVM" Max="-5" Min="-100"></item><item title="FREQERR" Max="15" Min="-15"></item><item title="SYMCLOCKERR" Max="20" Min="-100"></item><item title="POWER" Max="13,5" Min="10,5" Avg="12"></item><item title="LOLEAKAGE" Max="-17" Min="-100"></item><item title="SPECTRUMMASK" Max="100" Min="0"></item><item title="SPECTRUMMARGIN" Max="1000" Min="0"></item></Criteria><Record><item title="Modulation" value="MCS0NSS1"></item><item title="Bandwidth" value="80"></item><item title="Channel" value="132"></item><item title="Antenna" value="3"></item><item title="ExpectedPower" value="12"></item><item title="Power" value="12"></item><item title="TestType" value="Tx"></item><item title="EVM" value="-22,5955" result="PASS"></item><item title="FREQERR" value="0,694518" result="PASS"></item><item title="SYMCLOCKERR" value="1,10303" result="PASS"></item><item title="POWER" value="11,2309" result="PASS"></item><item title="LOLEAKAGE" value="-30,2981" result="PASS"></item><item title="SPECTRUMMASK" value="14,3094" result="PASS"></item><item title="SPECTRUMMARGIN" value="14,3094" result="PASS"></item></Record><Criteria><item title="Modulation" value="MCS0NSS1"></item><item title="Bandwidth" value="80"></item><item title="Antenna" value="3"></item><item title="Channel" value="132"></item><item title="RfIcTemperature" value="60"></item><item title="CpuTemperature" value="62"></item><item title="ExpectedPower" value="13"></item><item title="EVM" Max="-5" Min="-100"></item><item title="FREQERR" Max="15" Min="-15"></item><item title="SYMCLOCKERR" Max="20" Min="-100"></item><item title="POWER" Max="14,5" Min="11,5" Avg="13"></item><item title="LOLEAKAGE" Max="-17" Min="-100"></item><item title="SPECTRUMMASK" Max="100" Min="0"></item><item title="SPECTRUMMARGIN" Max="1000" Min="0"></item></Criteria><Record><item title="Modulation" value="MCS0NSS1"></item><item title="Bandwidth" value="80"></item><item title="Channel" value="132"></item><item title="Antenna" value="3"></item><item title="ExpectedPower" value="13"></item><item title="Power" value="13"></item><item title="TestType" value="Tx"></item><item title="EVM" value="-22,5321" result="PASS"></item><item title="FREQERR" value="0,686822" result="PASS"></item><item title="SYMCLOCKERR" value="0,745312" result="PASS"></item><item title="POWER" value="12,3908" result="PASS"></item><item title="LOLEAKAGE" value="-30,5274" result="PASS"></item><item title="SPECTRUMMASK" value="14,5214" result="PASS"></item><item title="SPECTRUMMARGIN" value="14,5214" result="PASS"></item></Record><Criteria><item title="Modulation" value="MCS0NSS1"></item><item title="Bandwidth" value="80"></item><item title="Antenna" value="3"></item><item title="Channel" value="132"></item><item title="RfIcTemperature" value="60"></item><item title="CpuTemperature" value="62"></item><item title="ExpectedPower" value="14"></item><item title="EVM" Max="-5" Min="-100"></item><item title="FREQERR" Max="15" Min="-15"></item><item title="SYMCLOCKERR" Max="20" Min="-100"></item><item title="POWER" Max="15,5" Min="12,5" Avg="14"></item><item title="LOLEAKAGE" Max="-17" Min="-100"></item><item title="SPECTRUMMASK" Max="100" Min="0"></item><item title="SPECTRUMMARGIN" Max="1000" Min="0"></item></Criteria><Record><item title="Modulation" value="MCS0NSS1"></item><item title="Bandwidth" value="80"></item><item title="Channel" value="132"></item><item title="Antenna" value="3"></item><item title="ExpectedPower" value="14"></item><item title="Power" value="14"></item><item title="TestType" value="Tx"></item><item title="EVM" value="-21,9889" result="PASS"></item><item title="FREQERR" value="0,691261" result="PASS"></item><item title="SYMCLOCKERR" value="1,39614" result="PASS"></item><item title="POWER" value="13,5996" result="PASS"></item><item title="LOLEAKAGE" value="-30,7434" result="PASS"></item><item title="SPECTRUMMASK" value="14,9349" result="PASS"></item><item title="SPECTRUMMARGIN" value="14,9349" result="PASS"></item></Record><Criteria><item title="Modulation" value="MCS0NSS1"></item><item title="Bandwidth" value="80"></item><item title="Antenna" value="3"></item><item title="Channel" value="132"></item><item title="RfIcTemperature" value="60"></item><item title="CpuTemperature" value="62"></item><item title="ExpectedPower" value="15"></item><item title="EVM" Max="-5" Min="-100"></item><item title="FREQERR" Max="15" Min="-15"></item><item title="SYMCLOCKERR" Max="20" Min="-100"></item><item title="POWER" Max="16,5" Min="13,5" Avg="15"></item><item title="LOLEAKAGE" Max="-17" Min="-100"></item><item title="SPECTRUMMASK" Max="100" Min="0"></item><item title="SPECTRUMMARGIN" Max="1000" Min="0"></item></Criteria><Record><item title="Modulation" value="MCS0NSS1"></item><item title="Bandwidth" value="80"></item><item title="Channel" value="132"></item><item title="Antenna" value="3"></item><item title="ExpectedPower" value="15"></item><item title="Power" value="15"></item><item title="TestType" value="Tx"></item><item title="EVM" value="-22,4404" result="PASS"></item><item title="FREQERR" value="0,695247" result="PASS"></item><item title="SYMCLOCKERR" value="1,19211" result="PASS"></item><item title="POWER" value="14,5247" result="PASS"></item><item title="LOLEAKAGE" value="-30,6387" result="PASS"></item><item title="SPECTRUMMASK" value="13,8713" result="PASS"></item><item title="SPECTRUMMARGIN" value="13,8713" result="PASS"></item></Record><Criteria><item title="Modulation" value="MCS0NSS1"></item><item title="Bandwidth" value="80"></item><item title="Antenna" value="3"></item><item title="Channel" value="132"></item><item title="RfIcTemperature" value="60"></item><item title="CpuTemperature" value="62"></item><item title="ExpectedPower" value="16"></item><item title="EVM" Max="-5" Min="-100"></item><item title="FREQERR" Max="15" Min="-15"></item><item title="SYMCLOCKERR" Max="20" Min="-100"></item><item title="POWER" Max="17,5" Min="14,5" Avg="16"></item><item title="LOLEAKAGE" Max="-17" Min="-100"></item><item title="SPECTRUMMASK" Max="100" Min="0"></item><item title="SPECTRUMMARGIN" Max="1000" Min="0"></item></Criteria><Record><item title="Modulation" value="MCS0NSS1"></item><item title="Bandwidth" value="80"></item><item title="Channel" value="132"></item><item title="Antenna" value="3"></item><item title="ExpectedPower" value="16"></item><item title="Power" value="16"></item><item title="TestType" value="Tx"></item><item title="EVM" value="-22,4074" result="PASS"></item><item title="FREQERR" value="0,690053" result="PASS"></item><item title="SYMCLOCKERR" value="0,893312" result="PASS"></item><item title="POWER" value="15,4657" result="PASS"></item><item title="LOLEAKAGE" value="-34,8903" result="PASS"></item><item title="SPECTRUMMASK" value="13,2157" result="PASS"></item><item title="SPECTRUMMARGIN" value="13,2157" result="PASS"></item></Record><Criteria><item title="Modulation" value="MCS0NSS1"></item><item title="Bandwidth" value="80"></item><item title="Antenna" value="3"></item><item title="Channel" value="132"></item><item title="RfIcTemperature" value="60"></item><item title="CpuTemperature" value="62"></item><item title="ExpectedPower" value="17"></item><item title="EVM" Max="-5" Min="-100"></item><item title="FREQERR" Max="15" Min="-15"></item><item title="SYMCLOCKERR" Max="20" Min="-100"></item><item title="POWER" Max="18,5" Min="15,5" Avg="17"></item><item title="LOLEAKAGE" Max="-17" Min="-100"></item><item title="SPECTRUMMASK" Max="100" Min="0"></item><item title="SPECTRUMMARGIN" Max="1000" Min="0"></item></Criteria><Record><item title="Modulation" value="MCS0NSS1"></item><item title="Bandwidth" value="80"></item><item title="Channel" value="132"></item><item title="Antenna" value="3"></item><item title="ExpectedPower" value="17"></item><item title="Power" value="17"></item><item title="TestType" value="Tx"></item><item title="EVM" value="-21,9587" result="PASS"></item><item title="FREQERR" value="0,6925" result="PASS"></item><item title="SYMCLOCKERR" value="1,56674" result="PASS"></item><item title="POWER" value="16,524" result="PASS"></item><item title="LOLEAKAGE" value="-37,0983" result="PASS"></item><item title="SPECTRUMMASK" value="13,6487" result="PASS"></item><item title="SPECTRUMMARGIN" value="13,6487" result="PASS"></item></Record><Criteria><item title="Modulation" value="MCS0NSS1"></item><item title="Bandwidth" value="80"></item><item title="Antenna" value="3"></item><item title="Channel" value="132"></item><item title="RfIcTemperature" value="60"></item><item title="CpuTemperature" value="62"></item><item title="ExpectedPower" value="18"></item><item title="EVM" Max="-5" Min="-100"></item><item title="FREQERR" Max="15" Min="-15"></item><item title="SYMCLOCKERR" Max="20" Min="-100"></item><item title="POWER" Max="19,5" Min="16,5" Avg="18"></item><item title="LOLEAKAGE" Max="-17" Min="-100"></item><item title="SPECTRUMMASK" Max="100" Min="0"></item><item title="SPECTRUMMARGIN" Max="1000" Min="0"></item></Criteria><Record><item title="Modulation" value="MCS0NSS1"></item><item title="Bandwidth" value="80"></item><item title="Channel" value="132"></item><item title="Antenna" value="3"></item><item title="ExpectedPower" value="18"></item><item title="Power" value="18"></item><item title="TestType" value="Tx"></item><item title="EVM" value="-22,4407" result="PASS"></item><item title="FREQERR" value="0,693249" result="PASS"></item><item title="SYMCLOCKERR" value="1,27634" result="PASS"></item><item title="POWER" value="17,3707" result="PASS"></item><item title="LOLEAKAGE" value="-37,2041" result="PASS"></item><item title="SPECTRUMMASK" value="14,4201" result="PASS"></item><item title="SPECTRUMMARGIN" value="14,4201" result="PASS"></item></Record><Criteria><item title="Modulation" value="MCS0NSS1"></item><item title="Bandwidth" value="80"></item><item title="Antenna" value="3"></item><item title="Channel" value="132"></item><item title="RfIcTemperature" value="60"></item><item title="CpuTemperature" value="62"></item><item title="ExpectedPower" value="19"></item><item title="EVM" Max="-5" Min="-100"></item><item title="FREQERR" Max="15" Min="-15"></item><item title="SYMCLOCKERR" Max="20" Min="-100"></item><item title="POWER" Max="20,5" Min="17,5" Avg="19"></item><item title="LOLEAKAGE" Max="-17" Min="-100"></item><item title="SPECTRUMMASK" Max="100" Min="0"></item><item title="SPECTRUMMARGIN" Max="1000" Min="0"></item></Criteria><Record><item title="Modulation" value="MCS0NSS1"></item><item title="Bandwidth" value="80"></item><item title="Channel" value="132"></item><item title="Antenna" value="3"></item><item title="ExpectedPower" value="19"></item><item title="Power" value="19"></item><item title="TestType" value="Tx"></item><item title="EVM" value="-21,7475" result="PASS"></item><item title="FREQERR" value="0,693304" result="PASS"></item><item title="SYMCLOCKERR" value="1,90531" result="PASS"></item><item title="POWER" value="18,7599" result="PASS"></item><item title="LOLEAKAGE" value="-46,7209" result="PASS"></item><item title="SPECTRUMMASK" value="13,0586" result="PASS"></item><item title="SPECTRUMMARGIN" value="13,0586" result="PASS"></item></Record><Criteria><item title="Modulation" value="MCS0NSS1"></item><item title="Bandwidth" value="80"></item><item title="Antenna" value="3"></item><item title="Channel" value="132"></item><item title="RfIcTemperature" value="60"></item><item title="CpuTemperature" value="62"></item><item title="ExpectedPower" value="20"></item><item title="EVM" Max="-5" Min="-100"></item><item title="FREQERR" Max="15" Min="-15"></item><item title="SYMCLOCKERR" Max="20" Min="-100"></item><item title="POWER" Max="21,5" Min="18,5" Avg="20"></item><item title="LOLEAKAGE" Max="-17" Min="-100"></item><item title="SPECTRUMMASK" Max="100" Min="0"></item><item title="SPECTRUMMARGIN" Max="1000" Min="0"></item></Criteria><Record><item title="Modulation" value="MCS0NSS1"></item><item title="Bandwidth" value="80"></item><item title="Channel" value="132"></item><item title="Antenna" value="3"></item><item title="ExpectedPower" value="20"></item><item title="Power" value="20"></item><item title="TestType" value="Tx"></item><item title="EVM" value="-22,1956" result="PASS"></item><item title="FREQERR" value="0,688732" result="PASS"></item><item title="SYMCLOCKERR" value="1,17921" result="PASS"></item><item title="POWER" value="19,5904" result="PASS"></item><item title="LOLEAKAGE" value="-47,5608" result="PASS"></item><item title="SPECTRUMMASK" value="11,7106" result="PASS"></item><item title="SPECTRUMMARGIN" value="11,7106" result="PASS"></item></Record><Criteria><item title="Modulation" value="MCS0NSS1"></item><item title="Bandwidth" value="80"></item><item title="Antenna" value="3"></item><item title="Channel" value="132"></item><item title="RfIcTemperature" value="60"></item><item title="CpuTemperature" value="62"></item><item title="ExpectedPower" value="21"></item><item title="EVM" Max="-5" Min="-100"></item><item title="FREQERR" Max="15" Min="-15"></item><item title="SYMCLOCKERR" Max="20" Min="-100"></item><item title="POWER" Max="22,5" Min="19,5" Avg="21"></item><item title="LOLEAKAGE" Max="-17" Min="-100"></item><item title="SPECTRUMMASK" Max="100" Min="0"></item><item title="SPECTRUMMARGIN" Max="1000" Min="0"></item></Criteria><Record><item title="Modulation" value="MCS0NSS1"></item><item title="Bandwidth" value="80"></item><item title="Channel" value="132"></item><item title="Antenna" value="3"></item><item title="ExpectedPower" value="21"></item><item title="Power" value="21"></item><item title="TestType" value="Tx"></item><item title="EVM" value="-21,1743" result="PASS"></item><item title="FREQERR" value="0,691202" result="PASS"></item><item title="SYMCLOCKERR" value="1,7162" result="PASS"></item><item title="POWER" value="20,5563" result="PASS"></item><item title="LOLEAKAGE" value="-50,9713" result="PASS"></item><item title="SPECTRUMMASK" value="8,87342" result="PASS"></item><item title="SPECTRUMMARGIN" value="8,87342" result="PASS"></item></Record><Criteria><item title="Modulation" value="MCS0NSS1"></item><item title="Bandwidth" value="80"></item><item title="Antenna" value="3"></item><item title="Channel" value="132"></item><item title="RfIcTemperature" value="60"></item><item title="CpuTemperature" value="62"></item><item title="ExpectedPower" value="22"></item><item title="EVM" Max="-5" Min="-100"></item><item title="FREQERR" Max="15" Min="-15"></item><item title="SYMCLOCKERR" Max="20" Min="-100"></item><item title="POWER" Max="23,5" Min="20,5" Avg="22"></item><item title="LOLEAKAGE" Max="-17" Min="-100"></item><item title="SPECTRUMMASK" Max="100" Min="0"></item><item title="SPECTRUMMARGIN" Max="1000" Min="0"></item></Criteria><Record><item title="Modulation" value="MCS0NSS1"></item><item title="Bandwidth" value="80"></item><item title="Channel" value="132"></item><item title="Antenna" value="3"></item><item title="ExpectedPower" value="22"></item><item title="Power" value="22"></item><item title="TestType" value="Tx"></item><item title="EVM" value="-20,2118" result="PASS"></item><item title="FREQERR" value="0,692077" result="PASS"></item><item title="SYMCLOCKERR" value="1,35066" result="PASS"></item><item title="POWER" value="21,689" result="PASS"></item><item title="LOLEAKAGE" value="-48,6653" result="PASS"></item><item title="SPECTRUMMASK" value="5,97351" result="PASS"></item><item title="SPECTRUMMARGIN" value="5,97351" result="PASS"></item></Record><Criteria><item title="Modulation" value="MCS0NSS1"></item><item title="Bandwidth" value="80"></item><item title="Antenna" value="3"></item><item title="Channel" value="132"></item><item title="RfIcTemperature" value="60"></item><item title="CpuTemperature" value="62"></item><item title="ExpectedPower" value="23"></item><item title="EVM" Max="-5" Min="-100"></item><item title="FREQERR" Max="15" Min="-15"></item><item title="SYMCLOCKERR" Max="20" Min="-100"></item><item title="POWER" Max="24,5" Min="21,5" Avg="23"></item><item title="LOLEAKAGE" Max="-17" Min="-100"></item><item title="SPECTRUMMASK" Max="100" Min="0"></item><item title="SPECTRUMMARGIN" Max="1000" Min="0"></item></Criteria><Record><item title="Modulation" value="MCS0NSS1"></item><item title="Bandwidth" value="80"></item><item title="Channel" value="132"></item><item title="Antenna" value="3"></item><item title="ExpectedPower" value="23"></item><item title="Power" value="23"></item><item title="TestType" value="Tx"></item><item title="EVM" value="-18,6181" result="PASS"></item><item title="FREQERR" value="0,69062" result="PASS"></item><item title="SYMCLOCKERR" value="1,75184" result="PASS"></item><item title="POWER" value="22,5583" result="PASS"></item><item title="LOLEAKAGE" value="-49,3595" result="PASS"></item><item title="SPECTRUMMASK" value="3,0807" result="PASS"></item><item title="SPECTRUMMARGIN" value="3,0807" result="PASS"></item></Record><Criteria><item title="Modulation" value="MCS0NSS1"></item><item title="Bandwidth" value="80"></item><item title="Antenna" value="3"></item><item title="Channel" value="132"></item><item title="RfIcTemperature" value="60"></item><item title="CpuTemperature" value="62"></item><item title="ExpectedPower" value="24"></item><item title="EVM" Max="-5" Min="-100"></item><item title="FREQERR" Max="15" Min="-15"></item><item title="SYMCLOCKERR" Max="20" Min="-100"></item><item title="POWER" Max="25,5" Min="22,5" Avg="24"></item><item title="LOLEAKAGE" Max="-17" Min="-100"></item><item title="SPECTRUMMASK" Max="100" Min="0"></item><item title="SPECTRUMMARGIN" Max="1000" Min="0"></item></Criteria><Record><item title="Modulation" value="MCS0NSS1"></item><item title="Bandwidth" value="80"></item><item title="Channel" value="132"></item><item title="Antenna" value="3"></item><item title="ExpectedPower" value="24"></item><item title="Power" value="24"></item><item title="TestType" value="Tx"></item><item title="EVM" value="-16,4493" result="PASS"></item><item title="FREQERR" value="0,693315" result="PASS"></item><item title="SYMCLOCKERR" value="2,10967" result="PASS"></item><item title="POWER" value="23,4702" result="PASS"></item><item title="LOLEAKAGE" value="-40,3163" result="PASS"></item><item title="SPECTRUMMASK" value="0,734619" result="PASS"></item><item title="SPECTRUMMARGIN" value="0,734619" result="PASS"></item></Record><Criteria><item title="Modulation" value="MCS0NSS1"></item><item title="Bandwidth" value="80"></item><item title="Antenna" value="3"></item><item title="Channel" value="132"></item><item title="RfIcTemperature" value="60"></item><item title="CpuTemperature" value="62"></item><item title="ExpectedPower" value="25"></item><item title="EVM" Max="-5" Min="-100"></item><item title="FREQERR" Max="15" Min="-15"></item><item title="SYMCLOCKERR" Max="20" Min="-100"></item><item title="POWER" Max="26,5" Min="23,5" Avg="25"></item><item title="LOLEAKAGE" Max="-17" Min="-100"></item><item title="SPECTRUMMASK" Max="100" Min="0"></item><item title="SPECTRUMMARGIN" Max="1000" Min="0"></item></Criteria><Record><item title="Modulation" value="MCS0NSS1"></item><item title="Bandwidth" value="80"></item><item title="Channel" value="132"></item><item title="Antenna" value="3"></item><item title="ExpectedPower" value="25"></item><item title="Power" value="25"></item><item title="TestType" value="Tx"></item><item title="EVM" value="-13,7943" result="PASS"></item><item title="FREQERR" value="0,692687" result="PASS"></item><item title="SYMCLOCKERR" value="0,74343" result="PASS"></item><item title="POWER" value="24,2343" result="PASS"></item><item title="LOLEAKAGE" value="-38,0335" result="PASS"></item><item title="SPECTRUMMASK" value="-2,0286" result="FAIL"></item><item title="SPECTRUMMARGIN" value="-2,0286" result="FAIL"></item></Record><Criteria><item title="Modulation" value="MCS0NSS1"></item><item title="Bandwidth" value="80"></item><item title="Antenna" value="0"></item><item title="Channel" value="149"></item><item title="RfIcTemperature" value="60"></item><item title="CpuTemperature" value="62"></item><item title="ExpectedPower" value="10"></item><item title="EVM" Max="-5" Min="-100"></item><item title="FREQERR" Max="15" Min="-15"></item><item title="SYMCLOCKERR" Max="20" Min="-100"></item><item title="POWER" Max="11,5" Min="8,5" Avg="10"></item><item title="LOLEAKAGE" Max="-17" Min="-100"></item><item title="SPECTRUMMASK" Max="100" Min="0"></item><item title="SPECTRUMMARGIN" Max="1000" Min="0"></item></Criteria><Record><item title="Modulation" value="MCS0NSS1"></item><item title="Bandwidth" value="80"></item><item title="Channel" value="149"></item><item title="Antenna" value="0"></item><item title="ExpectedPower" value="10"></item><item title="Power" value="10"></item><item title="TestType" value="Tx"></item><item title="EVM" value="-21,953" result="PASS"></item><item title="FREQERR" value="-2,76608" result="PASS"></item><item title="SYMCLOCKERR" value="-2,66719" result="PASS"></item><item title="POWER" value="9,98003" result="PASS"></item><item title="LOLEAKAGE" value="-30,6961" result="PASS"></item><item title="SPECTRUMMASK" value="14,2539" result="PASS"></item><item title="SPECTRUMMARGIN" value="14,2539" result="PASS"></item></Record><Criteria><item title="Modulation" value="MCS0NSS1"></item><item title="Bandwidth" value="80"></item><item title="Antenna" value="0"></item><item title="Channel" value="149"></item><item title="RfIcTemperature" value="60"></item><item title="CpuTemperature" value="62"></item><item title="ExpectedPower" value="11"></item><item title="EVM" Max="-5" Min="-100"></item><item title="FREQERR" Max="15" Min="-15"></item><item title="SYMCLOCKERR" Max="20" Min="-100"></item><item title="POWER" Max="12,5" Min="9,5" Avg="11"></item><item title="LOLEAKAGE" Max="-17" Min="-100"></item><item title="SPECTRUMMASK" Max="100" Min="0"></item><item title="SPECTRUMMARGIN" Max="1000" Min="0"></item></Criteria><Record><item title="Modulation" value="MCS0NSS1"></item><item title="Bandwidth" value="80"></item><item title="Channel" value="149"></item><item title="Antenna" value="0"></item><item title="ExpectedPower" value="11"></item><item title="Power" value="11"></item><item title="TestType" value="Tx"></item><item title="EVM" value="-22,0426" result="PASS"></item><item title="FREQERR" value="-2,77422" result="PASS"></item><item title="SYMCLOCKERR" value="-2,85824" result="PASS"></item><item title="POWER" value="11,2954" result="PASS"></item><item title="LOLEAKAGE" value="-33,5143" result="PASS"></item><item title="SPECTRUMMASK" value="13,5601" result="PASS"></item><item title="SPECTRUMMARGIN" value="13,5601" result="PASS"></item></Record><Criteria><item title="Modulation" value="MCS0NSS1"></item><item title="Bandwidth" value="80"></item><item title="Antenna" value="0"></item><item title="Channel" value="149"></item><item title="RfIcTemperature" value="60"></item><item title="CpuTemperature" value="62"></item><item title="ExpectedPower" value="12"></item><item title="EVM" Max="-5" Min="-100"></item><item title="FREQERR" Max="15" Min="-15"></item><item title="SYMCLOCKERR" Max="20" Min="-100"></item><item title="POWER" Max="13,5" Min="10,5" Avg="12"></item><item title="LOLEAKAGE" Max="-17" Min="-100"></item><item title="SPECTRUMMASK" Max="100" Min="0"></item><item title="SPECTRUMMARGIN" Max="1000" Min="0"></item></Criteria><Record><item title="Modulation" value="MCS0NSS1"></item><item title="Bandwidth" value="80"></item><item title="Channel" value="149"></item><item title="Antenna" value="0"></item><item title="ExpectedPower" value="12"></item><item title="Power" value="12"></item><item title="TestType" value="Tx"></item><item title="EVM" value="-21,8845" result="PASS"></item><item title="FREQERR" value="-2,76836" result="PASS"></item><item title="SYMCLOCKERR" value="-2,56318" result="PASS"></item><item title="POWER" value="11,9084" result="PASS"></item><item title="LOLEAKAGE" value="-31,5476" result="PASS"></item><item title="SPECTRUMMASK" value="14,3113" result="PASS"></item><item title="SPECTRUMMARGIN" value="14,3113" result="PASS"></item></Record><Criteria><item title="Modulation" value="MCS0NSS1"></item><item title="Bandwidth" value="80"></item><item title="Antenna" value="0"></item><item title="Channel" value="149"></item><item title="RfIcTemperature" value="60"></item><item title="CpuTemperature" value="62"></item><item title="ExpectedPower" value="13"></item><item title="EVM" Max="-5" Min="-100"></item><item title="FREQERR" Max="15" Min="-15"></item><item title="SYMCLOCKERR" Max="20" Min="-100"></item><item title="POWER" Max="14,5" Min="11,5" Avg="13"></item><item title="LOLEAKAGE" Max="-17" Min="-100"></item><item title="SPECTRUMMASK" Max="100" Min="0"></item><item title="SPECTRUMMARGIN" Max="1000" Min="0"></item></Criteria><Record><item title="Modulation" value="MCS0NSS1"></item><item title="Bandwidth" value="80"></item><item title="Channel" value="149"></item><item title="Antenna" value="0"></item><item title="ExpectedPower" value="13"></item><item title="Power" value="13"></item><item title="TestType" value="Tx"></item><item title="EVM" value="-21,4232" result="PASS"></item><item title="FREQERR" value="-2,77104" result="PASS"></item><item title="SYMCLOCKERR" value="-2,83974" result="PASS"></item><item title="POWER" value="12,832" result="PASS"></item><item title="LOLEAKAGE" value="-32,9697" result="PASS"></item><item title="SPECTRUMMASK" value="15,7659" result="PASS"></item><item title="SPECTRUMMARGIN" value="15,7659" result="PASS"></item></Record><Criteria><item title="Modulation" value="MCS0NSS1"></item><item title="Bandwidth" value="80"></item><item title="Antenna" value="0"></item><item title="Channel" value="149"></item><item title="RfIcTemperature" value="60"></item><item title="CpuTemperature" value="62"></item><item title="ExpectedPower" value="14"></item><item title="EVM" Max="-5" Min="-100"></item><item title="FREQERR" Max="15" Min="-15"></item><item title="SYMCLOCKERR" Max="20" Min="-100"></item><item title="POWER" Max="15,5" Min="12,5" Avg="14"></item><item title="LOLEAKAGE" Max="-17" Min="-100"></item><item title="SPECTRUMMASK" Max="100" Min="0"></item><item title="SPECTRUMMARGIN" Max="1000" Min="0"></item></Criteria><Record><item title="Modulation" value="MCS0NSS1"></item><item title="Bandwidth" value="80"></item><item title="Channel" value="149"></item><item title="Antenna" value="0"></item><item title="ExpectedPower" value="14"></item><item title="Power" value="14"></item><item title="TestType" value="Tx"></item><item title="EVM" value="-21,963" result="PASS"></item><item title="FREQERR" value="-2,77013" result="PASS"></item><item title="SYMCLOCKERR" value="-1,49468" result="PASS"></item><item title="POWER" value="13,8841" result="PASS"></item><item title="LOLEAKAGE" value="-35,8543" result="PASS"></item><item title="SPECTRUMMASK" value="14,6103" result="PASS"></item><item title="SPECTRUMMARGIN" value="14,6103" result="PASS"></item></Record><Criteria><item title="Modulation" value="MCS0NSS1"></item><item title="Bandwidth" value="80"></item><item title="Antenna" value="0"></item><item title="Channel" value="149"></item><item title="RfIcTemperature" value="60"></item><item title="CpuTemperature" value="62"></item><item title="ExpectedPower" value="15"></item><item title="EVM" Max="-5" Min="-100"></item><item title="FREQERR" Max="15" Min="-15"></item><item title="SYMCLOCKERR" Max="20" Min="-100"></item><item title="POWER" Max="16,5" Min="13,5" Avg="15"></item><item title="LOLEAKAGE" Max="-17" Min="-100"></item><item title="SPECTRUMMASK" Max="100" Min="0"></item><item title="SPECTRUMMARGIN" Max="1000" Min="0"></item></Criteria><Record><item title="Modulation" value="MCS0NSS1"></item><item title="Bandwidth" value="80"></item><item title="Channel" value="149"></item><item title="Antenna" value="0"></item><item title="ExpectedPower" value="15"></item><item title="Power" value="15"></item><item title="TestType" value="Tx"></item><item title="EVM" value="-22,6477" result="PASS"></item><item title="FREQERR" value="-2,77207" result="PASS"></item><item title="SYMCLOCKERR" value="-2,84559" result="PASS"></item><item title="POWER" value="14,8754" result="PASS"></item><item title="LOLEAKAGE" value="-35,6805" result="PASS"></item><item title="SPECTRUMMASK" value="14,559" result="PASS"></item><item title="SPECTRUMMARGIN" value="14,559" result="PASS"></item></Record><Criteria><item title="Modulation" value="MCS0NSS1"></item><item title="Bandwidth" value="80"></item><item title="Antenna" value="0"></item><item title="Channel" value="149"></item><item title="RfIcTemperature" value="60"></item><item title="CpuTemperature" value="62"></item><item title="ExpectedPower" value="16"></item><item title="EVM" Max="-5" Min="-100"></item><item title="FREQERR" Max="15" Min="-15"></item><item title="SYMCLOCKERR" Max="20" Min="-100"></item><item title="POWER" Max="17,5" Min="14,5" Avg="16"></item><item title="LOLEAKAGE" Max="-17" Min="-100"></item><item title="SPECTRUMMASK" Max="100" Min="0"></item><item title="SPECTRUMMARGIN" Max="1000" Min="0"></item></Criteria><Record><item title="Modulation" value="MCS0NSS1"></item><item title="Bandwidth" value="80"></item><item title="Channel" value="149"></item><item title="Antenna" value="0"></item><item title="ExpectedPower" value="16"></item><item title="Power" value="16"></item><item title="TestType" value="Tx"></item><item title="EVM" value="-22,3659" result="PASS"></item><item title="FREQERR" value="-2,76678" result="PASS"></item><item title="SYMCLOCKERR" value="-1,37006" result="PASS"></item><item title="POWER" value="15,9633" result="PASS"></item><item title="LOLEAKAGE" value="-40,0263" result="PASS"></item><item title="SPECTRUMMASK" value="14,7589" result="PASS"></item><item title="SPECTRUMMARGIN" value="14,7589" result="PASS"></item></Record><Criteria><item title="Modulation" value="MCS0NSS1"></item><item title="Bandwidth" value="80"></item><item title="Antenna" value="0"></item><item title="Channel" value="149"></item><item title="RfIcTemperature" value="60"></item><item title="CpuTemperature" value="62"></item><item title="ExpectedPower" value="17"></item><item title="EVM" Max="-5" Min="-100"></item><item title="FREQERR" Max="15" Min="-15"></item><item title="SYMCLOCKERR" Max="20" Min="-100"></item><item title="POWER" Max="18,5" Min="15,5" Avg="17"></item><item title="LOLEAKAGE" Max="-17" Min="-100"></item><item title="SPECTRUMMASK" Max="100" Min="0"></item><item title="SPECTRUMMARGIN" Max="1000" Min="0"></item></Criteria><Record><item title="Modulation" value="MCS0NSS1"></item><item title="Bandwidth" value="80"></item><item title="Channel" value="149"></item><item title="Antenna" value="0"></item><item title="ExpectedPower" value="17"></item><item title="Power" value="17"></item><item title="TestType" value="Tx"></item><item title="EVM" value="-21,9511" result="PASS"></item><item title="FREQERR" value="-2,77107" result="PASS"></item><item title="SYMCLOCKERR" value="-3,0094" result="PASS"></item><item title="POWER" value="16,7719" result="PASS"></item><item title="LOLEAKAGE" value="-37,0965" result="PASS"></item><item title="SPECTRUMMASK" value="13,9937" result="PASS"></item><item title="SPECTRUMMARGIN" value="13,9937" result="PASS"></item></Record><Criteria><item title="Modulation" value="MCS0NSS1"></item><item title="Bandwidth" value="80"></item><item title="Antenna" value="0"></item><item title="Channel" value="149"></item><item title="RfIcTemperature" value="60"></item><item title="CpuTemperature" value="62"></item><item title="ExpectedPower" value="18"></item><item title="EVM" Max="-5" Min="-100"></item><item title="FREQERR" Max="15" Min="-15"></item><item title="SYMCLOCKERR" Max="20" Min="-100"></item><item title="POWER" Max="19,5" Min="16,5" Avg="18"></item><item title="LOLEAKAGE" Max="-17" Min="-100"></item><item title="SPECTRUMMASK" Max="100" Min="0"></item><item title="SPECTRUMMARGIN" Max="1000" Min="0"></item></Criteria><Record><item title="Modulation" value="MCS0NSS1"></item><item title="Bandwidth" value="80"></item><item title="Channel" value="149"></item><item title="Antenna" value="0"></item><item title="ExpectedPower" value="18"></item><item title="Power" value="18"></item><item title="TestType" value="Tx"></item><item title="EVM" value="-22,1678" result="PASS"></item><item title="FREQERR" value="-2,77378" result="PASS"></item><item title="SYMCLOCKERR" value="-2,91762" result="PASS"></item><item title="POWER" value="17,9088" result="PASS"></item><item title="LOLEAKAGE" value="-39,4329" result="PASS"></item><item title="SPECTRUMMASK" value="13,1885" result="PASS"></item><item title="SPECTRUMMARGIN" value="13,1885" result="PASS"></item></Record><Criteria><item title="Modulation" value="MCS0NSS1"></item><item title="Bandwidth" value="80"></item><item title="Antenna" value="0"></item><item title="Channel" value="149"></item><item title="RfIcTemperature" value="60"></item><item title="CpuTemperature" value="62"></item><item title="ExpectedPower" value="19"></item><item title="EVM" Max="-5" Min="-100"></item><item title="FREQERR" Max="15" Min="-15"></item><item title="SYMCLOCKERR" Max="20" Min="-100"></item><item title="POWER" Max="20,5" Min="17,5" Avg="19"></item><item title="LOLEAKAGE" Max="-17" Min="-100"></item><item title="SPECTRUMMASK" Max="100" Min="0"></item><item title="SPECTRUMMARGIN" Max="1000" Min="0"></item></Criteria><Record><item title="Modulation" value="MCS0NSS1"></item><item title="Bandwidth" value="80"></item><item title="Channel" value="149"></item><item title="Antenna" value="0"></item><item title="ExpectedPower" value="19"></item><item title="Power" value="19"></item><item title="TestType" value="Tx"></item><item title="EVM" value="-21,8715" result="PASS"></item><item title="FREQERR" value="-2,77461" result="PASS"></item><item title="SYMCLOCKERR" value="-1,98153" result="PASS"></item><item title="POWER" value="18,7865" result="PASS"></item><item title="LOLEAKAGE" value="-42,7069" result="PASS"></item><item title="SPECTRUMMASK" value="14,0565" result="PASS"></item><item title="SPECTRUMMARGIN" value="14,0565" result="PASS"></item></Record><Criteria><item title="Modulation" value="MCS0NSS1"></item><item title="Bandwidth" value="80"></item><item title="Antenna" value="0"></item><item title="Channel" value="149"></item><item title="RfIcTemperature" value="60"></item><item title="CpuTemperature" value="62"></item><item title="ExpectedPower" value="20"></item><item title="EVM" Max="-5" Min="-100"></item><item title="FREQERR" Max="15" Min="-15"></item><item title="SYMCLOCKERR" Max="20" Min="-100"></item><item title="POWER" Max="21,5" Min="18,5" Avg="20"></item><item title="LOLEAKAGE" Max="-17" Min="-100"></item><item title="SPECTRUMMASK" Max="100" Min="0"></item><item title="SPECTRUMMARGIN" Max="1000" Min="0"></item></Criteria><Record><item title="Modulation" value="MCS0NSS1"></item><item title="Bandwidth" value="80"></item><item title="Channel" value="149"></item><item title="Antenna" value="0"></item><item title="ExpectedPower" value="20"></item><item title="Power" value="20"></item><item title="TestType" value="Tx"></item><item title="EVM" value="-22,787" result="PASS"></item><item title="FREQERR" value="-2,76887" result="PASS"></item><item title="SYMCLOCKERR" value="-2,72733" result="PASS"></item><item title="POWER" value="19,7877" result="PASS"></item><item title="LOLEAKAGE" value="-44,6642" result="PASS"></item><item title="SPECTRUMMASK" value="12,7866" result="PASS"></item><item title="SPECTRUMMARGIN" value="12,7866" result="PASS"></item></Record><Criteria><item title="Modulation" value="MCS0NSS1"></item><item title="Bandwidth" value="80"></item><item title="Antenna" value="0"></item><item title="Channel" value="149"></item><item title="RfIcTemperature" value="60"></item><item title="CpuTemperature" value="62"></item><item title="ExpectedPower" value="21"></item><item title="EVM" Max="-5" Min="-100"></item><item title="FREQERR" Max="15" Min="-15"></item><item title="SYMCLOCKERR" Max="20" Min="-100"></item><item title="POWER" Max="22,5" Min="19,5" Avg="21"></item><item title="LOLEAKAGE" Max="-17" Min="-100"></item><item title="SPECTRUMMASK" Max="100" Min="0"></item><item title="SPECTRUMMARGIN" Max="1000" Min="0"></item></Criteria><Record><item title="Modulation" value="MCS0NSS1"></item><item title="Bandwidth" value="80"></item><item title="Channel" value="149"></item><item title="Antenna" value="0"></item><item title="ExpectedPower" value="21"></item><item title="Power" value="21"></item><item title="TestType" value="Tx"></item><item title="EVM" value="-21,6075" result="PASS"></item><item title="FREQERR" value="-2,77598" result="PASS"></item><item title="SYMCLOCKERR" value="-2,12743" result="PASS"></item><item title="POWER" value="20,8836" result="PASS"></item><item title="LOLEAKAGE" value="-45,362" result="PASS"></item><item title="SPECTRUMMASK" value="9,25528" result="PASS"></item><item title="SPECTRUMMARGIN" value="9,25528" result="PASS"></item></Record><Criteria><item title="Modulation" value="MCS0NSS1"></item><item title="Bandwidth" value="80"></item><item title="Antenna" value="0"></item><item title="Channel" value="149"></item><item title="RfIcTemperature" value="60"></item><item title="CpuTemperature" value="62"></item><item title="ExpectedPower" value="22"></item><item title="EVM" Max="-5" Min="-100"></item><item title="FREQERR" Max="15" Min="-15"></item><item title="SYMCLOCKERR" Max="20" Min="-100"></item><item title="POWER" Max="23,5" Min="20,5" Avg="22"></item><item title="LOLEAKAGE" Max="-17" Min="-100"></item><item title="SPECTRUMMASK" Max="100" Min="0"></item><item title="SPECTRUMMARGIN" Max="1000" Min="0"></item></Criteria><Record><item title="Modulation" value="MCS0NSS1"></item><item title="Bandwidth" value="80"></item><item title="Channel" value="149"></item><item title="Antenna" value="0"></item><item title="ExpectedPower" value="22"></item><item title="Power" value="22"></item><item title="TestType" value="Tx"></item><item title="EVM" value="-20,513" result="PASS"></item><item title="FREQERR" value="-2,7725" result="PASS"></item><item title="SYMCLOCKERR" value="-2,09293" result="PASS"></item><item title="POWER" value="22,0023" result="PASS"></item><item title="LOLEAKAGE" value="-57,3978" result="PASS"></item><item title="SPECTRUMMASK" value="7,09824" result="PASS"></item><item title="SPECTRUMMARGIN" value="7,09824" result="PASS"></item></Record><Criteria><item title="Modulation" value="MCS0NSS1"></item><item title="Bandwidth" value="80"></item><item title="Antenna" value="0"></item><item title="Channel" value="149"></item><item title="RfIcTemperature" value="60"></item><item title="CpuTemperature" value="62"></item><item title="ExpectedPower" value="23"></item><item title="EVM" Max="-5" Min="-100"></item><item title="FREQERR" Max="15" Min="-15"></item><item title="SYMCLOCKERR" Max="20" Min="-100"></item><item title="POWER" Max="24,5" Min="21,5" Avg="23"></item><item title="LOLEAKAGE" Max="-17" Min="-100"></item><item title="SPECTRUMMASK" Max="100" Min="0"></item><item title="SPECTRUMMARGIN" Max="1000" Min="0"></item></Criteria><Record><item title="Modulation" value="MCS0NSS1"></item><item title="Bandwidth" value="80"></item><item title="Channel" value="149"></item><item title="Antenna" value="0"></item><item title="ExpectedPower" value="23"></item><item title="Power" value="23"></item><item title="TestType" value="Tx"></item><item title="EVM" value="-19,8869" result="PASS"></item><item title="FREQERR" value="-2,76828" result="PASS"></item><item title="SYMCLOCKERR" value="-2,73566" result="PASS"></item><item title="POWER" value="22,7513" result="PASS"></item><item title="LOLEAKAGE" value="-53,1804" result="PASS"></item><item title="SPECTRUMMASK" value="4,78669" result="PASS"></item><item title="SPECTRUMMARGIN" value="4,78669" result="PASS"></item></Record><Criteria><item title="Modulation" value="MCS0NSS1"></item><item title="Bandwidth" value="80"></item><item title="Antenna" value="0"></item><item title="Channel" value="149"></item><item title="RfIcTemperature" value="60"></item><item title="CpuTemperature" value="62"></item><item title="ExpectedPower" value="24"></item><item title="EVM" Max="-5" Min="-100"></item><item title="FREQERR" Max="15" Min="-15"></item><item title="SYMCLOCKERR" Max="20" Min="-100"></item><item title="POWER" Max="25,5" Min="22,5" Avg="24"></item><item title="LOLEAKAGE" Max="-17" Min="-100"></item><item title="SPECTRUMMASK" Max="100" Min="0"></item><item title="SPECTRUMMARGIN" Max="1000" Min="0"></item></Criteria><Record><item title="Modulation" value="MCS0NSS1"></item><item title="Bandwidth" value="80"></item><item title="Channel" value="149"></item><item title="Antenna" value="0"></item><item title="ExpectedPower" value="24"></item><item title="Power" value="24"></item><item title="TestType" value="Tx"></item><item title="EVM" value="-16,5249" result="PASS"></item><item title="FREQERR" value="-2,77152" result="PASS"></item><item title="SYMCLOCKERR" value="-2,13261" result="PASS"></item><item title="POWER" value="23,6213" result="PASS"></item><item title="LOLEAKAGE" value="-42,8097" result="PASS"></item><item title="SPECTRUMMASK" value="2,14719" result="PASS"></item><item title="SPECTRUMMARGIN" value="2,14719" result="PASS"></item></Record><Criteria><item title="Modulation" value="MCS0NSS1"></item><item title="Bandwidth" value="80"></item><item title="Antenna" value="0"></item><item title="Channel" value="149"></item><item title="RfIcTemperature" value="60"></item><item title="CpuTemperature" value="62"></item><item title="ExpectedPower" value="25"></item><item title="EVM" Max="-5" Min="-100"></item><item title="FREQERR" Max="15" Min="-15"></item><item title="SYMCLOCKERR" Max="20" Min="-100"></item><item title="POWER" Max="26,5" Min="23,5" Avg="25"></item><item title="LOLEAKAGE" Max="-17" Min="-100"></item><item title="SPECTRUMMASK" Max="100" Min="0"></item><item title="SPECTRUMMARGIN" Max="1000" Min="0"></item></Criteria><Record><item title="Modulation" value="MCS0NSS1"></item><item title="Bandwidth" value="80"></item><item title="Channel" value="149"></item><item title="Antenna" value="0"></item><item title="ExpectedPower" value="25"></item><item title="Power" value="25"></item><item title="TestType" value="Tx"></item><item title="EVM" value="-14,8317" result="PASS"></item><item title="FREQERR" value="-2,78017" result="PASS"></item><item title="SYMCLOCKERR" value="-1,15624" result="PASS"></item><item title="POWER" value="24,3535" result="PASS"></item><item title="LOLEAKAGE" value="-38,15" result="PASS"></item><item title="SPECTRUMMASK" value="-2,59238" result="FAIL"></item><item title="SPECTRUMMARGIN" value="-2,59238" result="FAIL"></item></Record><Criteria><item title="Modulation" value="MCS0NSS1"></item><item title="Bandwidth" value="80"></item><item title="Antenna" value="1"></item><item title="Channel" value="149"></item><item title="RfIcTemperature" value="60"></item><item title="CpuTemperature" value="62"></item><item title="ExpectedPower" value="10"></item><item title="EVM" Max="-5" Min="-100"></item><item title="FREQERR" Max="15" Min="-15"></item><item title="SYMCLOCKERR" Max="20" Min="-100"></item><item title="POWER" Max="11,5" Min="8,5" Avg="10"></item><item title="LOLEAKAGE" Max="-17" Min="-100"></item><item title="SPECTRUMMASK" Max="100" Min="0"></item><item title="SPECTRUMMARGIN" Max="1000" Min="0"></item></Criteria><Record><item title="Modulation" value="MCS0NSS1"></item><item title="Bandwidth" value="80"></item><item title="Channel" value="149"></item><item title="Antenna" value="1"></item><item title="ExpectedPower" value="10"></item><item title="Power" value="10"></item><item title="TestType" value="Tx"></item><item title="EVM" value="-22,7908" result="PASS"></item><item title="FREQERR" value="-2,7645" result="PASS"></item><item title="SYMCLOCKERR" value="-1,72712" result="PASS"></item><item title="POWER" value="9,26477" result="PASS"></item><item title="LOLEAKAGE" value="-30,8929" result="PASS"></item><item title="SPECTRUMMASK" value="14,8662" result="PASS"></item><item title="SPECTRUMMARGIN" value="14,8662" result="PASS"></item></Record><Criteria><item title="Modulation" value="MCS0NSS1"></item><item title="Bandwidth" value="80"></item><item title="Antenna" value="1"></item><item title="Channel" value="149"></item><item title="RfIcTemperature" value="60"></item><item title="CpuTemperature" value="62"></item><item title="ExpectedPower" value="11"></item><item title="EVM" Max="-5" Min="-100"></item><item title="FREQERR" Max="15" Min="-15"></item><item title="SYMCLOCKERR" Max="20" Min="-100"></item><item title="POWER" Max="12,5" Min="9,5" Avg="11"></item><item title="LOLEAKAGE" Max="-17" Min="-100"></item><item title="SPECTRUMMASK" Max="100" Min="0"></item><item title="SPECTRUMMARGIN" Max="1000" Min="0"></item></Criteria><Record><item title="Modulation" value="MCS0NSS1"></item><item title="Bandwidth" value="80"></item><item title="Channel" value="149"></item><item title="Antenna" value="1"></item><item title="ExpectedPower" value="11"></item><item title="Power" value="11"></item><item title="TestType" value="Tx"></item><item title="EVM" value="-22,9148" result="PASS"></item><item title="FREQERR" value="-2,76436" result="PASS"></item><item title="SYMCLOCKERR" value="-2,71464" result="PASS"></item><item title="POWER" value="10,1039" result="PASS"></item><item title="LOLEAKAGE" value="-31,0482" result="PASS"></item><item title="SPECTRUMMASK" value="14,5531" result="PASS"></item><item title="SPECTRUMMARGIN" value="14,5531" result="PASS"></item></Record><Criteria><item title="Modulation" value="MCS0NSS1"></item><item title="Bandwidth" value="80"></item><item title="Antenna" value="1"></item><item title="Channel" value="149"></item><item title="RfIcTemperature" value="60"></item><item title="CpuTemperature" value="62"></item><item title="ExpectedPower" value="12"></item><item title="EVM" Max="-5" Min="-100"></item><item title="FREQERR" Max="15" Min="-15"></item><item title="SYMCLOCKERR" Max="20" Min="-100"></item><item title="POWER" Max="13,5" Min="10,5" Avg="12"></item><item title="LOLEAKAGE" Max="-17" Min="-100"></item><item title="SPECTRUMMASK" Max="100" Min="0"></item><item title="SPECTRUMMARGIN" Max="1000" Min="0"></item></Criteria><Record><item title="Modulation" value="MCS0NSS1"></item><item title="Bandwidth" value="80"></item><item title="Channel" value="149"></item><item title="Antenna" value="1"></item><item title="ExpectedPower" value="12"></item><item title="Power" value="12"></item><item title="TestType" value="Tx"></item><item title="EVM" value="-23,3893" result="PASS"></item><item title="FREQERR" value="-2,76579" result="PASS"></item><item title="SYMCLOCKERR" value="-2,8079" result="PASS"></item><item title="POWER" value="11,2444" result="PASS"></item><item title="LOLEAKAGE" value="-30,9321" result="PASS"></item><item title="SPECTRUMMASK" value="14,9462" result="PASS"></item><item title="SPECTRUMMARGIN" value="14,9462" result="PASS"></item></Record><Criteria><item title="Modulation" value="MCS0NSS1"></item><item title="Bandwidth" value="80"></item><item title="Antenna" value="1"></item><item title="Channel" value="149"></item><item title="RfIcTemperature" value="60"></item><item title="CpuTemperature" value="62"></item><item title="ExpectedPower" value="13"></item><item title="EVM" Max="-5" Min="-100"></item><item title="FREQERR" Max="15" Min="-15"></item><item title="SYMCLOCKERR" Max="20" Min="-100"></item><item title="POWER" Max="14,5" Min="11,5" Avg="13"></item><item title="LOLEAKAGE" Max="-17" Min="-100"></item><item title="SPECTRUMMASK" Max="100" Min="0"></item><item title="SPECTRUMMARGIN" Max="1000" Min="0"></item></Criteria><Record><item title="Modulation" value="MCS0NSS1"></item><item title="Bandwidth" value="80"></item><item title="Channel" value="149"></item><item title="Antenna" value="1"></item><item title="ExpectedPower" value="13"></item><item title="Power" value="13"></item><item title="TestType" value="Tx"></item><item title="EVM" value="-22,4921" result="PASS"></item><item title="FREQERR" value="-2,76605" result="PASS"></item><item title="SYMCLOCKERR" value="-2,13398" result="PASS"></item><item title="POWER" value="12,0466" result="PASS"></item><item title="LOLEAKAGE" value="-31,7633" result="PASS"></item><item title="SPECTRUMMASK" value="14,4911" result="PASS"></item><item title="SPECTRUMMARGIN" value="14,4911" result="PASS"></item></Record><Criteria><item title="Modulation" value="MCS0NSS1"></item><item title="Bandwidth" value="80"></item><item title="Antenna" value="1"></item><item title="Channel" value="149"></item><item title="RfIcTemperature" value="60"></item><item title="CpuTemperature" value="62"></item><item title="ExpectedPower" value="14"></item><item title="EVM" Max="-5" Min="-100"></item><item title="FREQERR" Max="15" Min="-15"></item><item title="SYMCLOCKERR" Max="20" Min="-100"></item><item title="POWER" Max="15,5" Min="12,5" Avg="14"></item><item title="LOLEAKAGE" Max="-17" Min="-100"></item><item title="SPECTRUMMASK" Max="100" Min="0"></item><item title="SPECTRUMMARGIN" Max="1000" Min="0"></item></Criteria><Record><item title="Modulation" value="MCS0NSS1"></item><item title="Bandwidth" value="80"></item><item title="Channel" value="149"></item><item title="Antenna" value="1"></item><item title="ExpectedPower" value="14"></item><item title="Power" value="14"></item><item title="TestType" value="Tx"></item><item title="EVM" value="-21,9444" result="PASS"></item><item title="FREQERR" value="-2,7703" result="PASS"></item><item title="SYMCLOCKERR" value="-1,32897" result="PASS"></item><item title="POWER" value="13,2396" result="PASS"></item><item title="LOLEAKAGE" value="-31,5875" result="PASS"></item><item title="SPECTRUMMASK" value="15,1065" result="PASS"></item><item title="SPECTRUMMARGIN" value="15,1065" result="PASS"></item></Record><Criteria><item title="Modulation" value="MCS0NSS1"></item><item title="Bandwidth" value="80"></item><item title="Antenna" value="1"></item><item title="Channel" value="149"></item><item title="RfIcTemperature" value="60"></item><item title="CpuTemperature" value="62"></item><item title="ExpectedPower" value="15"></item><item title="EVM" Max="-5" Min="-100"></item><item title="FREQERR" Max="15" Min="-15"></item><item title="SYMCLOCKERR" Max="20" Min="-100"></item><item title="POWER" Max="16,5" Min="13,5" Avg="15"></item><item title="LOLEAKAGE" Max="-17" Min="-100"></item><item title="SPECTRUMMASK" Max="100" Min="0"></item><item title="SPECTRUMMARGIN" Max="1000" Min="0"></item></Criteria><Record><item title="Modulation" value="MCS0NSS1"></item><item title="Bandwidth" value="80"></item><item title="Channel" value="149"></item><item title="Antenna" value="1"></item><item title="ExpectedPower" value="15"></item><item title="Power" value="15"></item><item title="TestType" value="Tx"></item><item title="EVM" value="-21,4592" result="PASS"></item><item title="FREQERR" value="-2,77066" result="PASS"></item><item title="SYMCLOCKERR" value="-2,55392" result="PASS"></item><item title="POWER" value="14,0427" result="PASS"></item><item title="LOLEAKAGE" value="-33,9266" result="PASS"></item><item title="SPECTRUMMASK" value="15,5953" result="PASS"></item><item title="SPECTRUMMARGIN" value="15,5953" result="PASS"></item></Record><Criteria><item title="Modulation" value="MCS0NSS1"></item><item title="Bandwidth" value="80"></item><item title="Antenna" value="1"></item><item title="Channel" value="149"></item><item title="RfIcTemperature" value="60"></item><item title="CpuTemperature" value="62"></item><item title="ExpectedPower" value="16"></item><item title="EVM" Max="-5" Min="-100"></item><item title="FREQERR" Max="15" Min="-15"></item><item title="SYMCLOCKERR" Max="20" Min="-100"></item><item title="POWER" Max="17,5" Min="14,5" Avg="16"></item><item title="LOLEAKAGE" Max="-17" Min="-100"></item><item title="SPECTRUMMASK" Max="100" Min="0"></item><item title="SPECTRUMMARGIN" Max="1000" Min="0"></item></Criteria><Record><item title="Modulation" value="MCS0NSS1"></item><item title="Bandwidth" value="80"></item><item title="Channel" value="149"></item><item title="Antenna" value="1"></item><item title="ExpectedPower" value="16"></item><item title="Power" value="16"></item><item title="TestType" value="Tx"></item><item title="EVM" value="-22,5036" result="PASS"></item><item title="FREQERR" value="-2,77005" result="PASS"></item><item title="SYMCLOCKERR" value="-1,84025" result="PASS"></item><item title="POWER" value="15,1054" result="PASS"></item><item title="LOLEAKAGE" value="-33,2758" result="PASS"></item><item title="SPECTRUMMASK" value="14,4794" result="PASS"></item><item title="SPECTRUMMARGIN" value="14,4794" result="PASS"></item></Record><Criteria><item title="Modulation" value="MCS0NSS1"></item><item title="Bandwidth" value="80"></item><item title="Antenna" value="1"></item><item title="Channel" value="149"></item><item title="RfIcTemperature" value="60"></item><item title="CpuTemperature" value="62"></item><item title="ExpectedPower" value="17"></item><item title="EVM" Max="-5" Min="-100"></item><item title="FREQERR" Max="15" Min="-15"></item><item title="SYMCLOCKERR" Max="20" Min="-100"></item><item title="POWER" Max="18,5" Min="15,5" Avg="17"></item><item title="LOLEAKAGE" Max="-17" Min="-100"></item><item title="SPECTRUMMASK" Max="100" Min="0"></item><item title="SPECTRUMMARGIN" Max="1000" Min="0"></item></Criteria><Record><item title="Modulation" value="MCS0NSS1"></item><item title="Bandwidth" value="80"></item><item title="Channel" value="149"></item><item title="Antenna" value="1"></item><item title="ExpectedPower" value="17"></item><item title="Power" value="17"></item><item title="TestType" value="Tx"></item><item title="EVM" value="-22,3954" result="PASS"></item><item title="FREQERR" value="-2,77426" result="PASS"></item><item title="SYMCLOCKERR" value="-2,41638" result="PASS"></item><item title="POWER" value="15,948" result="PASS"></item><item title="LOLEAKAGE" value="-36,4918" result="PASS"></item><item title="SPECTRUMMASK" value="14,5957" result="PASS"></item><item title="SPECTRUMMARGIN" value="14,5957" result="PASS"></item></Record><Criteria><item title="Modulation" value="MCS0NSS1"></item><item title="Bandwidth" value="80"></item><item title="Antenna" value="1"></item><item title="Channel" value="149"></item><item title="RfIcTemperature" value="60"></item><item title="CpuTemperature" value="62"></item><item title="ExpectedPower" value="18"></item><item title="EVM" Max="-5" Min="-100"></item><item title="FREQERR" Max="15" Min="-15"></item><item title="SYMCLOCKERR" Max="20" Min="-100"></item><item title="POWER" Max="19,5" Min="16,5" Avg="18"></item><item title="LOLEAKAGE" Max="-17" Min="-100"></item><item title="SPECTRUMMASK" Max="100" Min="0"></item><item title="SPECTRUMMARGIN" Max="1000" Min="0"></item></Criteria><Record><item title="Modulation" value="MCS0NSS1"></item><item title="Bandwidth" value="80"></item><item title="Channel" value="149"></item><item title="Antenna" value="1"></item><item title="ExpectedPower" value="18"></item><item title="Power" value="18"></item><item title="TestType" value="Tx"></item><item title="EVM" value="-21,2302" result="PASS"></item><item title="FREQERR" value="-2,76787" result="PASS"></item><item title="SYMCLOCKERR" value="-1,65464" result="PASS"></item><item title="POWER" value="17,0182" result="PASS"></item><item title="LOLEAKAGE" value="-36,7275" result="PASS"></item><item title="SPECTRUMMASK" value="15,1104" result="PASS"></item><item title="SPECTRUMMARGIN" value="15,1104" result="PASS"></item></Record><Criteria><item title="Modulation" value="MCS0NSS1"></item><item title="Bandwidth" value="80"></item><item title="Antenna" value="1"></item><item title="Channel" value="149"></item><item title="RfIcTemperature" value="60"></item><item title="CpuTemperature" value="62"></item><item title="ExpectedPower" value="19"></item><item title="EVM" Max="-5" Min="-100"></item><item title="FREQERR" Max="15" Min="-15"></item><item title="SYMCLOCKERR" Max="20" Min="-100"></item><item title="POWER" Max="20,5" Min="17,5" Avg="19"></item><item title="LOLEAKAGE" Max="-17" Min="-100"></item><item title="SPECTRUMMASK" Max="100" Min="0"></item><item title="SPECTRUMMARGIN" Max="1000" Min="0"></item></Criteria><Record><item title="Modulation" value="MCS0NSS1"></item><item title="Bandwidth" value="80"></item><item title="Channel" value="149"></item><item title="Antenna" value="1"></item><item title="ExpectedPower" value="19"></item><item title="Power" value="19"></item><item title="TestType" value="Tx"></item><item title="EVM" value="-21,9158" result="PASS"></item><item title="FREQERR" value="-2,77229" result="PASS"></item><item title="SYMCLOCKERR" value="-2,23783" result="PASS"></item><item title="POWER" value="18,0204" result="PASS"></item><item title="LOLEAKAGE" value="-41,7376" result="PASS"></item><item title="SPECTRUMMASK" value="14,2837" result="PASS"></item><item title="SPECTRUMMARGIN" value="14,2837" result="PASS"></item></Record><Criteria><item title="Modulation" value="MCS0NSS1"></item><item title="Bandwidth" value="80"></item><item title="Antenna" value="1"></item><item title="Channel" value="149"></item><item title="RfIcTemperature" value="60"></item><item title="CpuTemperature" value="62"></item><item title="ExpectedPower" value="20"></item><item title="EVM" Max="-5" Min="-100"></item><item title="FREQERR" Max="15" Min="-15"></item><item title="SYMCLOCKERR" Max="20" Min="-100"></item><item title="POWER" Max="21,5" Min="18,5" Avg="20"></item><item title="LOLEAKAGE" Max="-17" Min="-100"></item><item title="SPECTRUMMASK" Max="100" Min="0"></item><item title="SPECTRUMMARGIN" Max="1000" Min="0"></item></Criteria><Record><item title="Modulation" value="MCS0NSS1"></item><item title="Bandwidth" value="80"></item><item title="Channel" value="149"></item><item title="Antenna" value="1"></item><item title="ExpectedPower" value="20"></item><item title="Power" value="20"></item><item title="TestType" value="Tx"></item><item title="EVM" value="-22,3058" result="PASS"></item><item title="FREQERR" value="-2,77357" result="PASS"></item><item title="SYMCLOCKERR" value="-2,45616" result="PASS"></item><item title="POWER" value="19,1141" result="PASS"></item><item title="LOLEAKAGE" value="-43,6331" result="PASS"></item><item title="SPECTRUMMASK" value="13,1511" result="PASS"></item><item title="SPECTRUMMARGIN" value="13,1511" result="PASS"></item></Record><Criteria><item title="Modulation" value="MCS0NSS1"></item><item title="Bandwidth" value="80"></item><item title="Antenna" value="1"></item><item title="Channel" value="149"></item><item title="RfIcTemperature" value="60"></item><item title="CpuTemperature" value="62"></item><item title="ExpectedPower" value="21"></item><item title="EVM" Max="-5" Min="-100"></item><item title="FREQERR" Max="15" Min="-15"></item><item title="SYMCLOCKERR" Max="20" Min="-100"></item><item title="POWER" Max="22,5" Min="19,5" Avg="21"></item><item title="LOLEAKAGE" Max="-17" Min="-100"></item><item title="SPECTRUMMASK" Max="100" Min="0"></item><item title="SPECTRUMMARGIN" Max="1000" Min="0"></item></Criteria><Record><item title="Modulation" value="MCS0NSS1"></item><item title="Bandwidth" value="80"></item><item title="Channel" value="149"></item><item title="Antenna" value="1"></item><item title="ExpectedPower" value="21"></item><item title="Power" value="21"></item><item title="TestType" value="Tx"></item><item title="EVM" value="-22,6623" result="PASS"></item><item title="FREQERR" value="-2,76725" result="PASS"></item><item title="SYMCLOCKERR" value="-3,17882" result="PASS"></item><item title="POWER" value="20,2244" result="PASS"></item><item title="LOLEAKAGE" value="-44,5466" result="PASS"></item><item title="SPECTRUMMASK" value="12,1587" result="PASS"></item><item title="SPECTRUMMARGIN" value="12,1587" result="PASS"></item></Record><Criteria><item title="Modulation" value="MCS0NSS1"></item><item title="Bandwidth" value="80"></item><item title="Antenna" value="1"></item><item title="Channel" value="149"></item><item title="RfIcTemperature" value="60"></item><item title="CpuTemperature" value="62"></item><item title="ExpectedPower" value="22"></item><item title="EVM" Max="-5" Min="-100"></item><item title="FREQERR" Max="15" Min="-15"></item><item title="SYMCLOCKERR" Max="20" Min="-100"></item><item title="POWER" Max="23,5" Min="20,5" Avg="22"></item><item title="LOLEAKAGE" Max="-17" Min="-100"></item><item title="SPECTRUMMASK" Max="100" Min="0"></item><item title="SPECTRUMMARGIN" Max="1000" Min="0"></item></Criteria><Record><item title="Modulation" value="MCS0NSS1"></item><item title="Bandwidth" value="80"></item><item title="Channel" value="149"></item><item title="Antenna" value="1"></item><item title="ExpectedPower" value="22"></item><item title="Power" value="22"></item><item title="TestType" value="Tx"></item><item title="EVM" value="-21,7793" result="PASS"></item><item title="FREQERR" value="-2,77719" result="PASS"></item><item title="SYMCLOCKERR" value="-2,29373" result="PASS"></item><item title="POWER" value="21,2146" result="PASS"></item><item title="LOLEAKAGE" value="-52,583" result="PASS"></item><item title="SPECTRUMMASK" value="8,03116" result="PASS"></item><item title="SPECTRUMMARGIN" value="8,03116" result="PASS"></item></Record><Criteria><item title="Modulation" value="MCS0NSS1"></item><item title="Bandwidth" value="80"></item><item title="Antenna" value="1"></item><item title="Channel" value="149"></item><item title="RfIcTemperature" value="60"></item><item title="CpuTemperature" value="62"></item><item title="ExpectedPower" value="23"></item><item title="EVM" Max="-5" Min="-100"></item><item title="FREQERR" Max="15" Min="-15"></item><item title="SYMCLOCKERR" Max="20" Min="-100"></item><item title="POWER" Max="24,5" Min="21,5" Avg="23"></item><item title="LOLEAKAGE" Max="-17" Min="-100"></item><item title="SPECTRUMMASK" Max="100" Min="0"></item><item title="SPECTRUMMARGIN" Max="1000" Min="0"></item></Criteria><Record><item title="Modulation" value="MCS0NSS1"></item><item title="Bandwidth" value="80"></item><item title="Channel" value="149"></item><item title="Antenna" value="1"></item><item title="ExpectedPower" value="23"></item><item title="Power" value="23"></item><item title="TestType" value="Tx"></item><item title="EVM" value="-19,7682" result="PASS"></item><item title="FREQERR" value="-2,77676" result="PASS"></item><item title="SYMCLOCKERR" value="-2,72173" result="PASS"></item><item title="POWER" value="22,312" result="PASS"></item><item title="LOLEAKAGE" value="-47,7696" result="PASS"></item><item title="SPECTRUMMASK" value="4,9229" result="PASS"></item><item title="SPECTRUMMARGIN" value="4,9229" result="PASS"></item></Record><Criteria><item title="Modulation" value="MCS0NSS1"></item><item title="Bandwidth" value="80"></item><item title="Antenna" value="1"></item><item title="Channel" value="149"></item><item title="RfIcTemperature" value="60"></item><item title="CpuTemperature" value="62"></item><item title="ExpectedPower" value="24"></item><item title="EVM" Max="-5" Min="-100"></item><item title="FREQERR" Max="15" Min="-15"></item><item title="SYMCLOCKERR" Max="20" Min="-100"></item><item title="POWER" Max="25,5" Min="22,5" Avg="24"></item><item title="LOLEAKAGE" Max="-17" Min="-100"></item><item title="SPECTRUMMASK" Max="100" Min="0"></item><item title="SPECTRUMMARGIN" Max="1000" Min="0"></item></Criteria><Record><item title="Modulation" value="MCS0NSS1"></item><item title="Bandwidth" value="80"></item><item title="Channel" value="149"></item><item title="Antenna" value="1"></item><item title="ExpectedPower" value="24"></item><item title="Power" value="24"></item><item title="TestType" value="Tx"></item><item title="EVM" value="-17,6967" result="PASS"></item><item title="FREQERR" value="-2,77478" result="PASS"></item><item title="SYMCLOCKERR" value="-1,17432" result="PASS"></item><item title="POWER" value="23,1851" result="PASS"></item><item title="LOLEAKAGE" value="-50,1334" result="PASS"></item><item title="SPECTRUMMASK" value="1,89082" result="PASS"></item><item title="SPECTRUMMARGIN" value="1,89082" result="PASS"></item></Record><Criteria><item title="Modulation" value="MCS0NSS1"></item><item title="Bandwidth" value="80"></item><item title="Antenna" value="1"></item><item title="Channel" value="149"></item><item title="RfIcTemperature" value="60"></item><item title="CpuTemperature" value="62"></item><item title="ExpectedPower" value="25"></item><item title="EVM" Max="-5" Min="-100"></item><item title="FREQERR" Max="15" Min="-15"></item><item title="SYMCLOCKERR" Max="20" Min="-100"></item><item title="POWER" Max="26,5" Min="23,5" Avg="25"></item><item title="LOLEAKAGE" Max="-17" Min="-100"></item><item title="SPECTRUMMASK" Max="100" Min="0"></item><item title="SPECTRUMMARGIN" Max="1000" Min="0"></item></Criteria><Record><item title="Modulation" value="MCS0NSS1"></item><item title="Bandwidth" value="80"></item><item title="Channel" value="149"></item><item title="Antenna" value="1"></item><item title="ExpectedPower" value="25"></item><item title="Power" value="25"></item><item title="TestType" value="Tx"></item><item title="EVM" value="-15,2536" result="PASS"></item><item title="FREQERR" value="-2,77844" result="PASS"></item><item title="SYMCLOCKERR" value="-1,32424" result="PASS"></item><item title="POWER" value="24,2523" result="PASS"></item><item title="LOLEAKAGE" value="-37,8671" result="PASS"></item><item title="SPECTRUMMASK" value="-1,58428" result="FAIL"></item><item title="SPECTRUMMARGIN" value="-1,58428" result="FAIL"></item></Record><Criteria><item title="Modulation" value="MCS0NSS1"></item><item title="Bandwidth" value="80"></item><item title="Antenna" value="2"></item><item title="Channel" value="149"></item><item title="RfIcTemperature" value="60"></item><item title="CpuTemperature" value="62"></item><item title="ExpectedPower" value="10"></item><item title="EVM" Max="-5" Min="-100"></item><item title="FREQERR" Max="15" Min="-15"></item><item title="SYMCLOCKERR" Max="20" Min="-100"></item><item title="POWER" Max="11,5" Min="8,5" Avg="10"></item><item title="LOLEAKAGE" Max="-17" Min="-100"></item><item title="SPECTRUMMASK" Max="100" Min="0"></item><item title="SPECTRUMMARGIN" Max="1000" Min="0"></item></Criteria><Record><item title="Modulation" value="MCS0NSS1"></item><item title="Bandwidth" value="80"></item><item title="Channel" value="149"></item><item title="Antenna" value="2"></item><item title="ExpectedPower" value="10"></item><item title="Power" value="10"></item><item title="TestType" value="Tx"></item><item title="EVM" value="-21,2197" result="PASS"></item><item title="FREQERR" value="-2,77696" result="PASS"></item><item title="SYMCLOCKERR" value="-2,94631" result="PASS"></item><item title="POWER" value="9,83941" result="PASS"></item><item title="LOLEAKAGE" value="-28,8898" result="PASS"></item><item title="SPECTRUMMASK" value="14,7232" result="PASS"></item><item title="SPECTRUMMARGIN" value="14,7232" result="PASS"></item></Record><Criteria><item title="Modulation" value="MCS0NSS1"></item><item title="Bandwidth" value="80"></item><item title="Antenna" value="2"></item><item title="Channel" value="149"></item><item title="RfIcTemperature" value="60"></item><item title="CpuTemperature" value="62"></item><item title="ExpectedPower" value="11"></item><item title="EVM" Max="-5" Min="-100"></item><item title="FREQERR" Max="15" Min="-15"></item><item title="SYMCLOCKERR" Max="20" Min="-100"></item><item title="POWER" Max="12,5" Min="9,5" Avg="11"></item><item title="LOLEAKAGE" Max="-17" Min="-100"></item><item title="SPECTRUMMASK" Max="100" Min="0"></item><item title="SPECTRUMMARGIN" Max="1000" Min="0"></item></Criteria><Record><item title="Modulation" value="MCS0NSS1"></item><item title="Bandwidth" value="80"></item><item title="Channel" value="149"></item><item title="Antenna" value="2"></item><item title="ExpectedPower" value="11"></item><item title="Power" value="11"></item><item title="TestType" value="Tx"></item><item title="EVM" value="-23,2029" result="PASS"></item><item title="FREQERR" value="-2,77827" result="PASS"></item><item title="SYMCLOCKERR" value="-2,83129" result="PASS"></item><item title="POWER" value="10,7716" result="PASS"></item><item title="LOLEAKAGE" value="-31,5553" result="PASS"></item><item title="SPECTRUMMASK" value="15,3224" result="PASS"></item><item title="SPECTRUMMARGIN" value="15,3224" result="PASS"></item></Record><Criteria><item title="Modulation" value="MCS0NSS1"></item><item title="Bandwidth" value="80"></item><item title="Antenna" value="2"></item><item title="Channel" value="149"></item><item title="RfIcTemperature" value="60"></item><item title="CpuTemperature" value="62"></item><item title="ExpectedPower" value="12"></item><item title="EVM" Max="-5" Min="-100"></item><item title="FREQERR" Max="15" Min="-15"></item><item title="SYMCLOCKERR" Max="20" Min="-100"></item><item title="POWER" Max="13,5" Min="10,5" Avg="12"></item><item title="LOLEAKAGE" Max="-17" Min="-100"></item><item title="SPECTRUMMASK" Max="100" Min="0"></item><item title="SPECTRUMMARGIN" Max="1000" Min="0"></item></Criteria><Record><item title="Modulation" value="MCS0NSS1"></item><item title="Bandwidth" value="80"></item><item title="Channel" value="149"></item><item title="Antenna" value="2"></item><item title="ExpectedPower" value="12"></item><item title="Power" value="12"></item><item title="TestType" value="Tx"></item><item title="EVM" value="-21,5783" result="PASS"></item><item title="FREQERR" value="-2,78052" result="PASS"></item><item title="SYMCLOCKERR" value="-2,57442" result="PASS"></item><item title="POWER" value="11,9328" result="PASS"></item><item title="LOLEAKAGE" value="-29,9253" result="PASS"></item><item title="SPECTRUMMASK" value="14,5582" result="PASS"></item><item title="SPECTRUMMARGIN" value="14,5582" result="PASS"></item></Record><Criteria><item title="Modulation" value="MCS0NSS1"></item><item title="Bandwidth" value="80"></item><item title="Antenna" value="2"></item><item title="Channel" value="149"></item><item title="RfIcTemperature" value="60"></item><item title="CpuTemperature" value="62"></item><item title="ExpectedPower" value="13"></item><item title="EVM" Max="-5" Min="-100"></item><item title="FREQERR" Max="15" Min="-15"></item><item title="SYMCLOCKERR" Max="20" Min="-100"></item><item title="POWER" Max="14,5" Min="11,5" Avg="13"></item><item title="LOLEAKAGE" Max="-17" Min="-100"></item><item title="SPECTRUMMASK" Max="100" Min="0"></item><item title="SPECTRUMMARGIN" Max="1000" Min="0"></item></Criteria><Record><item title="Modulation" value="MCS0NSS1"></item><item title="Bandwidth" value="80"></item><item title="Channel" value="149"></item><item title="Antenna" value="2"></item><item title="ExpectedPower" value="13"></item><item title="Power" value="13"></item><item title="TestType" value="Tx"></item><item title="EVM" value="-21,8235" result="PASS"></item><item title="FREQERR" value="-2,78042" result="PASS"></item><item title="SYMCLOCKERR" value="-2,38742" result="PASS"></item><item title="POWER" value="12,8176" result="PASS"></item><item title="LOLEAKAGE" value="-31,6145" result="PASS"></item><item title="SPECTRUMMASK" value="14,8852" result="PASS"></item><item title="SPECTRUMMARGIN" value="14,8852" result="PASS"></item></Record><Criteria><item title="Modulation" value="MCS0NSS1"></item><item title="Bandwidth" value="80"></item><item title="Antenna" value="2"></item><item title="Channel" value="149"></item><item title="RfIcTemperature" value="60"></item><item title="CpuTemperature" value="62"></item><item title="ExpectedPower" value="14"></item><item title="EVM" Max="-5" Min="-100"></item><item title="FREQERR" Max="15" Min="-15"></item><item title="SYMCLOCKERR" Max="20" Min="-100"></item><item title="POWER" Max="15,5" Min="12,5" Avg="14"></item><item title="LOLEAKAGE" Max="-17" Min="-100"></item><item title="SPECTRUMMASK" Max="100" Min="0"></item><item title="SPECTRUMMARGIN" Max="1000" Min="0"></item></Criteria><Record><item title="Modulation" value="MCS0NSS1"></item><item title="Bandwidth" value="80"></item><item title="Channel" value="149"></item><item title="Antenna" value="2"></item><item title="ExpectedPower" value="14"></item><item title="Power" value="14"></item><item title="TestType" value="Tx"></item><item title="EVM" value="-22,0404" result="PASS"></item><item title="FREQERR" value="-2,77422" result="PASS"></item><item title="SYMCLOCKERR" value="-3,52226" result="PASS"></item><item title="POWER" value="13,5908" result="PASS"></item><item title="LOLEAKAGE" value="-32,417" result="PASS"></item><item title="SPECTRUMMASK" value="14,0626" result="PASS"></item><item title="SPECTRUMMARGIN" value="14,0626" result="PASS"></item></Record><Criteria><item title="Modulation" value="MCS0NSS1"></item><item title="Bandwidth" value="80"></item><item title="Antenna" value="2"></item><item title="Channel" value="149"></item><item title="RfIcTemperature" value="60"></item><item title="CpuTemperature" value="62"></item><item title="ExpectedPower" value="15"></item><item title="EVM" Max="-5" Min="-100"></item><item title="FREQERR" Max="15" Min="-15"></item><item title="SYMCLOCKERR" Max="20" Min="-100"></item><item title="POWER" Max="16,5" Min="13,5" Avg="15"></item><item title="LOLEAKAGE" Max="-17" Min="-100"></item><item title="SPECTRUMMASK" Max="100" Min="0"></item><item title="SPECTRUMMARGIN" Max="1000" Min="0"></item></Criteria><Record><item title="Modulation" value="MCS0NSS1"></item><item title="Bandwidth" value="80"></item><item title="Channel" value="149"></item><item title="Antenna" value="2"></item><item title="ExpectedPower" value="15"></item><item title="Power" value="15"></item><item title="TestType" value="Tx"></item><item title="EVM" value="-22,6378" result="PASS"></item><item title="FREQERR" value="-2,77392" result="PASS"></item><item title="SYMCLOCKERR" value="-2,95173" result="PASS"></item><item title="POWER" value="14,6257" result="PASS"></item><item title="LOLEAKAGE" value="-30,8425" result="PASS"></item><item title="SPECTRUMMASK" value="16,8367" result="PASS"></item><item title="SPECTRUMMARGIN" value="16,8367" result="PASS"></item></Record><Criteria><item title="Modulation" value="MCS0NSS1"></item><item title="Bandwidth" value="80"></item><item title="Antenna" value="2"></item><item title="Channel" value="149"></item><item title="RfIcTemperature" value="60"></item><item title="CpuTemperature" value="62"></item><item title="ExpectedPower" value="16"></item><item title="EVM" Max="-5" Min="-100"></item><item title="FREQERR" Max="15" Min="-15"></item><item title="SYMCLOCKERR" Max="20" Min="-100"></item><item title="POWER" Max="17,5" Min="14,5" Avg="16"></item><item title="LOLEAKAGE" Max="-17" Min="-100"></item><item title="SPECTRUMMASK" Max="100" Min="0"></item><item title="SPECTRUMMARGIN" Max="1000" Min="0"></item></Criteria><Record><item title="Modulation" value="MCS0NSS1"></item><item title="Bandwidth" value="80"></item><item title="Channel" value="149"></item><item title="Antenna" value="2"></item><item title="ExpectedPower" value="16"></item><item title="Power" value="16"></item><item title="TestType" value="Tx"></item><item title="EVM" value="-21,753" result="PASS"></item><item title="FREQERR" value="-2,77665" result="PASS"></item><item title="SYMCLOCKERR" value="-3,02135" result="PASS"></item><item title="POWER" value="15,9425" result="PASS"></item><item title="LOLEAKAGE" value="-34,5676" result="PASS"></item><item title="SPECTRUMMASK" value="14,9235" result="PASS"></item><item title="SPECTRUMMARGIN" value="14,9235" result="PASS"></item></Record><Criteria><item title="Modulation" value="MCS0NSS1"></item><item title="Bandwidth" value="80"></item><item title="Antenna" value="2"></item><item title="Channel" value="149"></item><item title="RfIcTemperature" value="60"></item><item title="CpuTemperature" value="62"></item><item title="ExpectedPower" value="17"></item><item title="EVM" Max="-5" Min="-100"></item><item title="FREQERR" Max="15" Min="-15"></item><item title="SYMCLOCKERR" Max="20" Min="-100"></item><item title="POWER" Max="18,5" Min="15,5" Avg="17"></item><item title="LOLEAKAGE" Max="-17" Min="-100"></item><item title="SPECTRUMMASK" Max="100" Min="0"></item><item title="SPECTRUMMARGIN" Max="1000" Min="0"></item></Criteria><Record><item title="Modulation" value="MCS0NSS1"></item><item title="Bandwidth" value="80"></item><item title="Channel" value="149"></item><item title="Antenna" value="2"></item><item title="ExpectedPower" value="17"></item><item title="Power" value="17"></item><item title="TestType" value="Tx"></item><item title="EVM" value="-21,0021" result="PASS"></item><item title="FREQERR" value="-2,77701" result="PASS"></item><item title="SYMCLOCKERR" value="-3,44678" result="PASS"></item><item title="POWER" value="16,8187" result="PASS"></item><item title="LOLEAKAGE" value="-35,7851" result="PASS"></item><item title="SPECTRUMMASK" value="14,8301" result="PASS"></item><item title="SPECTRUMMARGIN" value="14,8301" result="PASS"></item></Record><Criteria><item title="Modulation" value="MCS0NSS1"></item><item title="Bandwidth" value="80"></item><item title="Antenna" value="2"></item><item title="Channel" value="149"></item><item title="RfIcTemperature" value="60"></item><item title="CpuTemperature" value="62"></item><item title="ExpectedPower" value="18"></item><item title="EVM" Max="-5" Min="-100"></item><item title="FREQERR" Max="15" Min="-15"></item><item title="SYMCLOCKERR" Max="20" Min="-100"></item><item title="POWER" Max="19,5" Min="16,5" Avg="18"></item><item title="LOLEAKAGE" Max="-17" Min="-100"></item><item title="SPECTRUMMASK" Max="100" Min="0"></item><item title="SPECTRUMMARGIN" Max="1000" Min="0"></item></Criteria><Record><item title="Modulation" value="MCS0NSS1"></item><item title="Bandwidth" value="80"></item><item title="Channel" value="149"></item><item title="Antenna" value="2"></item><item title="ExpectedPower" value="18"></item><item title="Power" value="18"></item><item title="TestType" value="Tx"></item><item title="EVM" value="-22,0891" result="PASS"></item><item title="FREQERR" value="-2,78133" result="PASS"></item><item title="SYMCLOCKERR" value="-2,65449" result="PASS"></item><item title="POWER" value="17,97" result="PASS"></item><item title="LOLEAKAGE" value="-36,5205" result="PASS"></item><item title="SPECTRUMMASK" value="14,0364" result="PASS"></item><item title="SPECTRUMMARGIN" value="14,0364" result="PASS"></item></Record><Criteria><item title="Modulation" value="MCS0NSS1"></item><item title="Bandwidth" value="80"></item><item title="Antenna" value="2"></item><item title="Channel" value="149"></item><item title="RfIcTemperature" value="60"></item><item title="CpuTemperature" value="62"></item><item title="ExpectedPower" value="19"></item><item title="EVM" Max="-5" Min="-100"></item><item title="FREQERR" Max="15" Min="-15"></item><item title="SYMCLOCKERR" Max="20" Min="-100"></item><item title="POWER" Max="20,5" Min="17,5" Avg="19"></item><item title="LOLEAKAGE" Max="-17" Min="-100"></item><item title="SPECTRUMMASK" Max="100" Min="0"></item><item title="SPECTRUMMARGIN" Max="1000" Min="0"></item></Criteria><Record><item title="Modulation" value="MCS0NSS1"></item><item title="Bandwidth" value="80"></item><item title="Channel" value="149"></item><item title="Antenna" value="2"></item><item title="ExpectedPower" value="19"></item><item title="Power" value="19"></item><item title="TestType" value="Tx"></item><item title="EVM" value="-21,5158" result="PASS"></item><item title="FREQERR" value="-2,77854" result="PASS"></item><item title="SYMCLOCKERR" value="-3,65407" result="PASS"></item><item title="POWER" value="18,7916" result="PASS"></item><item title="LOLEAKAGE" value="-38,597" result="PASS"></item><item title="SPECTRUMMASK" value="14,4595" result="PASS"></item><item title="SPECTRUMMARGIN" value="14,4595" result="PASS"></item></Record><Criteria><item title="Modulation" value="MCS0NSS1"></item><item title="Bandwidth" value="80"></item><item title="Antenna" value="2"></item><item title="Channel" value="149"></item><item title="RfIcTemperature" value="60"></item><item title="CpuTemperature" value="62"></item><item title="ExpectedPower" value="20"></item><item title="EVM" Max="-5" Min="-100"></item><item title="FREQERR" Max="15" Min="-15"></item><item title="SYMCLOCKERR" Max="20" Min="-100"></item><item title="POWER" Max="21,5" Min="18,5" Avg="20"></item><item title="LOLEAKAGE" Max="-17" Min="-100"></item><item title="SPECTRUMMASK" Max="100" Min="0"></item><item title="SPECTRUMMARGIN" Max="1000" Min="0"></item></Criteria><Record><item title="Modulation" value="MCS0NSS1"></item><item title="Bandwidth" value="80"></item><item title="Channel" value="149"></item><item title="Antenna" value="2"></item><item title="ExpectedPower" value="20"></item><item title="Power" value="20"></item><item title="TestType" value="Tx"></item><item title="EVM" value="-22,8124" result="PASS"></item><item title="FREQERR" value="-2,77602" result="PASS"></item><item title="SYMCLOCKERR" value="-2,71468" result="PASS"></item><item title="POWER" value="19,8917" result="PASS"></item><item title="LOLEAKAGE" value="-43,3267" result="PASS"></item><item title="SPECTRUMMASK" value="15,2223" result="PASS"></item><item title="SPECTRUMMARGIN" value="15,2223" result="PASS"></item></Record><Criteria><item title="Modulation" value="MCS0NSS1"></item><item title="Bandwidth" value="80"></item><item title="Antenna" value="2"></item><item title="Channel" value="149"></item><item title="RfIcTemperature" value="60"></item><item title="CpuTemperature" value="62"></item><item title="ExpectedPower" value="21"></item><item title="EVM" Max="-5" Min="-100"></item><item title="FREQERR" Max="15" Min="-15"></item><item title="SYMCLOCKERR" Max="20" Min="-100"></item><item title="POWER" Max="22,5" Min="19,5" Avg="21"></item><item title="LOLEAKAGE" Max="-17" Min="-100"></item><item title="SPECTRUMMASK" Max="100" Min="0"></item><item title="SPECTRUMMARGIN" Max="1000" Min="0"></item></Criteria><Record><item title="Modulation" value="MCS0NSS1"></item><item title="Bandwidth" value="80"></item><item title="Channel" value="149"></item><item title="Antenna" value="2"></item><item title="ExpectedPower" value="21"></item><item title="Power" value="21"></item><item title="TestType" value="Tx"></item><item title="EVM" value="-21,8118" result="PASS"></item><item title="FREQERR" value="-2,77819" result="PASS"></item><item title="SYMCLOCKERR" value="-2,40685" result="PASS"></item><item title="POWER" value="20,7479" result="PASS"></item><item title="LOLEAKAGE" value="-43,5987" result="PASS"></item><item title="SPECTRUMMASK" value="12,4354" result="PASS"></item><item title="SPECTRUMMARGIN" value="12,4354" result="PASS"></item></Record><Criteria><item title="Modulation" value="MCS0NSS1"></item><item title="Bandwidth" value="80"></item><item title="Antenna" value="2"></item><item title="Channel" value="149"></item><item title="RfIcTemperature" value="60"></item><item title="CpuTemperature" value="62"></item><item title="ExpectedPower" value="22"></item><item title="EVM" Max="-5" Min="-100"></item><item title="FREQERR" Max="15" Min="-15"></item><item title="SYMCLOCKERR" Max="20" Min="-100"></item><item title="POWER" Max="23,5" Min="20,5" Avg="22"></item><item title="LOLEAKAGE" Max="-17" Min="-100"></item><item title="SPECTRUMMASK" Max="100" Min="0"></item><item title="SPECTRUMMARGIN" Max="1000" Min="0"></item></Criteria><Record><item title="Modulation" value="MCS0NSS1"></item><item title="Bandwidth" value="80"></item><item title="Channel" value="149"></item><item title="Antenna" value="2"></item><item title="ExpectedPower" value="22"></item><item title="Power" value="22"></item><item title="TestType" value="Tx"></item><item title="EVM" value="-21,3435" result="PASS"></item><item title="FREQERR" value="-2,77719" result="PASS"></item><item title="SYMCLOCKERR" value="-2,34369" result="PASS"></item><item title="POWER" value="21,6333" result="PASS"></item><item title="LOLEAKAGE" value="-46,428" result="PASS"></item><item title="SPECTRUMMASK" value="9,66541" result="PASS"></item><item title="SPECTRUMMARGIN" value="9,66541" result="PASS"></item></Record><Criteria><item title="Modulation" value="MCS0NSS1"></item><item title="Bandwidth" value="80"></item><item title="Antenna" value="2"></item><item title="Channel" value="149"></item><item title="RfIcTemperature" value="60"></item><item title="CpuTemperature" value="62"></item><item title="ExpectedPower" value="23"></item><item title="EVM" Max="-5" Min="-100"></item><item title="FREQERR" Max="15" Min="-15"></item><item title="SYMCLOCKERR" Max="20" Min="-100"></item><item title="POWER" Max="24,5" Min="21,5" Avg="23"></item><item title="LOLEAKAGE" Max="-17" Min="-100"></item><item title="SPECTRUMMASK" Max="100" Min="0"></item><item title="SPECTRUMMARGIN" Max="1000" Min="0"></item></Criteria><Record><item title="Modulation" value="MCS0NSS1"></item><item title="Bandwidth" value="80"></item><item title="Channel" value="149"></item><item title="Antenna" value="2"></item><item title="ExpectedPower" value="23"></item><item title="Power" value="23"></item><item title="TestType" value="Tx"></item><item title="EVM" value="-20,469" result="PASS"></item><item title="FREQERR" value="-2,7842" result="PASS"></item><item title="SYMCLOCKERR" value="-2,60694" result="PASS"></item><item title="POWER" value="22,7093" result="PASS"></item><item title="LOLEAKAGE" value="-68,2955" result="PASS"></item><item title="SPECTRUMMASK" value="6,07661" result="PASS"></item><item title="SPECTRUMMARGIN" value="6,07661" result="PASS"></item></Record><Criteria><item title="Modulation" value="MCS0NSS1"></item><item title="Bandwidth" value="80"></item><item title="Antenna" value="2"></item><item title="Channel" value="149"></item><item title="RfIcTemperature" value="60"></item><item title="CpuTemperature" value="62"></item><item title="ExpectedPower" value="24"></item><item title="EVM" Max="-5" Min="-100"></item><item title="FREQERR" Max="15" Min="-15"></item><item title="SYMCLOCKERR" Max="20" Min="-100"></item><item title="POWER" Max="25,5" Min="22,5" Avg="24"></item><item title="LOLEAKAGE" Max="-17" Min="-100"></item><item title="SPECTRUMMASK" Max="100" Min="0"></item><item title="SPECTRUMMARGIN" Max="1000" Min="0"></item></Criteria><Record><item title="Modulation" value="MCS0NSS1"></item><item title="Bandwidth" value="80"></item><item title="Channel" value="149"></item><item title="Antenna" value="2"></item><item title="ExpectedPower" value="24"></item><item title="Power" value="24"></item><item title="TestType" value="Tx"></item><item title="EVM" value="-18,6742" result="PASS"></item><item title="FREQERR" value="-2,78983" result="PASS"></item><item title="SYMCLOCKERR" value="-2,53562" result="PASS"></item><item title="POWER" value="23,7491" result="PASS"></item><item title="LOLEAKAGE" value="-51,6578" result="PASS"></item><item title="SPECTRUMMASK" value="3,26123" result="PASS"></item><item title="SPECTRUMMARGIN" value="3,26123" result="PASS"></item></Record><Criteria><item title="Modulation" value="MCS0NSS1"></item><item title="Bandwidth" value="80"></item><item title="Antenna" value="2"></item><item title="Channel" value="149"></item><item title="RfIcTemperature" value="60"></item><item title="CpuTemperature" value="62"></item><item title="ExpectedPower" value="25"></item><item title="EVM" Max="-5" Min="-100"></item><item title="FREQERR" Max="15" Min="-15"></item><item title="SYMCLOCKERR" Max="20" Min="-100"></item><item title="POWER" Max="26,5" Min="23,5" Avg="25"></item><item title="LOLEAKAGE" Max="-17" Min="-100"></item><item title="SPECTRUMMASK" Max="100" Min="0"></item><item title="SPECTRUMMARGIN" Max="1000" Min="0"></item></Criteria><Record><item title="Modulation" value="MCS0NSS1"></item><item title="Bandwidth" value="80"></item><item title="Channel" value="149"></item><item title="Antenna" value="2"></item><item title="ExpectedPower" value="25"></item><item title="Power" value="25"></item><item title="TestType" value="Tx"></item><item title="EVM" value="-16,5951" result="PASS"></item><item title="FREQERR" value="-2,77685" result="PASS"></item><item title="SYMCLOCKERR" value="-1,96145" result="PASS"></item><item title="POWER" value="24,7132" result="PASS"></item><item title="LOLEAKAGE" value="-45,4456" result="PASS"></item><item title="SPECTRUMMASK" value="0,482258" result="PASS"></item><item title="SPECTRUMMARGIN" value="0,482258" result="PASS"></item></Record><Criteria><item title="Modulation" value="MCS0NSS1"></item><item title="Bandwidth" value="80"></item><item title="Antenna" value="3"></item><item title="Channel" value="149"></item><item title="RfIcTemperature" value="60"></item><item title="CpuTemperature" value="62"></item><item title="ExpectedPower" value="10"></item><item title="EVM" Max="-5" Min="-100"></item><item title="FREQERR" Max="15" Min="-15"></item><item title="SYMCLOCKERR" Max="20" Min="-100"></item><item title="POWER" Max="11,5" Min="8,5" Avg="10"></item><item title="LOLEAKAGE" Max="-17" Min="-100"></item><item title="SPECTRUMMASK" Max="100" Min="0"></item><item title="SPECTRUMMARGIN" Max="1000" Min="0"></item></Criteria><Record><item title="Modulation" value="MCS0NSS1"></item><item title="Bandwidth" value="80"></item><item title="Channel" value="149"></item><item title="Antenna" value="3"></item><item title="ExpectedPower" value="10"></item><item title="Power" value="10"></item><item title="TestType" value="Tx"></item><item title="EVM" value="-22,8818" result="PASS"></item><item title="FREQERR" value="-2,7744" result="PASS"></item><item title="SYMCLOCKERR" value="-3,16269" result="PASS"></item><item title="POWER" value="9,43249" result="PASS"></item><item title="LOLEAKAGE" value="-29,5761" result="PASS"></item><item title="SPECTRUMMASK" value="15,653" result="PASS"></item><item title="SPECTRUMMARGIN" value="15,653" result="PASS"></item></Record><Criteria><item title="Modulation" value="MCS0NSS1"></item><item title="Bandwidth" value="80"></item><item title="Antenna" value="3"></item><item title="Channel" value="149"></item><item title="RfIcTemperature" value="60"></item><item title="CpuTemperature" value="62"></item><item title="ExpectedPower" value="11"></item><item title="EVM" Max="-5" Min="-100"></item><item title="FREQERR" Max="15" Min="-15"></item><item title="SYMCLOCKERR" Max="20" Min="-100"></item><item title="POWER" Max="12,5" Min="9,5" Avg="11"></item><item title="LOLEAKAGE" Max="-17" Min="-100"></item><item title="SPECTRUMMASK" Max="100" Min="0"></item><item title="SPECTRUMMARGIN" Max="1000" Min="0"></item></Criteria><Record><item title="Modulation" value="MCS0NSS1"></item><item title="Bandwidth" value="80"></item><item title="Channel" value="149"></item><item title="Antenna" value="3"></item><item title="ExpectedPower" value="11"></item><item title="Power" value="11"></item><item title="TestType" value="Tx"></item><item title="EVM" value="-21,9289" result="PASS"></item><item title="FREQERR" value="-2,77901" result="PASS"></item><item title="SYMCLOCKERR" value="-3,04962" result="PASS"></item><item title="POWER" value="10,6095" result="PASS"></item><item title="LOLEAKAGE" value="-29,5011" result="PASS"></item><item title="SPECTRUMMASK" value="13,6397" result="PASS"></item><item title="SPECTRUMMARGIN" value="13,6397" result="PASS"></item></Record><Criteria><item title="Modulation" value="MCS0NSS1"></item><item title="Bandwidth" value="80"></item><item title="Antenna" value="3"></item><item title="Channel" value="149"></item><item title="RfIcTemperature" value="60"></item><item title="CpuTemperature" value="62"></item><item title="ExpectedPower" value="12"></item><item title="EVM" Max="-5" Min="-100"></item><item title="FREQERR" Max="15" Min="-15"></item><item title="SYMCLOCKERR" Max="20" Min="-100"></item><item title="POWER" Max="13,5" Min="10,5" Avg="12"></item><item title="LOLEAKAGE" Max="-17" Min="-100"></item><item title="SPECTRUMMASK" Max="100" Min="0"></item><item title="SPECTRUMMARGIN" Max="1000" Min="0"></item></Criteria><Record><item title="Modulation" value="MCS0NSS1"></item><item title="Bandwidth" value="80"></item><item title="Channel" value="149"></item><item title="Antenna" value="3"></item><item title="ExpectedPower" value="12"></item><item title="Power" value="12"></item><item title="TestType" value="Tx"></item><item title="EVM" value="-22,2223" result="PASS"></item><item title="FREQERR" value="-2,7816" result="PASS"></item><item title="SYMCLOCKERR" value="-3,3608" result="PASS"></item><item title="POWER" value="11,4771" result="PASS"></item><item title="LOLEAKAGE" value="-30,4585" result="PASS"></item><item title="SPECTRUMMASK" value="15,9437" result="PASS"></item><item title="SPECTRUMMARGIN" value="15,9437" result="PASS"></item></Record><Criteria><item title="Modulation" value="MCS0NSS1"></item><item title="Bandwidth" value="80"></item><item title="Antenna" value="3"></item><item title="Channel" value="149"></item><item title="RfIcTemperature" value="60"></item><item title="CpuTemperature" value="62"></item><item title="ExpectedPower" value="13"></item><item title="EVM" Max="-5" Min="-100"></item><item title="FREQERR" Max="15" Min="-15"></item><item title="SYMCLOCKERR" Max="20" Min="-100"></item><item title="POWER" Max="14,5" Min="11,5" Avg="13"></item><item title="LOLEAKAGE" Max="-17" Min="-100"></item><item title="SPECTRUMMASK" Max="100" Min="0"></item><item title="SPECTRUMMARGIN" Max="1000" Min="0"></item></Criteria><Record><item title="Modulation" value="MCS0NSS1"></item><item title="Bandwidth" value="80"></item><item title="Channel" value="149"></item><item title="Antenna" value="3"></item><item title="ExpectedPower" value="13"></item><item title="Power" value="13"></item><item title="TestType" value="Tx"></item><item title="EVM" value="-22,0178" result="PASS"></item><item title="FREQERR" value="-2,77942" result="PASS"></item><item title="SYMCLOCKERR" value="-2,5194" result="PASS"></item><item title="POWER" value="12,7795" result="PASS"></item><item title="LOLEAKAGE" value="-29,9855" result="PASS"></item><item title="SPECTRUMMASK" value="14,9219" result="PASS"></item><item title="SPECTRUMMARGIN" value="14,9219" result="PASS"></item></Record><Criteria><item title="Modulation" value="MCS0NSS1"></item><item title="Bandwidth" value="80"></item><item title="Antenna" value="3"></item><item title="Channel" value="149"></item><item title="RfIcTemperature" value="60"></item><item title="CpuTemperature" value="62"></item><item title="ExpectedPower" value="14"></item><item title="EVM" Max="-5" Min="-100"></item><item title="FREQERR" Max="15" Min="-15"></item><item title="SYMCLOCKERR" Max="20" Min="-100"></item><item title="POWER" Max="15,5" Min="12,5" Avg="14"></item><item title="LOLEAKAGE" Max="-17" Min="-100"></item><item title="SPECTRUMMASK" Max="100" Min="0"></item><item title="SPECTRUMMARGIN" Max="1000" Min="0"></item></Criteria><Record><item title="Modulation" value="MCS0NSS1"></item><item title="Bandwidth" value="80"></item><item title="Channel" value="149"></item><item title="Antenna" value="3"></item><item title="ExpectedPower" value="14"></item><item title="Power" value="14"></item><item title="TestType" value="Tx"></item><item title="EVM" value="-22,5023" result="PASS"></item><item title="FREQERR" value="-2,78157" result="PASS"></item><item title="SYMCLOCKERR" value="-2,83535" result="PASS"></item><item title="POWER" value="13,8844" result="PASS"></item><item title="LOLEAKAGE" value="-30,6592" result="PASS"></item><item title="SPECTRUMMASK" value="13,5107" result="PASS"></item><item title="SPECTRUMMARGIN" value="13,5107" result="PASS"></item></Record><Criteria><item title="Modulation" value="MCS0NSS1"></item><item title="Bandwidth" value="80"></item><item title="Antenna" value="3"></item><item title="Channel" value="149"></item><item title="RfIcTemperature" value="60"></item><item title="CpuTemperature" value="62"></item><item title="ExpectedPower" value="15"></item><item title="EVM" Max="-5" Min="-100"></item><item title="FREQERR" Max="15" Min="-15"></item><item title="SYMCLOCKERR" Max="20" Min="-100"></item><item title="POWER" Max="16,5" Min="13,5" Avg="15"></item><item title="LOLEAKAGE" Max="-17" Min="-100"></item><item title="SPECTRUMMASK" Max="100" Min="0"></item><item title="SPECTRUMMARGIN" Max="1000" Min="0"></item></Criteria><Record><item title="Modulation" value="MCS0NSS1"></item><item title="Bandwidth" value="80"></item><item title="Channel" value="149"></item><item title="Antenna" value="3"></item><item title="ExpectedPower" value="15"></item><item title="Power" value="15"></item><item title="TestType" value="Tx"></item><item title="EVM" value="-22,0376" result="PASS"></item><item title="FREQERR" value="-2,77505" result="PASS"></item><item title="SYMCLOCKERR" value="-2,66529" result="PASS"></item><item title="POWER" value="14,8713" result="PASS"></item><item title="LOLEAKAGE" value="-31,4454" result="PASS"></item><item title="SPECTRUMMASK" value="14,9657" result="PASS"></item><item title="SPECTRUMMARGIN" value="14,9657" result="PASS"></item></Record><Criteria><item title="Modulation" value="MCS0NSS1"></item><item title="Bandwidth" value="80"></item><item title="Antenna" value="3"></item><item title="Channel" value="149"></item><item title="RfIcTemperature" value="60"></item><item title="CpuTemperature" value="62"></item><item title="ExpectedPower" value="16"></item><item title="EVM" Max="-5" Min="-100"></item><item title="FREQERR" Max="15" Min="-15"></item><item title="SYMCLOCKERR" Max="20" Min="-100"></item><item title="POWER" Max="17,5" Min="14,5" Avg="16"></item><item title="LOLEAKAGE" Max="-17" Min="-100"></item><item title="SPECTRUMMASK" Max="100" Min="0"></item><item title="SPECTRUMMARGIN" Max="1000" Min="0"></item></Criteria><Record><item title="Modulation" value="MCS0NSS1"></item><item title="Bandwidth" value="80"></item><item title="Channel" value="149"></item><item title="Antenna" value="3"></item><item title="ExpectedPower" value="16"></item><item title="Power" value="16"></item><item title="TestType" value="Tx"></item><item title="EVM" value="-22,6283" result="PASS"></item><item title="FREQERR" value="-2,77474" result="PASS"></item><item title="SYMCLOCKERR" value="-2,62856" result="PASS"></item><item title="POWER" value="16,007" result="PASS"></item><item title="LOLEAKAGE" value="-31,4131" result="PASS"></item><item title="SPECTRUMMASK" value="15,4508" result="PASS"></item><item title="SPECTRUMMARGIN" value="15,4508" result="PASS"></item></Record><Criteria><item title="Modulation" value="MCS0NSS1"></item><item title="Bandwidth" value="80"></item><item title="Antenna" value="3"></item><item title="Channel" value="149"></item><item title="RfIcTemperature" value="60"></item><item title="CpuTemperature" value="62"></item><item title="ExpectedPower" value="17"></item><item title="EVM" Max="-5" Min="-100"></item><item title="FREQERR" Max="15" Min="-15"></item><item title="SYMCLOCKERR" Max="20" Min="-100"></item><item title="POWER" Max="18,5" Min="15,5" Avg="17"></item><item title="LOLEAKAGE" Max="-17" Min="-100"></item><item title="SPECTRUMMASK" Max="100" Min="0"></item><item title="SPECTRUMMARGIN" Max="1000" Min="0"></item></Criteria><Record><item title="Modulation" value="MCS0NSS1"></item><item title="Bandwidth" value="80"></item><item title="Channel" value="149"></item><item title="Antenna" value="3"></item><item title="ExpectedPower" value="17"></item><item title="Power" value="17"></item><item title="TestType" value="Tx"></item><item title="EVM" value="-22,9114" result="PASS"></item><item title="FREQERR" value="-2,77772" result="PASS"></item><item title="SYMCLOCKERR" value="-3,05309" result="PASS"></item><item title="POWER" value="17,0764" result="PASS"></item><item title="LOLEAKAGE" value="-34,9295" result="PASS"></item><item title="SPECTRUMMASK" value="15,4357" result="PASS"></item><item title="SPECTRUMMARGIN" value="15,4357" result="PASS"></item></Record><Criteria><item title="Modulation" value="MCS0NSS1"></item><item title="Bandwidth" value="80"></item><item title="Antenna" value="3"></item><item title="Channel" value="149"></item><item title="RfIcTemperature" value="60"></item><item title="CpuTemperature" value="62"></item><item title="ExpectedPower" value="18"></item><item title="EVM" Max="-5" Min="-100"></item><item title="FREQERR" Max="15" Min="-15"></item><item title="SYMCLOCKERR" Max="20" Min="-100"></item><item title="POWER" Max="19,5" Min="16,5" Avg="18"></item><item title="LOLEAKAGE" Max="-17" Min="-100"></item><item title="SPECTRUMMASK" Max="100" Min="0"></item><item title="SPECTRUMMARGIN" Max="1000" Min="0"></item></Criteria><Record><item title="Modulation" value="MCS0NSS1"></item><item title="Bandwidth" value="80"></item><item title="Channel" value="149"></item><item title="Antenna" value="3"></item><item title="ExpectedPower" value="18"></item><item title="Power" value="18"></item><item title="TestType" value="Tx"></item><item title="EVM" value="-22,1068" result="PASS"></item><item title="FREQERR" value="-2,7775" result="PASS"></item><item title="SYMCLOCKERR" value="-2,0546" result="PASS"></item><item title="POWER" value="17,9202" result="PASS"></item><item title="LOLEAKAGE" value="-36,3631" result="PASS"></item><item title="SPECTRUMMASK" value="14,7462" result="PASS"></item><item title="SPECTRUMMARGIN" value="14,7462" result="PASS"></item></Record><Criteria><item title="Modulation" value="MCS0NSS1"></item><item title="Bandwidth" value="80"></item><item title="Antenna" value="3"></item><item title="Channel" value="149"></item><item title="RfIcTemperature" value="60"></item><item title="CpuTemperature" value="62"></item><item title="ExpectedPower" value="19"></item><item title="EVM" Max="-5" Min="-100"></item><item title="FREQERR" Max="15" Min="-15"></item><item title="SYMCLOCKERR" Max="20" Min="-100"></item><item title="POWER" Max="20,5" Min="17,5" Avg="19"></item><item title="LOLEAKAGE" Max="-17" Min="-100"></item><item title="SPECTRUMMASK" Max="100" Min="0"></item><item title="SPECTRUMMARGIN" Max="1000" Min="0"></item></Criteria><Record><item title="Modulation" value="MCS0NSS1"></item><item title="Bandwidth" value="80"></item><item title="Channel" value="149"></item><item title="Antenna" value="3"></item><item title="ExpectedPower" value="19"></item><item title="Power" value="19"></item><item title="TestType" value="Tx"></item><item title="EVM" value="-21,4259" result="PASS"></item><item title="FREQERR" value="-2,78108" result="PASS"></item><item title="SYMCLOCKERR" value="-3,39936" result="PASS"></item><item title="POWER" value="19,4638" result="PASS"></item><item title="LOLEAKAGE" value="-43,7092" result="PASS"></item><item title="SPECTRUMMASK" value="12,2162" result="PASS"></item><item title="SPECTRUMMARGIN" value="12,2162" result="PASS"></item></Record><Criteria><item title="Modulation" value="MCS0NSS1"></item><item title="Bandwidth" value="80"></item><item title="Antenna" value="3"></item><item title="Channel" value="149"></item><item title="RfIcTemperature" value="60"></item><item title="CpuTemperature" value="62"></item><item title="ExpectedPower" value="20"></item><item title="EVM" Max="-5" Min="-100"></item><item title="FREQERR" Max="15" Min="-15"></item><item title="SYMCLOCKERR" Max="20" Min="-100"></item><item title="POWER" Max="21,5" Min="18,5" Avg="20"></item><item title="LOLEAKAGE" Max="-17" Min="-100"></item><item title="SPECTRUMMASK" Max="100" Min="0"></item><item title="SPECTRUMMARGIN" Max="1000" Min="0"></item></Criteria><Record><item title="Modulation" value="MCS0NSS1"></item><item title="Bandwidth" value="80"></item><item title="Channel" value="149"></item><item title="Antenna" value="3"></item><item title="ExpectedPower" value="20"></item><item title="Power" value="20"></item><item title="TestType" value="Tx"></item><item title="EVM" value="-21,7838" result="PASS"></item><item title="FREQERR" value="-2,77699" result="PASS"></item><item title="SYMCLOCKERR" value="-3,03241" result="PASS"></item><item title="POWER" value="19,8815" result="PASS"></item><item title="LOLEAKAGE" value="-44,2695" result="PASS"></item><item title="SPECTRUMMASK" value="12,122" result="PASS"></item><item title="SPECTRUMMARGIN" value="12,122" result="PASS"></item></Record><Criteria><item title="Modulation" value="MCS0NSS1"></item><item title="Bandwidth" value="80"></item><item title="Antenna" value="3"></item><item title="Channel" value="149"></item><item title="RfIcTemperature" value="60"></item><item title="CpuTemperature" value="62"></item><item title="ExpectedPower" value="21"></item><item title="EVM" Max="-5" Min="-100"></item><item title="FREQERR" Max="15" Min="-15"></item><item title="SYMCLOCKERR" Max="20" Min="-100"></item><item title="POWER" Max="22,5" Min="19,5" Avg="21"></item><item title="LOLEAKAGE" Max="-17" Min="-100"></item><item title="SPECTRUMMASK" Max="100" Min="0"></item><item title="SPECTRUMMARGIN" Max="1000" Min="0"></item></Criteria><Record><item title="Modulation" value="MCS0NSS1"></item><item title="Bandwidth" value="80"></item><item title="Channel" value="149"></item><item title="Antenna" value="3"></item><item title="ExpectedPower" value="21"></item><item title="Power" value="21"></item><item title="TestType" value="Tx"></item><item title="EVM" value="-21,5635" result="PASS"></item><item title="FREQERR" value="-2,77752" result="PASS"></item><item title="SYMCLOCKERR" value="-3,14928" result="PASS"></item><item title="POWER" value="21,2474" result="PASS"></item><item title="LOLEAKAGE" value="-57,6317" result="PASS"></item><item title="SPECTRUMMASK" value="8,67329" result="PASS"></item><item title="SPECTRUMMARGIN" value="8,67329" result="PASS"></item></Record><Criteria><item title="Modulation" value="MCS0NSS1"></item><item title="Bandwidth" value="80"></item><item title="Antenna" value="3"></item><item title="Channel" value="149"></item><item title="RfIcTemperature" value="60"></item><item title="CpuTemperature" value="62"></item><item title="ExpectedPower" value="22"></item><item title="EVM" Max="-5" Min="-100"></item><item title="FREQERR" Max="15" Min="-15"></item><item title="SYMCLOCKERR" Max="20" Min="-100"></item><item title="POWER" Max="23,5" Min="20,5" Avg="22"></item><item title="LOLEAKAGE" Max="-17" Min="-100"></item><item title="SPECTRUMMASK" Max="100" Min="0"></item><item title="SPECTRUMMARGIN" Max="1000" Min="0"></item></Criteria><Record><item title="Modulation" value="MCS0NSS1"></item><item title="Bandwidth" value="80"></item><item title="Channel" value="149"></item><item title="Antenna" value="3"></item><item title="ExpectedPower" value="22"></item><item title="Power" value="22"></item><item title="TestType" value="Tx"></item><item title="EVM" value="-19,8821" result="PASS"></item><item title="FREQERR" value="-2,77315" result="PASS"></item><item title="SYMCLOCKERR" value="-2,46694" result="PASS"></item><item title="POWER" value="22,1978" result="PASS"></item><item title="LOLEAKAGE" value="-60,2234" result="PASS"></item><item title="SPECTRUMMASK" value="5,49839" result="PASS"></item><item title="SPECTRUMMARGIN" value="5,49839" result="PASS"></item></Record><Criteria><item title="Modulation" value="MCS0NSS1"></item><item title="Bandwidth" value="80"></item><item title="Antenna" value="3"></item><item title="Channel" value="149"></item><item title="RfIcTemperature" value="60"></item><item title="CpuTemperature" value="62"></item><item title="ExpectedPower" value="23"></item><item title="EVM" Max="-5" Min="-100"></item><item title="FREQERR" Max="15" Min="-15"></item><item title="SYMCLOCKERR" Max="20" Min="-100"></item><item title="POWER" Max="24,5" Min="21,5" Avg="23"></item><item title="LOLEAKAGE" Max="-17" Min="-100"></item><item title="SPECTRUMMASK" Max="100" Min="0"></item><item title="SPECTRUMMARGIN" Max="1000" Min="0"></item></Criteria><Record><item title="Modulation" value="MCS0NSS1"></item><item title="Bandwidth" value="80"></item><item title="Channel" value="149"></item><item title="Antenna" value="3"></item><item title="ExpectedPower" value="23"></item><item title="Power" value="23"></item><item title="TestType" value="Tx"></item><item title="EVM" value="-18,9809" result="PASS"></item><item title="FREQERR" value="-2,77986" result="PASS"></item><item title="SYMCLOCKERR" value="-2,43397" result="PASS"></item><item title="POWER" value="22,9792" result="PASS"></item><item title="LOLEAKAGE" value="-44,6558" result="PASS"></item><item title="SPECTRUMMASK" value="2,83423" result="PASS"></item><item title="SPECTRUMMARGIN" value="2,83423" result="PASS"></item></Record><Criteria><item title="Modulation" value="MCS0NSS1"></item><item title="Bandwidth" value="80"></item><item title="Antenna" value="3"></item><item title="Channel" value="149"></item><item title="RfIcTemperature" value="60"></item><item title="CpuTemperature" value="62"></item><item title="ExpectedPower" value="24"></item><item title="EVM" Max="-5" Min="-100"></item><item title="FREQERR" Max="15" Min="-15"></item><item title="SYMCLOCKERR" Max="20" Min="-100"></item><item title="POWER" Max="25,5" Min="22,5" Avg="24"></item><item title="LOLEAKAGE" Max="-17" Min="-100"></item><item title="SPECTRUMMASK" Max="100" Min="0"></item><item title="SPECTRUMMARGIN" Max="1000" Min="0"></item></Criteria><Record><item title="Modulation" value="MCS0NSS1"></item><item title="Bandwidth" value="80"></item><item title="Channel" value="149"></item><item title="Antenna" value="3"></item><item title="ExpectedPower" value="24"></item><item title="Power" value="24"></item><item title="TestType" value="Tx"></item><item title="EVM" value="-16,5571" result="PASS"></item><item title="FREQERR" value="-2,78276" result="PASS"></item><item title="SYMCLOCKERR" value="-3,67205" result="PASS"></item><item title="POWER" value="23,7754" result="PASS"></item><item title="LOLEAKAGE" value="-39,5967" result="PASS"></item><item title="SPECTRUMMASK" value="0,173199" result="PASS"></item><item title="SPECTRUMMARGIN" value="0,173199" result="PASS"></item></Record><Criteria><item title="Modulation" value="MCS0NSS1"></item><item title="Bandwidth" value="80"></item><item title="Antenna" value="3"></item><item title="Channel" value="149"></item><item title="RfIcTemperature" value="60"></item><item title="CpuTemperature" value="62"></item><item title="ExpectedPower" value="25"></item><item title="EVM" Max="-5" Min="-100"></item><item title="FREQERR" Max="15" Min="-15"></item><item title="SYMCLOCKERR" Max="20" Min="-100"></item><item title="POWER" Max="26,5" Min="23,5" Avg="25"></item><item title="LOLEAKAGE" Max="-17" Min="-100"></item><item title="SPECTRUMMASK" Max="100" Min="0"></item><item title="SPECTRUMMARGIN" Max="1000" Min="0"></item></Criteria><Record><item title="Modulation" value="MCS0NSS1"></item><item title="Bandwidth" value="80"></item><item title="Channel" value="149"></item><item title="Antenna" value="3"></item><item title="ExpectedPower" value="25"></item><item title="Power" value="25"></item><item title="TestType" value="Tx"></item><item title="EVM" value="-14,26" result="PASS"></item><item title="FREQERR" value="-2,7829" result="PASS"></item><item title="SYMCLOCKERR" value="-4,46489" result="PASS"></item><item title="POWER" value="24,6977" result="PASS"></item><item title="LOLEAKAGE" value="-37,7542" result="PASS"></item><item title="SPECTRUMMASK" value="-1,82997" result="FAIL"></item><item title="SPECTRUMMARGIN" value="-1,82997" result="FAIL"></item></Record><Criteria><item title="Modulation" value="MCS9NSS1"></item><item title="Bandwidth" value="80"></item><item title="Antenna" value="0"></item><item title="Channel" value="36"></item><item title="RfIcTemperature" value="60"></item><item title="CpuTemperature" value="62"></item><item title="ExpectedPower" value="10"></item><item title="EVM" Max="-32" Min="-100"></item><item title="FREQERR" Max="15" Min="-15"></item><item title="SYMCLOCKERR" Max="20" Min="-100"></item><item title="POWER" Max="11,5" Min="8,5" Avg="10"></item><item title="LOLEAKAGE" Max="-17" Min="-100"></item><item title="SPECTRUMMASK" Max="100" Min="0"></item><item title="SPECTRUMMARGIN" Max="1000" Min="0"></item></Criteria><Record><item title="Modulation" value="MCS9NSS1"></item><item title="Bandwidth" value="80"></item><item title="Channel" value="36"></item><item title="Antenna" value="0"></item><item title="ExpectedPower" value="10"></item><item title="Power" value="10"></item><item title="TestType" value="Tx"></item><item title="EVM" value="-39,2738" result="PASS"></item><item title="FREQERR" value="0,643991" result="PASS"></item><item title="SYMCLOCKERR" value="0,455057" result="PASS"></item><item title="POWER" value="7,38328" result="FAIL"></item><item title="LOLEAKAGE" value="-35,3645" result="PASS"></item><item title="SPECTRUMMASK" value="19,2024" result="PASS"></item><item title="SPECTRUMMARGIN" value="19,2024" result="PASS"></item></Record><Criteria><item title="Modulation" value="MCS9NSS1"></item><item title="Bandwidth" value="80"></item><item title="Antenna" value="0"></item><item title="Channel" value="36"></item><item title="RfIcTemperature" value="60"></item><item title="CpuTemperature" value="62"></item><item title="ExpectedPower" value="11"></item><item title="EVM" Max="-32" Min="-100"></item><item title="FREQERR" Max="15" Min="-15"></item><item title="SYMCLOCKERR" Max="20" Min="-100"></item><item title="POWER" Max="12,5" Min="9,5" Avg="11"></item><item title="LOLEAKAGE" Max="-17" Min="-100"></item><item title="SPECTRUMMASK" Max="100" Min="0"></item><item title="SPECTRUMMARGIN" Max="1000" Min="0"></item></Criteria><Record><item title="Modulation" value="MCS9NSS1"></item><item title="Bandwidth" value="80"></item><item title="Channel" value="36"></item><item title="Antenna" value="0"></item><item title="ExpectedPower" value="11"></item><item title="Power" value="11"></item><item title="TestType" value="Tx"></item><item title="EVM" value="-38,1637" result="PASS"></item><item title="FREQERR" value="0,633406" result="PASS"></item><item title="SYMCLOCKERR" value="0,835627" result="PASS"></item><item title="POWER" value="8,20924" result="FAIL"></item><item title="LOLEAKAGE" value="-36,2242" result="PASS"></item><item title="SPECTRUMMASK" value="17,6481" result="PASS"></item><item title="SPECTRUMMARGIN" value="17,6481" result="PASS"></item></Record><Criteria><item title="Modulation" value="MCS9NSS1"></item><item title="Bandwidth" value="80"></item><item title="Antenna" value="0"></item><item title="Channel" value="36"></item><item title="RfIcTemperature" value="60"></item><item title="CpuTemperature" value="62"></item><item title="ExpectedPower" value="12"></item><item title="EVM" Max="-32" Min="-100"></item><item title="FREQERR" Max="15" Min="-15"></item><item title="SYMCLOCKERR" Max="20" Min="-100"></item><item title="POWER" Max="13,5" Min="10,5" Avg="12"></item><item title="LOLEAKAGE" Max="-17" Min="-100"></item><item title="SPECTRUMMASK" Max="100" Min="0"></item><item title="SPECTRUMMARGIN" Max="1000" Min="0"></item></Criteria><Record><item title="Modulation" value="MCS9NSS1"></item><item title="Bandwidth" value="80"></item><item title="Channel" value="36"></item><item title="Antenna" value="0"></item><item title="ExpectedPower" value="12"></item><item title="Power" value="12"></item><item title="TestType" value="Tx"></item><item title="EVM" value="-38,1599" result="PASS"></item><item title="FREQERR" value="0,649854" result="PASS"></item><item title="SYMCLOCKERR" value="1,23211" result="PASS"></item><item title="POWER" value="9,49596" result="FAIL"></item><item title="LOLEAKAGE" value="-40,2343" result="PASS"></item><item title="SPECTRUMMASK" value="17,3413" result="PASS"></item><item title="SPECTRUMMARGIN" value="17,3413" result="PASS"></item></Record><Criteria><item title="Modulation" value="MCS9NSS1"></item><item title="Bandwidth" value="80"></item><item title="Antenna" value="0"></item><item title="Channel" value="36"></item><item title="RfIcTemperature" value="60"></item><item title="CpuTemperature" value="62"></item><item title="ExpectedPower" value="13"></item><item title="EVM" Max="-32" Min="-100"></item><item title="FREQERR" Max="15" Min="-15"></item><item title="SYMCLOCKERR" Max="20" Min="-100"></item><item title="POWER" Max="14,5" Min="11,5" Avg="13"></item><item title="LOLEAKAGE" Max="-17" Min="-100"></item><item title="SPECTRUMMASK" Max="100" Min="0"></item><item title="SPECTRUMMARGIN" Max="1000" Min="0"></item></Criteria><Record><item title="Modulation" value="MCS9NSS1"></item><item title="Bandwidth" value="80"></item><item title="Channel" value="36"></item><item title="Antenna" value="0"></item><item title="ExpectedPower" value="13"></item><item title="Power" value="13"></item><item title="TestType" value="Tx"></item><item title="EVM" value="-37,7948" result="PASS"></item><item title="FREQERR" value="0,64214" result="PASS"></item><item title="SYMCLOCKERR" value="1,29841" result="PASS"></item><item title="POWER" value="10,3602" result="FAIL"></item><item title="LOLEAKAGE" value="-46,1505" result="PASS"></item><item title="SPECTRUMMASK" value="17,9168" result="PASS"></item><item title="SPECTRUMMARGIN" value="17,9168" result="PASS"></item></Record><Criteria><item title="Modulation" value="MCS9NSS1"></item><item title="Bandwidth" value="80"></item><item title="Antenna" value="0"></item><item title="Channel" value="36"></item><item title="RfIcTemperature" value="60"></item><item title="CpuTemperature" value="62"></item><item title="ExpectedPower" value="14"></item><item title="EVM" Max="-32" Min="-100"></item><item title="FREQERR" Max="15" Min="-15"></item><item title="SYMCLOCKERR" Max="20" Min="-100"></item><item title="POWER" Max="15,5" Min="12,5" Avg="14"></item><item title="LOLEAKAGE" Max="-17" Min="-100"></item><item title="SPECTRUMMASK" Max="100" Min="0"></item><item title="SPECTRUMMARGIN" Max="1000" Min="0"></item></Criteria><Record><item title="Modulation" value="MCS9NSS1"></item><item title="Bandwidth" value="80"></item><item title="Channel" value="36"></item><item title="Antenna" value="0"></item><item title="ExpectedPower" value="14"></item><item title="Power" value="14"></item><item title="TestType" value="Tx"></item><item title="EVM" value="-38,0912" result="PASS"></item><item title="FREQERR" value="0,636751" result="PASS"></item><item title="SYMCLOCKERR" value="0,795869" result="PASS"></item><item title="POWER" value="11,6585" result="FAIL"></item><item title="LOLEAKAGE" value="-48,1308" result="PASS"></item><item title="SPECTRUMMASK" value="16,9829" result="PASS"></item><item title="SPECTRUMMARGIN" value="16,9829" result="PASS"></item></Record><Criteria><item title="Modulation" value="MCS9NSS1"></item><item title="Bandwidth" value="80"></item><item title="Antenna" value="0"></item><item title="Channel" value="36"></item><item title="RfIcTemperature" value="60"></item><item title="CpuTemperature" value="62"></item><item title="ExpectedPower" value="15"></item><item title="EVM" Max="-32" Min="-100"></item><item title="FREQERR" Max="15" Min="-15"></item><item title="SYMCLOCKERR" Max="20" Min="-100"></item><item title="POWER" Max="16,5" Min="13,5" Avg="15"></item><item title="LOLEAKAGE" Max="-17" Min="-100"></item><item title="SPECTRUMMASK" Max="100" Min="0"></item><item title="SPECTRUMMARGIN" Max="1000" Min="0"></item></Criteria><Record><item title="Modulation" value="MCS9NSS1"></item><item title="Bandwidth" value="80"></item><item title="Channel" value="36"></item><item title="Antenna" value="0"></item><item title="ExpectedPower" value="15"></item><item title="Power" value="15"></item><item title="TestType" value="Tx"></item><item title="EVM" value="-36,7" result="PASS"></item><item title="FREQERR" value="0,649025" result="PASS"></item><item title="SYMCLOCKERR" value="1,2427" result="PASS"></item><item title="POWER" value="12,3904" result="FAIL"></item><item title="LOLEAKAGE" value="-44,1799" result="PASS"></item><item title="SPECTRUMMASK" value="17,547" result="PASS"></item><item title="SPECTRUMMARGIN" value="17,547" result="PASS"></item></Record><Criteria><item title="Modulation" value="MCS9NSS1"></item><item title="Bandwidth" value="80"></item><item title="Antenna" value="0"></item><item title="Channel" value="36"></item><item title="RfIcTemperature" value="60"></item><item title="CpuTemperature" value="62"></item><item title="ExpectedPower" value="16"></item><item title="EVM" Max="-32" Min="-100"></item><item title="FREQERR" Max="15" Min="-15"></item><item title="SYMCLOCKERR" Max="20" Min="-100"></item><item title="POWER" Max="17,5" Min="14,5" Avg="16"></item><item title="LOLEAKAGE" Max="-17" Min="-100"></item><item title="SPECTRUMMASK" Max="100" Min="0"></item><item title="SPECTRUMMARGIN" Max="1000" Min="0"></item></Criteria><Record><item title="Modulation" value="MCS9NSS1"></item><item title="Bandwidth" value="80"></item><item title="Channel" value="36"></item><item title="Antenna" value="0"></item><item title="ExpectedPower" value="16"></item><item title="Power" value="16"></item><item title="TestType" value="Tx"></item><item title="EVM" value="-36,8962" result="PASS"></item><item title="FREQERR" value="0,644628" result="PASS"></item><item title="SYMCLOCKERR" value="1,05518" result="PASS"></item><item title="POWER" value="13,3372" result="FAIL"></item><item title="LOLEAKAGE" value="-46,3361" result="PASS"></item><item title="SPECTRUMMASK" value="16,3836" result="PASS"></item><item title="SPECTRUMMARGIN" value="16,3836" result="PASS"></item></Record><Criteria><item title="Modulation" value="MCS9NSS1"></item><item title="Bandwidth" value="80"></item><item title="Antenna" value="0"></item><item title="Channel" value="36"></item><item title="RfIcTemperature" value="60"></item><item title="CpuTemperature" value="62"></item><item title="ExpectedPower" value="17"></item><item title="EVM" Max="-32" Min="-100"></item><item title="FREQERR" Max="15" Min="-15"></item><item title="SYMCLOCKERR" Max="20" Min="-100"></item><item title="POWER" Max="18,5" Min="15,5" Avg="17"></item><item title="LOLEAKAGE" Max="-17" Min="-100"></item><item title="SPECTRUMMASK" Max="100" Min="0"></item><item title="SPECTRUMMARGIN" Max="1000" Min="0"></item></Criteria><Record><item title="Modulation" value="MCS9NSS1"></item><item title="Bandwidth" value="80"></item><item title="Channel" value="36"></item><item title="Antenna" value="0"></item><item title="ExpectedPower" value="17"></item><item title="Power" value="17"></item><item title="TestType" value="Tx"></item><item title="EVM" value="-35,7529" result="PASS"></item><item title="FREQERR" value="0,635995" result="PASS"></item><item title="SYMCLOCKERR" value="1,00331" result="PASS"></item><item title="POWER" value="14,5199" result="FAIL"></item><item title="LOLEAKAGE" value="-55,2538" result="PASS"></item><item title="SPECTRUMMASK" value="16,8727" result="PASS"></item><item title="SPECTRUMMARGIN" value="16,8727" result="PASS"></item></Record><Criteria><item title="Modulation" value="MCS9NSS1"></item><item title="Bandwidth" value="80"></item><item title="Antenna" value="0"></item><item title="Channel" value="36"></item><item title="RfIcTemperature" value="60"></item><item title="CpuTemperature" value="62"></item><item title="ExpectedPower" value="18"></item><item title="EVM" Max="-32" Min="-100"></item><item title="FREQERR" Max="15" Min="-15"></item><item title="SYMCLOCKERR" Max="20" Min="-100"></item><item title="POWER" Max="19,5" Min="16,5" Avg="18"></item><item title="LOLEAKAGE" Max="-17" Min="-100"></item><item title="SPECTRUMMASK" Max="100" Min="0"></item><item title="SPECTRUMMARGIN" Max="1000" Min="0"></item></Criteria><Record><item title="Modulation" value="MCS9NSS1"></item><item title="Bandwidth" value="80"></item><item title="Channel" value="36"></item><item title="Antenna" value="0"></item><item title="ExpectedPower" value="18"></item><item title="Power" value="18"></item><item title="TestType" value="Tx"></item><item title="EVM" value="-35,7702" result="PASS"></item><item title="FREQERR" value="0,646612" result="PASS"></item><item title="SYMCLOCKERR" value="0,243282" result="PASS"></item><item title="POWER" value="15,6929" result="FAIL"></item><item title="LOLEAKAGE" value="-52,5171" result="PASS"></item><item title="SPECTRUMMASK" value="15,2733" result="PASS"></item><item title="SPECTRUMMARGIN" value="15,2733" result="PASS"></item></Record><Criteria><item title="Modulation" value="MCS9NSS1"></item><item title="Bandwidth" value="80"></item><item title="Antenna" value="0"></item><item title="Channel" value="36"></item><item title="RfIcTemperature" value="60"></item><item title="CpuTemperature" value="62"></item><item title="ExpectedPower" value="19"></item><item title="EVM" Max="-32" Min="-100"></item><item title="FREQERR" Max="15" Min="-15"></item><item title="SYMCLOCKERR" Max="20" Min="-100"></item><item title="POWER" Max="20,5" Min="17,5" Avg="19"></item><item title="LOLEAKAGE" Max="-17" Min="-100"></item><item title="SPECTRUMMASK" Max="100" Min="0"></item><item title="SPECTRUMMARGIN" Max="1000" Min="0"></item></Criteria><Record><item title="Modulation" value="MCS9NSS1"></item><item title="Bandwidth" value="80"></item><item title="Channel" value="36"></item><item title="Antenna" value="0"></item><item title="ExpectedPower" value="19"></item><item title="Power" value="19"></item><item title="TestType" value="Tx"></item><item title="EVM" value="-33,6026" result="PASS"></item><item title="FREQERR" value="0,644201" result="PASS"></item><item title="SYMCLOCKERR" value="0,384424" result="PASS"></item><item title="POWER" value="16,6389" result="FAIL"></item><item title="LOLEAKAGE" value="-59,8623" result="PASS"></item><item title="SPECTRUMMASK" value="17,8312" result="PASS"></item><item title="SPECTRUMMARGIN" value="17,8312" result="PASS"></item></Record><Criteria><item title="Modulation" value="MCS9NSS1"></item><item title="Bandwidth" value="80"></item><item title="Antenna" value="0"></item><item title="Channel" value="36"></item><item title="RfIcTemperature" value="60"></item><item title="CpuTemperature" value="62"></item><item title="ExpectedPower" value="20"></item><item title="EVM" Max="-32" Min="-100"></item><item title="FREQERR" Max="15" Min="-15"></item><item title="SYMCLOCKERR" Max="20" Min="-100"></item><item title="POWER" Max="21,5" Min="18,5" Avg="20"></item><item title="LOLEAKAGE" Max="-17" Min="-100"></item><item title="SPECTRUMMASK" Max="100" Min="0"></item><item title="SPECTRUMMARGIN" Max="1000" Min="0"></item></Criteria><Record><item title="Modulation" value="MCS9NSS1"></item><item title="Bandwidth" value="80"></item><item title="Channel" value="36"></item><item title="Antenna" value="0"></item><item title="ExpectedPower" value="20"></item><item title="Power" value="20"></item><item title="TestType" value="Tx"></item><item title="EVM" value="-32,7358" result="PASS"></item><item title="FREQERR" value="0,630511" result="PASS"></item><item title="SYMCLOCKERR" value="0,62503" result="PASS"></item><item title="POWER" value="17,6448" result="FAIL"></item><item title="LOLEAKAGE" value="-62,6886" result="PASS"></item><item title="SPECTRUMMASK" value="16,5728" result="PASS"></item><item title="SPECTRUMMARGIN" value="16,5728" result="PASS"></item></Record><Criteria><item title="Modulation" value="MCS9NSS1"></item><item title="Bandwidth" value="80"></item><item title="Antenna" value="0"></item><item title="Channel" value="36"></item><item title="RfIcTemperature" value="60"></item><item title="CpuTemperature" value="62"></item><item title="ExpectedPower" value="21"></item><item title="EVM" Max="-32" Min="-100"></item><item title="FREQERR" Max="15" Min="-15"></item><item title="SYMCLOCKERR" Max="20" Min="-100"></item><item title="POWER" Max="22,5" Min="19,5" Avg="21"></item><item title="LOLEAKAGE" Max="-17" Min="-100"></item><item title="SPECTRUMMASK" Max="100" Min="0"></item><item title="SPECTRUMMARGIN" Max="1000" Min="0"></item></Criteria><Record><item title="Modulation" value="MCS9NSS1"></item><item title="Bandwidth" value="80"></item><item title="Channel" value="36"></item><item title="Antenna" value="0"></item><item title="ExpectedPower" value="21"></item><item title="Power" value="21"></item><item title="TestType" value="Tx"></item><item title="EVM" value="-32,7087" result="PASS"></item><item title="FREQERR" value="0,627138" result="PASS"></item><item title="SYMCLOCKERR" value="0,422747" result="PASS"></item><item title="POWER" value="18,6012" result="FAIL"></item><item title="LOLEAKAGE" value="-46,129" result="PASS"></item><item title="SPECTRUMMASK" value="17,1602" result="PASS"></item><item title="SPECTRUMMARGIN" value="17,1602" result="PASS"></item></Record><Criteria><item title="Modulation" value="MCS9NSS1"></item><item title="Bandwidth" value="80"></item><item title="Antenna" value="0"></item><item title="Channel" value="36"></item><item title="RfIcTemperature" value="60"></item><item title="CpuTemperature" value="62"></item><item title="ExpectedPower" value="22"></item><item title="EVM" Max="-32" Min="-100"></item><item title="FREQERR" Max="15" Min="-15"></item><item title="SYMCLOCKERR" Max="20" Min="-100"></item><item title="POWER" Max="23,5" Min="20,5" Avg="22"></item><item title="LOLEAKAGE" Max="-17" Min="-100"></item><item title="SPECTRUMMASK" Max="100" Min="0"></item><item title="SPECTRUMMARGIN" Max="1000" Min="0"></item></Criteria><Record><item title="Modulation" value="MCS9NSS1"></item><item title="Bandwidth" value="80"></item><item title="Channel" value="36"></item><item title="Antenna" value="0"></item><item title="ExpectedPower" value="22"></item><item title="Power" value="22"></item><item title="TestType" value="Tx"></item><item title="EVM" value="-32,0787" result="PASS"></item><item title="FREQERR" value="0,648769" result="PASS"></item><item title="SYMCLOCKERR" value="3,12315" result="PASS"></item><item title="POWER" value="19,7854" result="FAIL"></item><item title="LOLEAKAGE" value="-44,4098" result="PASS"></item><item title="SPECTRUMMASK" value="15,8599" result="PASS"></item><item title="SPECTRUMMARGIN" value="15,8599" result="PASS"></item></Record><Criteria><item title="Modulation" value="MCS9NSS1"></item><item title="Bandwidth" value="80"></item><item title="Antenna" value="0"></item><item title="Channel" value="36"></item><item title="RfIcTemperature" value="60"></item><item title="CpuTemperature" value="62"></item><item title="ExpectedPower" value="23"></item><item title="EVM" Max="-32" Min="-100"></item><item title="FREQERR" Max="15" Min="-15"></item><item title="SYMCLOCKERR" Max="20" Min="-100"></item><item title="POWER" Max="24,5" Min="21,5" Avg="23"></item><item title="LOLEAKAGE" Max="-17" Min="-100"></item><item title="SPECTRUMMASK" Max="100" Min="0"></item><item title="SPECTRUMMARGIN" Max="1000" Min="0"></item></Criteria><Record><item title="Modulation" value="MCS9NSS1"></item><item title="Bandwidth" value="80"></item><item title="Channel" value="36"></item><item title="Antenna" value="0"></item><item title="ExpectedPower" value="23"></item><item title="Power" value="23"></item><item title="TestType" value="Tx"></item><item title="EVM" value="-29,3159" result="FAIL"></item><item title="FREQERR" value="0,640472" result="PASS"></item><item title="SYMCLOCKERR" value="-0,720294" result="PASS"></item><item title="POWER" value="20,7126" result="FAIL"></item><item title="LOLEAKAGE" value="-46,4783" result="PASS"></item><item title="SPECTRUMMASK" value="15,1924" result="PASS"></item><item title="SPECTRUMMARGIN" value="15,1924" result="PASS"></item></Record><Criteria><item title="Modulation" value="MCS9NSS1"></item><item title="Bandwidth" value="80"></item><item title="Antenna" value="0"></item><item title="Channel" value="36"></item><item title="RfIcTemperature" value="60"></item><item title="CpuTemperature" value="62"></item><item title="ExpectedPower" value="24"></item><item title="EVM" Max="-32" Min="-100"></item><item title="FREQERR" Max="15" Min="-15"></item><item title="SYMCLOCKERR" Max="20" Min="-100"></item><item title="POWER" Max="25,5" Min="22,5" Avg="24"></item><item title="LOLEAKAGE" Max="-17" Min="-100"></item><item title="SPECTRUMMASK" Max="100" Min="0"></item><item title="SPECTRUMMARGIN" Max="1000" Min="0"></item></Criteria><Record><item title="Modulation" value="MCS9NSS1"></item><item title="Bandwidth" value="80"></item><item title="Channel" value="36"></item><item title="Antenna" value="0"></item><item title="ExpectedPower" value="24"></item><item title="Power" value="24"></item><item title="TestType" value="Tx"></item><item title="EVM" value="-26,2914" result="FAIL"></item><item title="FREQERR" value="0,642068" result="PASS"></item><item title="SYMCLOCKERR" value="2,25029" result="PASS"></item><item title="POWER" value="21,763" result="FAIL"></item><item title="LOLEAKAGE" value="-40,6981" result="PASS"></item><item title="SPECTRUMMASK" value="11,1965" result="PASS"></item><item title="SPECTRUMMARGIN" value="11,1965" result="PASS"></item></Record><Criteria><item title="Modulation" value="MCS9NSS1"></item><item title="Bandwidth" value="80"></item><item title="Antenna" value="0"></item><item title="Channel" value="36"></item><item title="RfIcTemperature" value="60"></item><item title="CpuTemperature" value="62"></item><item title="ExpectedPower" value="25"></item><item title="EVM" Max="-32" Min="-100"></item><item title="FREQERR" Max="15" Min="-15"></item><item title="SYMCLOCKERR" Max="20" Min="-100"></item><item title="POWER" Max="26,5" Min="23,5" Avg="25"></item><item title="LOLEAKAGE" Max="-17" Min="-100"></item><item title="SPECTRUMMASK" Max="100" Min="0"></item><item title="SPECTRUMMARGIN" Max="1000" Min="0"></item></Criteria><Record><item title="Modulation" value="MCS9NSS1"></item><item title="Bandwidth" value="80"></item><item title="Channel" value="36"></item><item title="Antenna" value="0"></item><item title="ExpectedPower" value="25"></item><item title="Power" value="25"></item><item title="TestType" value="Tx"></item><item title="EVM" value="-24,4491" result="FAIL"></item><item title="FREQERR" value="0,638285" result="PASS"></item><item title="SYMCLOCKERR" value="-0,051968" result="PASS"></item><item title="POWER" value="22,6604" result="FAIL"></item><item title="LOLEAKAGE" value="-41,9175" result="PASS"></item><item title="SPECTRUMMASK" value="7,73266" result="PASS"></item><item title="SPECTRUMMARGIN" value="7,73266" result="PASS"></item></Record><Criteria><item title="Modulation" value="MCS9NSS1"></item><item title="Bandwidth" value="80"></item><item title="Antenna" value="1"></item><item title="Channel" value="36"></item><item title="RfIcTemperature" value="60"></item><item title="CpuTemperature" value="62"></item><item title="ExpectedPower" value="10"></item><item title="EVM" Max="-32" Min="-100"></item><item title="FREQERR" Max="15" Min="-15"></item><item title="SYMCLOCKERR" Max="20" Min="-100"></item><item title="POWER" Max="11,5" Min="8,5" Avg="10"></item><item title="LOLEAKAGE" Max="-17" Min="-100"></item><item title="SPECTRUMMASK" Max="100" Min="0"></item><item title="SPECTRUMMARGIN" Max="1000" Min="0"></item></Criteria><Record><item title="Modulation" value="MCS9NSS1"></item><item title="Bandwidth" value="80"></item><item title="Channel" value="36"></item><item title="Antenna" value="1"></item><item title="ExpectedPower" value="10"></item><item title="Power" value="10"></item><item title="TestType" value="Tx"></item><item title="EVM" value="-38,4158" result="PASS"></item><item title="FREQERR" value="0,644666" result="PASS"></item><item title="SYMCLOCKERR" value="0,909794" result="PASS"></item><item title="POWER" value="8,15702" result="FAIL"></item><item title="LOLEAKAGE" value="-37,1255" result="PASS"></item><item title="SPECTRUMMASK" value="17,3896" result="PASS"></item><item title="SPECTRUMMARGIN" value="17,3896" result="PASS"></item></Record><Criteria><item title="Modulation" value="MCS9NSS1"></item><item title="Bandwidth" value="80"></item><item title="Antenna" value="1"></item><item title="Channel" value="36"></item><item title="RfIcTemperature" value="60"></item><item title="CpuTemperature" value="62"></item><item title="ExpectedPower" value="11"></item><item title="EVM" Max="-32" Min="-100"></item><item title="FREQERR" Max="15" Min="-15"></item><item title="SYMCLOCKERR" Max="20" Min="-100"></item><item title="POWER" Max="12,5" Min="9,5" Avg="11"></item><item title="LOLEAKAGE" Max="-17" Min="-100"></item><item title="SPECTRUMMASK" Max="100" Min="0"></item><item title="SPECTRUMMARGIN" Max="1000" Min="0"></item></Criteria><Record><item title="Modulation" value="MCS9NSS1"></item><item title="Bandwidth" value="80"></item><item title="Channel" value="36"></item><item title="Antenna" value="1"></item><item title="ExpectedPower" value="11"></item><item title="Power" value="11"></item><item title="TestType" value="Tx"></item><item title="EVM" value="-37,6734" result="PASS"></item><item title="FREQERR" value="0,651142" result="PASS"></item><item title="SYMCLOCKERR" value="0,433285" result="PASS"></item><item title="POWER" value="9,20296" result="FAIL"></item><item title="LOLEAKAGE" value="-41,6609" result="PASS"></item><item title="SPECTRUMMASK" value="17,9295" result="PASS"></item><item title="SPECTRUMMARGIN" value="17,9295" result="PASS"></item></Record><Criteria><item title="Modulation" value="MCS9NSS1"></item><item title="Bandwidth" value="80"></item><item title="Antenna" value="1"></item><item title="Channel" value="36"></item><item title="RfIcTemperature" value="60"></item><item title="CpuTemperature" value="62"></item><item title="ExpectedPower" value="12"></item><item title="EVM" Max="-32" Min="-100"></item><item title="FREQERR" Max="15" Min="-15"></item><item title="SYMCLOCKERR" Max="20" Min="-100"></item><item title="POWER" Max="13,5" Min="10,5" Avg="12"></item><item title="LOLEAKAGE" Max="-17" Min="-100"></item><item title="SPECTRUMMASK" Max="100" Min="0"></item><item title="SPECTRUMMARGIN" Max="1000" Min="0"></item></Criteria><Record><item title="Modulation" value="MCS9NSS1"></item><item title="Bandwidth" value="80"></item><item title="Channel" value="36"></item><item title="Antenna" value="1"></item><item title="ExpectedPower" value="12"></item><item title="Power" value="12"></item><item title="TestType" value="Tx"></item><item title="EVM" value="-37,5432" result="PASS"></item><item title="FREQERR" value="0,648119" result="PASS"></item><item title="SYMCLOCKERR" value="-0,162332" result="PASS"></item><item title="POWER" value="10,2802" result="FAIL"></item><item title="LOLEAKAGE" value="-42,1498" result="PASS"></item><item title="SPECTRUMMASK" value="17,697" result="PASS"></item><item title="SPECTRUMMARGIN" value="17,697" result="PASS"></item></Record><Criteria><item title="Modulation" value="MCS9NSS1"></item><item title="Bandwidth" value="80"></item><item title="Antenna" value="1"></item><item title="Channel" value="36"></item><item title="RfIcTemperature" value="60"></item><item title="CpuTemperature" value="62"></item><item title="ExpectedPower" value="13"></item><item title="EVM" Max="-32" Min="-100"></item><item title="FREQERR" Max="15" Min="-15"></item><item title="SYMCLOCKERR" Max="20" Min="-100"></item><item title="POWER" Max="14,5" Min="11,5" Avg="13"></item><item title="LOLEAKAGE" Max="-17" Min="-100"></item><item title="SPECTRUMMASK" Max="100" Min="0"></item><item title="SPECTRUMMARGIN" Max="1000" Min="0"></item></Criteria><Record><item title="Modulation" value="MCS9NSS1"></item><item title="Bandwidth" value="80"></item><item title="Channel" value="36"></item><item title="Antenna" value="1"></item><item title="ExpectedPower" value="13"></item><item title="Power" value="13"></item><item title="TestType" value="Tx"></item><item title="EVM" value="-38,6246" result="PASS"></item><item title="FREQERR" value="0,647905" result="PASS"></item><item title="SYMCLOCKERR" value="0,542296" result="PASS"></item><item title="POWER" value="11,2132" result="FAIL"></item><item title="LOLEAKAGE" value="-41,966" result="PASS"></item><item title="SPECTRUMMASK" value="18,2624" result="PASS"></item><item title="SPECTRUMMARGIN" value="18,2624" result="PASS"></item></Record><Criteria><item title="Modulation" value="MCS9NSS1"></item><item title="Bandwidth" value="80"></item><item title="Antenna" value="1"></item><item title="Channel" value="36"></item><item title="RfIcTemperature" value="60"></item><item title="CpuTemperature" value="62"></item><item title="ExpectedPower" value="14"></item><item title="EVM" Max="-32" Min="-100"></item><item title="FREQERR" Max="15" Min="-15"></item><item title="SYMCLOCKERR" Max="20" Min="-100"></item><item title="POWER" Max="15,5" Min="12,5" Avg="14"></item><item title="LOLEAKAGE" Max="-17" Min="-100"></item><item title="SPECTRUMMASK" Max="100" Min="0"></item><item title="SPECTRUMMARGIN" Max="1000" Min="0"></item></Criteria><Record><item title="Modulation" value="MCS9NSS1"></item><item title="Bandwidth" value="80"></item><item title="Channel" value="36"></item><item title="Antenna" value="1"></item><item title="ExpectedPower" value="14"></item><item title="Power" value="14"></item><item title="TestType" value="Tx"></item><item title="EVM" value="-38,0839" result="PASS"></item><item title="FREQERR" value="0,648984" result="PASS"></item><item title="SYMCLOCKERR" value="-0,491066" result="PASS"></item><item title="POWER" value="12,2674" result="FAIL"></item><item title="LOLEAKAGE" value="-42,8769" result="PASS"></item><item title="SPECTRUMMASK" value="17,7988" result="PASS"></item><item title="SPECTRUMMARGIN" value="17,7988" result="PASS"></item></Record><Criteria><item title="Modulation" value="MCS9NSS1"></item><item title="Bandwidth" value="80"></item><item title="Antenna" value="1"></item><item title="Channel" value="36"></item><item title="RfIcTemperature" value="60"></item><item title="CpuTemperature" value="62"></item><item title="ExpectedPower" value="15"></item><item title="EVM" Max="-32" Min="-100"></item><item title="FREQERR" Max="15" Min="-15"></item><item title="SYMCLOCKERR" Max="20" Min="-100"></item><item title="POWER" Max="16,5" Min="13,5" Avg="15"></item><item title="LOLEAKAGE" Max="-17" Min="-100"></item><item title="SPECTRUMMASK" Max="100" Min="0"></item><item title="SPECTRUMMARGIN" Max="1000" Min="0"></item></Criteria><Record><item title="Modulation" value="MCS9NSS1"></item><item title="Bandwidth" value="80"></item><item title="Channel" value="36"></item><item title="Antenna" value="1"></item><item title="ExpectedPower" value="15"></item><item title="Power" value="15"></item><item title="TestType" value="Tx"></item><item title="EVM" value="-39,0463" result="PASS"></item><item title="FREQERR" value="0,644194" result="PASS"></item><item title="SYMCLOCKERR" value="-0,767265" result="PASS"></item><item title="POWER" value="13,1239" result="FAIL"></item><item title="LOLEAKAGE" value="-48,5848" result="PASS"></item><item title="SPECTRUMMASK" value="17,8577" result="PASS"></item><item title="SPECTRUMMARGIN" value="17,8577" result="PASS"></item></Record><Criteria><item title="Modulation" value="MCS9NSS1"></item><item title="Bandwidth" value="80"></item><item title="Antenna" value="1"></item><item title="Channel" value="36"></item><item title="RfIcTemperature" value="60"></item><item title="CpuTemperature" value="62"></item><item title="ExpectedPower" value="16"></item><item title="EVM" Max="-32" Min="-100"></item><item title="FREQERR" Max="15" Min="-15"></item><item title="SYMCLOCKERR" Max="20" Min="-100"></item><item title="POWER" Max="17,5" Min="14,5" Avg="16"></item><item title="LOLEAKAGE" Max="-17" Min="-100"></item><item title="SPECTRUMMASK" Max="100" Min="0"></item><item title="SPECTRUMMARGIN" Max="1000" Min="0"></item></Criteria><Record><item title="Modulation" value="MCS9NSS1"></item><item title="Bandwidth" value="80"></item><item title="Channel" value="36"></item><item title="Antenna" value="1"></item><item title="ExpectedPower" value="16"></item><item title="Power" value="16"></item><item title="TestType" value="Tx"></item><item title="EVM" value="-38,2708" result="PASS"></item><item title="FREQERR" value="0,639549" result="PASS"></item><item title="SYMCLOCKERR" value="-0,634342" result="PASS"></item><item title="POWER" value="13,9948" result="FAIL"></item><item title="LOLEAKAGE" value="-46,9559" result="PASS"></item><item title="SPECTRUMMASK" value="18,7952" result="PASS"></item><item title="SPECTRUMMARGIN" value="18,7952" result="PASS"></item></Record><Criteria><item title="Modulation" value="MCS9NSS1"></item><item title="Bandwidth" value="80"></item><item title="Antenna" value="1"></item><item title="Channel" value="36"></item><item title="RfIcTemperature" value="60"></item><item title="CpuTemperature" value="62"></item><item title="ExpectedPower" value="17"></item><item title="EVM" Max="-32" Min="-100"></item><item title="FREQERR" Max="15" Min="-15"></item><item title="SYMCLOCKERR" Max="20" Min="-100"></item><item title="POWER" Max="18,5" Min="15,5" Avg="17"></item><item title="LOLEAKAGE" Max="-17" Min="-100"></item><item title="SPECTRUMMASK" Max="100" Min="0"></item><item title="SPECTRUMMARGIN" Max="1000" Min="0"></item></Criteria><Record><item title="Modulation" value="MCS9NSS1"></item><item title="Bandwidth" value="80"></item><item title="Channel" value="36"></item><item title="Antenna" value="1"></item><item title="ExpectedPower" value="17"></item><item title="Power" value="17"></item><item title="TestType" value="Tx"></item><item title="EVM" value="-38,1553" result="PASS"></item><item title="FREQERR" value="0,649257" result="PASS"></item><item title="SYMCLOCKERR" value="0,560358" result="PASS"></item><item title="POWER" value="15,0206" result="FAIL"></item><item title="LOLEAKAGE" value="-49,6966" result="PASS"></item><item title="SPECTRUMMASK" value="18,4026" result="PASS"></item><item title="SPECTRUMMARGIN" value="18,4026" result="PASS"></item></Record><Criteria><item title="Modulation" value="MCS9NSS1"></item><item title="Bandwidth" value="80"></item><item title="Antenna" value="1"></item><item title="Channel" value="36"></item><item title="RfIcTemperature" value="60"></item><item title="CpuTemperature" value="62"></item><item title="ExpectedPower" value="18"></item><item title="EVM" Max="-32" Min="-100"></item><item title="FREQERR" Max="15" Min="-15"></item><item title="SYMCLOCKERR" Max="20" Min="-100"></item><item title="POWER" Max="19,5" Min="16,5" Avg="18"></item><item title="LOLEAKAGE" Max="-17" Min="-100"></item><item title="SPECTRUMMASK" Max="100" Min="0"></item><item title="SPECTRUMMARGIN" Max="1000" Min="0"></item></Criteria><Record><item title="Modulation" value="MCS9NSS1"></item><item title="Bandwidth" value="80"></item><item title="Channel" value="36"></item><item title="Antenna" value="1"></item><item title="ExpectedPower" value="18"></item><item title="Power" value="18"></item><item title="TestType" value="Tx"></item><item title="EVM" value="-36,6316" result="PASS"></item><item title="FREQERR" value="0,645706" result="PASS"></item><item title="SYMCLOCKERR" value="-0,140852" result="PASS"></item><item title="POWER" value="15,9205" result="FAIL"></item><item title="LOLEAKAGE" value="-50,263" result="PASS"></item><item title="SPECTRUMMASK" value="17,4153" result="PASS"></item><item title="SPECTRUMMARGIN" value="17,4153" result="PASS"></item></Record><Criteria><item title="Modulation" value="MCS9NSS1"></item><item title="Bandwidth" value="80"></item><item title="Antenna" value="1"></item><item title="Channel" value="36"></item><item title="RfIcTemperature" value="60"></item><item title="CpuTemperature" value="62"></item><item title="ExpectedPower" value="19"></item><item title="EVM" Max="-32" Min="-100"></item><item title="FREQERR" Max="15" Min="-15"></item><item title="SYMCLOCKERR" Max="20" Min="-100"></item><item title="POWER" Max="20,5" Min="17,5" Avg="19"></item><item title="LOLEAKAGE" Max="-17" Min="-100"></item><item title="SPECTRUMMASK" Max="100" Min="0"></item><item title="SPECTRUMMARGIN" Max="1000" Min="0"></item></Criteria><Record><item title="Modulation" value="MCS9NSS1"></item><item title="Bandwidth" value="80"></item><item title="Channel" value="36"></item><item title="Antenna" value="1"></item><item title="ExpectedPower" value="19"></item><item title="Power" value="19"></item><item title="TestType" value="Tx"></item><item title="EVM" value="-38,1496" result="PASS"></item><item title="FREQERR" value="0,643926" result="PASS"></item><item title="SYMCLOCKERR" value="0,100916" result="PASS"></item><item title="POWER" value="17,207" result="FAIL"></item><item title="LOLEAKAGE" value="-55,3464" result="PASS"></item><item title="SPECTRUMMASK" value="17,0724" result="PASS"></item><item title="SPECTRUMMARGIN" value="17,0724" result="PASS"></item></Record><Criteria><item title="Modulation" value="MCS9NSS1"></item><item title="Bandwidth" value="80"></item><item title="Antenna" value="1"></item><item title="Channel" value="36"></item><item title="RfIcTemperature" value="60"></item><item title="CpuTemperature" value="62"></item><item title="ExpectedPower" value="20"></item><item title="EVM" Max="-32" Min="-100"></item><item title="FREQERR" Max="15" Min="-15"></item><item title="SYMCLOCKERR" Max="20" Min="-100"></item><item title="POWER" Max="21,5" Min="18,5" Avg="20"></item><item title="LOLEAKAGE" Max="-17" Min="-100"></item><item title="SPECTRUMMASK" Max="100" Min="0"></item><item title="SPECTRUMMARGIN" Max="1000" Min="0"></item></Criteria><Record><item title="Modulation" value="MCS9NSS1"></item><item title="Bandwidth" value="80"></item><item title="Channel" value="36"></item><item title="Antenna" value="1"></item><item title="ExpectedPower" value="20"></item><item title="Power" value="20"></item><item title="TestType" value="Tx"></item><item title="EVM" value="-34,6796" result="PASS"></item><item title="FREQERR" value="0,649523" result="PASS"></item><item title="SYMCLOCKERR" value="0,0622293" result="PASS"></item><item title="POWER" value="18,0007" result="FAIL"></item><item title="LOLEAKAGE" value="-54,8649" result="PASS"></item><item title="SPECTRUMMASK" value="17,8864" result="PASS"></item><item title="SPECTRUMMARGIN" value="17,8864" result="PASS"></item></Record><Criteria><item title="Modulation" value="MCS9NSS1"></item><item title="Bandwidth" value="80"></item><item title="Antenna" value="1"></item><item title="Channel" value="36"></item><item title="RfIcTemperature" value="60"></item><item title="CpuTemperature" value="62"></item><item title="ExpectedPower" value="21"></item><item title="EVM" Max="-32" Min="-100"></item><item title="FREQERR" Max="15" Min="-15"></item><item title="SYMCLOCKERR" Max="20" Min="-100"></item><item title="POWER" Max="22,5" Min="19,5" Avg="21"></item><item title="LOLEAKAGE" Max="-17" Min="-100"></item><item title="SPECTRUMMASK" Max="100" Min="0"></item><item title="SPECTRUMMARGIN" Max="1000" Min="0"></item></Criteria><Record><item title="Modulation" value="MCS9NSS1"></item><item title="Bandwidth" value="80"></item><item title="Channel" value="36"></item><item title="Antenna" value="1"></item><item title="ExpectedPower" value="21"></item><item title="Power" value="21"></item><item title="TestType" value="Tx"></item><item title="EVM" value="-33,5379" result="PASS"></item><item title="FREQERR" value="0,633845" result="PASS"></item><item title="SYMCLOCKERR" value="0,0381994" result="PASS"></item><item title="POWER" value="19,0158" result="FAIL"></item><item title="LOLEAKAGE" value="-43,9032" result="PASS"></item><item title="SPECTRUMMASK" value="16,8437" result="PASS"></item><item title="SPECTRUMMARGIN" value="16,8437" result="PASS"></item></Record><Criteria><item title="Modulation" value="MCS9NSS1"></item><item title="Bandwidth" value="80"></item><item title="Antenna" value="1"></item><item title="Channel" value="36"></item><item title="RfIcTemperature" value="60"></item><item title="CpuTemperature" value="62"></item><item title="ExpectedPower" value="22"></item><item title="EVM" Max="-32" Min="-100"></item><item title="FREQERR" Max="15" Min="-15"></item><item title="SYMCLOCKERR" Max="20" Min="-100"></item><item title="POWER" Max="23,5" Min="20,5" Avg="22"></item><item title="LOLEAKAGE" Max="-17" Min="-100"></item><item title="SPECTRUMMASK" Max="100" Min="0"></item><item title="SPECTRUMMARGIN" Max="1000" Min="0"></item></Criteria><Record><item title="Modulation" value="MCS9NSS1"></item><item title="Bandwidth" value="80"></item><item title="Channel" value="36"></item><item title="Antenna" value="1"></item><item title="ExpectedPower" value="22"></item><item title="Power" value="22"></item><item title="TestType" value="Tx"></item><item title="EVM" value="-29,2532" result="FAIL"></item><item title="FREQERR" value="0,644897" result="PASS"></item><item title="SYMCLOCKERR" value="0,612353" result="PASS"></item><item title="POWER" value="20,0779" result="FAIL"></item><item title="LOLEAKAGE" value="-45,5924" result="PASS"></item><item title="SPECTRUMMASK" value="14,2242" result="PASS"></item><item title="SPECTRUMMARGIN" value="14,2242" result="PASS"></item></Record><Criteria><item title="Modulation" value="MCS9NSS1"></item><item title="Bandwidth" value="80"></item><item title="Antenna" value="1"></item><item title="Channel" value="36"></item><item title="RfIcTemperature" value="60"></item><item title="CpuTemperature" value="62"></item><item title="ExpectedPower" value="23"></item><item title="EVM" Max="-32" Min="-100"></item><item title="FREQERR" Max="15" Min="-15"></item><item title="SYMCLOCKERR" Max="20" Min="-100"></item><item title="POWER" Max="24,5" Min="21,5" Avg="23"></item><item title="LOLEAKAGE" Max="-17" Min="-100"></item><item title="SPECTRUMMASK" Max="100" Min="0"></item><item title="SPECTRUMMARGIN" Max="1000" Min="0"></item></Criteria><Record><item title="Modulation" value="MCS9NSS1"></item><item title="Bandwidth" value="80"></item><item title="Channel" value="36"></item><item title="Antenna" value="1"></item><item title="ExpectedPower" value="23"></item><item title="Power" value="23"></item><item title="TestType" value="Tx"></item><item title="EVM" value="-26,9542" result="FAIL"></item><item title="FREQERR" value="0,638906" result="PASS"></item><item title="SYMCLOCKERR" value="-0,455188" result="PASS"></item><item title="POWER" value="21,0249" result="FAIL"></item><item title="LOLEAKAGE" value="-40,9515" result="PASS"></item><item title="SPECTRUMMASK" value="12,7992" result="PASS"></item><item title="SPECTRUMMARGIN" value="12,7992" result="PASS"></item></Record><Criteria><item title="Modulation" value="MCS9NSS1"></item><item title="Bandwidth" value="80"></item><item title="Antenna" value="1"></item><item title="Channel" value="36"></item><item title="RfIcTemperature" value="60"></item><item title="CpuTemperature" value="62"></item><item title="ExpectedPower" value="24"></item><item title="EVM" Max="-32" Min="-100"></item><item title="FREQERR" Max="15" Min="-15"></item><item title="SYMCLOCKERR" Max="20" Min="-100"></item><item title="POWER" Max="25,5" Min="22,5" Avg="24"></item><item title="LOLEAKAGE" Max="-17" Min="-100"></item><item title="SPECTRUMMASK" Max="100" Min="0"></item><item title="SPECTRUMMARGIN" Max="1000" Min="0"></item></Criteria><Record><item title="Modulation" value="MCS9NSS1"></item><item title="Bandwidth" value="80"></item><item title="Channel" value="36"></item><item title="Antenna" value="1"></item><item title="ExpectedPower" value="24"></item><item title="Power" value="24"></item><item title="TestType" value="Tx"></item><item title="EVM" value="-24,0783" result="FAIL"></item><item title="FREQERR" value="0,657453" result="PASS"></item><item title="SYMCLOCKERR" value="0,185373" result="PASS"></item><item title="POWER" value="22,0174" result="FAIL"></item><item title="LOLEAKAGE" value="-40,8322" result="PASS"></item><item title="SPECTRUMMASK" value="8,93848" result="PASS"></item><item title="SPECTRUMMARGIN" value="8,93848" result="PASS"></item></Record><Criteria><item title="Modulation" value="MCS9NSS1"></item><item title="Bandwidth" value="80"></item><item title="Antenna" value="1"></item><item title="Channel" value="36"></item><item title="RfIcTemperature" value="60"></item><item title="CpuTemperature" value="62"></item><item title="ExpectedPower" value="25"></item><item title="EVM" Max="-32" Min="-100"></item><item title="FREQERR" Max="15" Min="-15"></item><item title="SYMCLOCKERR" Max="20" Min="-100"></item><item title="POWER" Max="26,5" Min="23,5" Avg="25"></item><item title="LOLEAKAGE" Max="-17" Min="-100"></item><item title="SPECTRUMMASK" Max="100" Min="0"></item><item title="SPECTRUMMARGIN" Max="1000" Min="0"></item></Criteria><Record><item title="Modulation" value="MCS9NSS1"></item><item title="Bandwidth" value="80"></item><item title="Channel" value="36"></item><item title="Antenna" value="1"></item><item title="ExpectedPower" value="25"></item><item title="Power" value="25"></item><item title="TestType" value="Tx"></item><item title="EVM" value="-23,2214" result="FAIL"></item><item title="FREQERR" value="0,616546" result="PASS"></item><item title="SYMCLOCKERR" value="-1,30571" result="PASS"></item><item title="POWER" value="23,0074" result="FAIL"></item><item title="LOLEAKAGE" value="-38,441" result="PASS"></item><item title="SPECTRUMMASK" value="6,12778" result="PASS"></item><item title="SPECTRUMMARGIN" value="6,12778" result="PASS"></item></Record><Criteria><item title="Modulation" value="MCS9NSS1"></item><item title="Bandwidth" value="80"></item><item title="Antenna" value="2"></item><item title="Channel" value="36"></item><item title="RfIcTemperature" value="60"></item><item title="CpuTemperature" value="62"></item><item title="ExpectedPower" value="10"></item><item title="EVM" Max="-32" Min="-100"></item><item title="FREQERR" Max="15" Min="-15"></item><item title="SYMCLOCKERR" Max="20" Min="-100"></item><item title="POWER" Max="11,5" Min="8,5" Avg="10"></item><item title="LOLEAKAGE" Max="-17" Min="-100"></item><item title="SPECTRUMMASK" Max="100" Min="0"></item><item title="SPECTRUMMARGIN" Max="1000" Min="0"></item></Criteria><Record><item title="Modulation" value="MCS9NSS1"></item><item title="Bandwidth" value="80"></item><item title="Channel" value="36"></item><item title="Antenna" value="2"></item><item title="ExpectedPower" value="10"></item><item title="Power" value="10"></item><item title="TestType" value="Tx"></item><item title="EVM" value="-39,0081" result="PASS"></item><item title="FREQERR" value="0,646165" result="PASS"></item><item title="SYMCLOCKERR" value="0,0976314" result="PASS"></item><item title="POWER" value="8,35396" result="FAIL"></item><item title="LOLEAKAGE" value="-38,1513" result="PASS"></item><item title="SPECTRUMMASK" value="16,1766" result="PASS"></item><item title="SPECTRUMMARGIN" value="16,1766" result="PASS"></item></Record><Criteria><item title="Modulation" value="MCS9NSS1"></item><item title="Bandwidth" value="80"></item><item title="Antenna" value="2"></item><item title="Channel" value="36"></item><item title="RfIcTemperature" value="60"></item><item title="CpuTemperature" value="62"></item><item title="ExpectedPower" value="11"></item><item title="EVM" Max="-32" Min="-100"></item><item title="FREQERR" Max="15" Min="-15"></item><item title="SYMCLOCKERR" Max="20" Min="-100"></item><item title="POWER" Max="12,5" Min="9,5" Avg="11"></item><item title="LOLEAKAGE" Max="-17" Min="-100"></item><item title="SPECTRUMMASK" Max="100" Min="0"></item><item title="SPECTRUMMARGIN" Max="1000" Min="0"></item></Criteria><Record><item title="Modulation" value="MCS9NSS1"></item><item title="Bandwidth" value="80"></item><item title="Channel" value="36"></item><item title="Antenna" value="2"></item><item title="ExpectedPower" value="11"></item><item title="Power" value="11"></item><item title="TestType" value="Tx"></item><item title="EVM" value="-37,7265" result="PASS"></item><item title="FREQERR" value="0,64792" result="PASS"></item><item title="SYMCLOCKERR" value="-0,950808" result="PASS"></item><item title="POWER" value="9,44689" result="FAIL"></item><item title="LOLEAKAGE" value="-46,3079" result="PASS"></item><item title="SPECTRUMMASK" value="18,0035" result="PASS"></item><item title="SPECTRUMMARGIN" value="18,0035" result="PASS"></item></Record><Criteria><item title="Modulation" value="MCS9NSS1"></item><item title="Bandwidth" value="80"></item><item title="Antenna" value="2"></item><item title="Channel" value="36"></item><item title="RfIcTemperature" value="60"></item><item title="CpuTemperature" value="62"></item><item title="ExpectedPower" value="12"></item><item title="EVM" Max="-32" Min="-100"></item><item title="FREQERR" Max="15" Min="-15"></item><item title="SYMCLOCKERR" Max="20" Min="-100"></item><item title="POWER" Max="13,5" Min="10,5" Avg="12"></item><item title="LOLEAKAGE" Max="-17" Min="-100"></item><item title="SPECTRUMMASK" Max="100" Min="0"></item><item title="SPECTRUMMARGIN" Max="1000" Min="0"></item></Criteria><Record><item title="Modulation" value="MCS9NSS1"></item><item title="Bandwidth" value="80"></item><item title="Channel" value="36"></item><item title="Antenna" value="2"></item><item title="ExpectedPower" value="12"></item><item title="Power" value="12"></item><item title="TestType" value="Tx"></item><item title="EVM" value="-37,9812" result="PASS"></item><item title="FREQERR" value="0,644681" result="PASS"></item><item title="SYMCLOCKERR" value="-0,098844" result="PASS"></item><item title="POWER" value="10,3667" result="FAIL"></item><item title="LOLEAKAGE" value="-45,4776" result="PASS"></item><item title="SPECTRUMMASK" value="17,0239" result="PASS"></item><item title="SPECTRUMMARGIN" value="17,0239" result="PASS"></item></Record><Criteria><item title="Modulation" value="MCS9NSS1"></item><item title="Bandwidth" value="80"></item><item title="Antenna" value="2"></item><item title="Channel" value="36"></item><item title="RfIcTemperature" value="60"></item><item title="CpuTemperature" value="62"></item><item title="ExpectedPower" value="13"></item><item title="EVM" Max="-32" Min="-100"></item><item title="FREQERR" Max="15" Min="-15"></item><item title="SYMCLOCKERR" Max="20" Min="-100"></item><item title="POWER" Max="14,5" Min="11,5" Avg="13"></item><item title="LOLEAKAGE" Max="-17" Min="-100"></item><item title="SPECTRUMMASK" Max="100" Min="0"></item><item title="SPECTRUMMARGIN" Max="1000" Min="0"></item></Criteria><Record><item title="Modulation" value="MCS9NSS1"></item><item title="Bandwidth" value="80"></item><item title="Channel" value="36"></item><item title="Antenna" value="2"></item><item title="ExpectedPower" value="13"></item><item title="Power" value="13"></item><item title="TestType" value="Tx"></item><item title="EVM" value="-37,3647" result="PASS"></item><item title="FREQERR" value="0,648168" result="PASS"></item><item title="SYMCLOCKERR" value="-1,11693" result="PASS"></item><item title="POWER" value="11,2111" result="FAIL"></item><item title="LOLEAKAGE" value="-51,4568" result="PASS"></item><item title="SPECTRUMMASK" value="17,6851" result="PASS"></item><item title="SPECTRUMMARGIN" value="17,6851" result="PASS"></item></Record><Criteria><item title="Modulation" value="MCS9NSS1"></item><item title="Bandwidth" value="80"></item><item title="Antenna" value="2"></item><item title="Channel" value="36"></item><item title="RfIcTemperature" value="60"></item><item title="CpuTemperature" value="62"></item><item title="ExpectedPower" value="14"></item><item title="EVM" Max="-32" Min="-100"></item><item title="FREQERR" Max="15" Min="-15"></item><item title="SYMCLOCKERR" Max="20" Min="-100"></item><item title="POWER" Max="15,5" Min="12,5" Avg="14"></item><item title="LOLEAKAGE" Max="-17" Min="-100"></item><item title="SPECTRUMMASK" Max="100" Min="0"></item><item title="SPECTRUMMARGIN" Max="1000" Min="0"></item></Criteria><Record><item title="Modulation" value="MCS9NSS1"></item><item title="Bandwidth" value="80"></item><item title="Channel" value="36"></item><item title="Antenna" value="2"></item><item title="ExpectedPower" value="14"></item><item title="Power" value="14"></item><item title="TestType" value="Tx"></item><item title="EVM" value="-37,446" result="PASS"></item><item title="FREQERR" value="0,645162" result="PASS"></item><item title="SYMCLOCKERR" value="-0,775767" result="PASS"></item><item title="POWER" value="12,2191" result="FAIL"></item><item title="LOLEAKAGE" value="-43,613" result="PASS"></item><item title="SPECTRUMMASK" value="16,5443" result="PASS"></item><item title="SPECTRUMMARGIN" value="16,5443" result="PASS"></item></Record><Criteria><item title="Modulation" value="MCS9NSS1"></item><item title="Bandwidth" value="80"></item><item title="Antenna" value="2"></item><item title="Channel" value="36"></item><item title="RfIcTemperature" value="60"></item><item title="CpuTemperature" value="62"></item><item title="ExpectedPower" value="15"></item><item title="EVM" Max="-32" Min="-100"></item><item title="FREQERR" Max="15" Min="-15"></item><item title="SYMCLOCKERR" Max="20" Min="-100"></item><item title="POWER" Max="16,5" Min="13,5" Avg="15"></item><item title="LOLEAKAGE" Max="-17" Min="-100"></item><item title="SPECTRUMMASK" Max="100" Min="0"></item><item title="SPECTRUMMARGIN" Max="1000" Min="0"></item></Criteria><Record><item title="Modulation" value="MCS9NSS1"></item><item title="Bandwidth" value="80"></item><item title="Channel" value="36"></item><item title="Antenna" value="2"></item><item title="ExpectedPower" value="15"></item><item title="Power" value="15"></item><item title="TestType" value="Tx"></item><item title="EVM" value="-35,5913" result="PASS"></item><item title="FREQERR" value="0,634636" result="PASS"></item><item title="SYMCLOCKERR" value="-0,0843566" result="PASS"></item><item title="POWER" value="13,3214" result="FAIL"></item><item title="LOLEAKAGE" value="-53,7296" result="PASS"></item><item title="SPECTRUMMASK" value="18,5491" result="PASS"></item><item title="SPECTRUMMARGIN" value="18,5491" result="PASS"></item></Record><Criteria><item title="Modulation" value="MCS9NSS1"></item><item title="Bandwidth" value="80"></item><item title="Antenna" value="2"></item><item title="Channel" value="36"></item><item title="RfIcTemperature" value="60"></item><item title="CpuTemperature" value="62"></item><item title="ExpectedPower" value="16"></item><item title="EVM" Max="-32" Min="-100"></item><item title="FREQERR" Max="15" Min="-15"></item><item title="SYMCLOCKERR" Max="20" Min="-100"></item><item title="POWER" Max="17,5" Min="14,5" Avg="16"></item><item title="LOLEAKAGE" Max="-17" Min="-100"></item><item title="SPECTRUMMASK" Max="100" Min="0"></item><item title="SPECTRUMMARGIN" Max="1000" Min="0"></item></Criteria><Record><item title="Modulation" value="MCS9NSS1"></item><item title="Bandwidth" value="80"></item><item title="Channel" value="36"></item><item title="Antenna" value="2"></item><item title="ExpectedPower" value="16"></item><item title="Power" value="16"></item><item title="TestType" value="Tx"></item><item title="EVM" value="-36,287" result="PASS"></item><item title="FREQERR" value="0,630523" result="PASS"></item><item title="SYMCLOCKERR" value="0,224246" result="PASS"></item><item title="POWER" value="14,3342" result="FAIL"></item><item title="LOLEAKAGE" value="-46,9427" result="PASS"></item><item title="SPECTRUMMASK" value="16,8959" result="PASS"></item><item title="SPECTRUMMARGIN" value="16,8959" result="PASS"></item></Record><Criteria><item title="Modulation" value="MCS9NSS1"></item><item title="Bandwidth" value="80"></item><item title="Antenna" value="2"></item><item title="Channel" value="36"></item><item title="RfIcTemperature" value="60"></item><item title="CpuTemperature" value="62"></item><item title="ExpectedPower" value="17"></item><item title="EVM" Max="-32" Min="-100"></item><item title="FREQERR" Max="15" Min="-15"></item><item title="SYMCLOCKERR" Max="20" Min="-100"></item><item title="POWER" Max="18,5" Min="15,5" Avg="17"></item><item title="LOLEAKAGE" Max="-17" Min="-100"></item><item title="SPECTRUMMASK" Max="100" Min="0"></item><item title="SPECTRUMMARGIN" Max="1000" Min="0"></item></Criteria><Record><item title="Modulation" value="MCS9NSS1"></item><item title="Bandwidth" value="80"></item><item title="Channel" value="36"></item><item title="Antenna" value="2"></item><item title="ExpectedPower" value="17"></item><item title="Power" value="17"></item><item title="TestType" value="Tx"></item><item title="EVM" value="-36,1998" result="PASS"></item><item title="FREQERR" value="0,649682" result="PASS"></item><item title="SYMCLOCKERR" value="-0,846902" result="PASS"></item><item title="POWER" value="15,3997" result="FAIL"></item><item title="LOLEAKAGE" value="-45,986" result="PASS"></item><item title="SPECTRUMMASK" value="16,2545" result="PASS"></item><item title="SPECTRUMMARGIN" value="16,2545" result="PASS"></item></Record><Criteria><item title="Modulation" value="MCS9NSS1"></item><item title="Bandwidth" value="80"></item><item title="Antenna" value="2"></item><item title="Channel" value="36"></item><item title="RfIcTemperature" value="60"></item><item title="CpuTemperature" value="62"></item><item title="ExpectedPower" value="18"></item><item title="EVM" Max="-32" Min="-100"></item><item title="FREQERR" Max="15" Min="-15"></item><item title="SYMCLOCKERR" Max="20" Min="-100"></item><item title="POWER" Max="19,5" Min="16,5" Avg="18"></item><item title="LOLEAKAGE" Max="-17" Min="-100"></item><item title="SPECTRUMMASK" Max="100" Min="0"></item><item title="SPECTRUMMARGIN" Max="1000" Min="0"></item></Criteria><Record><item title="Modulation" value="MCS9NSS1"></item><item title="Bandwidth" value="80"></item><item title="Channel" value="36"></item><item title="Antenna" value="2"></item><item title="ExpectedPower" value="18"></item><item title="Power" value="18"></item><item title="TestType" value="Tx"></item><item title="EVM" value="-36,301" result="PASS"></item><item title="FREQERR" value="0,642038" result="PASS"></item><item title="SYMCLOCKERR" value="-0,768129" result="PASS"></item><item title="POWER" value="16,4807" result="FAIL"></item><item title="LOLEAKAGE" value="-44,938" result="PASS"></item><item title="SPECTRUMMASK" value="16,7981" result="PASS"></item><item title="SPECTRUMMARGIN" value="16,7981" result="PASS"></item></Record><Criteria><item title="Modulation" value="MCS9NSS1"></item><item title="Bandwidth" value="80"></item><item title="Antenna" value="2"></item><item title="Channel" value="36"></item><item title="RfIcTemperature" value="60"></item><item title="CpuTemperature" value="62"></item><item title="ExpectedPower" value="19"></item><item title="EVM" Max="-32" Min="-100"></item><item title="FREQERR" Max="15" Min="-15"></item><item title="SYMCLOCKERR" Max="20" Min="-100"></item><item title="POWER" Max="20,5" Min="17,5" Avg="19"></item><item title="LOLEAKAGE" Max="-17" Min="-100"></item><item title="SPECTRUMMASK" Max="100" Min="0"></item><item title="SPECTRUMMARGIN" Max="1000" Min="0"></item></Criteria><Record><item title="Modulation" value="MCS9NSS1"></item><item title="Bandwidth" value="80"></item><item title="Channel" value="36"></item><item title="Antenna" value="2"></item><item title="ExpectedPower" value="19"></item><item title="Power" value="19"></item><item title="TestType" value="Tx"></item><item title="EVM" value="-34,4458" result="PASS"></item><item title="FREQERR" value="0,643384" result="PASS"></item><item title="SYMCLOCKERR" value="0,348147" result="PASS"></item><item title="POWER" value="17,4296" result="FAIL"></item><item title="LOLEAKAGE" value="-42,2826" result="PASS"></item><item title="SPECTRUMMASK" value="18,1113" result="PASS"></item><item title="SPECTRUMMARGIN" value="18,1113" result="PASS"></item></Record><Criteria><item title="Modulation" value="MCS9NSS1"></item><item title="Bandwidth" value="80"></item><item title="Antenna" value="2"></item><item title="Channel" value="36"></item><item title="RfIcTemperature" value="60"></item><item title="CpuTemperature" value="62"></item><item title="ExpectedPower" value="20"></item><item title="EVM" Max="-32" Min="-100"></item><item title="FREQERR" Max="15" Min="-15"></item><item title="SYMCLOCKERR" Max="20" Min="-100"></item><item title="POWER" Max="21,5" Min="18,5" Avg="20"></item><item title="LOLEAKAGE" Max="-17" Min="-100"></item><item title="SPECTRUMMASK" Max="100" Min="0"></item><item title="SPECTRUMMARGIN" Max="1000" Min="0"></item></Criteria><Record><item title="Modulation" value="MCS9NSS1"></item><item title="Bandwidth" value="80"></item><item title="Channel" value="36"></item><item title="Antenna" value="2"></item><item title="ExpectedPower" value="20"></item><item title="Power" value="20"></item><item title="TestType" value="Tx"></item><item title="EVM" value="-34,2057" result="PASS"></item><item title="FREQERR" value="0,649408" result="PASS"></item><item title="SYMCLOCKERR" value="0,0482122" result="PASS"></item><item title="POWER" value="18,5647" result="PASS"></item><item title="LOLEAKAGE" value="-50,5997" result="PASS"></item><item title="SPECTRUMMASK" value="18,7802" result="PASS"></item><item title="SPECTRUMMARGIN" value="18,7802" result="PASS"></item></Record><Criteria><item title="Modulation" value="MCS9NSS1"></item><item title="Bandwidth" value="80"></item><item title="Antenna" value="2"></item><item title="Channel" value="36"></item><item title="RfIcTemperature" value="60"></item><item title="CpuTemperature" value="62"></item><item title="ExpectedPower" value="21"></item><item title="EVM" Max="-32" Min="-100"></item><item title="FREQERR" Max="15" Min="-15"></item><item title="SYMCLOCKERR" Max="20" Min="-100"></item><item title="POWER" Max="22,5" Min="19,5" Avg="21"></item><item title="LOLEAKAGE" Max="-17" Min="-100"></item><item title="SPECTRUMMASK" Max="100" Min="0"></item><item title="SPECTRUMMARGIN" Max="1000" Min="0"></item></Criteria><Record><item title="Modulation" value="MCS9NSS1"></item><item title="Bandwidth" value="80"></item><item title="Channel" value="36"></item><item title="Antenna" value="2"></item><item title="ExpectedPower" value="21"></item><item title="Power" value="21"></item><item title="TestType" value="Tx"></item><item title="EVM" value="-32,2774" result="PASS"></item><item title="FREQERR" value="0,645178" result="PASS"></item><item title="SYMCLOCKERR" value="-0,989006" result="PASS"></item><item title="POWER" value="19,4874" result="FAIL"></item><item title="LOLEAKAGE" value="-40,5002" result="PASS"></item><item title="SPECTRUMMASK" value="17,5276" result="PASS"></item><item title="SPECTRUMMARGIN" value="17,5276" result="PASS"></item></Record><Criteria><item title="Modulation" value="MCS9NSS1"></item><item title="Bandwidth" value="80"></item><item title="Antenna" value="2"></item><item title="Channel" value="36"></item><item title="RfIcTemperature" value="60"></item><item title="CpuTemperature" value="62"></item><item title="ExpectedPower" value="22"></item><item title="EVM" Max="-32" Min="-100"></item><item title="FREQERR" Max="15" Min="-15"></item><item title="SYMCLOCKERR" Max="20" Min="-100"></item><item title="POWER" Max="23,5" Min="20,5" Avg="22"></item><item title="LOLEAKAGE" Max="-17" Min="-100"></item><item title="SPECTRUMMASK" Max="100" Min="0"></item><item title="SPECTRUMMARGIN" Max="1000" Min="0"></item></Criteria><Record><item title="Modulation" value="MCS9NSS1"></item><item title="Bandwidth" value="80"></item><item title="Channel" value="36"></item><item title="Antenna" value="2"></item><item title="ExpectedPower" value="22"></item><item title="Power" value="22"></item><item title="TestType" value="Tx"></item><item title="EVM" value="-31,1402" result="FAIL"></item><item title="FREQERR" value="0,641314" result="PASS"></item><item title="SYMCLOCKERR" value="2,21123" result="PASS"></item><item title="POWER" value="20,5139" result="PASS"></item><item title="LOLEAKAGE" value="-41,8571" result="PASS"></item><item title="SPECTRUMMASK" value="14,9653" result="PASS"></item><item title="SPECTRUMMARGIN" value="14,9653" result="PASS"></item></Record><Criteria><item title="Modulation" value="MCS9NSS1"></item><item title="Bandwidth" value="80"></item><item title="Antenna" value="2"></item><item title="Channel" value="36"></item><item title="RfIcTemperature" value="60"></item><item title="CpuTemperature" value="62"></item><item title="ExpectedPower" value="23"></item><item title="EVM" Max="-32" Min="-100"></item><item title="FREQERR" Max="15" Min="-15"></item><item title="SYMCLOCKERR" Max="20" Min="-100"></item><item title="POWER" Max="24,5" Min="21,5" Avg="23"></item><item title="LOLEAKAGE" Max="-17" Min="-100"></item><item title="SPECTRUMMASK" Max="100" Min="0"></item><item title="SPECTRUMMARGIN" Max="1000" Min="0"></item></Criteria><Record><item title="Modulation" value="MCS9NSS1"></item><item title="Bandwidth" value="80"></item><item title="Channel" value="36"></item><item title="Antenna" value="2"></item><item title="ExpectedPower" value="23"></item><item title="Power" value="23"></item><item title="TestType" value="Tx"></item><item title="EVM" value="-28,3217" result="FAIL"></item><item title="FREQERR" value="0,644188" result="PASS"></item><item title="SYMCLOCKERR" value="0,0896359" result="PASS"></item><item title="POWER" value="21,5076" result="PASS"></item><item title="LOLEAKAGE" value="-41,2593" result="PASS"></item><item title="SPECTRUMMASK" value="14,3549" result="PASS"></item><item title="SPECTRUMMARGIN" value="14,3549" result="PASS"></item></Record><Criteria><item title="Modulation" value="MCS9NSS1"></item><item title="Bandwidth" value="80"></item><item title="Antenna" value="2"></item><item title="Channel" value="36"></item><item title="RfIcTemperature" value="60"></item><item title="CpuTemperature" value="62"></item><item title="ExpectedPower" value="24"></item><item title="EVM" Max="-32" Min="-100"></item><item title="FREQERR" Max="15" Min="-15"></item><item title="SYMCLOCKERR" Max="20" Min="-100"></item><item title="POWER" Max="25,5" Min="22,5" Avg="24"></item><item title="LOLEAKAGE" Max="-17" Min="-100"></item><item title="SPECTRUMMASK" Max="100" Min="0"></item><item title="SPECTRUMMARGIN" Max="1000" Min="0"></item></Criteria><Record><item title="Modulation" value="MCS9NSS1"></item><item title="Bandwidth" value="80"></item><item title="Channel" value="36"></item><item title="Antenna" value="2"></item><item title="ExpectedPower" value="24"></item><item title="Power" value="24"></item><item title="TestType" value="Tx"></item><item title="EVM" value="-26,2338" result="FAIL"></item><item title="FREQERR" value="0,660198" result="PASS"></item><item title="SYMCLOCKERR" value="-1,29145" result="PASS"></item><item title="POWER" value="22,5378" result="PASS"></item><item title="LOLEAKAGE" value="-41,4349" result="PASS"></item><item title="SPECTRUMMASK" value="12,9472" result="PASS"></item><item title="SPECTRUMMARGIN" value="12,9472" result="PASS"></item></Record><Criteria><item title="Modulation" value="MCS9NSS1"></item><item title="Bandwidth" value="80"></item><item title="Antenna" value="2"></item><item title="Channel" value="36"></item><item title="RfIcTemperature" value="60"></item><item title="CpuTemperature" value="62"></item><item title="ExpectedPower" value="25"></item><item title="EVM" Max="-32" Min="-100"></item><item title="FREQERR" Max="15" Min="-15"></item><item title="SYMCLOCKERR" Max="20" Min="-100"></item><item title="POWER" Max="26,5" Min="23,5" Avg="25"></item><item title="LOLEAKAGE" Max="-17" Min="-100"></item><item title="SPECTRUMMASK" Max="100" Min="0"></item><item title="SPECTRUMMARGIN" Max="1000" Min="0"></item></Criteria><Record><item title="Modulation" value="MCS9NSS1"></item><item title="Bandwidth" value="80"></item><item title="Channel" value="36"></item><item title="Antenna" value="2"></item><item title="ExpectedPower" value="25"></item><item title="Power" value="25"></item><item title="TestType" value="Tx"></item><item title="EVM" value="-24,0338" result="FAIL"></item><item title="FREQERR" value="0,669943" result="PASS"></item><item title="SYMCLOCKERR" value="2,03557" result="PASS"></item><item title="POWER" value="23,2763" result="FAIL"></item><item title="LOLEAKAGE" value="-37,9684" result="PASS"></item><item title="SPECTRUMMASK" value="8,87346" result="PASS"></item><item title="SPECTRUMMARGIN" value="8,87346" result="PASS"></item></Record><Criteria><item title="Modulation" value="MCS9NSS1"></item><item title="Bandwidth" value="80"></item><item title="Antenna" value="3"></item><item title="Channel" value="36"></item><item title="RfIcTemperature" value="60"></item><item title="CpuTemperature" value="62"></item><item title="ExpectedPower" value="10"></item><item title="EVM" Max="-32" Min="-100"></item><item title="FREQERR" Max="15" Min="-15"></item><item title="SYMCLOCKERR" Max="20" Min="-100"></item><item title="POWER" Max="11,5" Min="8,5" Avg="10"></item><item title="LOLEAKAGE" Max="-17" Min="-100"></item><item title="SPECTRUMMASK" Max="100" Min="0"></item><item title="SPECTRUMMARGIN" Max="1000" Min="0"></item></Criteria><Record><item title="Modulation" value="MCS9NSS1"></item><item title="Bandwidth" value="80"></item><item title="Channel" value="36"></item><item title="Antenna" value="3"></item><item title="ExpectedPower" value="10"></item><item title="Power" value="10"></item><item title="TestType" value="Tx"></item><item title="EVM" value="-38,2439" result="PASS"></item><item title="FREQERR" value="0,639756" result="PASS"></item><item title="SYMCLOCKERR" value="0,217139" result="PASS"></item><item title="POWER" value="7,13251" result="FAIL"></item><item title="LOLEAKAGE" value="-32,3984" result="PASS"></item><item title="SPECTRUMMASK" value="16,7838" result="PASS"></item><item title="SPECTRUMMARGIN" value="16,7838" result="PASS"></item></Record><Criteria><item title="Modulation" value="MCS9NSS1"></item><item title="Bandwidth" value="80"></item><item title="Antenna" value="3"></item><item title="Channel" value="36"></item><item title="RfIcTemperature" value="60"></item><item title="CpuTemperature" value="62"></item><item title="ExpectedPower" value="11"></item><item title="EVM" Max="-32" Min="-100"></item><item title="FREQERR" Max="15" Min="-15"></item><item title="SYMCLOCKERR" Max="20" Min="-100"></item><item title="POWER" Max="12,5" Min="9,5" Avg="11"></item><item title="LOLEAKAGE" Max="-17" Min="-100"></item><item title="SPECTRUMMASK" Max="100" Min="0"></item><item title="SPECTRUMMARGIN" Max="1000" Min="0"></item></Criteria><Record><item title="Modulation" value="MCS9NSS1"></item><item title="Bandwidth" value="80"></item><item title="Channel" value="36"></item><item title="Antenna" value="3"></item><item title="ExpectedPower" value="11"></item><item title="Power" value="11"></item><item title="TestType" value="Tx"></item><item title="EVM" value="-37,308" result="PASS"></item><item title="FREQERR" value="0,645562" result="PASS"></item><item title="SYMCLOCKERR" value="-0,309483" result="PASS"></item><item title="POWER" value="8,48942" result="FAIL"></item><item title="LOLEAKAGE" value="-36,2524" result="PASS"></item><item title="SPECTRUMMASK" value="18,0563" result="PASS"></item><item title="SPECTRUMMARGIN" value="18,0563" result="PASS"></item></Record><Criteria><item title="Modulation" value="MCS9NSS1"></item><item title="Bandwidth" value="80"></item><item title="Antenna" value="3"></item><item title="Channel" value="36"></item><item title="RfIcTemperature" value="60"></item><item title="CpuTemperature" value="62"></item><item title="ExpectedPower" value="12"></item><item title="EVM" Max="-32" Min="-100"></item><item title="FREQERR" Max="15" Min="-15"></item><item title="SYMCLOCKERR" Max="20" Min="-100"></item><item title="POWER" Max="13,5" Min="10,5" Avg="12"></item><item title="LOLEAKAGE" Max="-17" Min="-100"></item><item title="SPECTRUMMASK" Max="100" Min="0"></item><item title="SPECTRUMMARGIN" Max="1000" Min="0"></item></Criteria><Record><item title="Modulation" value="MCS9NSS1"></item><item title="Bandwidth" value="80"></item><item title="Channel" value="36"></item><item title="Antenna" value="3"></item><item title="ExpectedPower" value="12"></item><item title="Power" value="12"></item><item title="TestType" value="Tx"></item><item title="EVM" value="-38,7739" result="PASS"></item><item title="FREQERR" value="0,638696" result="PASS"></item><item title="SYMCLOCKERR" value="0,702314" result="PASS"></item><item title="POWER" value="9,71493" result="FAIL"></item><item title="LOLEAKAGE" value="-38,0589" result="PASS"></item><item title="SPECTRUMMASK" value="17,6342" result="PASS"></item><item title="SPECTRUMMARGIN" value="17,6342" result="PASS"></item></Record><Criteria><item title="Modulation" value="MCS9NSS1"></item><item title="Bandwidth" value="80"></item><item title="Antenna" value="3"></item><item title="Channel" value="36"></item><item title="RfIcTemperature" value="60"></item><item title="CpuTemperature" value="62"></item><item title="ExpectedPower" value="13"></item><item title="EVM" Max="-32" Min="-100"></item><item title="FREQERR" Max="15" Min="-15"></item><item title="SYMCLOCKERR" Max="20" Min="-100"></item><item title="POWER" Max="14,5" Min="11,5" Avg="13"></item><item title="LOLEAKAGE" Max="-17" Min="-100"></item><item title="SPECTRUMMASK" Max="100" Min="0"></item><item title="SPECTRUMMARGIN" Max="1000" Min="0"></item></Criteria><Record><item title="Modulation" value="MCS9NSS1"></item><item title="Bandwidth" value="80"></item><item title="Channel" value="36"></item><item title="Antenna" value="3"></item><item title="ExpectedPower" value="13"></item><item title="Power" value="13"></item><item title="TestType" value="Tx"></item><item title="EVM" value="-36,6983" result="PASS"></item><item title="FREQERR" value="0,654907" result="PASS"></item><item title="SYMCLOCKERR" value="0,420239" result="PASS"></item><item title="POWER" value="10,8808" result="FAIL"></item><item title="LOLEAKAGE" value="-36,5466" result="PASS"></item><item title="SPECTRUMMASK" value="16,7737" result="PASS"></item><item title="SPECTRUMMARGIN" value="16,7737" result="PASS"></item></Record><Criteria><item title="Modulation" value="MCS9NSS1"></item><item title="Bandwidth" value="80"></item><item title="Antenna" value="3"></item><item title="Channel" value="36"></item><item title="RfIcTemperature" value="60"></item><item title="CpuTemperature" value="62"></item><item title="ExpectedPower" value="14"></item><item title="EVM" Max="-32" Min="-100"></item><item title="FREQERR" Max="15" Min="-15"></item><item title="SYMCLOCKERR" Max="20" Min="-100"></item><item title="POWER" Max="15,5" Min="12,5" Avg="14"></item><item title="LOLEAKAGE" Max="-17" Min="-100"></item><item title="SPECTRUMMASK" Max="100" Min="0"></item><item title="SPECTRUMMARGIN" Max="1000" Min="0"></item></Criteria><Record><item title="Modulation" value="MCS9NSS1"></item><item title="Bandwidth" value="80"></item><item title="Channel" value="36"></item><item title="Antenna" value="3"></item><item title="ExpectedPower" value="14"></item><item title="Power" value="14"></item><item title="TestType" value="Tx"></item><item title="EVM" value="-35,2228" result="PASS"></item><item title="FREQERR" value="0,65102" result="PASS"></item><item title="SYMCLOCKERR" value="0,424799" result="PASS"></item><item title="POWER" value="11,8614" result="FAIL"></item><item title="LOLEAKAGE" value="-39,2126" result="PASS"></item><item title="SPECTRUMMASK" value="17,5412" result="PASS"></item><item title="SPECTRUMMARGIN" value="17,5412" result="PASS"></item></Record><Criteria><item title="Modulation" value="MCS9NSS1"></item><item title="Bandwidth" value="80"></item><item title="Antenna" value="3"></item><item title="Channel" value="36"></item><item title="RfIcTemperature" value="60"></item><item title="CpuTemperature" value="62"></item><item title="ExpectedPower" value="15"></item><item title="EVM" Max="-32" Min="-100"></item><item title="FREQERR" Max="15" Min="-15"></item><item title="SYMCLOCKERR" Max="20" Min="-100"></item><item title="POWER" Max="16,5" Min="13,5" Avg="15"></item><item title="LOLEAKAGE" Max="-17" Min="-100"></item><item title="SPECTRUMMASK" Max="100" Min="0"></item><item title="SPECTRUMMARGIN" Max="1000" Min="0"></item></Criteria><Record><item title="Modulation" value="MCS9NSS1"></item><item title="Bandwidth" value="80"></item><item title="Channel" value="36"></item><item title="Antenna" value="3"></item><item title="ExpectedPower" value="15"></item><item title="Power" value="15"></item><item title="TestType" value="Tx"></item><item title="EVM" value="-38,3166" result="PASS"></item><item title="FREQERR" value="0,646286" result="PASS"></item><item title="SYMCLOCKERR" value="0,0572019" result="PASS"></item><item title="POWER" value="13,017" result="FAIL"></item><item title="LOLEAKAGE" value="-37,7597" result="PASS"></item><item title="SPECTRUMMASK" value="16,368" result="PASS"></item><item title="SPECTRUMMARGIN" value="16,368" result="PASS"></item></Record><Criteria><item title="Modulation" value="MCS9NSS1"></item><item title="Bandwidth" value="80"></item><item title="Antenna" value="3"></item><item title="Channel" value="36"></item><item title="RfIcTemperature" value="60"></item><item title="CpuTemperature" value="62"></item><item title="ExpectedPower" value="16"></item><item title="EVM" Max="-32" Min="-100"></item><item title="FREQERR" Max="15" Min="-15"></item><item title="SYMCLOCKERR" Max="20" Min="-100"></item><item title="POWER" Max="17,5" Min="14,5" Avg="16"></item><item title="LOLEAKAGE" Max="-17" Min="-100"></item><item title="SPECTRUMMASK" Max="100" Min="0"></item><item title="SPECTRUMMARGIN" Max="1000" Min="0"></item></Criteria><Record><item title="Modulation" value="MCS9NSS1"></item><item title="Bandwidth" value="80"></item><item title="Channel" value="36"></item><item title="Antenna" value="3"></item><item title="ExpectedPower" value="16"></item><item title="Power" value="16"></item><item title="TestType" value="Tx"></item><item title="EVM" value="-36,9042" result="PASS"></item><item title="FREQERR" value="0,65182" result="PASS"></item><item title="SYMCLOCKERR" value="-0,645863" result="PASS"></item><item title="POWER" value="13,8888" result="FAIL"></item><item title="LOLEAKAGE" value="-40,7669" result="PASS"></item><item title="SPECTRUMMASK" value="17,2305" result="PASS"></item><item title="SPECTRUMMARGIN" value="17,2305" result="PASS"></item></Record><Criteria><item title="Modulation" value="MCS9NSS1"></item><item title="Bandwidth" value="80"></item><item title="Antenna" value="3"></item><item title="Channel" value="36"></item><item title="RfIcTemperature" value="60"></item><item title="CpuTemperature" value="62"></item><item title="ExpectedPower" value="17"></item><item title="EVM" Max="-32" Min="-100"></item><item title="FREQERR" Max="15" Min="-15"></item><item title="SYMCLOCKERR" Max="20" Min="-100"></item><item title="POWER" Max="18,5" Min="15,5" Avg="17"></item><item title="LOLEAKAGE" Max="-17" Min="-100"></item><item title="SPECTRUMMASK" Max="100" Min="0"></item><item title="SPECTRUMMARGIN" Max="1000" Min="0"></item></Criteria><Record><item title="Modulation" value="MCS9NSS1"></item><item title="Bandwidth" value="80"></item><item title="Channel" value="36"></item><item title="Antenna" value="3"></item><item title="ExpectedPower" value="17"></item><item title="Power" value="17"></item><item title="TestType" value="Tx"></item><item title="EVM" value="-35,962" result="PASS"></item><item title="FREQERR" value="0,642787" result="PASS"></item><item title="SYMCLOCKERR" value="-0,166438" result="PASS"></item><item title="POWER" value="15,1534" result="FAIL"></item><item title="LOLEAKAGE" value="-41,8169" result="PASS"></item><item title="SPECTRUMMASK" value="17,5824" result="PASS"></item><item title="SPECTRUMMARGIN" value="17,5824" result="PASS"></item></Record><Criteria><item title="Modulation" value="MCS9NSS1"></item><item title="Bandwidth" value="80"></item><item title="Antenna" value="3"></item><item title="Channel" value="36"></item><item title="RfIcTemperature" value="60"></item><item title="CpuTemperature" value="62"></item><item title="ExpectedPower" value="18"></item><item title="EVM" Max="-32" Min="-100"></item><item title="FREQERR" Max="15" Min="-15"></item><item title="SYMCLOCKERR" Max="20" Min="-100"></item><item title="POWER" Max="19,5" Min="16,5" Avg="18"></item><item title="LOLEAKAGE" Max="-17" Min="-100"></item><item title="SPECTRUMMASK" Max="100" Min="0"></item><item title="SPECTRUMMARGIN" Max="1000" Min="0"></item></Criteria><Record><item title="Modulation" value="MCS9NSS1"></item><item title="Bandwidth" value="80"></item><item title="Channel" value="36"></item><item title="Antenna" value="3"></item><item title="ExpectedPower" value="18"></item><item title="Power" value="18"></item><item title="TestType" value="Tx"></item><item title="EVM" value="-35,5407" result="PASS"></item><item title="FREQERR" value="0,64984" result="PASS"></item><item title="SYMCLOCKERR" value="-0,0221936" result="PASS"></item><item title="POWER" value="16,3018" result="FAIL"></item><item title="LOLEAKAGE" value="-35,2547" result="PASS"></item><item title="SPECTRUMMASK" value="17,4317" result="PASS"></item><item title="SPECTRUMMARGIN" value="17,4317" result="PASS"></item></Record><Criteria><item title="Modulation" value="MCS9NSS1"></item><item title="Bandwidth" value="80"></item><item title="Antenna" value="3"></item><item title="Channel" value="36"></item><item title="RfIcTemperature" value="60"></item><item title="CpuTemperature" value="62"></item><item title="ExpectedPower" value="19"></item><item title="EVM" Max="-32" Min="-100"></item><item title="FREQERR" Max="15" Min="-15"></item><item title="SYMCLOCKERR" Max="20" Min="-100"></item><item title="POWER" Max="20,5" Min="17,5" Avg="19"></item><item title="LOLEAKAGE" Max="-17" Min="-100"></item><item title="SPECTRUMMASK" Max="100" Min="0"></item><item title="SPECTRUMMARGIN" Max="1000" Min="0"></item></Criteria><Record><item title="Modulation" value="MCS9NSS1"></item><item title="Bandwidth" value="80"></item><item title="Channel" value="36"></item><item title="Antenna" value="3"></item><item title="ExpectedPower" value="19"></item><item title="Power" value="19"></item><item title="TestType" value="Tx"></item><item title="EVM" value="-35,1273" result="PASS"></item><item title="FREQERR" value="0,644898" result="PASS"></item><item title="SYMCLOCKERR" value="-0,193549" result="PASS"></item><item title="POWER" value="17,0776" result="FAIL"></item><item title="LOLEAKAGE" value="-39,3715" result="PASS"></item><item title="SPECTRUMMASK" value="18,2104" result="PASS"></item><item title="SPECTRUMMARGIN" value="18,2104" result="PASS"></item></Record><Criteria><item title="Modulation" value="MCS9NSS1"></item><item title="Bandwidth" value="80"></item><item title="Antenna" value="3"></item><item title="Channel" value="36"></item><item title="RfIcTemperature" value="60"></item><item title="CpuTemperature" value="62"></item><item title="ExpectedPower" value="20"></item><item title="EVM" Max="-32" Min="-100"></item><item title="FREQERR" Max="15" Min="-15"></item><item title="SYMCLOCKERR" Max="20" Min="-100"></item><item title="POWER" Max="21,5" Min="18,5" Avg="20"></item><item title="LOLEAKAGE" Max="-17" Min="-100"></item><item title="SPECTRUMMASK" Max="100" Min="0"></item><item title="SPECTRUMMARGIN" Max="1000" Min="0"></item></Criteria><Record><item title="Modulation" value="MCS9NSS1"></item><item title="Bandwidth" value="80"></item><item title="Channel" value="36"></item><item title="Antenna" value="3"></item><item title="ExpectedPower" value="20"></item><item title="Power" value="20"></item><item title="TestType" value="Tx"></item><item title="EVM" value="-35,3205" result="PASS"></item><item title="FREQERR" value="0,643323" result="PASS"></item><item title="SYMCLOCKERR" value="-0,139185" result="PASS"></item><item title="POWER" value="18,0744" result="FAIL"></item><item title="LOLEAKAGE" value="-35,7823" result="PASS"></item><item title="SPECTRUMMASK" value="17,8198" result="PASS"></item><item title="SPECTRUMMARGIN" value="17,8198" result="PASS"></item></Record><Criteria><item title="Modulation" value="MCS9NSS1"></item><item title="Bandwidth" value="80"></item><item title="Antenna" value="3"></item><item title="Channel" value="36"></item><item title="RfIcTemperature" value="60"></item><item title="CpuTemperature" value="62"></item><item title="ExpectedPower" value="21"></item><item title="EVM" Max="-32" Min="-100"></item><item title="FREQERR" Max="15" Min="-15"></item><item title="SYMCLOCKERR" Max="20" Min="-100"></item><item title="POWER" Max="22,5" Min="19,5" Avg="21"></item><item title="LOLEAKAGE" Max="-17" Min="-100"></item><item title="SPECTRUMMASK" Max="100" Min="0"></item><item title="SPECTRUMMARGIN" Max="1000" Min="0"></item></Criteria><Record><item title="Modulation" value="MCS9NSS1"></item><item title="Bandwidth" value="80"></item><item title="Channel" value="36"></item><item title="Antenna" value="3"></item><item title="ExpectedPower" value="21"></item><item title="Power" value="21"></item><item title="TestType" value="Tx"></item><item title="EVM" value="-34,1444" result="PASS"></item><item title="FREQERR" value="0,648283" result="PASS"></item><item title="SYMCLOCKERR" value="0,473377" result="PASS"></item><item title="POWER" value="19,0588" result="FAIL"></item><item title="LOLEAKAGE" value="-38,9306" result="PASS"></item><item title="SPECTRUMMASK" value="18,0971" result="PASS"></item><item title="SPECTRUMMARGIN" value="18,0971" result="PASS"></item></Record><Criteria><item title="Modulation" value="MCS9NSS1"></item><item title="Bandwidth" value="80"></item><item title="Antenna" value="3"></item><item title="Channel" value="36"></item><item title="RfIcTemperature" value="60"></item><item title="CpuTemperature" value="62"></item><item title="ExpectedPower" value="22"></item><item title="EVM" Max="-32" Min="-100"></item><item title="FREQERR" Max="15" Min="-15"></item><item title="SYMCLOCKERR" Max="20" Min="-100"></item><item title="POWER" Max="23,5" Min="20,5" Avg="22"></item><item title="LOLEAKAGE" Max="-17" Min="-100"></item><item title="SPECTRUMMASK" Max="100" Min="0"></item><item title="SPECTRUMMARGIN" Max="1000" Min="0"></item></Criteria><Record><item title="Modulation" value="MCS9NSS1"></item><item title="Bandwidth" value="80"></item><item title="Channel" value="36"></item><item title="Antenna" value="3"></item><item title="ExpectedPower" value="22"></item><item title="Power" value="22"></item><item title="TestType" value="Tx"></item><item title="EVM" value="-32,9022" result="PASS"></item><item title="FREQERR" value="0,640552" result="PASS"></item><item title="SYMCLOCKERR" value="-0,856283" result="PASS"></item><item title="POWER" value="20,364" result="FAIL"></item><item title="LOLEAKAGE" value="-34,4921" result="PASS"></item><item title="SPECTRUMMASK" value="16,3798" result="PASS"></item><item title="SPECTRUMMARGIN" value="16,3798" result="PASS"></item></Record><Criteria><item title="Modulation" value="MCS9NSS1"></item><item title="Bandwidth" value="80"></item><item title="Antenna" value="3"></item><item title="Channel" value="36"></item><item title="RfIcTemperature" value="60"></item><item title="CpuTemperature" value="62"></item><item title="ExpectedPower" value="23"></item><item title="EVM" Max="-32" Min="-100"></item><item title="FREQERR" Max="15" Min="-15"></item><item title="SYMCLOCKERR" Max="20" Min="-100"></item><item title="POWER" Max="24,5" Min="21,5" Avg="23"></item><item title="LOLEAKAGE" Max="-17" Min="-100"></item><item title="SPECTRUMMASK" Max="100" Min="0"></item><item title="SPECTRUMMARGIN" Max="1000" Min="0"></item></Criteria><Record><item title="Modulation" value="MCS9NSS1"></item><item title="Bandwidth" value="80"></item><item title="Channel" value="36"></item><item title="Antenna" value="3"></item><item title="ExpectedPower" value="23"></item><item title="Power" value="23"></item><item title="TestType" value="Tx"></item><item title="EVM" value="-30,0538" result="FAIL"></item><item title="FREQERR" value="0,657884" result="PASS"></item><item title="SYMCLOCKERR" value="-0,441446" result="PASS"></item><item title="POWER" value="21,1356" result="FAIL"></item><item title="LOLEAKAGE" value="-32,2679" result="PASS"></item><item title="SPECTRUMMASK" value="15,984" result="PASS"></item><item title="SPECTRUMMARGIN" value="15,984" result="PASS"></item></Record><Criteria><item title="Modulation" value="MCS9NSS1"></item><item title="Bandwidth" value="80"></item><item title="Antenna" value="3"></item><item title="Channel" value="36"></item><item title="RfIcTemperature" value="60"></item><item title="CpuTemperature" value="62"></item><item title="ExpectedPower" value="24"></item><item title="EVM" Max="-32" Min="-100"></item><item title="FREQERR" Max="15" Min="-15"></item><item title="SYMCLOCKERR" Max="20" Min="-100"></item><item title="POWER" Max="25,5" Min="22,5" Avg="24"></item><item title="LOLEAKAGE" Max="-17" Min="-100"></item><item title="SPECTRUMMASK" Max="100" Min="0"></item><item title="SPECTRUMMARGIN" Max="1000" Min="0"></item></Criteria><Record><item title="Modulation" value="MCS9NSS1"></item><item title="Bandwidth" value="80"></item><item title="Channel" value="36"></item><item title="Antenna" value="3"></item><item title="ExpectedPower" value="24"></item><item title="Power" value="24"></item><item title="TestType" value="Tx"></item><item title="EVM" value="-26,4195" result="FAIL"></item><item title="FREQERR" value="0,64167" result="PASS"></item><item title="SYMCLOCKERR" value="-2,35053" result="PASS"></item><item title="POWER" value="22,3331" result="FAIL"></item><item title="LOLEAKAGE" value="-34,6289" result="PASS"></item><item title="SPECTRUMMASK" value="11,6537" result="PASS"></item><item title="SPECTRUMMARGIN" value="11,6537" result="PASS"></item></Record><Criteria><item title="Modulation" value="MCS9NSS1"></item><item title="Bandwidth" value="80"></item><item title="Antenna" value="3"></item><item title="Channel" value="36"></item><item title="RfIcTemperature" value="60"></item><item title="CpuTemperature" value="62"></item><item title="ExpectedPower" value="25"></item><item title="EVM" Max="-32" Min="-100"></item><item title="FREQERR" Max="15" Min="-15"></item><item title="SYMCLOCKERR" Max="20" Min="-100"></item><item title="POWER" Max="26,5" Min="23,5" Avg="25"></item><item title="LOLEAKAGE" Max="-17" Min="-100"></item><item title="SPECTRUMMASK" Max="100" Min="0"></item><item title="SPECTRUMMARGIN" Max="1000" Min="0"></item></Criteria><Record><item title="Modulation" value="MCS9NSS1"></item><item title="Bandwidth" value="80"></item><item title="Channel" value="36"></item><item title="Antenna" value="3"></item><item title="ExpectedPower" value="25"></item><item title="Power" value="25"></item><item title="TestType" value="Tx"></item><item title="EVM" value="-24,2032" result="FAIL"></item><item title="FREQERR" value="0,673308" result="PASS"></item><item title="SYMCLOCKERR" value="-2,56749" result="PASS"></item><item title="POWER" value="23,237" result="FAIL"></item><item title="LOLEAKAGE" value="-34,4375" result="PASS"></item><item title="SPECTRUMMASK" value="8,22411" result="PASS"></item><item title="SPECTRUMMARGIN" value="8,22411" result="PASS"></item></Record><Criteria><item title="Modulation" value="MCS9NSS1"></item><item title="Bandwidth" value="80"></item><item title="Antenna" value="0"></item><item title="Channel" value="52"></item><item title="RfIcTemperature" value="60"></item><item title="CpuTemperature" value="62"></item><item title="ExpectedPower" value="10"></item><item title="EVM" Max="-32" Min="-100"></item><item title="FREQERR" Max="15" Min="-15"></item><item title="SYMCLOCKERR" Max="20" Min="-100"></item><item title="POWER" Max="11,5" Min="8,5" Avg="10"></item><item title="LOLEAKAGE" Max="-17" Min="-100"></item><item title="SPECTRUMMASK" Max="100" Min="0"></item><item title="SPECTRUMMARGIN" Max="1000" Min="0"></item></Criteria><Record><item title="Modulation" value="MCS9NSS1"></item><item title="Bandwidth" value="80"></item><item title="Channel" value="52"></item><item title="Antenna" value="0"></item><item title="ExpectedPower" value="10"></item><item title="Power" value="10"></item><item title="TestType" value="Tx"></item><item title="EVM" value="-38,8199" result="PASS"></item><item title="FREQERR" value="0,637165" result="PASS"></item><item title="SYMCLOCKERR" value="0,678414" result="PASS"></item><item title="POWER" value="7,42819" result="FAIL"></item><item title="LOLEAKAGE" value="-30,4459" result="PASS"></item><item title="SPECTRUMMASK" value="15,3318" result="PASS"></item><item title="SPECTRUMMARGIN" value="15,3318" result="PASS"></item></Record><Criteria><item title="Modulation" value="MCS9NSS1"></item><item title="Bandwidth" value="80"></item><item title="Antenna" value="0"></item><item title="Channel" value="52"></item><item title="RfIcTemperature" value="60"></item><item title="CpuTemperature" value="62"></item><item title="ExpectedPower" value="11"></item><item title="EVM" Max="-32" Min="-100"></item><item title="FREQERR" Max="15" Min="-15"></item><item title="SYMCLOCKERR" Max="20" Min="-100"></item><item title="POWER" Max="12,5" Min="9,5" Avg="11"></item><item title="LOLEAKAGE" Max="-17" Min="-100"></item><item title="SPECTRUMMASK" Max="100" Min="0"></item><item title="SPECTRUMMARGIN" Max="1000" Min="0"></item></Criteria><Record><item title="Modulation" value="MCS9NSS1"></item><item title="Bandwidth" value="80"></item><item title="Channel" value="52"></item><item title="Antenna" value="0"></item><item title="ExpectedPower" value="11"></item><item title="Power" value="11"></item><item title="TestType" value="Tx"></item><item title="EVM" value="-38,107" result="PASS"></item><item title="FREQERR" value="0,633164" result="PASS"></item><item title="SYMCLOCKERR" value="0,453511" result="PASS"></item><item title="POWER" value="8,32029" result="FAIL"></item><item title="LOLEAKAGE" value="-33,0918" result="PASS"></item><item title="SPECTRUMMASK" value="16,0574" result="PASS"></item><item title="SPECTRUMMARGIN" value="16,0574" result="PASS"></item></Record><Criteria><item title="Modulation" value="MCS9NSS1"></item><item title="Bandwidth" value="80"></item><item title="Antenna" value="0"></item><item title="Channel" value="52"></item><item title="RfIcTemperature" value="60"></item><item title="CpuTemperature" value="62"></item><item title="ExpectedPower" value="12"></item><item title="EVM" Max="-32" Min="-100"></item><item title="FREQERR" Max="15" Min="-15"></item><item title="SYMCLOCKERR" Max="20" Min="-100"></item><item title="POWER" Max="13,5" Min="10,5" Avg="12"></item><item title="LOLEAKAGE" Max="-17" Min="-100"></item><item title="SPECTRUMMASK" Max="100" Min="0"></item><item title="SPECTRUMMARGIN" Max="1000" Min="0"></item></Criteria><Record><item title="Modulation" value="MCS9NSS1"></item><item title="Bandwidth" value="80"></item><item title="Channel" value="52"></item><item title="Antenna" value="0"></item><item title="ExpectedPower" value="12"></item><item title="Power" value="12"></item><item title="TestType" value="Tx"></item><item title="EVM" value="-38,0809" result="PASS"></item><item title="FREQERR" value="0,652194" result="PASS"></item><item title="SYMCLOCKERR" value="1,47449" result="PASS"></item><item title="POWER" value="9,3689" result="FAIL"></item><item title="LOLEAKAGE" value="-34,4241" result="PASS"></item><item title="SPECTRUMMASK" value="16,5465" result="PASS"></item><item title="SPECTRUMMARGIN" value="16,5465" result="PASS"></item></Record><Criteria><item title="Modulation" value="MCS9NSS1"></item><item title="Bandwidth" value="80"></item><item title="Antenna" value="0"></item><item title="Channel" value="52"></item><item title="RfIcTemperature" value="60"></item><item title="CpuTemperature" value="62"></item><item title="ExpectedPower" value="13"></item><item title="EVM" Max="-32" Min="-100"></item><item title="FREQERR" Max="15" Min="-15"></item><item title="SYMCLOCKERR" Max="20" Min="-100"></item><item title="POWER" Max="14,5" Min="11,5" Avg="13"></item><item title="LOLEAKAGE" Max="-17" Min="-100"></item><item title="SPECTRUMMASK" Max="100" Min="0"></item><item title="SPECTRUMMARGIN" Max="1000" Min="0"></item></Criteria><Record><item title="Modulation" value="MCS9NSS1"></item><item title="Bandwidth" value="80"></item><item title="Channel" value="52"></item><item title="Antenna" value="0"></item><item title="ExpectedPower" value="13"></item><item title="Power" value="13"></item><item title="TestType" value="Tx"></item><item title="EVM" value="-39,4383" result="PASS"></item><item title="FREQERR" value="0,635999" result="PASS"></item><item title="SYMCLOCKERR" value="0,756157" result="PASS"></item><item title="POWER" value="10,2647" result="FAIL"></item><item title="LOLEAKAGE" value="-35,4269" result="PASS"></item><item title="SPECTRUMMASK" value="15,6951" result="PASS"></item><item title="SPECTRUMMARGIN" value="15,6951" result="PASS"></item></Record><Criteria><item title="Modulation" value="MCS9NSS1"></item><item title="Bandwidth" value="80"></item><item title="Antenna" value="0"></item><item title="Channel" value="52"></item><item title="RfIcTemperature" value="60"></item><item title="CpuTemperature" value="62"></item><item title="ExpectedPower" value="14"></item><item title="EVM" Max="-32" Min="-100"></item><item title="FREQERR" Max="15" Min="-15"></item><item title="SYMCLOCKERR" Max="20" Min="-100"></item><item title="POWER" Max="15,5" Min="12,5" Avg="14"></item><item title="LOLEAKAGE" Max="-17" Min="-100"></item><item title="SPECTRUMMASK" Max="100" Min="0"></item><item title="SPECTRUMMARGIN" Max="1000" Min="0"></item></Criteria><Record><item title="Modulation" value="MCS9NSS1"></item><item title="Bandwidth" value="80"></item><item title="Channel" value="52"></item><item title="Antenna" value="0"></item><item title="ExpectedPower" value="14"></item><item title="Power" value="14"></item><item title="TestType" value="Tx"></item><item title="EVM" value="-38,7029" result="PASS"></item><item title="FREQERR" value="0,630174" result="PASS"></item><item title="SYMCLOCKERR" value="0,452663" result="PASS"></item><item title="POWER" value="11,2908" result="FAIL"></item><item title="LOLEAKAGE" value="-38,1787" result="PASS"></item><item title="SPECTRUMMASK" value="15,5954" result="PASS"></item><item title="SPECTRUMMARGIN" value="15,5954" result="PASS"></item></Record><Criteria><item title="Modulation" value="MCS9NSS1"></item><item title="Bandwidth" value="80"></item><item title="Antenna" value="0"></item><item title="Channel" value="52"></item><item title="RfIcTemperature" value="60"></item><item title="CpuTemperature" value="62"></item><item title="ExpectedPower" value="15"></item><item title="EVM" Max="-32" Min="-100"></item><item title="FREQERR" Max="15" Min="-15"></item><item title="SYMCLOCKERR" Max="20" Min="-100"></item><item title="POWER" Max="16,5" Min="13,5" Avg="15"></item><item title="LOLEAKAGE" Max="-17" Min="-100"></item><item title="SPECTRUMMASK" Max="100" Min="0"></item><item title="SPECTRUMMARGIN" Max="1000" Min="0"></item></Criteria><Record><item title="Modulation" value="MCS9NSS1"></item><item title="Bandwidth" value="80"></item><item title="Channel" value="52"></item><item title="Antenna" value="0"></item><item title="ExpectedPower" value="15"></item><item title="Power" value="15"></item><item title="TestType" value="Tx"></item><item title="EVM" value="-37,5345" result="PASS"></item><item title="FREQERR" value="0,643206" result="PASS"></item><item title="SYMCLOCKERR" value="0,688188" result="PASS"></item><item title="POWER" value="12,3256" result="FAIL"></item><item title="LOLEAKAGE" value="-38,9101" result="PASS"></item><item title="SPECTRUMMASK" value="16,4946" result="PASS"></item><item title="SPECTRUMMARGIN" value="16,4946" result="PASS"></item></Record><Criteria><item title="Modulation" value="MCS9NSS1"></item><item title="Bandwidth" value="80"></item><item title="Antenna" value="0"></item><item title="Channel" value="52"></item><item title="RfIcTemperature" value="60"></item><item title="CpuTemperature" value="62"></item><item title="ExpectedPower" value="16"></item><item title="EVM" Max="-32" Min="-100"></item><item title="FREQERR" Max="15" Min="-15"></item><item title="SYMCLOCKERR" Max="20" Min="-100"></item><item title="POWER" Max="17,5" Min="14,5" Avg="16"></item><item title="LOLEAKAGE" Max="-17" Min="-100"></item><item title="SPECTRUMMASK" Max="100" Min="0"></item><item title="SPECTRUMMARGIN" Max="1000" Min="0"></item></Criteria><Record><item title="Modulation" value="MCS9NSS1"></item><item title="Bandwidth" value="80"></item><item title="Channel" value="52"></item><item title="Antenna" value="0"></item><item title="ExpectedPower" value="16"></item><item title="Power" value="16"></item><item title="TestType" value="Tx"></item><item title="EVM" value="-38,0338" result="PASS"></item><item title="FREQERR" value="0,639605" result="PASS"></item><item title="SYMCLOCKERR" value="0,336997" result="PASS"></item><item title="POWER" value="13,3793" result="FAIL"></item><item title="LOLEAKAGE" value="-38,4372" result="PASS"></item><item title="SPECTRUMMASK" value="16,2355" result="PASS"></item><item title="SPECTRUMMARGIN" value="16,2355" result="PASS"></item></Record><Criteria><item title="Modulation" value="MCS9NSS1"></item><item title="Bandwidth" value="80"></item><item title="Antenna" value="0"></item><item title="Channel" value="52"></item><item title="RfIcTemperature" value="60"></item><item title="CpuTemperature" value="62"></item><item title="ExpectedPower" value="17"></item><item title="EVM" Max="-32" Min="-100"></item><item title="FREQERR" Max="15" Min="-15"></item><item title="SYMCLOCKERR" Max="20" Min="-100"></item><item title="POWER" Max="18,5" Min="15,5" Avg="17"></item><item title="LOLEAKAGE" Max="-17" Min="-100"></item><item title="SPECTRUMMASK" Max="100" Min="0"></item><item title="SPECTRUMMARGIN" Max="1000" Min="0"></item></Criteria><Record><item title="Modulation" value="MCS9NSS1"></item><item title="Bandwidth" value="80"></item><item title="Channel" value="52"></item><item title="Antenna" value="0"></item><item title="ExpectedPower" value="17"></item><item title="Power" value="17"></item><item title="TestType" value="Tx"></item><item title="EVM" value="-33,6121" result="PASS"></item><item title="FREQERR" value="0,640114" result="PASS"></item><item title="SYMCLOCKERR" value="0,323048" result="PASS"></item><item title="POWER" value="14,4008" result="FAIL"></item><item title="LOLEAKAGE" value="-43,9309" result="PASS"></item><item title="SPECTRUMMASK" value="16,2915" result="PASS"></item><item title="SPECTRUMMARGIN" value="16,2915" result="PASS"></item></Record><Criteria><item title="Modulation" value="MCS9NSS1"></item><item title="Bandwidth" value="80"></item><item title="Antenna" value="0"></item><item title="Channel" value="52"></item><item title="RfIcTemperature" value="60"></item><item title="CpuTemperature" value="62"></item><item title="ExpectedPower" value="18"></item><item title="EVM" Max="-32" Min="-100"></item><item title="FREQERR" Max="15" Min="-15"></item><item title="SYMCLOCKERR" Max="20" Min="-100"></item><item title="POWER" Max="19,5" Min="16,5" Avg="18"></item><item title="LOLEAKAGE" Max="-17" Min="-100"></item><item title="SPECTRUMMASK" Max="100" Min="0"></item><item title="SPECTRUMMARGIN" Max="1000" Min="0"></item></Criteria><Record><item title="Modulation" value="MCS9NSS1"></item><item title="Bandwidth" value="80"></item><item title="Channel" value="52"></item><item title="Antenna" value="0"></item><item title="ExpectedPower" value="18"></item><item title="Power" value="18"></item><item title="TestType" value="Tx"></item><item title="EVM" value="-36,1012" result="PASS"></item><item title="FREQERR" value="0,633255" result="PASS"></item><item title="SYMCLOCKERR" value="0,304989" result="PASS"></item><item title="POWER" value="15,243" result="FAIL"></item><item title="LOLEAKAGE" value="-41,9547" result="PASS"></item><item title="SPECTRUMMASK" value="16,27" result="PASS"></item><item title="SPECTRUMMARGIN" value="16,27" result="PASS"></item></Record><Criteria><item title="Modulation" value="MCS9NSS1"></item><item title="Bandwidth" value="80"></item><item title="Antenna" value="0"></item><item title="Channel" value="52"></item><item title="RfIcTemperature" value="60"></item><item title="CpuTemperature" value="62"></item><item title="ExpectedPower" value="19"></item><item title="EVM" Max="-32" Min="-100"></item><item title="FREQERR" Max="15" Min="-15"></item><item title="SYMCLOCKERR" Max="20" Min="-100"></item><item title="POWER" Max="20,5" Min="17,5" Avg="19"></item><item title="LOLEAKAGE" Max="-17" Min="-100"></item><item title="SPECTRUMMASK" Max="100" Min="0"></item><item title="SPECTRUMMARGIN" Max="1000" Min="0"></item></Criteria><Record><item title="Modulation" value="MCS9NSS1"></item><item title="Bandwidth" value="80"></item><item title="Channel" value="52"></item><item title="Antenna" value="0"></item><item title="ExpectedPower" value="19"></item><item title="Power" value="19"></item><item title="TestType" value="Tx"></item><item title="EVM" value="-36,4575" result="PASS"></item><item title="FREQERR" value="0,643849" result="PASS"></item><item title="SYMCLOCKERR" value="-0,508773" result="PASS"></item><item title="POWER" value="16,3879" result="FAIL"></item><item title="LOLEAKAGE" value="-47,6978" result="PASS"></item><item title="SPECTRUMMASK" value="15,8256" result="PASS"></item><item title="SPECTRUMMARGIN" value="15,8256" result="PASS"></item></Record><Criteria><item title="Modulation" value="MCS9NSS1"></item><item title="Bandwidth" value="80"></item><item title="Antenna" value="0"></item><item title="Channel" value="52"></item><item title="RfIcTemperature" value="60"></item><item title="CpuTemperature" value="62"></item><item title="ExpectedPower" value="20"></item><item title="EVM" Max="-32" Min="-100"></item><item title="FREQERR" Max="15" Min="-15"></item><item title="SYMCLOCKERR" Max="20" Min="-100"></item><item title="POWER" Max="21,5" Min="18,5" Avg="20"></item><item title="LOLEAKAGE" Max="-17" Min="-100"></item><item title="SPECTRUMMASK" Max="100" Min="0"></item><item title="SPECTRUMMARGIN" Max="1000" Min="0"></item></Criteria><Record><item title="Modulation" value="MCS9NSS1"></item><item title="Bandwidth" value="80"></item><item title="Channel" value="52"></item><item title="Antenna" value="0"></item><item title="ExpectedPower" value="20"></item><item title="Power" value="20"></item><item title="TestType" value="Tx"></item><item title="EVM" value="-35,597" result="PASS"></item><item title="FREQERR" value="0,63037" result="PASS"></item><item title="SYMCLOCKERR" value="-0,454467" result="PASS"></item><item title="POWER" value="17,5406" result="FAIL"></item><item title="LOLEAKAGE" value="-42,7155" result="PASS"></item><item title="SPECTRUMMASK" value="16,2987" result="PASS"></item><item title="SPECTRUMMARGIN" value="16,2987" result="PASS"></item></Record><Criteria><item title="Modulation" value="MCS9NSS1"></item><item title="Bandwidth" value="80"></item><item title="Antenna" value="0"></item><item title="Channel" value="52"></item><item title="RfIcTemperature" value="60"></item><item title="CpuTemperature" value="62"></item><item title="ExpectedPower" value="21"></item><item title="EVM" Max="-32" Min="-100"></item><item title="FREQERR" Max="15" Min="-15"></item><item title="SYMCLOCKERR" Max="20" Min="-100"></item><item title="POWER" Max="22,5" Min="19,5" Avg="21"></item><item title="LOLEAKAGE" Max="-17" Min="-100"></item><item title="SPECTRUMMASK" Max="100" Min="0"></item><item title="SPECTRUMMARGIN" Max="1000" Min="0"></item></Criteria><Record><item title="Modulation" value="MCS9NSS1"></item><item title="Bandwidth" value="80"></item><item title="Channel" value="52"></item><item title="Antenna" value="0"></item><item title="ExpectedPower" value="21"></item><item title="Power" value="21"></item><item title="TestType" value="Tx"></item><item title="EVM" value="-34,987" result="PASS"></item><item title="FREQERR" value="0,635884" result="PASS"></item><item title="SYMCLOCKERR" value="0,295964" result="PASS"></item><item title="POWER" value="18,5292" result="FAIL"></item><item title="LOLEAKAGE" value="-50,993" result="PASS"></item><item title="SPECTRUMMASK" value="16,2042" result="PASS"></item><item title="SPECTRUMMARGIN" value="16,2042" result="PASS"></item></Record><Criteria><item title="Modulation" value="MCS9NSS1"></item><item title="Bandwidth" value="80"></item><item title="Antenna" value="0"></item><item title="Channel" value="52"></item><item title="RfIcTemperature" value="60"></item><item title="CpuTemperature" value="62"></item><item title="ExpectedPower" value="22"></item><item title="EVM" Max="-32" Min="-100"></item><item title="FREQERR" Max="15" Min="-15"></item><item title="SYMCLOCKERR" Max="20" Min="-100"></item><item title="POWER" Max="23,5" Min="20,5" Avg="22"></item><item title="LOLEAKAGE" Max="-17" Min="-100"></item><item title="SPECTRUMMASK" Max="100" Min="0"></item><item title="SPECTRUMMARGIN" Max="1000" Min="0"></item></Criteria><Record><item title="Modulation" value="MCS9NSS1"></item><item title="Bandwidth" value="80"></item><item title="Channel" value="52"></item><item title="Antenna" value="0"></item><item title="ExpectedPower" value="22"></item><item title="Power" value="22"></item><item title="TestType" value="Tx"></item><item title="EVM" value="-34,4649" result="PASS"></item><item title="FREQERR" value="0,645913" result="PASS"></item><item title="SYMCLOCKERR" value="-0,855849" result="PASS"></item><item title="POWER" value="19,5188" result="FAIL"></item><item title="LOLEAKAGE" value="-50,8389" result="PASS"></item><item title="SPECTRUMMASK" value="14,8261" result="PASS"></item><item title="SPECTRUMMARGIN" value="14,8261" result="PASS"></item></Record><Criteria><item title="Modulation" value="MCS9NSS1"></item><item title="Bandwidth" value="80"></item><item title="Antenna" value="0"></item><item title="Channel" value="52"></item><item title="RfIcTemperature" value="60"></item><item title="CpuTemperature" value="62"></item><item title="ExpectedPower" value="23"></item><item title="EVM" Max="-32" Min="-100"></item><item title="FREQERR" Max="15" Min="-15"></item><item title="SYMCLOCKERR" Max="20" Min="-100"></item><item title="POWER" Max="24,5" Min="21,5" Avg="23"></item><item title="LOLEAKAGE" Max="-17" Min="-100"></item><item title="SPECTRUMMASK" Max="100" Min="0"></item><item title="SPECTRUMMARGIN" Max="1000" Min="0"></item></Criteria><Record><item title="Modulation" value="MCS9NSS1"></item><item title="Bandwidth" value="80"></item><item title="Channel" value="52"></item><item title="Antenna" value="0"></item><item title="ExpectedPower" value="23"></item><item title="Power" value="23"></item><item title="TestType" value="Tx"></item><item title="EVM" value="-31,6684" result="FAIL"></item><item title="FREQERR" value="0,631858" result="PASS"></item><item title="SYMCLOCKERR" value="0,276939" result="PASS"></item><item title="POWER" value="20,6564" result="FAIL"></item><item title="LOLEAKAGE" value="-50,8945" result="PASS"></item><item title="SPECTRUMMASK" value="13,8002" result="PASS"></item><item title="SPECTRUMMARGIN" value="13,8002" result="PASS"></item></Record><Criteria><item title="Modulation" value="MCS9NSS1"></item><item title="Bandwidth" value="80"></item><item title="Antenna" value="0"></item><item title="Channel" value="52"></item><item title="RfIcTemperature" value="60"></item><item title="CpuTemperature" value="62"></item><item title="ExpectedPower" value="24"></item><item title="EVM" Max="-32" Min="-100"></item><item title="FREQERR" Max="15" Min="-15"></item><item title="SYMCLOCKERR" Max="20" Min="-100"></item><item title="POWER" Max="25,5" Min="22,5" Avg="24"></item><item title="LOLEAKAGE" Max="-17" Min="-100"></item><item title="SPECTRUMMASK" Max="100" Min="0"></item><item title="SPECTRUMMARGIN" Max="1000" Min="0"></item></Criteria><Record><item title="Modulation" value="MCS9NSS1"></item><item title="Bandwidth" value="80"></item><item title="Channel" value="52"></item><item title="Antenna" value="0"></item><item title="ExpectedPower" value="24"></item><item title="Power" value="24"></item><item title="TestType" value="Tx"></item><item title="EVM" value="-29,9199" result="FAIL"></item><item title="FREQERR" value="0,63735" result="PASS"></item><item title="SYMCLOCKERR" value="-0,208658" result="PASS"></item><item title="POWER" value="21,7698" result="FAIL"></item><item title="LOLEAKAGE" value="-46,6194" result="PASS"></item><item title="SPECTRUMMASK" value="11,7114" result="PASS"></item><item title="SPECTRUMMARGIN" value="11,7114" result="PASS"></item></Record><Criteria><item title="Modulation" value="MCS9NSS1"></item><item title="Bandwidth" value="80"></item><item title="Antenna" value="0"></item><item title="Channel" value="52"></item><item title="RfIcTemperature" value="60"></item><item title="CpuTemperature" value="62"></item><item title="ExpectedPower" value="25"></item><item title="EVM" Max="-32" Min="-100"></item><item title="FREQERR" Max="15" Min="-15"></item><item title="SYMCLOCKERR" Max="20" Min="-100"></item><item title="POWER" Max="26,5" Min="23,5" Avg="25"></item><item title="LOLEAKAGE" Max="-17" Min="-100"></item><item title="SPECTRUMMASK" Max="100" Min="0"></item><item title="SPECTRUMMARGIN" Max="1000" Min="0"></item></Criteria><Record><item title="Modulation" value="MCS9NSS1"></item><item title="Bandwidth" value="80"></item><item title="Channel" value="52"></item><item title="Antenna" value="0"></item><item title="ExpectedPower" value="25"></item><item title="Power" value="25"></item><item title="TestType" value="Tx"></item><item title="EVM" value="-26,3317" result="FAIL"></item><item title="FREQERR" value="0,652694" result="PASS"></item><item title="SYMCLOCKERR" value="0,357294" result="PASS"></item><item title="POWER" value="22,7001" result="FAIL"></item><item title="LOLEAKAGE" value="-45,4099" result="PASS"></item><item title="SPECTRUMMASK" value="8,42152" result="PASS"></item><item title="SPECTRUMMARGIN" value="8,42152" result="PASS"></item></Record><Criteria><item title="Modulation" value="MCS9NSS1"></item><item title="Bandwidth" value="80"></item><item title="Antenna" value="1"></item><item title="Channel" value="52"></item><item title="RfIcTemperature" value="60"></item><item title="CpuTemperature" value="62"></item><item title="ExpectedPower" value="10"></item><item title="EVM" Max="-32" Min="-100"></item><item title="FREQERR" Max="15" Min="-15"></item><item title="SYMCLOCKERR" Max="20" Min="-100"></item><item title="POWER" Max="11,5" Min="8,5" Avg="10"></item><item title="LOLEAKAGE" Max="-17" Min="-100"></item><item title="SPECTRUMMASK" Max="100" Min="0"></item><item title="SPECTRUMMARGIN" Max="1000" Min="0"></item></Criteria><Record><item title="Modulation" value="MCS9NSS1"></item><item title="Bandwidth" value="80"></item><item title="Channel" value="52"></item><item title="Antenna" value="1"></item><item title="ExpectedPower" value="10"></item><item title="Power" value="10"></item><item title="TestType" value="Tx"></item><item title="EVM" value="-37,0026" result="PASS"></item><item title="FREQERR" value="0,651959" result="PASS"></item><item title="SYMCLOCKERR" value="1,51308" result="PASS"></item><item title="POWER" value="7,32788" result="FAIL"></item><item title="LOLEAKAGE" value="-29,7146" result="PASS"></item><item title="SPECTRUMMASK" value="16,5247" result="PASS"></item><item title="SPECTRUMMARGIN" value="16,5247" result="PASS"></item></Record><Criteria><item title="Modulation" value="MCS9NSS1"></item><item title="Bandwidth" value="80"></item><item title="Antenna" value="1"></item><item title="Channel" value="52"></item><item title="RfIcTemperature" value="60"></item><item title="CpuTemperature" value="62"></item><item title="ExpectedPower" value="11"></item><item title="EVM" Max="-32" Min="-100"></item><item title="FREQERR" Max="15" Min="-15"></item><item title="SYMCLOCKERR" Max="20" Min="-100"></item><item title="POWER" Max="12,5" Min="9,5" Avg="11"></item><item title="LOLEAKAGE" Max="-17" Min="-100"></item><item title="SPECTRUMMASK" Max="100" Min="0"></item><item title="SPECTRUMMARGIN" Max="1000" Min="0"></item></Criteria><Record><item title="Modulation" value="MCS9NSS1"></item><item title="Bandwidth" value="80"></item><item title="Channel" value="52"></item><item title="Antenna" value="1"></item><item title="ExpectedPower" value="11"></item><item title="Power" value="11"></item><item title="TestType" value="Tx"></item><item title="EVM" value="-37,8344" result="PASS"></item><item title="FREQERR" value="0,633908" result="PASS"></item><item title="SYMCLOCKERR" value="0,676158" result="PASS"></item><item title="POWER" value="8,20186" result="FAIL"></item><item title="LOLEAKAGE" value="-31,725" result="PASS"></item><item title="SPECTRUMMASK" value="16,3882" result="PASS"></item><item title="SPECTRUMMARGIN" value="16,3882" result="PASS"></item></Record><Criteria><item title="Modulation" value="MCS9NSS1"></item><item title="Bandwidth" value="80"></item><item title="Antenna" value="1"></item><item title="Channel" value="52"></item><item title="RfIcTemperature" value="60"></item><item title="CpuTemperature" value="62"></item><item title="ExpectedPower" value="12"></item><item title="EVM" Max="-32" Min="-100"></item><item title="FREQERR" Max="15" Min="-15"></item><item title="SYMCLOCKERR" Max="20" Min="-100"></item><item title="POWER" Max="13,5" Min="10,5" Avg="12"></item><item title="LOLEAKAGE" Max="-17" Min="-100"></item><item title="SPECTRUMMASK" Max="100" Min="0"></item><item title="SPECTRUMMARGIN" Max="1000" Min="0"></item></Criteria><Record><item title="Modulation" value="MCS9NSS1"></item><item title="Bandwidth" value="80"></item><item title="Channel" value="52"></item><item title="Antenna" value="1"></item><item title="ExpectedPower" value="12"></item><item title="Power" value="12"></item><item title="TestType" value="Tx"></item><item title="EVM" value="-37,8613" result="PASS"></item><item title="FREQERR" value="0,635621" result="PASS"></item><item title="SYMCLOCKERR" value="0,555113" result="PASS"></item><item title="POWER" value="9,18355" result="FAIL"></item><item title="LOLEAKAGE" value="-34,7071" result="PASS"></item><item title="SPECTRUMMASK" value="15,8731" result="PASS"></item><item title="SPECTRUMMARGIN" value="15,8731" result="PASS"></item></Record><Criteria><item title="Modulation" value="MCS9NSS1"></item><item title="Bandwidth" value="80"></item><item title="Antenna" value="1"></item><item title="Channel" value="52"></item><item title="RfIcTemperature" value="60"></item><item title="CpuTemperature" value="62"></item><item title="ExpectedPower" value="13"></item><item title="EVM" Max="-32" Min="-100"></item><item title="FREQERR" Max="15" Min="-15"></item><item title="SYMCLOCKERR" Max="20" Min="-100"></item><item title="POWER" Max="14,5" Min="11,5" Avg="13"></item><item title="LOLEAKAGE" Max="-17" Min="-100"></item><item title="SPECTRUMMASK" Max="100" Min="0"></item><item title="SPECTRUMMARGIN" Max="1000" Min="0"></item></Criteria><Record><item title="Modulation" value="MCS9NSS1"></item><item title="Bandwidth" value="80"></item><item title="Channel" value="52"></item><item title="Antenna" value="1"></item><item title="ExpectedPower" value="13"></item><item title="Power" value="13"></item><item title="TestType" value="Tx"></item><item title="EVM" value="-37,2094" result="PASS"></item><item title="FREQERR" value="0,632737" result="PASS"></item><item title="SYMCLOCKERR" value="0,592299" result="PASS"></item><item title="POWER" value="10,5467" result="FAIL"></item><item title="LOLEAKAGE" value="-35,1664" result="PASS"></item><item title="SPECTRUMMASK" value="15,4441" result="PASS"></item><item title="SPECTRUMMARGIN" value="15,4441" result="PASS"></item></Record><Criteria><item title="Modulation" value="MCS9NSS1"></item><item title="Bandwidth" value="80"></item><item title="Antenna" value="1"></item><item title="Channel" value="52"></item><item title="RfIcTemperature" value="60"></item><item title="CpuTemperature" value="62"></item><item title="ExpectedPower" value="14"></item><item title="EVM" Max="-32" Min="-100"></item><item title="FREQERR" Max="15" Min="-15"></item><item title="SYMCLOCKERR" Max="20" Min="-100"></item><item title="POWER" Max="15,5" Min="12,5" Avg="14"></item><item title="LOLEAKAGE" Max="-17" Min="-100"></item><item title="SPECTRUMMASK" Max="100" Min="0"></item><item title="SPECTRUMMARGIN" Max="1000" Min="0"></item></Criteria><Record><item title="Modulation" value="MCS9NSS1"></item><item title="Bandwidth" value="80"></item><item title="Channel" value="52"></item><item title="Antenna" value="1"></item><item title="ExpectedPower" value="14"></item><item title="Power" value="14"></item><item title="TestType" value="Tx"></item><item title="EVM" value="-37,7799" result="PASS"></item><item title="FREQERR" value="0,637802" result="PASS"></item><item title="SYMCLOCKERR" value="0,196234" result="PASS"></item><item title="POWER" value="11,389" result="FAIL"></item><item title="LOLEAKAGE" value="-35,1734" result="PASS"></item><item title="SPECTRUMMASK" value="16,9528" result="PASS"></item><item title="SPECTRUMMARGIN" value="16,9528" result="PASS"></item></Record><Criteria><item title="Modulation" value="MCS9NSS1"></item><item title="Bandwidth" value="80"></item><item title="Antenna" value="1"></item><item title="Channel" value="52"></item><item title="RfIcTemperature" value="60"></item><item title="CpuTemperature" value="62"></item><item title="ExpectedPower" value="15"></item><item title="EVM" Max="-32" Min="-100"></item><item title="FREQERR" Max="15" Min="-15"></item><item title="SYMCLOCKERR" Max="20" Min="-100"></item><item title="POWER" Max="16,5" Min="13,5" Avg="15"></item><item title="LOLEAKAGE" Max="-17" Min="-100"></item><item title="SPECTRUMMASK" Max="100" Min="0"></item><item title="SPECTRUMMARGIN" Max="1000" Min="0"></item></Criteria><Record><item title="Modulation" value="MCS9NSS1"></item><item title="Bandwidth" value="80"></item><item title="Channel" value="52"></item><item title="Antenna" value="1"></item><item title="ExpectedPower" value="15"></item><item title="Power" value="15"></item><item title="TestType" value="Tx"></item><item title="EVM" value="-39,1597" result="PASS"></item><item title="FREQERR" value="0,628307" result="PASS"></item><item title="SYMCLOCKERR" value="1,02625" result="PASS"></item><item title="POWER" value="12,3734" result="FAIL"></item><item title="LOLEAKAGE" value="-38,995" result="PASS"></item><item title="SPECTRUMMASK" value="16,0649" result="PASS"></item><item title="SPECTRUMMARGIN" value="16,0649" result="PASS"></item></Record><Criteria><item title="Modulation" value="MCS9NSS1"></item><item title="Bandwidth" value="80"></item><item title="Antenna" value="1"></item><item title="Channel" value="52"></item><item title="RfIcTemperature" value="60"></item><item title="CpuTemperature" value="62"></item><item title="ExpectedPower" value="16"></item><item title="EVM" Max="-32" Min="-100"></item><item title="FREQERR" Max="15" Min="-15"></item><item title="SYMCLOCKERR" Max="20" Min="-100"></item><item title="POWER" Max="17,5" Min="14,5" Avg="16"></item><item title="LOLEAKAGE" Max="-17" Min="-100"></item><item title="SPECTRUMMASK" Max="100" Min="0"></item><item title="SPECTRUMMARGIN" Max="1000" Min="0"></item></Criteria><Record><item title="Modulation" value="MCS9NSS1"></item><item title="Bandwidth" value="80"></item><item title="Channel" value="52"></item><item title="Antenna" value="1"></item><item title="ExpectedPower" value="16"></item><item title="Power" value="16"></item><item title="TestType" value="Tx"></item><item title="EVM" value="-38,351" result="PASS"></item><item title="FREQERR" value="0,631854" result="PASS"></item><item title="SYMCLOCKERR" value="0,764023" result="PASS"></item><item title="POWER" value="13,4287" result="FAIL"></item><item title="LOLEAKAGE" value="-39,3331" result="PASS"></item><item title="SPECTRUMMASK" value="16,5562" result="PASS"></item><item title="SPECTRUMMARGIN" value="16,5562" result="PASS"></item></Record><Criteria><item title="Modulation" value="MCS9NSS1"></item><item title="Bandwidth" value="80"></item><item title="Antenna" value="1"></item><item title="Channel" value="52"></item><item title="RfIcTemperature" value="60"></item><item title="CpuTemperature" value="62"></item><item title="ExpectedPower" value="17"></item><item title="EVM" Max="-32" Min="-100"></item><item title="FREQERR" Max="15" Min="-15"></item><item title="SYMCLOCKERR" Max="20" Min="-100"></item><item title="POWER" Max="18,5" Min="15,5" Avg="17"></item><item title="LOLEAKAGE" Max="-17" Min="-100"></item><item title="SPECTRUMMASK" Max="100" Min="0"></item><item title="SPECTRUMMARGIN" Max="1000" Min="0"></item></Criteria><Record><item title="Modulation" value="MCS9NSS1"></item><item title="Bandwidth" value="80"></item><item title="Channel" value="52"></item><item title="Antenna" value="1"></item><item title="ExpectedPower" value="17"></item><item title="Power" value="17"></item><item title="TestType" value="Tx"></item><item title="EVM" value="-38,9607" result="PASS"></item><item title="FREQERR" value="0,636392" result="PASS"></item><item title="SYMCLOCKERR" value="0,646569" result="PASS"></item><item title="POWER" value="14,3759" result="FAIL"></item><item title="LOLEAKAGE" value="-47,1582" result="PASS"></item><item title="SPECTRUMMASK" value="16,6245" result="PASS"></item><item title="SPECTRUMMARGIN" value="16,6245" result="PASS"></item></Record><Criteria><item title="Modulation" value="MCS9NSS1"></item><item title="Bandwidth" value="80"></item><item title="Antenna" value="1"></item><item title="Channel" value="52"></item><item title="RfIcTemperature" value="60"></item><item title="CpuTemperature" value="62"></item><item title="ExpectedPower" value="18"></item><item title="EVM" Max="-32" Min="-100"></item><item title="FREQERR" Max="15" Min="-15"></item><item title="SYMCLOCKERR" Max="20" Min="-100"></item><item title="POWER" Max="19,5" Min="16,5" Avg="18"></item><item title="LOLEAKAGE" Max="-17" Min="-100"></item><item title="SPECTRUMMASK" Max="100" Min="0"></item><item title="SPECTRUMMARGIN" Max="1000" Min="0"></item></Criteria><Record><item title="Modulation" value="MCS9NSS1"></item><item title="Bandwidth" value="80"></item><item title="Channel" value="52"></item><item title="Antenna" value="1"></item><item title="ExpectedPower" value="18"></item><item title="Power" value="18"></item><item title="TestType" value="Tx"></item><item title="EVM" value="-37,2112" result="PASS"></item><item title="FREQERR" value="0,637287" result="PASS"></item><item title="SYMCLOCKERR" value="1,09956" result="PASS"></item><item title="POWER" value="15,2068" result="FAIL"></item><item title="LOLEAKAGE" value="-46,9347" result="PASS"></item><item title="SPECTRUMMASK" value="15,873" result="PASS"></item><item title="SPECTRUMMARGIN" value="15,873" result="PASS"></item></Record><Criteria><item title="Modulation" value="MCS9NSS1"></item><item title="Bandwidth" value="80"></item><item title="Antenna" value="1"></item><item title="Channel" value="52"></item><item title="RfIcTemperature" value="60"></item><item title="CpuTemperature" value="62"></item><item title="ExpectedPower" value="19"></item><item title="EVM" Max="-32" Min="-100"></item><item title="FREQERR" Max="15" Min="-15"></item><item title="SYMCLOCKERR" Max="20" Min="-100"></item><item title="POWER" Max="20,5" Min="17,5" Avg="19"></item><item title="LOLEAKAGE" Max="-17" Min="-100"></item><item title="SPECTRUMMASK" Max="100" Min="0"></item><item title="SPECTRUMMARGIN" Max="1000" Min="0"></item></Criteria><Record><item title="Modulation" value="MCS9NSS1"></item><item title="Bandwidth" value="80"></item><item title="Channel" value="52"></item><item title="Antenna" value="1"></item><item title="ExpectedPower" value="19"></item><item title="Power" value="19"></item><item title="TestType" value="Tx"></item><item title="EVM" value="-36,793" result="PASS"></item><item title="FREQERR" value="0,638289" result="PASS"></item><item title="SYMCLOCKERR" value="1,26268" result="PASS"></item><item title="POWER" value="16,4587" result="FAIL"></item><item title="LOLEAKAGE" value="-55,7259" result="PASS"></item><item title="SPECTRUMMASK" value="16,531" result="PASS"></item><item title="SPECTRUMMARGIN" value="16,531" result="PASS"></item></Record><Criteria><item title="Modulation" value="MCS9NSS1"></item><item title="Bandwidth" value="80"></item><item title="Antenna" value="1"></item><item title="Channel" value="52"></item><item title="RfIcTemperature" value="60"></item><item title="CpuTemperature" value="62"></item><item title="ExpectedPower" value="20"></item><item title="EVM" Max="-32" Min="-100"></item><item title="FREQERR" Max="15" Min="-15"></item><item title="SYMCLOCKERR" Max="20" Min="-100"></item><item title="POWER" Max="21,5" Min="18,5" Avg="20"></item><item title="LOLEAKAGE" Max="-17" Min="-100"></item><item title="SPECTRUMMASK" Max="100" Min="0"></item><item title="SPECTRUMMARGIN" Max="1000" Min="0"></item></Criteria><Record><item title="Modulation" value="MCS9NSS1"></item><item title="Bandwidth" value="80"></item><item title="Channel" value="52"></item><item title="Antenna" value="1"></item><item title="ExpectedPower" value="20"></item><item title="Power" value="20"></item><item title="TestType" value="Tx"></item><item title="EVM" value="-38,2622" result="PASS"></item><item title="FREQERR" value="0,64114" result="PASS"></item><item title="SYMCLOCKERR" value="1,34834" result="PASS"></item><item title="POWER" value="17,2391" result="FAIL"></item><item title="LOLEAKAGE" value="-47,8205" result="PASS"></item><item title="SPECTRUMMASK" value="16,7932" result="PASS"></item><item title="SPECTRUMMARGIN" value="16,7932" result="PASS"></item></Record><Criteria><item title="Modulation" value="MCS9NSS1"></item><item title="Bandwidth" value="80"></item><item title="Antenna" value="1"></item><item title="Channel" value="52"></item><item title="RfIcTemperature" value="60"></item><item title="CpuTemperature" value="62"></item><item title="ExpectedPower" value="21"></item><item title="EVM" Max="-32" Min="-100"></item><item title="FREQERR" Max="15" Min="-15"></item><item title="SYMCLOCKERR" Max="20" Min="-100"></item><item title="POWER" Max="22,5" Min="19,5" Avg="21"></item><item title="LOLEAKAGE" Max="-17" Min="-100"></item><item title="SPECTRUMMASK" Max="100" Min="0"></item><item title="SPECTRUMMARGIN" Max="1000" Min="0"></item></Criteria><Record><item title="Modulation" value="MCS9NSS1"></item><item title="Bandwidth" value="80"></item><item title="Channel" value="52"></item><item title="Antenna" value="1"></item><item title="ExpectedPower" value="21"></item><item title="Power" value="21"></item><item title="TestType" value="Tx"></item><item title="EVM" value="-37,2377" result="PASS"></item><item title="FREQERR" value="0,624951" result="PASS"></item><item title="SYMCLOCKERR" value="1,00476" result="PASS"></item><item title="POWER" value="18,4966" result="FAIL"></item><item title="LOLEAKAGE" value="-51,6192" result="PASS"></item><item title="SPECTRUMMASK" value="16,9701" result="PASS"></item><item title="SPECTRUMMARGIN" value="16,9701" result="PASS"></item></Record><Criteria><item title="Modulation" value="MCS9NSS1"></item><item title="Bandwidth" value="80"></item><item title="Antenna" value="1"></item><item title="Channel" value="52"></item><item title="RfIcTemperature" value="60"></item><item title="CpuTemperature" value="62"></item><item title="ExpectedPower" value="22"></item><item title="EVM" Max="-32" Min="-100"></item><item title="FREQERR" Max="15" Min="-15"></item><item title="SYMCLOCKERR" Max="20" Min="-100"></item><item title="POWER" Max="23,5" Min="20,5" Avg="22"></item><item title="LOLEAKAGE" Max="-17" Min="-100"></item><item title="SPECTRUMMASK" Max="100" Min="0"></item><item title="SPECTRUMMARGIN" Max="1000" Min="0"></item></Criteria><Record><item title="Modulation" value="MCS9NSS1"></item><item title="Bandwidth" value="80"></item><item title="Channel" value="52"></item><item title="Antenna" value="1"></item><item title="ExpectedPower" value="22"></item><item title="Power" value="22"></item><item title="TestType" value="Tx"></item><item title="EVM" value="-33,0003" result="PASS"></item><item title="FREQERR" value="0,629944" result="PASS"></item><item title="SYMCLOCKERR" value="0,173735" result="PASS"></item><item title="POWER" value="19,3714" result="FAIL"></item><item title="LOLEAKAGE" value="-56,5785" result="PASS"></item><item title="SPECTRUMMASK" value="15,7049" result="PASS"></item><item title="SPECTRUMMARGIN" value="15,7049" result="PASS"></item></Record><Criteria><item title="Modulation" value="MCS9NSS1"></item><item title="Bandwidth" value="80"></item><item title="Antenna" value="1"></item><item title="Channel" value="52"></item><item title="RfIcTemperature" value="60"></item><item title="CpuTemperature" value="62"></item><item title="ExpectedPower" value="23"></item><item title="EVM" Max="-32" Min="-100"></item><item title="FREQERR" Max="15" Min="-15"></item><item title="SYMCLOCKERR" Max="20" Min="-100"></item><item title="POWER" Max="24,5" Min="21,5" Avg="23"></item><item title="LOLEAKAGE" Max="-17" Min="-100"></item><item title="SPECTRUMMASK" Max="100" Min="0"></item><item title="SPECTRUMMARGIN" Max="1000" Min="0"></item></Criteria><Record><item title="Modulation" value="MCS9NSS1"></item><item title="Bandwidth" value="80"></item><item title="Channel" value="52"></item><item title="Antenna" value="1"></item><item title="ExpectedPower" value="23"></item><item title="Power" value="23"></item><item title="TestType" value="Tx"></item><item title="EVM" value="-27,7882" result="FAIL"></item><item title="FREQERR" value="0,639584" result="PASS"></item><item title="SYMCLOCKERR" value="1,4175" result="PASS"></item><item title="POWER" value="20,462" result="FAIL"></item><item title="LOLEAKAGE" value="-49,1605" result="PASS"></item><item title="SPECTRUMMASK" value="12,6367" result="PASS"></item><item title="SPECTRUMMARGIN" value="12,6367" result="PASS"></item></Record><Criteria><item title="Modulation" value="MCS9NSS1"></item><item title="Bandwidth" value="80"></item><item title="Antenna" value="1"></item><item title="Channel" value="52"></item><item title="RfIcTemperature" value="60"></item><item title="CpuTemperature" value="62"></item><item title="ExpectedPower" value="24"></item><item title="EVM" Max="-32" Min="-100"></item><item title="FREQERR" Max="15" Min="-15"></item><item title="SYMCLOCKERR" Max="20" Min="-100"></item><item title="POWER" Max="25,5" Min="22,5" Avg="24"></item><item title="LOLEAKAGE" Max="-17" Min="-100"></item><item title="SPECTRUMMASK" Max="100" Min="0"></item><item title="SPECTRUMMARGIN" Max="1000" Min="0"></item></Criteria><Record><item title="Modulation" value="MCS9NSS1"></item><item title="Bandwidth" value="80"></item><item title="Channel" value="52"></item><item title="Antenna" value="1"></item><item title="ExpectedPower" value="24"></item><item title="Power" value="24"></item><item title="TestType" value="Tx"></item><item title="EVM" value="-25,3554" result="FAIL"></item><item title="FREQERR" value="0,664867" result="PASS"></item><item title="SYMCLOCKERR" value="2,41796" result="PASS"></item><item title="POWER" value="21,4811" result="FAIL"></item><item title="LOLEAKAGE" value="-45,0116" result="PASS"></item><item title="SPECTRUMMASK" value="8,87622" result="PASS"></item><item title="SPECTRUMMARGIN" value="8,87622" result="PASS"></item></Record><Criteria><item title="Modulation" value="MCS9NSS1"></item><item title="Bandwidth" value="80"></item><item title="Antenna" value="1"></item><item title="Channel" value="52"></item><item title="RfIcTemperature" value="60"></item><item title="CpuTemperature" value="62"></item><item title="ExpectedPower" value="25"></item><item title="EVM" Max="-32" Min="-100"></item><item title="FREQERR" Max="15" Min="-15"></item><item title="SYMCLOCKERR" Max="20" Min="-100"></item><item title="POWER" Max="26,5" Min="23,5" Avg="25"></item><item title="LOLEAKAGE" Max="-17" Min="-100"></item><item title="SPECTRUMMASK" Max="100" Min="0"></item><item title="SPECTRUMMARGIN" Max="1000" Min="0"></item></Criteria><Record><item title="Modulation" value="MCS9NSS1"></item><item title="Bandwidth" value="80"></item><item title="Channel" value="52"></item><item title="Antenna" value="1"></item><item title="ExpectedPower" value="25"></item><item title="Power" value="25"></item><item title="TestType" value="Tx"></item><item title="EVM" value="-23,8901" result="FAIL"></item><item title="FREQERR" value="0,621315" result="PASS"></item><item title="SYMCLOCKERR" value="6,08368" result="PASS"></item><item title="POWER" value="22,4943" result="FAIL"></item><item title="LOLEAKAGE" value="-44,6504" result="PASS"></item><item title="SPECTRUMMASK" value="4,70132" result="PASS"></item><item title="SPECTRUMMARGIN" value="4,70132" result="PASS"></item></Record><Criteria><item title="Modulation" value="MCS9NSS1"></item><item title="Bandwidth" value="80"></item><item title="Antenna" value="2"></item><item title="Channel" value="52"></item><item title="RfIcTemperature" value="60"></item><item title="CpuTemperature" value="62"></item><item title="ExpectedPower" value="10"></item><item title="EVM" Max="-32" Min="-100"></item><item title="FREQERR" Max="15" Min="-15"></item><item title="SYMCLOCKERR" Max="20" Min="-100"></item><item title="POWER" Max="11,5" Min="8,5" Avg="10"></item><item title="LOLEAKAGE" Max="-17" Min="-100"></item><item title="SPECTRUMMASK" Max="100" Min="0"></item><item title="SPECTRUMMARGIN" Max="1000" Min="0"></item></Criteria><Record><item title="Modulation" value="MCS9NSS1"></item><item title="Bandwidth" value="80"></item><item title="Channel" value="52"></item><item title="Antenna" value="2"></item><item title="ExpectedPower" value="10"></item><item title="Power" value="10"></item><item title="TestType" value="Tx"></item><item title="EVM" value="-39,0161" result="PASS"></item><item title="FREQERR" value="0,643203" result="PASS"></item><item title="SYMCLOCKERR" value="1,42265" result="PASS"></item><item title="POWER" value="7,81741" result="FAIL"></item><item title="LOLEAKAGE" value="-30,5461" result="PASS"></item><item title="SPECTRUMMASK" value="17,2315" result="PASS"></item><item title="SPECTRUMMARGIN" value="17,2315" result="PASS"></item></Record><Criteria><item title="Modulation" value="MCS9NSS1"></item><item title="Bandwidth" value="80"></item><item title="Antenna" value="2"></item><item title="Channel" value="52"></item><item title="RfIcTemperature" value="60"></item><item title="CpuTemperature" value="62"></item><item title="ExpectedPower" value="11"></item><item title="EVM" Max="-32" Min="-100"></item><item title="FREQERR" Max="15" Min="-15"></item><item title="SYMCLOCKERR" Max="20" Min="-100"></item><item title="POWER" Max="12,5" Min="9,5" Avg="11"></item><item title="LOLEAKAGE" Max="-17" Min="-100"></item><item title="SPECTRUMMASK" Max="100" Min="0"></item><item title="SPECTRUMMARGIN" Max="1000" Min="0"></item></Criteria><Record><item title="Modulation" value="MCS9NSS1"></item><item title="Bandwidth" value="80"></item><item title="Channel" value="52"></item><item title="Antenna" value="2"></item><item title="ExpectedPower" value="11"></item><item title="Power" value="11"></item><item title="TestType" value="Tx"></item><item title="EVM" value="-37,935" result="PASS"></item><item title="FREQERR" value="0,640149" result="PASS"></item><item title="SYMCLOCKERR" value="0,489036" result="PASS"></item><item title="POWER" value="8,87623" result="FAIL"></item><item title="LOLEAKAGE" value="-31,358" result="PASS"></item><item title="SPECTRUMMASK" value="15,4016" result="PASS"></item><item title="SPECTRUMMARGIN" value="15,4016" result="PASS"></item></Record><Criteria><item title="Modulation" value="MCS9NSS1"></item><item title="Bandwidth" value="80"></item><item title="Antenna" value="2"></item><item title="Channel" value="52"></item><item title="RfIcTemperature" value="60"></item><item title="CpuTemperature" value="62"></item><item title="ExpectedPower" value="12"></item><item title="EVM" Max="-32" Min="-100"></item><item title="FREQERR" Max="15" Min="-15"></item><item title="SYMCLOCKERR" Max="20" Min="-100"></item><item title="POWER" Max="13,5" Min="10,5" Avg="12"></item><item title="LOLEAKAGE" Max="-17" Min="-100"></item><item title="SPECTRUMMASK" Max="100" Min="0"></item><item title="SPECTRUMMARGIN" Max="1000" Min="0"></item></Criteria><Record><item title="Modulation" value="MCS9NSS1"></item><item title="Bandwidth" value="80"></item><item title="Channel" value="52"></item><item title="Antenna" value="2"></item><item title="ExpectedPower" value="12"></item><item title="Power" value="12"></item><item title="TestType" value="Tx"></item><item title="EVM" value="-38,6994" result="PASS"></item><item title="FREQERR" value="0,651405" result="PASS"></item><item title="SYMCLOCKERR" value="1,48915" result="PASS"></item><item title="POWER" value="9,98839" result="FAIL"></item><item title="LOLEAKAGE" value="-36,2559" result="PASS"></item><item title="SPECTRUMMASK" value="16,2411" result="PASS"></item><item title="SPECTRUMMARGIN" value="16,2411" result="PASS"></item></Record><Criteria><item title="Modulation" value="MCS9NSS1"></item><item title="Bandwidth" value="80"></item><item title="Antenna" value="2"></item><item title="Channel" value="52"></item><item title="RfIcTemperature" value="60"></item><item title="CpuTemperature" value="62"></item><item title="ExpectedPower" value="13"></item><item title="EVM" Max="-32" Min="-100"></item><item title="FREQERR" Max="15" Min="-15"></item><item title="SYMCLOCKERR" Max="20" Min="-100"></item><item title="POWER" Max="14,5" Min="11,5" Avg="13"></item><item title="LOLEAKAGE" Max="-17" Min="-100"></item><item title="SPECTRUMMASK" Max="100" Min="0"></item><item title="SPECTRUMMARGIN" Max="1000" Min="0"></item></Criteria><Record><item title="Modulation" value="MCS9NSS1"></item><item title="Bandwidth" value="80"></item><item title="Channel" value="52"></item><item title="Antenna" value="2"></item><item title="ExpectedPower" value="13"></item><item title="Power" value="13"></item><item title="TestType" value="Tx"></item><item title="EVM" value="-37,8664" result="PASS"></item><item title="FREQERR" value="0,645533" result="PASS"></item><item title="SYMCLOCKERR" value="1,0787" result="PASS"></item><item title="POWER" value="10,8884" result="FAIL"></item><item title="LOLEAKAGE" value="-34,1146" result="PASS"></item><item title="SPECTRUMMASK" value="14,7463" result="PASS"></item><item title="SPECTRUMMARGIN" value="14,7463" result="PASS"></item></Record><Criteria><item title="Modulation" value="MCS9NSS1"></item><item title="Bandwidth" value="80"></item><item title="Antenna" value="2"></item><item title="Channel" value="52"></item><item title="RfIcTemperature" value="60"></item><item title="CpuTemperature" value="62"></item><item title="ExpectedPower" value="14"></item><item title="EVM" Max="-32" Min="-100"></item><item title="FREQERR" Max="15" Min="-15"></item><item title="SYMCLOCKERR" Max="20" Min="-100"></item><item title="POWER" Max="15,5" Min="12,5" Avg="14"></item><item title="LOLEAKAGE" Max="-17" Min="-100"></item><item title="SPECTRUMMASK" Max="100" Min="0"></item><item title="SPECTRUMMARGIN" Max="1000" Min="0"></item></Criteria><Record><item title="Modulation" value="MCS9NSS1"></item><item title="Bandwidth" value="80"></item><item title="Channel" value="52"></item><item title="Antenna" value="2"></item><item title="ExpectedPower" value="14"></item><item title="Power" value="14"></item><item title="TestType" value="Tx"></item><item title="EVM" value="-36,0482" result="PASS"></item><item title="FREQERR" value="0,644257" result="PASS"></item><item title="SYMCLOCKERR" value="2,1503" result="PASS"></item><item title="POWER" value="12,1775" result="FAIL"></item><item title="LOLEAKAGE" value="-37,4974" result="PASS"></item><item title="SPECTRUMMASK" value="15,7854" result="PASS"></item><item title="SPECTRUMMARGIN" value="15,7854" result="PASS"></item></Record><Criteria><item title="Modulation" value="MCS9NSS1"></item><item title="Bandwidth" value="80"></item><item title="Antenna" value="2"></item><item title="Channel" value="52"></item><item title="RfIcTemperature" value="60"></item><item title="CpuTemperature" value="62"></item><item title="ExpectedPower" value="15"></item><item title="EVM" Max="-32" Min="-100"></item><item title="FREQERR" Max="15" Min="-15"></item><item title="SYMCLOCKERR" Max="20" Min="-100"></item><item title="POWER" Max="16,5" Min="13,5" Avg="15"></item><item title="LOLEAKAGE" Max="-17" Min="-100"></item><item title="SPECTRUMMASK" Max="100" Min="0"></item><item title="SPECTRUMMARGIN" Max="1000" Min="0"></item></Criteria><Record><item title="Modulation" value="MCS9NSS1"></item><item title="Bandwidth" value="80"></item><item title="Channel" value="52"></item><item title="Antenna" value="2"></item><item title="ExpectedPower" value="15"></item><item title="Power" value="15"></item><item title="TestType" value="Tx"></item><item title="EVM" value="-35,1725" result="PASS"></item><item title="FREQERR" value="0,645298" result="PASS"></item><item title="SYMCLOCKERR" value="2,37382" result="PASS"></item><item title="POWER" value="13,0114" result="FAIL"></item><item title="LOLEAKAGE" value="-38,4541" result="PASS"></item><item title="SPECTRUMMASK" value="15,4612" result="PASS"></item><item title="SPECTRUMMARGIN" value="15,4612" result="PASS"></item></Record><Criteria><item title="Modulation" value="MCS9NSS1"></item><item title="Bandwidth" value="80"></item><item title="Antenna" value="2"></item><item title="Channel" value="52"></item><item title="RfIcTemperature" value="60"></item><item title="CpuTemperature" value="62"></item><item title="ExpectedPower" value="16"></item><item title="EVM" Max="-32" Min="-100"></item><item title="FREQERR" Max="15" Min="-15"></item><item title="SYMCLOCKERR" Max="20" Min="-100"></item><item title="POWER" Max="17,5" Min="14,5" Avg="16"></item><item title="LOLEAKAGE" Max="-17" Min="-100"></item><item title="SPECTRUMMASK" Max="100" Min="0"></item><item title="SPECTRUMMARGIN" Max="1000" Min="0"></item></Criteria><Record><item title="Modulation" value="MCS9NSS1"></item><item title="Bandwidth" value="80"></item><item title="Channel" value="52"></item><item title="Antenna" value="2"></item><item title="ExpectedPower" value="16"></item><item title="Power" value="16"></item><item title="TestType" value="Tx"></item><item title="EVM" value="-37,5496" result="PASS"></item><item title="FREQERR" value="0,645488" result="PASS"></item><item title="SYMCLOCKERR" value="1,48579" result="PASS"></item><item title="POWER" value="14,0839" result="FAIL"></item><item title="LOLEAKAGE" value="-42,6239" result="PASS"></item><item title="SPECTRUMMASK" value="15,9928" result="PASS"></item><item title="SPECTRUMMARGIN" value="15,9928" result="PASS"></item></Record><Criteria><item title="Modulation" value="MCS9NSS1"></item><item title="Bandwidth" value="80"></item><item title="Antenna" value="2"></item><item title="Channel" value="52"></item><item title="RfIcTemperature" value="60"></item><item title="CpuTemperature" value="62"></item><item title="ExpectedPower" value="17"></item><item title="EVM" Max="-32" Min="-100"></item><item title="FREQERR" Max="15" Min="-15"></item><item title="SYMCLOCKERR" Max="20" Min="-100"></item><item title="POWER" Max="18,5" Min="15,5" Avg="17"></item><item title="LOLEAKAGE" Max="-17" Min="-100"></item><item title="SPECTRUMMASK" Max="100" Min="0"></item><item title="SPECTRUMMARGIN" Max="1000" Min="0"></item></Criteria><Record><item title="Modulation" value="MCS9NSS1"></item><item title="Bandwidth" value="80"></item><item title="Channel" value="52"></item><item title="Antenna" value="2"></item><item title="ExpectedPower" value="17"></item><item title="Power" value="17"></item><item title="TestType" value="Tx"></item><item title="EVM" value="-36,8479" result="PASS"></item><item title="FREQERR" value="0,627705" result="PASS"></item><item title="SYMCLOCKERR" value="1,29664" result="PASS"></item><item title="POWER" value="15,1295" result="FAIL"></item><item title="LOLEAKAGE" value="-42,5022" result="PASS"></item><item title="SPECTRUMMASK" value="16,9424" result="PASS"></item><item title="SPECTRUMMARGIN" value="16,9424" result="PASS"></item></Record><Criteria><item title="Modulation" value="MCS9NSS1"></item><item title="Bandwidth" value="80"></item><item title="Antenna" value="2"></item><item title="Channel" value="52"></item><item title="RfIcTemperature" value="60"></item><item title="CpuTemperature" value="62"></item><item title="ExpectedPower" value="18"></item><item title="EVM" Max="-32" Min="-100"></item><item title="FREQERR" Max="15" Min="-15"></item><item title="SYMCLOCKERR" Max="20" Min="-100"></item><item title="POWER" Max="19,5" Min="16,5" Avg="18"></item><item title="LOLEAKAGE" Max="-17" Min="-100"></item><item title="SPECTRUMMASK" Max="100" Min="0"></item><item title="SPECTRUMMARGIN" Max="1000" Min="0"></item></Criteria><Record><item title="Modulation" value="MCS9NSS1"></item><item title="Bandwidth" value="80"></item><item title="Channel" value="52"></item><item title="Antenna" value="2"></item><item title="ExpectedPower" value="18"></item><item title="Power" value="18"></item><item title="TestType" value="Tx"></item><item title="EVM" value="-37,0179" result="PASS"></item><item title="FREQERR" value="0,628615" result="PASS"></item><item title="SYMCLOCKERR" value="0,630864" result="PASS"></item><item title="POWER" value="16,1709" result="FAIL"></item><item title="LOLEAKAGE" value="-43,2332" result="PASS"></item><item title="SPECTRUMMASK" value="15,8472" result="PASS"></item><item title="SPECTRUMMARGIN" value="15,8472" result="PASS"></item></Record><Criteria><item title="Modulation" value="MCS9NSS1"></item><item title="Bandwidth" value="80"></item><item title="Antenna" value="2"></item><item title="Channel" value="52"></item><item title="RfIcTemperature" value="60"></item><item title="CpuTemperature" value="62"></item><item title="ExpectedPower" value="19"></item><item title="EVM" Max="-32" Min="-100"></item><item title="FREQERR" Max="15" Min="-15"></item><item title="SYMCLOCKERR" Max="20" Min="-100"></item><item title="POWER" Max="20,5" Min="17,5" Avg="19"></item><item title="LOLEAKAGE" Max="-17" Min="-100"></item><item title="SPECTRUMMASK" Max="100" Min="0"></item><item title="SPECTRUMMARGIN" Max="1000" Min="0"></item></Criteria><Record><item title="Modulation" value="MCS9NSS1"></item><item title="Bandwidth" value="80"></item><item title="Channel" value="52"></item><item title="Antenna" value="2"></item><item title="ExpectedPower" value="19"></item><item title="Power" value="19"></item><item title="TestType" value="Tx"></item><item title="EVM" value="-35,35" result="PASS"></item><item title="FREQERR" value="0,630934" result="PASS"></item><item title="SYMCLOCKERR" value="0,890101" result="PASS"></item><item title="POWER" value="17,3225" result="FAIL"></item><item title="LOLEAKAGE" value="-53,82" result="PASS"></item><item title="SPECTRUMMASK" value="16,4426" result="PASS"></item><item title="SPECTRUMMARGIN" value="16,4426" result="PASS"></item></Record><Criteria><item title="Modulation" value="MCS9NSS1"></item><item title="Bandwidth" value="80"></item><item title="Antenna" value="2"></item><item title="Channel" value="52"></item><item title="RfIcTemperature" value="60"></item><item title="CpuTemperature" value="62"></item><item title="ExpectedPower" value="20"></item><item title="EVM" Max="-32" Min="-100"></item><item title="FREQERR" Max="15" Min="-15"></item><item title="SYMCLOCKERR" Max="20" Min="-100"></item><item title="POWER" Max="21,5" Min="18,5" Avg="20"></item><item title="LOLEAKAGE" Max="-17" Min="-100"></item><item title="SPECTRUMMASK" Max="100" Min="0"></item><item title="SPECTRUMMARGIN" Max="1000" Min="0"></item></Criteria><Record><item title="Modulation" value="MCS9NSS1"></item><item title="Bandwidth" value="80"></item><item title="Channel" value="52"></item><item title="Antenna" value="2"></item><item title="ExpectedPower" value="20"></item><item title="Power" value="20"></item><item title="TestType" value="Tx"></item><item title="EVM" value="-35,5963" result="PASS"></item><item title="FREQERR" value="0,632251" result="PASS"></item><item title="SYMCLOCKERR" value="0,576061" result="PASS"></item><item title="POWER" value="18,0563" result="FAIL"></item><item title="LOLEAKAGE" value="-48,9153" result="PASS"></item><item title="SPECTRUMMASK" value="15,8751" result="PASS"></item><item title="SPECTRUMMARGIN" value="15,8751" result="PASS"></item></Record><Criteria><item title="Modulation" value="MCS9NSS1"></item><item title="Bandwidth" value="80"></item><item title="Antenna" value="2"></item><item title="Channel" value="52"></item><item title="RfIcTemperature" value="60"></item><item title="CpuTemperature" value="62"></item><item title="ExpectedPower" value="21"></item><item title="EVM" Max="-32" Min="-100"></item><item title="FREQERR" Max="15" Min="-15"></item><item title="SYMCLOCKERR" Max="20" Min="-100"></item><item title="POWER" Max="22,5" Min="19,5" Avg="21"></item><item title="LOLEAKAGE" Max="-17" Min="-100"></item><item title="SPECTRUMMASK" Max="100" Min="0"></item><item title="SPECTRUMMARGIN" Max="1000" Min="0"></item></Criteria><Record><item title="Modulation" value="MCS9NSS1"></item><item title="Bandwidth" value="80"></item><item title="Channel" value="52"></item><item title="Antenna" value="2"></item><item title="ExpectedPower" value="21"></item><item title="Power" value="21"></item><item title="TestType" value="Tx"></item><item title="EVM" value="-34,9028" result="PASS"></item><item title="FREQERR" value="0,628455" result="PASS"></item><item title="SYMCLOCKERR" value="1,65967" result="PASS"></item><item title="POWER" value="19,1214" result="FAIL"></item><item title="LOLEAKAGE" value="-52,5351" result="PASS"></item><item title="SPECTRUMMASK" value="16,392" result="PASS"></item><item title="SPECTRUMMARGIN" value="16,392" result="PASS"></item></Record><Criteria><item title="Modulation" value="MCS9NSS1"></item><item title="Bandwidth" value="80"></item><item title="Antenna" value="2"></item><item title="Channel" value="52"></item><item title="RfIcTemperature" value="60"></item><item title="CpuTemperature" value="62"></item><item title="ExpectedPower" value="22"></item><item title="EVM" Max="-32" Min="-100"></item><item title="FREQERR" Max="15" Min="-15"></item><item title="SYMCLOCKERR" Max="20" Min="-100"></item><item title="POWER" Max="23,5" Min="20,5" Avg="22"></item><item title="LOLEAKAGE" Max="-17" Min="-100"></item><item title="SPECTRUMMASK" Max="100" Min="0"></item><item title="SPECTRUMMARGIN" Max="1000" Min="0"></item></Criteria><Record><item title="Modulation" value="MCS9NSS1"></item><item title="Bandwidth" value="80"></item><item title="Channel" value="52"></item><item title="Antenna" value="2"></item><item title="ExpectedPower" value="22"></item><item title="Power" value="22"></item><item title="TestType" value="Tx"></item><item title="EVM" value="-32,2805" result="PASS"></item><item title="FREQERR" value="0,636575" result="PASS"></item><item title="SYMCLOCKERR" value="1,29198" result="PASS"></item><item title="POWER" value="20,1282" result="FAIL"></item><item title="LOLEAKAGE" value="-48,7831" result="PASS"></item><item title="SPECTRUMMASK" value="16,1035" result="PASS"></item><item title="SPECTRUMMARGIN" value="16,1035" result="PASS"></item></Record><Criteria><item title="Modulation" value="MCS9NSS1"></item><item title="Bandwidth" value="80"></item><item title="Antenna" value="2"></item><item title="Channel" value="52"></item><item title="RfIcTemperature" value="60"></item><item title="CpuTemperature" value="62"></item><item title="ExpectedPower" value="23"></item><item title="EVM" Max="-32" Min="-100"></item><item title="FREQERR" Max="15" Min="-15"></item><item title="SYMCLOCKERR" Max="20" Min="-100"></item><item title="POWER" Max="24,5" Min="21,5" Avg="23"></item><item title="LOLEAKAGE" Max="-17" Min="-100"></item><item title="SPECTRUMMASK" Max="100" Min="0"></item><item title="SPECTRUMMARGIN" Max="1000" Min="0"></item></Criteria><Record><item title="Modulation" value="MCS9NSS1"></item><item title="Bandwidth" value="80"></item><item title="Channel" value="52"></item><item title="Antenna" value="2"></item><item title="ExpectedPower" value="23"></item><item title="Power" value="23"></item><item title="TestType" value="Tx"></item><item title="EVM" value="-30,3479" result="FAIL"></item><item title="FREQERR" value="0,611126" result="PASS"></item><item title="SYMCLOCKERR" value="1,26612" result="PASS"></item><item title="POWER" value="21,0761" result="FAIL"></item><item title="LOLEAKAGE" value="-47,9719" result="PASS"></item><item title="SPECTRUMMASK" value="13,8067" result="PASS"></item><item title="SPECTRUMMARGIN" value="13,8067" result="PASS"></item></Record><Criteria><item title="Modulation" value="MCS9NSS1"></item><item title="Bandwidth" value="80"></item><item title="Antenna" value="2"></item><item title="Channel" value="52"></item><item title="RfIcTemperature" value="60"></item><item title="CpuTemperature" value="62"></item><item title="ExpectedPower" value="24"></item><item title="EVM" Max="-32" Min="-100"></item><item title="FREQERR" Max="15" Min="-15"></item><item title="SYMCLOCKERR" Max="20" Min="-100"></item><item title="POWER" Max="25,5" Min="22,5" Avg="24"></item><item title="LOLEAKAGE" Max="-17" Min="-100"></item><item title="SPECTRUMMASK" Max="100" Min="0"></item><item title="SPECTRUMMARGIN" Max="1000" Min="0"></item></Criteria><Record><item title="Modulation" value="MCS9NSS1"></item><item title="Bandwidth" value="80"></item><item title="Channel" value="52"></item><item title="Antenna" value="2"></item><item title="ExpectedPower" value="24"></item><item title="Power" value="24"></item><item title="TestType" value="Tx"></item><item title="EVM" value="-26,3069" result="FAIL"></item><item title="FREQERR" value="0,635856" result="PASS"></item><item title="SYMCLOCKERR" value="-2,71906" result="PASS"></item><item title="POWER" value="22,1048" result="FAIL"></item><item title="LOLEAKAGE" value="-46,8348" result="PASS"></item><item title="SPECTRUMMASK" value="10,0906" result="PASS"></item><item title="SPECTRUMMARGIN" value="10,0906" result="PASS"></item></Record><Criteria><item title="Modulation" value="MCS9NSS1"></item><item title="Bandwidth" value="80"></item><item title="Antenna" value="2"></item><item title="Channel" value="52"></item><item title="RfIcTemperature" value="60"></item><item title="CpuTemperature" value="62"></item><item title="ExpectedPower" value="25"></item><item title="EVM" Max="-32" Min="-100"></item><item title="FREQERR" Max="15" Min="-15"></item><item title="SYMCLOCKERR" Max="20" Min="-100"></item><item title="POWER" Max="26,5" Min="23,5" Avg="25"></item><item title="LOLEAKAGE" Max="-17" Min="-100"></item><item title="SPECTRUMMASK" Max="100" Min="0"></item><item title="SPECTRUMMARGIN" Max="1000" Min="0"></item></Criteria><Record><item title="Modulation" value="MCS9NSS1"></item><item title="Bandwidth" value="80"></item><item title="Channel" value="52"></item><item title="Antenna" value="2"></item><item title="ExpectedPower" value="25"></item><item title="Power" value="25"></item><item title="TestType" value="Tx"></item><item title="EVM" value="-25,6606" result="FAIL"></item><item title="FREQERR" value="0,637944" result="PASS"></item><item title="SYMCLOCKERR" value="1,25193" result="PASS"></item><item title="POWER" value="22,9127" result="FAIL"></item><item title="LOLEAKAGE" value="-42,4618" result="PASS"></item><item title="SPECTRUMMASK" value="7,33921" result="PASS"></item><item title="SPECTRUMMARGIN" value="7,33921" result="PASS"></item></Record><Criteria><item title="Modulation" value="MCS9NSS1"></item><item title="Bandwidth" value="80"></item><item title="Antenna" value="3"></item><item title="Channel" value="52"></item><item title="RfIcTemperature" value="60"></item><item title="CpuTemperature" value="62"></item><item title="ExpectedPower" value="10"></item><item title="EVM" Max="-32" Min="-100"></item><item title="FREQERR" Max="15" Min="-15"></item><item title="SYMCLOCKERR" Max="20" Min="-100"></item><item title="POWER" Max="11,5" Min="8,5" Avg="10"></item><item title="LOLEAKAGE" Max="-17" Min="-100"></item><item title="SPECTRUMMASK" Max="100" Min="0"></item><item title="SPECTRUMMARGIN" Max="1000" Min="0"></item></Criteria><Record><item title="Modulation" value="MCS9NSS1"></item><item title="Bandwidth" value="80"></item><item title="Channel" value="52"></item><item title="Antenna" value="3"></item><item title="ExpectedPower" value="10"></item><item title="Power" value="10"></item><item title="TestType" value="Tx"></item><item title="EVM" value="-38,759" result="PASS"></item><item title="FREQERR" value="0,649834" result="PASS"></item><item title="SYMCLOCKERR" value="1,51486" result="PASS"></item><item title="POWER" value="7,02288" result="FAIL"></item><item title="LOLEAKAGE" value="-28,8138" result="PASS"></item><item title="SPECTRUMMASK" value="16,8338" result="PASS"></item><item title="SPECTRUMMARGIN" value="16,8338" result="PASS"></item></Record><Criteria><item title="Modulation" value="MCS9NSS1"></item><item title="Bandwidth" value="80"></item><item title="Antenna" value="3"></item><item title="Channel" value="52"></item><item title="RfIcTemperature" value="60"></item><item title="CpuTemperature" value="62"></item><item title="ExpectedPower" value="11"></item><item title="EVM" Max="-32" Min="-100"></item><item title="FREQERR" Max="15" Min="-15"></item><item title="SYMCLOCKERR" Max="20" Min="-100"></item><item title="POWER" Max="12,5" Min="9,5" Avg="11"></item><item title="LOLEAKAGE" Max="-17" Min="-100"></item><item title="SPECTRUMMASK" Max="100" Min="0"></item><item title="SPECTRUMMARGIN" Max="1000" Min="0"></item></Criteria><Record><item title="Modulation" value="MCS9NSS1"></item><item title="Bandwidth" value="80"></item><item title="Channel" value="52"></item><item title="Antenna" value="3"></item><item title="ExpectedPower" value="11"></item><item title="Power" value="11"></item><item title="TestType" value="Tx"></item><item title="EVM" value="-38,5787" result="PASS"></item><item title="FREQERR" value="0,651003" result="PASS"></item><item title="SYMCLOCKERR" value="0,302489" result="PASS"></item><item title="POWER" value="8,20503" result="FAIL"></item><item title="LOLEAKAGE" value="-27,9645" result="PASS"></item><item title="SPECTRUMMASK" value="16,6144" result="PASS"></item><item title="SPECTRUMMARGIN" value="16,6144" result="PASS"></item></Record><Criteria><item title="Modulation" value="MCS9NSS1"></item><item title="Bandwidth" value="80"></item><item title="Antenna" value="3"></item><item title="Channel" value="52"></item><item title="RfIcTemperature" value="60"></item><item title="CpuTemperature" value="62"></item><item title="ExpectedPower" value="12"></item><item title="EVM" Max="-32" Min="-100"></item><item title="FREQERR" Max="15" Min="-15"></item><item title="SYMCLOCKERR" Max="20" Min="-100"></item><item title="POWER" Max="13,5" Min="10,5" Avg="12"></item><item title="LOLEAKAGE" Max="-17" Min="-100"></item><item title="SPECTRUMMASK" Max="100" Min="0"></item><item title="SPECTRUMMARGIN" Max="1000" Min="0"></item></Criteria><Record><item title="Modulation" value="MCS9NSS1"></item><item title="Bandwidth" value="80"></item><item title="Channel" value="52"></item><item title="Antenna" value="3"></item><item title="ExpectedPower" value="12"></item><item title="Power" value="12"></item><item title="TestType" value="Tx"></item><item title="EVM" value="-39,3436" result="PASS"></item><item title="FREQERR" value="0,639763" result="PASS"></item><item title="SYMCLOCKERR" value="0,770191" result="PASS"></item><item title="POWER" value="9,00574" result="FAIL"></item><item title="LOLEAKAGE" value="-29,1016" result="PASS"></item><item title="SPECTRUMMASK" value="16,4427" result="PASS"></item><item title="SPECTRUMMARGIN" value="16,4427" result="PASS"></item></Record><Criteria><item title="Modulation" value="MCS9NSS1"></item><item title="Bandwidth" value="80"></item><item title="Antenna" value="3"></item><item title="Channel" value="52"></item><item title="RfIcTemperature" value="60"></item><item title="CpuTemperature" value="62"></item><item title="ExpectedPower" value="13"></item><item title="EVM" Max="-32" Min="-100"></item><item title="FREQERR" Max="15" Min="-15"></item><item title="SYMCLOCKERR" Max="20" Min="-100"></item><item title="POWER" Max="14,5" Min="11,5" Avg="13"></item><item title="LOLEAKAGE" Max="-17" Min="-100"></item><item title="SPECTRUMMASK" Max="100" Min="0"></item><item title="SPECTRUMMARGIN" Max="1000" Min="0"></item></Criteria><Record><item title="Modulation" value="MCS9NSS1"></item><item title="Bandwidth" value="80"></item><item title="Channel" value="52"></item><item title="Antenna" value="3"></item><item title="ExpectedPower" value="13"></item><item title="Power" value="13"></item><item title="TestType" value="Tx"></item><item title="EVM" value="-38,1114" result="PASS"></item><item title="FREQERR" value="0,642463" result="PASS"></item><item title="SYMCLOCKERR" value="0,694705" result="PASS"></item><item title="POWER" value="10,4437" result="FAIL"></item><item title="LOLEAKAGE" value="-32,5075" result="PASS"></item><item title="SPECTRUMMASK" value="17,2279" result="PASS"></item><item title="SPECTRUMMARGIN" value="17,2279" result="PASS"></item></Record><Criteria><item title="Modulation" value="MCS9NSS1"></item><item title="Bandwidth" value="80"></item><item title="Antenna" value="3"></item><item title="Channel" value="52"></item><item title="RfIcTemperature" value="60"></item><item title="CpuTemperature" value="62"></item><item title="ExpectedPower" value="14"></item><item title="EVM" Max="-32" Min="-100"></item><item title="FREQERR" Max="15" Min="-15"></item><item title="SYMCLOCKERR" Max="20" Min="-100"></item><item title="POWER" Max="15,5" Min="12,5" Avg="14"></item><item title="LOLEAKAGE" Max="-17" Min="-100"></item><item title="SPECTRUMMASK" Max="100" Min="0"></item><item title="SPECTRUMMARGIN" Max="1000" Min="0"></item></Criteria><Record><item title="Modulation" value="MCS9NSS1"></item><item title="Bandwidth" value="80"></item><item title="Channel" value="52"></item><item title="Antenna" value="3"></item><item title="ExpectedPower" value="14"></item><item title="Power" value="14"></item><item title="TestType" value="Tx"></item><item title="EVM" value="-38,5044" result="PASS"></item><item title="FREQERR" value="0,640716" result="PASS"></item><item title="SYMCLOCKERR" value="0,579005" result="PASS"></item><item title="POWER" value="11,2467" result="FAIL"></item><item title="LOLEAKAGE" value="-34,5404" result="PASS"></item><item title="SPECTRUMMASK" value="16,4814" result="PASS"></item><item title="SPECTRUMMARGIN" value="16,4814" result="PASS"></item></Record><Criteria><item title="Modulation" value="MCS9NSS1"></item><item title="Bandwidth" value="80"></item><item title="Antenna" value="3"></item><item title="Channel" value="52"></item><item title="RfIcTemperature" value="60"></item><item title="CpuTemperature" value="62"></item><item title="ExpectedPower" value="15"></item><item title="EVM" Max="-32" Min="-100"></item><item title="FREQERR" Max="15" Min="-15"></item><item title="SYMCLOCKERR" Max="20" Min="-100"></item><item title="POWER" Max="16,5" Min="13,5" Avg="15"></item><item title="LOLEAKAGE" Max="-17" Min="-100"></item><item title="SPECTRUMMASK" Max="100" Min="0"></item><item title="SPECTRUMMARGIN" Max="1000" Min="0"></item></Criteria><Record><item title="Modulation" value="MCS9NSS1"></item><item title="Bandwidth" value="80"></item><item title="Channel" value="52"></item><item title="Antenna" value="3"></item><item title="ExpectedPower" value="15"></item><item title="Power" value="15"></item><item title="TestType" value="Tx"></item><item title="EVM" value="-36,5273" result="PASS"></item><item title="FREQERR" value="0,643543" result="PASS"></item><item title="SYMCLOCKERR" value="0,325929" result="PASS"></item><item title="POWER" value="12,5668" result="FAIL"></item><item title="LOLEAKAGE" value="-36,7921" result="PASS"></item><item title="SPECTRUMMASK" value="16,2926" result="PASS"></item><item title="SPECTRUMMARGIN" value="16,2926" result="PASS"></item></Record><Criteria><item title="Modulation" value="MCS9NSS1"></item><item title="Bandwidth" value="80"></item><item title="Antenna" value="3"></item><item title="Channel" value="52"></item><item title="RfIcTemperature" value="60"></item><item title="CpuTemperature" value="62"></item><item title="ExpectedPower" value="16"></item><item title="EVM" Max="-32" Min="-100"></item><item title="FREQERR" Max="15" Min="-15"></item><item title="SYMCLOCKERR" Max="20" Min="-100"></item><item title="POWER" Max="17,5" Min="14,5" Avg="16"></item><item title="LOLEAKAGE" Max="-17" Min="-100"></item><item title="SPECTRUMMASK" Max="100" Min="0"></item><item title="SPECTRUMMARGIN" Max="1000" Min="0"></item></Criteria><Record><item title="Modulation" value="MCS9NSS1"></item><item title="Bandwidth" value="80"></item><item title="Channel" value="52"></item><item title="Antenna" value="3"></item><item title="ExpectedPower" value="16"></item><item title="Power" value="16"></item><item title="TestType" value="Tx"></item><item title="EVM" value="-38,3449" result="PASS"></item><item title="FREQERR" value="0,643732" result="PASS"></item><item title="SYMCLOCKERR" value="-0,0272718" result="PASS"></item><item title="POWER" value="13,7355" result="FAIL"></item><item title="LOLEAKAGE" value="-38,4746" result="PASS"></item><item title="SPECTRUMMASK" value="16,9217" result="PASS"></item><item title="SPECTRUMMARGIN" value="16,9217" result="PASS"></item></Record><Criteria><item title="Modulation" value="MCS9NSS1"></item><item title="Bandwidth" value="80"></item><item title="Antenna" value="3"></item><item title="Channel" value="52"></item><item title="RfIcTemperature" value="60"></item><item title="CpuTemperature" value="62"></item><item title="ExpectedPower" value="17"></item><item title="EVM" Max="-32" Min="-100"></item><item title="FREQERR" Max="15" Min="-15"></item><item title="SYMCLOCKERR" Max="20" Min="-100"></item><item title="POWER" Max="18,5" Min="15,5" Avg="17"></item><item title="LOLEAKAGE" Max="-17" Min="-100"></item><item title="SPECTRUMMASK" Max="100" Min="0"></item><item title="SPECTRUMMARGIN" Max="1000" Min="0"></item></Criteria><Record><item title="Modulation" value="MCS9NSS1"></item><item title="Bandwidth" value="80"></item><item title="Channel" value="52"></item><item title="Antenna" value="3"></item><item title="ExpectedPower" value="17"></item><item title="Power" value="17"></item><item title="TestType" value="Tx"></item><item title="EVM" value="-36,7032" result="PASS"></item><item title="FREQERR" value="0,630533" result="PASS"></item><item title="SYMCLOCKERR" value="0,316121" result="PASS"></item><item title="POWER" value="14,544" result="FAIL"></item><item title="LOLEAKAGE" value="-41,5985" result="PASS"></item><item title="SPECTRUMMASK" value="15,3199" result="PASS"></item><item title="SPECTRUMMARGIN" value="15,3199" result="PASS"></item></Record><Criteria><item title="Modulation" value="MCS9NSS1"></item><item title="Bandwidth" value="80"></item><item title="Antenna" value="3"></item><item title="Channel" value="52"></item><item title="RfIcTemperature" value="60"></item><item title="CpuTemperature" value="62"></item><item title="ExpectedPower" value="18"></item><item title="EVM" Max="-32" Min="-100"></item><item title="FREQERR" Max="15" Min="-15"></item><item title="SYMCLOCKERR" Max="20" Min="-100"></item><item title="POWER" Max="19,5" Min="16,5" Avg="18"></item><item title="LOLEAKAGE" Max="-17" Min="-100"></item><item title="SPECTRUMMASK" Max="100" Min="0"></item><item title="SPECTRUMMARGIN" Max="1000" Min="0"></item></Criteria><Record><item title="Modulation" value="MCS9NSS1"></item><item title="Bandwidth" value="80"></item><item title="Channel" value="52"></item><item title="Antenna" value="3"></item><item title="ExpectedPower" value="18"></item><item title="Power" value="18"></item><item title="TestType" value="Tx"></item><item title="EVM" value="-36,5563" result="PASS"></item><item title="FREQERR" value="0,652765" result="PASS"></item><item title="SYMCLOCKERR" value="1,26792" result="PASS"></item><item title="POWER" value="15,6003" result="FAIL"></item><item title="LOLEAKAGE" value="-46,3373" result="PASS"></item><item title="SPECTRUMMASK" value="15,5624" result="PASS"></item><item title="SPECTRUMMARGIN" value="15,5624" result="PASS"></item></Record><Criteria><item title="Modulation" value="MCS9NSS1"></item><item title="Bandwidth" value="80"></item><item title="Antenna" value="3"></item><item title="Channel" value="52"></item><item title="RfIcTemperature" value="60"></item><item title="CpuTemperature" value="62"></item><item title="ExpectedPower" value="19"></item><item title="EVM" Max="-32" Min="-100"></item><item title="FREQERR" Max="15" Min="-15"></item><item title="SYMCLOCKERR" Max="20" Min="-100"></item><item title="POWER" Max="20,5" Min="17,5" Avg="19"></item><item title="LOLEAKAGE" Max="-17" Min="-100"></item><item title="SPECTRUMMASK" Max="100" Min="0"></item><item title="SPECTRUMMARGIN" Max="1000" Min="0"></item></Criteria><Record><item title="Modulation" value="MCS9NSS1"></item><item title="Bandwidth" value="80"></item><item title="Channel" value="52"></item><item title="Antenna" value="3"></item><item title="ExpectedPower" value="19"></item><item title="Power" value="19"></item><item title="TestType" value="Tx"></item><item title="EVM" value="-34,1278" result="PASS"></item><item title="FREQERR" value="0,652998" result="PASS"></item><item title="SYMCLOCKERR" value="0,519009" result="PASS"></item><item title="POWER" value="16,8216" result="FAIL"></item><item title="LOLEAKAGE" value="-48,25" result="PASS"></item><item title="SPECTRUMMASK" value="17,23" result="PASS"></item><item title="SPECTRUMMARGIN" value="17,23" result="PASS"></item></Record><Criteria><item title="Modulation" value="MCS9NSS1"></item><item title="Bandwidth" value="80"></item><item title="Antenna" value="3"></item><item title="Channel" value="52"></item><item title="RfIcTemperature" value="60"></item><item title="CpuTemperature" value="62"></item><item title="ExpectedPower" value="20"></item><item title="EVM" Max="-32" Min="-100"></item><item title="FREQERR" Max="15" Min="-15"></item><item title="SYMCLOCKERR" Max="20" Min="-100"></item><item title="POWER" Max="21,5" Min="18,5" Avg="20"></item><item title="LOLEAKAGE" Max="-17" Min="-100"></item><item title="SPECTRUMMASK" Max="100" Min="0"></item><item title="SPECTRUMMARGIN" Max="1000" Min="0"></item></Criteria><Record><item title="Modulation" value="MCS9NSS1"></item><item title="Bandwidth" value="80"></item><item title="Channel" value="52"></item><item title="Antenna" value="3"></item><item title="ExpectedPower" value="20"></item><item title="Power" value="20"></item><item title="TestType" value="Tx"></item><item title="EVM" value="-35,0791" result="PASS"></item><item title="FREQERR" value="0,645788" result="PASS"></item><item title="SYMCLOCKERR" value="1,27509" result="PASS"></item><item title="POWER" value="17,7908" result="FAIL"></item><item title="LOLEAKAGE" value="-51,9086" result="PASS"></item><item title="SPECTRUMMASK" value="16,171" result="PASS"></item><item title="SPECTRUMMARGIN" value="16,171" result="PASS"></item></Record><Criteria><item title="Modulation" value="MCS9NSS1"></item><item title="Bandwidth" value="80"></item><item title="Antenna" value="3"></item><item title="Channel" value="52"></item><item title="RfIcTemperature" value="60"></item><item title="CpuTemperature" value="62"></item><item title="ExpectedPower" value="21"></item><item title="EVM" Max="-32" Min="-100"></item><item title="FREQERR" Max="15" Min="-15"></item><item title="SYMCLOCKERR" Max="20" Min="-100"></item><item title="POWER" Max="22,5" Min="19,5" Avg="21"></item><item title="LOLEAKAGE" Max="-17" Min="-100"></item><item title="SPECTRUMMASK" Max="100" Min="0"></item><item title="SPECTRUMMARGIN" Max="1000" Min="0"></item></Criteria><Record><item title="Modulation" value="MCS9NSS1"></item><item title="Bandwidth" value="80"></item><item title="Channel" value="52"></item><item title="Antenna" value="3"></item><item title="ExpectedPower" value="21"></item><item title="Power" value="21"></item><item title="TestType" value="Tx"></item><item title="EVM" value="-34,4475" result="PASS"></item><item title="FREQERR" value="0,648935" result="PASS"></item><item title="SYMCLOCKERR" value="0,63429" result="PASS"></item><item title="POWER" value="18,6303" result="FAIL"></item><item title="LOLEAKAGE" value="-46,3943" result="PASS"></item><item title="SPECTRUMMASK" value="16,7514" result="PASS"></item><item title="SPECTRUMMARGIN" value="16,7514" result="PASS"></item></Record><Criteria><item title="Modulation" value="MCS9NSS1"></item><item title="Bandwidth" value="80"></item><item title="Antenna" value="3"></item><item title="Channel" value="52"></item><item title="RfIcTemperature" value="60"></item><item title="CpuTemperature" value="62"></item><item title="ExpectedPower" value="22"></item><item title="EVM" Max="-32" Min="-100"></item><item title="FREQERR" Max="15" Min="-15"></item><item title="SYMCLOCKERR" Max="20" Min="-100"></item><item title="POWER" Max="23,5" Min="20,5" Avg="22"></item><item title="LOLEAKAGE" Max="-17" Min="-100"></item><item title="SPECTRUMMASK" Max="100" Min="0"></item><item title="SPECTRUMMARGIN" Max="1000" Min="0"></item></Criteria><Record><item title="Modulation" value="MCS9NSS1"></item><item title="Bandwidth" value="80"></item><item title="Channel" value="52"></item><item title="Antenna" value="3"></item><item title="ExpectedPower" value="22"></item><item title="Power" value="22"></item><item title="TestType" value="Tx"></item><item title="EVM" value="-35,2034" result="PASS"></item><item title="FREQERR" value="0,639863" result="PASS"></item><item title="SYMCLOCKERR" value="-0,086965" result="PASS"></item><item title="POWER" value="19,6565" result="FAIL"></item><item title="LOLEAKAGE" value="-47,638" result="PASS"></item><item title="SPECTRUMMASK" value="16,318" result="PASS"></item><item title="SPECTRUMMARGIN" value="16,318" result="PASS"></item></Record><Criteria><item title="Modulation" value="MCS9NSS1"></item><item title="Bandwidth" value="80"></item><item title="Antenna" value="3"></item><item title="Channel" value="52"></item><item title="RfIcTemperature" value="60"></item><item title="CpuTemperature" value="62"></item><item title="ExpectedPower" value="23"></item><item title="EVM" Max="-32" Min="-100"></item><item title="FREQERR" Max="15" Min="-15"></item><item title="SYMCLOCKERR" Max="20" Min="-100"></item><item title="POWER" Max="24,5" Min="21,5" Avg="23"></item><item title="LOLEAKAGE" Max="-17" Min="-100"></item><item title="SPECTRUMMASK" Max="100" Min="0"></item><item title="SPECTRUMMARGIN" Max="1000" Min="0"></item></Criteria><Record><item title="Modulation" value="MCS9NSS1"></item><item title="Bandwidth" value="80"></item><item title="Channel" value="52"></item><item title="Antenna" value="3"></item><item title="ExpectedPower" value="23"></item><item title="Power" value="23"></item><item title="TestType" value="Tx"></item><item title="EVM" value="-33,5522" result="PASS"></item><item title="FREQERR" value="0,648257" result="PASS"></item><item title="SYMCLOCKERR" value="0,729345" result="PASS"></item><item title="POWER" value="20,7366" result="FAIL"></item><item title="LOLEAKAGE" value="-40,4459" result="PASS"></item><item title="SPECTRUMMASK" value="14,2974" result="PASS"></item><item title="SPECTRUMMARGIN" value="14,2974" result="PASS"></item></Record><Criteria><item title="Modulation" value="MCS9NSS1"></item><item title="Bandwidth" value="80"></item><item title="Antenna" value="3"></item><item title="Channel" value="52"></item><item title="RfIcTemperature" value="60"></item><item title="CpuTemperature" value="62"></item><item title="ExpectedPower" value="24"></item><item title="EVM" Max="-32" Min="-100"></item><item title="FREQERR" Max="15" Min="-15"></item><item title="SYMCLOCKERR" Max="20" Min="-100"></item><item title="POWER" Max="25,5" Min="22,5" Avg="24"></item><item title="LOLEAKAGE" Max="-17" Min="-100"></item><item title="SPECTRUMMASK" Max="100" Min="0"></item><item title="SPECTRUMMARGIN" Max="1000" Min="0"></item></Criteria><Record><item title="Modulation" value="MCS9NSS1"></item><item title="Bandwidth" value="80"></item><item title="Channel" value="52"></item><item title="Antenna" value="3"></item><item title="ExpectedPower" value="24"></item><item title="Power" value="24"></item><item title="TestType" value="Tx"></item><item title="EVM" value="-28,7539" result="FAIL"></item><item title="FREQERR" value="0,639521" result="PASS"></item><item title="SYMCLOCKERR" value="2,62459" result="PASS"></item><item title="POWER" value="22,008" result="FAIL"></item><item title="LOLEAKAGE" value="-39,7048" result="PASS"></item><item title="SPECTRUMMASK" value="11,0185" result="PASS"></item><item title="SPECTRUMMARGIN" value="11,0185" result="PASS"></item></Record><Criteria><item title="Modulation" value="MCS9NSS1"></item><item title="Bandwidth" value="80"></item><item title="Antenna" value="3"></item><item title="Channel" value="52"></item><item title="RfIcTemperature" value="60"></item><item title="CpuTemperature" value="62"></item><item title="ExpectedPower" value="25"></item><item title="EVM" Max="-32" Min="-100"></item><item title="FREQERR" Max="15" Min="-15"></item><item title="SYMCLOCKERR" Max="20" Min="-100"></item><item title="POWER" Max="26,5" Min="23,5" Avg="25"></item><item title="LOLEAKAGE" Max="-17" Min="-100"></item><item title="SPECTRUMMASK" Max="100" Min="0"></item><item title="SPECTRUMMARGIN" Max="1000" Min="0"></item></Criteria><Record><item title="Modulation" value="MCS9NSS1"></item><item title="Bandwidth" value="80"></item><item title="Channel" value="52"></item><item title="Antenna" value="3"></item><item title="ExpectedPower" value="25"></item><item title="Power" value="25"></item><item title="TestType" value="Tx"></item><item title="EVM" value="-25,5556" result="FAIL"></item><item title="FREQERR" value="0,647608" result="PASS"></item><item title="SYMCLOCKERR" value="2,30038" result="PASS"></item><item title="POWER" value="22,9924" result="FAIL"></item><item title="LOLEAKAGE" value="-38,3742" result="PASS"></item><item title="SPECTRUMMASK" value="8,11227" result="PASS"></item><item title="SPECTRUMMARGIN" value="8,11227" result="PASS"></item></Record><Criteria><item title="Modulation" value="MCS9NSS1"></item><item title="Bandwidth" value="80"></item><item title="Antenna" value="0"></item><item title="Channel" value="100"></item><item title="RfIcTemperature" value="60"></item><item title="CpuTemperature" value="62"></item><item title="ExpectedPower" value="10"></item><item title="EVM" Max="-32" Min="-100"></item><item title="FREQERR" Max="15" Min="-15"></item><item title="SYMCLOCKERR" Max="20" Min="-100"></item><item title="POWER" Max="11,5" Min="8,5" Avg="10"></item><item title="LOLEAKAGE" Max="-17" Min="-100"></item><item title="SPECTRUMMASK" Max="100" Min="0"></item><item title="SPECTRUMMARGIN" Max="1000" Min="0"></item></Criteria><Record><item title="Modulation" value="MCS9NSS1"></item><item title="Bandwidth" value="80"></item><item title="Channel" value="100"></item><item title="Antenna" value="0"></item><item title="ExpectedPower" value="10"></item><item title="Power" value="10"></item><item title="TestType" value="Tx"></item><item title="EVM" value="-37,9786" result="PASS"></item><item title="FREQERR" value="0,637708" result="PASS"></item><item title="SYMCLOCKERR" value="-0,0089009" result="PASS"></item><item title="POWER" value="8,51323" result="PASS"></item><item title="LOLEAKAGE" value="-31,0554" result="PASS"></item><item title="SPECTRUMMASK" value="15,1297" result="PASS"></item><item title="SPECTRUMMARGIN" value="15,1297" result="PASS"></item></Record><Criteria><item title="Modulation" value="MCS9NSS1"></item><item title="Bandwidth" value="80"></item><item title="Antenna" value="0"></item><item title="Channel" value="100"></item><item title="RfIcTemperature" value="60"></item><item title="CpuTemperature" value="62"></item><item title="ExpectedPower" value="11"></item><item title="EVM" Max="-32" Min="-100"></item><item title="FREQERR" Max="15" Min="-15"></item><item title="SYMCLOCKERR" Max="20" Min="-100"></item><item title="POWER" Max="12,5" Min="9,5" Avg="11"></item><item title="LOLEAKAGE" Max="-17" Min="-100"></item><item title="SPECTRUMMASK" Max="100" Min="0"></item><item title="SPECTRUMMARGIN" Max="1000" Min="0"></item></Criteria><Record><item title="Modulation" value="MCS9NSS1"></item><item title="Bandwidth" value="80"></item><item title="Channel" value="100"></item><item title="Antenna" value="0"></item><item title="ExpectedPower" value="11"></item><item title="Power" value="11"></item><item title="TestType" value="Tx"></item><item title="EVM" value="-37,2826" result="PASS"></item><item title="FREQERR" value="0,632239" result="PASS"></item><item title="SYMCLOCKERR" value="0,100631" result="PASS"></item><item title="POWER" value="9,44733" result="FAIL"></item><item title="LOLEAKAGE" value="-31,8671" result="PASS"></item><item title="SPECTRUMMASK" value="16,4593" result="PASS"></item><item title="SPECTRUMMARGIN" value="16,4593" result="PASS"></item></Record><Criteria><item title="Modulation" value="MCS9NSS1"></item><item title="Bandwidth" value="80"></item><item title="Antenna" value="0"></item><item title="Channel" value="100"></item><item title="RfIcTemperature" value="60"></item><item title="CpuTemperature" value="62"></item><item title="ExpectedPower" value="12"></item><item title="EVM" Max="-32" Min="-100"></item><item title="FREQERR" Max="15" Min="-15"></item><item title="SYMCLOCKERR" Max="20" Min="-100"></item><item title="POWER" Max="13,5" Min="10,5" Avg="12"></item><item title="LOLEAKAGE" Max="-17" Min="-100"></item><item title="SPECTRUMMASK" Max="100" Min="0"></item><item title="SPECTRUMMARGIN" Max="1000" Min="0"></item></Criteria><Record><item title="Modulation" value="MCS9NSS1"></item><item title="Bandwidth" value="80"></item><item title="Channel" value="100"></item><item title="Antenna" value="0"></item><item title="ExpectedPower" value="12"></item><item title="Power" value="12"></item><item title="TestType" value="Tx"></item><item title="EVM" value="-37,0874" result="PASS"></item><item title="FREQERR" value="0,643668" result="PASS"></item><item title="SYMCLOCKERR" value="0,087147" result="PASS"></item><item title="POWER" value="10,1176" result="FAIL"></item><item title="LOLEAKAGE" value="-31,7475" result="PASS"></item><item title="SPECTRUMMASK" value="15,3081" result="PASS"></item><item title="SPECTRUMMARGIN" value="15,3081" result="PASS"></item></Record><Criteria><item title="Modulation" value="MCS9NSS1"></item><item title="Bandwidth" value="80"></item><item title="Antenna" value="0"></item><item title="Channel" value="100"></item><item title="RfIcTemperature" value="60"></item><item title="CpuTemperature" value="62"></item><item title="ExpectedPower" value="13"></item><item title="EVM" Max="-32" Min="-100"></item><item title="FREQERR" Max="15" Min="-15"></item><item title="SYMCLOCKERR" Max="20" Min="-100"></item><item title="POWER" Max="14,5" Min="11,5" Avg="13"></item><item title="LOLEAKAGE" Max="-17" Min="-100"></item><item title="SPECTRUMMASK" Max="100" Min="0"></item><item title="SPECTRUMMARGIN" Max="1000" Min="0"></item></Criteria><Record><item title="Modulation" value="MCS9NSS1"></item><item title="Bandwidth" value="80"></item><item title="Channel" value="100"></item><item title="Antenna" value="0"></item><item title="ExpectedPower" value="13"></item><item title="Power" value="13"></item><item title="TestType" value="Tx"></item><item title="EVM" value="-38,407" result="PASS"></item><item title="FREQERR" value="0,654154" result="PASS"></item><item title="SYMCLOCKERR" value="0,436598" result="PASS"></item><item title="POWER" value="11,5954" result="PASS"></item><item title="LOLEAKAGE" value="-36,2633" result="PASS"></item><item title="SPECTRUMMASK" value="15,0351" result="PASS"></item><item title="SPECTRUMMARGIN" value="15,0351" result="PASS"></item></Record><Criteria><item title="Modulation" value="MCS9NSS1"></item><item title="Bandwidth" value="80"></item><item title="Antenna" value="0"></item><item title="Channel" value="100"></item><item title="RfIcTemperature" value="60"></item><item title="CpuTemperature" value="62"></item><item title="ExpectedPower" value="14"></item><item title="EVM" Max="-32" Min="-100"></item><item title="FREQERR" Max="15" Min="-15"></item><item title="SYMCLOCKERR" Max="20" Min="-100"></item><item title="POWER" Max="15,5" Min="12,5" Avg="14"></item><item title="LOLEAKAGE" Max="-17" Min="-100"></item><item title="SPECTRUMMASK" Max="100" Min="0"></item><item title="SPECTRUMMARGIN" Max="1000" Min="0"></item></Criteria><Record><item title="Modulation" value="MCS9NSS1"></item><item title="Bandwidth" value="80"></item><item title="Channel" value="100"></item><item title="Antenna" value="0"></item><item title="ExpectedPower" value="14"></item><item title="Power" value="14"></item><item title="TestType" value="Tx"></item><item title="EVM" value="-38,0999" result="PASS"></item><item title="FREQERR" value="0,639859" result="PASS"></item><item title="SYMCLOCKERR" value="0,615122" result="PASS"></item><item title="POWER" value="12,5556" result="PASS"></item><item title="LOLEAKAGE" value="-36,6537" result="PASS"></item><item title="SPECTRUMMASK" value="15,6459" result="PASS"></item><item title="SPECTRUMMARGIN" value="15,6459" result="PASS"></item></Record><Criteria><item title="Modulation" value="MCS9NSS1"></item><item title="Bandwidth" value="80"></item><item title="Antenna" value="0"></item><item title="Channel" value="100"></item><item title="RfIcTemperature" value="60"></item><item title="CpuTemperature" value="62"></item><item title="ExpectedPower" value="15"></item><item title="EVM" Max="-32" Min="-100"></item><item title="FREQERR" Max="15" Min="-15"></item><item title="SYMCLOCKERR" Max="20" Min="-100"></item><item title="POWER" Max="16,5" Min="13,5" Avg="15"></item><item title="LOLEAKAGE" Max="-17" Min="-100"></item><item title="SPECTRUMMASK" Max="100" Min="0"></item><item title="SPECTRUMMARGIN" Max="1000" Min="0"></item></Criteria><Record><item title="Modulation" value="MCS9NSS1"></item><item title="Bandwidth" value="80"></item><item title="Channel" value="100"></item><item title="Antenna" value="0"></item><item title="ExpectedPower" value="15"></item><item title="Power" value="15"></item><item title="TestType" value="Tx"></item><item title="EVM" value="-38,265" result="PASS"></item><item title="FREQERR" value="0,636393" result="PASS"></item><item title="SYMCLOCKERR" value="1,12375" result="PASS"></item><item title="POWER" value="13,5373" result="PASS"></item><item title="LOLEAKAGE" value="-36,4976" result="PASS"></item><item title="SPECTRUMMASK" value="15,2517" result="PASS"></item><item title="SPECTRUMMARGIN" value="15,2517" result="PASS"></item></Record><Criteria><item title="Modulation" value="MCS9NSS1"></item><item title="Bandwidth" value="80"></item><item title="Antenna" value="0"></item><item title="Channel" value="100"></item><item title="RfIcTemperature" value="60"></item><item title="CpuTemperature" value="62"></item><item title="ExpectedPower" value="16"></item><item title="EVM" Max="-32" Min="-100"></item><item title="FREQERR" Max="15" Min="-15"></item><item title="SYMCLOCKERR" Max="20" Min="-100"></item><item title="POWER" Max="17,5" Min="14,5" Avg="16"></item><item title="LOLEAKAGE" Max="-17" Min="-100"></item><item title="SPECTRUMMASK" Max="100" Min="0"></item><item title="SPECTRUMMARGIN" Max="1000" Min="0"></item></Criteria><Record><item title="Modulation" value="MCS9NSS1"></item><item title="Bandwidth" value="80"></item><item title="Channel" value="100"></item><item title="Antenna" value="0"></item><item title="ExpectedPower" value="16"></item><item title="Power" value="16"></item><item title="TestType" value="Tx"></item><item title="EVM" value="-36,506" result="PASS"></item><item title="FREQERR" value="0,644835" result="PASS"></item><item title="SYMCLOCKERR" value="0,754839" result="PASS"></item><item title="POWER" value="14,44" result="FAIL"></item><item title="LOLEAKAGE" value="-39,9268" result="PASS"></item><item title="SPECTRUMMASK" value="15,2898" result="PASS"></item><item title="SPECTRUMMARGIN" value="15,2898" result="PASS"></item></Record><Criteria><item title="Modulation" value="MCS9NSS1"></item><item title="Bandwidth" value="80"></item><item title="Antenna" value="0"></item><item title="Channel" value="100"></item><item title="RfIcTemperature" value="60"></item><item title="CpuTemperature" value="62"></item><item title="ExpectedPower" value="17"></item><item title="EVM" Max="-32" Min="-100"></item><item title="FREQERR" Max="15" Min="-15"></item><item title="SYMCLOCKERR" Max="20" Min="-100"></item><item title="POWER" Max="18,5" Min="15,5" Avg="17"></item><item title="LOLEAKAGE" Max="-17" Min="-100"></item><item title="SPECTRUMMASK" Max="100" Min="0"></item><item title="SPECTRUMMARGIN" Max="1000" Min="0"></item></Criteria><Record><item title="Modulation" value="MCS9NSS1"></item><item title="Bandwidth" value="80"></item><item title="Channel" value="100"></item><item title="Antenna" value="0"></item><item title="ExpectedPower" value="17"></item><item title="Power" value="17"></item><item title="TestType" value="Tx"></item><item title="EVM" value="-37,4329" result="PASS"></item><item title="FREQERR" value="0,644059" result="PASS"></item><item title="SYMCLOCKERR" value="-0,0807699" result="PASS"></item><item title="POWER" value="15,5855" result="PASS"></item><item title="LOLEAKAGE" value="-42,7028" result="PASS"></item><item title="SPECTRUMMASK" value="14,4629" result="PASS"></item><item title="SPECTRUMMARGIN" value="14,4629" result="PASS"></item></Record><Criteria><item title="Modulation" value="MCS9NSS1"></item><item title="Bandwidth" value="80"></item><item title="Antenna" value="0"></item><item title="Channel" value="100"></item><item title="RfIcTemperature" value="60"></item><item title="CpuTemperature" value="62"></item><item title="ExpectedPower" value="18"></item><item title="EVM" Max="-32" Min="-100"></item><item title="FREQERR" Max="15" Min="-15"></item><item title="SYMCLOCKERR" Max="20" Min="-100"></item><item title="POWER" Max="19,5" Min="16,5" Avg="18"></item><item title="LOLEAKAGE" Max="-17" Min="-100"></item><item title="SPECTRUMMASK" Max="100" Min="0"></item><item title="SPECTRUMMARGIN" Max="1000" Min="0"></item></Criteria><Record><item title="Modulation" value="MCS9NSS1"></item><item title="Bandwidth" value="80"></item><item title="Channel" value="100"></item><item title="Antenna" value="0"></item><item title="ExpectedPower" value="18"></item><item title="Power" value="18"></item><item title="TestType" value="Tx"></item><item title="EVM" value="-36,8526" result="PASS"></item><item title="FREQERR" value="0,644907" result="PASS"></item><item title="SYMCLOCKERR" value="0,993599" result="PASS"></item><item title="POWER" value="16,4003" result="FAIL"></item><item title="LOLEAKAGE" value="-43,0029" result="PASS"></item><item title="SPECTRUMMASK" value="15,3657" result="PASS"></item><item title="SPECTRUMMARGIN" value="15,3657" result="PASS"></item></Record><Criteria><item title="Modulation" value="MCS9NSS1"></item><item title="Bandwidth" value="80"></item><item title="Antenna" value="0"></item><item title="Channel" value="100"></item><item title="RfIcTemperature" value="60"></item><item title="CpuTemperature" value="62"></item><item title="ExpectedPower" value="19"></item><item title="EVM" Max="-32" Min="-100"></item><item title="FREQERR" Max="15" Min="-15"></item><item title="SYMCLOCKERR" Max="20" Min="-100"></item><item title="POWER" Max="20,5" Min="17,5" Avg="19"></item><item title="LOLEAKAGE" Max="-17" Min="-100"></item><item title="SPECTRUMMASK" Max="100" Min="0"></item><item title="SPECTRUMMARGIN" Max="1000" Min="0"></item></Criteria><Record><item title="Modulation" value="MCS9NSS1"></item><item title="Bandwidth" value="80"></item><item title="Channel" value="100"></item><item title="Antenna" value="0"></item><item title="ExpectedPower" value="19"></item><item title="Power" value="19"></item><item title="TestType" value="Tx"></item><item title="EVM" value="-35,8846" result="PASS"></item><item title="FREQERR" value="0,647028" result="PASS"></item><item title="SYMCLOCKERR" value="0,513208" result="PASS"></item><item title="POWER" value="17,5593" result="PASS"></item><item title="LOLEAKAGE" value="-41,5887" result="PASS"></item><item title="SPECTRUMMASK" value="15,1696" result="PASS"></item><item title="SPECTRUMMARGIN" value="15,1696" result="PASS"></item></Record><Criteria><item title="Modulation" value="MCS9NSS1"></item><item title="Bandwidth" value="80"></item><item title="Antenna" value="0"></item><item title="Channel" value="100"></item><item title="RfIcTemperature" value="60"></item><item title="CpuTemperature" value="62"></item><item title="ExpectedPower" value="20"></item><item title="EVM" Max="-32" Min="-100"></item><item title="FREQERR" Max="15" Min="-15"></item><item title="SYMCLOCKERR" Max="20" Min="-100"></item><item title="POWER" Max="21,5" Min="18,5" Avg="20"></item><item title="LOLEAKAGE" Max="-17" Min="-100"></item><item title="SPECTRUMMASK" Max="100" Min="0"></item><item title="SPECTRUMMARGIN" Max="1000" Min="0"></item></Criteria><Record><item title="Modulation" value="MCS9NSS1"></item><item title="Bandwidth" value="80"></item><item title="Channel" value="100"></item><item title="Antenna" value="0"></item><item title="ExpectedPower" value="20"></item><item title="Power" value="20"></item><item title="TestType" value="Tx"></item><item title="EVM" value="-36,9478" result="PASS"></item><item title="FREQERR" value="0,641645" result="PASS"></item><item title="SYMCLOCKERR" value="-0,0273137" result="PASS"></item><item title="POWER" value="18,3251" result="FAIL"></item><item title="LOLEAKAGE" value="-47,9159" result="PASS"></item><item title="SPECTRUMMASK" value="16,0978" result="PASS"></item><item title="SPECTRUMMARGIN" value="16,0978" result="PASS"></item></Record><Criteria><item title="Modulation" value="MCS9NSS1"></item><item title="Bandwidth" value="80"></item><item title="Antenna" value="0"></item><item title="Channel" value="100"></item><item title="RfIcTemperature" value="60"></item><item title="CpuTemperature" value="62"></item><item title="ExpectedPower" value="21"></item><item title="EVM" Max="-32" Min="-100"></item><item title="FREQERR" Max="15" Min="-15"></item><item title="SYMCLOCKERR" Max="20" Min="-100"></item><item title="POWER" Max="22,5" Min="19,5" Avg="21"></item><item title="LOLEAKAGE" Max="-17" Min="-100"></item><item title="SPECTRUMMASK" Max="100" Min="0"></item><item title="SPECTRUMMARGIN" Max="1000" Min="0"></item></Criteria><Record><item title="Modulation" value="MCS9NSS1"></item><item title="Bandwidth" value="80"></item><item title="Channel" value="100"></item><item title="Antenna" value="0"></item><item title="ExpectedPower" value="21"></item><item title="Power" value="21"></item><item title="TestType" value="Tx"></item><item title="EVM" value="-33,6144" result="PASS"></item><item title="FREQERR" value="0,651093" result="PASS"></item><item title="SYMCLOCKERR" value="0,28438" result="PASS"></item><item title="POWER" value="19,4614" result="FAIL"></item><item title="LOLEAKAGE" value="-51,5115" result="PASS"></item><item title="SPECTRUMMASK" value="14,2938" result="PASS"></item><item title="SPECTRUMMARGIN" value="14,2938" result="PASS"></item></Record><Criteria><item title="Modulation" value="MCS9NSS1"></item><item title="Bandwidth" value="80"></item><item title="Antenna" value="0"></item><item title="Channel" value="100"></item><item title="RfIcTemperature" value="60"></item><item title="CpuTemperature" value="62"></item><item title="ExpectedPower" value="22"></item><item title="EVM" Max="-32" Min="-100"></item><item title="FREQERR" Max="15" Min="-15"></item><item title="SYMCLOCKERR" Max="20" Min="-100"></item><item title="POWER" Max="23,5" Min="20,5" Avg="22"></item><item title="LOLEAKAGE" Max="-17" Min="-100"></item><item title="SPECTRUMMASK" Max="100" Min="0"></item><item title="SPECTRUMMARGIN" Max="1000" Min="0"></item></Criteria><Record><item title="Modulation" value="MCS9NSS1"></item><item title="Bandwidth" value="80"></item><item title="Channel" value="100"></item><item title="Antenna" value="0"></item><item title="ExpectedPower" value="22"></item><item title="Power" value="22"></item><item title="TestType" value="Tx"></item><item title="EVM" value="-35,1197" result="PASS"></item><item title="FREQERR" value="0,656413" result="PASS"></item><item title="SYMCLOCKERR" value="0,118004" result="PASS"></item><item title="POWER" value="20,3195" result="FAIL"></item><item title="LOLEAKAGE" value="-53,438" result="PASS"></item><item title="SPECTRUMMASK" value="15,9981" result="PASS"></item><item title="SPECTRUMMARGIN" value="15,9981" result="PASS"></item></Record><Criteria><item title="Modulation" value="MCS9NSS1"></item><item title="Bandwidth" value="80"></item><item title="Antenna" value="0"></item><item title="Channel" value="100"></item><item title="RfIcTemperature" value="60"></item><item title="CpuTemperature" value="62"></item><item title="ExpectedPower" value="23"></item><item title="EVM" Max="-32" Min="-100"></item><item title="FREQERR" Max="15" Min="-15"></item><item title="SYMCLOCKERR" Max="20" Min="-100"></item><item title="POWER" Max="24,5" Min="21,5" Avg="23"></item><item title="LOLEAKAGE" Max="-17" Min="-100"></item><item title="SPECTRUMMASK" Max="100" Min="0"></item><item title="SPECTRUMMARGIN" Max="1000" Min="0"></item></Criteria><Record><item title="Modulation" value="MCS9NSS1"></item><item title="Bandwidth" value="80"></item><item title="Channel" value="100"></item><item title="Antenna" value="0"></item><item title="ExpectedPower" value="23"></item><item title="Power" value="23"></item><item title="TestType" value="Tx"></item><item title="EVM" value="-30,7356" result="FAIL"></item><item title="FREQERR" value="0,646923" result="PASS"></item><item title="SYMCLOCKERR" value="0,58219" result="PASS"></item><item title="POWER" value="21,5701" result="PASS"></item><item title="LOLEAKAGE" value="-49,4332" result="PASS"></item><item title="SPECTRUMMASK" value="12,3148" result="PASS"></item><item title="SPECTRUMMARGIN" value="12,3148" result="PASS"></item></Record><Criteria><item title="Modulation" value="MCS9NSS1"></item><item title="Bandwidth" value="80"></item><item title="Antenna" value="0"></item><item title="Channel" value="100"></item><item title="RfIcTemperature" value="60"></item><item title="CpuTemperature" value="62"></item><item title="ExpectedPower" value="24"></item><item title="EVM" Max="-32" Min="-100"></item><item title="FREQERR" Max="15" Min="-15"></item><item title="SYMCLOCKERR" Max="20" Min="-100"></item><item title="POWER" Max="25,5" Min="22,5" Avg="24"></item><item title="LOLEAKAGE" Max="-17" Min="-100"></item><item title="SPECTRUMMASK" Max="100" Min="0"></item><item title="SPECTRUMMARGIN" Max="1000" Min="0"></item></Criteria><Record><item title="Modulation" value="MCS9NSS1"></item><item title="Bandwidth" value="80"></item><item title="Channel" value="100"></item><item title="Antenna" value="0"></item><item title="ExpectedPower" value="24"></item><item title="Power" value="24"></item><item title="TestType" value="Tx"></item><item title="EVM" value="-28,3547" result="FAIL"></item><item title="FREQERR" value="0,647118" result="PASS"></item><item title="SYMCLOCKERR" value="-0,0511817" result="PASS"></item><item title="POWER" value="22,5915" result="PASS"></item><item title="LOLEAKAGE" value="-47,1849" result="PASS"></item><item title="SPECTRUMMASK" value="9,63518" result="PASS"></item><item title="SPECTRUMMARGIN" value="9,63518" result="PASS"></item></Record><Criteria><item title="Modulation" value="MCS9NSS1"></item><item title="Bandwidth" value="80"></item><item title="Antenna" value="0"></item><item title="Channel" value="100"></item><item title="RfIcTemperature" value="60"></item><item title="CpuTemperature" value="62"></item><item title="ExpectedPower" value="25"></item><item title="EVM" Max="-32" Min="-100"></item><item title="FREQERR" Max="15" Min="-15"></item><item title="SYMCLOCKERR" Max="20" Min="-100"></item><item title="POWER" Max="26,5" Min="23,5" Avg="25"></item><item title="LOLEAKAGE" Max="-17" Min="-100"></item><item title="SPECTRUMMASK" Max="100" Min="0"></item><item title="SPECTRUMMARGIN" Max="1000" Min="0"></item></Criteria><Record><item title="Modulation" value="MCS9NSS1"></item><item title="Bandwidth" value="80"></item><item title="Channel" value="100"></item><item title="Antenna" value="0"></item><item title="ExpectedPower" value="25"></item><item title="Power" value="25"></item><item title="TestType" value="Tx"></item><item title="EVM" value="-24,3366" result="FAIL"></item><item title="FREQERR" value="0,631286" result="PASS"></item><item title="SYMCLOCKERR" value="2,90624" result="PASS"></item><item title="POWER" value="23,5608" result="PASS"></item><item title="LOLEAKAGE" value="-48,6968" result="PASS"></item><item title="SPECTRUMMASK" value="6,24857" result="PASS"></item><item title="SPECTRUMMARGIN" value="6,24857" result="PASS"></item></Record><Criteria><item title="Modulation" value="MCS9NSS1"></item><item title="Bandwidth" value="80"></item><item title="Antenna" value="1"></item><item title="Channel" value="100"></item><item title="RfIcTemperature" value="60"></item><item title="CpuTemperature" value="62"></item><item title="ExpectedPower" value="10"></item><item title="EVM" Max="-32" Min="-100"></item><item title="FREQERR" Max="15" Min="-15"></item><item title="SYMCLOCKERR" Max="20" Min="-100"></item><item title="POWER" Max="11,5" Min="8,5" Avg="10"></item><item title="LOLEAKAGE" Max="-17" Min="-100"></item><item title="SPECTRUMMASK" Max="100" Min="0"></item><item title="SPECTRUMMARGIN" Max="1000" Min="0"></item></Criteria><Record><item title="Modulation" value="MCS9NSS1"></item><item title="Bandwidth" value="80"></item><item title="Channel" value="100"></item><item title="Antenna" value="1"></item><item title="ExpectedPower" value="10"></item><item title="Power" value="10"></item><item title="TestType" value="Tx"></item><item title="EVM" value="-37,91" result="PASS"></item><item title="FREQERR" value="0,650918" result="PASS"></item><item title="SYMCLOCKERR" value="0,959671" result="PASS"></item><item title="POWER" value="8,74075" result="PASS"></item><item title="LOLEAKAGE" value="-31,0369" result="PASS"></item><item title="SPECTRUMMASK" value="15,479" result="PASS"></item><item title="SPECTRUMMARGIN" value="15,479" result="PASS"></item></Record><Criteria><item title="Modulation" value="MCS9NSS1"></item><item title="Bandwidth" value="80"></item><item title="Antenna" value="1"></item><item title="Channel" value="100"></item><item title="RfIcTemperature" value="60"></item><item title="CpuTemperature" value="62"></item><item title="ExpectedPower" value="11"></item><item title="EVM" Max="-32" Min="-100"></item><item title="FREQERR" Max="15" Min="-15"></item><item title="SYMCLOCKERR" Max="20" Min="-100"></item><item title="POWER" Max="12,5" Min="9,5" Avg="11"></item><item title="LOLEAKAGE" Max="-17" Min="-100"></item><item title="SPECTRUMMASK" Max="100" Min="0"></item><item title="SPECTRUMMARGIN" Max="1000" Min="0"></item></Criteria><Record><item title="Modulation" value="MCS9NSS1"></item><item title="Bandwidth" value="80"></item><item title="Channel" value="100"></item><item title="Antenna" value="1"></item><item title="ExpectedPower" value="11"></item><item title="Power" value="11"></item><item title="TestType" value="Tx"></item><item title="EVM" value="-37,7665" result="PASS"></item><item title="FREQERR" value="0,650632" result="PASS"></item><item title="SYMCLOCKERR" value="1,10352" result="PASS"></item><item title="POWER" value="9,57685" result="PASS"></item><item title="LOLEAKAGE" value="-30,3147" result="PASS"></item><item title="SPECTRUMMASK" value="15,296" result="PASS"></item><item title="SPECTRUMMARGIN" value="15,296" result="PASS"></item></Record><Criteria><item title="Modulation" value="MCS9NSS1"></item><item title="Bandwidth" value="80"></item><item title="Antenna" value="1"></item><item title="Channel" value="100"></item><item title="RfIcTemperature" value="60"></item><item title="CpuTemperature" value="62"></item><item title="ExpectedPower" value="12"></item><item title="EVM" Max="-32" Min="-100"></item><item title="FREQERR" Max="15" Min="-15"></item><item title="SYMCLOCKERR" Max="20" Min="-100"></item><item title="POWER" Max="13,5" Min="10,5" Avg="12"></item><item title="LOLEAKAGE" Max="-17" Min="-100"></item><item title="SPECTRUMMASK" Max="100" Min="0"></item><item title="SPECTRUMMARGIN" Max="1000" Min="0"></item></Criteria><Record><item title="Modulation" value="MCS9NSS1"></item><item title="Bandwidth" value="80"></item><item title="Channel" value="100"></item><item title="Antenna" value="1"></item><item title="ExpectedPower" value="12"></item><item title="Power" value="12"></item><item title="TestType" value="Tx"></item><item title="EVM" value="-38,1863" result="PASS"></item><item title="FREQERR" value="0,653232" result="PASS"></item><item title="SYMCLOCKERR" value="1,38437" result="PASS"></item><item title="POWER" value="10,5008" result="PASS"></item><item title="LOLEAKAGE" value="-30,9763" result="PASS"></item><item title="SPECTRUMMASK" value="16,1076" result="PASS"></item><item title="SPECTRUMMARGIN" value="16,1076" result="PASS"></item></Record><Criteria><item title="Modulation" value="MCS9NSS1"></item><item title="Bandwidth" value="80"></item><item title="Antenna" value="1"></item><item title="Channel" value="100"></item><item title="RfIcTemperature" value="60"></item><item title="CpuTemperature" value="62"></item><item title="ExpectedPower" value="13"></item><item title="EVM" Max="-32" Min="-100"></item><item title="FREQERR" Max="15" Min="-15"></item><item title="SYMCLOCKERR" Max="20" Min="-100"></item><item title="POWER" Max="14,5" Min="11,5" Avg="13"></item><item title="LOLEAKAGE" Max="-17" Min="-100"></item><item title="SPECTRUMMASK" Max="100" Min="0"></item><item title="SPECTRUMMARGIN" Max="1000" Min="0"></item></Criteria><Record><item title="Modulation" value="MCS9NSS1"></item><item title="Bandwidth" value="80"></item><item title="Channel" value="100"></item><item title="Antenna" value="1"></item><item title="ExpectedPower" value="13"></item><item title="Power" value="13"></item><item title="TestType" value="Tx"></item><item title="EVM" value="-36,115" result="PASS"></item><item title="FREQERR" value="0,640254" result="PASS"></item><item title="SYMCLOCKERR" value="1,0762" result="PASS"></item><item title="POWER" value="11,5948" result="PASS"></item><item title="LOLEAKAGE" value="-30,7607" result="PASS"></item><item title="SPECTRUMMASK" value="15,6378" result="PASS"></item><item title="SPECTRUMMARGIN" value="15,6378" result="PASS"></item></Record><Criteria><item title="Modulation" value="MCS9NSS1"></item><item title="Bandwidth" value="80"></item><item title="Antenna" value="1"></item><item title="Channel" value="100"></item><item title="RfIcTemperature" value="60"></item><item title="CpuTemperature" value="62"></item><item title="ExpectedPower" value="14"></item><item title="EVM" Max="-32" Min="-100"></item><item title="FREQERR" Max="15" Min="-15"></item><item title="SYMCLOCKERR" Max="20" Min="-100"></item><item title="POWER" Max="15,5" Min="12,5" Avg="14"></item><item title="LOLEAKAGE" Max="-17" Min="-100"></item><item title="SPECTRUMMASK" Max="100" Min="0"></item><item title="SPECTRUMMARGIN" Max="1000" Min="0"></item></Criteria><Record><item title="Modulation" value="MCS9NSS1"></item><item title="Bandwidth" value="80"></item><item title="Channel" value="100"></item><item title="Antenna" value="1"></item><item title="ExpectedPower" value="14"></item><item title="Power" value="14"></item><item title="TestType" value="Tx"></item><item title="EVM" value="-36,8868" result="PASS"></item><item title="FREQERR" value="0,652002" result="PASS"></item><item title="SYMCLOCKERR" value="1,01651" result="PASS"></item><item title="POWER" value="12,6476" result="PASS"></item><item title="LOLEAKAGE" value="-31,9525" result="PASS"></item><item title="SPECTRUMMASK" value="15,5219" result="PASS"></item><item title="SPECTRUMMARGIN" value="15,5219" result="PASS"></item></Record><Criteria><item title="Modulation" value="MCS9NSS1"></item><item title="Bandwidth" value="80"></item><item title="Antenna" value="1"></item><item title="Channel" value="100"></item><item title="RfIcTemperature" value="60"></item><item title="CpuTemperature" value="62"></item><item title="ExpectedPower" value="15"></item><item title="EVM" Max="-32" Min="-100"></item><item title="FREQERR" Max="15" Min="-15"></item><item title="SYMCLOCKERR" Max="20" Min="-100"></item><item title="POWER" Max="16,5" Min="13,5" Avg="15"></item><item title="LOLEAKAGE" Max="-17" Min="-100"></item><item title="SPECTRUMMASK" Max="100" Min="0"></item><item title="SPECTRUMMARGIN" Max="1000" Min="0"></item></Criteria><Record><item title="Modulation" value="MCS9NSS1"></item><item title="Bandwidth" value="80"></item><item title="Channel" value="100"></item><item title="Antenna" value="1"></item><item title="ExpectedPower" value="15"></item><item title="Power" value="15"></item><item title="TestType" value="Tx"></item><item title="EVM" value="-37,9009" result="PASS"></item><item title="FREQERR" value="0,645098" result="PASS"></item><item title="SYMCLOCKERR" value="1,14134" result="PASS"></item><item title="POWER" value="13,7247" result="PASS"></item><item title="LOLEAKAGE" value="-35,2547" result="PASS"></item><item title="SPECTRUMMASK" value="16,6847" result="PASS"></item><item title="SPECTRUMMARGIN" value="16,6847" result="PASS"></item></Record><Criteria><item title="Modulation" value="MCS9NSS1"></item><item title="Bandwidth" value="80"></item><item title="Antenna" value="1"></item><item title="Channel" value="100"></item><item title="RfIcTemperature" value="60"></item><item title="CpuTemperature" value="62"></item><item title="ExpectedPower" value="16"></item><item title="EVM" Max="-32" Min="-100"></item><item title="FREQERR" Max="15" Min="-15"></item><item title="SYMCLOCKERR" Max="20" Min="-100"></item><item title="POWER" Max="17,5" Min="14,5" Avg="16"></item><item title="LOLEAKAGE" Max="-17" Min="-100"></item><item title="SPECTRUMMASK" Max="100" Min="0"></item><item title="SPECTRUMMARGIN" Max="1000" Min="0"></item></Criteria><Record><item title="Modulation" value="MCS9NSS1"></item><item title="Bandwidth" value="80"></item><item title="Channel" value="100"></item><item title="Antenna" value="1"></item><item title="ExpectedPower" value="16"></item><item title="Power" value="16"></item><item title="TestType" value="Tx"></item><item title="EVM" value="-36,5234" result="PASS"></item><item title="FREQERR" value="0,642557" result="PASS"></item><item title="SYMCLOCKERR" value="1,14917" result="PASS"></item><item title="POWER" value="14,5855" result="PASS"></item><item title="LOLEAKAGE" value="-35,555" result="PASS"></item><item title="SPECTRUMMASK" value="15,1229" result="PASS"></item><item title="SPECTRUMMARGIN" value="15,1229" result="PASS"></item></Record><Criteria><item title="Modulation" value="MCS9NSS1"></item><item title="Bandwidth" value="80"></item><item title="Antenna" value="1"></item><item title="Channel" value="100"></item><item title="RfIcTemperature" value="60"></item><item title="CpuTemperature" value="62"></item><item title="ExpectedPower" value="17"></item><item title="EVM" Max="-32" Min="-100"></item><item title="FREQERR" Max="15" Min="-15"></item><item title="SYMCLOCKERR" Max="20" Min="-100"></item><item title="POWER" Max="18,5" Min="15,5" Avg="17"></item><item title="LOLEAKAGE" Max="-17" Min="-100"></item><item title="SPECTRUMMASK" Max="100" Min="0"></item><item title="SPECTRUMMARGIN" Max="1000" Min="0"></item></Criteria><Record><item title="Modulation" value="MCS9NSS1"></item><item title="Bandwidth" value="80"></item><item title="Channel" value="100"></item><item title="Antenna" value="1"></item><item title="ExpectedPower" value="17"></item><item title="Power" value="17"></item><item title="TestType" value="Tx"></item><item title="EVM" value="-36,8281" result="PASS"></item><item title="FREQERR" value="0,646962" result="PASS"></item><item title="SYMCLOCKERR" value="1,27859" result="PASS"></item><item title="POWER" value="15,5959" result="PASS"></item><item title="LOLEAKAGE" value="-36,5839" result="PASS"></item><item title="SPECTRUMMASK" value="16,0798" result="PASS"></item><item title="SPECTRUMMARGIN" value="16,0798" result="PASS"></item></Record><Criteria><item title="Modulation" value="MCS9NSS1"></item><item title="Bandwidth" value="80"></item><item title="Antenna" value="1"></item><item title="Channel" value="100"></item><item title="RfIcTemperature" value="60"></item><item title="CpuTemperature" value="62"></item><item title="ExpectedPower" value="18"></item><item title="EVM" Max="-32" Min="-100"></item><item title="FREQERR" Max="15" Min="-15"></item><item title="SYMCLOCKERR" Max="20" Min="-100"></item><item title="POWER" Max="19,5" Min="16,5" Avg="18"></item><item title="LOLEAKAGE" Max="-17" Min="-100"></item><item title="SPECTRUMMASK" Max="100" Min="0"></item><item title="SPECTRUMMARGIN" Max="1000" Min="0"></item></Criteria><Record><item title="Modulation" value="MCS9NSS1"></item><item title="Bandwidth" value="80"></item><item title="Channel" value="100"></item><item title="Antenna" value="1"></item><item title="ExpectedPower" value="18"></item><item title="Power" value="18"></item><item title="TestType" value="Tx"></item><item title="EVM" value="-36,9926" result="PASS"></item><item title="FREQERR" value="0,643642" result="PASS"></item><item title="SYMCLOCKERR" value="1,50465" result="PASS"></item><item title="POWER" value="16,4213" result="FAIL"></item><item title="LOLEAKAGE" value="-40,2702" result="PASS"></item><item title="SPECTRUMMASK" value="16,3543" result="PASS"></item><item title="SPECTRUMMARGIN" value="16,3543" result="PASS"></item></Record><Criteria><item title="Modulation" value="MCS9NSS1"></item><item title="Bandwidth" value="80"></item><item title="Antenna" value="1"></item><item title="Channel" value="100"></item><item title="RfIcTemperature" value="60"></item><item title="CpuTemperature" value="62"></item><item title="ExpectedPower" value="19"></item><item title="EVM" Max="-32" Min="-100"></item><item title="FREQERR" Max="15" Min="-15"></item><item title="SYMCLOCKERR" Max="20" Min="-100"></item><item title="POWER" Max="20,5" Min="17,5" Avg="19"></item><item title="LOLEAKAGE" Max="-17" Min="-100"></item><item title="SPECTRUMMASK" Max="100" Min="0"></item><item title="SPECTRUMMARGIN" Max="1000" Min="0"></item></Criteria><Record><item title="Modulation" value="MCS9NSS1"></item><item title="Bandwidth" value="80"></item><item title="Channel" value="100"></item><item title="Antenna" value="1"></item><item title="ExpectedPower" value="19"></item><item title="Power" value="19"></item><item title="TestType" value="Tx"></item><item title="EVM" value="-35,9054" result="PASS"></item><item title="FREQERR" value="0,649244" result="PASS"></item><item title="SYMCLOCKERR" value="1,74152" result="PASS"></item><item title="POWER" value="17,251" result="FAIL"></item><item title="LOLEAKAGE" value="-39,2962" result="PASS"></item><item title="SPECTRUMMASK" value="15,8918" result="PASS"></item><item title="SPECTRUMMARGIN" value="15,8918" result="PASS"></item></Record><Criteria><item title="Modulation" value="MCS9NSS1"></item><item title="Bandwidth" value="80"></item><item title="Antenna" value="1"></item><item title="Channel" value="100"></item><item title="RfIcTemperature" value="60"></item><item title="CpuTemperature" value="62"></item><item title="ExpectedPower" value="20"></item><item title="EVM" Max="-32" Min="-100"></item><item title="FREQERR" Max="15" Min="-15"></item><item title="SYMCLOCKERR" Max="20" Min="-100"></item><item title="POWER" Max="21,5" Min="18,5" Avg="20"></item><item title="LOLEAKAGE" Max="-17" Min="-100"></item><item title="SPECTRUMMASK" Max="100" Min="0"></item><item title="SPECTRUMMARGIN" Max="1000" Min="0"></item></Criteria><Record><item title="Modulation" value="MCS9NSS1"></item><item title="Bandwidth" value="80"></item><item title="Channel" value="100"></item><item title="Antenna" value="1"></item><item title="ExpectedPower" value="20"></item><item title="Power" value="20"></item><item title="TestType" value="Tx"></item><item title="EVM" value="-35,9992" result="PASS"></item><item title="FREQERR" value="0,631958" result="PASS"></item><item title="SYMCLOCKERR" value="1,13991" result="PASS"></item><item title="POWER" value="18,5179" result="PASS"></item><item title="LOLEAKAGE" value="-43,5268" result="PASS"></item><item title="SPECTRUMMASK" value="15,3195" result="PASS"></item><item title="SPECTRUMMARGIN" value="15,3195" result="PASS"></item></Record><Criteria><item title="Modulation" value="MCS9NSS1"></item><item title="Bandwidth" value="80"></item><item title="Antenna" value="1"></item><item title="Channel" value="100"></item><item title="RfIcTemperature" value="60"></item><item title="CpuTemperature" value="62"></item><item title="ExpectedPower" value="21"></item><item title="EVM" Max="-32" Min="-100"></item><item title="FREQERR" Max="15" Min="-15"></item><item title="SYMCLOCKERR" Max="20" Min="-100"></item><item title="POWER" Max="22,5" Min="19,5" Avg="21"></item><item title="LOLEAKAGE" Max="-17" Min="-100"></item><item title="SPECTRUMMASK" Max="100" Min="0"></item><item title="SPECTRUMMARGIN" Max="1000" Min="0"></item></Criteria><Record><item title="Modulation" value="MCS9NSS1"></item><item title="Bandwidth" value="80"></item><item title="Channel" value="100"></item><item title="Antenna" value="1"></item><item title="ExpectedPower" value="21"></item><item title="Power" value="21"></item><item title="TestType" value="Tx"></item><item title="EVM" value="-32,0062" result="PASS"></item><item title="FREQERR" value="0,655743" result="PASS"></item><item title="SYMCLOCKERR" value="1,54478" result="PASS"></item><item title="POWER" value="19,7096" result="PASS"></item><item title="LOLEAKAGE" value="-49,7563" result="PASS"></item><item title="SPECTRUMMASK" value="14,9893" result="PASS"></item><item title="SPECTRUMMARGIN" value="14,9893" result="PASS"></item></Record><Criteria><item title="Modulation" value="MCS9NSS1"></item><item title="Bandwidth" value="80"></item><item title="Antenna" value="1"></item><item title="Channel" value="100"></item><item title="RfIcTemperature" value="60"></item><item title="CpuTemperature" value="62"></item><item title="ExpectedPower" value="22"></item><item title="EVM" Max="-32" Min="-100"></item><item title="FREQERR" Max="15" Min="-15"></item><item title="SYMCLOCKERR" Max="20" Min="-100"></item><item title="POWER" Max="23,5" Min="20,5" Avg="22"></item><item title="LOLEAKAGE" Max="-17" Min="-100"></item><item title="SPECTRUMMASK" Max="100" Min="0"></item><item title="SPECTRUMMARGIN" Max="1000" Min="0"></item></Criteria><Record><item title="Modulation" value="MCS9NSS1"></item><item title="Bandwidth" value="80"></item><item title="Channel" value="100"></item><item title="Antenna" value="1"></item><item title="ExpectedPower" value="22"></item><item title="Power" value="22"></item><item title="TestType" value="Tx"></item><item title="EVM" value="-28,9448" result="FAIL"></item><item title="FREQERR" value="0,641604" result="PASS"></item><item title="SYMCLOCKERR" value="4,01085" result="PASS"></item><item title="POWER" value="20,6225" result="PASS"></item><item title="LOLEAKAGE" value="-46,8501" result="PASS"></item><item title="SPECTRUMMASK" value="11,8586" result="PASS"></item><item title="SPECTRUMMARGIN" value="11,8586" result="PASS"></item></Record><Criteria><item title="Modulation" value="MCS9NSS1"></item><item title="Bandwidth" value="80"></item><item title="Antenna" value="1"></item><item title="Channel" value="100"></item><item title="RfIcTemperature" value="60"></item><item title="CpuTemperature" value="62"></item><item title="ExpectedPower" value="23"></item><item title="EVM" Max="-32" Min="-100"></item><item title="FREQERR" Max="15" Min="-15"></item><item title="SYMCLOCKERR" Max="20" Min="-100"></item><item title="POWER" Max="24,5" Min="21,5" Avg="23"></item><item title="LOLEAKAGE" Max="-17" Min="-100"></item><item title="SPECTRUMMASK" Max="100" Min="0"></item><item title="SPECTRUMMARGIN" Max="1000" Min="0"></item></Criteria><Record><item title="Modulation" value="MCS9NSS1"></item><item title="Bandwidth" value="80"></item><item title="Channel" value="100"></item><item title="Antenna" value="1"></item><item title="ExpectedPower" value="23"></item><item title="Power" value="23"></item><item title="TestType" value="Tx"></item><item title="EVM" value="-25,1731" result="FAIL"></item><item title="FREQERR" value="0,673668" result="PASS"></item><item title="SYMCLOCKERR" value="3,51177" result="PASS"></item><item title="POWER" value="21,595" result="PASS"></item><item title="LOLEAKAGE" value="-49,5829" result="PASS"></item><item title="SPECTRUMMASK" value="8,27884" result="PASS"></item><item title="SPECTRUMMARGIN" value="8,27884" result="PASS"></item></Record><Criteria><item title="Modulation" value="MCS9NSS1"></item><item title="Bandwidth" value="80"></item><item title="Antenna" value="1"></item><item title="Channel" value="100"></item><item title="RfIcTemperature" value="60"></item><item title="CpuTemperature" value="62"></item><item title="ExpectedPower" value="24"></item><item title="EVM" Max="-32" Min="-100"></item><item title="FREQERR" Max="15" Min="-15"></item><item title="SYMCLOCKERR" Max="20" Min="-100"></item><item title="POWER" Max="25,5" Min="22,5" Avg="24"></item><item title="LOLEAKAGE" Max="-17" Min="-100"></item><item title="SPECTRUMMASK" Max="100" Min="0"></item><item title="SPECTRUMMARGIN" Max="1000" Min="0"></item></Criteria><Record><item title="Modulation" value="MCS9NSS1"></item><item title="Bandwidth" value="80"></item><item title="Channel" value="100"></item><item title="Antenna" value="1"></item><item title="ExpectedPower" value="24"></item><item title="Power" value="24"></item><item title="TestType" value="Tx"></item><item title="EVM" value="-24,0302" result="FAIL"></item><item title="FREQERR" value="0,645114" result="PASS"></item><item title="SYMCLOCKERR" value="-0,641339" result="PASS"></item><item title="POWER" value="22,39" result="FAIL"></item><item title="LOLEAKAGE" value="-49,307" result="PASS"></item><item title="SPECTRUMMASK" value="4,53213" result="PASS"></item><item title="SPECTRUMMARGIN" value="4,53213" result="PASS"></item></Record><Criteria><item title="Modulation" value="MCS9NSS1"></item><item title="Bandwidth" value="80"></item><item title="Antenna" value="1"></item><item title="Channel" value="100"></item><item title="RfIcTemperature" value="60"></item><item title="CpuTemperature" value="62"></item><item title="ExpectedPower" value="25"></item><item title="EVM" Max="-32" Min="-100"></item><item title="FREQERR" Max="15" Min="-15"></item><item title="SYMCLOCKERR" Max="20" Min="-100"></item><item title="POWER" Max="26,5" Min="23,5" Avg="25"></item><item title="LOLEAKAGE" Max="-17" Min="-100"></item><item title="SPECTRUMMASK" Max="100" Min="0"></item><item title="SPECTRUMMARGIN" Max="1000" Min="0"></item></Criteria><Record><item title="Modulation" value="MCS9NSS1"></item><item title="Bandwidth" value="80"></item><item title="Channel" value="100"></item><item title="Antenna" value="1"></item><item title="ExpectedPower" value="25"></item><item title="Power" value="25"></item><item title="TestType" value="Tx"></item><item title="EVM" value="-22,7088" result="FAIL"></item><item title="FREQERR" value="0,654146" result="PASS"></item><item title="SYMCLOCKERR" value="2,85379" result="PASS"></item><item title="POWER" value="23,3428" result="FAIL"></item><item title="LOLEAKAGE" value="-42,5698" result="PASS"></item><item title="SPECTRUMMASK" value="1,37502" result="PASS"></item><item title="SPECTRUMMARGIN" value="1,37502" result="PASS"></item></Record><Criteria><item title="Modulation" value="MCS9NSS1"></item><item title="Bandwidth" value="80"></item><item title="Antenna" value="2"></item><item title="Channel" value="100"></item><item title="RfIcTemperature" value="60"></item><item title="CpuTemperature" value="62"></item><item title="ExpectedPower" value="10"></item><item title="EVM" Max="-32" Min="-100"></item><item title="FREQERR" Max="15" Min="-15"></item><item title="SYMCLOCKERR" Max="20" Min="-100"></item><item title="POWER" Max="11,5" Min="8,5" Avg="10"></item><item title="LOLEAKAGE" Max="-17" Min="-100"></item><item title="SPECTRUMMASK" Max="100" Min="0"></item><item title="SPECTRUMMARGIN" Max="1000" Min="0"></item></Criteria><Record><item title="Modulation" value="MCS9NSS1"></item><item title="Bandwidth" value="80"></item><item title="Channel" value="100"></item><item title="Antenna" value="2"></item><item title="ExpectedPower" value="10"></item><item title="Power" value="10"></item><item title="TestType" value="Tx"></item><item title="EVM" value="-38,6858" result="PASS"></item><item title="FREQERR" value="0,657867" result="PASS"></item><item title="SYMCLOCKERR" value="0,933385" result="PASS"></item><item title="POWER" value="8,3465" result="FAIL"></item><item title="LOLEAKAGE" value="-30,2442" result="PASS"></item><item title="SPECTRUMMASK" value="15,5557" result="PASS"></item><item title="SPECTRUMMARGIN" value="15,5557" result="PASS"></item></Record><Criteria><item title="Modulation" value="MCS9NSS1"></item><item title="Bandwidth" value="80"></item><item title="Antenna" value="2"></item><item title="Channel" value="100"></item><item title="RfIcTemperature" value="60"></item><item title="CpuTemperature" value="62"></item><item title="ExpectedPower" value="11"></item><item title="EVM" Max="-32" Min="-100"></item><item title="FREQERR" Max="15" Min="-15"></item><item title="SYMCLOCKERR" Max="20" Min="-100"></item><item title="POWER" Max="12,5" Min="9,5" Avg="11"></item><item title="LOLEAKAGE" Max="-17" Min="-100"></item><item title="SPECTRUMMASK" Max="100" Min="0"></item><item title="SPECTRUMMARGIN" Max="1000" Min="0"></item></Criteria><Record><item title="Modulation" value="MCS9NSS1"></item><item title="Bandwidth" value="80"></item><item title="Channel" value="100"></item><item title="Antenna" value="2"></item><item title="ExpectedPower" value="11"></item><item title="Power" value="11"></item><item title="TestType" value="Tx"></item><item title="EVM" value="-38,1277" result="PASS"></item><item title="FREQERR" value="0,658993" result="PASS"></item><item title="SYMCLOCKERR" value="1,50191" result="PASS"></item><item title="POWER" value="9,44807" result="FAIL"></item><item title="LOLEAKAGE" value="-30,5395" result="PASS"></item><item title="SPECTRUMMASK" value="15,983" result="PASS"></item><item title="SPECTRUMMARGIN" value="15,983" result="PASS"></item></Record><Criteria><item title="Modulation" value="MCS9NSS1"></item><item title="Bandwidth" value="80"></item><item title="Antenna" value="2"></item><item title="Channel" value="100"></item><item title="RfIcTemperature" value="60"></item><item title="CpuTemperature" value="62"></item><item title="ExpectedPower" value="12"></item><item title="EVM" Max="-32" Min="-100"></item><item title="FREQERR" Max="15" Min="-15"></item><item title="SYMCLOCKERR" Max="20" Min="-100"></item><item title="POWER" Max="13,5" Min="10,5" Avg="12"></item><item title="LOLEAKAGE" Max="-17" Min="-100"></item><item title="SPECTRUMMASK" Max="100" Min="0"></item><item title="SPECTRUMMARGIN" Max="1000" Min="0"></item></Criteria><Record><item title="Modulation" value="MCS9NSS1"></item><item title="Bandwidth" value="80"></item><item title="Channel" value="100"></item><item title="Antenna" value="2"></item><item title="ExpectedPower" value="12"></item><item title="Power" value="12"></item><item title="TestType" value="Tx"></item><item title="EVM" value="-38,6266" result="PASS"></item><item title="FREQERR" value="0,649268" result="PASS"></item><item title="SYMCLOCKERR" value="1,15264" result="PASS"></item><item title="POWER" value="10,5037" result="PASS"></item><item title="LOLEAKAGE" value="-30,5346" result="PASS"></item><item title="SPECTRUMMASK" value="15,4984" result="PASS"></item><item title="SPECTRUMMARGIN" value="15,4984" result="PASS"></item></Record><Criteria><item title="Modulation" value="MCS9NSS1"></item><item title="Bandwidth" value="80"></item><item title="Antenna" value="2"></item><item title="Channel" value="100"></item><item title="RfIcTemperature" value="60"></item><item title="CpuTemperature" value="62"></item><item title="ExpectedPower" value="13"></item><item title="EVM" Max="-32" Min="-100"></item><item title="FREQERR" Max="15" Min="-15"></item><item title="SYMCLOCKERR" Max="20" Min="-100"></item><item title="POWER" Max="14,5" Min="11,5" Avg="13"></item><item title="LOLEAKAGE" Max="-17" Min="-100"></item><item title="SPECTRUMMASK" Max="100" Min="0"></item><item title="SPECTRUMMARGIN" Max="1000" Min="0"></item></Criteria><Record><item title="Modulation" value="MCS9NSS1"></item><item title="Bandwidth" value="80"></item><item title="Channel" value="100"></item><item title="Antenna" value="2"></item><item title="ExpectedPower" value="13"></item><item title="Power" value="13"></item><item title="TestType" value="Tx"></item><item title="EVM" value="-37,726" result="PASS"></item><item title="FREQERR" value="0,648414" result="PASS"></item><item title="SYMCLOCKERR" value="1,17621" result="PASS"></item><item title="POWER" value="11,4764" result="FAIL"></item><item title="LOLEAKAGE" value="-30,8999" result="PASS"></item><item title="SPECTRUMMASK" value="15,6429" result="PASS"></item><item title="SPECTRUMMARGIN" value="15,6429" result="PASS"></item></Record><Criteria><item title="Modulation" value="MCS9NSS1"></item><item title="Bandwidth" value="80"></item><item title="Antenna" value="2"></item><item title="Channel" value="100"></item><item title="RfIcTemperature" value="60"></item><item title="CpuTemperature" value="62"></item><item title="ExpectedPower" value="14"></item><item title="EVM" Max="-32" Min="-100"></item><item title="FREQERR" Max="15" Min="-15"></item><item title="SYMCLOCKERR" Max="20" Min="-100"></item><item title="POWER" Max="15,5" Min="12,5" Avg="14"></item><item title="LOLEAKAGE" Max="-17" Min="-100"></item><item title="SPECTRUMMASK" Max="100" Min="0"></item><item title="SPECTRUMMARGIN" Max="1000" Min="0"></item></Criteria><Record><item title="Modulation" value="MCS9NSS1"></item><item title="Bandwidth" value="80"></item><item title="Channel" value="100"></item><item title="Antenna" value="2"></item><item title="ExpectedPower" value="14"></item><item title="Power" value="14"></item><item title="TestType" value="Tx"></item><item title="EVM" value="-37,6148" result="PASS"></item><item title="FREQERR" value="0,655715" result="PASS"></item><item title="SYMCLOCKERR" value="0,879236" result="PASS"></item><item title="POWER" value="12,5752" result="PASS"></item><item title="LOLEAKAGE" value="-36,1188" result="PASS"></item><item title="SPECTRUMMASK" value="15,562" result="PASS"></item><item title="SPECTRUMMARGIN" value="15,562" result="PASS"></item></Record><Criteria><item title="Modulation" value="MCS9NSS1"></item><item title="Bandwidth" value="80"></item><item title="Antenna" value="2"></item><item title="Channel" value="100"></item><item title="RfIcTemperature" value="60"></item><item title="CpuTemperature" value="62"></item><item title="ExpectedPower" value="15"></item><item title="EVM" Max="-32" Min="-100"></item><item title="FREQERR" Max="15" Min="-15"></item><item title="SYMCLOCKERR" Max="20" Min="-100"></item><item title="POWER" Max="16,5" Min="13,5" Avg="15"></item><item title="LOLEAKAGE" Max="-17" Min="-100"></item><item title="SPECTRUMMASK" Max="100" Min="0"></item><item title="SPECTRUMMARGIN" Max="1000" Min="0"></item></Criteria><Record><item title="Modulation" value="MCS9NSS1"></item><item title="Bandwidth" value="80"></item><item title="Channel" value="100"></item><item title="Antenna" value="2"></item><item title="ExpectedPower" value="15"></item><item title="Power" value="15"></item><item title="TestType" value="Tx"></item><item title="EVM" value="-37,7805" result="PASS"></item><item title="FREQERR" value="0,649089" result="PASS"></item><item title="SYMCLOCKERR" value="0,801506" result="PASS"></item><item title="POWER" value="13,4331" result="FAIL"></item><item title="LOLEAKAGE" value="-34,7976" result="PASS"></item><item title="SPECTRUMMASK" value="15,7025" result="PASS"></item><item title="SPECTRUMMARGIN" value="15,7025" result="PASS"></item></Record><Criteria><item title="Modulation" value="MCS9NSS1"></item><item title="Bandwidth" value="80"></item><item title="Antenna" value="2"></item><item title="Channel" value="100"></item><item title="RfIcTemperature" value="60"></item><item title="CpuTemperature" value="62"></item><item title="ExpectedPower" value="16"></item><item title="EVM" Max="-32" Min="-100"></item><item title="FREQERR" Max="15" Min="-15"></item><item title="SYMCLOCKERR" Max="20" Min="-100"></item><item title="POWER" Max="17,5" Min="14,5" Avg="16"></item><item title="LOLEAKAGE" Max="-17" Min="-100"></item><item title="SPECTRUMMASK" Max="100" Min="0"></item><item title="SPECTRUMMARGIN" Max="1000" Min="0"></item></Criteria><Record><item title="Modulation" value="MCS9NSS1"></item><item title="Bandwidth" value="80"></item><item title="Channel" value="100"></item><item title="Antenna" value="2"></item><item title="ExpectedPower" value="16"></item><item title="Power" value="16"></item><item title="TestType" value="Tx"></item><item title="EVM" value="-36,7211" result="PASS"></item><item title="FREQERR" value="0,657358" result="PASS"></item><item title="SYMCLOCKERR" value="1,38781" result="PASS"></item><item title="POWER" value="14,5271" result="PASS"></item><item title="LOLEAKAGE" value="-36,1865" result="PASS"></item><item title="SPECTRUMMASK" value="15,0127" result="PASS"></item><item title="SPECTRUMMARGIN" value="15,0127" result="PASS"></item></Record><Criteria><item title="Modulation" value="MCS9NSS1"></item><item title="Bandwidth" value="80"></item><item title="Antenna" value="2"></item><item title="Channel" value="100"></item><item title="RfIcTemperature" value="60"></item><item title="CpuTemperature" value="62"></item><item title="ExpectedPower" value="17"></item><item title="EVM" Max="-32" Min="-100"></item><item title="FREQERR" Max="15" Min="-15"></item><item title="SYMCLOCKERR" Max="20" Min="-100"></item><item title="POWER" Max="18,5" Min="15,5" Avg="17"></item><item title="LOLEAKAGE" Max="-17" Min="-100"></item><item title="SPECTRUMMASK" Max="100" Min="0"></item><item title="SPECTRUMMARGIN" Max="1000" Min="0"></item></Criteria><Record><item title="Modulation" value="MCS9NSS1"></item><item title="Bandwidth" value="80"></item><item title="Channel" value="100"></item><item title="Antenna" value="2"></item><item title="ExpectedPower" value="17"></item><item title="Power" value="17"></item><item title="TestType" value="Tx"></item><item title="EVM" value="-37,2804" result="PASS"></item><item title="FREQERR" value="0,658538" result="PASS"></item><item title="SYMCLOCKERR" value="1,08817" result="PASS"></item><item title="POWER" value="15,5588" result="PASS"></item><item title="LOLEAKAGE" value="-40,0969" result="PASS"></item><item title="SPECTRUMMASK" value="15,3621" result="PASS"></item><item title="SPECTRUMMARGIN" value="15,3621" result="PASS"></item></Record><Criteria><item title="Modulation" value="MCS9NSS1"></item><item title="Bandwidth" value="80"></item><item title="Antenna" value="2"></item><item title="Channel" value="100"></item><item title="RfIcTemperature" value="60"></item><item title="CpuTemperature" value="62"></item><item title="ExpectedPower" value="18"></item><item title="EVM" Max="-32" Min="-100"></item><item title="FREQERR" Max="15" Min="-15"></item><item title="SYMCLOCKERR" Max="20" Min="-100"></item><item title="POWER" Max="19,5" Min="16,5" Avg="18"></item><item title="LOLEAKAGE" Max="-17" Min="-100"></item><item title="SPECTRUMMASK" Max="100" Min="0"></item><item title="SPECTRUMMARGIN" Max="1000" Min="0"></item></Criteria><Record><item title="Modulation" value="MCS9NSS1"></item><item title="Bandwidth" value="80"></item><item title="Channel" value="100"></item><item title="Antenna" value="2"></item><item title="ExpectedPower" value="18"></item><item title="Power" value="18"></item><item title="TestType" value="Tx"></item><item title="EVM" value="-35,1272" result="PASS"></item><item title="FREQERR" value="0,65809" result="PASS"></item><item title="SYMCLOCKERR" value="0,13178" result="PASS"></item><item title="POWER" value="16,4957" result="FAIL"></item><item title="LOLEAKAGE" value="-43,078" result="PASS"></item><item title="SPECTRUMMASK" value="15,671" result="PASS"></item><item title="SPECTRUMMARGIN" value="15,671" result="PASS"></item></Record><Criteria><item title="Modulation" value="MCS9NSS1"></item><item title="Bandwidth" value="80"></item><item title="Antenna" value="2"></item><item title="Channel" value="100"></item><item title="RfIcTemperature" value="60"></item><item title="CpuTemperature" value="62"></item><item title="ExpectedPower" value="19"></item><item title="EVM" Max="-32" Min="-100"></item><item title="FREQERR" Max="15" Min="-15"></item><item title="SYMCLOCKERR" Max="20" Min="-100"></item><item title="POWER" Max="20,5" Min="17,5" Avg="19"></item><item title="LOLEAKAGE" Max="-17" Min="-100"></item><item title="SPECTRUMMASK" Max="100" Min="0"></item><item title="SPECTRUMMARGIN" Max="1000" Min="0"></item></Criteria><Record><item title="Modulation" value="MCS9NSS1"></item><item title="Bandwidth" value="80"></item><item title="Channel" value="100"></item><item title="Antenna" value="2"></item><item title="ExpectedPower" value="19"></item><item title="Power" value="19"></item><item title="TestType" value="Tx"></item><item title="EVM" value="-35,2807" result="PASS"></item><item title="FREQERR" value="0,657114" result="PASS"></item><item title="SYMCLOCKERR" value="0,318455" result="PASS"></item><item title="POWER" value="17,6293" result="PASS"></item><item title="LOLEAKAGE" value="-44,9517" result="PASS"></item><item title="SPECTRUMMASK" value="13,6988" result="PASS"></item><item title="SPECTRUMMARGIN" value="13,6988" result="PASS"></item></Record><Criteria><item title="Modulation" value="MCS9NSS1"></item><item title="Bandwidth" value="80"></item><item title="Antenna" value="2"></item><item title="Channel" value="100"></item><item title="RfIcTemperature" value="60"></item><item title="CpuTemperature" value="62"></item><item title="ExpectedPower" value="20"></item><item title="EVM" Max="-32" Min="-100"></item><item title="FREQERR" Max="15" Min="-15"></item><item title="SYMCLOCKERR" Max="20" Min="-100"></item><item title="POWER" Max="21,5" Min="18,5" Avg="20"></item><item title="LOLEAKAGE" Max="-17" Min="-100"></item><item title="SPECTRUMMASK" Max="100" Min="0"></item><item title="SPECTRUMMARGIN" Max="1000" Min="0"></item></Criteria><Record><item title="Modulation" value="MCS9NSS1"></item><item title="Bandwidth" value="80"></item><item title="Channel" value="100"></item><item title="Antenna" value="2"></item><item title="ExpectedPower" value="20"></item><item title="Power" value="20"></item><item title="TestType" value="Tx"></item><item title="EVM" value="-35,0411" result="PASS"></item><item title="FREQERR" value="0,650306" result="PASS"></item><item title="SYMCLOCKERR" value="1,63868" result="PASS"></item><item title="POWER" value="18,454" result="FAIL"></item><item title="LOLEAKAGE" value="-41,6772" result="PASS"></item><item title="SPECTRUMMASK" value="16,5401" result="PASS"></item><item title="SPECTRUMMARGIN" value="16,5401" result="PASS"></item></Record><Criteria><item title="Modulation" value="MCS9NSS1"></item><item title="Bandwidth" value="80"></item><item title="Antenna" value="2"></item><item title="Channel" value="100"></item><item title="RfIcTemperature" value="60"></item><item title="CpuTemperature" value="62"></item><item title="ExpectedPower" value="21"></item><item title="EVM" Max="-32" Min="-100"></item><item title="FREQERR" Max="15" Min="-15"></item><item title="SYMCLOCKERR" Max="20" Min="-100"></item><item title="POWER" Max="22,5" Min="19,5" Avg="21"></item><item title="LOLEAKAGE" Max="-17" Min="-100"></item><item title="SPECTRUMMASK" Max="100" Min="0"></item><item title="SPECTRUMMARGIN" Max="1000" Min="0"></item></Criteria><Record><item title="Modulation" value="MCS9NSS1"></item><item title="Bandwidth" value="80"></item><item title="Channel" value="100"></item><item title="Antenna" value="2"></item><item title="ExpectedPower" value="21"></item><item title="Power" value="21"></item><item title="TestType" value="Tx"></item><item title="EVM" value="-35,6701" result="PASS"></item><item title="FREQERR" value="0,664805" result="PASS"></item><item title="SYMCLOCKERR" value="0,621893" result="PASS"></item><item title="POWER" value="19,7165" result="PASS"></item><item title="LOLEAKAGE" value="-47,1244" result="PASS"></item><item title="SPECTRUMMASK" value="15,4301" result="PASS"></item><item title="SPECTRUMMARGIN" value="15,4301" result="PASS"></item></Record><Criteria><item title="Modulation" value="MCS9NSS1"></item><item title="Bandwidth" value="80"></item><item title="Antenna" value="2"></item><item title="Channel" value="100"></item><item title="RfIcTemperature" value="60"></item><item title="CpuTemperature" value="62"></item><item title="ExpectedPower" value="22"></item><item title="EVM" Max="-32" Min="-100"></item><item title="FREQERR" Max="15" Min="-15"></item><item title="SYMCLOCKERR" Max="20" Min="-100"></item><item title="POWER" Max="23,5" Min="20,5" Avg="22"></item><item title="LOLEAKAGE" Max="-17" Min="-100"></item><item title="SPECTRUMMASK" Max="100" Min="0"></item><item title="SPECTRUMMARGIN" Max="1000" Min="0"></item></Criteria><Record><item title="Modulation" value="MCS9NSS1"></item><item title="Bandwidth" value="80"></item><item title="Channel" value="100"></item><item title="Antenna" value="2"></item><item title="ExpectedPower" value="22"></item><item title="Power" value="22"></item><item title="TestType" value="Tx"></item><item title="EVM" value="-31,7458" result="FAIL"></item><item title="FREQERR" value="0,662543" result="PASS"></item><item title="SYMCLOCKERR" value="1,76822" result="PASS"></item><item title="POWER" value="20,8613" result="PASS"></item><item title="LOLEAKAGE" value="-46,3437" result="PASS"></item><item title="SPECTRUMMASK" value="14,5458" result="PASS"></item><item title="SPECTRUMMARGIN" value="14,5458" result="PASS"></item></Record><Criteria><item title="Modulation" value="MCS9NSS1"></item><item title="Bandwidth" value="80"></item><item title="Antenna" value="2"></item><item title="Channel" value="100"></item><item title="RfIcTemperature" value="60"></item><item title="CpuTemperature" value="62"></item><item title="ExpectedPower" value="23"></item><item title="EVM" Max="-32" Min="-100"></item><item title="FREQERR" Max="15" Min="-15"></item><item title="SYMCLOCKERR" Max="20" Min="-100"></item><item title="POWER" Max="24,5" Min="21,5" Avg="23"></item><item title="LOLEAKAGE" Max="-17" Min="-100"></item><item title="SPECTRUMMASK" Max="100" Min="0"></item><item title="SPECTRUMMARGIN" Max="1000" Min="0"></item></Criteria><Record><item title="Modulation" value="MCS9NSS1"></item><item title="Bandwidth" value="80"></item><item title="Channel" value="100"></item><item title="Antenna" value="2"></item><item title="ExpectedPower" value="23"></item><item title="Power" value="23"></item><item title="TestType" value="Tx"></item><item title="EVM" value="-30,5015" result="FAIL"></item><item title="FREQERR" value="0,667471" result="PASS"></item><item title="SYMCLOCKERR" value="1,99304" result="PASS"></item><item title="POWER" value="21,7487" result="PASS"></item><item title="LOLEAKAGE" value="-58,1666" result="PASS"></item><item title="SPECTRUMMASK" value="13,0574" result="PASS"></item><item title="SPECTRUMMARGIN" value="13,0574" result="PASS"></item></Record><Criteria><item title="Modulation" value="MCS9NSS1"></item><item title="Bandwidth" value="80"></item><item title="Antenna" value="2"></item><item title="Channel" value="100"></item><item title="RfIcTemperature" value="60"></item><item title="CpuTemperature" value="62"></item><item title="ExpectedPower" value="24"></item><item title="EVM" Max="-32" Min="-100"></item><item title="FREQERR" Max="15" Min="-15"></item><item title="SYMCLOCKERR" Max="20" Min="-100"></item><item title="POWER" Max="25,5" Min="22,5" Avg="24"></item><item title="LOLEAKAGE" Max="-17" Min="-100"></item><item title="SPECTRUMMASK" Max="100" Min="0"></item><item title="SPECTRUMMARGIN" Max="1000" Min="0"></item></Criteria><Record><item title="Modulation" value="MCS9NSS1"></item><item title="Bandwidth" value="80"></item><item title="Channel" value="100"></item><item title="Antenna" value="2"></item><item title="ExpectedPower" value="24"></item><item title="Power" value="24"></item><item title="TestType" value="Tx"></item><item title="EVM" value="-26,9611" result="FAIL"></item><item title="FREQERR" value="0,658315" result="PASS"></item><item title="SYMCLOCKERR" value="1,02357" result="PASS"></item><item title="POWER" value="22,6659" result="PASS"></item><item title="LOLEAKAGE" value="-45,3667" result="PASS"></item><item title="SPECTRUMMASK" value="9,41234" result="PASS"></item><item title="SPECTRUMMARGIN" value="9,41234" result="PASS"></item></Record><Criteria><item title="Modulation" value="MCS9NSS1"></item><item title="Bandwidth" value="80"></item><item title="Antenna" value="2"></item><item title="Channel" value="100"></item><item title="RfIcTemperature" value="60"></item><item title="CpuTemperature" value="62"></item><item title="ExpectedPower" value="25"></item><item title="EVM" Max="-32" Min="-100"></item><item title="FREQERR" Max="15" Min="-15"></item><item title="SYMCLOCKERR" Max="20" Min="-100"></item><item title="POWER" Max="26,5" Min="23,5" Avg="25"></item><item title="LOLEAKAGE" Max="-17" Min="-100"></item><item title="SPECTRUMMASK" Max="100" Min="0"></item><item title="SPECTRUMMARGIN" Max="1000" Min="0"></item></Criteria><Record><item title="Modulation" value="MCS9NSS1"></item><item title="Bandwidth" value="80"></item><item title="Channel" value="100"></item><item title="Antenna" value="2"></item><item title="ExpectedPower" value="25"></item><item title="Power" value="25"></item><item title="TestType" value="Tx"></item><item title="EVM" value="-24,4357" result="FAIL"></item><item title="FREQERR" value="0,648071" result="PASS"></item><item title="SYMCLOCKERR" value="1,46142" result="PASS"></item><item title="POWER" value="23,9712" result="PASS"></item><item title="LOLEAKAGE" value="-44,4813" result="PASS"></item><item title="SPECTRUMMASK" value="4,43688" result="PASS"></item><item title="SPECTRUMMARGIN" value="4,43688" result="PASS"></item></Record><Criteria><item title="Modulation" value="MCS9NSS1"></item><item title="Bandwidth" value="80"></item><item title="Antenna" value="3"></item><item title="Channel" value="100"></item><item title="RfIcTemperature" value="60"></item><item title="CpuTemperature" value="62"></item><item title="ExpectedPower" value="10"></item><item title="EVM" Max="-32" Min="-100"></item><item title="FREQERR" Max="15" Min="-15"></item><item title="SYMCLOCKERR" Max="20" Min="-100"></item><item title="POWER" Max="11,5" Min="8,5" Avg="10"></item><item title="LOLEAKAGE" Max="-17" Min="-100"></item><item title="SPECTRUMMASK" Max="100" Min="0"></item><item title="SPECTRUMMARGIN" Max="1000" Min="0"></item></Criteria><Record><item title="Modulation" value="MCS9NSS1"></item><item title="Bandwidth" value="80"></item><item title="Channel" value="100"></item><item title="Antenna" value="3"></item><item title="ExpectedPower" value="10"></item><item title="Power" value="10"></item><item title="TestType" value="Tx"></item><item title="EVM" value="-38,0911" result="PASS"></item><item title="FREQERR" value="0,668993" result="PASS"></item><item title="SYMCLOCKERR" value="0,264759" result="PASS"></item><item title="POWER" value="8,12635" result="FAIL"></item><item title="LOLEAKAGE" value="-28,7964" result="PASS"></item><item title="SPECTRUMMASK" value="15,6426" result="PASS"></item><item title="SPECTRUMMARGIN" value="15,6426" result="PASS"></item></Record><Criteria><item title="Modulation" value="MCS9NSS1"></item><item title="Bandwidth" value="80"></item><item title="Antenna" value="3"></item><item title="Channel" value="100"></item><item title="RfIcTemperature" value="60"></item><item title="CpuTemperature" value="62"></item><item title="ExpectedPower" value="11"></item><item title="EVM" Max="-32" Min="-100"></item><item title="FREQERR" Max="15" Min="-15"></item><item title="SYMCLOCKERR" Max="20" Min="-100"></item><item title="POWER" Max="12,5" Min="9,5" Avg="11"></item><item title="LOLEAKAGE" Max="-17" Min="-100"></item><item title="SPECTRUMMASK" Max="100" Min="0"></item><item title="SPECTRUMMARGIN" Max="1000" Min="0"></item></Criteria><Record><item title="Modulation" value="MCS9NSS1"></item><item title="Bandwidth" value="80"></item><item title="Channel" value="100"></item><item title="Antenna" value="3"></item><item title="ExpectedPower" value="11"></item><item title="Power" value="11"></item><item title="TestType" value="Tx"></item><item title="EVM" value="-35,165" result="PASS"></item><item title="FREQERR" value="0,667209" result="PASS"></item><item title="SYMCLOCKERR" value="0,736156" result="PASS"></item><item title="POWER" value="9,18607" result="FAIL"></item><item title="LOLEAKAGE" value="-28,9267" result="PASS"></item><item title="SPECTRUMMASK" value="15,0036" result="PASS"></item><item title="SPECTRUMMARGIN" value="15,0036" result="PASS"></item></Record><Criteria><item title="Modulation" value="MCS9NSS1"></item><item title="Bandwidth" value="80"></item><item title="Antenna" value="3"></item><item title="Channel" value="100"></item><item title="RfIcTemperature" value="60"></item><item title="CpuTemperature" value="62"></item><item title="ExpectedPower" value="12"></item><item title="EVM" Max="-32" Min="-100"></item><item title="FREQERR" Max="15" Min="-15"></item><item title="SYMCLOCKERR" Max="20" Min="-100"></item><item title="POWER" Max="13,5" Min="10,5" Avg="12"></item><item title="LOLEAKAGE" Max="-17" Min="-100"></item><item title="SPECTRUMMASK" Max="100" Min="0"></item><item title="SPECTRUMMARGIN" Max="1000" Min="0"></item></Criteria><Record><item title="Modulation" value="MCS9NSS1"></item><item title="Bandwidth" value="80"></item><item title="Channel" value="100"></item><item title="Antenna" value="3"></item><item title="ExpectedPower" value="12"></item><item title="Power" value="12"></item><item title="TestType" value="Tx"></item><item title="EVM" value="-37,806" result="PASS"></item><item title="FREQERR" value="0,654465" result="PASS"></item><item title="SYMCLOCKERR" value="-0,217278" result="PASS"></item><item title="POWER" value="10,3919" result="FAIL"></item><item title="LOLEAKAGE" value="-28,6698" result="PASS"></item><item title="SPECTRUMMASK" value="15,9396" result="PASS"></item><item title="SPECTRUMMARGIN" value="15,9396" result="PASS"></item></Record><Criteria><item title="Modulation" value="MCS9NSS1"></item><item title="Bandwidth" value="80"></item><item title="Antenna" value="3"></item><item title="Channel" value="100"></item><item title="RfIcTemperature" value="60"></item><item title="CpuTemperature" value="62"></item><item title="ExpectedPower" value="13"></item><item title="EVM" Max="-32" Min="-100"></item><item title="FREQERR" Max="15" Min="-15"></item><item title="SYMCLOCKERR" Max="20" Min="-100"></item><item title="POWER" Max="14,5" Min="11,5" Avg="13"></item><item title="LOLEAKAGE" Max="-17" Min="-100"></item><item title="SPECTRUMMASK" Max="100" Min="0"></item><item title="SPECTRUMMARGIN" Max="1000" Min="0"></item></Criteria><Record><item title="Modulation" value="MCS9NSS1"></item><item title="Bandwidth" value="80"></item><item title="Channel" value="100"></item><item title="Antenna" value="3"></item><item title="ExpectedPower" value="13"></item><item title="Power" value="13"></item><item title="TestType" value="Tx"></item><item title="EVM" value="-37,5221" result="PASS"></item><item title="FREQERR" value="0,658575" result="PASS"></item><item title="SYMCLOCKERR" value="0,549004" result="PASS"></item><item title="POWER" value="11,3917" result="FAIL"></item><item title="LOLEAKAGE" value="-29,8021" result="PASS"></item><item title="SPECTRUMMASK" value="14,1362" result="PASS"></item><item title="SPECTRUMMARGIN" value="14,1362" result="PASS"></item></Record><Criteria><item title="Modulation" value="MCS9NSS1"></item><item title="Bandwidth" value="80"></item><item title="Antenna" value="3"></item><item title="Channel" value="100"></item><item title="RfIcTemperature" value="60"></item><item title="CpuTemperature" value="62"></item><item title="ExpectedPower" value="14"></item><item title="EVM" Max="-32" Min="-100"></item><item title="FREQERR" Max="15" Min="-15"></item><item title="SYMCLOCKERR" Max="20" Min="-100"></item><item title="POWER" Max="15,5" Min="12,5" Avg="14"></item><item title="LOLEAKAGE" Max="-17" Min="-100"></item><item title="SPECTRUMMASK" Max="100" Min="0"></item><item title="SPECTRUMMARGIN" Max="1000" Min="0"></item></Criteria><Record><item title="Modulation" value="MCS9NSS1"></item><item title="Bandwidth" value="80"></item><item title="Channel" value="100"></item><item title="Antenna" value="3"></item><item title="ExpectedPower" value="14"></item><item title="Power" value="14"></item><item title="TestType" value="Tx"></item><item title="EVM" value="-36,4885" result="PASS"></item><item title="FREQERR" value="0,669952" result="PASS"></item><item title="SYMCLOCKERR" value="0,9229" result="PASS"></item><item title="POWER" value="12,285" result="FAIL"></item><item title="LOLEAKAGE" value="-29,0283" result="PASS"></item><item title="SPECTRUMMASK" value="16,6478" result="PASS"></item><item title="SPECTRUMMARGIN" value="16,6478" result="PASS"></item></Record><Criteria><item title="Modulation" value="MCS9NSS1"></item><item title="Bandwidth" value="80"></item><item title="Antenna" value="3"></item><item title="Channel" value="100"></item><item title="RfIcTemperature" value="60"></item><item title="CpuTemperature" value="62"></item><item title="ExpectedPower" value="15"></item><item title="EVM" Max="-32" Min="-100"></item><item title="FREQERR" Max="15" Min="-15"></item><item title="SYMCLOCKERR" Max="20" Min="-100"></item><item title="POWER" Max="16,5" Min="13,5" Avg="15"></item><item title="LOLEAKAGE" Max="-17" Min="-100"></item><item title="SPECTRUMMASK" Max="100" Min="0"></item><item title="SPECTRUMMARGIN" Max="1000" Min="0"></item></Criteria><Record><item title="Modulation" value="MCS9NSS1"></item><item title="Bandwidth" value="80"></item><item title="Channel" value="100"></item><item title="Antenna" value="3"></item><item title="ExpectedPower" value="15"></item><item title="Power" value="15"></item><item title="TestType" value="Tx"></item><item title="EVM" value="-38,1042" result="PASS"></item><item title="FREQERR" value="0,665785" result="PASS"></item><item title="SYMCLOCKERR" value="0,239218" result="PASS"></item><item title="POWER" value="13,3155" result="FAIL"></item><item title="LOLEAKAGE" value="-30,406" result="PASS"></item><item title="SPECTRUMMASK" value="15,4572" result="PASS"></item><item title="SPECTRUMMARGIN" value="15,4572" result="PASS"></item></Record><Criteria><item title="Modulation" value="MCS9NSS1"></item><item title="Bandwidth" value="80"></item><item title="Antenna" value="3"></item><item title="Channel" value="100"></item><item title="RfIcTemperature" value="60"></item><item title="CpuTemperature" value="62"></item><item title="ExpectedPower" value="16"></item><item title="EVM" Max="-32" Min="-100"></item><item title="FREQERR" Max="15" Min="-15"></item><item title="SYMCLOCKERR" Max="20" Min="-100"></item><item title="POWER" Max="17,5" Min="14,5" Avg="16"></item><item title="LOLEAKAGE" Max="-17" Min="-100"></item><item title="SPECTRUMMASK" Max="100" Min="0"></item><item title="SPECTRUMMARGIN" Max="1000" Min="0"></item></Criteria><Record><item title="Modulation" value="MCS9NSS1"></item><item title="Bandwidth" value="80"></item><item title="Channel" value="100"></item><item title="Antenna" value="3"></item><item title="ExpectedPower" value="16"></item><item title="Power" value="16"></item><item title="TestType" value="Tx"></item><item title="EVM" value="-37,1409" result="PASS"></item><item title="FREQERR" value="0,659171" result="PASS"></item><item title="SYMCLOCKERR" value="0,921649" result="PASS"></item><item title="POWER" value="14,3114" result="FAIL"></item><item title="LOLEAKAGE" value="-35,2319" result="PASS"></item><item title="SPECTRUMMASK" value="15,2609" result="PASS"></item><item title="SPECTRUMMARGIN" value="15,2609" result="PASS"></item></Record><Criteria><item title="Modulation" value="MCS9NSS1"></item><item title="Bandwidth" value="80"></item><item title="Antenna" value="3"></item><item title="Channel" value="100"></item><item title="RfIcTemperature" value="60"></item><item title="CpuTemperature" value="62"></item><item title="ExpectedPower" value="17"></item><item title="EVM" Max="-32" Min="-100"></item><item title="FREQERR" Max="15" Min="-15"></item><item title="SYMCLOCKERR" Max="20" Min="-100"></item><item title="POWER" Max="18,5" Min="15,5" Avg="17"></item><item title="LOLEAKAGE" Max="-17" Min="-100"></item><item title="SPECTRUMMASK" Max="100" Min="0"></item><item title="SPECTRUMMARGIN" Max="1000" Min="0"></item></Criteria><Record><item title="Modulation" value="MCS9NSS1"></item><item title="Bandwidth" value="80"></item><item title="Channel" value="100"></item><item title="Antenna" value="3"></item><item title="ExpectedPower" value="17"></item><item title="Power" value="17"></item><item title="TestType" value="Tx"></item><item title="EVM" value="-36,8765" result="PASS"></item><item title="FREQERR" value="0,67916" result="PASS"></item><item title="SYMCLOCKERR" value="0,616043" result="PASS"></item><item title="POWER" value="15,1644" result="FAIL"></item><item title="LOLEAKAGE" value="-35,9456" result="PASS"></item><item title="SPECTRUMMASK" value="15,4857" result="PASS"></item><item title="SPECTRUMMARGIN" value="15,4857" result="PASS"></item></Record><Criteria><item title="Modulation" value="MCS9NSS1"></item><item title="Bandwidth" value="80"></item><item title="Antenna" value="3"></item><item title="Channel" value="100"></item><item title="RfIcTemperature" value="60"></item><item title="CpuTemperature" value="62"></item><item title="ExpectedPower" value="18"></item><item title="EVM" Max="-32" Min="-100"></item><item title="FREQERR" Max="15" Min="-15"></item><item title="SYMCLOCKERR" Max="20" Min="-100"></item><item title="POWER" Max="19,5" Min="16,5" Avg="18"></item><item title="LOLEAKAGE" Max="-17" Min="-100"></item><item title="SPECTRUMMASK" Max="100" Min="0"></item><item title="SPECTRUMMARGIN" Max="1000" Min="0"></item></Criteria><Record><item title="Modulation" value="MCS9NSS1"></item><item title="Bandwidth" value="80"></item><item title="Channel" value="100"></item><item title="Antenna" value="3"></item><item title="ExpectedPower" value="18"></item><item title="Power" value="18"></item><item title="TestType" value="Tx"></item><item title="EVM" value="-34,2475" result="PASS"></item><item title="FREQERR" value="0,665508" result="PASS"></item><item title="SYMCLOCKERR" value="1,44601" result="PASS"></item><item title="POWER" value="16,3544" result="FAIL"></item><item title="LOLEAKAGE" value="-35,8573" result="PASS"></item><item title="SPECTRUMMASK" value="16,6172" result="PASS"></item><item title="SPECTRUMMARGIN" value="16,6172" result="PASS"></item></Record><Criteria><item title="Modulation" value="MCS9NSS1"></item><item title="Bandwidth" value="80"></item><item title="Antenna" value="3"></item><item title="Channel" value="100"></item><item title="RfIcTemperature" value="60"></item><item title="CpuTemperature" value="62"></item><item title="ExpectedPower" value="19"></item><item title="EVM" Max="-32" Min="-100"></item><item title="FREQERR" Max="15" Min="-15"></item><item title="SYMCLOCKERR" Max="20" Min="-100"></item><item title="POWER" Max="20,5" Min="17,5" Avg="19"></item><item title="LOLEAKAGE" Max="-17" Min="-100"></item><item title="SPECTRUMMASK" Max="100" Min="0"></item><item title="SPECTRUMMARGIN" Max="1000" Min="0"></item></Criteria><Record><item title="Modulation" value="MCS9NSS1"></item><item title="Bandwidth" value="80"></item><item title="Channel" value="100"></item><item title="Antenna" value="3"></item><item title="ExpectedPower" value="19"></item><item title="Power" value="19"></item><item title="TestType" value="Tx"></item><item title="EVM" value="-36,102" result="PASS"></item><item title="FREQERR" value="0,665329" result="PASS"></item><item title="SYMCLOCKERR" value="1,68334" result="PASS"></item><item title="POWER" value="17,35" result="FAIL"></item><item title="LOLEAKAGE" value="-47,3596" result="PASS"></item><item title="SPECTRUMMASK" value="16,8468" result="PASS"></item><item title="SPECTRUMMARGIN" value="16,8468" result="PASS"></item></Record><Criteria><item title="Modulation" value="MCS9NSS1"></item><item title="Bandwidth" value="80"></item><item title="Antenna" value="3"></item><item title="Channel" value="100"></item><item title="RfIcTemperature" value="60"></item><item title="CpuTemperature" value="62"></item><item title="ExpectedPower" value="20"></item><item title="EVM" Max="-32" Min="-100"></item><item title="FREQERR" Max="15" Min="-15"></item><item title="SYMCLOCKERR" Max="20" Min="-100"></item><item title="POWER" Max="21,5" Min="18,5" Avg="20"></item><item title="LOLEAKAGE" Max="-17" Min="-100"></item><item title="SPECTRUMMASK" Max="100" Min="0"></item><item title="SPECTRUMMARGIN" Max="1000" Min="0"></item></Criteria><Record><item title="Modulation" value="MCS9NSS1"></item><item title="Bandwidth" value="80"></item><item title="Channel" value="100"></item><item title="Antenna" value="3"></item><item title="ExpectedPower" value="20"></item><item title="Power" value="20"></item><item title="TestType" value="Tx"></item><item title="EVM" value="-36,9807" result="PASS"></item><item title="FREQERR" value="0,662185" result="PASS"></item><item title="SYMCLOCKERR" value="0,277503" result="PASS"></item><item title="POWER" value="18,3012" result="FAIL"></item><item title="LOLEAKAGE" value="-42,7099" result="PASS"></item><item title="SPECTRUMMASK" value="15,6376" result="PASS"></item><item title="SPECTRUMMARGIN" value="15,6376" result="PASS"></item></Record><Criteria><item title="Modulation" value="MCS9NSS1"></item><item title="Bandwidth" value="80"></item><item title="Antenna" value="3"></item><item title="Channel" value="100"></item><item title="RfIcTemperature" value="60"></item><item title="CpuTemperature" value="62"></item><item title="ExpectedPower" value="21"></item><item title="EVM" Max="-32" Min="-100"></item><item title="FREQERR" Max="15" Min="-15"></item><item title="SYMCLOCKERR" Max="20" Min="-100"></item><item title="POWER" Max="22,5" Min="19,5" Avg="21"></item><item title="LOLEAKAGE" Max="-17" Min="-100"></item><item title="SPECTRUMMASK" Max="100" Min="0"></item><item title="SPECTRUMMARGIN" Max="1000" Min="0"></item></Criteria><Record><item title="Modulation" value="MCS9NSS1"></item><item title="Bandwidth" value="80"></item><item title="Channel" value="100"></item><item title="Antenna" value="3"></item><item title="ExpectedPower" value="21"></item><item title="Power" value="21"></item><item title="TestType" value="Tx"></item><item title="EVM" value="-34,3604" result="PASS"></item><item title="FREQERR" value="0,677213" result="PASS"></item><item title="SYMCLOCKERR" value="0,0130614" result="PASS"></item><item title="POWER" value="19,3635" result="FAIL"></item><item title="LOLEAKAGE" value="-48,1373" result="PASS"></item><item title="SPECTRUMMASK" value="14,6745" result="PASS"></item><item title="SPECTRUMMARGIN" value="14,6745" result="PASS"></item></Record><Criteria><item title="Modulation" value="MCS9NSS1"></item><item title="Bandwidth" value="80"></item><item title="Antenna" value="3"></item><item title="Channel" value="100"></item><item title="RfIcTemperature" value="60"></item><item title="CpuTemperature" value="62"></item><item title="ExpectedPower" value="22"></item><item title="EVM" Max="-32" Min="-100"></item><item title="FREQERR" Max="15" Min="-15"></item><item title="SYMCLOCKERR" Max="20" Min="-100"></item><item title="POWER" Max="23,5" Min="20,5" Avg="22"></item><item title="LOLEAKAGE" Max="-17" Min="-100"></item><item title="SPECTRUMMASK" Max="100" Min="0"></item><item title="SPECTRUMMARGIN" Max="1000" Min="0"></item></Criteria><Record><item title="Modulation" value="MCS9NSS1"></item><item title="Bandwidth" value="80"></item><item title="Channel" value="100"></item><item title="Antenna" value="3"></item><item title="ExpectedPower" value="22"></item><item title="Power" value="22"></item><item title="TestType" value="Tx"></item><item title="EVM" value="-32,8842" result="PASS"></item><item title="FREQERR" value="0,660467" result="PASS"></item><item title="SYMCLOCKERR" value="1,88154" result="PASS"></item><item title="POWER" value="20,7117" result="PASS"></item><item title="LOLEAKAGE" value="-56,5971" result="PASS"></item><item title="SPECTRUMMASK" value="13,9294" result="PASS"></item><item title="SPECTRUMMARGIN" value="13,9294" result="PASS"></item></Record><Criteria><item title="Modulation" value="MCS9NSS1"></item><item title="Bandwidth" value="80"></item><item title="Antenna" value="3"></item><item title="Channel" value="100"></item><item title="RfIcTemperature" value="60"></item><item title="CpuTemperature" value="62"></item><item title="ExpectedPower" value="23"></item><item title="EVM" Max="-32" Min="-100"></item><item title="FREQERR" Max="15" Min="-15"></item><item title="SYMCLOCKERR" Max="20" Min="-100"></item><item title="POWER" Max="24,5" Min="21,5" Avg="23"></item><item title="LOLEAKAGE" Max="-17" Min="-100"></item><item title="SPECTRUMMASK" Max="100" Min="0"></item><item title="SPECTRUMMARGIN" Max="1000" Min="0"></item></Criteria><Record><item title="Modulation" value="MCS9NSS1"></item><item title="Bandwidth" value="80"></item><item title="Channel" value="100"></item><item title="Antenna" value="3"></item><item title="ExpectedPower" value="23"></item><item title="Power" value="23"></item><item title="TestType" value="Tx"></item><item title="EVM" value="-31,175" result="FAIL"></item><item title="FREQERR" value="0,68115" result="PASS"></item><item title="SYMCLOCKERR" value="0,662639" result="PASS"></item><item title="POWER" value="21,444" result="FAIL"></item><item title="LOLEAKAGE" value="-50,1584" result="PASS"></item><item title="SPECTRUMMASK" value="13,3645" result="PASS"></item><item title="SPECTRUMMARGIN" value="13,3645" result="PASS"></item></Record><Criteria><item title="Modulation" value="MCS9NSS1"></item><item title="Bandwidth" value="80"></item><item title="Antenna" value="3"></item><item title="Channel" value="100"></item><item title="RfIcTemperature" value="60"></item><item title="CpuTemperature" value="62"></item><item title="ExpectedPower" value="24"></item><item title="EVM" Max="-32" Min="-100"></item><item title="FREQERR" Max="15" Min="-15"></item><item title="SYMCLOCKERR" Max="20" Min="-100"></item><item title="POWER" Max="25,5" Min="22,5" Avg="24"></item><item title="LOLEAKAGE" Max="-17" Min="-100"></item><item title="SPECTRUMMASK" Max="100" Min="0"></item><item title="SPECTRUMMARGIN" Max="1000" Min="0"></item></Criteria><Record><item title="Modulation" value="MCS9NSS1"></item><item title="Bandwidth" value="80"></item><item title="Channel" value="100"></item><item title="Antenna" value="3"></item><item title="ExpectedPower" value="24"></item><item title="Power" value="24"></item><item title="TestType" value="Tx"></item><item title="EVM" value="-26,2863" result="FAIL"></item><item title="FREQERR" value="0,659606" result="PASS"></item><item title="SYMCLOCKERR" value="0,810109" result="PASS"></item><item title="POWER" value="22,491" result="FAIL"></item><item title="LOLEAKAGE" value="-50,2817" result="PASS"></item><item title="SPECTRUMMASK" value="10,0079" result="PASS"></item><item title="SPECTRUMMARGIN" value="10,0079" result="PASS"></item></Record><Criteria><item title="Modulation" value="MCS9NSS1"></item><item title="Bandwidth" value="80"></item><item title="Antenna" value="3"></item><item title="Channel" value="100"></item><item title="RfIcTemperature" value="60"></item><item title="CpuTemperature" value="62"></item><item title="ExpectedPower" value="25"></item><item title="EVM" Max="-32" Min="-100"></item><item title="FREQERR" Max="15" Min="-15"></item><item title="SYMCLOCKERR" Max="20" Min="-100"></item><item title="POWER" Max="26,5" Min="23,5" Avg="25"></item><item title="LOLEAKAGE" Max="-17" Min="-100"></item><item title="SPECTRUMMASK" Max="100" Min="0"></item><item title="SPECTRUMMARGIN" Max="1000" Min="0"></item></Criteria><Record><item title="Modulation" value="MCS9NSS1"></item><item title="Bandwidth" value="80"></item><item title="Channel" value="100"></item><item title="Antenna" value="3"></item><item title="ExpectedPower" value="25"></item><item title="Power" value="25"></item><item title="TestType" value="Tx"></item><item title="EVM" value="-24,0282" result="FAIL"></item><item title="FREQERR" value="0,657628" result="PASS"></item><item title="SYMCLOCKERR" value="5,9801" result="PASS"></item><item title="POWER" value="23,6409" result="PASS"></item><item title="LOLEAKAGE" value="-41,3205" result="PASS"></item><item title="SPECTRUMMASK" value="4,02567" result="PASS"></item><item title="SPECTRUMMARGIN" value="4,02567" result="PASS"></item></Record><Criteria><item title="Modulation" value="MCS9NSS1"></item><item title="Bandwidth" value="80"></item><item title="Antenna" value="0"></item><item title="Channel" value="132"></item><item title="RfIcTemperature" value="60"></item><item title="CpuTemperature" value="62"></item><item title="ExpectedPower" value="10"></item><item title="EVM" Max="-32" Min="-100"></item><item title="FREQERR" Max="15" Min="-15"></item><item title="SYMCLOCKERR" Max="20" Min="-100"></item><item title="POWER" Max="11,5" Min="8,5" Avg="10"></item><item title="LOLEAKAGE" Max="-17" Min="-100"></item><item title="SPECTRUMMASK" Max="100" Min="0"></item><item title="SPECTRUMMARGIN" Max="1000" Min="0"></item></Criteria><Record><item title="Modulation" value="MCS9NSS1"></item><item title="Bandwidth" value="80"></item><item title="Channel" value="132"></item><item title="Antenna" value="0"></item><item title="ExpectedPower" value="10"></item><item title="Power" value="10"></item><item title="TestType" value="Tx"></item><item title="EVM" value="-37,272" result="PASS"></item><item title="FREQERR" value="0,645509" result="PASS"></item><item title="SYMCLOCKERR" value="-0,646826" result="PASS"></item><item title="POWER" value="9,70769" result="PASS"></item><item title="LOLEAKAGE" value="-30,2847" result="PASS"></item><item title="SPECTRUMMASK" value="16,0899" result="PASS"></item><item title="SPECTRUMMARGIN" value="16,0899" result="PASS"></item></Record><Criteria><item title="Modulation" value="MCS9NSS1"></item><item title="Bandwidth" value="80"></item><item title="Antenna" value="0"></item><item title="Channel" value="132"></item><item title="RfIcTemperature" value="60"></item><item title="CpuTemperature" value="62"></item><item title="ExpectedPower" value="11"></item><item title="EVM" Max="-32" Min="-100"></item><item title="FREQERR" Max="15" Min="-15"></item><item title="SYMCLOCKERR" Max="20" Min="-100"></item><item title="POWER" Max="12,5" Min="9,5" Avg="11"></item><item title="LOLEAKAGE" Max="-17" Min="-100"></item><item title="SPECTRUMMASK" Max="100" Min="0"></item><item title="SPECTRUMMARGIN" Max="1000" Min="0"></item></Criteria><Record><item title="Modulation" value="MCS9NSS1"></item><item title="Bandwidth" value="80"></item><item title="Channel" value="132"></item><item title="Antenna" value="0"></item><item title="ExpectedPower" value="11"></item><item title="Power" value="11"></item><item title="TestType" value="Tx"></item><item title="EVM" value="-37,5979" result="PASS"></item><item title="FREQERR" value="0,647969" result="PASS"></item><item title="SYMCLOCKERR" value="-0,238423" result="PASS"></item><item title="POWER" value="10,7981" result="PASS"></item><item title="LOLEAKAGE" value="-32,4338" result="PASS"></item><item title="SPECTRUMMASK" value="15,8961" result="PASS"></item><item title="SPECTRUMMARGIN" value="15,8961" result="PASS"></item></Record><Criteria><item title="Modulation" value="MCS9NSS1"></item><item title="Bandwidth" value="80"></item><item title="Antenna" value="0"></item><item title="Channel" value="132"></item><item title="RfIcTemperature" value="60"></item><item title="CpuTemperature" value="62"></item><item title="ExpectedPower" value="12"></item><item title="EVM" Max="-32" Min="-100"></item><item title="FREQERR" Max="15" Min="-15"></item><item title="SYMCLOCKERR" Max="20" Min="-100"></item><item title="POWER" Max="13,5" Min="10,5" Avg="12"></item><item title="LOLEAKAGE" Max="-17" Min="-100"></item><item title="SPECTRUMMASK" Max="100" Min="0"></item><item title="SPECTRUMMARGIN" Max="1000" Min="0"></item></Criteria><Record><item title="Modulation" value="MCS9NSS1"></item><item title="Bandwidth" value="80"></item><item title="Channel" value="132"></item><item title="Antenna" value="0"></item><item title="ExpectedPower" value="12"></item><item title="Power" value="12"></item><item title="TestType" value="Tx"></item><item title="EVM" value="-37,7247" result="PASS"></item><item title="FREQERR" value="0,645428" result="PASS"></item><item title="SYMCLOCKERR" value="0,66258" result="PASS"></item><item title="POWER" value="11,8745" result="PASS"></item><item title="LOLEAKAGE" value="-31,9983" result="PASS"></item><item title="SPECTRUMMASK" value="14,8863" result="PASS"></item><item title="SPECTRUMMARGIN" value="14,8863" result="PASS"></item></Record><Criteria><item title="Modulation" value="MCS9NSS1"></item><item title="Bandwidth" value="80"></item><item title="Antenna" value="0"></item><item title="Channel" value="132"></item><item title="RfIcTemperature" value="60"></item><item title="CpuTemperature" value="62"></item><item title="ExpectedPower" value="13"></item><item title="EVM" Max="-32" Min="-100"></item><item title="FREQERR" Max="15" Min="-15"></item><item title="SYMCLOCKERR" Max="20" Min="-100"></item><item title="POWER" Max="14,5" Min="11,5" Avg="13"></item><item title="LOLEAKAGE" Max="-17" Min="-100"></item><item title="SPECTRUMMASK" Max="100" Min="0"></item><item title="SPECTRUMMARGIN" Max="1000" Min="0"></item></Criteria><Record><item title="Modulation" value="MCS9NSS1"></item><item title="Bandwidth" value="80"></item><item title="Channel" value="132"></item><item title="Antenna" value="0"></item><item title="ExpectedPower" value="13"></item><item title="Power" value="13"></item><item title="TestType" value="Tx"></item><item title="EVM" value="-36,5954" result="PASS"></item><item title="FREQERR" value="0,646744" result="PASS"></item><item title="SYMCLOCKERR" value="0,91895" result="PASS"></item><item title="POWER" value="12,8124" result="PASS"></item><item title="LOLEAKAGE" value="-34,1613" result="PASS"></item><item title="SPECTRUMMASK" value="15,8436" result="PASS"></item><item title="SPECTRUMMARGIN" value="15,8436" result="PASS"></item></Record><Criteria><item title="Modulation" value="MCS9NSS1"></item><item title="Bandwidth" value="80"></item><item title="Antenna" value="0"></item><item title="Channel" value="132"></item><item title="RfIcTemperature" value="60"></item><item title="CpuTemperature" value="62"></item><item title="ExpectedPower" value="14"></item><item title="EVM" Max="-32" Min="-100"></item><item title="FREQERR" Max="15" Min="-15"></item><item title="SYMCLOCKERR" Max="20" Min="-100"></item><item title="POWER" Max="15,5" Min="12,5" Avg="14"></item><item title="LOLEAKAGE" Max="-17" Min="-100"></item><item title="SPECTRUMMASK" Max="100" Min="0"></item><item title="SPECTRUMMARGIN" Max="1000" Min="0"></item></Criteria><Record><item title="Modulation" value="MCS9NSS1"></item><item title="Bandwidth" value="80"></item><item title="Channel" value="132"></item><item title="Antenna" value="0"></item><item title="ExpectedPower" value="14"></item><item title="Power" value="14"></item><item title="TestType" value="Tx"></item><item title="EVM" value="-38,2159" result="PASS"></item><item title="FREQERR" value="0,645775" result="PASS"></item><item title="SYMCLOCKERR" value="0,633014" result="PASS"></item><item title="POWER" value="13,789" result="PASS"></item><item title="LOLEAKAGE" value="-37,1604" result="PASS"></item><item title="SPECTRUMMASK" value="15,8448" result="PASS"></item><item title="SPECTRUMMARGIN" value="15,8448" result="PASS"></item></Record><Criteria><item title="Modulation" value="MCS9NSS1"></item><item title="Bandwidth" value="80"></item><item title="Antenna" value="0"></item><item title="Channel" value="132"></item><item title="RfIcTemperature" value="60"></item><item title="CpuTemperature" value="62"></item><item title="ExpectedPower" value="15"></item><item title="EVM" Max="-32" Min="-100"></item><item title="FREQERR" Max="15" Min="-15"></item><item title="SYMCLOCKERR" Max="20" Min="-100"></item><item title="POWER" Max="16,5" Min="13,5" Avg="15"></item><item title="LOLEAKAGE" Max="-17" Min="-100"></item><item title="SPECTRUMMASK" Max="100" Min="0"></item><item title="SPECTRUMMARGIN" Max="1000" Min="0"></item></Criteria><Record><item title="Modulation" value="MCS9NSS1"></item><item title="Bandwidth" value="80"></item><item title="Channel" value="132"></item><item title="Antenna" value="0"></item><item title="ExpectedPower" value="15"></item><item title="Power" value="15"></item><item title="TestType" value="Tx"></item><item title="EVM" value="-36,4188" result="PASS"></item><item title="FREQERR" value="0,64929" result="PASS"></item><item title="SYMCLOCKERR" value="0,792879" result="PASS"></item><item title="POWER" value="14,7924" result="PASS"></item><item title="LOLEAKAGE" value="-35,9201" result="PASS"></item><item title="SPECTRUMMASK" value="15,6929" result="PASS"></item><item title="SPECTRUMMARGIN" value="15,6929" result="PASS"></item></Record><Criteria><item title="Modulation" value="MCS9NSS1"></item><item title="Bandwidth" value="80"></item><item title="Antenna" value="0"></item><item title="Channel" value="132"></item><item title="RfIcTemperature" value="60"></item><item title="CpuTemperature" value="62"></item><item title="ExpectedPower" value="16"></item><item title="EVM" Max="-32" Min="-100"></item><item title="FREQERR" Max="15" Min="-15"></item><item title="SYMCLOCKERR" Max="20" Min="-100"></item><item title="POWER" Max="17,5" Min="14,5" Avg="16"></item><item title="LOLEAKAGE" Max="-17" Min="-100"></item><item title="SPECTRUMMASK" Max="100" Min="0"></item><item title="SPECTRUMMARGIN" Max="1000" Min="0"></item></Criteria><Record><item title="Modulation" value="MCS9NSS1"></item><item title="Bandwidth" value="80"></item><item title="Channel" value="132"></item><item title="Antenna" value="0"></item><item title="ExpectedPower" value="16"></item><item title="Power" value="16"></item><item title="TestType" value="Tx"></item><item title="EVM" value="-36,815" result="PASS"></item><item title="FREQERR" value="0,662765" result="PASS"></item><item title="SYMCLOCKERR" value="-0,65579" result="PASS"></item><item title="POWER" value="15,8089" result="PASS"></item><item title="LOLEAKAGE" value="-36,7049" result="PASS"></item><item title="SPECTRUMMASK" value="15,4593" result="PASS"></item><item title="SPECTRUMMARGIN" value="15,4593" result="PASS"></item></Record><Criteria><item title="Modulation" value="MCS9NSS1"></item><item title="Bandwidth" value="80"></item><item title="Antenna" value="0"></item><item title="Channel" value="132"></item><item title="RfIcTemperature" value="60"></item><item title="CpuTemperature" value="62"></item><item title="ExpectedPower" value="17"></item><item title="EVM" Max="-32" Min="-100"></item><item title="FREQERR" Max="15" Min="-15"></item><item title="SYMCLOCKERR" Max="20" Min="-100"></item><item title="POWER" Max="18,5" Min="15,5" Avg="17"></item><item title="LOLEAKAGE" Max="-17" Min="-100"></item><item title="SPECTRUMMASK" Max="100" Min="0"></item><item title="SPECTRUMMARGIN" Max="1000" Min="0"></item></Criteria><Record><item title="Modulation" value="MCS9NSS1"></item><item title="Bandwidth" value="80"></item><item title="Channel" value="132"></item><item title="Antenna" value="0"></item><item title="ExpectedPower" value="17"></item><item title="Power" value="17"></item><item title="TestType" value="Tx"></item><item title="EVM" value="-37,369" result="PASS"></item><item title="FREQERR" value="0,656013" result="PASS"></item><item title="SYMCLOCKERR" value="1,14585" result="PASS"></item><item title="POWER" value="16,713" result="PASS"></item><item title="LOLEAKAGE" value="-39,282" result="PASS"></item><item title="SPECTRUMMASK" value="15,7196" result="PASS"></item><item title="SPECTRUMMARGIN" value="15,7196" result="PASS"></item></Record><Criteria><item title="Modulation" value="MCS9NSS1"></item><item title="Bandwidth" value="80"></item><item title="Antenna" value="0"></item><item title="Channel" value="132"></item><item title="RfIcTemperature" value="60"></item><item title="CpuTemperature" value="62"></item><item title="ExpectedPower" value="18"></item><item title="EVM" Max="-32" Min="-100"></item><item title="FREQERR" Max="15" Min="-15"></item><item title="SYMCLOCKERR" Max="20" Min="-100"></item><item title="POWER" Max="19,5" Min="16,5" Avg="18"></item><item title="LOLEAKAGE" Max="-17" Min="-100"></item><item title="SPECTRUMMASK" Max="100" Min="0"></item><item title="SPECTRUMMARGIN" Max="1000" Min="0"></item></Criteria><Record><item title="Modulation" value="MCS9NSS1"></item><item title="Bandwidth" value="80"></item><item title="Channel" value="132"></item><item title="Antenna" value="0"></item><item title="ExpectedPower" value="18"></item><item title="Power" value="18"></item><item title="TestType" value="Tx"></item><item title="EVM" value="-37,5772" result="PASS"></item><item title="FREQERR" value="0,65184" result="PASS"></item><item title="SYMCLOCKERR" value="0,437616" result="PASS"></item><item title="POWER" value="17,6487" result="PASS"></item><item title="LOLEAKAGE" value="-39,7033" result="PASS"></item><item title="SPECTRUMMASK" value="14,8496" result="PASS"></item><item title="SPECTRUMMARGIN" value="14,8496" result="PASS"></item></Record><Criteria><item title="Modulation" value="MCS9NSS1"></item><item title="Bandwidth" value="80"></item><item title="Antenna" value="0"></item><item title="Channel" value="132"></item><item title="RfIcTemperature" value="60"></item><item title="CpuTemperature" value="62"></item><item title="ExpectedPower" value="19"></item><item title="EVM" Max="-32" Min="-100"></item><item title="FREQERR" Max="15" Min="-15"></item><item title="SYMCLOCKERR" Max="20" Min="-100"></item><item title="POWER" Max="20,5" Min="17,5" Avg="19"></item><item title="LOLEAKAGE" Max="-17" Min="-100"></item><item title="SPECTRUMMASK" Max="100" Min="0"></item><item title="SPECTRUMMARGIN" Max="1000" Min="0"></item></Criteria><Record><item title="Modulation" value="MCS9NSS1"></item><item title="Bandwidth" value="80"></item><item title="Channel" value="132"></item><item title="Antenna" value="0"></item><item title="ExpectedPower" value="19"></item><item title="Power" value="19"></item><item title="TestType" value="Tx"></item><item title="EVM" value="-35,6064" result="PASS"></item><item title="FREQERR" value="0,65213" result="PASS"></item><item title="SYMCLOCKERR" value="0,884446" result="PASS"></item><item title="POWER" value="18,7462" result="PASS"></item><item title="LOLEAKAGE" value="-47,3493" result="PASS"></item><item title="SPECTRUMMASK" value="14,1458" result="PASS"></item><item title="SPECTRUMMARGIN" value="14,1458" result="PASS"></item></Record><Criteria><item title="Modulation" value="MCS9NSS1"></item><item title="Bandwidth" value="80"></item><item title="Antenna" value="0"></item><item title="Channel" value="132"></item><item title="RfIcTemperature" value="60"></item><item title="CpuTemperature" value="62"></item><item title="ExpectedPower" value="20"></item><item title="EVM" Max="-32" Min="-100"></item><item title="FREQERR" Max="15" Min="-15"></item><item title="SYMCLOCKERR" Max="20" Min="-100"></item><item title="POWER" Max="21,5" Min="18,5" Avg="20"></item><item title="LOLEAKAGE" Max="-17" Min="-100"></item><item title="SPECTRUMMASK" Max="100" Min="0"></item><item title="SPECTRUMMARGIN" Max="1000" Min="0"></item></Criteria><Record><item title="Modulation" value="MCS9NSS1"></item><item title="Bandwidth" value="80"></item><item title="Channel" value="132"></item><item title="Antenna" value="0"></item><item title="ExpectedPower" value="20"></item><item title="Power" value="20"></item><item title="TestType" value="Tx"></item><item title="EVM" value="-30,2866" result="FAIL"></item><item title="FREQERR" value="0,64376" result="PASS"></item><item title="SYMCLOCKERR" value="0,550063" result="PASS"></item><item title="POWER" value="19,6546" result="PASS"></item><item title="LOLEAKAGE" value="-44,248" result="PASS"></item><item title="SPECTRUMMASK" value="12,6979" result="PASS"></item><item title="SPECTRUMMARGIN" value="12,6979" result="PASS"></item></Record><Criteria><item title="Modulation" value="MCS9NSS1"></item><item title="Bandwidth" value="80"></item><item title="Antenna" value="0"></item><item title="Channel" value="132"></item><item title="RfIcTemperature" value="60"></item><item title="CpuTemperature" value="62"></item><item title="ExpectedPower" value="21"></item><item title="EVM" Max="-32" Min="-100"></item><item title="FREQERR" Max="15" Min="-15"></item><item title="SYMCLOCKERR" Max="20" Min="-100"></item><item title="POWER" Max="22,5" Min="19,5" Avg="21"></item><item title="LOLEAKAGE" Max="-17" Min="-100"></item><item title="SPECTRUMMASK" Max="100" Min="0"></item><item title="SPECTRUMMARGIN" Max="1000" Min="0"></item></Criteria><Record><item title="Modulation" value="MCS9NSS1"></item><item title="Bandwidth" value="80"></item><item title="Channel" value="132"></item><item title="Antenna" value="0"></item><item title="ExpectedPower" value="21"></item><item title="Power" value="21"></item><item title="TestType" value="Tx"></item><item title="EVM" value="-29,26" result="FAIL"></item><item title="FREQERR" value="0,661589" result="PASS"></item><item title="SYMCLOCKERR" value="0,771738" result="PASS"></item><item title="POWER" value="20,5124" result="PASS"></item><item title="LOLEAKAGE" value="-53,9969" result="PASS"></item><item title="SPECTRUMMASK" value="11,7208" result="PASS"></item><item title="SPECTRUMMARGIN" value="11,7208" result="PASS"></item></Record><Criteria><item title="Modulation" value="MCS9NSS1"></item><item title="Bandwidth" value="80"></item><item title="Antenna" value="0"></item><item title="Channel" value="132"></item><item title="RfIcTemperature" value="60"></item><item title="CpuTemperature" value="62"></item><item title="ExpectedPower" value="22"></item><item title="EVM" Max="-32" Min="-100"></item><item title="FREQERR" Max="15" Min="-15"></item><item title="SYMCLOCKERR" Max="20" Min="-100"></item><item title="POWER" Max="23,5" Min="20,5" Avg="22"></item><item title="LOLEAKAGE" Max="-17" Min="-100"></item><item title="SPECTRUMMASK" Max="100" Min="0"></item><item title="SPECTRUMMARGIN" Max="1000" Min="0"></item></Criteria><Record><item title="Modulation" value="MCS9NSS1"></item><item title="Bandwidth" value="80"></item><item title="Channel" value="132"></item><item title="Antenna" value="0"></item><item title="ExpectedPower" value="22"></item><item title="Power" value="22"></item><item title="TestType" value="Tx"></item><item title="EVM" value="-24,6616" result="FAIL"></item><item title="FREQERR" value="0,633711" result="PASS"></item><item title="SYMCLOCKERR" value="3,70923" result="PASS"></item><item title="POWER" value="21,4676" result="PASS"></item><item title="LOLEAKAGE" value="-61,8443" result="PASS"></item><item title="SPECTRUMMASK" value="6,99897" result="PASS"></item><item title="SPECTRUMMARGIN" value="6,99897" result="PASS"></item></Record><Criteria><item title="Modulation" value="MCS9NSS1"></item><item title="Bandwidth" value="80"></item><item title="Antenna" value="0"></item><item title="Channel" value="132"></item><item title="RfIcTemperature" value="60"></item><item title="CpuTemperature" value="62"></item><item title="ExpectedPower" value="23"></item><item title="EVM" Max="-32" Min="-100"></item><item title="FREQERR" Max="15" Min="-15"></item><item title="SYMCLOCKERR" Max="20" Min="-100"></item><item title="POWER" Max="24,5" Min="21,5" Avg="23"></item><item title="LOLEAKAGE" Max="-17" Min="-100"></item><item title="SPECTRUMMASK" Max="100" Min="0"></item><item title="SPECTRUMMARGIN" Max="1000" Min="0"></item></Criteria><Record><item title="Modulation" value="MCS9NSS1"></item><item title="Bandwidth" value="80"></item><item title="Channel" value="132"></item><item title="Antenna" value="0"></item><item title="ExpectedPower" value="23"></item><item title="Power" value="23"></item><item title="TestType" value="Tx"></item><item title="EVM" value="-23,5903" result="FAIL"></item><item title="FREQERR" value="0,693515" result="PASS"></item><item title="SYMCLOCKERR" value="0,902804" result="PASS"></item><item title="POWER" value="22,485" result="PASS"></item><item title="LOLEAKAGE" value="-52,3908" result="PASS"></item><item title="SPECTRUMMASK" value="3,72238" result="PASS"></item><item title="SPECTRUMMARGIN" value="3,72238" result="PASS"></item></Record><Criteria><item title="Modulation" value="MCS9NSS1"></item><item title="Bandwidth" value="80"></item><item title="Antenna" value="0"></item><item title="Channel" value="132"></item><item title="RfIcTemperature" value="60"></item><item title="CpuTemperature" value="62"></item><item title="ExpectedPower" value="24"></item><item title="EVM" Max="-32" Min="-100"></item><item title="FREQERR" Max="15" Min="-15"></item><item title="SYMCLOCKERR" Max="20" Min="-100"></item><item title="POWER" Max="25,5" Min="22,5" Avg="24"></item><item title="LOLEAKAGE" Max="-17" Min="-100"></item><item title="SPECTRUMMASK" Max="100" Min="0"></item><item title="SPECTRUMMARGIN" Max="1000" Min="0"></item></Criteria><Record><item title="Modulation" value="MCS9NSS1"></item><item title="Bandwidth" value="80"></item><item title="Channel" value="132"></item><item title="Antenna" value="0"></item><item title="ExpectedPower" value="24"></item><item title="Power" value="24"></item><item title="TestType" value="Tx"></item><item title="EVM" value="-22,6057" result="FAIL"></item><item title="FREQERR" value="0,677198" result="PASS"></item><item title="SYMCLOCKERR" value="8,00879" result="PASS"></item><item title="POWER" value="23,3494" result="PASS"></item><item title="LOLEAKAGE" value="-45,2837" result="PASS"></item><item title="SPECTRUMMASK" value="0,428539" result="PASS"></item><item title="SPECTRUMMARGIN" value="0,428539" result="PASS"></item></Record><Criteria><item title="Modulation" value="MCS9NSS1"></item><item title="Bandwidth" value="80"></item><item title="Antenna" value="0"></item><item title="Channel" value="132"></item><item title="RfIcTemperature" value="60"></item><item title="CpuTemperature" value="62"></item><item title="ExpectedPower" value="25"></item><item title="EVM" Max="-32" Min="-100"></item><item title="FREQERR" Max="15" Min="-15"></item><item title="SYMCLOCKERR" Max="20" Min="-100"></item><item title="POWER" Max="26,5" Min="23,5" Avg="25"></item><item title="LOLEAKAGE" Max="-17" Min="-100"></item><item title="SPECTRUMMASK" Max="100" Min="0"></item><item title="SPECTRUMMARGIN" Max="1000" Min="0"></item></Criteria><Record><item title="Modulation" value="MCS9NSS1"></item><item title="Bandwidth" value="80"></item><item title="Channel" value="132"></item><item title="Antenna" value="0"></item><item title="ExpectedPower" value="25"></item><item title="Power" value="25"></item><item title="TestType" value="Tx"></item><item title="EVM" value="-21,4473" result="FAIL"></item><item title="FREQERR" value="0,679858" result="PASS"></item><item title="SYMCLOCKERR" value="-16,8085" result="PASS"></item><item title="POWER" value="24,1208" result="PASS"></item><item title="LOLEAKAGE" value="-37,1949" result="PASS"></item><item title="SPECTRUMMASK" value="-3,60284" result="FAIL"></item><item title="SPECTRUMMARGIN" value="-3,60284" result="FAIL"></item></Record><Criteria><item title="Modulation" value="MCS9NSS1"></item><item title="Bandwidth" value="80"></item><item title="Antenna" value="1"></item><item title="Channel" value="132"></item><item title="RfIcTemperature" value="60"></item><item title="CpuTemperature" value="62"></item><item title="ExpectedPower" value="10"></item><item title="EVM" Max="-32" Min="-100"></item><item title="FREQERR" Max="15" Min="-15"></item><item title="SYMCLOCKERR" Max="20" Min="-100"></item><item title="POWER" Max="11,5" Min="8,5" Avg="10"></item><item title="LOLEAKAGE" Max="-17" Min="-100"></item><item title="SPECTRUMMASK" Max="100" Min="0"></item><item title="SPECTRUMMARGIN" Max="1000" Min="0"></item></Criteria><Record><item title="Modulation" value="MCS9NSS1"></item><item title="Bandwidth" value="80"></item><item title="Channel" value="132"></item><item title="Antenna" value="1"></item><item title="ExpectedPower" value="10"></item><item title="Power" value="10"></item><item title="TestType" value="Tx"></item><item title="EVM" value="-36,1662" result="PASS"></item><item title="FREQERR" value="0,659926" result="PASS"></item><item title="SYMCLOCKERR" value="0,618653" result="PASS"></item><item title="POWER" value="9,03627" result="PASS"></item><item title="LOLEAKAGE" value="-31,311" result="PASS"></item><item title="SPECTRUMMASK" value="15,3367" result="PASS"></item><item title="SPECTRUMMARGIN" value="15,3367" result="PASS"></item></Record><Criteria><item title="Modulation" value="MCS9NSS1"></item><item title="Bandwidth" value="80"></item><item title="Antenna" value="1"></item><item title="Channel" value="132"></item><item title="RfIcTemperature" value="60"></item><item title="CpuTemperature" value="62"></item><item title="ExpectedPower" value="11"></item><item title="EVM" Max="-32" Min="-100"></item><item title="FREQERR" Max="15" Min="-15"></item><item title="SYMCLOCKERR" Max="20" Min="-100"></item><item title="POWER" Max="12,5" Min="9,5" Avg="11"></item><item title="LOLEAKAGE" Max="-17" Min="-100"></item><item title="SPECTRUMMASK" Max="100" Min="0"></item><item title="SPECTRUMMARGIN" Max="1000" Min="0"></item></Criteria><Record><item title="Modulation" value="MCS9NSS1"></item><item title="Bandwidth" value="80"></item><item title="Channel" value="132"></item><item title="Antenna" value="1"></item><item title="ExpectedPower" value="11"></item><item title="Power" value="11"></item><item title="TestType" value="Tx"></item><item title="EVM" value="-36,0501" result="PASS"></item><item title="FREQERR" value="0,649709" result="PASS"></item><item title="SYMCLOCKERR" value="0,247482" result="PASS"></item><item title="POWER" value="10,0262" result="PASS"></item><item title="LOLEAKAGE" value="-31,4456" result="PASS"></item><item title="SPECTRUMMASK" value="15,8359" result="PASS"></item><item title="SPECTRUMMARGIN" value="15,8359" result="PASS"></item></Record><Criteria><item title="Modulation" value="MCS9NSS1"></item><item title="Bandwidth" value="80"></item><item title="Antenna" value="1"></item><item title="Channel" value="132"></item><item title="RfIcTemperature" value="60"></item><item title="CpuTemperature" value="62"></item><item title="ExpectedPower" value="12"></item><item title="EVM" Max="-32" Min="-100"></item><item title="FREQERR" Max="15" Min="-15"></item><item title="SYMCLOCKERR" Max="20" Min="-100"></item><item title="POWER" Max="13,5" Min="10,5" Avg="12"></item><item title="LOLEAKAGE" Max="-17" Min="-100"></item><item title="SPECTRUMMASK" Max="100" Min="0"></item><item title="SPECTRUMMARGIN" Max="1000" Min="0"></item></Criteria><Record><item title="Modulation" value="MCS9NSS1"></item><item title="Bandwidth" value="80"></item><item title="Channel" value="132"></item><item title="Antenna" value="1"></item><item title="ExpectedPower" value="12"></item><item title="Power" value="12"></item><item title="TestType" value="Tx"></item><item title="EVM" value="-37,1098" result="PASS"></item><item title="FREQERR" value="0,656154" result="PASS"></item><item title="SYMCLOCKERR" value="0,916135" result="PASS"></item><item title="POWER" value="11,0129" result="PASS"></item><item title="LOLEAKAGE" value="-30,4868" result="PASS"></item><item title="SPECTRUMMASK" value="16,6576" result="PASS"></item><item title="SPECTRUMMARGIN" value="16,6576" result="PASS"></item></Record><Criteria><item title="Modulation" value="MCS9NSS1"></item><item title="Bandwidth" value="80"></item><item title="Antenna" value="1"></item><item title="Channel" value="132"></item><item title="RfIcTemperature" value="60"></item><item title="CpuTemperature" value="62"></item><item title="ExpectedPower" value="13"></item><item title="EVM" Max="-32" Min="-100"></item><item title="FREQERR" Max="15" Min="-15"></item><item title="SYMCLOCKERR" Max="20" Min="-100"></item><item title="POWER" Max="14,5" Min="11,5" Avg="13"></item><item title="LOLEAKAGE" Max="-17" Min="-100"></item><item title="SPECTRUMMASK" Max="100" Min="0"></item><item title="SPECTRUMMARGIN" Max="1000" Min="0"></item></Criteria><Record><item title="Modulation" value="MCS9NSS1"></item><item title="Bandwidth" value="80"></item><item title="Channel" value="132"></item><item title="Antenna" value="1"></item><item title="ExpectedPower" value="13"></item><item title="Power" value="13"></item><item title="TestType" value="Tx"></item><item title="EVM" value="-35,7678" result="PASS"></item><item title="FREQERR" value="0,649323" result="PASS"></item><item title="SYMCLOCKERR" value="-0,0209938" result="PASS"></item><item title="POWER" value="12,041" result="PASS"></item><item title="LOLEAKAGE" value="-32,3991" result="PASS"></item><item title="SPECTRUMMASK" value="15,9521" result="PASS"></item><item title="SPECTRUMMARGIN" value="15,9521" result="PASS"></item></Record><Criteria><item title="Modulation" value="MCS9NSS1"></item><item title="Bandwidth" value="80"></item><item title="Antenna" value="1"></item><item title="Channel" value="132"></item><item title="RfIcTemperature" value="60"></item><item title="CpuTemperature" value="62"></item><item title="ExpectedPower" value="14"></item><item title="EVM" Max="-32" Min="-100"></item><item title="FREQERR" Max="15" Min="-15"></item><item title="SYMCLOCKERR" Max="20" Min="-100"></item><item title="POWER" Max="15,5" Min="12,5" Avg="14"></item><item title="LOLEAKAGE" Max="-17" Min="-100"></item><item title="SPECTRUMMASK" Max="100" Min="0"></item><item title="SPECTRUMMARGIN" Max="1000" Min="0"></item></Criteria><Record><item title="Modulation" value="MCS9NSS1"></item><item title="Bandwidth" value="80"></item><item title="Channel" value="132"></item><item title="Antenna" value="1"></item><item title="ExpectedPower" value="14"></item><item title="Power" value="14"></item><item title="TestType" value="Tx"></item><item title="EVM" value="-37,6665" result="PASS"></item><item title="FREQERR" value="0,661602" result="PASS"></item><item title="SYMCLOCKERR" value="0,809398" result="PASS"></item><item title="POWER" value="13,2227" result="PASS"></item><item title="LOLEAKAGE" value="-31,8015" result="PASS"></item><item title="SPECTRUMMASK" value="16,6252" result="PASS"></item><item title="SPECTRUMMARGIN" value="16,6252" result="PASS"></item></Record><Criteria><item title="Modulation" value="MCS9NSS1"></item><item title="Bandwidth" value="80"></item><item title="Antenna" value="1"></item><item title="Channel" value="132"></item><item title="RfIcTemperature" value="60"></item><item title="CpuTemperature" value="62"></item><item title="ExpectedPower" value="15"></item><item title="EVM" Max="-32" Min="-100"></item><item title="FREQERR" Max="15" Min="-15"></item><item title="SYMCLOCKERR" Max="20" Min="-100"></item><item title="POWER" Max="16,5" Min="13,5" Avg="15"></item><item title="LOLEAKAGE" Max="-17" Min="-100"></item><item title="SPECTRUMMASK" Max="100" Min="0"></item><item title="SPECTRUMMARGIN" Max="1000" Min="0"></item></Criteria><Record><item title="Modulation" value="MCS9NSS1"></item><item title="Bandwidth" value="80"></item><item title="Channel" value="132"></item><item title="Antenna" value="1"></item><item title="ExpectedPower" value="15"></item><item title="Power" value="15"></item><item title="TestType" value="Tx"></item><item title="EVM" value="-37,5779" result="PASS"></item><item title="FREQERR" value="0,649185" result="PASS"></item><item title="SYMCLOCKERR" value="0,700766" result="PASS"></item><item title="POWER" value="14,1016" result="PASS"></item><item title="LOLEAKAGE" value="-35,4702" result="PASS"></item><item title="SPECTRUMMASK" value="16,2103" result="PASS"></item><item title="SPECTRUMMARGIN" value="16,2103" result="PASS"></item></Record><Criteria><item title="Modulation" value="MCS9NSS1"></item><item title="Bandwidth" value="80"></item><item title="Antenna" value="1"></item><item title="Channel" value="132"></item><item title="RfIcTemperature" value="60"></item><item title="CpuTemperature" value="62"></item><item title="ExpectedPower" value="16"></item><item title="EVM" Max="-32" Min="-100"></item><item title="FREQERR" Max="15" Min="-15"></item><item title="SYMCLOCKERR" Max="20" Min="-100"></item><item title="POWER" Max="17,5" Min="14,5" Avg="16"></item><item title="LOLEAKAGE" Max="-17" Min="-100"></item><item title="SPECTRUMMASK" Max="100" Min="0"></item><item title="SPECTRUMMARGIN" Max="1000" Min="0"></item></Criteria><Record><item title="Modulation" value="MCS9NSS1"></item><item title="Bandwidth" value="80"></item><item title="Channel" value="132"></item><item title="Antenna" value="1"></item><item title="ExpectedPower" value="16"></item><item title="Power" value="16"></item><item title="TestType" value="Tx"></item><item title="EVM" value="-37,4104" result="PASS"></item><item title="FREQERR" value="0,658052" result="PASS"></item><item title="SYMCLOCKERR" value="1,48064" result="PASS"></item><item title="POWER" value="15,2821" result="PASS"></item><item title="LOLEAKAGE" value="-35,5249" result="PASS"></item><item title="SPECTRUMMASK" value="17,3472" result="PASS"></item><item title="SPECTRUMMARGIN" value="17,3472" result="PASS"></item></Record><Criteria><item title="Modulation" value="MCS9NSS1"></item><item title="Bandwidth" value="80"></item><item title="Antenna" value="1"></item><item title="Channel" value="132"></item><item title="RfIcTemperature" value="60"></item><item title="CpuTemperature" value="62"></item><item title="ExpectedPower" value="17"></item><item title="EVM" Max="-32" Min="-100"></item><item title="FREQERR" Max="15" Min="-15"></item><item title="SYMCLOCKERR" Max="20" Min="-100"></item><item title="POWER" Max="18,5" Min="15,5" Avg="17"></item><item title="LOLEAKAGE" Max="-17" Min="-100"></item><item title="SPECTRUMMASK" Max="100" Min="0"></item><item title="SPECTRUMMARGIN" Max="1000" Min="0"></item></Criteria><Record><item title="Modulation" value="MCS9NSS1"></item><item title="Bandwidth" value="80"></item><item title="Channel" value="132"></item><item title="Antenna" value="1"></item><item title="ExpectedPower" value="17"></item><item title="Power" value="17"></item><item title="TestType" value="Tx"></item><item title="EVM" value="-36,1908" result="PASS"></item><item title="FREQERR" value="0,645914" result="PASS"></item><item title="SYMCLOCKERR" value="0,317482" result="PASS"></item><item title="POWER" value="15,9068" result="PASS"></item><item title="LOLEAKAGE" value="-35,1873" result="PASS"></item><item title="SPECTRUMMASK" value="16,432" result="PASS"></item><item title="SPECTRUMMARGIN" value="16,432" result="PASS"></item></Record><Criteria><item title="Modulation" value="MCS9NSS1"></item><item title="Bandwidth" value="80"></item><item title="Antenna" value="1"></item><item title="Channel" value="132"></item><item title="RfIcTemperature" value="60"></item><item title="CpuTemperature" value="62"></item><item title="ExpectedPower" value="18"></item><item title="EVM" Max="-32" Min="-100"></item><item title="FREQERR" Max="15" Min="-15"></item><item title="SYMCLOCKERR" Max="20" Min="-100"></item><item title="POWER" Max="19,5" Min="16,5" Avg="18"></item><item title="LOLEAKAGE" Max="-17" Min="-100"></item><item title="SPECTRUMMASK" Max="100" Min="0"></item><item title="SPECTRUMMARGIN" Max="1000" Min="0"></item></Criteria><Record><item title="Modulation" value="MCS9NSS1"></item><item title="Bandwidth" value="80"></item><item title="Channel" value="132"></item><item title="Antenna" value="1"></item><item title="ExpectedPower" value="18"></item><item title="Power" value="18"></item><item title="TestType" value="Tx"></item><item title="EVM" value="-37,7833" result="PASS"></item><item title="FREQERR" value="0,652451" result="PASS"></item><item title="SYMCLOCKERR" value="0,675426" result="PASS"></item><item title="POWER" value="16,8975" result="PASS"></item><item title="LOLEAKAGE" value="-36,8565" result="PASS"></item><item title="SPECTRUMMASK" value="16,563" result="PASS"></item><item title="SPECTRUMMARGIN" value="16,563" result="PASS"></item></Record><Criteria><item title="Modulation" value="MCS9NSS1"></item><item title="Bandwidth" value="80"></item><item title="Antenna" value="1"></item><item title="Channel" value="132"></item><item title="RfIcTemperature" value="60"></item><item title="CpuTemperature" value="62"></item><item title="ExpectedPower" value="19"></item><item title="EVM" Max="-32" Min="-100"></item><item title="FREQERR" Max="15" Min="-15"></item><item title="SYMCLOCKERR" Max="20" Min="-100"></item><item title="POWER" Max="20,5" Min="17,5" Avg="19"></item><item title="LOLEAKAGE" Max="-17" Min="-100"></item><item title="SPECTRUMMASK" Max="100" Min="0"></item><item title="SPECTRUMMARGIN" Max="1000" Min="0"></item></Criteria><Record><item title="Modulation" value="MCS9NSS1"></item><item title="Bandwidth" value="80"></item><item title="Channel" value="132"></item><item title="Antenna" value="1"></item><item title="ExpectedPower" value="19"></item><item title="Power" value="19"></item><item title="TestType" value="Tx"></item><item title="EVM" value="-35,6921" result="PASS"></item><item title="FREQERR" value="0,659005" result="PASS"></item><item title="SYMCLOCKERR" value="0,316472" result="PASS"></item><item title="POWER" value="18,0549" result="PASS"></item><item title="LOLEAKAGE" value="-39,1779" result="PASS"></item><item title="SPECTRUMMASK" value="14,1578" result="PASS"></item><item title="SPECTRUMMARGIN" value="14,1578" result="PASS"></item></Record><Criteria><item title="Modulation" value="MCS9NSS1"></item><item title="Bandwidth" value="80"></item><item title="Antenna" value="1"></item><item title="Channel" value="132"></item><item title="RfIcTemperature" value="60"></item><item title="CpuTemperature" value="62"></item><item title="ExpectedPower" value="20"></item><item title="EVM" Max="-32" Min="-100"></item><item title="FREQERR" Max="15" Min="-15"></item><item title="SYMCLOCKERR" Max="20" Min="-100"></item><item title="POWER" Max="21,5" Min="18,5" Avg="20"></item><item title="LOLEAKAGE" Max="-17" Min="-100"></item><item title="SPECTRUMMASK" Max="100" Min="0"></item><item title="SPECTRUMMARGIN" Max="1000" Min="0"></item></Criteria><Record><item title="Modulation" value="MCS9NSS1"></item><item title="Bandwidth" value="80"></item><item title="Channel" value="132"></item><item title="Antenna" value="1"></item><item title="ExpectedPower" value="20"></item><item title="Power" value="20"></item><item title="TestType" value="Tx"></item><item title="EVM" value="-36,0078" result="PASS"></item><item title="FREQERR" value="0,65648" result="PASS"></item><item title="SYMCLOCKERR" value="0,659431" result="PASS"></item><item title="POWER" value="19,0345" result="PASS"></item><item title="LOLEAKAGE" value="-47,4974" result="PASS"></item><item title="SPECTRUMMASK" value="17,0616" result="PASS"></item><item title="SPECTRUMMARGIN" value="17,0616" result="PASS"></item></Record><Criteria><item title="Modulation" value="MCS9NSS1"></item><item title="Bandwidth" value="80"></item><item title="Antenna" value="1"></item><item title="Channel" value="132"></item><item title="RfIcTemperature" value="60"></item><item title="CpuTemperature" value="62"></item><item title="ExpectedPower" value="21"></item><item title="EVM" Max="-32" Min="-100"></item><item title="FREQERR" Max="15" Min="-15"></item><item title="SYMCLOCKERR" Max="20" Min="-100"></item><item title="POWER" Max="22,5" Min="19,5" Avg="21"></item><item title="LOLEAKAGE" Max="-17" Min="-100"></item><item title="SPECTRUMMASK" Max="100" Min="0"></item><item title="SPECTRUMMARGIN" Max="1000" Min="0"></item></Criteria><Record><item title="Modulation" value="MCS9NSS1"></item><item title="Bandwidth" value="80"></item><item title="Channel" value="132"></item><item title="Antenna" value="1"></item><item title="ExpectedPower" value="21"></item><item title="Power" value="21"></item><item title="TestType" value="Tx"></item><item title="EVM" value="-33,5543" result="PASS"></item><item title="FREQERR" value="0,649527" result="PASS"></item><item title="SYMCLOCKERR" value="1,31385" result="PASS"></item><item title="POWER" value="19,8451" result="PASS"></item><item title="LOLEAKAGE" value="-42,1349" result="PASS"></item><item title="SPECTRUMMASK" value="13,9066" result="PASS"></item><item title="SPECTRUMMARGIN" value="13,9066" result="PASS"></item></Record><Criteria><item title="Modulation" value="MCS9NSS1"></item><item title="Bandwidth" value="80"></item><item title="Antenna" value="1"></item><item title="Channel" value="132"></item><item title="RfIcTemperature" value="60"></item><item title="CpuTemperature" value="62"></item><item title="ExpectedPower" value="22"></item><item title="EVM" Max="-32" Min="-100"></item><item title="FREQERR" Max="15" Min="-15"></item><item title="SYMCLOCKERR" Max="20" Min="-100"></item><item title="POWER" Max="23,5" Min="20,5" Avg="22"></item><item title="LOLEAKAGE" Max="-17" Min="-100"></item><item title="SPECTRUMMASK" Max="100" Min="0"></item><item title="SPECTRUMMARGIN" Max="1000" Min="0"></item></Criteria><Record><item title="Modulation" value="MCS9NSS1"></item><item title="Bandwidth" value="80"></item><item title="Channel" value="132"></item><item title="Antenna" value="1"></item><item title="ExpectedPower" value="22"></item><item title="Power" value="22"></item><item title="TestType" value="Tx"></item><item title="EVM" value="-28,5057" result="FAIL"></item><item title="FREQERR" value="0,663426" result="PASS"></item><item title="SYMCLOCKERR" value="-1,01304" result="PASS"></item><item title="POWER" value="20,8508" result="PASS"></item><item title="LOLEAKAGE" value="-44,1813" result="PASS"></item><item title="SPECTRUMMASK" value="9,40516" result="PASS"></item><item title="SPECTRUMMARGIN" value="9,40516" result="PASS"></item></Record><Criteria><item title="Modulation" value="MCS9NSS1"></item><item title="Bandwidth" value="80"></item><item title="Antenna" value="1"></item><item title="Channel" value="132"></item><item title="RfIcTemperature" value="60"></item><item title="CpuTemperature" value="62"></item><item title="ExpectedPower" value="23"></item><item title="EVM" Max="-32" Min="-100"></item><item title="FREQERR" Max="15" Min="-15"></item><item title="SYMCLOCKERR" Max="20" Min="-100"></item><item title="POWER" Max="24,5" Min="21,5" Avg="23"></item><item title="LOLEAKAGE" Max="-17" Min="-100"></item><item title="SPECTRUMMASK" Max="100" Min="0"></item><item title="SPECTRUMMARGIN" Max="1000" Min="0"></item></Criteria><Record><item title="Modulation" value="MCS9NSS1"></item><item title="Bandwidth" value="80"></item><item title="Channel" value="132"></item><item title="Antenna" value="1"></item><item title="ExpectedPower" value="23"></item><item title="Power" value="23"></item><item title="TestType" value="Tx"></item><item title="EVM" value="-25,4453" result="FAIL"></item><item title="FREQERR" value="0,645053" result="PASS"></item><item title="SYMCLOCKERR" value="1,01677" result="PASS"></item><item title="POWER" value="21,8035" result="PASS"></item><item title="LOLEAKAGE" value="-48,314" result="PASS"></item><item title="SPECTRUMMASK" value="6,94076" result="PASS"></item><item title="SPECTRUMMARGIN" value="6,94076" result="PASS"></item></Record><Criteria><item title="Modulation" value="MCS9NSS1"></item><item title="Bandwidth" value="80"></item><item title="Antenna" value="1"></item><item title="Channel" value="132"></item><item title="RfIcTemperature" value="60"></item><item title="CpuTemperature" value="62"></item><item title="ExpectedPower" value="24"></item><item title="EVM" Max="-32" Min="-100"></item><item title="FREQERR" Max="15" Min="-15"></item><item title="SYMCLOCKERR" Max="20" Min="-100"></item><item title="POWER" Max="25,5" Min="22,5" Avg="24"></item><item title="LOLEAKAGE" Max="-17" Min="-100"></item><item title="SPECTRUMMASK" Max="100" Min="0"></item><item title="SPECTRUMMARGIN" Max="1000" Min="0"></item></Criteria><Record><item title="Modulation" value="MCS9NSS1"></item><item title="Bandwidth" value="80"></item><item title="Channel" value="132"></item><item title="Antenna" value="1"></item><item title="ExpectedPower" value="24"></item><item title="Power" value="24"></item><item title="TestType" value="Tx"></item><item title="EVM" value="-23,7354" result="FAIL"></item><item title="FREQERR" value="0,643908" result="PASS"></item><item title="SYMCLOCKERR" value="-3,20527" result="PASS"></item><item title="POWER" value="22,8247" result="PASS"></item><item title="LOLEAKAGE" value="-56,5871" result="PASS"></item><item title="SPECTRUMMASK" value="4,34481" result="PASS"></item><item title="SPECTRUMMARGIN" value="4,34481" result="PASS"></item></Record><Criteria><item title="Modulation" value="MCS9NSS1"></item><item title="Bandwidth" value="80"></item><item title="Antenna" value="1"></item><item title="Channel" value="132"></item><item title="RfIcTemperature" value="60"></item><item title="CpuTemperature" value="62"></item><item title="ExpectedPower" value="25"></item><item title="EVM" Max="-32" Min="-100"></item><item title="FREQERR" Max="15" Min="-15"></item><item title="SYMCLOCKERR" Max="20" Min="-100"></item><item title="POWER" Max="26,5" Min="23,5" Avg="25"></item><item title="LOLEAKAGE" Max="-17" Min="-100"></item><item title="SPECTRUMMASK" Max="100" Min="0"></item><item title="SPECTRUMMARGIN" Max="1000" Min="0"></item></Criteria><Record><item title="Modulation" value="MCS9NSS1"></item><item title="Bandwidth" value="80"></item><item title="Channel" value="132"></item><item title="Antenna" value="1"></item><item title="ExpectedPower" value="25"></item><item title="Power" value="25"></item><item title="TestType" value="Tx"></item><item title="EVM" value="-22,8621" result="FAIL"></item><item title="FREQERR" value="0,616255" result="PASS"></item><item title="SYMCLOCKERR" value="1,45376" result="PASS"></item><item title="POWER" value="23,8235" result="PASS"></item><item title="LOLEAKAGE" value="-39,7424" result="PASS"></item><item title="SPECTRUMMASK" value="-0,708328" result="FAIL"></item><item title="SPECTRUMMARGIN" value="-0,708328" result="FAIL"></item></Record><Criteria><item title="Modulation" value="MCS9NSS1"></item><item title="Bandwidth" value="80"></item><item title="Antenna" value="2"></item><item title="Channel" value="132"></item><item title="RfIcTemperature" value="60"></item><item title="CpuTemperature" value="62"></item><item title="ExpectedPower" value="10"></item><item title="EVM" Max="-32" Min="-100"></item><item title="FREQERR" Max="15" Min="-15"></item><item title="SYMCLOCKERR" Max="20" Min="-100"></item><item title="POWER" Max="11,5" Min="8,5" Avg="10"></item><item title="LOLEAKAGE" Max="-17" Min="-100"></item><item title="SPECTRUMMASK" Max="100" Min="0"></item><item title="SPECTRUMMARGIN" Max="1000" Min="0"></item></Criteria><Record><item title="Modulation" value="MCS9NSS1"></item><item title="Bandwidth" value="80"></item><item title="Channel" value="132"></item><item title="Antenna" value="2"></item><item title="ExpectedPower" value="10"></item><item title="Power" value="10"></item><item title="TestType" value="Tx"></item><item title="EVM" value="-37,7819" result="PASS"></item><item title="FREQERR" value="0,657029" result="PASS"></item><item title="SYMCLOCKERR" value="1,86483" result="PASS"></item><item title="POWER" value="9,67199" result="PASS"></item><item title="LOLEAKAGE" value="-30,5283" result="PASS"></item><item title="SPECTRUMMASK" value="15,1883" result="PASS"></item><item title="SPECTRUMMARGIN" value="15,1883" result="PASS"></item></Record><Criteria><item title="Modulation" value="MCS9NSS1"></item><item title="Bandwidth" value="80"></item><item title="Antenna" value="2"></item><item title="Channel" value="132"></item><item title="RfIcTemperature" value="60"></item><item title="CpuTemperature" value="62"></item><item title="ExpectedPower" value="11"></item><item title="EVM" Max="-32" Min="-100"></item><item title="FREQERR" Max="15" Min="-15"></item><item title="SYMCLOCKERR" Max="20" Min="-100"></item><item title="POWER" Max="12,5" Min="9,5" Avg="11"></item><item title="LOLEAKAGE" Max="-17" Min="-100"></item><item title="SPECTRUMMASK" Max="100" Min="0"></item><item title="SPECTRUMMARGIN" Max="1000" Min="0"></item></Criteria><Record><item title="Modulation" value="MCS9NSS1"></item><item title="Bandwidth" value="80"></item><item title="Channel" value="132"></item><item title="Antenna" value="2"></item><item title="ExpectedPower" value="11"></item><item title="Power" value="11"></item><item title="TestType" value="Tx"></item><item title="EVM" value="-38,6522" result="PASS"></item><item title="FREQERR" value="0,646071" result="PASS"></item><item title="SYMCLOCKERR" value="1,20171" result="PASS"></item><item title="POWER" value="10,8564" result="PASS"></item><item title="LOLEAKAGE" value="-30,1316" result="PASS"></item><item title="SPECTRUMMASK" value="15,8469" result="PASS"></item><item title="SPECTRUMMARGIN" value="15,8469" result="PASS"></item></Record><Criteria><item title="Modulation" value="MCS9NSS1"></item><item title="Bandwidth" value="80"></item><item title="Antenna" value="2"></item><item title="Channel" value="132"></item><item title="RfIcTemperature" value="60"></item><item title="CpuTemperature" value="62"></item><item title="ExpectedPower" value="12"></item><item title="EVM" Max="-32" Min="-100"></item><item title="FREQERR" Max="15" Min="-15"></item><item title="SYMCLOCKERR" Max="20" Min="-100"></item><item title="POWER" Max="13,5" Min="10,5" Avg="12"></item><item title="LOLEAKAGE" Max="-17" Min="-100"></item><item title="SPECTRUMMASK" Max="100" Min="0"></item><item title="SPECTRUMMARGIN" Max="1000" Min="0"></item></Criteria><Record><item title="Modulation" value="MCS9NSS1"></item><item title="Bandwidth" value="80"></item><item title="Channel" value="132"></item><item title="Antenna" value="2"></item><item title="ExpectedPower" value="12"></item><item title="Power" value="12"></item><item title="TestType" value="Tx"></item><item title="EVM" value="-37,9828" result="PASS"></item><item title="FREQERR" value="0,651421" result="PASS"></item><item title="SYMCLOCKERR" value="2,30869" result="PASS"></item><item title="POWER" value="11,9526" result="PASS"></item><item title="LOLEAKAGE" value="-30,8579" result="PASS"></item><item title="SPECTRUMMASK" value="14,3161" result="PASS"></item><item title="SPECTRUMMARGIN" value="14,3161" result="PASS"></item></Record><Criteria><item title="Modulation" value="MCS9NSS1"></item><item title="Bandwidth" value="80"></item><item title="Antenna" value="2"></item><item title="Channel" value="132"></item><item title="RfIcTemperature" value="60"></item><item title="CpuTemperature" value="62"></item><item title="ExpectedPower" value="13"></item><item title="EVM" Max="-32" Min="-100"></item><item title="FREQERR" Max="15" Min="-15"></item><item title="SYMCLOCKERR" Max="20" Min="-100"></item><item title="POWER" Max="14,5" Min="11,5" Avg="13"></item><item title="LOLEAKAGE" Max="-17" Min="-100"></item><item title="SPECTRUMMASK" Max="100" Min="0"></item><item title="SPECTRUMMARGIN" Max="1000" Min="0"></item></Criteria><Record><item title="Modulation" value="MCS9NSS1"></item><item title="Bandwidth" value="80"></item><item title="Channel" value="132"></item><item title="Antenna" value="2"></item><item title="ExpectedPower" value="13"></item><item title="Power" value="13"></item><item title="TestType" value="Tx"></item><item title="EVM" value="-37,1819" result="PASS"></item><item title="FREQERR" value="0,646047" result="PASS"></item><item title="SYMCLOCKERR" value="1,52228" result="PASS"></item><item title="POWER" value="12,5908" result="PASS"></item><item title="LOLEAKAGE" value="-31,6563" result="PASS"></item><item title="SPECTRUMMASK" value="15,1798" result="PASS"></item><item title="SPECTRUMMARGIN" value="15,1798" result="PASS"></item></Record><Criteria><item title="Modulation" value="MCS9NSS1"></item><item title="Bandwidth" value="80"></item><item title="Antenna" value="2"></item><item title="Channel" value="132"></item><item title="RfIcTemperature" value="60"></item><item title="CpuTemperature" value="62"></item><item title="ExpectedPower" value="14"></item><item title="EVM" Max="-32" Min="-100"></item><item title="FREQERR" Max="15" Min="-15"></item><item title="SYMCLOCKERR" Max="20" Min="-100"></item><item title="POWER" Max="15,5" Min="12,5" Avg="14"></item><item title="LOLEAKAGE" Max="-17" Min="-100"></item><item title="SPECTRUMMASK" Max="100" Min="0"></item><item title="SPECTRUMMARGIN" Max="1000" Min="0"></item></Criteria><Record><item title="Modulation" value="MCS9NSS1"></item><item title="Bandwidth" value="80"></item><item title="Channel" value="132"></item><item title="Antenna" value="2"></item><item title="ExpectedPower" value="14"></item><item title="Power" value="14"></item><item title="TestType" value="Tx"></item><item title="EVM" value="-38,0755" result="PASS"></item><item title="FREQERR" value="0,651769" result="PASS"></item><item title="SYMCLOCKERR" value="0,960966" result="PASS"></item><item title="POWER" value="13,8408" result="PASS"></item><item title="LOLEAKAGE" value="-31,63" result="PASS"></item><item title="SPECTRUMMASK" value="14,2827" result="PASS"></item><item title="SPECTRUMMARGIN" value="14,2827" result="PASS"></item></Record><Criteria><item title="Modulation" value="MCS9NSS1"></item><item title="Bandwidth" value="80"></item><item title="Antenna" value="2"></item><item title="Channel" value="132"></item><item title="RfIcTemperature" value="60"></item><item title="CpuTemperature" value="62"></item><item title="ExpectedPower" value="15"></item><item title="EVM" Max="-32" Min="-100"></item><item title="FREQERR" Max="15" Min="-15"></item><item title="SYMCLOCKERR" Max="20" Min="-100"></item><item title="POWER" Max="16,5" Min="13,5" Avg="15"></item><item title="LOLEAKAGE" Max="-17" Min="-100"></item><item title="SPECTRUMMASK" Max="100" Min="0"></item><item title="SPECTRUMMARGIN" Max="1000" Min="0"></item></Criteria><Record><item title="Modulation" value="MCS9NSS1"></item><item title="Bandwidth" value="80"></item><item title="Channel" value="132"></item><item title="Antenna" value="2"></item><item title="ExpectedPower" value="15"></item><item title="Power" value="15"></item><item title="TestType" value="Tx"></item><item title="EVM" value="-36,2916" result="PASS"></item><item title="FREQERR" value="0,656035" result="PASS"></item><item title="SYMCLOCKERR" value="1,44622" result="PASS"></item><item title="POWER" value="14,6768" result="PASS"></item><item title="LOLEAKAGE" value="-34,6098" result="PASS"></item><item title="SPECTRUMMASK" value="14,7877" result="PASS"></item><item title="SPECTRUMMARGIN" value="14,7877" result="PASS"></item></Record><Criteria><item title="Modulation" value="MCS9NSS1"></item><item title="Bandwidth" value="80"></item><item title="Antenna" value="2"></item><item title="Channel" value="132"></item><item title="RfIcTemperature" value="60"></item><item title="CpuTemperature" value="62"></item><item title="ExpectedPower" value="16"></item><item title="EVM" Max="-32" Min="-100"></item><item title="FREQERR" Max="15" Min="-15"></item><item title="SYMCLOCKERR" Max="20" Min="-100"></item><item title="POWER" Max="17,5" Min="14,5" Avg="16"></item><item title="LOLEAKAGE" Max="-17" Min="-100"></item><item title="SPECTRUMMASK" Max="100" Min="0"></item><item title="SPECTRUMMARGIN" Max="1000" Min="0"></item></Criteria><Record><item title="Modulation" value="MCS9NSS1"></item><item title="Bandwidth" value="80"></item><item title="Channel" value="132"></item><item title="Antenna" value="2"></item><item title="ExpectedPower" value="16"></item><item title="Power" value="16"></item><item title="TestType" value="Tx"></item><item title="EVM" value="-37,6239" result="PASS"></item><item title="FREQERR" value="0,651907" result="PASS"></item><item title="SYMCLOCKERR" value="2,13426" result="PASS"></item><item title="POWER" value="15,9343" result="PASS"></item><item title="LOLEAKAGE" value="-35,2901" result="PASS"></item><item title="SPECTRUMMASK" value="14,5348" result="PASS"></item><item title="SPECTRUMMARGIN" value="14,5348" result="PASS"></item></Record><Criteria><item title="Modulation" value="MCS9NSS1"></item><item title="Bandwidth" value="80"></item><item title="Antenna" value="2"></item><item title="Channel" value="132"></item><item title="RfIcTemperature" value="60"></item><item title="CpuTemperature" value="62"></item><item title="ExpectedPower" value="17"></item><item title="EVM" Max="-32" Min="-100"></item><item title="FREQERR" Max="15" Min="-15"></item><item title="SYMCLOCKERR" Max="20" Min="-100"></item><item title="POWER" Max="18,5" Min="15,5" Avg="17"></item><item title="LOLEAKAGE" Max="-17" Min="-100"></item><item title="SPECTRUMMASK" Max="100" Min="0"></item><item title="SPECTRUMMARGIN" Max="1000" Min="0"></item></Criteria><Record><item title="Modulation" value="MCS9NSS1"></item><item title="Bandwidth" value="80"></item><item title="Channel" value="132"></item><item title="Antenna" value="2"></item><item title="ExpectedPower" value="17"></item><item title="Power" value="17"></item><item title="TestType" value="Tx"></item><item title="EVM" value="-37,1738" result="PASS"></item><item title="FREQERR" value="0,64566" result="PASS"></item><item title="SYMCLOCKERR" value="1,29979" result="PASS"></item><item title="POWER" value="17,1896" result="PASS"></item><item title="LOLEAKAGE" value="-38,4121" result="PASS"></item><item title="SPECTRUMMASK" value="15,9284" result="PASS"></item><item title="SPECTRUMMARGIN" value="15,9284" result="PASS"></item></Record><Criteria><item title="Modulation" value="MCS9NSS1"></item><item title="Bandwidth" value="80"></item><item title="Antenna" value="2"></item><item title="Channel" value="132"></item><item title="RfIcTemperature" value="60"></item><item title="CpuTemperature" value="62"></item><item title="ExpectedPower" value="18"></item><item title="EVM" Max="-32" Min="-100"></item><item title="FREQERR" Max="15" Min="-15"></item><item title="SYMCLOCKERR" Max="20" Min="-100"></item><item title="POWER" Max="19,5" Min="16,5" Avg="18"></item><item title="LOLEAKAGE" Max="-17" Min="-100"></item><item title="SPECTRUMMASK" Max="100" Min="0"></item><item title="SPECTRUMMARGIN" Max="1000" Min="0"></item></Criteria><Record><item title="Modulation" value="MCS9NSS1"></item><item title="Bandwidth" value="80"></item><item title="Channel" value="132"></item><item title="Antenna" value="2"></item><item title="ExpectedPower" value="18"></item><item title="Power" value="18"></item><item title="TestType" value="Tx"></item><item title="EVM" value="-36,6328" result="PASS"></item><item title="FREQERR" value="0,654132" result="PASS"></item><item title="SYMCLOCKERR" value="1,87855" result="PASS"></item><item title="POWER" value="17,8282" result="PASS"></item><item title="LOLEAKAGE" value="-39,6165" result="PASS"></item><item title="SPECTRUMMASK" value="14,9801" result="PASS"></item><item title="SPECTRUMMARGIN" value="14,9801" result="PASS"></item></Record><Criteria><item title="Modulation" value="MCS9NSS1"></item><item title="Bandwidth" value="80"></item><item title="Antenna" value="2"></item><item title="Channel" value="132"></item><item title="RfIcTemperature" value="60"></item><item title="CpuTemperature" value="62"></item><item title="ExpectedPower" value="19"></item><item title="EVM" Max="-32" Min="-100"></item><item title="FREQERR" Max="15" Min="-15"></item><item title="SYMCLOCKERR" Max="20" Min="-100"></item><item title="POWER" Max="20,5" Min="17,5" Avg="19"></item><item title="LOLEAKAGE" Max="-17" Min="-100"></item><item title="SPECTRUMMASK" Max="100" Min="0"></item><item title="SPECTRUMMARGIN" Max="1000" Min="0"></item></Criteria><Record><item title="Modulation" value="MCS9NSS1"></item><item title="Bandwidth" value="80"></item><item title="Channel" value="132"></item><item title="Antenna" value="2"></item><item title="ExpectedPower" value="19"></item><item title="Power" value="19"></item><item title="TestType" value="Tx"></item><item title="EVM" value="-35,7177" result="PASS"></item><item title="FREQERR" value="0,656431" result="PASS"></item><item title="SYMCLOCKERR" value="1,89557" result="PASS"></item><item title="POWER" value="18,8164" result="PASS"></item><item title="LOLEAKAGE" value="-41,0161" result="PASS"></item><item title="SPECTRUMMASK" value="16,3741" result="PASS"></item><item title="SPECTRUMMARGIN" value="16,3741" result="PASS"></item></Record><Criteria><item title="Modulation" value="MCS9NSS1"></item><item title="Bandwidth" value="80"></item><item title="Antenna" value="2"></item><item title="Channel" value="132"></item><item title="RfIcTemperature" value="60"></item><item title="CpuTemperature" value="62"></item><item title="ExpectedPower" value="20"></item><item title="EVM" Max="-32" Min="-100"></item><item title="FREQERR" Max="15" Min="-15"></item><item title="SYMCLOCKERR" Max="20" Min="-100"></item><item title="POWER" Max="21,5" Min="18,5" Avg="20"></item><item title="LOLEAKAGE" Max="-17" Min="-100"></item><item title="SPECTRUMMASK" Max="100" Min="0"></item><item title="SPECTRUMMARGIN" Max="1000" Min="0"></item></Criteria><Record><item title="Modulation" value="MCS9NSS1"></item><item title="Bandwidth" value="80"></item><item title="Channel" value="132"></item><item title="Antenna" value="2"></item><item title="ExpectedPower" value="20"></item><item title="Power" value="20"></item><item title="TestType" value="Tx"></item><item title="EVM" value="-35,7623" result="PASS"></item><item title="FREQERR" value="0,648377" result="PASS"></item><item title="SYMCLOCKERR" value="2,16814" result="PASS"></item><item title="POWER" value="20,0442" result="PASS"></item><item title="LOLEAKAGE" value="-48,843" result="PASS"></item><item title="SPECTRUMMASK" value="15,2874" result="PASS"></item><item title="SPECTRUMMARGIN" value="15,2874" result="PASS"></item></Record><Criteria><item title="Modulation" value="MCS9NSS1"></item><item title="Bandwidth" value="80"></item><item title="Antenna" value="2"></item><item title="Channel" value="132"></item><item title="RfIcTemperature" value="60"></item><item title="CpuTemperature" value="62"></item><item title="ExpectedPower" value="21"></item><item title="EVM" Max="-32" Min="-100"></item><item title="FREQERR" Max="15" Min="-15"></item><item title="SYMCLOCKERR" Max="20" Min="-100"></item><item title="POWER" Max="22,5" Min="19,5" Avg="21"></item><item title="LOLEAKAGE" Max="-17" Min="-100"></item><item title="SPECTRUMMASK" Max="100" Min="0"></item><item title="SPECTRUMMARGIN" Max="1000" Min="0"></item></Criteria><Record><item title="Modulation" value="MCS9NSS1"></item><item title="Bandwidth" value="80"></item><item title="Channel" value="132"></item><item title="Antenna" value="2"></item><item title="ExpectedPower" value="21"></item><item title="Power" value="21"></item><item title="TestType" value="Tx"></item><item title="EVM" value="-32,8146" result="PASS"></item><item title="FREQERR" value="0,656458" result="PASS"></item><item title="SYMCLOCKERR" value="1,27192" result="PASS"></item><item title="POWER" value="20,8036" result="PASS"></item><item title="LOLEAKAGE" value="-47,8926" result="PASS"></item><item title="SPECTRUMMASK" value="14,8774" result="PASS"></item><item title="SPECTRUMMARGIN" value="14,8774" result="PASS"></item></Record><Criteria><item title="Modulation" value="MCS9NSS1"></item><item title="Bandwidth" value="80"></item><item title="Antenna" value="2"></item><item title="Channel" value="132"></item><item title="RfIcTemperature" value="60"></item><item title="CpuTemperature" value="62"></item><item title="ExpectedPower" value="22"></item><item title="EVM" Max="-32" Min="-100"></item><item title="FREQERR" Max="15" Min="-15"></item><item title="SYMCLOCKERR" Max="20" Min="-100"></item><item title="POWER" Max="23,5" Min="20,5" Avg="22"></item><item title="LOLEAKAGE" Max="-17" Min="-100"></item><item title="SPECTRUMMASK" Max="100" Min="0"></item><item title="SPECTRUMMARGIN" Max="1000" Min="0"></item></Criteria><Record><item title="Modulation" value="MCS9NSS1"></item><item title="Bandwidth" value="80"></item><item title="Channel" value="132"></item><item title="Antenna" value="2"></item><item title="ExpectedPower" value="22"></item><item title="Power" value="22"></item><item title="TestType" value="Tx"></item><item title="EVM" value="-29,3258" result="FAIL"></item><item title="FREQERR" value="0,657098" result="PASS"></item><item title="SYMCLOCKERR" value="3,66914" result="PASS"></item><item title="POWER" value="22,0768" result="PASS"></item><item title="LOLEAKAGE" value="-48,4671" result="PASS"></item><item title="SPECTRUMMASK" value="12,0049" result="PASS"></item><item title="SPECTRUMMARGIN" value="12,0049" result="PASS"></item></Record><Criteria><item title="Modulation" value="MCS9NSS1"></item><item title="Bandwidth" value="80"></item><item title="Antenna" value="2"></item><item title="Channel" value="132"></item><item title="RfIcTemperature" value="60"></item><item title="CpuTemperature" value="62"></item><item title="ExpectedPower" value="23"></item><item title="EVM" Max="-32" Min="-100"></item><item title="FREQERR" Max="15" Min="-15"></item><item title="SYMCLOCKERR" Max="20" Min="-100"></item><item title="POWER" Max="24,5" Min="21,5" Avg="23"></item><item title="LOLEAKAGE" Max="-17" Min="-100"></item><item title="SPECTRUMMASK" Max="100" Min="0"></item><item title="SPECTRUMMARGIN" Max="1000" Min="0"></item></Criteria><Record><item title="Modulation" value="MCS9NSS1"></item><item title="Bandwidth" value="80"></item><item title="Channel" value="132"></item><item title="Antenna" value="2"></item><item title="ExpectedPower" value="23"></item><item title="Power" value="23"></item><item title="TestType" value="Tx"></item><item title="EVM" value="-25,5701" result="FAIL"></item><item title="FREQERR" value="0,670508" result="PASS"></item><item title="SYMCLOCKERR" value="4,00053" result="PASS"></item><item title="POWER" value="22,8391" result="PASS"></item><item title="LOLEAKAGE" value="-56,9903" result="PASS"></item><item title="SPECTRUMMASK" value="9,92669" result="PASS"></item><item title="SPECTRUMMARGIN" value="9,92669" result="PASS"></item></Record><Criteria><item title="Modulation" value="MCS9NSS1"></item><item title="Bandwidth" value="80"></item><item title="Antenna" value="2"></item><item title="Channel" value="132"></item><item title="RfIcTemperature" value="60"></item><item title="CpuTemperature" value="62"></item><item title="ExpectedPower" value="24"></item><item title="EVM" Max="-32" Min="-100"></item><item title="FREQERR" Max="15" Min="-15"></item><item title="SYMCLOCKERR" Max="20" Min="-100"></item><item title="POWER" Max="25,5" Min="22,5" Avg="24"></item><item title="LOLEAKAGE" Max="-17" Min="-100"></item><item title="SPECTRUMMASK" Max="100" Min="0"></item><item title="SPECTRUMMARGIN" Max="1000" Min="0"></item></Criteria><Record><item title="Modulation" value="MCS9NSS1"></item><item title="Bandwidth" value="80"></item><item title="Channel" value="132"></item><item title="Antenna" value="2"></item><item title="ExpectedPower" value="24"></item><item title="Power" value="24"></item><item title="TestType" value="Tx"></item><item title="EVM" value="-23,8209" result="FAIL"></item><item title="FREQERR" value="0,690502" result="PASS"></item><item title="SYMCLOCKERR" value="-4,58523" result="PASS"></item><item title="POWER" value="23,7456" result="PASS"></item><item title="LOLEAKAGE" value="-47,5964" result="PASS"></item><item title="SPECTRUMMASK" value="5,29435" result="PASS"></item><item title="SPECTRUMMARGIN" value="5,29435" result="PASS"></item></Record><Criteria><item title="Modulation" value="MCS9NSS1"></item><item title="Bandwidth" value="80"></item><item title="Antenna" value="2"></item><item title="Channel" value="132"></item><item title="RfIcTemperature" value="60"></item><item title="CpuTemperature" value="62"></item><item title="ExpectedPower" value="25"></item><item title="EVM" Max="-32" Min="-100"></item><item title="FREQERR" Max="15" Min="-15"></item><item title="SYMCLOCKERR" Max="20" Min="-100"></item><item title="POWER" Max="26,5" Min="23,5" Avg="25"></item><item title="LOLEAKAGE" Max="-17" Min="-100"></item><item title="SPECTRUMMASK" Max="100" Min="0"></item><item title="SPECTRUMMARGIN" Max="1000" Min="0"></item></Criteria><Record><item title="Modulation" value="MCS9NSS1"></item><item title="Bandwidth" value="80"></item><item title="Channel" value="132"></item><item title="Antenna" value="2"></item><item title="ExpectedPower" value="25"></item><item title="Power" value="25"></item><item title="TestType" value="Tx"></item><item title="EVM" value="-23,0343" result="FAIL"></item><item title="FREQERR" value="0,699554" result="PASS"></item><item title="SYMCLOCKERR" value="4,50648" result="PASS"></item><item title="POWER" value="24,7123" result="PASS"></item><item title="LOLEAKAGE" value="-39,5286" result="PASS"></item><item title="SPECTRUMMASK" value="1,32211" result="PASS"></item><item title="SPECTRUMMARGIN" value="1,32211" result="PASS"></item></Record><Criteria><item title="Modulation" value="MCS9NSS1"></item><item title="Bandwidth" value="80"></item><item title="Antenna" value="3"></item><item title="Channel" value="132"></item><item title="RfIcTemperature" value="60"></item><item title="CpuTemperature" value="62"></item><item title="ExpectedPower" value="10"></item><item title="EVM" Max="-32" Min="-100"></item><item title="FREQERR" Max="15" Min="-15"></item><item title="SYMCLOCKERR" Max="20" Min="-100"></item><item title="POWER" Max="11,5" Min="8,5" Avg="10"></item><item title="LOLEAKAGE" Max="-17" Min="-100"></item><item title="SPECTRUMMASK" Max="100" Min="0"></item><item title="SPECTRUMMARGIN" Max="1000" Min="0"></item></Criteria><Record><item title="Modulation" value="MCS9NSS1"></item><item title="Bandwidth" value="80"></item><item title="Channel" value="132"></item><item title="Antenna" value="3"></item><item title="ExpectedPower" value="10"></item><item title="Power" value="10"></item><item title="TestType" value="Tx"></item><item title="EVM" value="-38,7787" result="PASS"></item><item title="FREQERR" value="0,660832" result="PASS"></item><item title="SYMCLOCKERR" value="0,704177" result="PASS"></item><item title="POWER" value="8,83053" result="PASS"></item><item title="LOLEAKAGE" value="-29,9053" result="PASS"></item><item title="SPECTRUMMASK" value="16,3575" result="PASS"></item><item title="SPECTRUMMARGIN" value="16,3575" result="PASS"></item></Record><Criteria><item title="Modulation" value="MCS9NSS1"></item><item title="Bandwidth" value="80"></item><item title="Antenna" value="3"></item><item title="Channel" value="132"></item><item title="RfIcTemperature" value="60"></item><item title="CpuTemperature" value="62"></item><item title="ExpectedPower" value="11"></item><item title="EVM" Max="-32" Min="-100"></item><item title="FREQERR" Max="15" Min="-15"></item><item title="SYMCLOCKERR" Max="20" Min="-100"></item><item title="POWER" Max="12,5" Min="9,5" Avg="11"></item><item title="LOLEAKAGE" Max="-17" Min="-100"></item><item title="SPECTRUMMASK" Max="100" Min="0"></item><item title="SPECTRUMMARGIN" Max="1000" Min="0"></item></Criteria><Record><item title="Modulation" value="MCS9NSS1"></item><item title="Bandwidth" value="80"></item><item title="Channel" value="132"></item><item title="Antenna" value="3"></item><item title="ExpectedPower" value="11"></item><item title="Power" value="11"></item><item title="TestType" value="Tx"></item><item title="EVM" value="-39,5066" result="PASS"></item><item title="FREQERR" value="0,655067" result="PASS"></item><item title="SYMCLOCKERR" value="0,324602" result="PASS"></item><item title="POWER" value="10,1198" result="PASS"></item><item title="LOLEAKAGE" value="-29,0846" result="PASS"></item><item title="SPECTRUMMASK" value="16,1093" result="PASS"></item><item title="SPECTRUMMARGIN" value="16,1093" result="PASS"></item></Record><Criteria><item title="Modulation" value="MCS9NSS1"></item><item title="Bandwidth" value="80"></item><item title="Antenna" value="3"></item><item title="Channel" value="132"></item><item title="RfIcTemperature" value="60"></item><item title="CpuTemperature" value="62"></item><item title="ExpectedPower" value="12"></item><item title="EVM" Max="-32" Min="-100"></item><item title="FREQERR" Max="15" Min="-15"></item><item title="SYMCLOCKERR" Max="20" Min="-100"></item><item title="POWER" Max="13,5" Min="10,5" Avg="12"></item><item title="LOLEAKAGE" Max="-17" Min="-100"></item><item title="SPECTRUMMASK" Max="100" Min="0"></item><item title="SPECTRUMMARGIN" Max="1000" Min="0"></item></Criteria><Record><item title="Modulation" value="MCS9NSS1"></item><item title="Bandwidth" value="80"></item><item title="Channel" value="132"></item><item title="Antenna" value="3"></item><item title="ExpectedPower" value="12"></item><item title="Power" value="12"></item><item title="TestType" value="Tx"></item><item title="EVM" value="-36,3743" result="PASS"></item><item title="FREQERR" value="0,667971" result="PASS"></item><item title="SYMCLOCKERR" value="1,35126" result="PASS"></item><item title="POWER" value="11,2948" result="PASS"></item><item title="LOLEAKAGE" value="-29,5318" result="PASS"></item><item title="SPECTRUMMASK" value="14,9961" result="PASS"></item><item title="SPECTRUMMARGIN" value="14,9961" result="PASS"></item></Record><Criteria><item title="Modulation" value="MCS9NSS1"></item><item title="Bandwidth" value="80"></item><item title="Antenna" value="3"></item><item title="Channel" value="132"></item><item title="RfIcTemperature" value="60"></item><item title="CpuTemperature" value="62"></item><item title="ExpectedPower" value="13"></item><item title="EVM" Max="-32" Min="-100"></item><item title="FREQERR" Max="15" Min="-15"></item><item title="SYMCLOCKERR" Max="20" Min="-100"></item><item title="POWER" Max="14,5" Min="11,5" Avg="13"></item><item title="LOLEAKAGE" Max="-17" Min="-100"></item><item title="SPECTRUMMASK" Max="100" Min="0"></item><item title="SPECTRUMMARGIN" Max="1000" Min="0"></item></Criteria><Record><item title="Modulation" value="MCS9NSS1"></item><item title="Bandwidth" value="80"></item><item title="Channel" value="132"></item><item title="Antenna" value="3"></item><item title="ExpectedPower" value="13"></item><item title="Power" value="13"></item><item title="TestType" value="Tx"></item><item title="EVM" value="-38,4291" result="PASS"></item><item title="FREQERR" value="0,660721" result="PASS"></item><item title="SYMCLOCKERR" value="1,40987" result="PASS"></item><item title="POWER" value="12,5558" result="PASS"></item><item title="LOLEAKAGE" value="-30,3035" result="PASS"></item><item title="SPECTRUMMASK" value="16,6247" result="PASS"></item><item title="SPECTRUMMARGIN" value="16,6247" result="PASS"></item></Record><Criteria><item title="Modulation" value="MCS9NSS1"></item><item title="Bandwidth" value="80"></item><item title="Antenna" value="3"></item><item title="Channel" value="132"></item><item title="RfIcTemperature" value="60"></item><item title="CpuTemperature" value="62"></item><item title="ExpectedPower" value="14"></item><item title="EVM" Max="-32" Min="-100"></item><item title="FREQERR" Max="15" Min="-15"></item><item title="SYMCLOCKERR" Max="20" Min="-100"></item><item title="POWER" Max="15,5" Min="12,5" Avg="14"></item><item title="LOLEAKAGE" Max="-17" Min="-100"></item><item title="SPECTRUMMASK" Max="100" Min="0"></item><item title="SPECTRUMMARGIN" Max="1000" Min="0"></item></Criteria><Record><item title="Modulation" value="MCS9NSS1"></item><item title="Bandwidth" value="80"></item><item title="Channel" value="132"></item><item title="Antenna" value="3"></item><item title="ExpectedPower" value="14"></item><item title="Power" value="14"></item><item title="TestType" value="Tx"></item><item title="EVM" value="-38,1857" result="PASS"></item><item title="FREQERR" value="0,661942" result="PASS"></item><item title="SYMCLOCKERR" value="0,891788" result="PASS"></item><item title="POWER" value="13,4613" result="PASS"></item><item title="LOLEAKAGE" value="-30,4168" result="PASS"></item><item title="SPECTRUMMASK" value="17,0372" result="PASS"></item><item title="SPECTRUMMARGIN" value="17,0372" result="PASS"></item></Record><Criteria><item title="Modulation" value="MCS9NSS1"></item><item title="Bandwidth" value="80"></item><item title="Antenna" value="3"></item><item title="Channel" value="132"></item><item title="RfIcTemperature" value="60"></item><item title="CpuTemperature" value="62"></item><item title="ExpectedPower" value="15"></item><item title="EVM" Max="-32" Min="-100"></item><item title="FREQERR" Max="15" Min="-15"></item><item title="SYMCLOCKERR" Max="20" Min="-100"></item><item title="POWER" Max="16,5" Min="13,5" Avg="15"></item><item title="LOLEAKAGE" Max="-17" Min="-100"></item><item title="SPECTRUMMASK" Max="100" Min="0"></item><item title="SPECTRUMMARGIN" Max="1000" Min="0"></item></Criteria><Record><item title="Modulation" value="MCS9NSS1"></item><item title="Bandwidth" value="80"></item><item title="Channel" value="132"></item><item title="Antenna" value="3"></item><item title="ExpectedPower" value="15"></item><item title="Power" value="15"></item><item title="TestType" value="Tx"></item><item title="EVM" value="-38,1014" result="PASS"></item><item title="FREQERR" value="0,671038" result="PASS"></item><item title="SYMCLOCKERR" value="0,558804" result="PASS"></item><item title="POWER" value="14,5113" result="PASS"></item><item title="LOLEAKAGE" value="-30,8881" result="PASS"></item><item title="SPECTRUMMASK" value="16,5684" result="PASS"></item><item title="SPECTRUMMARGIN" value="16,5684" result="PASS"></item></Record><Criteria><item title="Modulation" value="MCS9NSS1"></item><item title="Bandwidth" value="80"></item><item title="Antenna" value="3"></item><item title="Channel" value="132"></item><item title="RfIcTemperature" value="60"></item><item title="CpuTemperature" value="62"></item><item title="ExpectedPower" value="16"></item><item title="EVM" Max="-32" Min="-100"></item><item title="FREQERR" Max="15" Min="-15"></item><item title="SYMCLOCKERR" Max="20" Min="-100"></item><item title="POWER" Max="17,5" Min="14,5" Avg="16"></item><item title="LOLEAKAGE" Max="-17" Min="-100"></item><item title="SPECTRUMMASK" Max="100" Min="0"></item><item title="SPECTRUMMARGIN" Max="1000" Min="0"></item></Criteria><Record><item title="Modulation" value="MCS9NSS1"></item><item title="Bandwidth" value="80"></item><item title="Channel" value="132"></item><item title="Antenna" value="3"></item><item title="ExpectedPower" value="16"></item><item title="Power" value="16"></item><item title="TestType" value="Tx"></item><item title="EVM" value="-36,3784" result="PASS"></item><item title="FREQERR" value="0,658603" result="PASS"></item><item title="SYMCLOCKERR" value="1,43285" result="PASS"></item><item title="POWER" value="15,4665" result="PASS"></item><item title="LOLEAKAGE" value="-34,8012" result="PASS"></item><item title="SPECTRUMMASK" value="15,9411" result="PASS"></item><item title="SPECTRUMMARGIN" value="15,9411" result="PASS"></item></Record><Criteria><item title="Modulation" value="MCS9NSS1"></item><item title="Bandwidth" value="80"></item><item title="Antenna" value="3"></item><item title="Channel" value="132"></item><item title="RfIcTemperature" value="60"></item><item title="CpuTemperature" value="62"></item><item title="ExpectedPower" value="17"></item><item title="EVM" Max="-32" Min="-100"></item><item title="FREQERR" Max="15" Min="-15"></item><item title="SYMCLOCKERR" Max="20" Min="-100"></item><item title="POWER" Max="18,5" Min="15,5" Avg="17"></item><item title="LOLEAKAGE" Max="-17" Min="-100"></item><item title="SPECTRUMMASK" Max="100" Min="0"></item><item title="SPECTRUMMARGIN" Max="1000" Min="0"></item></Criteria><Record><item title="Modulation" value="MCS9NSS1"></item><item title="Bandwidth" value="80"></item><item title="Channel" value="132"></item><item title="Antenna" value="3"></item><item title="ExpectedPower" value="17"></item><item title="Power" value="17"></item><item title="TestType" value="Tx"></item><item title="EVM" value="-37,5128" result="PASS"></item><item title="FREQERR" value="0,668577" result="PASS"></item><item title="SYMCLOCKERR" value="0,701476" result="PASS"></item><item title="POWER" value="16,6546" result="PASS"></item><item title="LOLEAKAGE" value="-35,6885" result="PASS"></item><item title="SPECTRUMMASK" value="16,1148" result="PASS"></item><item title="SPECTRUMMARGIN" value="16,1148" result="PASS"></item></Record><Criteria><item title="Modulation" value="MCS9NSS1"></item><item title="Bandwidth" value="80"></item><item title="Antenna" value="3"></item><item title="Channel" value="132"></item><item title="RfIcTemperature" value="60"></item><item title="CpuTemperature" value="62"></item><item title="ExpectedPower" value="18"></item><item title="EVM" Max="-32" Min="-100"></item><item title="FREQERR" Max="15" Min="-15"></item><item title="SYMCLOCKERR" Max="20" Min="-100"></item><item title="POWER" Max="19,5" Min="16,5" Avg="18"></item><item title="LOLEAKAGE" Max="-17" Min="-100"></item><item title="SPECTRUMMASK" Max="100" Min="0"></item><item title="SPECTRUMMARGIN" Max="1000" Min="0"></item></Criteria><Record><item title="Modulation" value="MCS9NSS1"></item><item title="Bandwidth" value="80"></item><item title="Channel" value="132"></item><item title="Antenna" value="3"></item><item title="ExpectedPower" value="18"></item><item title="Power" value="18"></item><item title="TestType" value="Tx"></item><item title="EVM" value="-36,768" result="PASS"></item><item title="FREQERR" value="0,664115" result="PASS"></item><item title="SYMCLOCKERR" value="0,863088" result="PASS"></item><item title="POWER" value="17,5202" result="PASS"></item><item title="LOLEAKAGE" value="-37,8621" result="PASS"></item><item title="SPECTRUMMASK" value="15,6888" result="PASS"></item><item title="SPECTRUMMARGIN" value="15,6888" result="PASS"></item></Record><Criteria><item title="Modulation" value="MCS9NSS1"></item><item title="Bandwidth" value="80"></item><item title="Antenna" value="3"></item><item title="Channel" value="132"></item><item title="RfIcTemperature" value="60"></item><item title="CpuTemperature" value="62"></item><item title="ExpectedPower" value="19"></item><item title="EVM" Max="-32" Min="-100"></item><item title="FREQERR" Max="15" Min="-15"></item><item title="SYMCLOCKERR" Max="20" Min="-100"></item><item title="POWER" Max="20,5" Min="17,5" Avg="19"></item><item title="LOLEAKAGE" Max="-17" Min="-100"></item><item title="SPECTRUMMASK" Max="100" Min="0"></item><item title="SPECTRUMMARGIN" Max="1000" Min="0"></item></Criteria><Record><item title="Modulation" value="MCS9NSS1"></item><item title="Bandwidth" value="80"></item><item title="Channel" value="132"></item><item title="Antenna" value="3"></item><item title="ExpectedPower" value="19"></item><item title="Power" value="19"></item><item title="TestType" value="Tx"></item><item title="EVM" value="-35,9512" result="PASS"></item><item title="FREQERR" value="0,659906" result="PASS"></item><item title="SYMCLOCKERR" value="0,818935" result="PASS"></item><item title="POWER" value="18,5257" result="PASS"></item><item title="LOLEAKAGE" value="-38,5724" result="PASS"></item><item title="SPECTRUMMASK" value="15,7563" result="PASS"></item><item title="SPECTRUMMARGIN" value="15,7563" result="PASS"></item></Record><Criteria><item title="Modulation" value="MCS9NSS1"></item><item title="Bandwidth" value="80"></item><item title="Antenna" value="3"></item><item title="Channel" value="132"></item><item title="RfIcTemperature" value="60"></item><item title="CpuTemperature" value="62"></item><item title="ExpectedPower" value="20"></item><item title="EVM" Max="-32" Min="-100"></item><item title="FREQERR" Max="15" Min="-15"></item><item title="SYMCLOCKERR" Max="20" Min="-100"></item><item title="POWER" Max="21,5" Min="18,5" Avg="20"></item><item title="LOLEAKAGE" Max="-17" Min="-100"></item><item title="SPECTRUMMASK" Max="100" Min="0"></item><item title="SPECTRUMMARGIN" Max="1000" Min="0"></item></Criteria><Record><item title="Modulation" value="MCS9NSS1"></item><item title="Bandwidth" value="80"></item><item title="Channel" value="132"></item><item title="Antenna" value="3"></item><item title="ExpectedPower" value="20"></item><item title="Power" value="20"></item><item title="TestType" value="Tx"></item><item title="EVM" value="-32,7744" result="PASS"></item><item title="FREQERR" value="0,660893" result="PASS"></item><item title="SYMCLOCKERR" value="1,50251" result="PASS"></item><item title="POWER" value="19,4661" result="PASS"></item><item title="LOLEAKAGE" value="-45,993" result="PASS"></item><item title="SPECTRUMMASK" value="14,3723" result="PASS"></item><item title="SPECTRUMMARGIN" value="14,3723" result="PASS"></item></Record><Criteria><item title="Modulation" value="MCS9NSS1"></item><item title="Bandwidth" value="80"></item><item title="Antenna" value="3"></item><item title="Channel" value="132"></item><item title="RfIcTemperature" value="60"></item><item title="CpuTemperature" value="62"></item><item title="ExpectedPower" value="21"></item><item title="EVM" Max="-32" Min="-100"></item><item title="FREQERR" Max="15" Min="-15"></item><item title="SYMCLOCKERR" Max="20" Min="-100"></item><item title="POWER" Max="22,5" Min="19,5" Avg="21"></item><item title="LOLEAKAGE" Max="-17" Min="-100"></item><item title="SPECTRUMMASK" Max="100" Min="0"></item><item title="SPECTRUMMARGIN" Max="1000" Min="0"></item></Criteria><Record><item title="Modulation" value="MCS9NSS1"></item><item title="Bandwidth" value="80"></item><item title="Channel" value="132"></item><item title="Antenna" value="3"></item><item title="ExpectedPower" value="21"></item><item title="Power" value="21"></item><item title="TestType" value="Tx"></item><item title="EVM" value="-30,4301" result="FAIL"></item><item title="FREQERR" value="0,66895" result="PASS"></item><item title="SYMCLOCKERR" value="3,13053" result="PASS"></item><item title="POWER" value="20,6768" result="PASS"></item><item title="LOLEAKAGE" value="-56,8676" result="PASS"></item><item title="SPECTRUMMASK" value="11,0965" result="PASS"></item><item title="SPECTRUMMARGIN" value="11,0965" result="PASS"></item></Record><Criteria><item title="Modulation" value="MCS9NSS1"></item><item title="Bandwidth" value="80"></item><item title="Antenna" value="3"></item><item title="Channel" value="132"></item><item title="RfIcTemperature" value="60"></item><item title="CpuTemperature" value="62"></item><item title="ExpectedPower" value="22"></item><item title="EVM" Max="-32" Min="-100"></item><item title="FREQERR" Max="15" Min="-15"></item><item title="SYMCLOCKERR" Max="20" Min="-100"></item><item title="POWER" Max="23,5" Min="20,5" Avg="22"></item><item title="LOLEAKAGE" Max="-17" Min="-100"></item><item title="SPECTRUMMASK" Max="100" Min="0"></item><item title="SPECTRUMMARGIN" Max="1000" Min="0"></item></Criteria><Record><item title="Modulation" value="MCS9NSS1"></item><item title="Bandwidth" value="80"></item><item title="Channel" value="132"></item><item title="Antenna" value="3"></item><item title="ExpectedPower" value="22"></item><item title="Power" value="22"></item><item title="TestType" value="Tx"></item><item title="EVM" value="-26,1434" result="FAIL"></item><item title="FREQERR" value="0,652973" result="PASS"></item><item title="SYMCLOCKERR" value="3,10286" result="PASS"></item><item title="POWER" value="21,5299" result="PASS"></item><item title="LOLEAKAGE" value="-47,8901" result="PASS"></item><item title="SPECTRUMMASK" value="7,96031" result="PASS"></item><item title="SPECTRUMMARGIN" value="7,96031" result="PASS"></item></Record><Criteria><item title="Modulation" value="MCS9NSS1"></item><item title="Bandwidth" value="80"></item><item title="Antenna" value="3"></item><item title="Channel" value="132"></item><item title="RfIcTemperature" value="60"></item><item title="CpuTemperature" value="62"></item><item title="ExpectedPower" value="23"></item><item title="EVM" Max="-32" Min="-100"></item><item title="FREQERR" Max="15" Min="-15"></item><item title="SYMCLOCKERR" Max="20" Min="-100"></item><item title="POWER" Max="24,5" Min="21,5" Avg="23"></item><item title="LOLEAKAGE" Max="-17" Min="-100"></item><item title="SPECTRUMMASK" Max="100" Min="0"></item><item title="SPECTRUMMARGIN" Max="1000" Min="0"></item></Criteria><Record><item title="Modulation" value="MCS9NSS1"></item><item title="Bandwidth" value="80"></item><item title="Channel" value="132"></item><item title="Antenna" value="3"></item><item title="ExpectedPower" value="23"></item><item title="Power" value="23"></item><item title="TestType" value="Tx"></item><item title="EVM" value="-24,1748" result="FAIL"></item><item title="FREQERR" value="0,669013" result="PASS"></item><item title="SYMCLOCKERR" value="0,608778" result="PASS"></item><item title="POWER" value="22,6244" result="PASS"></item><item title="LOLEAKAGE" value="-47,8562" result="PASS"></item><item title="SPECTRUMMASK" value="5,24076" result="PASS"></item><item title="SPECTRUMMARGIN" value="5,24076" result="PASS"></item></Record><Criteria><item title="Modulation" value="MCS9NSS1"></item><item title="Bandwidth" value="80"></item><item title="Antenna" value="3"></item><item title="Channel" value="132"></item><item title="RfIcTemperature" value="60"></item><item title="CpuTemperature" value="62"></item><item title="ExpectedPower" value="24"></item><item title="EVM" Max="-32" Min="-100"></item><item title="FREQERR" Max="15" Min="-15"></item><item title="SYMCLOCKERR" Max="20" Min="-100"></item><item title="POWER" Max="25,5" Min="22,5" Avg="24"></item><item title="LOLEAKAGE" Max="-17" Min="-100"></item><item title="SPECTRUMMASK" Max="100" Min="0"></item><item title="SPECTRUMMARGIN" Max="1000" Min="0"></item></Criteria><Record><item title="Modulation" value="MCS9NSS1"></item><item title="Bandwidth" value="80"></item><item title="Channel" value="132"></item><item title="Antenna" value="3"></item><item title="ExpectedPower" value="24"></item><item title="Power" value="24"></item><item title="TestType" value="Tx"></item><item title="EVM" value="-22,9698" result="FAIL"></item><item title="FREQERR" value="0,72448" result="PASS"></item><item title="SYMCLOCKERR" value="-2,34713" result="PASS"></item><item title="POWER" value="23,5677" result="PASS"></item><item title="LOLEAKAGE" value="-41,8595" result="PASS"></item><item title="SPECTRUMMASK" value="0,514271" result="PASS"></item><item title="SPECTRUMMARGIN" value="0,514271" result="PASS"></item></Record><Criteria><item title="Modulation" value="MCS9NSS1"></item><item title="Bandwidth" value="80"></item><item title="Antenna" value="3"></item><item title="Channel" value="132"></item><item title="RfIcTemperature" value="60"></item><item title="CpuTemperature" value="62"></item><item title="ExpectedPower" value="25"></item><item title="EVM" Max="-32" Min="-100"></item><item title="FREQERR" Max="15" Min="-15"></item><item title="SYMCLOCKERR" Max="20" Min="-100"></item><item title="POWER" Max="26,5" Min="23,5" Avg="25"></item><item title="LOLEAKAGE" Max="-17" Min="-100"></item><item title="SPECTRUMMASK" Max="100" Min="0"></item><item title="SPECTRUMMARGIN" Max="1000" Min="0"></item></Criteria><Record><item title="Modulation" value="MCS9NSS1"></item><item title="Bandwidth" value="80"></item><item title="Channel" value="132"></item><item title="Antenna" value="3"></item><item title="ExpectedPower" value="25"></item><item title="Power" value="25"></item><item title="TestType" value="Tx"></item><item title="EVM" value="-21,5629" result="FAIL"></item><item title="FREQERR" value="0,703496" result="PASS"></item><item title="SYMCLOCKERR" value="-1,73743" result="PASS"></item><item title="POWER" value="24,4541" result="PASS"></item><item title="LOLEAKAGE" value="-38,4396" result="PASS"></item><item title="SPECTRUMMASK" value="-3,60425" result="FAIL"></item><item title="SPECTRUMMARGIN" value="-3,60425" result="FAIL"></item></Record><Criteria><item title="Modulation" value="MCS9NSS1"></item><item title="Bandwidth" value="80"></item><item title="Antenna" value="0"></item><item title="Channel" value="149"></item><item title="RfIcTemperature" value="60"></item><item title="CpuTemperature" value="62"></item><item title="ExpectedPower" value="10"></item><item title="EVM" Max="-32" Min="-100"></item><item title="FREQERR" Max="15" Min="-15"></item><item title="SYMCLOCKERR" Max="20" Min="-100"></item><item title="POWER" Max="11,5" Min="8,5" Avg="10"></item><item title="LOLEAKAGE" Max="-17" Min="-100"></item><item title="SPECTRUMMASK" Max="100" Min="0"></item><item title="SPECTRUMMARGIN" Max="1000" Min="0"></item></Criteria><Record><item title="Modulation" value="MCS9NSS1"></item><item title="Bandwidth" value="80"></item><item title="Channel" value="149"></item><item title="Antenna" value="0"></item><item title="ExpectedPower" value="10"></item><item title="Power" value="10"></item><item title="TestType" value="Tx"></item><item title="EVM" value="-36,466" result="PASS"></item><item title="FREQERR" value="-2,79263" result="PASS"></item><item title="SYMCLOCKERR" value="-1,60549" result="PASS"></item><item title="POWER" value="9,81828" result="PASS"></item><item title="LOLEAKAGE" value="-30,4684" result="PASS"></item><item title="SPECTRUMMASK" value="15,2003" result="PASS"></item><item title="SPECTRUMMARGIN" value="15,2003" result="PASS"></item></Record><Criteria><item title="Modulation" value="MCS9NSS1"></item><item title="Bandwidth" value="80"></item><item title="Antenna" value="0"></item><item title="Channel" value="149"></item><item title="RfIcTemperature" value="60"></item><item title="CpuTemperature" value="62"></item><item title="ExpectedPower" value="11"></item><item title="EVM" Max="-32" Min="-100"></item><item title="FREQERR" Max="15" Min="-15"></item><item title="SYMCLOCKERR" Max="20" Min="-100"></item><item title="POWER" Max="12,5" Min="9,5" Avg="11"></item><item title="LOLEAKAGE" Max="-17" Min="-100"></item><item title="SPECTRUMMASK" Max="100" Min="0"></item><item title="SPECTRUMMARGIN" Max="1000" Min="0"></item></Criteria><Record><item title="Modulation" value="MCS9NSS1"></item><item title="Bandwidth" value="80"></item><item title="Channel" value="149"></item><item title="Antenna" value="0"></item><item title="ExpectedPower" value="11"></item><item title="Power" value="11"></item><item title="TestType" value="Tx"></item><item title="EVM" value="-37,4788" result="PASS"></item><item title="FREQERR" value="-2,78005" result="PASS"></item><item title="SYMCLOCKERR" value="-2,16725" result="PASS"></item><item title="POWER" value="10,9683" result="PASS"></item><item title="LOLEAKAGE" value="-31,9857" result="PASS"></item><item title="SPECTRUMMASK" value="14,7601" result="PASS"></item><item title="SPECTRUMMARGIN" value="14,7601" result="PASS"></item></Record><Criteria><item title="Modulation" value="MCS9NSS1"></item><item title="Bandwidth" value="80"></item><item title="Antenna" value="0"></item><item title="Channel" value="149"></item><item title="RfIcTemperature" value="60"></item><item title="CpuTemperature" value="62"></item><item title="ExpectedPower" value="12"></item><item title="EVM" Max="-32" Min="-100"></item><item title="FREQERR" Max="15" Min="-15"></item><item title="SYMCLOCKERR" Max="20" Min="-100"></item><item title="POWER" Max="13,5" Min="10,5" Avg="12"></item><item title="LOLEAKAGE" Max="-17" Min="-100"></item><item title="SPECTRUMMASK" Max="100" Min="0"></item><item title="SPECTRUMMARGIN" Max="1000" Min="0"></item></Criteria><Record><item title="Modulation" value="MCS9NSS1"></item><item title="Bandwidth" value="80"></item><item title="Channel" value="149"></item><item title="Antenna" value="0"></item><item title="ExpectedPower" value="12"></item><item title="Power" value="12"></item><item title="TestType" value="Tx"></item><item title="EVM" value="-37,0752" result="PASS"></item><item title="FREQERR" value="-2,78675" result="PASS"></item><item title="SYMCLOCKERR" value="-2,51499" result="PASS"></item><item title="POWER" value="11,8648" result="PASS"></item><item title="LOLEAKAGE" value="-30,4634" result="PASS"></item><item title="SPECTRUMMASK" value="14,9068" result="PASS"></item><item title="SPECTRUMMARGIN" value="14,9068" result="PASS"></item></Record><Criteria><item title="Modulation" value="MCS9NSS1"></item><item title="Bandwidth" value="80"></item><item title="Antenna" value="0"></item><item title="Channel" value="149"></item><item title="RfIcTemperature" value="60"></item><item title="CpuTemperature" value="62"></item><item title="ExpectedPower" value="13"></item><item title="EVM" Max="-32" Min="-100"></item><item title="FREQERR" Max="15" Min="-15"></item><item title="SYMCLOCKERR" Max="20" Min="-100"></item><item title="POWER" Max="14,5" Min="11,5" Avg="13"></item><item title="LOLEAKAGE" Max="-17" Min="-100"></item><item title="SPECTRUMMASK" Max="100" Min="0"></item><item title="SPECTRUMMARGIN" Max="1000" Min="0"></item></Criteria><Record><item title="Modulation" value="MCS9NSS1"></item><item title="Bandwidth" value="80"></item><item title="Channel" value="149"></item><item title="Antenna" value="0"></item><item title="ExpectedPower" value="13"></item><item title="Power" value="13"></item><item title="TestType" value="Tx"></item><item title="EVM" value="-37,1746" result="PASS"></item><item title="FREQERR" value="-2,79019" result="PASS"></item><item title="SYMCLOCKERR" value="-1,76695" result="PASS"></item><item title="POWER" value="12,9459" result="PASS"></item><item title="LOLEAKAGE" value="-33,4971" result="PASS"></item><item title="SPECTRUMMASK" value="14,2966" result="PASS"></item><item title="SPECTRUMMARGIN" value="14,2966" result="PASS"></item></Record><Criteria><item title="Modulation" value="MCS9NSS1"></item><item title="Bandwidth" value="80"></item><item title="Antenna" value="0"></item><item title="Channel" value="149"></item><item title="RfIcTemperature" value="60"></item><item title="CpuTemperature" value="62"></item><item title="ExpectedPower" value="14"></item><item title="EVM" Max="-32" Min="-100"></item><item title="FREQERR" Max="15" Min="-15"></item><item title="SYMCLOCKERR" Max="20" Min="-100"></item><item title="POWER" Max="15,5" Min="12,5" Avg="14"></item><item title="LOLEAKAGE" Max="-17" Min="-100"></item><item title="SPECTRUMMASK" Max="100" Min="0"></item><item title="SPECTRUMMARGIN" Max="1000" Min="0"></item></Criteria><Record><item title="Modulation" value="MCS9NSS1"></item><item title="Bandwidth" value="80"></item><item title="Channel" value="149"></item><item title="Antenna" value="0"></item><item title="ExpectedPower" value="14"></item><item title="Power" value="14"></item><item title="TestType" value="Tx"></item><item title="EVM" value="-37,145" result="PASS"></item><item title="FREQERR" value="-2,78247" result="PASS"></item><item title="SYMCLOCKERR" value="-2,91918" result="PASS"></item><item title="POWER" value="14,1557" result="PASS"></item><item title="LOLEAKAGE" value="-35,7964" result="PASS"></item><item title="SPECTRUMMASK" value="15,1408" result="PASS"></item><item title="SPECTRUMMARGIN" value="15,1408" result="PASS"></item></Record><Criteria><item title="Modulation" value="MCS9NSS1"></item><item title="Bandwidth" value="80"></item><item title="Antenna" value="0"></item><item title="Channel" value="149"></item><item title="RfIcTemperature" value="60"></item><item title="CpuTemperature" value="62"></item><item title="ExpectedPower" value="15"></item><item title="EVM" Max="-32" Min="-100"></item><item title="FREQERR" Max="15" Min="-15"></item><item title="SYMCLOCKERR" Max="20" Min="-100"></item><item title="POWER" Max="16,5" Min="13,5" Avg="15"></item><item title="LOLEAKAGE" Max="-17" Min="-100"></item><item title="SPECTRUMMASK" Max="100" Min="0"></item><item title="SPECTRUMMARGIN" Max="1000" Min="0"></item></Criteria><Record><item title="Modulation" value="MCS9NSS1"></item><item title="Bandwidth" value="80"></item><item title="Channel" value="149"></item><item title="Antenna" value="0"></item><item title="ExpectedPower" value="15"></item><item title="Power" value="15"></item><item title="TestType" value="Tx"></item><item title="EVM" value="-37,3887" result="PASS"></item><item title="FREQERR" value="-2,77719" result="PASS"></item><item title="SYMCLOCKERR" value="-2,24988" result="PASS"></item><item title="POWER" value="14,7679" result="PASS"></item><item title="LOLEAKAGE" value="-35,6827" result="PASS"></item><item title="SPECTRUMMASK" value="15,7977" result="PASS"></item><item title="SPECTRUMMARGIN" value="15,7977" result="PASS"></item></Record><Criteria><item title="Modulation" value="MCS9NSS1"></item><item title="Bandwidth" value="80"></item><item title="Antenna" value="0"></item><item title="Channel" value="149"></item><item title="RfIcTemperature" value="60"></item><item title="CpuTemperature" value="62"></item><item title="ExpectedPower" value="16"></item><item title="EVM" Max="-32" Min="-100"></item><item title="FREQERR" Max="15" Min="-15"></item><item title="SYMCLOCKERR" Max="20" Min="-100"></item><item title="POWER" Max="17,5" Min="14,5" Avg="16"></item><item title="LOLEAKAGE" Max="-17" Min="-100"></item><item title="SPECTRUMMASK" Max="100" Min="0"></item><item title="SPECTRUMMARGIN" Max="1000" Min="0"></item></Criteria><Record><item title="Modulation" value="MCS9NSS1"></item><item title="Bandwidth" value="80"></item><item title="Channel" value="149"></item><item title="Antenna" value="0"></item><item title="ExpectedPower" value="16"></item><item title="Power" value="16"></item><item title="TestType" value="Tx"></item><item title="EVM" value="-37,8252" result="PASS"></item><item title="FREQERR" value="-2,77685" result="PASS"></item><item title="SYMCLOCKERR" value="-1,76497" result="PASS"></item><item title="POWER" value="16,0263" result="PASS"></item><item title="LOLEAKAGE" value="-35,4681" result="PASS"></item><item title="SPECTRUMMASK" value="16,1668" result="PASS"></item><item title="SPECTRUMMARGIN" value="16,1668" result="PASS"></item></Record><Criteria><item title="Modulation" value="MCS9NSS1"></item><item title="Bandwidth" value="80"></item><item title="Antenna" value="0"></item><item title="Channel" value="149"></item><item title="RfIcTemperature" value="60"></item><item title="CpuTemperature" value="62"></item><item title="ExpectedPower" value="17"></item><item title="EVM" Max="-32" Min="-100"></item><item title="FREQERR" Max="15" Min="-15"></item><item title="SYMCLOCKERR" Max="20" Min="-100"></item><item title="POWER" Max="18,5" Min="15,5" Avg="17"></item><item title="LOLEAKAGE" Max="-17" Min="-100"></item><item title="SPECTRUMMASK" Max="100" Min="0"></item><item title="SPECTRUMMARGIN" Max="1000" Min="0"></item></Criteria><Record><item title="Modulation" value="MCS9NSS1"></item><item title="Bandwidth" value="80"></item><item title="Channel" value="149"></item><item title="Antenna" value="0"></item><item title="ExpectedPower" value="17"></item><item title="Power" value="17"></item><item title="TestType" value="Tx"></item><item title="EVM" value="-37,2175" result="PASS"></item><item title="FREQERR" value="-2,77725" result="PASS"></item><item title="SYMCLOCKERR" value="-1,57025" result="PASS"></item><item title="POWER" value="16,7287" result="PASS"></item><item title="LOLEAKAGE" value="-42,6973" result="PASS"></item><item title="SPECTRUMMASK" value="15,1033" result="PASS"></item><item title="SPECTRUMMARGIN" value="15,1033" result="PASS"></item></Record><Criteria><item title="Modulation" value="MCS9NSS1"></item><item title="Bandwidth" value="80"></item><item title="Antenna" value="0"></item><item title="Channel" value="149"></item><item title="RfIcTemperature" value="60"></item><item title="CpuTemperature" value="62"></item><item title="ExpectedPower" value="18"></item><item title="EVM" Max="-32" Min="-100"></item><item title="FREQERR" Max="15" Min="-15"></item><item title="SYMCLOCKERR" Max="20" Min="-100"></item><item title="POWER" Max="19,5" Min="16,5" Avg="18"></item><item title="LOLEAKAGE" Max="-17" Min="-100"></item><item title="SPECTRUMMASK" Max="100" Min="0"></item><item title="SPECTRUMMARGIN" Max="1000" Min="0"></item></Criteria><Record><item title="Modulation" value="MCS9NSS1"></item><item title="Bandwidth" value="80"></item><item title="Channel" value="149"></item><item title="Antenna" value="0"></item><item title="ExpectedPower" value="18"></item><item title="Power" value="18"></item><item title="TestType" value="Tx"></item><item title="EVM" value="-35,9454" result="PASS"></item><item title="FREQERR" value="-2,77764" result="PASS"></item><item title="SYMCLOCKERR" value="-2,69656" result="PASS"></item><item title="POWER" value="17,8407" result="PASS"></item><item title="LOLEAKAGE" value="-36,6002" result="PASS"></item><item title="SPECTRUMMASK" value="14,6861" result="PASS"></item><item title="SPECTRUMMARGIN" value="14,6861" result="PASS"></item></Record><Criteria><item title="Modulation" value="MCS9NSS1"></item><item title="Bandwidth" value="80"></item><item title="Antenna" value="0"></item><item title="Channel" value="149"></item><item title="RfIcTemperature" value="60"></item><item title="CpuTemperature" value="62"></item><item title="ExpectedPower" value="19"></item><item title="EVM" Max="-32" Min="-100"></item><item title="FREQERR" Max="15" Min="-15"></item><item title="SYMCLOCKERR" Max="20" Min="-100"></item><item title="POWER" Max="20,5" Min="17,5" Avg="19"></item><item title="LOLEAKAGE" Max="-17" Min="-100"></item><item title="SPECTRUMMASK" Max="100" Min="0"></item><item title="SPECTRUMMARGIN" Max="1000" Min="0"></item></Criteria><Record><item title="Modulation" value="MCS9NSS1"></item><item title="Bandwidth" value="80"></item><item title="Channel" value="149"></item><item title="Antenna" value="0"></item><item title="ExpectedPower" value="19"></item><item title="Power" value="19"></item><item title="TestType" value="Tx"></item><item title="EVM" value="-37,376" result="PASS"></item><item title="FREQERR" value="-2,77966" result="PASS"></item><item title="SYMCLOCKERR" value="-1,94542" result="PASS"></item><item title="POWER" value="18,8429" result="PASS"></item><item title="LOLEAKAGE" value="-48,7701" result="PASS"></item><item title="SPECTRUMMASK" value="15,7463" result="PASS"></item><item title="SPECTRUMMARGIN" value="15,7463" result="PASS"></item></Record><Criteria><item title="Modulation" value="MCS9NSS1"></item><item title="Bandwidth" value="80"></item><item title="Antenna" value="0"></item><item title="Channel" value="149"></item><item title="RfIcTemperature" value="60"></item><item title="CpuTemperature" value="62"></item><item title="ExpectedPower" value="20"></item><item title="EVM" Max="-32" Min="-100"></item><item title="FREQERR" Max="15" Min="-15"></item><item title="SYMCLOCKERR" Max="20" Min="-100"></item><item title="POWER" Max="21,5" Min="18,5" Avg="20"></item><item title="LOLEAKAGE" Max="-17" Min="-100"></item><item title="SPECTRUMMASK" Max="100" Min="0"></item><item title="SPECTRUMMARGIN" Max="1000" Min="0"></item></Criteria><Record><item title="Modulation" value="MCS9NSS1"></item><item title="Bandwidth" value="80"></item><item title="Channel" value="149"></item><item title="Antenna" value="0"></item><item title="ExpectedPower" value="20"></item><item title="Power" value="20"></item><item title="TestType" value="Tx"></item><item title="EVM" value="-34,0755" result="PASS"></item><item title="FREQERR" value="-2,79168" result="PASS"></item><item title="SYMCLOCKERR" value="-1,90639" result="PASS"></item><item title="POWER" value="19,9066" result="PASS"></item><item title="LOLEAKAGE" value="-44,9262" result="PASS"></item><item title="SPECTRUMMASK" value="14,3617" result="PASS"></item><item title="SPECTRUMMARGIN" value="14,3617" result="PASS"></item></Record><Criteria><item title="Modulation" value="MCS9NSS1"></item><item title="Bandwidth" value="80"></item><item title="Antenna" value="0"></item><item title="Channel" value="149"></item><item title="RfIcTemperature" value="60"></item><item title="CpuTemperature" value="62"></item><item title="ExpectedPower" value="21"></item><item title="EVM" Max="-32" Min="-100"></item><item title="FREQERR" Max="15" Min="-15"></item><item title="SYMCLOCKERR" Max="20" Min="-100"></item><item title="POWER" Max="22,5" Min="19,5" Avg="21"></item><item title="LOLEAKAGE" Max="-17" Min="-100"></item><item title="SPECTRUMMASK" Max="100" Min="0"></item><item title="SPECTRUMMARGIN" Max="1000" Min="0"></item></Criteria><Record><item title="Modulation" value="MCS9NSS1"></item><item title="Bandwidth" value="80"></item><item title="Channel" value="149"></item><item title="Antenna" value="0"></item><item title="ExpectedPower" value="21"></item><item title="Power" value="21"></item><item title="TestType" value="Tx"></item><item title="EVM" value="-29,4574" result="FAIL"></item><item title="FREQERR" value="-2,78681" result="PASS"></item><item title="SYMCLOCKERR" value="-2,22438" result="PASS"></item><item title="POWER" value="20,9399" result="PASS"></item><item title="LOLEAKAGE" value="-46,9617" result="PASS"></item><item title="SPECTRUMMASK" value="11,2358" result="PASS"></item><item title="SPECTRUMMARGIN" value="11,2358" result="PASS"></item></Record><Criteria><item title="Modulation" value="MCS9NSS1"></item><item title="Bandwidth" value="80"></item><item title="Antenna" value="0"></item><item title="Channel" value="149"></item><item title="RfIcTemperature" value="60"></item><item title="CpuTemperature" value="62"></item><item title="ExpectedPower" value="22"></item><item title="EVM" Max="-32" Min="-100"></item><item title="FREQERR" Max="15" Min="-15"></item><item title="SYMCLOCKERR" Max="20" Min="-100"></item><item title="POWER" Max="23,5" Min="20,5" Avg="22"></item><item title="LOLEAKAGE" Max="-17" Min="-100"></item><item title="SPECTRUMMASK" Max="100" Min="0"></item><item title="SPECTRUMMARGIN" Max="1000" Min="0"></item></Criteria><Record><item title="Modulation" value="MCS9NSS1"></item><item title="Bandwidth" value="80"></item><item title="Channel" value="149"></item><item title="Antenna" value="0"></item><item title="ExpectedPower" value="22"></item><item title="Power" value="22"></item><item title="TestType" value="Tx"></item><item title="EVM" value="-25,4973" result="FAIL"></item><item title="FREQERR" value="-2,77273" result="PASS"></item><item title="SYMCLOCKERR" value="-2,18205" result="PASS"></item><item title="POWER" value="21,8223" result="PASS"></item><item title="LOLEAKAGE" value="-52,4407" result="PASS"></item><item title="SPECTRUMMASK" value="8,70825" result="PASS"></item><item title="SPECTRUMMARGIN" value="8,70825" result="PASS"></item></Record><Criteria><item title="Modulation" value="MCS9NSS1"></item><item title="Bandwidth" value="80"></item><item title="Antenna" value="0"></item><item title="Channel" value="149"></item><item title="RfIcTemperature" value="60"></item><item title="CpuTemperature" value="62"></item><item title="ExpectedPower" value="23"></item><item title="EVM" Max="-32" Min="-100"></item><item title="FREQERR" Max="15" Min="-15"></item><item title="SYMCLOCKERR" Max="20" Min="-100"></item><item title="POWER" Max="24,5" Min="21,5" Avg="23"></item><item title="LOLEAKAGE" Max="-17" Min="-100"></item><item title="SPECTRUMMASK" Max="100" Min="0"></item><item title="SPECTRUMMARGIN" Max="1000" Min="0"></item></Criteria><Record><item title="Modulation" value="MCS9NSS1"></item><item title="Bandwidth" value="80"></item><item title="Channel" value="149"></item><item title="Antenna" value="0"></item><item title="ExpectedPower" value="23"></item><item title="Power" value="23"></item><item title="TestType" value="Tx"></item><item title="EVM" value="-24,3724" result="FAIL"></item><item title="FREQERR" value="-2,76267" result="PASS"></item><item title="SYMCLOCKERR" value="-1,23223" result="PASS"></item><item title="POWER" value="22,7034" result="PASS"></item><item title="LOLEAKAGE" value="-48,2757" result="PASS"></item><item title="SPECTRUMMASK" value="5,17223" result="PASS"></item><item title="SPECTRUMMARGIN" value="5,17223" result="PASS"></item></Record><Criteria><item title="Modulation" value="MCS9NSS1"></item><item title="Bandwidth" value="80"></item><item title="Antenna" value="0"></item><item title="Channel" value="149"></item><item title="RfIcTemperature" value="60"></item><item title="CpuTemperature" value="62"></item><item title="ExpectedPower" value="24"></item><item title="EVM" Max="-32" Min="-100"></item><item title="FREQERR" Max="15" Min="-15"></item><item title="SYMCLOCKERR" Max="20" Min="-100"></item><item title="POWER" Max="25,5" Min="22,5" Avg="24"></item><item title="LOLEAKAGE" Max="-17" Min="-100"></item><item title="SPECTRUMMASK" Max="100" Min="0"></item><item title="SPECTRUMMARGIN" Max="1000" Min="0"></item></Criteria><Record><item title="Modulation" value="MCS9NSS1"></item><item title="Bandwidth" value="80"></item><item title="Channel" value="149"></item><item title="Antenna" value="0"></item><item title="ExpectedPower" value="24"></item><item title="Power" value="24"></item><item title="TestType" value="Tx"></item><item title="EVM" value="-23,2314" result="FAIL"></item><item title="FREQERR" value="-2,7086" result="PASS"></item><item title="SYMCLOCKERR" value="5,44304" result="PASS"></item><item title="POWER" value="23,632" result="PASS"></item><item title="LOLEAKAGE" value="-46,0849" result="PASS"></item><item title="SPECTRUMMASK" value="1,58218" result="PASS"></item><item title="SPECTRUMMARGIN" value="1,58218" result="PASS"></item></Record><Criteria><item title="Modulation" value="MCS9NSS1"></item><item title="Bandwidth" value="80"></item><item title="Antenna" value="0"></item><item title="Channel" value="149"></item><item title="RfIcTemperature" value="60"></item><item title="CpuTemperature" value="62"></item><item title="ExpectedPower" value="25"></item><item title="EVM" Max="-32" Min="-100"></item><item title="FREQERR" Max="15" Min="-15"></item><item title="SYMCLOCKERR" Max="20" Min="-100"></item><item title="POWER" Max="26,5" Min="23,5" Avg="25"></item><item title="LOLEAKAGE" Max="-17" Min="-100"></item><item title="SPECTRUMMASK" Max="100" Min="0"></item><item title="SPECTRUMMARGIN" Max="1000" Min="0"></item></Criteria><Record><item title="Modulation" value="MCS9NSS1"></item><item title="Bandwidth" value="80"></item><item title="Channel" value="149"></item><item title="Antenna" value="0"></item><item title="ExpectedPower" value="25"></item><item title="Power" value="25"></item><item title="TestType" value="Tx"></item><item title="EVM" value="-22,7054" result="FAIL"></item><item title="FREQERR" value="-2,83588" result="PASS"></item><item title="SYMCLOCKERR" value="1,60515" result="PASS"></item><item title="POWER" value="24,4102" result="PASS"></item><item title="LOLEAKAGE" value="-37,5317" result="PASS"></item><item title="SPECTRUMMASK" value="-1,50018" result="FAIL"></item><item title="SPECTRUMMARGIN" value="-1,50018" result="FAIL"></item></Record><Criteria><item title="Modulation" value="MCS9NSS1"></item><item title="Bandwidth" value="80"></item><item title="Antenna" value="1"></item><item title="Channel" value="149"></item><item title="RfIcTemperature" value="60"></item><item title="CpuTemperature" value="62"></item><item title="ExpectedPower" value="10"></item><item title="EVM" Max="-32" Min="-100"></item><item title="FREQERR" Max="15" Min="-15"></item><item title="SYMCLOCKERR" Max="20" Min="-100"></item><item title="POWER" Max="11,5" Min="8,5" Avg="10"></item><item title="LOLEAKAGE" Max="-17" Min="-100"></item><item title="SPECTRUMMASK" Max="100" Min="0"></item><item title="SPECTRUMMARGIN" Max="1000" Min="0"></item></Criteria><Record><item title="Modulation" value="MCS9NSS1"></item><item title="Bandwidth" value="80"></item><item title="Channel" value="149"></item><item title="Antenna" value="1"></item><item title="ExpectedPower" value="10"></item><item title="Power" value="10"></item><item title="TestType" value="Tx"></item><item title="EVM" value="-36,2311" result="PASS"></item><item title="FREQERR" value="-2,77757" result="PASS"></item><item title="SYMCLOCKERR" value="-2,22879" result="PASS"></item><item title="POWER" value="9,06848" result="PASS"></item><item title="LOLEAKAGE" value="-29,8998" result="PASS"></item><item title="SPECTRUMMASK" value="15,2416" result="PASS"></item><item title="SPECTRUMMARGIN" value="15,2416" result="PASS"></item></Record><Criteria><item title="Modulation" value="MCS9NSS1"></item><item title="Bandwidth" value="80"></item><item title="Antenna" value="1"></item><item title="Channel" value="149"></item><item title="RfIcTemperature" value="60"></item><item title="CpuTemperature" value="62"></item><item title="ExpectedPower" value="11"></item><item title="EVM" Max="-32" Min="-100"></item><item title="FREQERR" Max="15" Min="-15"></item><item title="SYMCLOCKERR" Max="20" Min="-100"></item><item title="POWER" Max="12,5" Min="9,5" Avg="11"></item><item title="LOLEAKAGE" Max="-17" Min="-100"></item><item title="SPECTRUMMASK" Max="100" Min="0"></item><item title="SPECTRUMMARGIN" Max="1000" Min="0"></item></Criteria><Record><item title="Modulation" value="MCS9NSS1"></item><item title="Bandwidth" value="80"></item><item title="Channel" value="149"></item><item title="Antenna" value="1"></item><item title="ExpectedPower" value="11"></item><item title="Power" value="11"></item><item title="TestType" value="Tx"></item><item title="EVM" value="-36,6044" result="PASS"></item><item title="FREQERR" value="-2,78296" result="PASS"></item><item title="SYMCLOCKERR" value="-2,1826" result="PASS"></item><item title="POWER" value="10,1089" result="PASS"></item><item title="LOLEAKAGE" value="-29,3909" result="PASS"></item><item title="SPECTRUMMASK" value="16,8519" result="PASS"></item><item title="SPECTRUMMARGIN" value="16,8519" result="PASS"></item></Record><Criteria><item title="Modulation" value="MCS9NSS1"></item><item title="Bandwidth" value="80"></item><item title="Antenna" value="1"></item><item title="Channel" value="149"></item><item title="RfIcTemperature" value="60"></item><item title="CpuTemperature" value="62"></item><item title="ExpectedPower" value="12"></item><item title="EVM" Max="-32" Min="-100"></item><item title="FREQERR" Max="15" Min="-15"></item><item title="SYMCLOCKERR" Max="20" Min="-100"></item><item title="POWER" Max="13,5" Min="10,5" Avg="12"></item><item title="LOLEAKAGE" Max="-17" Min="-100"></item><item title="SPECTRUMMASK" Max="100" Min="0"></item><item title="SPECTRUMMARGIN" Max="1000" Min="0"></item></Criteria><Record><item title="Modulation" value="MCS9NSS1"></item><item title="Bandwidth" value="80"></item><item title="Channel" value="149"></item><item title="Antenna" value="1"></item><item title="ExpectedPower" value="12"></item><item title="Power" value="12"></item><item title="TestType" value="Tx"></item><item title="EVM" value="-37,987" result="PASS"></item><item title="FREQERR" value="-2,79325" result="PASS"></item><item title="SYMCLOCKERR" value="-2,65296" result="PASS"></item><item title="POWER" value="11,1001" result="PASS"></item><item title="LOLEAKAGE" value="-30,0332" result="PASS"></item><item title="SPECTRUMMASK" value="16,8414" result="PASS"></item><item title="SPECTRUMMARGIN" value="16,8414" result="PASS"></item></Record><Criteria><item title="Modulation" value="MCS9NSS1"></item><item title="Bandwidth" value="80"></item><item title="Antenna" value="1"></item><item title="Channel" value="149"></item><item title="RfIcTemperature" value="60"></item><item title="CpuTemperature" value="62"></item><item title="ExpectedPower" value="13"></item><item title="EVM" Max="-32" Min="-100"></item><item title="FREQERR" Max="15" Min="-15"></item><item title="SYMCLOCKERR" Max="20" Min="-100"></item><item title="POWER" Max="14,5" Min="11,5" Avg="13"></item><item title="LOLEAKAGE" Max="-17" Min="-100"></item><item title="SPECTRUMMASK" Max="100" Min="0"></item><item title="SPECTRUMMARGIN" Max="1000" Min="0"></item></Criteria><Record><item title="Modulation" value="MCS9NSS1"></item><item title="Bandwidth" value="80"></item><item title="Channel" value="149"></item><item title="Antenna" value="1"></item><item title="ExpectedPower" value="13"></item><item title="Power" value="13"></item><item title="TestType" value="Tx"></item><item title="EVM" value="-37,1755" result="PASS"></item><item title="FREQERR" value="-2,78613" result="PASS"></item><item title="SYMCLOCKERR" value="-2,36194" result="PASS"></item><item title="POWER" value="12,1292" result="PASS"></item><item title="LOLEAKAGE" value="-30,6852" result="PASS"></item><item title="SPECTRUMMASK" value="15,1352" result="PASS"></item><item title="SPECTRUMMARGIN" value="15,1352" result="PASS"></item></Record><Criteria><item title="Modulation" value="MCS9NSS1"></item><item title="Bandwidth" value="80"></item><item title="Antenna" value="1"></item><item title="Channel" value="149"></item><item title="RfIcTemperature" value="60"></item><item title="CpuTemperature" value="62"></item><item title="ExpectedPower" value="14"></item><item title="EVM" Max="-32" Min="-100"></item><item title="FREQERR" Max="15" Min="-15"></item><item title="SYMCLOCKERR" Max="20" Min="-100"></item><item title="POWER" Max="15,5" Min="12,5" Avg="14"></item><item title="LOLEAKAGE" Max="-17" Min="-100"></item><item title="SPECTRUMMASK" Max="100" Min="0"></item><item title="SPECTRUMMARGIN" Max="1000" Min="0"></item></Criteria><Record><item title="Modulation" value="MCS9NSS1"></item><item title="Bandwidth" value="80"></item><item title="Channel" value="149"></item><item title="Antenna" value="1"></item><item title="ExpectedPower" value="14"></item><item title="Power" value="14"></item><item title="TestType" value="Tx"></item><item title="EVM" value="-37,0078" result="PASS"></item><item title="FREQERR" value="-2,78108" result="PASS"></item><item title="SYMCLOCKERR" value="-3,11095" result="PASS"></item><item title="POWER" value="13,0207" result="PASS"></item><item title="LOLEAKAGE" value="-30,9959" result="PASS"></item><item title="SPECTRUMMASK" value="17,8285" result="PASS"></item><item title="SPECTRUMMARGIN" value="17,8285" result="PASS"></item></Record><Criteria><item title="Modulation" value="MCS9NSS1"></item><item title="Bandwidth" value="80"></item><item title="Antenna" value="1"></item><item title="Channel" value="149"></item><item title="RfIcTemperature" value="60"></item><item title="CpuTemperature" value="62"></item><item title="ExpectedPower" value="15"></item><item title="EVM" Max="-32" Min="-100"></item><item title="FREQERR" Max="15" Min="-15"></item><item title="SYMCLOCKERR" Max="20" Min="-100"></item><item title="POWER" Max="16,5" Min="13,5" Avg="15"></item><item title="LOLEAKAGE" Max="-17" Min="-100"></item><item title="SPECTRUMMASK" Max="100" Min="0"></item><item title="SPECTRUMMARGIN" Max="1000" Min="0"></item></Criteria><Record><item title="Modulation" value="MCS9NSS1"></item><item title="Bandwidth" value="80"></item><item title="Channel" value="149"></item><item title="Antenna" value="1"></item><item title="ExpectedPower" value="15"></item><item title="Power" value="15"></item><item title="TestType" value="Tx"></item><item title="EVM" value="-35,9611" result="PASS"></item><item title="FREQERR" value="-2,78545" result="PASS"></item><item title="SYMCLOCKERR" value="-1,60505" result="PASS"></item><item title="POWER" value="14,1767" result="PASS"></item><item title="LOLEAKAGE" value="-32,1663" result="PASS"></item><item title="SPECTRUMMASK" value="14,1611" result="PASS"></item><item title="SPECTRUMMARGIN" value="14,1611" result="PASS"></item></Record><Criteria><item title="Modulation" value="MCS9NSS1"></item><item title="Bandwidth" value="80"></item><item title="Antenna" value="1"></item><item title="Channel" value="149"></item><item title="RfIcTemperature" value="60"></item><item title="CpuTemperature" value="62"></item><item title="ExpectedPower" value="16"></item><item title="EVM" Max="-32" Min="-100"></item><item title="FREQERR" Max="15" Min="-15"></item><item title="SYMCLOCKERR" Max="20" Min="-100"></item><item title="POWER" Max="17,5" Min="14,5" Avg="16"></item><item title="LOLEAKAGE" Max="-17" Min="-100"></item><item title="SPECTRUMMASK" Max="100" Min="0"></item><item title="SPECTRUMMARGIN" Max="1000" Min="0"></item></Criteria><Record><item title="Modulation" value="MCS9NSS1"></item><item title="Bandwidth" value="80"></item><item title="Channel" value="149"></item><item title="Antenna" value="1"></item><item title="ExpectedPower" value="16"></item><item title="Power" value="16"></item><item title="TestType" value="Tx"></item><item title="EVM" value="-37,134" result="PASS"></item><item title="FREQERR" value="-2,78755" result="PASS"></item><item title="SYMCLOCKERR" value="-1,83204" result="PASS"></item><item title="POWER" value="15,0334" result="PASS"></item><item title="LOLEAKAGE" value="-35,8834" result="PASS"></item><item title="SPECTRUMMASK" value="17,296" result="PASS"></item><item title="SPECTRUMMARGIN" value="17,296" result="PASS"></item></Record><Criteria><item title="Modulation" value="MCS9NSS1"></item><item title="Bandwidth" value="80"></item><item title="Antenna" value="1"></item><item title="Channel" value="149"></item><item title="RfIcTemperature" value="60"></item><item title="CpuTemperature" value="62"></item><item title="ExpectedPower" value="17"></item><item title="EVM" Max="-32" Min="-100"></item><item title="FREQERR" Max="15" Min="-15"></item><item title="SYMCLOCKERR" Max="20" Min="-100"></item><item title="POWER" Max="18,5" Min="15,5" Avg="17"></item><item title="LOLEAKAGE" Max="-17" Min="-100"></item><item title="SPECTRUMMASK" Max="100" Min="0"></item><item title="SPECTRUMMARGIN" Max="1000" Min="0"></item></Criteria><Record><item title="Modulation" value="MCS9NSS1"></item><item title="Bandwidth" value="80"></item><item title="Channel" value="149"></item><item title="Antenna" value="1"></item><item title="ExpectedPower" value="17"></item><item title="Power" value="17"></item><item title="TestType" value="Tx"></item><item title="EVM" value="-33,9722" result="PASS"></item><item title="FREQERR" value="-2,78728" result="PASS"></item><item title="SYMCLOCKERR" value="-1,79934" result="PASS"></item><item title="POWER" value="16,0718" result="PASS"></item><item title="LOLEAKAGE" value="-35,3652" result="PASS"></item><item title="SPECTRUMMASK" value="17,5458" result="PASS"></item><item title="SPECTRUMMARGIN" value="17,5458" result="PASS"></item></Record><Criteria><item title="Modulation" value="MCS9NSS1"></item><item title="Bandwidth" value="80"></item><item title="Antenna" value="1"></item><item title="Channel" value="149"></item><item title="RfIcTemperature" value="60"></item><item title="CpuTemperature" value="62"></item><item title="ExpectedPower" value="18"></item><item title="EVM" Max="-32" Min="-100"></item><item title="FREQERR" Max="15" Min="-15"></item><item title="SYMCLOCKERR" Max="20" Min="-100"></item><item title="POWER" Max="19,5" Min="16,5" Avg="18"></item><item title="LOLEAKAGE" Max="-17" Min="-100"></item><item title="SPECTRUMMASK" Max="100" Min="0"></item><item title="SPECTRUMMARGIN" Max="1000" Min="0"></item></Criteria><Record><item title="Modulation" value="MCS9NSS1"></item><item title="Bandwidth" value="80"></item><item title="Channel" value="149"></item><item title="Antenna" value="1"></item><item title="ExpectedPower" value="18"></item><item title="Power" value="18"></item><item title="TestType" value="Tx"></item><item title="EVM" value="-34,8242" result="PASS"></item><item title="FREQERR" value="-2,78241" result="PASS"></item><item title="SYMCLOCKERR" value="-1,86017" result="PASS"></item><item title="POWER" value="17,0397" result="PASS"></item><item title="LOLEAKAGE" value="-37,6193" result="PASS"></item><item title="SPECTRUMMASK" value="17,0263" result="PASS"></item><item title="SPECTRUMMARGIN" value="17,0263" result="PASS"></item></Record><Criteria><item title="Modulation" value="MCS9NSS1"></item><item title="Bandwidth" value="80"></item><item title="Antenna" value="1"></item><item title="Channel" value="149"></item><item title="RfIcTemperature" value="60"></item><item title="CpuTemperature" value="62"></item><item title="ExpectedPower" value="19"></item><item title="EVM" Max="-32" Min="-100"></item><item title="FREQERR" Max="15" Min="-15"></item><item title="SYMCLOCKERR" Max="20" Min="-100"></item><item title="POWER" Max="20,5" Min="17,5" Avg="19"></item><item title="LOLEAKAGE" Max="-17" Min="-100"></item><item title="SPECTRUMMASK" Max="100" Min="0"></item><item title="SPECTRUMMARGIN" Max="1000" Min="0"></item></Criteria><Record><item title="Modulation" value="MCS9NSS1"></item><item title="Bandwidth" value="80"></item><item title="Channel" value="149"></item><item title="Antenna" value="1"></item><item title="ExpectedPower" value="19"></item><item title="Power" value="19"></item><item title="TestType" value="Tx"></item><item title="EVM" value="-37,3925" result="PASS"></item><item title="FREQERR" value="-2,78809" result="PASS"></item><item title="SYMCLOCKERR" value="-2,6042" result="PASS"></item><item title="POWER" value="18,1347" result="PASS"></item><item title="LOLEAKAGE" value="-43,4403" result="PASS"></item><item title="SPECTRUMMASK" value="16,7008" result="PASS"></item><item title="SPECTRUMMARGIN" value="16,7008" result="PASS"></item></Record><Criteria><item title="Modulation" value="MCS9NSS1"></item><item title="Bandwidth" value="80"></item><item title="Antenna" value="1"></item><item title="Channel" value="149"></item><item title="RfIcTemperature" value="60"></item><item title="CpuTemperature" value="62"></item><item title="ExpectedPower" value="20"></item><item title="EVM" Max="-32" Min="-100"></item><item title="FREQERR" Max="15" Min="-15"></item><item title="SYMCLOCKERR" Max="20" Min="-100"></item><item title="POWER" Max="21,5" Min="18,5" Avg="20"></item><item title="LOLEAKAGE" Max="-17" Min="-100"></item><item title="SPECTRUMMASK" Max="100" Min="0"></item><item title="SPECTRUMMARGIN" Max="1000" Min="0"></item></Criteria><Record><item title="Modulation" value="MCS9NSS1"></item><item title="Bandwidth" value="80"></item><item title="Channel" value="149"></item><item title="Antenna" value="1"></item><item title="ExpectedPower" value="20"></item><item title="Power" value="20"></item><item title="TestType" value="Tx"></item><item title="EVM" value="-35,3657" result="PASS"></item><item title="FREQERR" value="-2,78243" result="PASS"></item><item title="SYMCLOCKERR" value="-2,04039" result="PASS"></item><item title="POWER" value="19,0712" result="PASS"></item><item title="LOLEAKAGE" value="-51,4538" result="PASS"></item><item title="SPECTRUMMASK" value="15,6866" result="PASS"></item><item title="SPECTRUMMARGIN" value="15,6866" result="PASS"></item></Record><Criteria><item title="Modulation" value="MCS9NSS1"></item><item title="Bandwidth" value="80"></item><item title="Antenna" value="1"></item><item title="Channel" value="149"></item><item title="RfIcTemperature" value="60"></item><item title="CpuTemperature" value="62"></item><item title="ExpectedPower" value="21"></item><item title="EVM" Max="-32" Min="-100"></item><item title="FREQERR" Max="15" Min="-15"></item><item title="SYMCLOCKERR" Max="20" Min="-100"></item><item title="POWER" Max="22,5" Min="19,5" Avg="21"></item><item title="LOLEAKAGE" Max="-17" Min="-100"></item><item title="SPECTRUMMASK" Max="100" Min="0"></item><item title="SPECTRUMMARGIN" Max="1000" Min="0"></item></Criteria><Record><item title="Modulation" value="MCS9NSS1"></item><item title="Bandwidth" value="80"></item><item title="Channel" value="149"></item><item title="Antenna" value="1"></item><item title="ExpectedPower" value="21"></item><item title="Power" value="21"></item><item title="TestType" value="Tx"></item><item title="EVM" value="-31,9729" result="FAIL"></item><item title="FREQERR" value="-2,77482" result="PASS"></item><item title="SYMCLOCKERR" value="-1,83354" result="PASS"></item><item title="POWER" value="19,9301" result="PASS"></item><item title="LOLEAKAGE" value="-42,0416" result="PASS"></item><item title="SPECTRUMMASK" value="14,2175" result="PASS"></item><item title="SPECTRUMMARGIN" value="14,2175" result="PASS"></item></Record><Criteria><item title="Modulation" value="MCS9NSS1"></item><item title="Bandwidth" value="80"></item><item title="Antenna" value="1"></item><item title="Channel" value="149"></item><item title="RfIcTemperature" value="60"></item><item title="CpuTemperature" value="62"></item><item title="ExpectedPower" value="22"></item><item title="EVM" Max="-32" Min="-100"></item><item title="FREQERR" Max="15" Min="-15"></item><item title="SYMCLOCKERR" Max="20" Min="-100"></item><item title="POWER" Max="23,5" Min="20,5" Avg="22"></item><item title="LOLEAKAGE" Max="-17" Min="-100"></item><item title="SPECTRUMMASK" Max="100" Min="0"></item><item title="SPECTRUMMARGIN" Max="1000" Min="0"></item></Criteria><Record><item title="Modulation" value="MCS9NSS1"></item><item title="Bandwidth" value="80"></item><item title="Channel" value="149"></item><item title="Antenna" value="1"></item><item title="ExpectedPower" value="22"></item><item title="Power" value="22"></item><item title="TestType" value="Tx"></item><item title="EVM" value="-27,6372" result="FAIL"></item><item title="FREQERR" value="-2,7784" result="PASS"></item><item title="SYMCLOCKERR" value="1,94136" result="PASS"></item><item title="POWER" value="21,1515" result="PASS"></item><item title="LOLEAKAGE" value="-43,879" result="PASS"></item><item title="SPECTRUMMASK" value="10,7757" result="PASS"></item><item title="SPECTRUMMARGIN" value="10,7757" result="PASS"></item></Record><Criteria><item title="Modulation" value="MCS9NSS1"></item><item title="Bandwidth" value="80"></item><item title="Antenna" value="1"></item><item title="Channel" value="149"></item><item title="RfIcTemperature" value="60"></item><item title="CpuTemperature" value="62"></item><item title="ExpectedPower" value="23"></item><item title="EVM" Max="-32" Min="-100"></item><item title="FREQERR" Max="15" Min="-15"></item><item title="SYMCLOCKERR" Max="20" Min="-100"></item><item title="POWER" Max="24,5" Min="21,5" Avg="23"></item><item title="LOLEAKAGE" Max="-17" Min="-100"></item><item title="SPECTRUMMASK" Max="100" Min="0"></item><item title="SPECTRUMMARGIN" Max="1000" Min="0"></item></Criteria><Record><item title="Modulation" value="MCS9NSS1"></item><item title="Bandwidth" value="80"></item><item title="Channel" value="149"></item><item title="Antenna" value="1"></item><item title="ExpectedPower" value="23"></item><item title="Power" value="23"></item><item title="TestType" value="Tx"></item><item title="EVM" value="-24,6387" result="FAIL"></item><item title="FREQERR" value="-2,77691" result="PASS"></item><item title="SYMCLOCKERR" value="-2,01498" result="PASS"></item><item title="POWER" value="22,2132" result="PASS"></item><item title="LOLEAKAGE" value="-47,5477" result="PASS"></item><item title="SPECTRUMMASK" value="6,81108" result="PASS"></item><item title="SPECTRUMMARGIN" value="6,81108" result="PASS"></item></Record><Criteria><item title="Modulation" value="MCS9NSS1"></item><item title="Bandwidth" value="80"></item><item title="Antenna" value="1"></item><item title="Channel" value="149"></item><item title="RfIcTemperature" value="60"></item><item title="CpuTemperature" value="62"></item><item title="ExpectedPower" value="24"></item><item title="EVM" Max="-32" Min="-100"></item><item title="FREQERR" Max="15" Min="-15"></item><item title="SYMCLOCKERR" Max="20" Min="-100"></item><item title="POWER" Max="25,5" Min="22,5" Avg="24"></item><item title="LOLEAKAGE" Max="-17" Min="-100"></item><item title="SPECTRUMMASK" Max="100" Min="0"></item><item title="SPECTRUMMARGIN" Max="1000" Min="0"></item></Criteria><Record><item title="Modulation" value="MCS9NSS1"></item><item title="Bandwidth" value="80"></item><item title="Channel" value="149"></item><item title="Antenna" value="1"></item><item title="ExpectedPower" value="24"></item><item title="Power" value="24"></item><item title="TestType" value="Tx"></item><item title="EVM" value="-23,931" result="FAIL"></item><item title="FREQERR" value="-2,78092" result="PASS"></item><item title="SYMCLOCKERR" value="0,760411" result="PASS"></item><item title="POWER" value="23,0786" result="PASS"></item><item title="LOLEAKAGE" value="-44,8366" result="PASS"></item><item title="SPECTRUMMASK" value="3,83715" result="PASS"></item><item title="SPECTRUMMARGIN" value="3,83715" result="PASS"></item></Record><Criteria><item title="Modulation" value="MCS9NSS1"></item><item title="Bandwidth" value="80"></item><item title="Antenna" value="1"></item><item title="Channel" value="149"></item><item title="RfIcTemperature" value="60"></item><item title="CpuTemperature" value="62"></item><item title="ExpectedPower" value="25"></item><item title="EVM" Max="-32" Min="-100"></item><item title="FREQERR" Max="15" Min="-15"></item><item title="SYMCLOCKERR" Max="20" Min="-100"></item><item title="POWER" Max="26,5" Min="23,5" Avg="25"></item><item title="LOLEAKAGE" Max="-17" Min="-100"></item><item title="SPECTRUMMASK" Max="100" Min="0"></item><item title="SPECTRUMMARGIN" Max="1000" Min="0"></item></Criteria><Record><item title="Modulation" value="MCS9NSS1"></item><item title="Bandwidth" value="80"></item><item title="Channel" value="149"></item><item title="Antenna" value="1"></item><item title="ExpectedPower" value="25"></item><item title="Power" value="25"></item><item title="TestType" value="Tx"></item><item title="EVM" value="-22,6941" result="FAIL"></item><item title="FREQERR" value="-2,80091" result="PASS"></item><item title="SYMCLOCKERR" value="-0,965665" result="PASS"></item><item title="POWER" value="24,2899" result="PASS"></item><item title="LOLEAKAGE" value="-39,9626" result="PASS"></item><item title="SPECTRUMMASK" value="-2,00925" result="FAIL"></item><item title="SPECTRUMMARGIN" value="-2,00925" result="FAIL"></item></Record><Criteria><item title="Modulation" value="MCS9NSS1"></item><item title="Bandwidth" value="80"></item><item title="Antenna" value="2"></item><item title="Channel" value="149"></item><item title="RfIcTemperature" value="60"></item><item title="CpuTemperature" value="62"></item><item title="ExpectedPower" value="10"></item><item title="EVM" Max="-32" Min="-100"></item><item title="FREQERR" Max="15" Min="-15"></item><item title="SYMCLOCKERR" Max="20" Min="-100"></item><item title="POWER" Max="11,5" Min="8,5" Avg="10"></item><item title="LOLEAKAGE" Max="-17" Min="-100"></item><item title="SPECTRUMMASK" Max="100" Min="0"></item><item title="SPECTRUMMARGIN" Max="1000" Min="0"></item></Criteria><Record><item title="Modulation" value="MCS9NSS1"></item><item title="Bandwidth" value="80"></item><item title="Channel" value="149"></item><item title="Antenna" value="2"></item><item title="ExpectedPower" value="10"></item><item title="Power" value="10"></item><item title="TestType" value="Tx"></item><item title="EVM" value="-37,3691" result="PASS"></item><item title="FREQERR" value="-2,77608" result="PASS"></item><item title="SYMCLOCKERR" value="-3,50353" result="PASS"></item><item title="POWER" value="9,54207" result="PASS"></item><item title="LOLEAKAGE" value="-29,471" result="PASS"></item><item title="SPECTRUMMASK" value="16,1067" result="PASS"></item><item title="SPECTRUMMARGIN" value="16,1067" result="PASS"></item></Record><Criteria><item title="Modulation" value="MCS9NSS1"></item><item title="Bandwidth" value="80"></item><item title="Antenna" value="2"></item><item title="Channel" value="149"></item><item title="RfIcTemperature" value="60"></item><item title="CpuTemperature" value="62"></item><item title="ExpectedPower" value="11"></item><item title="EVM" Max="-32" Min="-100"></item><item title="FREQERR" Max="15" Min="-15"></item><item title="SYMCLOCKERR" Max="20" Min="-100"></item><item title="POWER" Max="12,5" Min="9,5" Avg="11"></item><item title="LOLEAKAGE" Max="-17" Min="-100"></item><item title="SPECTRUMMASK" Max="100" Min="0"></item><item title="SPECTRUMMARGIN" Max="1000" Min="0"></item></Criteria><Record><item title="Modulation" value="MCS9NSS1"></item><item title="Bandwidth" value="80"></item><item title="Channel" value="149"></item><item title="Antenna" value="2"></item><item title="ExpectedPower" value="11"></item><item title="Power" value="11"></item><item title="TestType" value="Tx"></item><item title="EVM" value="-37,9343" result="PASS"></item><item title="FREQERR" value="-2,76408" result="PASS"></item><item title="SYMCLOCKERR" value="-2,24815" result="PASS"></item><item title="POWER" value="10,7255" result="PASS"></item><item title="LOLEAKAGE" value="-30,6313" result="PASS"></item><item title="SPECTRUMMASK" value="15,9151" result="PASS"></item><item title="SPECTRUMMARGIN" value="15,9151" result="PASS"></item></Record><Criteria><item title="Modulation" value="MCS9NSS1"></item><item title="Bandwidth" value="80"></item><item title="Antenna" value="2"></item><item title="Channel" value="149"></item><item title="RfIcTemperature" value="60"></item><item title="CpuTemperature" value="62"></item><item title="ExpectedPower" value="12"></item><item title="EVM" Max="-32" Min="-100"></item><item title="FREQERR" Max="15" Min="-15"></item><item title="SYMCLOCKERR" Max="20" Min="-100"></item><item title="POWER" Max="13,5" Min="10,5" Avg="12"></item><item title="LOLEAKAGE" Max="-17" Min="-100"></item><item title="SPECTRUMMASK" Max="100" Min="0"></item><item title="SPECTRUMMARGIN" Max="1000" Min="0"></item></Criteria><Record><item title="Modulation" value="MCS9NSS1"></item><item title="Bandwidth" value="80"></item><item title="Channel" value="149"></item><item title="Antenna" value="2"></item><item title="ExpectedPower" value="12"></item><item title="Power" value="12"></item><item title="TestType" value="Tx"></item><item title="EVM" value="-37,0959" result="PASS"></item><item title="FREQERR" value="-2,78569" result="PASS"></item><item title="SYMCLOCKERR" value="-3,79718" result="PASS"></item><item title="POWER" value="11,4907" result="PASS"></item><item title="LOLEAKAGE" value="-30,6289" result="PASS"></item><item title="SPECTRUMMASK" value="15,8318" result="PASS"></item><item title="SPECTRUMMARGIN" value="15,8318" result="PASS"></item></Record><Criteria><item title="Modulation" value="MCS9NSS1"></item><item title="Bandwidth" value="80"></item><item title="Antenna" value="2"></item><item title="Channel" value="149"></item><item title="RfIcTemperature" value="60"></item><item title="CpuTemperature" value="62"></item><item title="ExpectedPower" value="13"></item><item title="EVM" Max="-32" Min="-100"></item><item title="FREQERR" Max="15" Min="-15"></item><item title="SYMCLOCKERR" Max="20" Min="-100"></item><item title="POWER" Max="14,5" Min="11,5" Avg="13"></item><item title="LOLEAKAGE" Max="-17" Min="-100"></item><item title="SPECTRUMMASK" Max="100" Min="0"></item><item title="SPECTRUMMARGIN" Max="1000" Min="0"></item></Criteria><Record><item title="Modulation" value="MCS9NSS1"></item><item title="Bandwidth" value="80"></item><item title="Channel" value="149"></item><item title="Antenna" value="2"></item><item title="ExpectedPower" value="13"></item><item title="Power" value="13"></item><item title="TestType" value="Tx"></item><item title="EVM" value="-37,5531" result="PASS"></item><item title="FREQERR" value="-2,77286" result="PASS"></item><item title="SYMCLOCKERR" value="-3,65593" result="PASS"></item><item title="POWER" value="12,3557" result="PASS"></item><item title="LOLEAKAGE" value="-30,0243" result="PASS"></item><item title="SPECTRUMMASK" value="16,5329" result="PASS"></item><item title="SPECTRUMMARGIN" value="16,5329" result="PASS"></item></Record><Criteria><item title="Modulation" value="MCS9NSS1"></item><item title="Bandwidth" value="80"></item><item title="Antenna" value="2"></item><item title="Channel" value="149"></item><item title="RfIcTemperature" value="60"></item><item title="CpuTemperature" value="62"></item><item title="ExpectedPower" value="14"></item><item title="EVM" Max="-32" Min="-100"></item><item title="FREQERR" Max="15" Min="-15"></item><item title="SYMCLOCKERR" Max="20" Min="-100"></item><item title="POWER" Max="15,5" Min="12,5" Avg="14"></item><item title="LOLEAKAGE" Max="-17" Min="-100"></item><item title="SPECTRUMMASK" Max="100" Min="0"></item><item title="SPECTRUMMARGIN" Max="1000" Min="0"></item></Criteria><Record><item title="Modulation" value="MCS9NSS1"></item><item title="Bandwidth" value="80"></item><item title="Channel" value="149"></item><item title="Antenna" value="2"></item><item title="ExpectedPower" value="14"></item><item title="Power" value="14"></item><item title="TestType" value="Tx"></item><item title="EVM" value="-35,7023" result="PASS"></item><item title="FREQERR" value="-2,77188" result="PASS"></item><item title="SYMCLOCKERR" value="-2,85669" result="PASS"></item><item title="POWER" value="13,6894" result="PASS"></item><item title="LOLEAKAGE" value="-33,022" result="PASS"></item><item title="SPECTRUMMASK" value="16,4914" result="PASS"></item><item title="SPECTRUMMARGIN" value="16,4914" result="PASS"></item></Record><Criteria><item title="Modulation" value="MCS9NSS1"></item><item title="Bandwidth" value="80"></item><item title="Antenna" value="2"></item><item title="Channel" value="149"></item><item title="RfIcTemperature" value="60"></item><item title="CpuTemperature" value="62"></item><item title="ExpectedPower" value="15"></item><item title="EVM" Max="-32" Min="-100"></item><item title="FREQERR" Max="15" Min="-15"></item><item title="SYMCLOCKERR" Max="20" Min="-100"></item><item title="POWER" Max="16,5" Min="13,5" Avg="15"></item><item title="LOLEAKAGE" Max="-17" Min="-100"></item><item title="SPECTRUMMASK" Max="100" Min="0"></item><item title="SPECTRUMMARGIN" Max="1000" Min="0"></item></Criteria><Record><item title="Modulation" value="MCS9NSS1"></item><item title="Bandwidth" value="80"></item><item title="Channel" value="149"></item><item title="Antenna" value="2"></item><item title="ExpectedPower" value="15"></item><item title="Power" value="15"></item><item title="TestType" value="Tx"></item><item title="EVM" value="-37,7972" result="PASS"></item><item title="FREQERR" value="-2,78557" result="PASS"></item><item title="SYMCLOCKERR" value="-3,21786" result="PASS"></item><item title="POWER" value="14,7407" result="PASS"></item><item title="LOLEAKAGE" value="-31,5219" result="PASS"></item><item title="SPECTRUMMASK" value="16,0398" result="PASS"></item><item title="SPECTRUMMARGIN" value="16,0398" result="PASS"></item></Record><Criteria><item title="Modulation" value="MCS9NSS1"></item><item title="Bandwidth" value="80"></item><item title="Antenna" value="2"></item><item title="Channel" value="149"></item><item title="RfIcTemperature" value="60"></item><item title="CpuTemperature" value="62"></item><item title="ExpectedPower" value="16"></item><item title="EVM" Max="-32" Min="-100"></item><item title="FREQERR" Max="15" Min="-15"></item><item title="SYMCLOCKERR" Max="20" Min="-100"></item><item title="POWER" Max="17,5" Min="14,5" Avg="16"></item><item title="LOLEAKAGE" Max="-17" Min="-100"></item><item title="SPECTRUMMASK" Max="100" Min="0"></item><item title="SPECTRUMMARGIN" Max="1000" Min="0"></item></Criteria><Record><item title="Modulation" value="MCS9NSS1"></item><item title="Bandwidth" value="80"></item><item title="Channel" value="149"></item><item title="Antenna" value="2"></item><item title="ExpectedPower" value="16"></item><item title="Power" value="16"></item><item title="TestType" value="Tx"></item><item title="EVM" value="-35,5198" result="PASS"></item><item title="FREQERR" value="-2,78336" result="PASS"></item><item title="SYMCLOCKERR" value="-3,61649" result="PASS"></item><item title="POWER" value="15,6306" result="PASS"></item><item title="LOLEAKAGE" value="-32,9598" result="PASS"></item><item title="SPECTRUMMASK" value="17,2717" result="PASS"></item><item title="SPECTRUMMARGIN" value="17,2717" result="PASS"></item></Record><Criteria><item title="Modulation" value="MCS9NSS1"></item><item title="Bandwidth" value="80"></item><item title="Antenna" value="2"></item><item title="Channel" value="149"></item><item title="RfIcTemperature" value="60"></item><item title="CpuTemperature" value="62"></item><item title="ExpectedPower" value="17"></item><item title="EVM" Max="-32" Min="-100"></item><item title="FREQERR" Max="15" Min="-15"></item><item title="SYMCLOCKERR" Max="20" Min="-100"></item><item title="POWER" Max="18,5" Min="15,5" Avg="17"></item><item title="LOLEAKAGE" Max="-17" Min="-100"></item><item title="SPECTRUMMASK" Max="100" Min="0"></item><item title="SPECTRUMMARGIN" Max="1000" Min="0"></item></Criteria><Record><item title="Modulation" value="MCS9NSS1"></item><item title="Bandwidth" value="80"></item><item title="Channel" value="149"></item><item title="Antenna" value="2"></item><item title="ExpectedPower" value="17"></item><item title="Power" value="17"></item><item title="TestType" value="Tx"></item><item title="EVM" value="-36,8885" result="PASS"></item><item title="FREQERR" value="-2,778" result="PASS"></item><item title="SYMCLOCKERR" value="-3,61267" result="PASS"></item><item title="POWER" value="16,6647" result="PASS"></item><item title="LOLEAKAGE" value="-36,6209" result="PASS"></item><item title="SPECTRUMMASK" value="17,6345" result="PASS"></item><item title="SPECTRUMMARGIN" value="17,6345" result="PASS"></item></Record><Criteria><item title="Modulation" value="MCS9NSS1"></item><item title="Bandwidth" value="80"></item><item title="Antenna" value="2"></item><item title="Channel" value="149"></item><item title="RfIcTemperature" value="60"></item><item title="CpuTemperature" value="62"></item><item title="ExpectedPower" value="18"></item><item title="EVM" Max="-32" Min="-100"></item><item title="FREQERR" Max="15" Min="-15"></item><item title="SYMCLOCKERR" Max="20" Min="-100"></item><item title="POWER" Max="19,5" Min="16,5" Avg="18"></item><item title="LOLEAKAGE" Max="-17" Min="-100"></item><item title="SPECTRUMMASK" Max="100" Min="0"></item><item title="SPECTRUMMARGIN" Max="1000" Min="0"></item></Criteria><Record><item title="Modulation" value="MCS9NSS1"></item><item title="Bandwidth" value="80"></item><item title="Channel" value="149"></item><item title="Antenna" value="2"></item><item title="ExpectedPower" value="18"></item><item title="Power" value="18"></item><item title="TestType" value="Tx"></item><item title="EVM" value="-35,9159" result="PASS"></item><item title="FREQERR" value="-2,78433" result="PASS"></item><item title="SYMCLOCKERR" value="-2,91784" result="PASS"></item><item title="POWER" value="17,6611" result="PASS"></item><item title="LOLEAKAGE" value="-35,6582" result="PASS"></item><item title="SPECTRUMMASK" value="16,0212" result="PASS"></item><item title="SPECTRUMMARGIN" value="16,0212" result="PASS"></item></Record><Criteria><item title="Modulation" value="MCS9NSS1"></item><item title="Bandwidth" value="80"></item><item title="Antenna" value="2"></item><item title="Channel" value="149"></item><item title="RfIcTemperature" value="60"></item><item title="CpuTemperature" value="62"></item><item title="ExpectedPower" value="19"></item><item title="EVM" Max="-32" Min="-100"></item><item title="FREQERR" Max="15" Min="-15"></item><item title="SYMCLOCKERR" Max="20" Min="-100"></item><item title="POWER" Max="20,5" Min="17,5" Avg="19"></item><item title="LOLEAKAGE" Max="-17" Min="-100"></item><item title="SPECTRUMMASK" Max="100" Min="0"></item><item title="SPECTRUMMARGIN" Max="1000" Min="0"></item></Criteria><Record><item title="Modulation" value="MCS9NSS1"></item><item title="Bandwidth" value="80"></item><item title="Channel" value="149"></item><item title="Antenna" value="2"></item><item title="ExpectedPower" value="19"></item><item title="Power" value="19"></item><item title="TestType" value="Tx"></item><item title="EVM" value="-34,6903" result="PASS"></item><item title="FREQERR" value="-2,78341" result="PASS"></item><item title="SYMCLOCKERR" value="-3,34272" result="PASS"></item><item title="POWER" value="18,5566" result="PASS"></item><item title="LOLEAKAGE" value="-38,6103" result="PASS"></item><item title="SPECTRUMMASK" value="15,1526" result="PASS"></item><item title="SPECTRUMMARGIN" value="15,1526" result="PASS"></item></Record><Criteria><item title="Modulation" value="MCS9NSS1"></item><item title="Bandwidth" value="80"></item><item title="Antenna" value="2"></item><item title="Channel" value="149"></item><item title="RfIcTemperature" value="60"></item><item title="CpuTemperature" value="62"></item><item title="ExpectedPower" value="20"></item><item title="EVM" Max="-32" Min="-100"></item><item title="FREQERR" Max="15" Min="-15"></item><item title="SYMCLOCKERR" Max="20" Min="-100"></item><item title="POWER" Max="21,5" Min="18,5" Avg="20"></item><item title="LOLEAKAGE" Max="-17" Min="-100"></item><item title="SPECTRUMMASK" Max="100" Min="0"></item><item title="SPECTRUMMARGIN" Max="1000" Min="0"></item></Criteria><Record><item title="Modulation" value="MCS9NSS1"></item><item title="Bandwidth" value="80"></item><item title="Channel" value="149"></item><item title="Antenna" value="2"></item><item title="ExpectedPower" value="20"></item><item title="Power" value="20"></item><item title="TestType" value="Tx"></item><item title="EVM" value="-35,1505" result="PASS"></item><item title="FREQERR" value="-2,78437" result="PASS"></item><item title="SYMCLOCKERR" value="-3,591" result="PASS"></item><item title="POWER" value="19,7565" result="PASS"></item><item title="LOLEAKAGE" value="-39,9364" result="PASS"></item><item title="SPECTRUMMASK" value="16,0914" result="PASS"></item><item title="SPECTRUMMARGIN" value="16,0914" result="PASS"></item></Record><Criteria><item title="Modulation" value="MCS9NSS1"></item><item title="Bandwidth" value="80"></item><item title="Antenna" value="2"></item><item title="Channel" value="149"></item><item title="RfIcTemperature" value="60"></item><item title="CpuTemperature" value="62"></item><item title="ExpectedPower" value="21"></item><item title="EVM" Max="-32" Min="-100"></item><item title="FREQERR" Max="15" Min="-15"></item><item title="SYMCLOCKERR" Max="20" Min="-100"></item><item title="POWER" Max="22,5" Min="19,5" Avg="21"></item><item title="LOLEAKAGE" Max="-17" Min="-100"></item><item title="SPECTRUMMASK" Max="100" Min="0"></item><item title="SPECTRUMMARGIN" Max="1000" Min="0"></item></Criteria><Record><item title="Modulation" value="MCS9NSS1"></item><item title="Bandwidth" value="80"></item><item title="Channel" value="149"></item><item title="Antenna" value="2"></item><item title="ExpectedPower" value="21"></item><item title="Power" value="21"></item><item title="TestType" value="Tx"></item><item title="EVM" value="-32,8137" result="PASS"></item><item title="FREQERR" value="-2,78374" result="PASS"></item><item title="SYMCLOCKERR" value="-1,96313" result="PASS"></item><item title="POWER" value="20,7402" result="PASS"></item><item title="LOLEAKAGE" value="-43,8665" result="PASS"></item><item title="SPECTRUMMASK" value="14,7713" result="PASS"></item><item title="SPECTRUMMARGIN" value="14,7713" result="PASS"></item></Record><Criteria><item title="Modulation" value="MCS9NSS1"></item><item title="Bandwidth" value="80"></item><item title="Antenna" value="2"></item><item title="Channel" value="149"></item><item title="RfIcTemperature" value="60"></item><item title="CpuTemperature" value="62"></item><item title="ExpectedPower" value="22"></item><item title="EVM" Max="-32" Min="-100"></item><item title="FREQERR" Max="15" Min="-15"></item><item title="SYMCLOCKERR" Max="20" Min="-100"></item><item title="POWER" Max="23,5" Min="20,5" Avg="22"></item><item title="LOLEAKAGE" Max="-17" Min="-100"></item><item title="SPECTRUMMASK" Max="100" Min="0"></item><item title="SPECTRUMMARGIN" Max="1000" Min="0"></item></Criteria><Record><item title="Modulation" value="MCS9NSS1"></item><item title="Bandwidth" value="80"></item><item title="Channel" value="149"></item><item title="Antenna" value="2"></item><item title="ExpectedPower" value="22"></item><item title="Power" value="22"></item><item title="TestType" value="Tx"></item><item title="EVM" value="-28,8338" result="FAIL"></item><item title="FREQERR" value="-2,80946" result="PASS"></item><item title="SYMCLOCKERR" value="-1,69057" result="PASS"></item><item title="POWER" value="21,877" result="PASS"></item><item title="LOLEAKAGE" value="-47,6391" result="PASS"></item><item title="SPECTRUMMASK" value="11,0149" result="PASS"></item><item title="SPECTRUMMARGIN" value="11,0149" result="PASS"></item></Record><Criteria><item title="Modulation" value="MCS9NSS1"></item><item title="Bandwidth" value="80"></item><item title="Antenna" value="2"></item><item title="Channel" value="149"></item><item title="RfIcTemperature" value="60"></item><item title="CpuTemperature" value="62"></item><item title="ExpectedPower" value="23"></item><item title="EVM" Max="-32" Min="-100"></item><item title="FREQERR" Max="15" Min="-15"></item><item title="SYMCLOCKERR" Max="20" Min="-100"></item><item title="POWER" Max="24,5" Min="21,5" Avg="23"></item><item title="LOLEAKAGE" Max="-17" Min="-100"></item><item title="SPECTRUMMASK" Max="100" Min="0"></item><item title="SPECTRUMMARGIN" Max="1000" Min="0"></item></Criteria><Record><item title="Modulation" value="MCS9NSS1"></item><item title="Bandwidth" value="80"></item><item title="Channel" value="149"></item><item title="Antenna" value="2"></item><item title="ExpectedPower" value="23"></item><item title="Power" value="23"></item><item title="TestType" value="Tx"></item><item title="EVM" value="-26,2445" result="FAIL"></item><item title="FREQERR" value="-2,77557" result="PASS"></item><item title="SYMCLOCKERR" value="-0,690563" result="PASS"></item><item title="POWER" value="22,8501" result="PASS"></item><item title="LOLEAKAGE" value="-47,5988" result="PASS"></item><item title="SPECTRUMMASK" value="8,06367" result="PASS"></item><item title="SPECTRUMMARGIN" value="8,06367" result="PASS"></item></Record><Criteria><item title="Modulation" value="MCS9NSS1"></item><item title="Bandwidth" value="80"></item><item title="Antenna" value="2"></item><item title="Channel" value="149"></item><item title="RfIcTemperature" value="60"></item><item title="CpuTemperature" value="62"></item><item title="ExpectedPower" value="24"></item><item title="EVM" Max="-32" Min="-100"></item><item title="FREQERR" Max="15" Min="-15"></item><item title="SYMCLOCKERR" Max="20" Min="-100"></item><item title="POWER" Max="25,5" Min="22,5" Avg="24"></item><item title="LOLEAKAGE" Max="-17" Min="-100"></item><item title="SPECTRUMMASK" Max="100" Min="0"></item><item title="SPECTRUMMARGIN" Max="1000" Min="0"></item></Criteria><Record><item title="Modulation" value="MCS9NSS1"></item><item title="Bandwidth" value="80"></item><item title="Channel" value="149"></item><item title="Antenna" value="2"></item><item title="ExpectedPower" value="24"></item><item title="Power" value="24"></item><item title="TestType" value="Tx"></item><item title="EVM" value="-23,7659" result="FAIL"></item><item title="FREQERR" value="-2,78896" result="PASS"></item><item title="SYMCLOCKERR" value="-3,15173" result="PASS"></item><item title="POWER" value="23,8473" result="PASS"></item><item title="LOLEAKAGE" value="-49,8315" result="PASS"></item><item title="SPECTRUMMASK" value="3,5452" result="PASS"></item><item title="SPECTRUMMARGIN" value="3,5452" result="PASS"></item></Record><Criteria><item title="Modulation" value="MCS9NSS1"></item><item title="Bandwidth" value="80"></item><item title="Antenna" value="2"></item><item title="Channel" value="149"></item><item title="RfIcTemperature" value="60"></item><item title="CpuTemperature" value="62"></item><item title="ExpectedPower" value="25"></item><item title="EVM" Max="-32" Min="-100"></item><item title="FREQERR" Max="15" Min="-15"></item><item title="SYMCLOCKERR" Max="20" Min="-100"></item><item title="POWER" Max="26,5" Min="23,5" Avg="25"></item><item title="LOLEAKAGE" Max="-17" Min="-100"></item><item title="SPECTRUMMASK" Max="100" Min="0"></item><item title="SPECTRUMMARGIN" Max="1000" Min="0"></item></Criteria><Record><item title="Modulation" value="MCS9NSS1"></item><item title="Bandwidth" value="80"></item><item title="Channel" value="149"></item><item title="Antenna" value="2"></item><item title="ExpectedPower" value="25"></item><item title="Power" value="25"></item><item title="TestType" value="Tx"></item><item title="EVM" value="-22,9873" result="FAIL"></item><item title="FREQERR" value="-2,7767" result="PASS"></item><item title="SYMCLOCKERR" value="-6,26366" result="PASS"></item><item title="POWER" value="24,8357" result="PASS"></item><item title="LOLEAKAGE" value="-47,2769" result="PASS"></item><item title="SPECTRUMMASK" value="0,446434" result="PASS"></item><item title="SPECTRUMMARGIN" value="0,446434" result="PASS"></item></Record><Criteria><item title="Modulation" value="MCS9NSS1"></item><item title="Bandwidth" value="80"></item><item title="Antenna" value="3"></item><item title="Channel" value="149"></item><item title="RfIcTemperature" value="60"></item><item title="CpuTemperature" value="62"></item><item title="ExpectedPower" value="10"></item><item title="EVM" Max="-32" Min="-100"></item><item title="FREQERR" Max="15" Min="-15"></item><item title="SYMCLOCKERR" Max="20" Min="-100"></item><item title="POWER" Max="11,5" Min="8,5" Avg="10"></item><item title="LOLEAKAGE" Max="-17" Min="-100"></item><item title="SPECTRUMMASK" Max="100" Min="0"></item><item title="SPECTRUMMARGIN" Max="1000" Min="0"></item></Criteria><Record><item title="Modulation" value="MCS9NSS1"></item><item title="Bandwidth" value="80"></item><item title="Channel" value="149"></item><item title="Antenna" value="3"></item><item title="ExpectedPower" value="10"></item><item title="Power" value="10"></item><item title="TestType" value="Tx"></item><item title="EVM" value="-38,1894" result="PASS"></item><item title="FREQERR" value="-2,78768" result="PASS"></item><item title="SYMCLOCKERR" value="-2,7248" result="PASS"></item><item title="POWER" value="9,43574" result="PASS"></item><item title="LOLEAKAGE" value="-28,744" result="PASS"></item><item title="SPECTRUMMASK" value="16,0712" result="PASS"></item><item title="SPECTRUMMARGIN" value="16,0712" result="PASS"></item></Record><Criteria><item title="Modulation" value="MCS9NSS1"></item><item title="Bandwidth" value="80"></item><item title="Antenna" value="3"></item><item title="Channel" value="149"></item><item title="RfIcTemperature" value="60"></item><item title="CpuTemperature" value="62"></item><item title="ExpectedPower" value="11"></item><item title="EVM" Max="-32" Min="-100"></item><item title="FREQERR" Max="15" Min="-15"></item><item title="SYMCLOCKERR" Max="20" Min="-100"></item><item title="POWER" Max="12,5" Min="9,5" Avg="11"></item><item title="LOLEAKAGE" Max="-17" Min="-100"></item><item title="SPECTRUMMASK" Max="100" Min="0"></item><item title="SPECTRUMMARGIN" Max="1000" Min="0"></item></Criteria><Record><item title="Modulation" value="MCS9NSS1"></item><item title="Bandwidth" value="80"></item><item title="Channel" value="149"></item><item title="Antenna" value="3"></item><item title="ExpectedPower" value="11"></item><item title="Power" value="11"></item><item title="TestType" value="Tx"></item><item title="EVM" value="-36,4052" result="PASS"></item><item title="FREQERR" value="-2,77226" result="PASS"></item><item title="SYMCLOCKERR" value="-2,73144" result="PASS"></item><item title="POWER" value="10,6061" result="PASS"></item><item title="LOLEAKAGE" value="-29,1414" result="PASS"></item><item title="SPECTRUMMASK" value="17,7335" result="PASS"></item><item title="SPECTRUMMARGIN" value="17,7335" result="PASS"></item></Record><Criteria><item title="Modulation" value="MCS9NSS1"></item><item title="Bandwidth" value="80"></item><item title="Antenna" value="3"></item><item title="Channel" value="149"></item><item title="RfIcTemperature" value="60"></item><item title="CpuTemperature" value="62"></item><item title="ExpectedPower" value="12"></item><item title="EVM" Max="-32" Min="-100"></item><item title="FREQERR" Max="15" Min="-15"></item><item title="SYMCLOCKERR" Max="20" Min="-100"></item><item title="POWER" Max="13,5" Min="10,5" Avg="12"></item><item title="LOLEAKAGE" Max="-17" Min="-100"></item><item title="SPECTRUMMASK" Max="100" Min="0"></item><item title="SPECTRUMMARGIN" Max="1000" Min="0"></item></Criteria><Record><item title="Modulation" value="MCS9NSS1"></item><item title="Bandwidth" value="80"></item><item title="Channel" value="149"></item><item title="Antenna" value="3"></item><item title="ExpectedPower" value="12"></item><item title="Power" value="12"></item><item title="TestType" value="Tx"></item><item title="EVM" value="-37,1613" result="PASS"></item><item title="FREQERR" value="-2,77798" result="PASS"></item><item title="SYMCLOCKERR" value="-2,9746" result="PASS"></item><item title="POWER" value="11,5027" result="PASS"></item><item title="LOLEAKAGE" value="-29,1644" result="PASS"></item><item title="SPECTRUMMASK" value="16,0122" result="PASS"></item><item title="SPECTRUMMARGIN" value="16,0122" result="PASS"></item></Record><Criteria><item title="Modulation" value="MCS9NSS1"></item><item title="Bandwidth" value="80"></item><item title="Antenna" value="3"></item><item title="Channel" value="149"></item><item title="RfIcTemperature" value="60"></item><item title="CpuTemperature" value="62"></item><item title="ExpectedPower" value="13"></item><item title="EVM" Max="-32" Min="-100"></item><item title="FREQERR" Max="15" Min="-15"></item><item title="SYMCLOCKERR" Max="20" Min="-100"></item><item title="POWER" Max="14,5" Min="11,5" Avg="13"></item><item title="LOLEAKAGE" Max="-17" Min="-100"></item><item title="SPECTRUMMASK" Max="100" Min="0"></item><item title="SPECTRUMMARGIN" Max="1000" Min="0"></item></Criteria><Record><item title="Modulation" value="MCS9NSS1"></item><item title="Bandwidth" value="80"></item><item title="Channel" value="149"></item><item title="Antenna" value="3"></item><item title="ExpectedPower" value="13"></item><item title="Power" value="13"></item><item title="TestType" value="Tx"></item><item title="EVM" value="-38,8162" result="PASS"></item><item title="FREQERR" value="-2,78445" result="PASS"></item><item title="SYMCLOCKERR" value="-2,25145" result="PASS"></item><item title="POWER" value="12,4548" result="PASS"></item><item title="LOLEAKAGE" value="-28,7642" result="PASS"></item><item title="SPECTRUMMASK" value="17,4918" result="PASS"></item><item title="SPECTRUMMARGIN" value="17,4918" result="PASS"></item></Record><Criteria><item title="Modulation" value="MCS9NSS1"></item><item title="Bandwidth" value="80"></item><item title="Antenna" value="3"></item><item title="Channel" value="149"></item><item title="RfIcTemperature" value="60"></item><item title="CpuTemperature" value="62"></item><item title="ExpectedPower" value="14"></item><item title="EVM" Max="-32" Min="-100"></item><item title="FREQERR" Max="15" Min="-15"></item><item title="SYMCLOCKERR" Max="20" Min="-100"></item><item title="POWER" Max="15,5" Min="12,5" Avg="14"></item><item title="LOLEAKAGE" Max="-17" Min="-100"></item><item title="SPECTRUMMASK" Max="100" Min="0"></item><item title="SPECTRUMMARGIN" Max="1000" Min="0"></item></Criteria><Record><item title="Modulation" value="MCS9NSS1"></item><item title="Bandwidth" value="80"></item><item title="Channel" value="149"></item><item title="Antenna" value="3"></item><item title="ExpectedPower" value="14"></item><item title="Power" value="14"></item><item title="TestType" value="Tx"></item><item title="EVM" value="-37,8731" result="PASS"></item><item title="FREQERR" value="-2,77192" result="PASS"></item><item title="SYMCLOCKERR" value="-2,95409" result="PASS"></item><item title="POWER" value="13,7795" result="PASS"></item><item title="LOLEAKAGE" value="-30,8805" result="PASS"></item><item title="SPECTRUMMASK" value="16,2086" result="PASS"></item><item title="SPECTRUMMARGIN" value="16,2086" result="PASS"></item></Record><Criteria><item title="Modulation" value="MCS9NSS1"></item><item title="Bandwidth" value="80"></item><item title="Antenna" value="3"></item><item title="Channel" value="149"></item><item title="RfIcTemperature" value="60"></item><item title="CpuTemperature" value="62"></item><item title="ExpectedPower" value="15"></item><item title="EVM" Max="-32" Min="-100"></item><item title="FREQERR" Max="15" Min="-15"></item><item title="SYMCLOCKERR" Max="20" Min="-100"></item><item title="POWER" Max="16,5" Min="13,5" Avg="15"></item><item title="LOLEAKAGE" Max="-17" Min="-100"></item><item title="SPECTRUMMASK" Max="100" Min="0"></item><item title="SPECTRUMMARGIN" Max="1000" Min="0"></item></Criteria><Record><item title="Modulation" value="MCS9NSS1"></item><item title="Bandwidth" value="80"></item><item title="Channel" value="149"></item><item title="Antenna" value="3"></item><item title="ExpectedPower" value="15"></item><item title="Power" value="15"></item><item title="TestType" value="Tx"></item><item title="EVM" value="-36,6741" result="PASS"></item><item title="FREQERR" value="-2,77688" result="PASS"></item><item title="SYMCLOCKERR" value="-2,33649" result="PASS"></item><item title="POWER" value="14,9203" result="PASS"></item><item title="LOLEAKAGE" value="-30,9903" result="PASS"></item><item title="SPECTRUMMASK" value="16,1613" result="PASS"></item><item title="SPECTRUMMARGIN" value="16,1613" result="PASS"></item></Record><Criteria><item title="Modulation" value="MCS9NSS1"></item><item title="Bandwidth" value="80"></item><item title="Antenna" value="3"></item><item title="Channel" value="149"></item><item title="RfIcTemperature" value="60"></item><item title="CpuTemperature" value="62"></item><item title="ExpectedPower" value="16"></item><item title="EVM" Max="-32" Min="-100"></item><item title="FREQERR" Max="15" Min="-15"></item><item title="SYMCLOCKERR" Max="20" Min="-100"></item><item title="POWER" Max="17,5" Min="14,5" Avg="16"></item><item title="LOLEAKAGE" Max="-17" Min="-100"></item><item title="SPECTRUMMASK" Max="100" Min="0"></item><item title="SPECTRUMMARGIN" Max="1000" Min="0"></item></Criteria><Record><item title="Modulation" value="MCS9NSS1"></item><item title="Bandwidth" value="80"></item><item title="Channel" value="149"></item><item title="Antenna" value="3"></item><item title="ExpectedPower" value="16"></item><item title="Power" value="16"></item><item title="TestType" value="Tx"></item><item title="EVM" value="-35,5888" result="PASS"></item><item title="FREQERR" value="-2,78735" result="PASS"></item><item title="SYMCLOCKERR" value="-2,70648" result="PASS"></item><item title="POWER" value="16,0425" result="PASS"></item><item title="LOLEAKAGE" value="-32,5983" result="PASS"></item><item title="SPECTRUMMASK" value="17,9563" result="PASS"></item><item title="SPECTRUMMARGIN" value="17,9563" result="PASS"></item></Record><Criteria><item title="Modulation" value="MCS9NSS1"></item><item title="Bandwidth" value="80"></item><item title="Antenna" value="3"></item><item title="Channel" value="149"></item><item title="RfIcTemperature" value="60"></item><item title="CpuTemperature" value="62"></item><item title="ExpectedPower" value="17"></item><item title="EVM" Max="-32" Min="-100"></item><item title="FREQERR" Max="15" Min="-15"></item><item title="SYMCLOCKERR" Max="20" Min="-100"></item><item title="POWER" Max="18,5" Min="15,5" Avg="17"></item><item title="LOLEAKAGE" Max="-17" Min="-100"></item><item title="SPECTRUMMASK" Max="100" Min="0"></item><item title="SPECTRUMMARGIN" Max="1000" Min="0"></item></Criteria><Record><item title="Modulation" value="MCS9NSS1"></item><item title="Bandwidth" value="80"></item><item title="Channel" value="149"></item><item title="Antenna" value="3"></item><item title="ExpectedPower" value="17"></item><item title="Power" value="17"></item><item title="TestType" value="Tx"></item><item title="EVM" value="-35,5186" result="PASS"></item><item title="FREQERR" value="-2,78409" result="PASS"></item><item title="SYMCLOCKERR" value="-2,44831" result="PASS"></item><item title="POWER" value="16,9785" result="PASS"></item><item title="LOLEAKAGE" value="-36,8128" result="PASS"></item><item title="SPECTRUMMASK" value="16,5792" result="PASS"></item><item title="SPECTRUMMARGIN" value="16,5792" result="PASS"></item></Record><Criteria><item title="Modulation" value="MCS9NSS1"></item><item title="Bandwidth" value="80"></item><item title="Antenna" value="3"></item><item title="Channel" value="149"></item><item title="RfIcTemperature" value="60"></item><item title="CpuTemperature" value="62"></item><item title="ExpectedPower" value="18"></item><item title="EVM" Max="-32" Min="-100"></item><item title="FREQERR" Max="15" Min="-15"></item><item title="SYMCLOCKERR" Max="20" Min="-100"></item><item title="POWER" Max="19,5" Min="16,5" Avg="18"></item><item title="LOLEAKAGE" Max="-17" Min="-100"></item><item title="SPECTRUMMASK" Max="100" Min="0"></item><item title="SPECTRUMMARGIN" Max="1000" Min="0"></item></Criteria><Record><item title="Modulation" value="MCS9NSS1"></item><item title="Bandwidth" value="80"></item><item title="Channel" value="149"></item><item title="Antenna" value="3"></item><item title="ExpectedPower" value="18"></item><item title="Power" value="18"></item><item title="TestType" value="Tx"></item><item title="EVM" value="-37,5324" result="PASS"></item><item title="FREQERR" value="-2,77887" result="PASS"></item><item title="SYMCLOCKERR" value="-2,83681" result="PASS"></item><item title="POWER" value="17,9229" result="PASS"></item><item title="LOLEAKAGE" value="-35,4275" result="PASS"></item><item title="SPECTRUMMASK" value="17,3651" result="PASS"></item><item title="SPECTRUMMARGIN" value="17,3651" result="PASS"></item></Record><Criteria><item title="Modulation" value="MCS9NSS1"></item><item title="Bandwidth" value="80"></item><item title="Antenna" value="3"></item><item title="Channel" value="149"></item><item title="RfIcTemperature" value="60"></item><item title="CpuTemperature" value="62"></item><item title="ExpectedPower" value="19"></item><item title="EVM" Max="-32" Min="-100"></item><item title="FREQERR" Max="15" Min="-15"></item><item title="SYMCLOCKERR" Max="20" Min="-100"></item><item title="POWER" Max="20,5" Min="17,5" Avg="19"></item><item title="LOLEAKAGE" Max="-17" Min="-100"></item><item title="SPECTRUMMASK" Max="100" Min="0"></item><item title="SPECTRUMMARGIN" Max="1000" Min="0"></item></Criteria><Record><item title="Modulation" value="MCS9NSS1"></item><item title="Bandwidth" value="80"></item><item title="Channel" value="149"></item><item title="Antenna" value="3"></item><item title="ExpectedPower" value="19"></item><item title="Power" value="19"></item><item title="TestType" value="Tx"></item><item title="EVM" value="-35,2017" result="PASS"></item><item title="FREQERR" value="-2,78062" result="PASS"></item><item title="SYMCLOCKERR" value="-2,55471" result="PASS"></item><item title="POWER" value="19,0715" result="PASS"></item><item title="LOLEAKAGE" value="-38,3479" result="PASS"></item><item title="SPECTRUMMASK" value="14,3999" result="PASS"></item><item title="SPECTRUMMARGIN" value="14,3999" result="PASS"></item></Record><Criteria><item title="Modulation" value="MCS9NSS1"></item><item title="Bandwidth" value="80"></item><item title="Antenna" value="3"></item><item title="Channel" value="149"></item><item title="RfIcTemperature" value="60"></item><item title="CpuTemperature" value="62"></item><item title="ExpectedPower" value="20"></item><item title="EVM" Max="-32" Min="-100"></item><item title="FREQERR" Max="15" Min="-15"></item><item title="SYMCLOCKERR" Max="20" Min="-100"></item><item title="POWER" Max="21,5" Min="18,5" Avg="20"></item><item title="LOLEAKAGE" Max="-17" Min="-100"></item><item title="SPECTRUMMASK" Max="100" Min="0"></item><item title="SPECTRUMMARGIN" Max="1000" Min="0"></item></Criteria><Record><item title="Modulation" value="MCS9NSS1"></item><item title="Bandwidth" value="80"></item><item title="Channel" value="149"></item><item title="Antenna" value="3"></item><item title="ExpectedPower" value="20"></item><item title="Power" value="20"></item><item title="TestType" value="Tx"></item><item title="EVM" value="-32,8284" result="PASS"></item><item title="FREQERR" value="-2,77416" result="PASS"></item><item title="SYMCLOCKERR" value="-1,77506" result="PASS"></item><item title="POWER" value="20,0085" result="PASS"></item><item title="LOLEAKAGE" value="-50,4045" result="PASS"></item><item title="SPECTRUMMASK" value="14,7368" result="PASS"></item><item title="SPECTRUMMARGIN" value="14,7368" result="PASS"></item></Record><Criteria><item title="Modulation" value="MCS9NSS1"></item><item title="Bandwidth" value="80"></item><item title="Antenna" value="3"></item><item title="Channel" value="149"></item><item title="RfIcTemperature" value="60"></item><item title="CpuTemperature" value="62"></item><item title="ExpectedPower" value="21"></item><item title="EVM" Max="-32" Min="-100"></item><item title="FREQERR" Max="15" Min="-15"></item><item title="SYMCLOCKERR" Max="20" Min="-100"></item><item title="POWER" Max="22,5" Min="19,5" Avg="21"></item><item title="LOLEAKAGE" Max="-17" Min="-100"></item><item title="SPECTRUMMASK" Max="100" Min="0"></item><item title="SPECTRUMMARGIN" Max="1000" Min="0"></item></Criteria><Record><item title="Modulation" value="MCS9NSS1"></item><item title="Bandwidth" value="80"></item><item title="Channel" value="149"></item><item title="Antenna" value="3"></item><item title="ExpectedPower" value="21"></item><item title="Power" value="21"></item><item title="TestType" value="Tx"></item><item title="EVM" value="-27,9538" result="FAIL"></item><item title="FREQERR" value="-2,78218" result="PASS"></item><item title="SYMCLOCKERR" value="-2,90583" result="PASS"></item><item title="POWER" value="21,1656" result="PASS"></item><item title="LOLEAKAGE" value="-46,3496" result="PASS"></item><item title="SPECTRUMMASK" value="11,159" result="PASS"></item><item title="SPECTRUMMARGIN" value="11,159" result="PASS"></item></Record><Criteria><item title="Modulation" value="MCS9NSS1"></item><item title="Bandwidth" value="80"></item><item title="Antenna" value="3"></item><item title="Channel" value="149"></item><item title="RfIcTemperature" value="60"></item><item title="CpuTemperature" value="62"></item><item title="ExpectedPower" value="22"></item><item title="EVM" Max="-32" Min="-100"></item><item title="FREQERR" Max="15" Min="-15"></item><item title="SYMCLOCKERR" Max="20" Min="-100"></item><item title="POWER" Max="23,5" Min="20,5" Avg="22"></item><item title="LOLEAKAGE" Max="-17" Min="-100"></item><item title="SPECTRUMMASK" Max="100" Min="0"></item><item title="SPECTRUMMARGIN" Max="1000" Min="0"></item></Criteria><Record><item title="Modulation" value="MCS9NSS1"></item><item title="Bandwidth" value="80"></item><item title="Channel" value="149"></item><item title="Antenna" value="3"></item><item title="ExpectedPower" value="22"></item><item title="Power" value="22"></item><item title="TestType" value="Tx"></item><item title="EVM" value="-25,0215" result="FAIL"></item><item title="FREQERR" value="-2,76904" result="PASS"></item><item title="SYMCLOCKERR" value="-4,88793" result="PASS"></item><item title="POWER" value="22,0355" result="PASS"></item><item title="LOLEAKAGE" value="-73,2327" result="PASS"></item><item title="SPECTRUMMASK" value="7,95653" result="PASS"></item><item title="SPECTRUMMARGIN" value="7,95653" result="PASS"></item></Record><Criteria><item title="Modulation" value="MCS9NSS1"></item><item title="Bandwidth" value="80"></item><item title="Antenna" value="3"></item><item title="Channel" value="149"></item><item title="RfIcTemperature" value="60"></item><item title="CpuTemperature" value="62"></item><item title="ExpectedPower" value="23"></item><item title="EVM" Max="-32" Min="-100"></item><item title="FREQERR" Max="15" Min="-15"></item><item title="SYMCLOCKERR" Max="20" Min="-100"></item><item title="POWER" Max="24,5" Min="21,5" Avg="23"></item><item title="LOLEAKAGE" Max="-17" Min="-100"></item><item title="SPECTRUMMASK" Max="100" Min="0"></item><item title="SPECTRUMMARGIN" Max="1000" Min="0"></item></Criteria><Record><item title="Modulation" value="MCS9NSS1"></item><item title="Bandwidth" value="80"></item><item title="Channel" value="149"></item><item title="Antenna" value="3"></item><item title="ExpectedPower" value="23"></item><item title="Power" value="23"></item><item title="TestType" value="Tx"></item><item title="EVM" value="-23,6757" result="FAIL"></item><item title="FREQERR" value="-2,78806" result="PASS"></item><item title="SYMCLOCKERR" value="-4,17269" result="PASS"></item><item title="POWER" value="23,0803" result="PASS"></item><item title="LOLEAKAGE" value="-48,1824" result="PASS"></item><item title="SPECTRUMMASK" value="3,45398" result="PASS"></item><item title="SPECTRUMMARGIN" value="3,45398" result="PASS"></item></Record><Criteria><item title="Modulation" value="MCS9NSS1"></item><item title="Bandwidth" value="80"></item><item title="Antenna" value="3"></item><item title="Channel" value="149"></item><item title="RfIcTemperature" value="60"></item><item title="CpuTemperature" value="62"></item><item title="ExpectedPower" value="24"></item><item title="EVM" Max="-32" Min="-100"></item><item title="FREQERR" Max="15" Min="-15"></item><item title="SYMCLOCKERR" Max="20" Min="-100"></item><item title="POWER" Max="25,5" Min="22,5" Avg="24"></item><item title="LOLEAKAGE" Max="-17" Min="-100"></item><item title="SPECTRUMMASK" Max="100" Min="0"></item><item title="SPECTRUMMARGIN" Max="1000" Min="0"></item></Criteria><Record><item title="Modulation" value="MCS9NSS1"></item><item title="Bandwidth" value="80"></item><item title="Channel" value="149"></item><item title="Antenna" value="3"></item><item title="ExpectedPower" value="24"></item><item title="Power" value="24"></item><item title="TestType" value="Tx"></item><item title="EVM" value="-23,0552" result="FAIL"></item><item title="FREQERR" value="-2,78159" result="PASS"></item><item title="SYMCLOCKERR" value="5,48839" result="PASS"></item><item title="POWER" value="23,8584" result="PASS"></item><item title="LOLEAKAGE" value="-39,7808" result="PASS"></item><item title="SPECTRUMMASK" value="-0,366066" result="FAIL"></item><item title="SPECTRUMMARGIN" value="-0,366066" result="FAIL"></item></Record><Criteria><item title="Modulation" value="MCS9NSS1"></item><item title="Bandwidth" value="80"></item><item title="Antenna" value="3"></item><item title="Channel" value="149"></item><item title="RfIcTemperature" value="60"></item><item title="CpuTemperature" value="62"></item><item title="ExpectedPower" value="25"></item><item title="EVM" Max="-32" Min="-100"></item><item title="FREQERR" Max="15" Min="-15"></item><item title="SYMCLOCKERR" Max="20" Min="-100"></item><item title="POWER" Max="26,5" Min="23,5" Avg="25"></item><item title="LOLEAKAGE" Max="-17" Min="-100"></item><item title="SPECTRUMMASK" Max="100" Min="0"></item><item title="SPECTRUMMARGIN" Max="1000" Min="0"></item></Criteria><Record><item title="Modulation" value="MCS9NSS1"></item><item title="Bandwidth" value="80"></item><item title="Channel" value="149"></item><item title="Antenna" value="3"></item><item title="ExpectedPower" value="25"></item><item title="Power" value="25"></item><item title="TestType" value="Tx"></item><item title="EVM" value="-21,8076" result="FAIL"></item><item title="FREQERR" value="-2,79333" result="PASS"></item><item title="SYMCLOCKERR" value="6,35787" result="PASS"></item><item title="POWER" value="24,773" result="PASS"></item><item title="LOLEAKAGE" value="-37,2629" result="PASS"></item><item title="SPECTRUMMASK" value="-3,10157" result="FAIL"></item><item title="SPECTRUMMARGIN" value="-3,10157" result="FAIL"></item></Record><Criteria><item title="Modulation" value="MCS0NSS1"></item><item title="Bandwidth" value="40"></item><item title="Antenna" value="1"></item><item title="Channel" value="36"></item><item title="RfIcTemperature" value="5133"></item><item title="CpuTemperature" value="62"></item><item title="ExpectedPower" value="10"></item><item title="EVM" Max="-5" Min="-100"></item><item title="FREQERR" Max="15" Min="-15"></item><item title="SYMCLOCKERR" Max="20" Min="-100"></item><item title="POWER" Max="11,5" Min="8,5" Avg="10"></item><item title="LOLEAKAGE" Max="-17" Min="-100"></item><item title="SPECTRUMMASK" Max="100" Min="0"></item><item title="SPECTRUMMARGIN" Max="1000" Min="0"></item></Criteria><Record><item title="Modulation" value="MCS0NSS1"></item><item title="Bandwidth" value="40"></item><item title="Channel" value="36"></item><item title="Antenna" value="1"></item><item title="ExpectedPower" value="10"></item><item title="Power" value="10"></item><item title="TestType" value="Tx"></item><item title="EVM" value="-20,5615" result="PASS"></item><item title="FREQERR" value="0,708093" result="PASS"></item><item title="SYMCLOCKERR" value="3,71639" result="PASS"></item><item title="POWER" value="8,38839" result="FAIL"></item><item title="LOLEAKAGE" value="-36,1589" result="PASS"></item><item title="SPECTRUMMASK" value="19,3154" result="PASS"></item><item title="SPECTRUMMARGIN" value="19,3154" result="PASS"></item></Record><Criteria><item title="Modulation" value="MCS0NSS1"></item><item title="Bandwidth" value="40"></item><item title="Antenna" value="1"></item><item title="Channel" value="36"></item><item title="RfIcTemperature" value="5133"></item><item title="CpuTemperature" value="62"></item><item title="ExpectedPower" value="11"></item><item title="EVM" Max="-5" Min="-100"></item><item title="FREQERR" Max="15" Min="-15"></item><item title="SYMCLOCKERR" Max="20" Min="-100"></item><item title="POWER" Max="12,5" Min="9,5" Avg="11"></item><item title="LOLEAKAGE" Max="-17" Min="-100"></item><item title="SPECTRUMMASK" Max="100" Min="0"></item><item title="SPECTRUMMARGIN" Max="1000" Min="0"></item></Criteria><Record><item title="Modulation" value="MCS0NSS1"></item><item title="Bandwidth" value="40"></item><item title="Channel" value="36"></item><item title="Antenna" value="1"></item><item title="ExpectedPower" value="11"></item><item title="Power" value="11"></item><item title="TestType" value="Tx"></item><item title="EVM" value="-19,7544" result="PASS"></item><item title="FREQERR" value="0,746489" result="PASS"></item><item title="SYMCLOCKERR" value="0,552297" result="PASS"></item><item title="POWER" value="9,42523" result="FAIL"></item><item title="LOLEAKAGE" value="-37,5772" result="PASS"></item><item title="SPECTRUMMASK" value="19,1291" result="PASS"></item><item title="SPECTRUMMARGIN" value="19,1291" result="PASS"></item></Record><Criteria><item title="Modulation" value="MCS0NSS1"></item><item title="Bandwidth" value="40"></item><item title="Antenna" value="1"></item><item title="Channel" value="36"></item><item title="RfIcTemperature" value="5133"></item><item title="CpuTemperature" value="62"></item><item title="ExpectedPower" value="12"></item><item title="EVM" Max="-5" Min="-100"></item><item title="FREQERR" Max="15" Min="-15"></item><item title="SYMCLOCKERR" Max="20" Min="-100"></item><item title="POWER" Max="13,5" Min="10,5" Avg="12"></item><item title="LOLEAKAGE" Max="-17" Min="-100"></item><item title="SPECTRUMMASK" Max="100" Min="0"></item><item title="SPECTRUMMARGIN" Max="1000" Min="0"></item></Criteria><Record><item title="Modulation" value="MCS0NSS1"></item><item title="Bandwidth" value="40"></item><item title="Channel" value="36"></item><item title="Antenna" value="1"></item><item title="ExpectedPower" value="12"></item><item title="Power" value="12"></item><item title="TestType" value="Tx"></item><item title="EVM" value="-19,8458" result="PASS"></item><item title="FREQERR" value="0,776595" result="PASS"></item><item title="SYMCLOCKERR" value="1,16932" result="PASS"></item><item title="POWER" value="10,5709" result="PASS"></item><item title="LOLEAKAGE" value="-38,7829" result="PASS"></item><item title="SPECTRUMMASK" value="20,2869" result="PASS"></item><item title="SPECTRUMMARGIN" value="20,2869" result="PASS"></item></Record><Criteria><item title="Modulation" value="MCS0NSS1"></item><item title="Bandwidth" value="40"></item><item title="Antenna" value="1"></item><item title="Channel" value="36"></item><item title="RfIcTemperature" value="5133"></item><item title="CpuTemperature" value="62"></item><item title="ExpectedPower" value="13"></item><item title="EVM" Max="-5" Min="-100"></item><item title="FREQERR" Max="15" Min="-15"></item><item title="SYMCLOCKERR" Max="20" Min="-100"></item><item title="POWER" Max="14,5" Min="11,5" Avg="13"></item><item title="LOLEAKAGE" Max="-17" Min="-100"></item><item title="SPECTRUMMASK" Max="100" Min="0"></item><item title="SPECTRUMMARGIN" Max="1000" Min="0"></item></Criteria><Record><item title="Modulation" value="MCS0NSS1"></item><item title="Bandwidth" value="40"></item><item title="Channel" value="36"></item><item title="Antenna" value="1"></item><item title="ExpectedPower" value="13"></item><item title="Power" value="13"></item><item title="TestType" value="Tx"></item><item title="EVM" value="-20,2359" result="PASS"></item><item title="FREQERR" value="0,795463" result="PASS"></item><item title="SYMCLOCKERR" value="0,39637" result="PASS"></item><item title="POWER" value="11,5058" result="PASS"></item><item title="LOLEAKAGE" value="-41,5287" result="PASS"></item><item title="SPECTRUMMASK" value="18,9844" result="PASS"></item><item title="SPECTRUMMARGIN" value="18,9844" result="PASS"></item></Record><Criteria><item title="Modulation" value="MCS0NSS1"></item><item title="Bandwidth" value="40"></item><item title="Antenna" value="1"></item><item title="Channel" value="36"></item><item title="RfIcTemperature" value="5133"></item><item title="CpuTemperature" value="62"></item><item title="ExpectedPower" value="14"></item><item title="EVM" Max="-5" Min="-100"></item><item title="FREQERR" Max="15" Min="-15"></item><item title="SYMCLOCKERR" Max="20" Min="-100"></item><item title="POWER" Max="15,5" Min="12,5" Avg="14"></item><item title="LOLEAKAGE" Max="-17" Min="-100"></item><item title="SPECTRUMMASK" Max="100" Min="0"></item><item title="SPECTRUMMARGIN" Max="1000" Min="0"></item></Criteria><Record><item title="Modulation" value="MCS0NSS1"></item><item title="Bandwidth" value="40"></item><item title="Channel" value="36"></item><item title="Antenna" value="1"></item><item title="ExpectedPower" value="14"></item><item title="Power" value="14"></item><item title="TestType" value="Tx"></item><item title="EVM" value="-19,3198" result="PASS"></item><item title="FREQERR" value="0,811924" result="PASS"></item><item title="SYMCLOCKERR" value="4,80902" result="PASS"></item><item title="POWER" value="12,3633" result="FAIL"></item><item title="LOLEAKAGE" value="-43,3074" result="PASS"></item><item title="SPECTRUMMASK" value="19,5975" result="PASS"></item><item title="SPECTRUMMARGIN" value="19,5975" result="PASS"></item></Record><Criteria><item title="Modulation" value="MCS0NSS1"></item><item title="Bandwidth" value="40"></item><item title="Antenna" value="1"></item><item title="Channel" value="36"></item><item title="RfIcTemperature" value="5133"></item><item title="CpuTemperature" value="62"></item><item title="ExpectedPower" value="15"></item><item title="EVM" Max="-5" Min="-100"></item><item title="FREQERR" Max="15" Min="-15"></item><item title="SYMCLOCKERR" Max="20" Min="-100"></item><item title="POWER" Max="16,5" Min="13,5" Avg="15"></item><item title="LOLEAKAGE" Max="-17" Min="-100"></item><item title="SPECTRUMMASK" Max="100" Min="0"></item><item title="SPECTRUMMARGIN" Max="1000" Min="0"></item></Criteria><Record><item title="Modulation" value="MCS0NSS1"></item><item title="Bandwidth" value="40"></item><item title="Channel" value="36"></item><item title="Antenna" value="1"></item><item title="ExpectedPower" value="15"></item><item title="Power" value="15"></item><item title="TestType" value="Tx"></item><item title="EVM" value="-19,9475" result="PASS"></item><item title="FREQERR" value="0,819073" result="PASS"></item><item title="SYMCLOCKERR" value="3,33385" result="PASS"></item><item title="POWER" value="13,3326" result="FAIL"></item><item title="LOLEAKAGE" value="-43,3774" result="PASS"></item><item title="SPECTRUMMASK" value="19,8632" result="PASS"></item><item title="SPECTRUMMARGIN" value="19,8632" result="PASS"></item></Record><Criteria><item title="Modulation" value="MCS0NSS1"></item><item title="Bandwidth" value="40"></item><item title="Antenna" value="1"></item><item title="Channel" value="36"></item><item title="RfIcTemperature" value="5133"></item><item title="CpuTemperature" value="62"></item><item title="ExpectedPower" value="16"></item><item title="EVM" Max="-5" Min="-100"></item><item title="FREQERR" Max="15" Min="-15"></item><item title="SYMCLOCKERR" Max="20" Min="-100"></item><item title="POWER" Max="17,5" Min="14,5" Avg="16"></item><item title="LOLEAKAGE" Max="-17" Min="-100"></item><item title="SPECTRUMMASK" Max="100" Min="0"></item><item title="SPECTRUMMARGIN" Max="1000" Min="0"></item></Criteria><Record><item title="Modulation" value="MCS0NSS1"></item><item title="Bandwidth" value="40"></item><item title="Channel" value="36"></item><item title="Antenna" value="1"></item><item title="ExpectedPower" value="16"></item><item title="Power" value="16"></item><item title="TestType" value="Tx"></item><item title="EVM" value="-19,9162" result="PASS"></item><item title="FREQERR" value="0,829667" result="PASS"></item><item title="SYMCLOCKERR" value="0,0530021" result="PASS"></item><item title="POWER" value="14,4195" result="FAIL"></item><item title="LOLEAKAGE" value="-44,0271" result="PASS"></item><item title="SPECTRUMMASK" value="19,745" result="PASS"></item><item title="SPECTRUMMARGIN" value="19,745" result="PASS"></item></Record><Criteria><item title="Modulation" value="MCS0NSS1"></item><item title="Bandwidth" value="40"></item><item title="Antenna" value="1"></item><item title="Channel" value="36"></item><item title="RfIcTemperature" value="5133"></item><item title="CpuTemperature" value="62"></item><item title="ExpectedPower" value="17"></item><item title="EVM" Max="-5" Min="-100"></item><item title="FREQERR" Max="15" Min="-15"></item><item title="SYMCLOCKERR" Max="20" Min="-100"></item><item title="POWER" Max="18,5" Min="15,5" Avg="17"></item><item title="LOLEAKAGE" Max="-17" Min="-100"></item><item title="SPECTRUMMASK" Max="100" Min="0"></item><item title="SPECTRUMMARGIN" Max="1000" Min="0"></item></Criteria><Record><item title="Modulation" value="MCS0NSS1"></item><item title="Bandwidth" value="40"></item><item title="Channel" value="36"></item><item title="Antenna" value="1"></item><item title="ExpectedPower" value="17"></item><item title="Power" value="17"></item><item title="TestType" value="Tx"></item><item title="EVM" value="-19,2509" result="PASS"></item><item title="FREQERR" value="0,836154" result="PASS"></item><item title="SYMCLOCKERR" value="1,92927" result="PASS"></item><item title="POWER" value="15,4453" result="FAIL"></item><item title="LOLEAKAGE" value="-47,9757" result="PASS"></item><item title="SPECTRUMMASK" value="19,1022" result="PASS"></item><item title="SPECTRUMMARGIN" value="19,1022" result="PASS"></item></Record><Criteria><item title="Modulation" value="MCS0NSS1"></item><item title="Bandwidth" value="40"></item><item title="Antenna" value="1"></item><item title="Channel" value="36"></item><item title="RfIcTemperature" value="5133"></item><item title="CpuTemperature" value="62"></item><item title="ExpectedPower" value="18"></item><item title="EVM" Max="-5" Min="-100"></item><item title="FREQERR" Max="15" Min="-15"></item><item title="SYMCLOCKERR" Max="20" Min="-100"></item><item title="POWER" Max="19,5" Min="16,5" Avg="18"></item><item title="LOLEAKAGE" Max="-17" Min="-100"></item><item title="SPECTRUMMASK" Max="100" Min="0"></item><item title="SPECTRUMMARGIN" Max="1000" Min="0"></item></Criteria><Record><item title="Modulation" value="MCS0NSS1"></item><item title="Bandwidth" value="40"></item><item title="Channel" value="36"></item><item title="Antenna" value="1"></item><item title="ExpectedPower" value="18"></item><item title="Power" value="18"></item><item title="TestType" value="Tx"></item><item title="EVM" value="-20,1262" result="PASS"></item><item title="FREQERR" value="0,842246" result="PASS"></item><item title="SYMCLOCKERR" value="2,41642" result="PASS"></item><item title="POWER" value="16,4494" result="FAIL"></item><item title="LOLEAKAGE" value="-45,7928" result="PASS"></item><item title="SPECTRUMMASK" value="18,041" result="PASS"></item><item title="SPECTRUMMARGIN" value="18,041" result="PASS"></item></Record><Criteria><item title="Modulation" value="MCS0NSS1"></item><item title="Bandwidth" value="40"></item><item title="Antenna" value="1"></item><item title="Channel" value="36"></item><item title="RfIcTemperature" value="5133"></item><item title="CpuTemperature" value="62"></item><item title="ExpectedPower" value="19"></item><item title="EVM" Max="-5" Min="-100"></item><item title="FREQERR" Max="15" Min="-15"></item><item title="SYMCLOCKERR" Max="20" Min="-100"></item><item title="POWER" Max="20,5" Min="17,5" Avg="19"></item><item title="LOLEAKAGE" Max="-17" Min="-100"></item><item title="SPECTRUMMASK" Max="100" Min="0"></item><item title="SPECTRUMMARGIN" Max="1000" Min="0"></item></Criteria><Record><item title="Modulation" value="MCS0NSS1"></item><item title="Bandwidth" value="40"></item><item title="Channel" value="36"></item><item title="Antenna" value="1"></item><item title="ExpectedPower" value="19"></item><item title="Power" value="19"></item><item title="TestType" value="Tx"></item><item title="EVM" value="-19,8296" result="PASS"></item><item title="FREQERR" value="0,843499" result="PASS"></item><item title="SYMCLOCKERR" value="4,12795" result="PASS"></item><item title="POWER" value="17,3331" result="FAIL"></item><item title="LOLEAKAGE" value="-47,3894" result="PASS"></item><item title="SPECTRUMMASK" value="16,7997" result="PASS"></item><item title="SPECTRUMMARGIN" value="16,7997" result="PASS"></item></Record><Criteria><item title="Modulation" value="MCS0NSS1"></item><item title="Bandwidth" value="40"></item><item title="Antenna" value="1"></item><item title="Channel" value="36"></item><item title="RfIcTemperature" value="5133"></item><item title="CpuTemperature" value="62"></item><item title="ExpectedPower" value="20"></item><item title="EVM" Max="-5" Min="-100"></item><item title="FREQERR" Max="15" Min="-15"></item><item title="SYMCLOCKERR" Max="20" Min="-100"></item><item title="POWER" Max="21,5" Min="18,5" Avg="20"></item><item title="LOLEAKAGE" Max="-17" Min="-100"></item><item title="SPECTRUMMASK" Max="100" Min="0"></item><item title="SPECTRUMMARGIN" Max="1000" Min="0"></item></Criteria><Record><item title="Modulation" value="MCS0NSS1"></item><item title="Bandwidth" value="40"></item><item title="Channel" value="36"></item><item title="Antenna" value="1"></item><item title="ExpectedPower" value="20"></item><item title="Power" value="20"></item><item title="TestType" value="Tx"></item><item title="EVM" value="-19,9317" result="PASS"></item><item title="FREQERR" value="0,849818" result="PASS"></item><item title="SYMCLOCKERR" value="3,51358" result="PASS"></item><item title="POWER" value="18,5398" result="PASS"></item><item title="LOLEAKAGE" value="-47,1936" result="PASS"></item><item title="SPECTRUMMASK" value="14,6858" result="PASS"></item><item title="SPECTRUMMARGIN" value="14,6858" result="PASS"></item></Record><Criteria><item title="Modulation" value="MCS0NSS1"></item><item title="Bandwidth" value="40"></item><item title="Antenna" value="1"></item><item title="Channel" value="36"></item><item title="RfIcTemperature" value="5133"></item><item title="CpuTemperature" value="62"></item><item title="ExpectedPower" value="21"></item><item title="EVM" Max="-5" Min="-100"></item><item title="FREQERR" Max="15" Min="-15"></item><item title="SYMCLOCKERR" Max="20" Min="-100"></item><item title="POWER" Max="22,5" Min="19,5" Avg="21"></item><item title="LOLEAKAGE" Max="-17" Min="-100"></item><item title="SPECTRUMMASK" Max="100" Min="0"></item><item title="SPECTRUMMARGIN" Max="1000" Min="0"></item></Criteria><Record><item title="Modulation" value="MCS0NSS1"></item><item title="Bandwidth" value="40"></item><item title="Channel" value="36"></item><item title="Antenna" value="1"></item><item title="ExpectedPower" value="21"></item><item title="Power" value="21"></item><item title="TestType" value="Tx"></item><item title="EVM" value="-19,8682" result="PASS"></item><item title="FREQERR" value="0,853109" result="PASS"></item><item title="SYMCLOCKERR" value="3,21053" result="PASS"></item><item title="POWER" value="19,5665" result="PASS"></item><item title="LOLEAKAGE" value="-51,807" result="PASS"></item><item title="SPECTRUMMASK" value="10,5068" result="PASS"></item><item title="SPECTRUMMARGIN" value="10,5068" result="PASS"></item></Record><Criteria><item title="Modulation" value="MCS0NSS1"></item><item title="Bandwidth" value="40"></item><item title="Antenna" value="1"></item><item title="Channel" value="36"></item><item title="RfIcTemperature" value="5133"></item><item title="CpuTemperature" value="62"></item><item title="ExpectedPower" value="22"></item><item title="EVM" Max="-5" Min="-100"></item><item title="FREQERR" Max="15" Min="-15"></item><item title="SYMCLOCKERR" Max="20" Min="-100"></item><item title="POWER" Max="23,5" Min="20,5" Avg="22"></item><item title="LOLEAKAGE" Max="-17" Min="-100"></item><item title="SPECTRUMMASK" Max="100" Min="0"></item><item title="SPECTRUMMARGIN" Max="1000" Min="0"></item></Criteria><Record><item title="Modulation" value="MCS0NSS1"></item><item title="Bandwidth" value="40"></item><item title="Channel" value="36"></item><item title="Antenna" value="1"></item><item title="ExpectedPower" value="22"></item><item title="Power" value="22"></item><item title="TestType" value="Tx"></item><item title="EVM" value="-20,3048" result="PASS"></item><item title="FREQERR" value="0,849269" result="PASS"></item><item title="SYMCLOCKERR" value="3,00593" result="PASS"></item><item title="POWER" value="20,2645" result="FAIL"></item><item title="LOLEAKAGE" value="-49,785" result="PASS"></item><item title="SPECTRUMMASK" value="10,0676" result="PASS"></item><item title="SPECTRUMMARGIN" value="10,0676" result="PASS"></item></Record><Criteria><item title="Modulation" value="MCS0NSS1"></item><item title="Bandwidth" value="40"></item><item title="Antenna" value="1"></item><item title="Channel" value="36"></item><item title="RfIcTemperature" value="5133"></item><item title="CpuTemperature" value="62"></item><item title="ExpectedPower" value="23"></item><item title="EVM" Max="-5" Min="-100"></item><item title="FREQERR" Max="15" Min="-15"></item><item title="SYMCLOCKERR" Max="20" Min="-100"></item><item title="POWER" Max="24,5" Min="21,5" Avg="23"></item><item title="LOLEAKAGE" Max="-17" Min="-100"></item><item title="SPECTRUMMASK" Max="100" Min="0"></item><item title="SPECTRUMMARGIN" Max="1000" Min="0"></item></Criteria><Record><item title="Modulation" value="MCS0NSS1"></item><item title="Bandwidth" value="40"></item><item title="Channel" value="36"></item><item title="Antenna" value="1"></item><item title="ExpectedPower" value="23"></item><item title="Power" value="23"></item><item title="TestType" value="Tx"></item><item title="EVM" value="-19,6125" result="PASS"></item><item title="FREQERR" value="0,854714" result="PASS"></item><item title="SYMCLOCKERR" value="4,48274" result="PASS"></item><item title="POWER" value="21,1479" result="FAIL"></item><item title="LOLEAKAGE" value="-50,5925" result="PASS"></item><item title="SPECTRUMMASK" value="5,94921" result="PASS"></item><item title="SPECTRUMMARGIN" value="5,94921" result="PASS"></item></Record><Criteria><item title="Modulation" value="MCS0NSS1"></item><item title="Bandwidth" value="40"></item><item title="Antenna" value="1"></item><item title="Channel" value="36"></item><item title="RfIcTemperature" value="5133"></item><item title="CpuTemperature" value="62"></item><item title="ExpectedPower" value="24"></item><item title="EVM" Max="-5" Min="-100"></item><item title="FREQERR" Max="15" Min="-15"></item><item title="SYMCLOCKERR" Max="20" Min="-100"></item><item title="POWER" Max="25,5" Min="22,5" Avg="24"></item><item title="LOLEAKAGE" Max="-17" Min="-100"></item><item title="SPECTRUMMASK" Max="100" Min="0"></item><item title="SPECTRUMMARGIN" Max="1000" Min="0"></item></Criteria><Record><item title="Modulation" value="MCS0NSS1"></item><item title="Bandwidth" value="40"></item><item title="Channel" value="36"></item><item title="Antenna" value="1"></item><item title="ExpectedPower" value="24"></item><item title="Power" value="24"></item><item title="TestType" value="Tx"></item><item title="EVM" value="-18,3189" result="PASS"></item><item title="FREQERR" value="0,860632" result="PASS"></item><item title="SYMCLOCKERR" value="3,5673" result="PASS"></item><item title="POWER" value="22,2881" result="FAIL"></item><item title="LOLEAKAGE" value="-45,058" result="PASS"></item><item title="SPECTRUMMASK" value="3,51684" result="PASS"></item><item title="SPECTRUMMARGIN" value="3,51684" result="PASS"></item></Record><Criteria><item title="Modulation" value="MCS0NSS1"></item><item title="Bandwidth" value="40"></item><item title="Antenna" value="1"></item><item title="Channel" value="36"></item><item title="RfIcTemperature" value="5133"></item><item title="CpuTemperature" value="62"></item><item title="ExpectedPower" value="25"></item><item title="EVM" Max="-5" Min="-100"></item><item title="FREQERR" Max="15" Min="-15"></item><item title="SYMCLOCKERR" Max="20" Min="-100"></item><item title="POWER" Max="26,5" Min="23,5" Avg="25"></item><item title="LOLEAKAGE" Max="-17" Min="-100"></item><item title="SPECTRUMMASK" Max="100" Min="0"></item><item title="SPECTRUMMARGIN" Max="1000" Min="0"></item></Criteria><Record><item title="Modulation" value="MCS0NSS1"></item><item title="Bandwidth" value="40"></item><item title="Channel" value="36"></item><item title="Antenna" value="1"></item><item title="ExpectedPower" value="25"></item><item title="Power" value="25"></item><item title="TestType" value="Tx"></item><item title="EVM" value="-16,4535" result="PASS"></item><item title="FREQERR" value="0,861023" result="PASS"></item><item title="SYMCLOCKERR" value="6,2839" result="PASS"></item><item title="POWER" value="23,1884" result="FAIL"></item><item title="LOLEAKAGE" value="-46,7064" result="PASS"></item><item title="SPECTRUMMASK" value="-1,00726" result="FAIL"></item><item title="SPECTRUMMARGIN" value="-1,00726" result="FAIL"></item></Record><Criteria><item title="Modulation" value="MCS0NSS1"></item><item title="Bandwidth" value="40"></item><item title="Antenna" value="2"></item><item title="Channel" value="36"></item><item title="RfIcTemperature" value="5133"></item><item title="CpuTemperature" value="62"></item><item title="ExpectedPower" value="10"></item><item title="EVM" Max="-5" Min="-100"></item><item title="FREQERR" Max="15" Min="-15"></item><item title="SYMCLOCKERR" Max="20" Min="-100"></item><item title="POWER" Max="11,5" Min="8,5" Avg="10"></item><item title="LOLEAKAGE" Max="-17" Min="-100"></item><item title="SPECTRUMMASK" Max="100" Min="0"></item><item title="SPECTRUMMARGIN" Max="1000" Min="0"></item></Criteria><Record><item title="Modulation" value="MCS0NSS1"></item><item title="Bandwidth" value="40"></item><item title="Channel" value="36"></item><item title="Antenna" value="2"></item><item title="ExpectedPower" value="10"></item><item title="Power" value="10"></item><item title="TestType" value="Tx"></item><item title="EVM" value="-19,9602" result="PASS"></item><item title="FREQERR" value="0,862892" result="PASS"></item><item title="SYMCLOCKERR" value="6,86674" result="PASS"></item><item title="POWER" value="8,23245" result="FAIL"></item><item title="LOLEAKAGE" value="-39,8721" result="PASS"></item><item title="SPECTRUMMASK" value="19,8078" result="PASS"></item><item title="SPECTRUMMARGIN" value="19,8078" result="PASS"></item></Record><Criteria><item title="Modulation" value="MCS0NSS1"></item><item title="Bandwidth" value="40"></item><item title="Antenna" value="2"></item><item title="Channel" value="36"></item><item title="RfIcTemperature" value="5133"></item><item title="CpuTemperature" value="62"></item><item title="ExpectedPower" value="11"></item><item title="EVM" Max="-5" Min="-100"></item><item title="FREQERR" Max="15" Min="-15"></item><item title="SYMCLOCKERR" Max="20" Min="-100"></item><item title="POWER" Max="12,5" Min="9,5" Avg="11"></item><item title="LOLEAKAGE" Max="-17" Min="-100"></item><item title="SPECTRUMMASK" Max="100" Min="0"></item><item title="SPECTRUMMARGIN" Max="1000" Min="0"></item></Criteria><Record><item title="Modulation" value="MCS0NSS1"></item><item title="Bandwidth" value="40"></item><item title="Channel" value="36"></item><item title="Antenna" value="2"></item><item title="ExpectedPower" value="11"></item><item title="Power" value="11"></item><item title="TestType" value="Tx"></item><item title="EVM" value="-18,4845" result="PASS"></item><item title="FREQERR" value="0,866968" result="PASS"></item><item title="SYMCLOCKERR" value="1,21097" result="PASS"></item><item title="POWER" value="9,3029" result="FAIL"></item><item title="LOLEAKAGE" value="-36,9052" result="PASS"></item><item title="SPECTRUMMASK" value="17,6967" result="PASS"></item><item title="SPECTRUMMARGIN" value="17,6967" result="PASS"></item></Record><Criteria><item title="Modulation" value="MCS0NSS1"></item><item title="Bandwidth" value="40"></item><item title="Antenna" value="2"></item><item title="Channel" value="36"></item><item title="RfIcTemperature" value="5133"></item><item title="CpuTemperature" value="62"></item><item title="ExpectedPower" value="12"></item><item title="EVM" Max="-5" Min="-100"></item><item title="FREQERR" Max="15" Min="-15"></item><item title="SYMCLOCKERR" Max="20" Min="-100"></item><item title="POWER" Max="13,5" Min="10,5" Avg="12"></item><item title="LOLEAKAGE" Max="-17" Min="-100"></item><item title="SPECTRUMMASK" Max="100" Min="0"></item><item title="SPECTRUMMARGIN" Max="1000" Min="0"></item></Criteria><Record><item title="Modulation" value="MCS0NSS1"></item><item title="Bandwidth" value="40"></item><item title="Channel" value="36"></item><item title="Antenna" value="2"></item><item title="ExpectedPower" value="12"></item><item title="Power" value="12"></item><item title="TestType" value="Tx"></item><item title="EVM" value="-19,0609" result="PASS"></item><item title="FREQERR" value="0,878854" result="PASS"></item><item title="SYMCLOCKERR" value="3,64062" result="PASS"></item><item title="POWER" value="10,6012" result="PASS"></item><item title="LOLEAKAGE" value="-43,126" result="PASS"></item><item title="SPECTRUMMASK" value="19,4212" result="PASS"></item><item title="SPECTRUMMARGIN" value="19,4212" result="PASS"></item></Record><Criteria><item title="Modulation" value="MCS0NSS1"></item><item title="Bandwidth" value="40"></item><item title="Antenna" value="2"></item><item title="Channel" value="36"></item><item title="RfIcTemperature" value="5133"></item><item title="CpuTemperature" value="62"></item><item title="ExpectedPower" value="13"></item><item title="EVM" Max="-5" Min="-100"></item><item title="FREQERR" Max="15" Min="-15"></item><item title="SYMCLOCKERR" Max="20" Min="-100"></item><item title="POWER" Max="14,5" Min="11,5" Avg="13"></item><item title="LOLEAKAGE" Max="-17" Min="-100"></item><item title="SPECTRUMMASK" Max="100" Min="0"></item><item title="SPECTRUMMARGIN" Max="1000" Min="0"></item></Criteria><Record><item title="Modulation" value="MCS0NSS1"></item><item title="Bandwidth" value="40"></item><item title="Channel" value="36"></item><item title="Antenna" value="2"></item><item title="ExpectedPower" value="13"></item><item title="Power" value="13"></item><item title="TestType" value="Tx"></item><item title="EVM" value="-19,4202" result="PASS"></item><item title="FREQERR" value="0,881805" result="PASS"></item><item title="SYMCLOCKERR" value="1,76832" result="PASS"></item><item title="POWER" value="11,469" result="FAIL"></item><item title="LOLEAKAGE" value="-42,7699" result="PASS"></item><item title="SPECTRUMMASK" value="18,2439" result="PASS"></item><item title="SPECTRUMMARGIN" value="18,2439" result="PASS"></item></Record><Criteria><item title="Modulation" value="MCS0NSS1"></item><item title="Bandwidth" value="40"></item><item title="Antenna" value="2"></item><item title="Channel" value="36"></item><item title="RfIcTemperature" value="5133"></item><item title="CpuTemperature" value="62"></item><item title="ExpectedPower" value="14"></item><item title="EVM" Max="-5" Min="-100"></item><item title="FREQERR" Max="15" Min="-15"></item><item title="SYMCLOCKERR" Max="20" Min="-100"></item><item title="POWER" Max="15,5" Min="12,5" Avg="14"></item><item title="LOLEAKAGE" Max="-17" Min="-100"></item><item title="SPECTRUMMASK" Max="100" Min="0"></item><item title="SPECTRUMMARGIN" Max="1000" Min="0"></item></Criteria><Record><item title="Modulation" value="MCS0NSS1"></item><item title="Bandwidth" value="40"></item><item title="Channel" value="36"></item><item title="Antenna" value="2"></item><item title="ExpectedPower" value="14"></item><item title="Power" value="14"></item><item title="TestType" value="Tx"></item><item title="EVM" value="-20,6052" result="PASS"></item><item title="FREQERR" value="0,891153" result="PASS"></item><item title="SYMCLOCKERR" value="4,66676" result="PASS"></item><item title="POWER" value="12,3726" result="FAIL"></item><item title="LOLEAKAGE" value="-46,204" result="PASS"></item><item title="SPECTRUMMASK" value="19,0137" result="PASS"></item><item title="SPECTRUMMARGIN" value="19,0137" result="PASS"></item></Record><Criteria><item title="Modulation" value="MCS0NSS1"></item><item title="Bandwidth" value="40"></item><item title="Antenna" value="2"></item><item title="Channel" value="36"></item><item title="RfIcTemperature" value="5133"></item><item title="CpuTemperature" value="62"></item><item title="ExpectedPower" value="15"></item><item title="EVM" Max="-5" Min="-100"></item><item title="FREQERR" Max="15" Min="-15"></item><item title="SYMCLOCKERR" Max="20" Min="-100"></item><item title="POWER" Max="16,5" Min="13,5" Avg="15"></item><item title="LOLEAKAGE" Max="-17" Min="-100"></item><item title="SPECTRUMMASK" Max="100" Min="0"></item><item title="SPECTRUMMARGIN" Max="1000" Min="0"></item></Criteria><Record><item title="Modulation" value="MCS0NSS1"></item><item title="Bandwidth" value="40"></item><item title="Channel" value="36"></item><item title="Antenna" value="2"></item><item title="ExpectedPower" value="15"></item><item title="Power" value="15"></item><item title="TestType" value="Tx"></item><item title="EVM" value="-19,0675" result="PASS"></item><item title="FREQERR" value="0,897409" result="PASS"></item><item title="SYMCLOCKERR" value="4,03555" result="PASS"></item><item title="POWER" value="13,7945" result="PASS"></item><item title="LOLEAKAGE" value="-41,663" result="PASS"></item><item title="SPECTRUMMASK" value="19,6193" result="PASS"></item><item title="SPECTRUMMARGIN" value="19,6193" result="PASS"></item></Record><Criteria><item title="Modulation" value="MCS0NSS1"></item><item title="Bandwidth" value="40"></item><item title="Antenna" value="2"></item><item title="Channel" value="36"></item><item title="RfIcTemperature" value="5133"></item><item title="CpuTemperature" value="62"></item><item title="ExpectedPower" value="16"></item><item title="EVM" Max="-5" Min="-100"></item><item title="FREQERR" Max="15" Min="-15"></item><item title="SYMCLOCKERR" Max="20" Min="-100"></item><item title="POWER" Max="17,5" Min="14,5" Avg="16"></item><item title="LOLEAKAGE" Max="-17" Min="-100"></item><item title="SPECTRUMMASK" Max="100" Min="0"></item><item title="SPECTRUMMARGIN" Max="1000" Min="0"></item></Criteria><Record><item title="Modulation" value="MCS0NSS1"></item><item title="Bandwidth" value="40"></item><item title="Channel" value="36"></item><item title="Antenna" value="2"></item><item title="ExpectedPower" value="16"></item><item title="Power" value="16"></item><item title="TestType" value="Tx"></item><item title="EVM" value="-19,8427" result="PASS"></item><item title="FREQERR" value="0,907356" result="PASS"></item><item title="SYMCLOCKERR" value="5,47436" result="PASS"></item><item title="POWER" value="14,774" result="PASS"></item><item title="LOLEAKAGE" value="-50,0679" result="PASS"></item><item title="SPECTRUMMASK" value="19,0861" result="PASS"></item><item title="SPECTRUMMARGIN" value="19,0861" result="PASS"></item></Record><Criteria><item title="Modulation" value="MCS0NSS1"></item><item title="Bandwidth" value="40"></item><item title="Antenna" value="2"></item><item title="Channel" value="36"></item><item title="RfIcTemperature" value="5133"></item><item title="CpuTemperature" value="62"></item><item title="ExpectedPower" value="17"></item><item title="EVM" Max="-5" Min="-100"></item><item title="FREQERR" Max="15" Min="-15"></item><item title="SYMCLOCKERR" Max="20" Min="-100"></item><item title="POWER" Max="18,5" Min="15,5" Avg="17"></item><item title="LOLEAKAGE" Max="-17" Min="-100"></item><item title="SPECTRUMMASK" Max="100" Min="0"></item><item title="SPECTRUMMARGIN" Max="1000" Min="0"></item></Criteria><Record><item title="Modulation" value="MCS0NSS1"></item><item title="Bandwidth" value="40"></item><item title="Channel" value="36"></item><item title="Antenna" value="2"></item><item title="ExpectedPower" value="17"></item><item title="Power" value="17"></item><item title="TestType" value="Tx"></item><item title="EVM" value="-19,9108" result="PASS"></item><item title="FREQERR" value="0,90693" result="PASS"></item><item title="SYMCLOCKERR" value="3,60468" result="PASS"></item><item title="POWER" value="15,4874" result="FAIL"></item><item title="LOLEAKAGE" value="-49,5728" result="PASS"></item><item title="SPECTRUMMASK" value="19,0387" result="PASS"></item><item title="SPECTRUMMARGIN" value="19,0387" result="PASS"></item></Record><Criteria><item title="Modulation" value="MCS0NSS1"></item><item title="Bandwidth" value="40"></item><item title="Antenna" value="2"></item><item title="Channel" value="36"></item><item title="RfIcTemperature" value="5133"></item><item title="CpuTemperature" value="62"></item><item title="ExpectedPower" value="18"></item><item title="EVM" Max="-5" Min="-100"></item><item title="FREQERR" Max="15" Min="-15"></item><item title="SYMCLOCKERR" Max="20" Min="-100"></item><item title="POWER" Max="19,5" Min="16,5" Avg="18"></item><item title="LOLEAKAGE" Max="-17" Min="-100"></item><item title="SPECTRUMMASK" Max="100" Min="0"></item><item title="SPECTRUMMARGIN" Max="1000" Min="0"></item></Criteria><Record><item title="Modulation" value="MCS0NSS1"></item><item title="Bandwidth" value="40"></item><item title="Channel" value="36"></item><item title="Antenna" value="2"></item><item title="ExpectedPower" value="18"></item><item title="Power" value="18"></item><item title="TestType" value="Tx"></item><item title="EVM" value="-19,972" result="PASS"></item><item title="FREQERR" value="0,906243" result="PASS"></item><item title="SYMCLOCKERR" value="4,73011" result="PASS"></item><item title="POWER" value="16,5225" result="PASS"></item><item title="LOLEAKAGE" value="-46,111" result="PASS"></item><item title="SPECTRUMMASK" value="19,4172" result="PASS"></item><item title="SPECTRUMMARGIN" value="19,4172" result="PASS"></item></Record><Criteria><item title="Modulation" value="MCS0NSS1"></item><item title="Bandwidth" value="40"></item><item title="Antenna" value="2"></item><item title="Channel" value="36"></item><item title="RfIcTemperature" value="5133"></item><item title="CpuTemperature" value="62"></item><item title="ExpectedPower" value="19"></item><item title="EVM" Max="-5" Min="-100"></item><item title="FREQERR" Max="15" Min="-15"></item><item title="SYMCLOCKERR" Max="20" Min="-100"></item><item title="POWER" Max="20,5" Min="17,5" Avg="19"></item><item title="LOLEAKAGE" Max="-17" Min="-100"></item><item title="SPECTRUMMASK" Max="100" Min="0"></item><item title="SPECTRUMMARGIN" Max="1000" Min="0"></item></Criteria><Record><item title="Modulation" value="MCS0NSS1"></item><item title="Bandwidth" value="40"></item><item title="Channel" value="36"></item><item title="Antenna" value="2"></item><item title="ExpectedPower" value="19"></item><item title="Power" value="19"></item><item title="TestType" value="Tx"></item><item title="EVM" value="-19,5674" result="PASS"></item><item title="FREQERR" value="0,910674" result="PASS"></item><item title="SYMCLOCKERR" value="3,00412" result="PASS"></item><item title="POWER" value="17,6178" result="PASS"></item><item title="LOLEAKAGE" value="-44,4629" result="PASS"></item><item title="SPECTRUMMASK" value="16,8407" result="PASS"></item><item title="SPECTRUMMARGIN" value="16,8407" result="PASS"></item></Record><Criteria><item title="Modulation" value="MCS0NSS1"></item><item title="Bandwidth" value="40"></item><item title="Antenna" value="2"></item><item title="Channel" value="36"></item><item title="RfIcTemperature" value="5133"></item><item title="CpuTemperature" value="62"></item><item title="ExpectedPower" value="20"></item><item title="EVM" Max="-5" Min="-100"></item><item title="FREQERR" Max="15" Min="-15"></item><item title="SYMCLOCKERR" Max="20" Min="-100"></item><item title="POWER" Max="21,5" Min="18,5" Avg="20"></item><item title="LOLEAKAGE" Max="-17" Min="-100"></item><item title="SPECTRUMMASK" Max="100" Min="0"></item><item title="SPECTRUMMARGIN" Max="1000" Min="0"></item></Criteria><Record><item title="Modulation" value="MCS0NSS1"></item><item title="Bandwidth" value="40"></item><item title="Channel" value="36"></item><item title="Antenna" value="2"></item><item title="ExpectedPower" value="20"></item><item title="Power" value="20"></item><item title="TestType" value="Tx"></item><item title="EVM" value="-19,8485" result="PASS"></item><item title="FREQERR" value="0,908821" result="PASS"></item><item title="SYMCLOCKERR" value="3,67571" result="PASS"></item><item title="POWER" value="18,3462" result="FAIL"></item><item title="LOLEAKAGE" value="-41,8607" result="PASS"></item><item title="SPECTRUMMASK" value="15,3679" result="PASS"></item><item title="SPECTRUMMARGIN" value="15,3679" result="PASS"></item></Record><Criteria><item title="Modulation" value="MCS0NSS1"></item><item title="Bandwidth" value="40"></item><item title="Antenna" value="2"></item><item title="Channel" value="36"></item><item title="RfIcTemperature" value="5133"></item><item title="CpuTemperature" value="62"></item><item title="ExpectedPower" value="21"></item><item title="EVM" Max="-5" Min="-100"></item><item title="FREQERR" Max="15" Min="-15"></item><item title="SYMCLOCKERR" Max="20" Min="-100"></item><item title="POWER" Max="22,5" Min="19,5" Avg="21"></item><item title="LOLEAKAGE" Max="-17" Min="-100"></item><item title="SPECTRUMMASK" Max="100" Min="0"></item><item title="SPECTRUMMARGIN" Max="1000" Min="0"></item></Criteria><Record><item title="Modulation" value="MCS0NSS1"></item><item title="Bandwidth" value="40"></item><item title="Channel" value="36"></item><item title="Antenna" value="2"></item><item title="ExpectedPower" value="21"></item><item title="Power" value="21"></item><item title="TestType" value="Tx"></item><item title="EVM" value="-19,4703" result="PASS"></item><item title="FREQERR" value="0,911791" result="PASS"></item><item title="SYMCLOCKERR" value="4,13336" result="PASS"></item><item title="POWER" value="19,5322" result="PASS"></item><item title="LOLEAKAGE" value="-40,2116" result="PASS"></item><item title="SPECTRUMMASK" value="13,3097" result="PASS"></item><item title="SPECTRUMMARGIN" value="13,3097" result="PASS"></item></Record><Criteria><item title="Modulation" value="MCS0NSS1"></item><item title="Bandwidth" value="40"></item><item title="Antenna" value="2"></item><item title="Channel" value="36"></item><item title="RfIcTemperature" value="5133"></item><item title="CpuTemperature" value="62"></item><item title="ExpectedPower" value="22"></item><item title="EVM" Max="-5" Min="-100"></item><item title="FREQERR" Max="15" Min="-15"></item><item title="SYMCLOCKERR" Max="20" Min="-100"></item><item title="POWER" Max="23,5" Min="20,5" Avg="22"></item><item title="LOLEAKAGE" Max="-17" Min="-100"></item><item title="SPECTRUMMASK" Max="100" Min="0"></item><item title="SPECTRUMMARGIN" Max="1000" Min="0"></item></Criteria><Record><item title="Modulation" value="MCS0NSS1"></item><item title="Bandwidth" value="40"></item><item title="Channel" value="36"></item><item title="Antenna" value="2"></item><item title="ExpectedPower" value="22"></item><item title="Power" value="22"></item><item title="TestType" value="Tx"></item><item title="EVM" value="-18,604" result="PASS"></item><item title="FREQERR" value="0,916865" result="PASS"></item><item title="SYMCLOCKERR" value="3,58827" result="PASS"></item><item title="POWER" value="20,5605" result="PASS"></item><item title="LOLEAKAGE" value="-44,6639" result="PASS"></item><item title="SPECTRUMMASK" value="8,40917" result="PASS"></item><item title="SPECTRUMMARGIN" value="8,40917" result="PASS"></item></Record><Criteria><item title="Modulation" value="MCS0NSS1"></item><item title="Bandwidth" value="40"></item><item title="Antenna" value="2"></item><item title="Channel" value="36"></item><item title="RfIcTemperature" value="5133"></item><item title="CpuTemperature" value="62"></item><item title="ExpectedPower" value="23"></item><item title="EVM" Max="-5" Min="-100"></item><item title="FREQERR" Max="15" Min="-15"></item><item title="SYMCLOCKERR" Max="20" Min="-100"></item><item title="POWER" Max="24,5" Min="21,5" Avg="23"></item><item title="LOLEAKAGE" Max="-17" Min="-100"></item><item title="SPECTRUMMASK" Max="100" Min="0"></item><item title="SPECTRUMMARGIN" Max="1000" Min="0"></item></Criteria><Record><item title="Modulation" value="MCS0NSS1"></item><item title="Bandwidth" value="40"></item><item title="Channel" value="36"></item><item title="Antenna" value="2"></item><item title="ExpectedPower" value="23"></item><item title="Power" value="23"></item><item title="TestType" value="Tx"></item><item title="EVM" value="-19,2214" result="PASS"></item><item title="FREQERR" value="0,915166" result="PASS"></item><item title="SYMCLOCKERR" value="6,2779" result="PASS"></item><item title="POWER" value="21,4734" result="FAIL"></item><item title="LOLEAKAGE" value="-52,8606" result="PASS"></item><item title="SPECTRUMMASK" value="8,67273" result="PASS"></item><item title="SPECTRUMMARGIN" value="8,67273" result="PASS"></item></Record><Criteria><item title="Modulation" value="MCS0NSS1"></item><item title="Bandwidth" value="40"></item><item title="Antenna" value="2"></item><item title="Channel" value="36"></item><item title="RfIcTemperature" value="5133"></item><item title="CpuTemperature" value="62"></item><item title="ExpectedPower" value="24"></item><item title="EVM" Max="-5" Min="-100"></item><item title="FREQERR" Max="15" Min="-15"></item><item title="SYMCLOCKERR" Max="20" Min="-100"></item><item title="POWER" Max="25,5" Min="22,5" Avg="24"></item><item title="LOLEAKAGE" Max="-17" Min="-100"></item><item title="SPECTRUMMASK" Max="100" Min="0"></item><item title="SPECTRUMMARGIN" Max="1000" Min="0"></item></Criteria><Record><item title="Modulation" value="MCS0NSS1"></item><item title="Bandwidth" value="40"></item><item title="Channel" value="36"></item><item title="Antenna" value="2"></item><item title="ExpectedPower" value="24"></item><item title="Power" value="24"></item><item title="TestType" value="Tx"></item><item title="EVM" value="-17,6601" result="PASS"></item><item title="FREQERR" value="0,924632" result="PASS"></item><item title="SYMCLOCKERR" value="2,66057" result="PASS"></item><item title="POWER" value="22,4774" result="FAIL"></item><item title="LOLEAKAGE" value="-48,6409" result="PASS"></item><item title="SPECTRUMMASK" value="4,95332" result="PASS"></item><item title="SPECTRUMMARGIN" value="4,95332" result="PASS"></item></Record><Criteria><item title="Modulation" value="MCS0NSS1"></item><item title="Bandwidth" value="40"></item><item title="Antenna" value="2"></item><item title="Channel" value="36"></item><item title="RfIcTemperature" value="5133"></item><item title="CpuTemperature" value="62"></item><item title="ExpectedPower" value="25"></item><item title="EVM" Max="-5" Min="-100"></item><item title="FREQERR" Max="15" Min="-15"></item><item title="SYMCLOCKERR" Max="20" Min="-100"></item><item title="POWER" Max="26,5" Min="23,5" Avg="25"></item><item title="LOLEAKAGE" Max="-17" Min="-100"></item><item title="SPECTRUMMASK" Max="100" Min="0"></item><item title="SPECTRUMMARGIN" Max="1000" Min="0"></item></Criteria><Record><item title="Modulation" value="MCS0NSS1"></item><item title="Bandwidth" value="40"></item><item title="Channel" value="36"></item><item title="Antenna" value="2"></item><item title="ExpectedPower" value="25"></item><item title="Power" value="25"></item><item title="TestType" value="Tx"></item><item title="EVM" value="-17,1684" result="PASS"></item><item title="FREQERR" value="0,927605" result="PASS"></item><item title="SYMCLOCKERR" value="0,232451" result="PASS"></item><item title="POWER" value="23,3983" result="FAIL"></item><item title="LOLEAKAGE" value="-48,6526" result="PASS"></item><item title="SPECTRUMMASK" value="2,27288" result="PASS"></item><item title="SPECTRUMMARGIN" value="2,27288" result="PASS"></item></Record><Criteria><item title="Modulation" value="MCS0NSS1"></item><item title="Bandwidth" value="40"></item><item title="Antenna" value="3"></item><item title="Channel" value="36"></item><item title="RfIcTemperature" value="5133"></item><item title="CpuTemperature" value="61"></item><item title="ExpectedPower" value="10"></item><item title="EVM" Max="-5" Min="-100"></item><item title="FREQERR" Max="15" Min="-15"></item><item title="SYMCLOCKERR" Max="20" Min="-100"></item><item title="POWER" Max="11,5" Min="8,5" Avg="10"></item><item title="LOLEAKAGE" Max="-17" Min="-100"></item><item title="SPECTRUMMASK" Max="100" Min="0"></item><item title="SPECTRUMMARGIN" Max="1000" Min="0"></item></Criteria><Record><item title="Modulation" value="MCS0NSS1"></item><item title="Bandwidth" value="40"></item><item title="Channel" value="36"></item><item title="Antenna" value="3"></item><item title="ExpectedPower" value="10"></item><item title="Power" value="10"></item><item title="TestType" value="Tx"></item><item title="EVM" value="-19,7793" result="PASS"></item><item title="FREQERR" value="0,924862" result="PASS"></item><item title="SYMCLOCKERR" value="1,29925" result="PASS"></item><item title="POWER" value="7,19415" result="FAIL"></item><item title="LOLEAKAGE" value="-30,8128" result="PASS"></item><item title="SPECTRUMMASK" value="18,5534" result="PASS"></item><item title="SPECTRUMMARGIN" value="18,5534" result="PASS"></item></Record><Criteria><item title="Modulation" value="MCS0NSS1"></item><item title="Bandwidth" value="40"></item><item title="Antenna" value="3"></item><item title="Channel" value="36"></item><item title="RfIcTemperature" value="5133"></item><item title="CpuTemperature" value="61"></item><item title="ExpectedPower" value="11"></item><item title="EVM" Max="-5" Min="-100"></item><item title="FREQERR" Max="15" Min="-15"></item><item title="SYMCLOCKERR" Max="20" Min="-100"></item><item title="POWER" Max="12,5" Min="9,5" Avg="11"></item><item title="LOLEAKAGE" Max="-17" Min="-100"></item><item title="SPECTRUMMASK" Max="100" Min="0"></item><item title="SPECTRUMMARGIN" Max="1000" Min="0"></item></Criteria><Record><item title="Modulation" value="MCS0NSS1"></item><item title="Bandwidth" value="40"></item><item title="Channel" value="36"></item><item title="Antenna" value="3"></item><item title="ExpectedPower" value="11"></item><item title="Power" value="11"></item><item title="TestType" value="Tx"></item><item title="EVM" value="-20,7523" result="PASS"></item><item title="FREQERR" value="0,930215" result="PASS"></item><item title="SYMCLOCKERR" value="2,10228" result="PASS"></item><item title="POWER" value="8,75228" result="FAIL"></item><item title="LOLEAKAGE" value="-32,9011" result="PASS"></item><item title="SPECTRUMMASK" value="20,3536" result="PASS"></item><item title="SPECTRUMMARGIN" value="20,3536" result="PASS"></item></Record><Criteria><item title="Modulation" value="MCS0NSS1"></item><item title="Bandwidth" value="40"></item><item title="Antenna" value="3"></item><item title="Channel" value="36"></item><item title="RfIcTemperature" value="5133"></item><item title="CpuTemperature" value="61"></item><item title="ExpectedPower" value="12"></item><item title="EVM" Max="-5" Min="-100"></item><item title="FREQERR" Max="15" Min="-15"></item><item title="SYMCLOCKERR" Max="20" Min="-100"></item><item title="POWER" Max="13,5" Min="10,5" Avg="12"></item><item title="LOLEAKAGE" Max="-17" Min="-100"></item><item title="SPECTRUMMASK" Max="100" Min="0"></item><item title="SPECTRUMMARGIN" Max="1000" Min="0"></item></Criteria><Record><item title="Modulation" value="MCS0NSS1"></item><item title="Bandwidth" value="40"></item><item title="Channel" value="36"></item><item title="Antenna" value="3"></item><item title="ExpectedPower" value="12"></item><item title="Power" value="12"></item><item title="TestType" value="Tx"></item><item title="EVM" value="-20,8909" result="PASS"></item><item title="FREQERR" value="0,93151" result="PASS"></item><item title="SYMCLOCKERR" value="3,28487" result="PASS"></item><item title="POWER" value="9,21266" result="FAIL"></item><item title="LOLEAKAGE" value="-34,9489" result="PASS"></item><item title="SPECTRUMMASK" value="19,8643" result="PASS"></item><item title="SPECTRUMMARGIN" value="19,8643" result="PASS"></item></Record><Criteria><item title="Modulation" value="MCS0NSS1"></item><item title="Bandwidth" value="40"></item><item title="Antenna" value="3"></item><item title="Channel" value="36"></item><item title="RfIcTemperature" value="5133"></item><item title="CpuTemperature" value="61"></item><item title="ExpectedPower" value="13"></item><item title="EVM" Max="-5" Min="-100"></item><item title="FREQERR" Max="15" Min="-15"></item><item title="SYMCLOCKERR" Max="20" Min="-100"></item><item title="POWER" Max="14,5" Min="11,5" Avg="13"></item><item title="LOLEAKAGE" Max="-17" Min="-100"></item><item title="SPECTRUMMASK" Max="100" Min="0"></item><item title="SPECTRUMMARGIN" Max="1000" Min="0"></item></Criteria><Record><item title="Modulation" value="MCS0NSS1"></item><item title="Bandwidth" value="40"></item><item title="Channel" value="36"></item><item title="Antenna" value="3"></item><item title="ExpectedPower" value="13"></item><item title="Power" value="13"></item><item title="TestType" value="Tx"></item><item title="EVM" value="-18,9565" result="PASS"></item><item title="FREQERR" value="0,944717" result="PASS"></item><item title="SYMCLOCKERR" value="3,43674" result="PASS"></item><item title="POWER" value="10,9513" result="FAIL"></item><item title="LOLEAKAGE" value="-36,5295" result="PASS"></item><item title="SPECTRUMMASK" value="18,9047" result="PASS"></item><item title="SPECTRUMMARGIN" value="18,9047" result="PASS"></item></Record><Criteria><item title="Modulation" value="MCS0NSS1"></item><item title="Bandwidth" value="40"></item><item title="Antenna" value="3"></item><item title="Channel" value="36"></item><item title="RfIcTemperature" value="5133"></item><item title="CpuTemperature" value="61"></item><item title="ExpectedPower" value="14"></item><item title="EVM" Max="-5" Min="-100"></item><item title="FREQERR" Max="15" Min="-15"></item><item title="SYMCLOCKERR" Max="20" Min="-100"></item><item title="POWER" Max="15,5" Min="12,5" Avg="14"></item><item title="LOLEAKAGE" Max="-17" Min="-100"></item><item title="SPECTRUMMASK" Max="100" Min="0"></item><item title="SPECTRUMMARGIN" Max="1000" Min="0"></item></Criteria><Record><item title="Modulation" value="MCS0NSS1"></item><item title="Bandwidth" value="40"></item><item title="Channel" value="36"></item><item title="Antenna" value="3"></item><item title="ExpectedPower" value="14"></item><item title="Power" value="14"></item><item title="TestType" value="Tx"></item><item title="EVM" value="-19,709" result="PASS"></item><item title="FREQERR" value="0,944956" result="PASS"></item><item title="SYMCLOCKERR" value="2,89564" result="PASS"></item><item title="POWER" value="11,7411" result="FAIL"></item><item title="LOLEAKAGE" value="-37,1974" result="PASS"></item><item title="SPECTRUMMASK" value="20,1709" result="PASS"></item><item title="SPECTRUMMARGIN" value="20,1709" result="PASS"></item></Record><Criteria><item title="Modulation" value="MCS0NSS1"></item><item title="Bandwidth" value="40"></item><item title="Antenna" value="3"></item><item title="Channel" value="36"></item><item title="RfIcTemperature" value="5133"></item><item title="CpuTemperature" value="61"></item><item title="ExpectedPower" value="15"></item><item title="EVM" Max="-5" Min="-100"></item><item title="FREQERR" Max="15" Min="-15"></item><item title="SYMCLOCKERR" Max="20" Min="-100"></item><item title="POWER" Max="16,5" Min="13,5" Avg="15"></item><item title="LOLEAKAGE" Max="-17" Min="-100"></item><item title="SPECTRUMMASK" Max="100" Min="0"></item><item title="SPECTRUMMARGIN" Max="1000" Min="0"></item></Criteria><Record><item title="Modulation" value="MCS0NSS1"></item><item title="Bandwidth" value="40"></item><item title="Channel" value="36"></item><item title="Antenna" value="3"></item><item title="ExpectedPower" value="15"></item><item title="Power" value="15"></item><item title="TestType" value="Tx"></item><item title="EVM" value="-19,2044" result="PASS"></item><item title="FREQERR" value="0,946993" result="PASS"></item><item title="SYMCLOCKERR" value="4,4514" result="PASS"></item><item title="POWER" value="13,0617" result="FAIL"></item><item title="LOLEAKAGE" value="-37,9161" result="PASS"></item><item title="SPECTRUMMASK" value="18,1214" result="PASS"></item><item title="SPECTRUMMARGIN" value="18,1214" result="PASS"></item></Record><Criteria><item title="Modulation" value="MCS0NSS1"></item><item title="Bandwidth" value="40"></item><item title="Antenna" value="3"></item><item title="Channel" value="36"></item><item title="RfIcTemperature" value="5133"></item><item title="CpuTemperature" value="61"></item><item title="ExpectedPower" value="16"></item><item title="EVM" Max="-5" Min="-100"></item><item title="FREQERR" Max="15" Min="-15"></item><item title="SYMCLOCKERR" Max="20" Min="-100"></item><item title="POWER" Max="17,5" Min="14,5" Avg="16"></item><item title="LOLEAKAGE" Max="-17" Min="-100"></item><item title="SPECTRUMMASK" Max="100" Min="0"></item><item title="SPECTRUMMARGIN" Max="1000" Min="0"></item></Criteria><Record><item title="Modulation" value="MCS0NSS1"></item><item title="Bandwidth" value="40"></item><item title="Channel" value="36"></item><item title="Antenna" value="3"></item><item title="ExpectedPower" value="16"></item><item title="Power" value="16"></item><item title="TestType" value="Tx"></item><item title="EVM" value="-20,6205" result="PASS"></item><item title="FREQERR" value="0,941978" result="PASS"></item><item title="SYMCLOCKERR" value="2,53541" result="PASS"></item><item title="POWER" value="13,9893" result="FAIL"></item><item title="LOLEAKAGE" value="-38,38" result="PASS"></item><item title="SPECTRUMMASK" value="20,116" result="PASS"></item><item title="SPECTRUMMARGIN" value="20,116" result="PASS"></item></Record><Criteria><item title="Modulation" value="MCS0NSS1"></item><item title="Bandwidth" value="40"></item><item title="Antenna" value="3"></item><item title="Channel" value="36"></item><item title="RfIcTemperature" value="5133"></item><item title="CpuTemperature" value="61"></item><item title="ExpectedPower" value="17"></item><item title="EVM" Max="-5" Min="-100"></item><item title="FREQERR" Max="15" Min="-15"></item><item title="SYMCLOCKERR" Max="20" Min="-100"></item><item title="POWER" Max="18,5" Min="15,5" Avg="17"></item><item title="LOLEAKAGE" Max="-17" Min="-100"></item><item title="SPECTRUMMASK" Max="100" Min="0"></item><item title="SPECTRUMMARGIN" Max="1000" Min="0"></item></Criteria><Record><item title="Modulation" value="MCS0NSS1"></item><item title="Bandwidth" value="40"></item><item title="Channel" value="36"></item><item title="Antenna" value="3"></item><item title="ExpectedPower" value="17"></item><item title="Power" value="17"></item><item title="TestType" value="Tx"></item><item title="EVM" value="-20,1388" result="PASS"></item><item title="FREQERR" value="0,955336" result="PASS"></item><item title="SYMCLOCKERR" value="2,62108" result="PASS"></item><item title="POWER" value="15,0755" result="FAIL"></item><item title="LOLEAKAGE" value="-38,1534" result="PASS"></item><item title="SPECTRUMMASK" value="19,932" result="PASS"></item><item title="SPECTRUMMARGIN" value="19,932" result="PASS"></item></Record><Criteria><item title="Modulation" value="MCS0NSS1"></item><item title="Bandwidth" value="40"></item><item title="Antenna" value="3"></item><item title="Channel" value="36"></item><item title="RfIcTemperature" value="5133"></item><item title="CpuTemperature" value="61"></item><item title="ExpectedPower" value="18"></item><item title="EVM" Max="-5" Min="-100"></item><item title="FREQERR" Max="15" Min="-15"></item><item title="SYMCLOCKERR" Max="20" Min="-100"></item><item title="POWER" Max="19,5" Min="16,5" Avg="18"></item><item title="LOLEAKAGE" Max="-17" Min="-100"></item><item title="SPECTRUMMASK" Max="100" Min="0"></item><item title="SPECTRUMMARGIN" Max="1000" Min="0"></item></Criteria><Record><item title="Modulation" value="MCS0NSS1"></item><item title="Bandwidth" value="40"></item><item title="Channel" value="36"></item><item title="Antenna" value="3"></item><item title="ExpectedPower" value="18"></item><item title="Power" value="18"></item><item title="TestType" value="Tx"></item><item title="EVM" value="-19,5467" result="PASS"></item><item title="FREQERR" value="0,961158" result="PASS"></item><item title="SYMCLOCKERR" value="0,76568" result="PASS"></item><item title="POWER" value="16,0769" result="FAIL"></item><item title="LOLEAKAGE" value="-39,44" result="PASS"></item><item title="SPECTRUMMASK" value="18,3261" result="PASS"></item><item title="SPECTRUMMARGIN" value="18,3261" result="PASS"></item></Record><Criteria><item title="Modulation" value="MCS0NSS1"></item><item title="Bandwidth" value="40"></item><item title="Antenna" value="3"></item><item title="Channel" value="36"></item><item title="RfIcTemperature" value="5133"></item><item title="CpuTemperature" value="61"></item><item title="ExpectedPower" value="19"></item><item title="EVM" Max="-5" Min="-100"></item><item title="FREQERR" Max="15" Min="-15"></item><item title="SYMCLOCKERR" Max="20" Min="-100"></item><item title="POWER" Max="20,5" Min="17,5" Avg="19"></item><item title="LOLEAKAGE" Max="-17" Min="-100"></item><item title="SPECTRUMMASK" Max="100" Min="0"></item><item title="SPECTRUMMARGIN" Max="1000" Min="0"></item></Criteria><Record><item title="Modulation" value="MCS0NSS1"></item><item title="Bandwidth" value="40"></item><item title="Channel" value="36"></item><item title="Antenna" value="3"></item><item title="ExpectedPower" value="19"></item><item title="Power" value="19"></item><item title="TestType" value="Tx"></item><item title="EVM" value="-19,5706" result="PASS"></item><item title="FREQERR" value="0,962889" result="PASS"></item><item title="SYMCLOCKERR" value="1,59583" result="PASS"></item><item title="POWER" value="17,1564" result="FAIL"></item><item title="LOLEAKAGE" value="-40,1549" result="PASS"></item><item title="SPECTRUMMASK" value="16,5428" result="PASS"></item><item title="SPECTRUMMARGIN" value="16,5428" result="PASS"></item></Record><Criteria><item title="Modulation" value="MCS0NSS1"></item><item title="Bandwidth" value="40"></item><item title="Antenna" value="3"></item><item title="Channel" value="36"></item><item title="RfIcTemperature" value="5133"></item><item title="CpuTemperature" value="61"></item><item title="ExpectedPower" value="20"></item><item title="EVM" Max="-5" Min="-100"></item><item title="FREQERR" Max="15" Min="-15"></item><item title="SYMCLOCKERR" Max="20" Min="-100"></item><item title="POWER" Max="21,5" Min="18,5" Avg="20"></item><item title="LOLEAKAGE" Max="-17" Min="-100"></item><item title="SPECTRUMMASK" Max="100" Min="0"></item><item title="SPECTRUMMARGIN" Max="1000" Min="0"></item></Criteria><Record><item title="Modulation" value="MCS0NSS1"></item><item title="Bandwidth" value="40"></item><item title="Channel" value="36"></item><item title="Antenna" value="3"></item><item title="ExpectedPower" value="20"></item><item title="Power" value="20"></item><item title="TestType" value="Tx"></item><item title="EVM" value="-20,116" result="PASS"></item><item title="FREQERR" value="0,965157" result="PASS"></item><item title="SYMCLOCKERR" value="0,917316" result="PASS"></item><item title="POWER" value="17,9813" result="FAIL"></item><item title="LOLEAKAGE" value="-38,3855" result="PASS"></item><item title="SPECTRUMMASK" value="16,3491" result="PASS"></item><item title="SPECTRUMMARGIN" value="16,3491" result="PASS"></item></Record><Criteria><item title="Modulation" value="MCS0NSS1"></item><item title="Bandwidth" value="40"></item><item title="Antenna" value="3"></item><item title="Channel" value="36"></item><item title="RfIcTemperature" value="5133"></item><item title="CpuTemperature" value="61"></item><item title="ExpectedPower" value="21"></item><item title="EVM" Max="-5" Min="-100"></item><item title="FREQERR" Max="15" Min="-15"></item><item title="SYMCLOCKERR" Max="20" Min="-100"></item><item title="POWER" Max="22,5" Min="19,5" Avg="21"></item><item title="LOLEAKAGE" Max="-17" Min="-100"></item><item title="SPECTRUMMASK" Max="100" Min="0"></item><item title="SPECTRUMMARGIN" Max="1000" Min="0"></item></Criteria><Record><item title="Modulation" value="MCS0NSS1"></item><item title="Bandwidth" value="40"></item><item title="Channel" value="36"></item><item title="Antenna" value="3"></item><item title="ExpectedPower" value="21"></item><item title="Power" value="21"></item><item title="TestType" value="Tx"></item><item title="EVM" value="-19,6647" result="PASS"></item><item title="FREQERR" value="0,970697" result="PASS"></item><item title="SYMCLOCKERR" value="3,13142" result="PASS"></item><item title="POWER" value="19,3935" result="FAIL"></item><item title="LOLEAKAGE" value="-43,9251" result="PASS"></item><item title="SPECTRUMMASK" value="13,5915" result="PASS"></item><item title="SPECTRUMMARGIN" value="13,5915" result="PASS"></item></Record><Criteria><item title="Modulation" value="MCS0NSS1"></item><item title="Bandwidth" value="40"></item><item title="Antenna" value="3"></item><item title="Channel" value="36"></item><item title="RfIcTemperature" value="5133"></item><item title="CpuTemperature" value="61"></item><item title="ExpectedPower" value="22"></item><item title="EVM" Max="-5" Min="-100"></item><item title="FREQERR" Max="15" Min="-15"></item><item title="SYMCLOCKERR" Max="20" Min="-100"></item><item title="POWER" Max="23,5" Min="20,5" Avg="22"></item><item title="LOLEAKAGE" Max="-17" Min="-100"></item><item title="SPECTRUMMASK" Max="100" Min="0"></item><item title="SPECTRUMMARGIN" Max="1000" Min="0"></item></Criteria><Record><item title="Modulation" value="MCS0NSS1"></item><item title="Bandwidth" value="40"></item><item title="Channel" value="36"></item><item title="Antenna" value="3"></item><item title="ExpectedPower" value="22"></item><item title="Power" value="22"></item><item title="TestType" value="Tx"></item><item title="EVM" value="-19,5508" result="PASS"></item><item title="FREQERR" value="0,972096" result="PASS"></item><item title="SYMCLOCKERR" value="2,83758" result="PASS"></item><item title="POWER" value="20,2298" result="FAIL"></item><item title="LOLEAKAGE" value="-37,2871" result="PASS"></item><item title="SPECTRUMMASK" value="11,9406" result="PASS"></item><item title="SPECTRUMMARGIN" value="11,9406" result="PASS"></item></Record><Criteria><item title="Modulation" value="MCS0NSS1"></item><item title="Bandwidth" value="40"></item><item title="Antenna" value="3"></item><item title="Channel" value="36"></item><item title="RfIcTemperature" value="5133"></item><item title="CpuTemperature" value="61"></item><item title="ExpectedPower" value="23"></item><item title="EVM" Max="-5" Min="-100"></item><item title="FREQERR" Max="15" Min="-15"></item><item title="SYMCLOCKERR" Max="20" Min="-100"></item><item title="POWER" Max="24,5" Min="21,5" Avg="23"></item><item title="LOLEAKAGE" Max="-17" Min="-100"></item><item title="SPECTRUMMASK" Max="100" Min="0"></item><item title="SPECTRUMMARGIN" Max="1000" Min="0"></item></Criteria><Record><item title="Modulation" value="MCS0NSS1"></item><item title="Bandwidth" value="40"></item><item title="Channel" value="36"></item><item title="Antenna" value="3"></item><item title="ExpectedPower" value="23"></item><item title="Power" value="23"></item><item title="TestType" value="Tx"></item><item title="EVM" value="-19,6103" result="PASS"></item><item title="FREQERR" value="0,973282" result="PASS"></item><item title="SYMCLOCKERR" value="2,53574" result="PASS"></item><item title="POWER" value="21,1428" result="FAIL"></item><item title="LOLEAKAGE" value="-47,8747" result="PASS"></item><item title="SPECTRUMMASK" value="9,09671" result="PASS"></item><item title="SPECTRUMMARGIN" value="9,09671" result="PASS"></item></Record><Criteria><item title="Modulation" value="MCS0NSS1"></item><item title="Bandwidth" value="40"></item><item title="Antenna" value="3"></item><item title="Channel" value="36"></item><item title="RfIcTemperature" value="5133"></item><item title="CpuTemperature" value="61"></item><item title="ExpectedPower" value="24"></item><item title="EVM" Max="-5" Min="-100"></item><item title="FREQERR" Max="15" Min="-15"></item><item title="SYMCLOCKERR" Max="20" Min="-100"></item><item title="POWER" Max="25,5" Min="22,5" Avg="24"></item><item title="LOLEAKAGE" Max="-17" Min="-100"></item><item title="SPECTRUMMASK" Max="100" Min="0"></item><item title="SPECTRUMMARGIN" Max="1000" Min="0"></item></Criteria><Record><item title="Modulation" value="MCS0NSS1"></item><item title="Bandwidth" value="40"></item><item title="Channel" value="36"></item><item title="Antenna" value="3"></item><item title="ExpectedPower" value="24"></item><item title="Power" value="24"></item><item title="TestType" value="Tx"></item><item title="EVM" value="-18,5485" result="PASS"></item><item title="FREQERR" value="0,970836" result="PASS"></item><item title="SYMCLOCKERR" value="1,8064" result="PASS"></item><item title="POWER" value="22,3938" result="FAIL"></item><item title="LOLEAKAGE" value="-38,8106" result="PASS"></item><item title="SPECTRUMMASK" value="4,79948" result="PASS"></item><item title="SPECTRUMMARGIN" value="4,79948" result="PASS"></item></Record><Criteria><item title="Modulation" value="MCS0NSS1"></item><item title="Bandwidth" value="40"></item><item title="Antenna" value="3"></item><item title="Channel" value="36"></item><item title="RfIcTemperature" value="5133"></item><item title="CpuTemperature" value="61"></item><item title="ExpectedPower" value="25"></item><item title="EVM" Max="-5" Min="-100"></item><item title="FREQERR" Max="15" Min="-15"></item><item title="SYMCLOCKERR" Max="20" Min="-100"></item><item title="POWER" Max="26,5" Min="23,5" Avg="25"></item><item title="LOLEAKAGE" Max="-17" Min="-100"></item><item title="SPECTRUMMASK" Max="100" Min="0"></item><item title="SPECTRUMMARGIN" Max="1000" Min="0"></item></Criteria><Record><item title="Modulation" value="MCS0NSS1"></item><item title="Bandwidth" value="40"></item><item title="Channel" value="36"></item><item title="Antenna" value="3"></item><item title="ExpectedPower" value="25"></item><item title="Power" value="25"></item><item title="TestType" value="Tx"></item><item title="EVM" value="-18,4397" result="PASS"></item><item title="FREQERR" value="0,972047" result="PASS"></item><item title="SYMCLOCKERR" value="4,96567" result="PASS"></item><item title="POWER" value="23,3198" result="FAIL"></item><item title="LOLEAKAGE" value="-43,0603" result="PASS"></item><item title="SPECTRUMMASK" value="1,48529" result="PASS"></item><item title="SPECTRUMMARGIN" value="1,48529" result="PASS"></item></Record><Criteria><item title="Modulation" value="MCS0NSS1"></item><item title="Bandwidth" value="40"></item><item title="Antenna" value="0"></item><item title="Channel" value="52"></item><item title="RfIcTemperature" value="5133"></item><item title="CpuTemperature" value="61"></item><item title="ExpectedPower" value="10"></item><item title="EVM" Max="-5" Min="-100"></item><item title="FREQERR" Max="15" Min="-15"></item><item title="SYMCLOCKERR" Max="20" Min="-100"></item><item title="POWER" Max="11,5" Min="8,5" Avg="10"></item><item title="LOLEAKAGE" Max="-17" Min="-100"></item><item title="SPECTRUMMASK" Max="100" Min="0"></item><item title="SPECTRUMMARGIN" Max="1000" Min="0"></item></Criteria><Record><item title="Modulation" value="MCS0NSS1"></item><item title="Bandwidth" value="40"></item><item title="Channel" value="52"></item><item title="Antenna" value="0"></item><item title="ExpectedPower" value="10"></item><item title="Power" value="10"></item><item title="TestType" value="Tx"></item><item title="EVM" value="-19,754" result="PASS"></item><item title="FREQERR" value="0,94014" result="PASS"></item><item title="SYMCLOCKERR" value="2,34932" result="PASS"></item><item title="POWER" value="7,16298" result="FAIL"></item><item title="LOLEAKAGE" value="-30,2583" result="PASS"></item><item title="SPECTRUMMASK" value="17,8258" result="PASS"></item><item title="SPECTRUMMARGIN" value="17,8258" result="PASS"></item></Record><Criteria><item title="Modulation" value="MCS0NSS1"></item><item title="Bandwidth" value="40"></item><item title="Antenna" value="0"></item><item title="Channel" value="52"></item><item title="RfIcTemperature" value="5133"></item><item title="CpuTemperature" value="61"></item><item title="ExpectedPower" value="11"></item><item title="EVM" Max="-5" Min="-100"></item><item title="FREQERR" Max="15" Min="-15"></item><item title="SYMCLOCKERR" Max="20" Min="-100"></item><item title="POWER" Max="12,5" Min="9,5" Avg="11"></item><item title="LOLEAKAGE" Max="-17" Min="-100"></item><item title="SPECTRUMMASK" Max="100" Min="0"></item><item title="SPECTRUMMARGIN" Max="1000" Min="0"></item></Criteria><Record><item title="Modulation" value="MCS0NSS1"></item><item title="Bandwidth" value="40"></item><item title="Channel" value="52"></item><item title="Antenna" value="0"></item><item title="ExpectedPower" value="11"></item><item title="Power" value="11"></item><item title="TestType" value="Tx"></item><item title="EVM" value="-18,9762" result="PASS"></item><item title="FREQERR" value="0,944287" result="PASS"></item><item title="SYMCLOCKERR" value="1,82324" result="PASS"></item><item title="POWER" value="8,18199" result="FAIL"></item><item title="LOLEAKAGE" value="-30,5115" result="PASS"></item><item title="SPECTRUMMASK" value="19,2378" result="PASS"></item><item title="SPECTRUMMARGIN" value="19,2378" result="PASS"></item></Record><Criteria><item title="Modulation" value="MCS0NSS1"></item><item title="Bandwidth" value="40"></item><item title="Antenna" value="0"></item><item title="Channel" value="52"></item><item title="RfIcTemperature" value="5133"></item><item title="CpuTemperature" value="61"></item><item title="ExpectedPower" value="12"></item><item title="EVM" Max="-5" Min="-100"></item><item title="FREQERR" Max="15" Min="-15"></item><item title="SYMCLOCKERR" Max="20" Min="-100"></item><item title="POWER" Max="13,5" Min="10,5" Avg="12"></item><item title="LOLEAKAGE" Max="-17" Min="-100"></item><item title="SPECTRUMMASK" Max="100" Min="0"></item><item title="SPECTRUMMARGIN" Max="1000" Min="0"></item></Criteria><Record><item title="Modulation" value="MCS0NSS1"></item><item title="Bandwidth" value="40"></item><item title="Channel" value="52"></item><item title="Antenna" value="0"></item><item title="ExpectedPower" value="12"></item><item title="Power" value="12"></item><item title="TestType" value="Tx"></item><item title="EVM" value="-18,7247" result="PASS"></item><item title="FREQERR" value="0,9448" result="PASS"></item><item title="SYMCLOCKERR" value="0,84317" result="PASS"></item><item title="POWER" value="9,63118" result="FAIL"></item><item title="LOLEAKAGE" value="-33,9498" result="PASS"></item><item title="SPECTRUMMASK" value="20,478" result="PASS"></item><item title="SPECTRUMMARGIN" value="20,478" result="PASS"></item></Record><Criteria><item title="Modulation" value="MCS0NSS1"></item><item title="Bandwidth" value="40"></item><item title="Antenna" value="0"></item><item title="Channel" value="52"></item><item title="RfIcTemperature" value="5133"></item><item title="CpuTemperature" value="61"></item><item title="ExpectedPower" value="13"></item><item title="EVM" Max="-5" Min="-100"></item><item title="FREQERR" Max="15" Min="-15"></item><item title="SYMCLOCKERR" Max="20" Min="-100"></item><item title="POWER" Max="14,5" Min="11,5" Avg="13"></item><item title="LOLEAKAGE" Max="-17" Min="-100"></item><item title="SPECTRUMMASK" Max="100" Min="0"></item><item title="SPECTRUMMARGIN" Max="1000" Min="0"></item></Criteria><Record><item title="Modulation" value="MCS0NSS1"></item><item title="Bandwidth" value="40"></item><item title="Channel" value="52"></item><item title="Antenna" value="0"></item><item title="ExpectedPower" value="13"></item><item title="Power" value="13"></item><item title="TestType" value="Tx"></item><item title="EVM" value="-19,2534" result="PASS"></item><item title="FREQERR" value="0,950813" result="PASS"></item><item title="SYMCLOCKERR" value="1,26996" result="PASS"></item><item title="POWER" value="10,5004" result="FAIL"></item><item title="LOLEAKAGE" value="-33,9984" result="PASS"></item><item title="SPECTRUMMASK" value="20,792" result="PASS"></item><item title="SPECTRUMMARGIN" value="20,792" result="PASS"></item></Record><Criteria><item title="Modulation" value="MCS0NSS1"></item><item title="Bandwidth" value="40"></item><item title="Antenna" value="0"></item><item title="Channel" value="52"></item><item title="RfIcTemperature" value="5133"></item><item title="CpuTemperature" value="61"></item><item title="ExpectedPower" value="14"></item><item title="EVM" Max="-5" Min="-100"></item><item title="FREQERR" Max="15" Min="-15"></item><item title="SYMCLOCKERR" Max="20" Min="-100"></item><item title="POWER" Max="15,5" Min="12,5" Avg="14"></item><item title="LOLEAKAGE" Max="-17" Min="-100"></item><item title="SPECTRUMMASK" Max="100" Min="0"></item><item title="SPECTRUMMARGIN" Max="1000" Min="0"></item></Criteria><Record><item title="Modulation" value="MCS0NSS1"></item><item title="Bandwidth" value="40"></item><item title="Channel" value="52"></item><item title="Antenna" value="0"></item><item title="ExpectedPower" value="14"></item><item title="Power" value="14"></item><item title="TestType" value="Tx"></item><item title="EVM" value="-19,3573" result="PASS"></item><item title="FREQERR" value="0,948832" result="PASS"></item><item title="SYMCLOCKERR" value="1,80453" result="PASS"></item><item title="POWER" value="11,6426" result="FAIL"></item><item title="LOLEAKAGE" value="-37,2762" result="PASS"></item><item title="SPECTRUMMASK" value="19,5798" result="PASS"></item><item title="SPECTRUMMARGIN" value="19,5798" result="PASS"></item></Record><Criteria><item title="Modulation" value="MCS0NSS1"></item><item title="Bandwidth" value="40"></item><item title="Antenna" value="0"></item><item title="Channel" value="52"></item><item title="RfIcTemperature" value="5133"></item><item title="CpuTemperature" value="61"></item><item title="ExpectedPower" value="15"></item><item title="EVM" Max="-5" Min="-100"></item><item title="FREQERR" Max="15" Min="-15"></item><item title="SYMCLOCKERR" Max="20" Min="-100"></item><item title="POWER" Max="16,5" Min="13,5" Avg="15"></item><item title="LOLEAKAGE" Max="-17" Min="-100"></item><item title="SPECTRUMMASK" Max="100" Min="0"></item><item title="SPECTRUMMARGIN" Max="1000" Min="0"></item></Criteria><Record><item title="Modulation" value="MCS0NSS1"></item><item title="Bandwidth" value="40"></item><item title="Channel" value="52"></item><item title="Antenna" value="0"></item><item title="ExpectedPower" value="15"></item><item title="Power" value="15"></item><item title="TestType" value="Tx"></item><item title="EVM" value="-19,1844" result="PASS"></item><item title="FREQERR" value="0,956555" result="PASS"></item><item title="SYMCLOCKERR" value="3,47933" result="PASS"></item><item title="POWER" value="12,6193" result="FAIL"></item><item title="LOLEAKAGE" value="-39,641" result="PASS"></item><item title="SPECTRUMMASK" value="19,8035" result="PASS"></item><item title="SPECTRUMMARGIN" value="19,8035" result="PASS"></item></Record><Criteria><item title="Modulation" value="MCS0NSS1"></item><item title="Bandwidth" value="40"></item><item title="Antenna" value="0"></item><item title="Channel" value="52"></item><item title="RfIcTemperature" value="5133"></item><item title="CpuTemperature" value="61"></item><item title="ExpectedPower" value="16"></item><item title="EVM" Max="-5" Min="-100"></item><item title="FREQERR" Max="15" Min="-15"></item><item title="SYMCLOCKERR" Max="20" Min="-100"></item><item title="POWER" Max="17,5" Min="14,5" Avg="16"></item><item title="LOLEAKAGE" Max="-17" Min="-100"></item><item title="SPECTRUMMASK" Max="100" Min="0"></item><item title="SPECTRUMMARGIN" Max="1000" Min="0"></item></Criteria><Record><item title="Modulation" value="MCS0NSS1"></item><item title="Bandwidth" value="40"></item><item title="Channel" value="52"></item><item title="Antenna" value="0"></item><item title="ExpectedPower" value="16"></item><item title="Power" value="16"></item><item title="TestType" value="Tx"></item><item title="EVM" value="-18,6878" result="PASS"></item><item title="FREQERR" value="0,960011" result="PASS"></item><item title="SYMCLOCKERR" value="0,997457" result="PASS"></item><item title="POWER" value="13,7795" result="FAIL"></item><item title="LOLEAKAGE" value="-38,7559" result="PASS"></item><item title="SPECTRUMMASK" value="19,8532" result="PASS"></item><item title="SPECTRUMMARGIN" value="19,8532" result="PASS"></item></Record><Criteria><item title="Modulation" value="MCS0NSS1"></item><item title="Bandwidth" value="40"></item><item title="Antenna" value="0"></item><item title="Channel" value="52"></item><item title="RfIcTemperature" value="5133"></item><item title="CpuTemperature" value="61"></item><item title="ExpectedPower" value="17"></item><item title="EVM" Max="-5" Min="-100"></item><item title="FREQERR" Max="15" Min="-15"></item><item title="SYMCLOCKERR" Max="20" Min="-100"></item><item title="POWER" Max="18,5" Min="15,5" Avg="17"></item><item title="LOLEAKAGE" Max="-17" Min="-100"></item><item title="SPECTRUMMASK" Max="100" Min="0"></item><item title="SPECTRUMMARGIN" Max="1000" Min="0"></item></Criteria><Record><item title="Modulation" value="MCS0NSS1"></item><item title="Bandwidth" value="40"></item><item title="Channel" value="52"></item><item title="Antenna" value="0"></item><item title="ExpectedPower" value="17"></item><item title="Power" value="17"></item><item title="TestType" value="Tx"></item><item title="EVM" value="-19,084" result="PASS"></item><item title="FREQERR" value="0,961736" result="PASS"></item><item title="SYMCLOCKERR" value="1,66975" result="PASS"></item><item title="POWER" value="14,7118" result="FAIL"></item><item title="LOLEAKAGE" value="-40,8605" result="PASS"></item><item title="SPECTRUMMASK" value="20,476" result="PASS"></item><item title="SPECTRUMMARGIN" value="20,476" result="PASS"></item></Record><Criteria><item title="Modulation" value="MCS0NSS1"></item><item title="Bandwidth" value="40"></item><item title="Antenna" value="0"></item><item title="Channel" value="52"></item><item title="RfIcTemperature" value="5133"></item><item title="CpuTemperature" value="61"></item><item title="ExpectedPower" value="18"></item><item title="EVM" Max="-5" Min="-100"></item><item title="FREQERR" Max="15" Min="-15"></item><item title="SYMCLOCKERR" Max="20" Min="-100"></item><item title="POWER" Max="19,5" Min="16,5" Avg="18"></item><item title="LOLEAKAGE" Max="-17" Min="-100"></item><item title="SPECTRUMMASK" Max="100" Min="0"></item><item title="SPECTRUMMARGIN" Max="1000" Min="0"></item></Criteria><Record><item title="Modulation" value="MCS0NSS1"></item><item title="Bandwidth" value="40"></item><item title="Channel" value="52"></item><item title="Antenna" value="0"></item><item title="ExpectedPower" value="18"></item><item title="Power" value="18"></item><item title="TestType" value="Tx"></item><item title="EVM" value="-20,0261" result="PASS"></item><item title="FREQERR" value="0,965821" result="PASS"></item><item title="SYMCLOCKERR" value="5,20781" result="PASS"></item><item title="POWER" value="15,7086" result="FAIL"></item><item title="LOLEAKAGE" value="-42,6892" result="PASS"></item><item title="SPECTRUMMASK" value="18,5574" result="PASS"></item><item title="SPECTRUMMARGIN" value="18,5574" result="PASS"></item></Record><Criteria><item title="Modulation" value="MCS0NSS1"></item><item title="Bandwidth" value="40"></item><item title="Antenna" value="0"></item><item title="Channel" value="52"></item><item title="RfIcTemperature" value="5133"></item><item title="CpuTemperature" value="61"></item><item title="ExpectedPower" value="19"></item><item title="EVM" Max="-5" Min="-100"></item><item title="FREQERR" Max="15" Min="-15"></item><item title="SYMCLOCKERR" Max="20" Min="-100"></item><item title="POWER" Max="20,5" Min="17,5" Avg="19"></item><item title="LOLEAKAGE" Max="-17" Min="-100"></item><item title="SPECTRUMMASK" Max="100" Min="0"></item><item title="SPECTRUMMARGIN" Max="1000" Min="0"></item></Criteria><Record><item title="Modulation" value="MCS0NSS1"></item><item title="Bandwidth" value="40"></item><item title="Channel" value="52"></item><item title="Antenna" value="0"></item><item title="ExpectedPower" value="19"></item><item title="Power" value="19"></item><item title="TestType" value="Tx"></item><item title="EVM" value="-20,0757" result="PASS"></item><item title="FREQERR" value="0,968443" result="PASS"></item><item title="SYMCLOCKERR" value="1,10245" result="PASS"></item><item title="POWER" value="16,9728" result="FAIL"></item><item title="LOLEAKAGE" value="-48,4327" result="PASS"></item><item title="SPECTRUMMASK" value="17,3698" result="PASS"></item><item title="SPECTRUMMARGIN" value="17,3698" result="PASS"></item></Record><Criteria><item title="Modulation" value="MCS0NSS1"></item><item title="Bandwidth" value="40"></item><item title="Antenna" value="0"></item><item title="Channel" value="52"></item><item title="RfIcTemperature" value="5133"></item><item title="CpuTemperature" value="61"></item><item title="ExpectedPower" value="20"></item><item title="EVM" Max="-5" Min="-100"></item><item title="FREQERR" Max="15" Min="-15"></item><item title="SYMCLOCKERR" Max="20" Min="-100"></item><item title="POWER" Max="21,5" Min="18,5" Avg="20"></item><item title="LOLEAKAGE" Max="-17" Min="-100"></item><item title="SPECTRUMMASK" Max="100" Min="0"></item><item title="SPECTRUMMARGIN" Max="1000" Min="0"></item></Criteria><Record><item title="Modulation" value="MCS0NSS1"></item><item title="Bandwidth" value="40"></item><item title="Channel" value="52"></item><item title="Antenna" value="0"></item><item title="ExpectedPower" value="20"></item><item title="Power" value="20"></item><item title="TestType" value="Tx"></item><item title="EVM" value="-19,5657" result="PASS"></item><item title="FREQERR" value="0,97546" result="PASS"></item><item title="SYMCLOCKERR" value="1,68473" result="PASS"></item><item title="POWER" value="17,8725" result="FAIL"></item><item title="LOLEAKAGE" value="-56,8863" result="PASS"></item><item title="SPECTRUMMASK" value="16,3682" result="PASS"></item><item title="SPECTRUMMARGIN" value="16,3682" result="PASS"></item></Record><Criteria><item title="Modulation" value="MCS0NSS1"></item><item title="Bandwidth" value="40"></item><item title="Antenna" value="0"></item><item title="Channel" value="52"></item><item title="RfIcTemperature" value="5133"></item><item title="CpuTemperature" value="61"></item><item title="ExpectedPower" value="21"></item><item title="EVM" Max="-5" Min="-100"></item><item title="FREQERR" Max="15" Min="-15"></item><item title="SYMCLOCKERR" Max="20" Min="-100"></item><item title="POWER" Max="22,5" Min="19,5" Avg="21"></item><item title="LOLEAKAGE" Max="-17" Min="-100"></item><item title="SPECTRUMMASK" Max="100" Min="0"></item><item title="SPECTRUMMARGIN" Max="1000" Min="0"></item></Criteria><Record><item title="Modulation" value="MCS0NSS1"></item><item title="Bandwidth" value="40"></item><item title="Channel" value="52"></item><item title="Antenna" value="0"></item><item title="ExpectedPower" value="21"></item><item title="Power" value="21"></item><item title="TestType" value="Tx"></item><item title="EVM" value="-19,0654" result="PASS"></item><item title="FREQERR" value="0,977215" result="PASS"></item><item title="SYMCLOCKERR" value="2,43855" result="PASS"></item><item title="POWER" value="18,8432" result="FAIL"></item><item title="LOLEAKAGE" value="-44,3958" result="PASS"></item><item title="SPECTRUMMASK" value="14,3979" result="PASS"></item><item title="SPECTRUMMARGIN" value="14,3979" result="PASS"></item></Record><Criteria><item title="Modulation" value="MCS0NSS1"></item><item title="Bandwidth" value="40"></item><item title="Antenna" value="0"></item><item title="Channel" value="52"></item><item title="RfIcTemperature" value="5133"></item><item title="CpuTemperature" value="61"></item><item title="ExpectedPower" value="22"></item><item title="EVM" Max="-5" Min="-100"></item><item title="FREQERR" Max="15" Min="-15"></item><item title="SYMCLOCKERR" Max="20" Min="-100"></item><item title="POWER" Max="23,5" Min="20,5" Avg="22"></item><item title="LOLEAKAGE" Max="-17" Min="-100"></item><item title="SPECTRUMMASK" Max="100" Min="0"></item><item title="SPECTRUMMARGIN" Max="1000" Min="0"></item></Criteria><Record><item title="Modulation" value="MCS0NSS1"></item><item title="Bandwidth" value="40"></item><item title="Channel" value="52"></item><item title="Antenna" value="0"></item><item title="ExpectedPower" value="22"></item><item title="Power" value="22"></item><item title="TestType" value="Tx"></item><item title="EVM" value="-19,8433" result="PASS"></item><item title="FREQERR" value="0,975009" result="PASS"></item><item title="SYMCLOCKERR" value="2,16991" result="PASS"></item><item title="POWER" value="20,0451" result="FAIL"></item><item title="LOLEAKAGE" value="-62,6765" result="PASS"></item><item title="SPECTRUMMASK" value="11,977" result="PASS"></item><item title="SPECTRUMMARGIN" value="11,977" result="PASS"></item></Record><Criteria><item title="Modulation" value="MCS0NSS1"></item><item title="Bandwidth" value="40"></item><item title="Antenna" value="0"></item><item title="Channel" value="52"></item><item title="RfIcTemperature" value="5133"></item><item title="CpuTemperature" value="61"></item><item title="ExpectedPower" value="23"></item><item title="EVM" Max="-5" Min="-100"></item><item title="FREQERR" Max="15" Min="-15"></item><item title="SYMCLOCKERR" Max="20" Min="-100"></item><item title="POWER" Max="24,5" Min="21,5" Avg="23"></item><item title="LOLEAKAGE" Max="-17" Min="-100"></item><item title="SPECTRUMMASK" Max="100" Min="0"></item><item title="SPECTRUMMARGIN" Max="1000" Min="0"></item></Criteria><Record><item title="Modulation" value="MCS0NSS1"></item><item title="Bandwidth" value="40"></item><item title="Channel" value="52"></item><item title="Antenna" value="0"></item><item title="ExpectedPower" value="23"></item><item title="Power" value="23"></item><item title="TestType" value="Tx"></item><item title="EVM" value="-19,5509" result="PASS"></item><item title="FREQERR" value="0,980082" result="PASS"></item><item title="SYMCLOCKERR" value="0,552652" result="PASS"></item><item title="POWER" value="21,0846" result="FAIL"></item><item title="LOLEAKAGE" value="-61,5699" result="PASS"></item><item title="SPECTRUMMASK" value="9,9697" result="PASS"></item><item title="SPECTRUMMARGIN" value="9,9697" result="PASS"></item></Record><Criteria><item title="Modulation" value="MCS0NSS1"></item><item title="Bandwidth" value="40"></item><item title="Antenna" value="0"></item><item title="Channel" value="52"></item><item title="RfIcTemperature" value="5133"></item><item title="CpuTemperature" value="61"></item><item title="ExpectedPower" value="24"></item><item title="EVM" Max="-5" Min="-100"></item><item title="FREQERR" Max="15" Min="-15"></item><item title="SYMCLOCKERR" Max="20" Min="-100"></item><item title="POWER" Max="25,5" Min="22,5" Avg="24"></item><item title="LOLEAKAGE" Max="-17" Min="-100"></item><item title="SPECTRUMMASK" Max="100" Min="0"></item><item title="SPECTRUMMARGIN" Max="1000" Min="0"></item></Criteria><Record><item title="Modulation" value="MCS0NSS1"></item><item title="Bandwidth" value="40"></item><item title="Channel" value="52"></item><item title="Antenna" value="0"></item><item title="ExpectedPower" value="24"></item><item title="Power" value="24"></item><item title="TestType" value="Tx"></item><item title="EVM" value="-19,7706" result="PASS"></item><item title="FREQERR" value="0,974747" result="PASS"></item><item title="SYMCLOCKERR" value="1,72073" result="PASS"></item><item title="POWER" value="21,9291" result="FAIL"></item><item title="LOLEAKAGE" value="-58,059" result="PASS"></item><item title="SPECTRUMMASK" value="7,47801" result="PASS"></item><item title="SPECTRUMMARGIN" value="7,47801" result="PASS"></item></Record><Criteria><item title="Modulation" value="MCS0NSS1"></item><item title="Bandwidth" value="40"></item><item title="Antenna" value="0"></item><item title="Channel" value="52"></item><item title="RfIcTemperature" value="5133"></item><item title="CpuTemperature" value="61"></item><item title="ExpectedPower" value="25"></item><item title="EVM" Max="-5" Min="-100"></item><item title="FREQERR" Max="15" Min="-15"></item><item title="SYMCLOCKERR" Max="20" Min="-100"></item><item title="POWER" Max="26,5" Min="23,5" Avg="25"></item><item title="LOLEAKAGE" Max="-17" Min="-100"></item><item title="SPECTRUMMASK" Max="100" Min="0"></item><item title="SPECTRUMMARGIN" Max="1000" Min="0"></item></Criteria><Record><item title="Modulation" value="MCS0NSS1"></item><item title="Bandwidth" value="40"></item><item title="Channel" value="52"></item><item title="Antenna" value="0"></item><item title="ExpectedPower" value="25"></item><item title="Power" value="25"></item><item title="TestType" value="Tx"></item><item title="EVM" value="-18,7877" result="PASS"></item><item title="FREQERR" value="0,97273" result="PASS"></item><item title="SYMCLOCKERR" value="3,68864" result="PASS"></item><item title="POWER" value="22,9917" result="FAIL"></item><item title="LOLEAKAGE" value="-52,6787" result="PASS"></item><item title="SPECTRUMMASK" value="4,30388" result="PASS"></item><item title="SPECTRUMMARGIN" value="4,30388" result="PASS"></item></Record><Criteria><item title="Modulation" value="MCS0NSS1"></item><item title="Bandwidth" value="40"></item><item title="Antenna" value="1"></item><item title="Channel" value="52"></item><item title="RfIcTemperature" value="5133"></item><item title="CpuTemperature" value="61"></item><item title="ExpectedPower" value="10"></item><item title="EVM" Max="-5" Min="-100"></item><item title="FREQERR" Max="15" Min="-15"></item><item title="SYMCLOCKERR" Max="20" Min="-100"></item><item title="POWER" Max="11,5" Min="8,5" Avg="10"></item><item title="LOLEAKAGE" Max="-17" Min="-100"></item><item title="SPECTRUMMASK" Max="100" Min="0"></item><item title="SPECTRUMMARGIN" Max="1000" Min="0"></item></Criteria><Record><item title="Modulation" value="MCS0NSS1"></item><item title="Bandwidth" value="40"></item><item title="Channel" value="52"></item><item title="Antenna" value="1"></item><item title="ExpectedPower" value="10"></item><item title="Power" value="10"></item><item title="TestType" value="Tx"></item><item title="EVM" value="-19,2881" result="PASS"></item><item title="FREQERR" value="0,98021" result="PASS"></item><item title="SYMCLOCKERR" value="3,36878" result="PASS"></item><item title="POWER" value="7,72073" result="FAIL"></item><item title="LOLEAKAGE" value="-30,9382" result="PASS"></item><item title="SPECTRUMMASK" value="18,7043" result="PASS"></item><item title="SPECTRUMMARGIN" value="18,7043" result="PASS"></item></Record><Criteria><item title="Modulation" value="MCS0NSS1"></item><item title="Bandwidth" value="40"></item><item title="Antenna" value="1"></item><item title="Channel" value="52"></item><item title="RfIcTemperature" value="5133"></item><item title="CpuTemperature" value="61"></item><item title="ExpectedPower" value="11"></item><item title="EVM" Max="-5" Min="-100"></item><item title="FREQERR" Max="15" Min="-15"></item><item title="SYMCLOCKERR" Max="20" Min="-100"></item><item title="POWER" Max="12,5" Min="9,5" Avg="11"></item><item title="LOLEAKAGE" Max="-17" Min="-100"></item><item title="SPECTRUMMASK" Max="100" Min="0"></item><item title="SPECTRUMMARGIN" Max="1000" Min="0"></item></Criteria><Record><item title="Modulation" value="MCS0NSS1"></item><item title="Bandwidth" value="40"></item><item title="Channel" value="52"></item><item title="Antenna" value="1"></item><item title="ExpectedPower" value="11"></item><item title="Power" value="11"></item><item title="TestType" value="Tx"></item><item title="EVM" value="-20,3689" result="PASS"></item><item title="FREQERR" value="0,990958" result="PASS"></item><item title="SYMCLOCKERR" value="2,09678" result="PASS"></item><item title="POWER" value="8,80396" result="FAIL"></item><item title="LOLEAKAGE" value="-31,2272" result="PASS"></item><item title="SPECTRUMMASK" value="19,4103" result="PASS"></item><item title="SPECTRUMMARGIN" value="19,4103" result="PASS"></item></Record><Criteria><item title="Modulation" value="MCS0NSS1"></item><item title="Bandwidth" value="40"></item><item title="Antenna" value="1"></item><item title="Channel" value="52"></item><item title="RfIcTemperature" value="5133"></item><item title="CpuTemperature" value="61"></item><item title="ExpectedPower" value="12"></item><item title="EVM" Max="-5" Min="-100"></item><item title="FREQERR" Max="15" Min="-15"></item><item title="SYMCLOCKERR" Max="20" Min="-100"></item><item title="POWER" Max="13,5" Min="10,5" Avg="12"></item><item title="LOLEAKAGE" Max="-17" Min="-100"></item><item title="SPECTRUMMASK" Max="100" Min="0"></item><item title="SPECTRUMMARGIN" Max="1000" Min="0"></item></Criteria><Record><item title="Modulation" value="MCS0NSS1"></item><item title="Bandwidth" value="40"></item><item title="Channel" value="52"></item><item title="Antenna" value="1"></item><item title="ExpectedPower" value="12"></item><item title="Power" value="12"></item><item title="TestType" value="Tx"></item><item title="EVM" value="-19,8629" result="PASS"></item><item title="FREQERR" value="0,995712" result="PASS"></item><item title="SYMCLOCKERR" value="2,52061" result="PASS"></item><item title="POWER" value="9,96642" result="FAIL"></item><item title="LOLEAKAGE" value="-34,2666" result="PASS"></item><item title="SPECTRUMMASK" value="19,4123" result="PASS"></item><item title="SPECTRUMMARGIN" value="19,4123" result="PASS"></item></Record><Criteria><item title="Modulation" value="MCS0NSS1"></item><item title="Bandwidth" value="40"></item><item title="Antenna" value="1"></item><item title="Channel" value="52"></item><item title="RfIcTemperature" value="5133"></item><item title="CpuTemperature" value="61"></item><item title="ExpectedPower" value="13"></item><item title="EVM" Max="-5" Min="-100"></item><item title="FREQERR" Max="15" Min="-15"></item><item title="SYMCLOCKERR" Max="20" Min="-100"></item><item title="POWER" Max="14,5" Min="11,5" Avg="13"></item><item title="LOLEAKAGE" Max="-17" Min="-100"></item><item title="SPECTRUMMASK" Max="100" Min="0"></item><item title="SPECTRUMMARGIN" Max="1000" Min="0"></item></Criteria><Record><item title="Modulation" value="MCS0NSS1"></item><item title="Bandwidth" value="40"></item><item title="Channel" value="52"></item><item title="Antenna" value="1"></item><item title="ExpectedPower" value="13"></item><item title="Power" value="13"></item><item title="TestType" value="Tx"></item><item title="EVM" value="-19,5583" result="PASS"></item><item title="FREQERR" value="0,993328" result="PASS"></item><item title="SYMCLOCKERR" value="4,76468" result="PASS"></item><item title="POWER" value="10,7907" result="FAIL"></item><item title="LOLEAKAGE" value="-33,7238" result="PASS"></item><item title="SPECTRUMMASK" value="18,0686" result="PASS"></item><item title="SPECTRUMMARGIN" value="18,0686" result="PASS"></item></Record><Criteria><item title="Modulation" value="MCS0NSS1"></item><item title="Bandwidth" value="40"></item><item title="Antenna" value="1"></item><item title="Channel" value="52"></item><item title="RfIcTemperature" value="5133"></item><item title="CpuTemperature" value="61"></item><item title="ExpectedPower" value="14"></item><item title="EVM" Max="-5" Min="-100"></item><item title="FREQERR" Max="15" Min="-15"></item><item title="SYMCLOCKERR" Max="20" Min="-100"></item><item title="POWER" Max="15,5" Min="12,5" Avg="14"></item><item title="LOLEAKAGE" Max="-17" Min="-100"></item><item title="SPECTRUMMASK" Max="100" Min="0"></item><item title="SPECTRUMMARGIN" Max="1000" Min="0"></item></Criteria><Record><item title="Modulation" value="MCS0NSS1"></item><item title="Bandwidth" value="40"></item><item title="Channel" value="52"></item><item title="Antenna" value="1"></item><item title="ExpectedPower" value="14"></item><item title="Power" value="14"></item><item title="TestType" value="Tx"></item><item title="EVM" value="-19,3774" result="PASS"></item><item title="FREQERR" value="0,986547" result="PASS"></item><item title="SYMCLOCKERR" value="4,16329" result="PASS"></item><item title="POWER" value="11,7245" result="FAIL"></item><item title="LOLEAKAGE" value="-35,5545" result="PASS"></item><item title="SPECTRUMMASK" value="18,1491" result="PASS"></item><item title="SPECTRUMMARGIN" value="18,1491" result="PASS"></item></Record><Criteria><item title="Modulation" value="MCS0NSS1"></item><item title="Bandwidth" value="40"></item><item title="Antenna" value="1"></item><item title="Channel" value="52"></item><item title="RfIcTemperature" value="5133"></item><item title="CpuTemperature" value="61"></item><item title="ExpectedPower" value="15"></item><item title="EVM" Max="-5" Min="-100"></item><item title="FREQERR" Max="15" Min="-15"></item><item title="SYMCLOCKERR" Max="20" Min="-100"></item><item title="POWER" Max="16,5" Min="13,5" Avg="15"></item><item title="LOLEAKAGE" Max="-17" Min="-100"></item><item title="SPECTRUMMASK" Max="100" Min="0"></item><item title="SPECTRUMMARGIN" Max="1000" Min="0"></item></Criteria><Record><item title="Modulation" value="MCS0NSS1"></item><item title="Bandwidth" value="40"></item><item title="Channel" value="52"></item><item title="Antenna" value="1"></item><item title="ExpectedPower" value="15"></item><item title="Power" value="15"></item><item title="TestType" value="Tx"></item><item title="EVM" value="-19,473" result="PASS"></item><item title="FREQERR" value="0,997382" result="PASS"></item><item title="SYMCLOCKERR" value="1,62332" result="PASS"></item><item title="POWER" value="12,6264" result="FAIL"></item><item title="LOLEAKAGE" value="-39,9353" result="PASS"></item><item title="SPECTRUMMASK" value="18,3157" result="PASS"></item><item title="SPECTRUMMARGIN" value="18,3157" result="PASS"></item></Record><Criteria><item title="Modulation" value="MCS0NSS1"></item><item title="Bandwidth" value="40"></item><item title="Antenna" value="1"></item><item title="Channel" value="52"></item><item title="RfIcTemperature" value="5133"></item><item title="CpuTemperature" value="61"></item><item title="ExpectedPower" value="16"></item><item title="EVM" Max="-5" Min="-100"></item><item title="FREQERR" Max="15" Min="-15"></item><item title="SYMCLOCKERR" Max="20" Min="-100"></item><item title="POWER" Max="17,5" Min="14,5" Avg="16"></item><item title="LOLEAKAGE" Max="-17" Min="-100"></item><item title="SPECTRUMMASK" Max="100" Min="0"></item><item title="SPECTRUMMARGIN" Max="1000" Min="0"></item></Criteria><Record><item title="Modulation" value="MCS0NSS1"></item><item title="Bandwidth" value="40"></item><item title="Channel" value="52"></item><item title="Antenna" value="1"></item><item title="ExpectedPower" value="16"></item><item title="Power" value="16"></item><item title="TestType" value="Tx"></item><item title="EVM" value="-20,3633" result="PASS"></item><item title="FREQERR" value="1,00125" result="PASS"></item><item title="SYMCLOCKERR" value="1,7289" result="PASS"></item><item title="POWER" value="13,6568" result="FAIL"></item><item title="LOLEAKAGE" value="-39,7209" result="PASS"></item><item title="SPECTRUMMASK" value="18,6063" result="PASS"></item><item title="SPECTRUMMARGIN" value="18,6063" result="PASS"></item></Record><Criteria><item title="Modulation" value="MCS0NSS1"></item><item title="Bandwidth" value="40"></item><item title="Antenna" value="1"></item><item title="Channel" value="52"></item><item title="RfIcTemperature" value="5133"></item><item title="CpuTemperature" value="61"></item><item title="ExpectedPower" value="17"></item><item title="EVM" Max="-5" Min="-100"></item><item title="FREQERR" Max="15" Min="-15"></item><item title="SYMCLOCKERR" Max="20" Min="-100"></item><item title="POWER" Max="18,5" Min="15,5" Avg="17"></item><item title="LOLEAKAGE" Max="-17" Min="-100"></item><item title="SPECTRUMMASK" Max="100" Min="0"></item><item title="SPECTRUMMARGIN" Max="1000" Min="0"></item></Criteria><Record><item title="Modulation" value="MCS0NSS1"></item><item title="Bandwidth" value="40"></item><item title="Channel" value="52"></item><item title="Antenna" value="1"></item><item title="ExpectedPower" value="17"></item><item title="Power" value="17"></item><item title="TestType" value="Tx"></item><item title="EVM" value="-18,798" result="PASS"></item><item title="FREQERR" value="0,992961" result="PASS"></item><item title="SYMCLOCKERR" value="3,87779" result="PASS"></item><item title="POWER" value="14,7008" result="FAIL"></item><item title="LOLEAKAGE" value="-42,8576" result="PASS"></item><item title="SPECTRUMMASK" value="18,504" result="PASS"></item><item title="SPECTRUMMARGIN" value="18,504" result="PASS"></item></Record><Criteria><item title="Modulation" value="MCS0NSS1"></item><item title="Bandwidth" value="40"></item><item title="Antenna" value="1"></item><item title="Channel" value="52"></item><item title="RfIcTemperature" value="5133"></item><item title="CpuTemperature" value="61"></item><item title="ExpectedPower" value="18"></item><item title="EVM" Max="-5" Min="-100"></item><item title="FREQERR" Max="15" Min="-15"></item><item title="SYMCLOCKERR" Max="20" Min="-100"></item><item title="POWER" Max="19,5" Min="16,5" Avg="18"></item><item title="LOLEAKAGE" Max="-17" Min="-100"></item><item title="SPECTRUMMASK" Max="100" Min="0"></item><item title="SPECTRUMMARGIN" Max="1000" Min="0"></item></Criteria><Record><item title="Modulation" value="MCS0NSS1"></item><item title="Bandwidth" value="40"></item><item title="Channel" value="52"></item><item title="Antenna" value="1"></item><item title="ExpectedPower" value="18"></item><item title="Power" value="18"></item><item title="TestType" value="Tx"></item><item title="EVM" value="-20,1644" result="PASS"></item><item title="FREQERR" value="1,00242" result="PASS"></item><item title="SYMCLOCKERR" value="2,35584" result="PASS"></item><item title="POWER" value="15,7451" result="FAIL"></item><item title="LOLEAKAGE" value="-41,3232" result="PASS"></item><item title="SPECTRUMMASK" value="20,5283" result="PASS"></item><item title="SPECTRUMMARGIN" value="20,5283" result="PASS"></item></Record><Criteria><item title="Modulation" value="MCS0NSS1"></item><item title="Bandwidth" value="40"></item><item title="Antenna" value="1"></item><item title="Channel" value="52"></item><item title="RfIcTemperature" value="5133"></item><item title="CpuTemperature" value="61"></item><item title="ExpectedPower" value="19"></item><item title="EVM" Max="-5" Min="-100"></item><item title="FREQERR" Max="15" Min="-15"></item><item title="SYMCLOCKERR" Max="20" Min="-100"></item><item title="POWER" Max="20,5" Min="17,5" Avg="19"></item><item title="LOLEAKAGE" Max="-17" Min="-100"></item><item title="SPECTRUMMASK" Max="100" Min="0"></item><item title="SPECTRUMMARGIN" Max="1000" Min="0"></item></Criteria><Record><item title="Modulation" value="MCS0NSS1"></item><item title="Bandwidth" value="40"></item><item title="Channel" value="52"></item><item title="Antenna" value="1"></item><item title="ExpectedPower" value="19"></item><item title="Power" value="19"></item><item title="TestType" value="Tx"></item><item title="EVM" value="-20,0966" result="PASS"></item><item title="FREQERR" value="1,00537" result="PASS"></item><item title="SYMCLOCKERR" value="3,84273" result="PASS"></item><item title="POWER" value="16,7802" result="FAIL"></item><item title="LOLEAKAGE" value="-44,2103" result="PASS"></item><item title="SPECTRUMMASK" value="19,1298" result="PASS"></item><item title="SPECTRUMMARGIN" value="19,1298" result="PASS"></item></Record><Criteria><item title="Modulation" value="MCS0NSS1"></item><item title="Bandwidth" value="40"></item><item title="Antenna" value="1"></item><item title="Channel" value="52"></item><item title="RfIcTemperature" value="5133"></item><item title="CpuTemperature" value="61"></item><item title="ExpectedPower" value="20"></item><item title="EVM" Max="-5" Min="-100"></item><item title="FREQERR" Max="15" Min="-15"></item><item title="SYMCLOCKERR" Max="20" Min="-100"></item><item title="POWER" Max="21,5" Min="18,5" Avg="20"></item><item title="LOLEAKAGE" Max="-17" Min="-100"></item><item title="SPECTRUMMASK" Max="100" Min="0"></item><item title="SPECTRUMMARGIN" Max="1000" Min="0"></item></Criteria><Record><item title="Modulation" value="MCS0NSS1"></item><item title="Bandwidth" value="40"></item><item title="Channel" value="52"></item><item title="Antenna" value="1"></item><item title="ExpectedPower" value="20"></item><item title="Power" value="20"></item><item title="TestType" value="Tx"></item><item title="EVM" value="-19,5065" result="PASS"></item><item title="FREQERR" value="1,0069" result="PASS"></item><item title="SYMCLOCKERR" value="2,41908" result="PASS"></item><item title="POWER" value="17,7818" result="FAIL"></item><item title="LOLEAKAGE" value="-51,3964" result="PASS"></item><item title="SPECTRUMMASK" value="16,2836" result="PASS"></item><item title="SPECTRUMMARGIN" value="16,2836" result="PASS"></item></Record><Criteria><item title="Modulation" value="MCS0NSS1"></item><item title="Bandwidth" value="40"></item><item title="Antenna" value="1"></item><item title="Channel" value="52"></item><item title="RfIcTemperature" value="5133"></item><item title="CpuTemperature" value="61"></item><item title="ExpectedPower" value="21"></item><item title="EVM" Max="-5" Min="-100"></item><item title="FREQERR" Max="15" Min="-15"></item><item title="SYMCLOCKERR" Max="20" Min="-100"></item><item title="POWER" Max="22,5" Min="19,5" Avg="21"></item><item title="LOLEAKAGE" Max="-17" Min="-100"></item><item title="SPECTRUMMASK" Max="100" Min="0"></item><item title="SPECTRUMMARGIN" Max="1000" Min="0"></item></Criteria><Record><item title="Modulation" value="MCS0NSS1"></item><item title="Bandwidth" value="40"></item><item title="Channel" value="52"></item><item title="Antenna" value="1"></item><item title="ExpectedPower" value="21"></item><item title="Power" value="21"></item><item title="TestType" value="Tx"></item><item title="EVM" value="-20,2441" result="PASS"></item><item title="FREQERR" value="1,01205" result="PASS"></item><item title="SYMCLOCKERR" value="4,35368" result="PASS"></item><item title="POWER" value="18,6907" result="FAIL"></item><item title="LOLEAKAGE" value="-49,3338" result="PASS"></item><item title="SPECTRUMMASK" value="14,6393" result="PASS"></item><item title="SPECTRUMMARGIN" value="14,6393" result="PASS"></item></Record><Criteria><item title="Modulation" value="MCS0NSS1"></item><item title="Bandwidth" value="40"></item><item title="Antenna" value="1"></item><item title="Channel" value="52"></item><item title="RfIcTemperature" value="5133"></item><item title="CpuTemperature" value="61"></item><item title="ExpectedPower" value="22"></item><item title="EVM" Max="-5" Min="-100"></item><item title="FREQERR" Max="15" Min="-15"></item><item title="SYMCLOCKERR" Max="20" Min="-100"></item><item title="POWER" Max="23,5" Min="20,5" Avg="22"></item><item title="LOLEAKAGE" Max="-17" Min="-100"></item><item title="SPECTRUMMASK" Max="100" Min="0"></item><item title="SPECTRUMMARGIN" Max="1000" Min="0"></item></Criteria><Record><item title="Modulation" value="MCS0NSS1"></item><item title="Bandwidth" value="40"></item><item title="Channel" value="52"></item><item title="Antenna" value="1"></item><item title="ExpectedPower" value="22"></item><item title="Power" value="22"></item><item title="TestType" value="Tx"></item><item title="EVM" value="-19,7172" result="PASS"></item><item title="FREQERR" value="1,00942" result="PASS"></item><item title="SYMCLOCKERR" value="4,61386" result="PASS"></item><item title="POWER" value="19,7462" result="FAIL"></item><item title="LOLEAKAGE" value="-51,0359" result="PASS"></item><item title="SPECTRUMMASK" value="11,9846" result="PASS"></item><item title="SPECTRUMMARGIN" value="11,9846" result="PASS"></item></Record><Criteria><item title="Modulation" value="MCS0NSS1"></item><item title="Bandwidth" value="40"></item><item title="Antenna" value="1"></item><item title="Channel" value="52"></item><item title="RfIcTemperature" value="5133"></item><item title="CpuTemperature" value="61"></item><item title="ExpectedPower" value="23"></item><item title="EVM" Max="-5" Min="-100"></item><item title="FREQERR" Max="15" Min="-15"></item><item title="SYMCLOCKERR" Max="20" Min="-100"></item><item title="POWER" Max="24,5" Min="21,5" Avg="23"></item><item title="LOLEAKAGE" Max="-17" Min="-100"></item><item title="SPECTRUMMASK" Max="100" Min="0"></item><item title="SPECTRUMMARGIN" Max="1000" Min="0"></item></Criteria><Record><item title="Modulation" value="MCS0NSS1"></item><item title="Bandwidth" value="40"></item><item title="Channel" value="52"></item><item title="Antenna" value="1"></item><item title="ExpectedPower" value="23"></item><item title="Power" value="23"></item><item title="TestType" value="Tx"></item><item title="EVM" value="-20,1618" result="PASS"></item><item title="FREQERR" value="1,01215" result="PASS"></item><item title="SYMCLOCKERR" value="0,456748" result="PASS"></item><item title="POWER" value="20,9633" result="FAIL"></item><item title="LOLEAKAGE" value="-55,4259" result="PASS"></item><item title="SPECTRUMMASK" value="8,15001" result="PASS"></item><item title="SPECTRUMMARGIN" value="8,15001" result="PASS"></item></Record><Criteria><item title="Modulation" value="MCS0NSS1"></item><item title="Bandwidth" value="40"></item><item title="Antenna" value="1"></item><item title="Channel" value="52"></item><item title="RfIcTemperature" value="5133"></item><item title="CpuTemperature" value="61"></item><item title="ExpectedPower" value="24"></item><item title="EVM" Max="-5" Min="-100"></item><item title="FREQERR" Max="15" Min="-15"></item><item title="SYMCLOCKERR" Max="20" Min="-100"></item><item title="POWER" Max="25,5" Min="22,5" Avg="24"></item><item title="LOLEAKAGE" Max="-17" Min="-100"></item><item title="SPECTRUMMASK" Max="100" Min="0"></item><item title="SPECTRUMMARGIN" Max="1000" Min="0"></item></Criteria><Record><item title="Modulation" value="MCS0NSS1"></item><item title="Bandwidth" value="40"></item><item title="Channel" value="52"></item><item title="Antenna" value="1"></item><item title="ExpectedPower" value="24"></item><item title="Power" value="24"></item><item title="TestType" value="Tx"></item><item title="EVM" value="-19,1703" result="PASS"></item><item title="FREQERR" value="1,01004" result="PASS"></item><item title="SYMCLOCKERR" value="2,64952" result="PASS"></item><item title="POWER" value="21,6609" result="FAIL"></item><item title="LOLEAKAGE" value="-52,723" result="PASS"></item><item title="SPECTRUMMASK" value="5,36874" result="PASS"></item><item title="SPECTRUMMARGIN" value="5,36874" result="PASS"></item></Record><Criteria><item title="Modulation" value="MCS0NSS1"></item><item title="Bandwidth" value="40"></item><item title="Antenna" value="1"></item><item title="Channel" value="52"></item><item title="RfIcTemperature" value="5133"></item><item title="CpuTemperature" value="61"></item><item title="ExpectedPower" value="25"></item><item title="EVM" Max="-5" Min="-100"></item><item title="FREQERR" Max="15" Min="-15"></item><item title="SYMCLOCKERR" Max="20" Min="-100"></item><item title="POWER" Max="26,5" Min="23,5" Avg="25"></item><item title="LOLEAKAGE" Max="-17" Min="-100"></item><item title="SPECTRUMMASK" Max="100" Min="0"></item><item title="SPECTRUMMARGIN" Max="1000" Min="0"></item></Criteria><Record><item title="Modulation" value="MCS0NSS1"></item><item title="Bandwidth" value="40"></item><item title="Channel" value="52"></item><item title="Antenna" value="1"></item><item title="ExpectedPower" value="25"></item><item title="Power" value="25"></item><item title="TestType" value="Tx"></item><item title="EVM" value="-17,6479" result="PASS"></item><item title="FREQERR" value="1,01449" result="PASS"></item><item title="SYMCLOCKERR" value="1,45372" result="PASS"></item><item title="POWER" value="22,7039" result="FAIL"></item><item title="LOLEAKAGE" value="-47,3286" result="PASS"></item><item title="SPECTRUMMASK" value="2,62932" result="PASS"></item><item title="SPECTRUMMARGIN" value="2,62932" result="PASS"></item></Record><Criteria><item title="Modulation" value="MCS0NSS1"></item><item title="Bandwidth" value="40"></item><item title="Antenna" value="2"></item><item title="Channel" value="52"></item><item title="RfIcTemperature" value="5133"></item><item title="CpuTemperature" value="61"></item><item title="ExpectedPower" value="10"></item><item title="EVM" Max="-5" Min="-100"></item><item title="FREQERR" Max="15" Min="-15"></item><item title="SYMCLOCKERR" Max="20" Min="-100"></item><item title="POWER" Max="11,5" Min="8,5" Avg="10"></item><item title="LOLEAKAGE" Max="-17" Min="-100"></item><item title="SPECTRUMMASK" Max="100" Min="0"></item><item title="SPECTRUMMARGIN" Max="1000" Min="0"></item></Criteria><Record><item title="Modulation" value="MCS0NSS1"></item><item title="Bandwidth" value="40"></item><item title="Channel" value="52"></item><item title="Antenna" value="2"></item><item title="ExpectedPower" value="10"></item><item title="Power" value="10"></item><item title="TestType" value="Tx"></item><item title="EVM" value="-19,3909" result="PASS"></item><item title="FREQERR" value="1,01908" result="PASS"></item><item title="SYMCLOCKERR" value="2,26634" result="PASS"></item><item title="POWER" value="8,44789" result="FAIL"></item><item title="LOLEAKAGE" value="-30,6244" result="PASS"></item><item title="SPECTRUMMASK" value="19,0927" result="PASS"></item><item title="SPECTRUMMARGIN" value="19,0927" result="PASS"></item></Record><Criteria><item title="Modulation" value="MCS0NSS1"></item><item title="Bandwidth" value="40"></item><item title="Antenna" value="2"></item><item title="Channel" value="52"></item><item title="RfIcTemperature" value="5133"></item><item title="CpuTemperature" value="61"></item><item title="ExpectedPower" value="11"></item><item title="EVM" Max="-5" Min="-100"></item><item title="FREQERR" Max="15" Min="-15"></item><item title="SYMCLOCKERR" Max="20" Min="-100"></item><item title="POWER" Max="12,5" Min="9,5" Avg="11"></item><item title="LOLEAKAGE" Max="-17" Min="-100"></item><item title="SPECTRUMMASK" Max="100" Min="0"></item><item title="SPECTRUMMARGIN" Max="1000" Min="0"></item></Criteria><Record><item title="Modulation" value="MCS0NSS1"></item><item title="Bandwidth" value="40"></item><item title="Channel" value="52"></item><item title="Antenna" value="2"></item><item title="ExpectedPower" value="11"></item><item title="Power" value="11"></item><item title="TestType" value="Tx"></item><item title="EVM" value="-20,227" result="PASS"></item><item title="FREQERR" value="1,02366" result="PASS"></item><item title="SYMCLOCKERR" value="1,6759" result="PASS"></item><item title="POWER" value="9,49804" result="FAIL"></item><item title="LOLEAKAGE" value="-31,1569" result="PASS"></item><item title="SPECTRUMMASK" value="19,8286" result="PASS"></item><item title="SPECTRUMMARGIN" value="19,8286" result="PASS"></item></Record><Criteria><item title="Modulation" value="MCS0NSS1"></item><item title="Bandwidth" value="40"></item><item title="Antenna" value="2"></item><item title="Channel" value="52"></item><item title="RfIcTemperature" value="5133"></item><item title="CpuTemperature" value="61"></item><item title="ExpectedPower" value="12"></item><item title="EVM" Max="-5" Min="-100"></item><item title="FREQERR" Max="15" Min="-15"></item><item title="SYMCLOCKERR" Max="20" Min="-100"></item><item title="POWER" Max="13,5" Min="10,5" Avg="12"></item><item title="LOLEAKAGE" Max="-17" Min="-100"></item><item title="SPECTRUMMASK" Max="100" Min="0"></item><item title="SPECTRUMMARGIN" Max="1000" Min="0"></item></Criteria><Record><item title="Modulation" value="MCS0NSS1"></item><item title="Bandwidth" value="40"></item><item title="Channel" value="52"></item><item title="Antenna" value="2"></item><item title="ExpectedPower" value="12"></item><item title="Power" value="12"></item><item title="TestType" value="Tx"></item><item title="EVM" value="-19,0823" result="PASS"></item><item title="FREQERR" value="1,02284" result="PASS"></item><item title="SYMCLOCKERR" value="1,55687" result="PASS"></item><item title="POWER" value="10,4695" result="FAIL"></item><item title="LOLEAKAGE" value="-34,3279" result="PASS"></item><item title="SPECTRUMMASK" value="19,3671" result="PASS"></item><item title="SPECTRUMMARGIN" value="19,3671" result="PASS"></item></Record><Criteria><item title="Modulation" value="MCS0NSS1"></item><item title="Bandwidth" value="40"></item><item title="Antenna" value="2"></item><item title="Channel" value="52"></item><item title="RfIcTemperature" value="5133"></item><item title="CpuTemperature" value="61"></item><item title="ExpectedPower" value="13"></item><item title="EVM" Max="-5" Min="-100"></item><item title="FREQERR" Max="15" Min="-15"></item><item title="SYMCLOCKERR" Max="20" Min="-100"></item><item title="POWER" Max="14,5" Min="11,5" Avg="13"></item><item title="LOLEAKAGE" Max="-17" Min="-100"></item><item title="SPECTRUMMASK" Max="100" Min="0"></item><item title="SPECTRUMMARGIN" Max="1000" Min="0"></item></Criteria><Record><item title="Modulation" value="MCS0NSS1"></item><item title="Bandwidth" value="40"></item><item title="Channel" value="52"></item><item title="Antenna" value="2"></item><item title="ExpectedPower" value="13"></item><item title="Power" value="13"></item><item title="TestType" value="Tx"></item><item title="EVM" value="-20,1629" result="PASS"></item><item title="FREQERR" value="1,02225" result="PASS"></item><item title="SYMCLOCKERR" value="2,28401" result="PASS"></item><item title="POWER" value="11,6216" result="PASS"></item><item title="LOLEAKAGE" value="-35,5363" result="PASS"></item><item title="SPECTRUMMASK" value="19,7466" result="PASS"></item><item title="SPECTRUMMARGIN" value="19,7466" result="PASS"></item></Record><Criteria><item title="Modulation" value="MCS0NSS1"></item><item title="Bandwidth" value="40"></item><item title="Antenna" value="2"></item><item title="Channel" value="52"></item><item title="RfIcTemperature" value="5133"></item><item title="CpuTemperature" value="61"></item><item title="ExpectedPower" value="14"></item><item title="EVM" Max="-5" Min="-100"></item><item title="FREQERR" Max="15" Min="-15"></item><item title="SYMCLOCKERR" Max="20" Min="-100"></item><item title="POWER" Max="15,5" Min="12,5" Avg="14"></item><item title="LOLEAKAGE" Max="-17" Min="-100"></item><item title="SPECTRUMMASK" Max="100" Min="0"></item><item title="SPECTRUMMARGIN" Max="1000" Min="0"></item></Criteria><Record><item title="Modulation" value="MCS0NSS1"></item><item title="Bandwidth" value="40"></item><item title="Channel" value="52"></item><item title="Antenna" value="2"></item><item title="ExpectedPower" value="14"></item><item title="Power" value="14"></item><item title="TestType" value="Tx"></item><item title="EVM" value="-19,3744" result="PASS"></item><item title="FREQERR" value="1,02519" result="PASS"></item><item title="SYMCLOCKERR" value="1,12725" result="PASS"></item><item title="POWER" value="12,7398" result="PASS"></item><item title="LOLEAKAGE" value="-39,0448" result="PASS"></item><item title="SPECTRUMMASK" value="19,6401" result="PASS"></item><item title="SPECTRUMMARGIN" value="19,6401" result="PASS"></item></Record><Criteria><item title="Modulation" value="MCS0NSS1"></item><item title="Bandwidth" value="40"></item><item title="Antenna" value="2"></item><item title="Channel" value="52"></item><item title="RfIcTemperature" value="5133"></item><item title="CpuTemperature" value="61"></item><item title="ExpectedPower" value="15"></item><item title="EVM" Max="-5" Min="-100"></item><item title="FREQERR" Max="15" Min="-15"></item><item title="SYMCLOCKERR" Max="20" Min="-100"></item><item title="POWER" Max="16,5" Min="13,5" Avg="15"></item><item title="LOLEAKAGE" Max="-17" Min="-100"></item><item title="SPECTRUMMASK" Max="100" Min="0"></item><item title="SPECTRUMMARGIN" Max="1000" Min="0"></item></Criteria><Record><item title="Modulation" value="MCS0NSS1"></item><item title="Bandwidth" value="40"></item><item title="Channel" value="52"></item><item title="Antenna" value="2"></item><item title="ExpectedPower" value="15"></item><item title="Power" value="15"></item><item title="TestType" value="Tx"></item><item title="EVM" value="-19,402" result="PASS"></item><item title="FREQERR" value="1,02731" result="PASS"></item><item title="SYMCLOCKERR" value="2,53725" result="PASS"></item><item title="POWER" value="13,2915" result="FAIL"></item><item title="LOLEAKAGE" value="-36,0174" result="PASS"></item><item title="SPECTRUMMASK" value="19,1706" result="PASS"></item><item title="SPECTRUMMARGIN" value="19,1706" result="PASS"></item></Record><Criteria><item title="Modulation" value="MCS0NSS1"></item><item title="Bandwidth" value="40"></item><item title="Antenna" value="2"></item><item title="Channel" value="52"></item><item title="RfIcTemperature" value="5133"></item><item title="CpuTemperature" value="61"></item><item title="ExpectedPower" value="16"></item><item title="EVM" Max="-5" Min="-100"></item><item title="FREQERR" Max="15" Min="-15"></item><item title="SYMCLOCKERR" Max="20" Min="-100"></item><item title="POWER" Max="17,5" Min="14,5" Avg="16"></item><item title="LOLEAKAGE" Max="-17" Min="-100"></item><item title="SPECTRUMMASK" Max="100" Min="0"></item><item title="SPECTRUMMARGIN" Max="1000" Min="0"></item></Criteria><Record><item title="Modulation" value="MCS0NSS1"></item><item title="Bandwidth" value="40"></item><item title="Channel" value="52"></item><item title="Antenna" value="2"></item><item title="ExpectedPower" value="16"></item><item title="Power" value="16"></item><item title="TestType" value="Tx"></item><item title="EVM" value="-18,921" result="PASS"></item><item title="FREQERR" value="1,03047" result="PASS"></item><item title="SYMCLOCKERR" value="0,737797" result="PASS"></item><item title="POWER" value="14,5063" result="PASS"></item><item title="LOLEAKAGE" value="-38,1915" result="PASS"></item><item title="SPECTRUMMASK" value="19,6892" result="PASS"></item><item title="SPECTRUMMARGIN" value="19,6892" result="PASS"></item></Record><Criteria><item title="Modulation" value="MCS0NSS1"></item><item title="Bandwidth" value="40"></item><item title="Antenna" value="2"></item><item title="Channel" value="52"></item><item title="RfIcTemperature" value="5133"></item><item title="CpuTemperature" value="61"></item><item title="ExpectedPower" value="17"></item><item title="EVM" Max="-5" Min="-100"></item><item title="FREQERR" Max="15" Min="-15"></item><item title="SYMCLOCKERR" Max="20" Min="-100"></item><item title="POWER" Max="18,5" Min="15,5" Avg="17"></item><item title="LOLEAKAGE" Max="-17" Min="-100"></item><item title="SPECTRUMMASK" Max="100" Min="0"></item><item title="SPECTRUMMARGIN" Max="1000" Min="0"></item></Criteria><Record><item title="Modulation" value="MCS0NSS1"></item><item title="Bandwidth" value="40"></item><item title="Channel" value="52"></item><item title="Antenna" value="2"></item><item title="ExpectedPower" value="17"></item><item title="Power" value="17"></item><item title="TestType" value="Tx"></item><item title="EVM" value="-20,7605" result="PASS"></item><item title="FREQERR" value="1,03155" result="PASS"></item><item title="SYMCLOCKERR" value="1,41585" result="PASS"></item><item title="POWER" value="15,8072" result="PASS"></item><item title="LOLEAKAGE" value="-40,0278" result="PASS"></item><item title="SPECTRUMMASK" value="19,36" result="PASS"></item><item title="SPECTRUMMARGIN" value="19,36" result="PASS"></item></Record><Criteria><item title="Modulation" value="MCS0NSS1"></item><item title="Bandwidth" value="40"></item><item title="Antenna" value="2"></item><item title="Channel" value="52"></item><item title="RfIcTemperature" value="5133"></item><item title="CpuTemperature" value="61"></item><item title="ExpectedPower" value="18"></item><item title="EVM" Max="-5" Min="-100"></item><item title="FREQERR" Max="15" Min="-15"></item><item title="SYMCLOCKERR" Max="20" Min="-100"></item><item title="POWER" Max="19,5" Min="16,5" Avg="18"></item><item title="LOLEAKAGE" Max="-17" Min="-100"></item><item title="SPECTRUMMASK" Max="100" Min="0"></item><item title="SPECTRUMMARGIN" Max="1000" Min="0"></item></Criteria><Record><item title="Modulation" value="MCS0NSS1"></item><item title="Bandwidth" value="40"></item><item title="Channel" value="52"></item><item title="Antenna" value="2"></item><item title="ExpectedPower" value="18"></item><item title="Power" value="18"></item><item title="TestType" value="Tx"></item><item title="EVM" value="-20,3885" result="PASS"></item><item title="FREQERR" value="1,03901" result="PASS"></item><item title="SYMCLOCKERR" value="1,48748" result="PASS"></item><item title="POWER" value="16,4896" result="FAIL"></item><item title="LOLEAKAGE" value="-42,189" result="PASS"></item><item title="SPECTRUMMASK" value="18,4705" result="PASS"></item><item title="SPECTRUMMARGIN" value="18,4705" result="PASS"></item></Record><Criteria><item title="Modulation" value="MCS0NSS1"></item><item title="Bandwidth" value="40"></item><item title="Antenna" value="2"></item><item title="Channel" value="52"></item><item title="RfIcTemperature" value="5133"></item><item title="CpuTemperature" value="61"></item><item title="ExpectedPower" value="19"></item><item title="EVM" Max="-5" Min="-100"></item><item title="FREQERR" Max="15" Min="-15"></item><item title="SYMCLOCKERR" Max="20" Min="-100"></item><item title="POWER" Max="20,5" Min="17,5" Avg="19"></item><item title="LOLEAKAGE" Max="-17" Min="-100"></item><item title="SPECTRUMMASK" Max="100" Min="0"></item><item title="SPECTRUMMARGIN" Max="1000" Min="0"></item></Criteria><Record><item title="Modulation" value="MCS0NSS1"></item><item title="Bandwidth" value="40"></item><item title="Channel" value="52"></item><item title="Antenna" value="2"></item><item title="ExpectedPower" value="19"></item><item title="Power" value="19"></item><item title="TestType" value="Tx"></item><item title="EVM" value="-19,977" result="PASS"></item><item title="FREQERR" value="1,04396" result="PASS"></item><item title="SYMCLOCKERR" value="1,21511" result="PASS"></item><item title="POWER" value="17,6017" result="PASS"></item><item title="LOLEAKAGE" value="-45,5052" result="PASS"></item><item title="SPECTRUMMASK" value="17,1173" result="PASS"></item><item title="SPECTRUMMARGIN" value="17,1173" result="PASS"></item></Record><Criteria><item title="Modulation" value="MCS0NSS1"></item><item title="Bandwidth" value="40"></item><item title="Antenna" value="2"></item><item title="Channel" value="52"></item><item title="RfIcTemperature" value="5133"></item><item title="CpuTemperature" value="61"></item><item title="ExpectedPower" value="20"></item><item title="EVM" Max="-5" Min="-100"></item><item title="FREQERR" Max="15" Min="-15"></item><item title="SYMCLOCKERR" Max="20" Min="-100"></item><item title="POWER" Max="21,5" Min="18,5" Avg="20"></item><item title="LOLEAKAGE" Max="-17" Min="-100"></item><item title="SPECTRUMMASK" Max="100" Min="0"></item><item title="SPECTRUMMARGIN" Max="1000" Min="0"></item></Criteria><Record><item title="Modulation" value="MCS0NSS1"></item><item title="Bandwidth" value="40"></item><item title="Channel" value="52"></item><item title="Antenna" value="2"></item><item title="ExpectedPower" value="20"></item><item title="Power" value="20"></item><item title="TestType" value="Tx"></item><item title="EVM" value="-19,6248" result="PASS"></item><item title="FREQERR" value="1,04679" result="PASS"></item><item title="SYMCLOCKERR" value="2,66357" result="PASS"></item><item title="POWER" value="18,5322" result="PASS"></item><item title="LOLEAKAGE" value="-53,0964" result="PASS"></item><item title="SPECTRUMMASK" value="16,293" result="PASS"></item><item title="SPECTRUMMARGIN" value="16,293" result="PASS"></item></Record><Criteria><item title="Modulation" value="MCS0NSS1"></item><item title="Bandwidth" value="40"></item><item title="Antenna" value="2"></item><item title="Channel" value="52"></item><item title="RfIcTemperature" value="5133"></item><item title="CpuTemperature" value="61"></item><item title="ExpectedPower" value="21"></item><item title="EVM" Max="-5" Min="-100"></item><item title="FREQERR" Max="15" Min="-15"></item><item title="SYMCLOCKERR" Max="20" Min="-100"></item><item title="POWER" Max="22,5" Min="19,5" Avg="21"></item><item title="LOLEAKAGE" Max="-17" Min="-100"></item><item title="SPECTRUMMASK" Max="100" Min="0"></item><item title="SPECTRUMMARGIN" Max="1000" Min="0"></item></Criteria><Record><item title="Modulation" value="MCS0NSS1"></item><item title="Bandwidth" value="40"></item><item title="Channel" value="52"></item><item title="Antenna" value="2"></item><item title="ExpectedPower" value="21"></item><item title="Power" value="21"></item><item title="TestType" value="Tx"></item><item title="EVM" value="-18,9461" result="PASS"></item><item title="FREQERR" value="1,04253" result="PASS"></item><item title="SYMCLOCKERR" value="0,373026" result="PASS"></item><item title="POWER" value="19,5011" result="PASS"></item><item title="LOLEAKAGE" value="-47,7778" result="PASS"></item><item title="SPECTRUMMASK" value="14,3307" result="PASS"></item><item title="SPECTRUMMARGIN" value="14,3307" result="PASS"></item></Record><Criteria><item title="Modulation" value="MCS0NSS1"></item><item title="Bandwidth" value="40"></item><item title="Antenna" value="2"></item><item title="Channel" value="52"></item><item title="RfIcTemperature" value="5133"></item><item title="CpuTemperature" value="61"></item><item title="ExpectedPower" value="22"></item><item title="EVM" Max="-5" Min="-100"></item><item title="FREQERR" Max="15" Min="-15"></item><item title="SYMCLOCKERR" Max="20" Min="-100"></item><item title="POWER" Max="23,5" Min="20,5" Avg="22"></item><item title="LOLEAKAGE" Max="-17" Min="-100"></item><item title="SPECTRUMMASK" Max="100" Min="0"></item><item title="SPECTRUMMARGIN" Max="1000" Min="0"></item></Criteria><Record><item title="Modulation" value="MCS0NSS1"></item><item title="Bandwidth" value="40"></item><item title="Channel" value="52"></item><item title="Antenna" value="2"></item><item title="ExpectedPower" value="22"></item><item title="Power" value="22"></item><item title="TestType" value="Tx"></item><item title="EVM" value="-19,6308" result="PASS"></item><item title="FREQERR" value="1,04276" result="PASS"></item><item title="SYMCLOCKERR" value="1,62352" result="PASS"></item><item title="POWER" value="20,404" result="FAIL"></item><item title="LOLEAKAGE" value="-44,8333" result="PASS"></item><item title="SPECTRUMMASK" value="12,2565" result="PASS"></item><item title="SPECTRUMMARGIN" value="12,2565" result="PASS"></item></Record><Criteria><item title="Modulation" value="MCS0NSS1"></item><item title="Bandwidth" value="40"></item><item title="Antenna" value="2"></item><item title="Channel" value="52"></item><item title="RfIcTemperature" value="5133"></item><item title="CpuTemperature" value="61"></item><item title="ExpectedPower" value="23"></item><item title="EVM" Max="-5" Min="-100"></item><item title="FREQERR" Max="15" Min="-15"></item><item title="SYMCLOCKERR" Max="20" Min="-100"></item><item title="POWER" Max="24,5" Min="21,5" Avg="23"></item><item title="LOLEAKAGE" Max="-17" Min="-100"></item><item title="SPECTRUMMASK" Max="100" Min="0"></item><item title="SPECTRUMMARGIN" Max="1000" Min="0"></item></Criteria><Record><item title="Modulation" value="MCS0NSS1"></item><item title="Bandwidth" value="40"></item><item title="Channel" value="52"></item><item title="Antenna" value="2"></item><item title="ExpectedPower" value="23"></item><item title="Power" value="23"></item><item title="TestType" value="Tx"></item><item title="EVM" value="-19,2301" result="PASS"></item><item title="FREQERR" value="1,03958" result="PASS"></item><item title="SYMCLOCKERR" value="1,55172" result="PASS"></item><item title="POWER" value="21,7223" result="PASS"></item><item title="LOLEAKAGE" value="-53,6512" result="PASS"></item><item title="SPECTRUMMASK" value="6,97398" result="PASS"></item><item title="SPECTRUMMARGIN" value="6,97398" result="PASS"></item></Record><Criteria><item title="Modulation" value="MCS0NSS1"></item><item title="Bandwidth" value="40"></item><item title="Antenna" value="2"></item><item title="Channel" value="52"></item><item title="RfIcTemperature" value="5133"></item><item title="CpuTemperature" value="61"></item><item title="ExpectedPower" value="24"></item><item title="EVM" Max="-5" Min="-100"></item><item title="FREQERR" Max="15" Min="-15"></item><item title="SYMCLOCKERR" Max="20" Min="-100"></item><item title="POWER" Max="25,5" Min="22,5" Avg="24"></item><item title="LOLEAKAGE" Max="-17" Min="-100"></item><item title="SPECTRUMMASK" Max="100" Min="0"></item><item title="SPECTRUMMARGIN" Max="1000" Min="0"></item></Criteria><Record><item title="Modulation" value="MCS0NSS1"></item><item title="Bandwidth" value="40"></item><item title="Channel" value="52"></item><item title="Antenna" value="2"></item><item title="ExpectedPower" value="24"></item><item title="Power" value="24"></item><item title="TestType" value="Tx"></item><item title="EVM" value="-19,1163" result="PASS"></item><item title="FREQERR" value="1,03901" result="PASS"></item><item title="SYMCLOCKERR" value="3,23228" result="PASS"></item><item title="POWER" value="22,4982" result="FAIL"></item><item title="LOLEAKAGE" value="-50,5933" result="PASS"></item><item title="SPECTRUMMASK" value="6,23697" result="PASS"></item><item title="SPECTRUMMARGIN" value="6,23697" result="PASS"></item></Record><Criteria><item title="Modulation" value="MCS0NSS1"></item><item title="Bandwidth" value="40"></item><item title="Antenna" value="2"></item><item title="Channel" value="52"></item><item title="RfIcTemperature" value="5133"></item><item title="CpuTemperature" value="61"></item><item title="ExpectedPower" value="25"></item><item title="EVM" Max="-5" Min="-100"></item><item title="FREQERR" Max="15" Min="-15"></item><item title="SYMCLOCKERR" Max="20" Min="-100"></item><item title="POWER" Max="26,5" Min="23,5" Avg="25"></item><item title="LOLEAKAGE" Max="-17" Min="-100"></item><item title="SPECTRUMMASK" Max="100" Min="0"></item><item title="SPECTRUMMARGIN" Max="1000" Min="0"></item></Criteria><Record><item title="Modulation" value="MCS0NSS1"></item><item title="Bandwidth" value="40"></item><item title="Channel" value="52"></item><item title="Antenna" value="2"></item><item title="ExpectedPower" value="25"></item><item title="Power" value="25"></item><item title="TestType" value="Tx"></item><item title="EVM" value="-19,0018" result="PASS"></item><item title="FREQERR" value="1,04192" result="PASS"></item><item title="SYMCLOCKERR" value="0,69613" result="PASS"></item><item title="POWER" value="23,5957" result="PASS"></item><item title="LOLEAKAGE" value="-50,9624" result="PASS"></item><item title="SPECTRUMMASK" value="3,19795" result="PASS"></item><item title="SPECTRUMMARGIN" value="3,19795" result="PASS"></item></Record><Criteria><item title="Modulation" value="MCS0NSS1"></item><item title="Bandwidth" value="40"></item><item title="Antenna" value="3"></item><item title="Channel" value="52"></item><item title="RfIcTemperature" value="5032"></item><item title="CpuTemperature" value="60"></item><item title="ExpectedPower" value="10"></item><item title="EVM" Max="-5" Min="-100"></item><item title="FREQERR" Max="15" Min="-15"></item><item title="SYMCLOCKERR" Max="20" Min="-100"></item><item title="POWER" Max="11,5" Min="8,5" Avg="10"></item><item title="LOLEAKAGE" Max="-17" Min="-100"></item><item title="SPECTRUMMASK" Max="100" Min="0"></item><item title="SPECTRUMMARGIN" Max="1000" Min="0"></item></Criteria><Record><item title="Modulation" value="MCS0NSS1"></item><item title="Bandwidth" value="40"></item><item title="Channel" value="52"></item><item title="Antenna" value="3"></item><item title="ExpectedPower" value="10"></item><item title="Power" value="10"></item><item title="TestType" value="Tx"></item><item title="EVM" value="-19,4153" result="PASS"></item><item title="FREQERR" value="1,03804" result="PASS"></item><item title="SYMCLOCKERR" value="0,464683" result="PASS"></item><item title="POWER" value="7,15838" result="FAIL"></item><item title="LOLEAKAGE" value="-26,5063" result="PASS"></item><item title="SPECTRUMMASK" value="20,161" result="PASS"></item><item title="SPECTRUMMARGIN" value="20,161" result="PASS"></item></Record><Criteria><item title="Modulation" value="MCS0NSS1"></item><item title="Bandwidth" value="40"></item><item title="Antenna" value="3"></item><item title="Channel" value="52"></item><item title="RfIcTemperature" value="5032"></item><item title="CpuTemperature" value="60"></item><item title="ExpectedPower" value="11"></item><item title="EVM" Max="-5" Min="-100"></item><item title="FREQERR" Max="15" Min="-15"></item><item title="SYMCLOCKERR" Max="20" Min="-100"></item><item title="POWER" Max="12,5" Min="9,5" Avg="11"></item><item title="LOLEAKAGE" Max="-17" Min="-100"></item><item title="SPECTRUMMASK" Max="100" Min="0"></item><item title="SPECTRUMMARGIN" Max="1000" Min="0"></item></Criteria><Record><item title="Modulation" value="MCS0NSS1"></item><item title="Bandwidth" value="40"></item><item title="Channel" value="52"></item><item title="Antenna" value="3"></item><item title="ExpectedPower" value="11"></item><item title="Power" value="11"></item><item title="TestType" value="Tx"></item><item title="EVM" value="-19,7971" result="PASS"></item><item title="FREQERR" value="1,03988" result="PASS"></item><item title="SYMCLOCKERR" value="2,07143" result="PASS"></item><item title="POWER" value="8,65497" result="FAIL"></item><item title="LOLEAKAGE" value="-27,3035" result="PASS"></item><item title="SPECTRUMMASK" value="18,5617" result="PASS"></item><item title="SPECTRUMMARGIN" value="18,5617" result="PASS"></item></Record><Criteria><item title="Modulation" value="MCS0NSS1"></item><item title="Bandwidth" value="40"></item><item title="Antenna" value="3"></item><item title="Channel" value="52"></item><item title="RfIcTemperature" value="5032"></item><item title="CpuTemperature" value="60"></item><item title="ExpectedPower" value="12"></item><item title="EVM" Max="-5" Min="-100"></item><item title="FREQERR" Max="15" Min="-15"></item><item title="SYMCLOCKERR" Max="20" Min="-100"></item><item title="POWER" Max="13,5" Min="10,5" Avg="12"></item><item title="LOLEAKAGE" Max="-17" Min="-100"></item><item title="SPECTRUMMASK" Max="100" Min="0"></item><item title="SPECTRUMMARGIN" Max="1000" Min="0"></item></Criteria><Record><item title="Modulation" value="MCS0NSS1"></item><item title="Bandwidth" value="40"></item><item title="Channel" value="52"></item><item title="Antenna" value="3"></item><item title="ExpectedPower" value="12"></item><item title="Power" value="12"></item><item title="TestType" value="Tx"></item><item title="EVM" value="-19,7531" result="PASS"></item><item title="FREQERR" value="1,04448" result="PASS"></item><item title="SYMCLOCKERR" value="2,24109" result="PASS"></item><item title="POWER" value="9,41688" result="FAIL"></item><item title="LOLEAKAGE" value="-30,5549" result="PASS"></item><item title="SPECTRUMMASK" value="20,5887" result="PASS"></item><item title="SPECTRUMMARGIN" value="20,5887" result="PASS"></item></Record><Criteria><item title="Modulation" value="MCS0NSS1"></item><item title="Bandwidth" value="40"></item><item title="Antenna" value="3"></item><item title="Channel" value="52"></item><item title="RfIcTemperature" value="5032"></item><item title="CpuTemperature" value="60"></item><item title="ExpectedPower" value="13"></item><item title="EVM" Max="-5" Min="-100"></item><item title="FREQERR" Max="15" Min="-15"></item><item title="SYMCLOCKERR" Max="20" Min="-100"></item><item title="POWER" Max="14,5" Min="11,5" Avg="13"></item><item title="LOLEAKAGE" Max="-17" Min="-100"></item><item title="SPECTRUMMASK" Max="100" Min="0"></item><item title="SPECTRUMMARGIN" Max="1000" Min="0"></item></Criteria><Record><item title="Modulation" value="MCS0NSS1"></item><item title="Bandwidth" value="40"></item><item title="Channel" value="52"></item><item title="Antenna" value="3"></item><item title="ExpectedPower" value="13"></item><item title="Power" value="13"></item><item title="TestType" value="Tx"></item><item title="EVM" value="-19,8023" result="PASS"></item><item title="FREQERR" value="1,04628" result="PASS"></item><item title="SYMCLOCKERR" value="1,85994" result="PASS"></item><item title="POWER" value="10,8013" result="FAIL"></item><item title="LOLEAKAGE" value="-31,7387" result="PASS"></item><item title="SPECTRUMMASK" value="19,4188" result="PASS"></item><item title="SPECTRUMMARGIN" value="19,4188" result="PASS"></item></Record><Criteria><item title="Modulation" value="MCS0NSS1"></item><item title="Bandwidth" value="40"></item><item title="Antenna" value="3"></item><item title="Channel" value="52"></item><item title="RfIcTemperature" value="5032"></item><item title="CpuTemperature" value="60"></item><item title="ExpectedPower" value="14"></item><item title="EVM" Max="-5" Min="-100"></item><item title="FREQERR" Max="15" Min="-15"></item><item title="SYMCLOCKERR" Max="20" Min="-100"></item><item title="POWER" Max="15,5" Min="12,5" Avg="14"></item><item title="LOLEAKAGE" Max="-17" Min="-100"></item><item title="SPECTRUMMASK" Max="100" Min="0"></item><item title="SPECTRUMMARGIN" Max="1000" Min="0"></item></Criteria><Record><item title="Modulation" value="MCS0NSS1"></item><item title="Bandwidth" value="40"></item><item title="Channel" value="52"></item><item title="Antenna" value="3"></item><item title="ExpectedPower" value="14"></item><item title="Power" value="14"></item><item title="TestType" value="Tx"></item><item title="EVM" value="-18,5704" result="PASS"></item><item title="FREQERR" value="1,05252" result="PASS"></item><item title="SYMCLOCKERR" value="-0,45368" result="PASS"></item><item title="POWER" value="11,6201" result="FAIL"></item><item title="LOLEAKAGE" value="-32,4603" result="PASS"></item><item title="SPECTRUMMASK" value="19,4907" result="PASS"></item><item title="SPECTRUMMARGIN" value="19,4907" result="PASS"></item></Record><Criteria><item title="Modulation" value="MCS0NSS1"></item><item title="Bandwidth" value="40"></item><item title="Antenna" value="3"></item><item title="Channel" value="52"></item><item title="RfIcTemperature" value="5032"></item><item title="CpuTemperature" value="60"></item><item title="ExpectedPower" value="15"></item><item title="EVM" Max="-5" Min="-100"></item><item title="FREQERR" Max="15" Min="-15"></item><item title="SYMCLOCKERR" Max="20" Min="-100"></item><item title="POWER" Max="16,5" Min="13,5" Avg="15"></item><item title="LOLEAKAGE" Max="-17" Min="-100"></item><item title="SPECTRUMMASK" Max="100" Min="0"></item><item title="SPECTRUMMARGIN" Max="1000" Min="0"></item></Criteria><Record><item title="Modulation" value="MCS0NSS1"></item><item title="Bandwidth" value="40"></item><item title="Channel" value="52"></item><item title="Antenna" value="3"></item><item title="ExpectedPower" value="15"></item><item title="Power" value="15"></item><item title="TestType" value="Tx"></item><item title="EVM" value="-19,3249" result="PASS"></item><item title="FREQERR" value="1,05443" result="PASS"></item><item title="SYMCLOCKERR" value="0,132998" result="PASS"></item><item title="POWER" value="12,7303" result="FAIL"></item><item title="LOLEAKAGE" value="-35,824" result="PASS"></item><item title="SPECTRUMMASK" value="19,71" result="PASS"></item><item title="SPECTRUMMARGIN" value="19,71" result="PASS"></item></Record><Criteria><item title="Modulation" value="MCS0NSS1"></item><item title="Bandwidth" value="40"></item><item title="Antenna" value="3"></item><item title="Channel" value="52"></item><item title="RfIcTemperature" value="5032"></item><item title="CpuTemperature" value="60"></item><item title="ExpectedPower" value="16"></item><item title="EVM" Max="-5" Min="-100"></item><item title="FREQERR" Max="15" Min="-15"></item><item title="SYMCLOCKERR" Max="20" Min="-100"></item><item title="POWER" Max="17,5" Min="14,5" Avg="16"></item><item title="LOLEAKAGE" Max="-17" Min="-100"></item><item title="SPECTRUMMASK" Max="100" Min="0"></item><item title="SPECTRUMMARGIN" Max="1000" Min="0"></item></Criteria><Record><item title="Modulation" value="MCS0NSS1"></item><item title="Bandwidth" value="40"></item><item title="Channel" value="52"></item><item title="Antenna" value="3"></item><item title="ExpectedPower" value="16"></item><item title="Power" value="16"></item><item title="TestType" value="Tx"></item><item title="EVM" value="-20,5574" result="PASS"></item><item title="FREQERR" value="1,05321" result="PASS"></item><item title="SYMCLOCKERR" value="3,16844" result="PASS"></item><item title="POWER" value="13,79" result="FAIL"></item><item title="LOLEAKAGE" value="-37,4205" result="PASS"></item><item title="SPECTRUMMASK" value="20,8574" result="PASS"></item><item title="SPECTRUMMARGIN" value="20,8574" result="PASS"></item></Record><Criteria><item title="Modulation" value="MCS0NSS1"></item><item title="Bandwidth" value="40"></item><item title="Antenna" value="3"></item><item title="Channel" value="52"></item><item title="RfIcTemperature" value="5032"></item><item title="CpuTemperature" value="60"></item><item title="ExpectedPower" value="17"></item><item title="EVM" Max="-5" Min="-100"></item><item title="FREQERR" Max="15" Min="-15"></item><item title="SYMCLOCKERR" Max="20" Min="-100"></item><item title="POWER" Max="18,5" Min="15,5" Avg="17"></item><item title="LOLEAKAGE" Max="-17" Min="-100"></item><item title="SPECTRUMMASK" Max="100" Min="0"></item><item title="SPECTRUMMARGIN" Max="1000" Min="0"></item></Criteria><Record><item title="Modulation" value="MCS0NSS1"></item><item title="Bandwidth" value="40"></item><item title="Channel" value="52"></item><item title="Antenna" value="3"></item><item title="ExpectedPower" value="17"></item><item title="Power" value="17"></item><item title="TestType" value="Tx"></item><item title="EVM" value="-19,7013" result="PASS"></item><item title="FREQERR" value="1,06408" result="PASS"></item><item title="SYMCLOCKERR" value="3,25007" result="PASS"></item><item title="POWER" value="14,9429" result="FAIL"></item><item title="LOLEAKAGE" value="-43,4616" result="PASS"></item><item title="SPECTRUMMASK" value="19,3935" result="PASS"></item><item title="SPECTRUMMARGIN" value="19,3935" result="PASS"></item></Record><Criteria><item title="Modulation" value="MCS0NSS1"></item><item title="Bandwidth" value="40"></item><item title="Antenna" value="3"></item><item title="Channel" value="52"></item><item title="RfIcTemperature" value="5032"></item><item title="CpuTemperature" value="60"></item><item title="ExpectedPower" value="18"></item><item title="EVM" Max="-5" Min="-100"></item><item title="FREQERR" Max="15" Min="-15"></item><item title="SYMCLOCKERR" Max="20" Min="-100"></item><item title="POWER" Max="19,5" Min="16,5" Avg="18"></item><item title="LOLEAKAGE" Max="-17" Min="-100"></item><item title="SPECTRUMMASK" Max="100" Min="0"></item><item title="SPECTRUMMARGIN" Max="1000" Min="0"></item></Criteria><Record><item title="Modulation" value="MCS0NSS1"></item><item title="Bandwidth" value="40"></item><item title="Channel" value="52"></item><item title="Antenna" value="3"></item><item title="ExpectedPower" value="18"></item><item title="Power" value="18"></item><item title="TestType" value="Tx"></item><item title="EVM" value="-19,4564" result="PASS"></item><item title="FREQERR" value="1,06346" result="PASS"></item><item title="SYMCLOCKERR" value="2,58687" result="PASS"></item><item title="POWER" value="16,0336" result="FAIL"></item><item title="LOLEAKAGE" value="-41,2053" result="PASS"></item><item title="SPECTRUMMASK" value="18,4189" result="PASS"></item><item title="SPECTRUMMARGIN" value="18,4189" result="PASS"></item></Record><Criteria><item title="Modulation" value="MCS0NSS1"></item><item title="Bandwidth" value="40"></item><item title="Antenna" value="3"></item><item title="Channel" value="52"></item><item title="RfIcTemperature" value="5032"></item><item title="CpuTemperature" value="60"></item><item title="ExpectedPower" value="19"></item><item title="EVM" Max="-5" Min="-100"></item><item title="FREQERR" Max="15" Min="-15"></item><item title="SYMCLOCKERR" Max="20" Min="-100"></item><item title="POWER" Max="20,5" Min="17,5" Avg="19"></item><item title="LOLEAKAGE" Max="-17" Min="-100"></item><item title="SPECTRUMMASK" Max="100" Min="0"></item><item title="SPECTRUMMARGIN" Max="1000" Min="0"></item></Criteria><Record><item title="Modulation" value="MCS0NSS1"></item><item title="Bandwidth" value="40"></item><item title="Channel" value="52"></item><item title="Antenna" value="3"></item><item title="ExpectedPower" value="19"></item><item title="Power" value="19"></item><item title="TestType" value="Tx"></item><item title="EVM" value="-20,3122" result="PASS"></item><item title="FREQERR" value="1,05778" result="PASS"></item><item title="SYMCLOCKERR" value="2,89039" result="PASS"></item><item title="POWER" value="17,4457" result="FAIL"></item><item title="LOLEAKAGE" value="-44,7924" result="PASS"></item><item title="SPECTRUMMASK" value="17,0936" result="PASS"></item><item title="SPECTRUMMARGIN" value="17,0936" result="PASS"></item></Record><Criteria><item title="Modulation" value="MCS0NSS1"></item><item title="Bandwidth" value="40"></item><item title="Antenna" value="3"></item><item title="Channel" value="52"></item><item title="RfIcTemperature" value="5032"></item><item title="CpuTemperature" value="60"></item><item title="ExpectedPower" value="20"></item><item title="EVM" Max="-5" Min="-100"></item><item title="FREQERR" Max="15" Min="-15"></item><item title="SYMCLOCKERR" Max="20" Min="-100"></item><item title="POWER" Max="21,5" Min="18,5" Avg="20"></item><item title="LOLEAKAGE" Max="-17" Min="-100"></item><item title="SPECTRUMMASK" Max="100" Min="0"></item><item title="SPECTRUMMARGIN" Max="1000" Min="0"></item></Criteria><Record><item title="Modulation" value="MCS0NSS1"></item><item title="Bandwidth" value="40"></item><item title="Channel" value="52"></item><item title="Antenna" value="3"></item><item title="ExpectedPower" value="20"></item><item title="Power" value="20"></item><item title="TestType" value="Tx"></item><item title="EVM" value="-20,0785" result="PASS"></item><item title="FREQERR" value="1,06422" result="PASS"></item><item title="SYMCLOCKERR" value="2,89095" result="PASS"></item><item title="POWER" value="18,4214" result="FAIL"></item><item title="LOLEAKAGE" value="-46,0533" result="PASS"></item><item title="SPECTRUMMASK" value="16,8791" result="PASS"></item><item title="SPECTRUMMARGIN" value="16,8791" result="PASS"></item></Record><Criteria><item title="Modulation" value="MCS0NSS1"></item><item title="Bandwidth" value="40"></item><item title="Antenna" value="3"></item><item title="Channel" value="52"></item><item title="RfIcTemperature" value="5032"></item><item title="CpuTemperature" value="60"></item><item title="ExpectedPower" value="21"></item><item title="EVM" Max="-5" Min="-100"></item><item title="FREQERR" Max="15" Min="-15"></item><item title="SYMCLOCKERR" Max="20" Min="-100"></item><item title="POWER" Max="22,5" Min="19,5" Avg="21"></item><item title="LOLEAKAGE" Max="-17" Min="-100"></item><item title="SPECTRUMMASK" Max="100" Min="0"></item><item title="SPECTRUMMARGIN" Max="1000" Min="0"></item></Criteria><Record><item title="Modulation" value="MCS0NSS1"></item><item title="Bandwidth" value="40"></item><item title="Channel" value="52"></item><item title="Antenna" value="3"></item><item title="ExpectedPower" value="21"></item><item title="Power" value="21"></item><item title="TestType" value="Tx"></item><item title="EVM" value="-20,0341" result="PASS"></item><item title="FREQERR" value="1,06163" result="PASS"></item><item title="SYMCLOCKERR" value="1,22121" result="PASS"></item><item title="POWER" value="19,2879" result="FAIL"></item><item title="LOLEAKAGE" value="-45,9403" result="PASS"></item><item title="SPECTRUMMASK" value="15,674" result="PASS"></item><item title="SPECTRUMMARGIN" value="15,674" result="PASS"></item></Record><Criteria><item title="Modulation" value="MCS0NSS1"></item><item title="Bandwidth" value="40"></item><item title="Antenna" value="3"></item><item title="Channel" value="52"></item><item title="RfIcTemperature" value="5032"></item><item title="CpuTemperature" value="60"></item><item title="ExpectedPower" value="22"></item><item title="EVM" Max="-5" Min="-100"></item><item title="FREQERR" Max="15" Min="-15"></item><item title="SYMCLOCKERR" Max="20" Min="-100"></item><item title="POWER" Max="23,5" Min="20,5" Avg="22"></item><item title="LOLEAKAGE" Max="-17" Min="-100"></item><item title="SPECTRUMMASK" Max="100" Min="0"></item><item title="SPECTRUMMARGIN" Max="1000" Min="0"></item></Criteria><Record><item title="Modulation" value="MCS0NSS1"></item><item title="Bandwidth" value="40"></item><item title="Channel" value="52"></item><item title="Antenna" value="3"></item><item title="ExpectedPower" value="22"></item><item title="Power" value="22"></item><item title="TestType" value="Tx"></item><item title="EVM" value="-19,1922" result="PASS"></item><item title="FREQERR" value="1,06988" result="PASS"></item><item title="SYMCLOCKERR" value="2,43248" result="PASS"></item><item title="POWER" value="20,1023" result="FAIL"></item><item title="LOLEAKAGE" value="-41,1638" result="PASS"></item><item title="SPECTRUMMASK" value="14,0413" result="PASS"></item><item title="SPECTRUMMARGIN" value="14,0413" result="PASS"></item></Record><Criteria><item title="Modulation" value="MCS0NSS1"></item><item title="Bandwidth" value="40"></item><item title="Antenna" value="3"></item><item title="Channel" value="52"></item><item title="RfIcTemperature" value="5032"></item><item title="CpuTemperature" value="60"></item><item title="ExpectedPower" value="23"></item><item title="EVM" Max="-5" Min="-100"></item><item title="FREQERR" Max="15" Min="-15"></item><item title="SYMCLOCKERR" Max="20" Min="-100"></item><item title="POWER" Max="24,5" Min="21,5" Avg="23"></item><item title="LOLEAKAGE" Max="-17" Min="-100"></item><item title="SPECTRUMMASK" Max="100" Min="0"></item><item title="SPECTRUMMARGIN" Max="1000" Min="0"></item></Criteria><Record><item title="Modulation" value="MCS0NSS1"></item><item title="Bandwidth" value="40"></item><item title="Channel" value="52"></item><item title="Antenna" value="3"></item><item title="ExpectedPower" value="23"></item><item title="Power" value="23"></item><item title="TestType" value="Tx"></item><item title="EVM" value="-19,7837" result="PASS"></item><item title="FREQERR" value="1,06515" result="PASS"></item><item title="SYMCLOCKERR" value="-0,74127" result="PASS"></item><item title="POWER" value="21,277" result="FAIL"></item><item title="LOLEAKAGE" value="-44,2883" result="PASS"></item><item title="SPECTRUMMASK" value="10,6798" result="PASS"></item><item title="SPECTRUMMARGIN" value="10,6798" result="PASS"></item></Record><Criteria><item title="Modulation" value="MCS0NSS1"></item><item title="Bandwidth" value="40"></item><item title="Antenna" value="3"></item><item title="Channel" value="52"></item><item title="RfIcTemperature" value="5032"></item><item title="CpuTemperature" value="60"></item><item title="ExpectedPower" value="24"></item><item title="EVM" Max="-5" Min="-100"></item><item title="FREQERR" Max="15" Min="-15"></item><item title="SYMCLOCKERR" Max="20" Min="-100"></item><item title="POWER" Max="25,5" Min="22,5" Avg="24"></item><item title="LOLEAKAGE" Max="-17" Min="-100"></item><item title="SPECTRUMMASK" Max="100" Min="0"></item><item title="SPECTRUMMARGIN" Max="1000" Min="0"></item></Criteria><Record><item title="Modulation" value="MCS0NSS1"></item><item title="Bandwidth" value="40"></item><item title="Channel" value="52"></item><item title="Antenna" value="3"></item><item title="ExpectedPower" value="24"></item><item title="Power" value="24"></item><item title="TestType" value="Tx"></item><item title="EVM" value="-20,0638" result="PASS"></item><item title="FREQERR" value="1,06532" result="PASS"></item><item title="SYMCLOCKERR" value="2,67806" result="PASS"></item><item title="POWER" value="22,5356" result="PASS"></item><item title="LOLEAKAGE" value="-42,7396" result="PASS"></item><item title="SPECTRUMMASK" value="7,16582" result="PASS"></item><item title="SPECTRUMMARGIN" value="7,16582" result="PASS"></item></Record><Criteria><item title="Modulation" value="MCS0NSS1"></item><item title="Bandwidth" value="40"></item><item title="Antenna" value="3"></item><item title="Channel" value="52"></item><item title="RfIcTemperature" value="5032"></item><item title="CpuTemperature" value="60"></item><item title="ExpectedPower" value="25"></item><item title="EVM" Max="-5" Min="-100"></item><item title="FREQERR" Max="15" Min="-15"></item><item title="SYMCLOCKERR" Max="20" Min="-100"></item><item title="POWER" Max="26,5" Min="23,5" Avg="25"></item><item title="LOLEAKAGE" Max="-17" Min="-100"></item><item title="SPECTRUMMASK" Max="100" Min="0"></item><item title="SPECTRUMMARGIN" Max="1000" Min="0"></item></Criteria><Record><item title="Modulation" value="MCS0NSS1"></item><item title="Bandwidth" value="40"></item><item title="Channel" value="52"></item><item title="Antenna" value="3"></item><item title="ExpectedPower" value="25"></item><item title="Power" value="25"></item><item title="TestType" value="Tx"></item><item title="EVM" value="-19,1917" result="PASS"></item><item title="FREQERR" value="1,07606" result="PASS"></item><item title="SYMCLOCKERR" value="5,22759" result="PASS"></item><item title="POWER" value="23,3675" result="FAIL"></item><item title="LOLEAKAGE" value="-50,2549" result="PASS"></item><item title="SPECTRUMMASK" value="4,44627" result="PASS"></item><item title="SPECTRUMMARGIN" value="4,44627" result="PASS"></item></Record><Criteria><item title="Modulation" value="MCS0NSS1"></item><item title="Bandwidth" value="40"></item><item title="Antenna" value="0"></item><item title="Channel" value="100"></item><item title="RfIcTemperature" value="5032"></item><item title="CpuTemperature" value="61"></item><item title="ExpectedPower" value="10"></item><item title="EVM" Max="-5" Min="-100"></item><item title="FREQERR" Max="15" Min="-15"></item><item title="SYMCLOCKERR" Max="20" Min="-100"></item><item title="POWER" Max="11,5" Min="8,5" Avg="10"></item><item title="LOLEAKAGE" Max="-17" Min="-100"></item><item title="SPECTRUMMASK" Max="100" Min="0"></item><item title="SPECTRUMMARGIN" Max="1000" Min="0"></item></Criteria><Record><item title="Modulation" value="MCS0NSS1"></item><item title="Bandwidth" value="40"></item><item title="Channel" value="100"></item><item title="Antenna" value="0"></item><item title="ExpectedPower" value="10"></item><item title="Power" value="10"></item><item title="TestType" value="Tx"></item><item title="EVM" value="-19,2239" result="PASS"></item><item title="FREQERR" value="1,04601" result="PASS"></item><item title="SYMCLOCKERR" value="2,11071" result="PASS"></item><item title="POWER" value="8,60961" result="PASS"></item><item title="LOLEAKAGE" value="-30,5469" result="PASS"></item><item title="SPECTRUMMASK" value="19,6674" result="PASS"></item><item title="SPECTRUMMARGIN" value="19,6674" result="PASS"></item></Record><Criteria><item title="Modulation" value="MCS0NSS1"></item><item title="Bandwidth" value="40"></item><item title="Antenna" value="0"></item><item title="Channel" value="100"></item><item title="RfIcTemperature" value="5032"></item><item title="CpuTemperature" value="61"></item><item title="ExpectedPower" value="11"></item><item title="EVM" Max="-5" Min="-100"></item><item title="FREQERR" Max="15" Min="-15"></item><item title="SYMCLOCKERR" Max="20" Min="-100"></item><item title="POWER" Max="12,5" Min="9,5" Avg="11"></item><item title="LOLEAKAGE" Max="-17" Min="-100"></item><item title="SPECTRUMMASK" Max="100" Min="0"></item><item title="SPECTRUMMARGIN" Max="1000" Min="0"></item></Criteria><Record><item title="Modulation" value="MCS0NSS1"></item><item title="Bandwidth" value="40"></item><item title="Channel" value="100"></item><item title="Antenna" value="0"></item><item title="ExpectedPower" value="11"></item><item title="Power" value="11"></item><item title="TestType" value="Tx"></item><item title="EVM" value="-19,0655" result="PASS"></item><item title="FREQERR" value="1,04785" result="PASS"></item><item title="SYMCLOCKERR" value="3,46326" result="PASS"></item><item title="POWER" value="9,53438" result="PASS"></item><item title="LOLEAKAGE" value="-31,7998" result="PASS"></item><item title="SPECTRUMMASK" value="20,2407" result="PASS"></item><item title="SPECTRUMMARGIN" value="20,2407" result="PASS"></item></Record><Criteria><item title="Modulation" value="MCS0NSS1"></item><item title="Bandwidth" value="40"></item><item title="Antenna" value="0"></item><item title="Channel" value="100"></item><item title="RfIcTemperature" value="5032"></item><item title="CpuTemperature" value="61"></item><item title="ExpectedPower" value="12"></item><item title="EVM" Max="-5" Min="-100"></item><item title="FREQERR" Max="15" Min="-15"></item><item title="SYMCLOCKERR" Max="20" Min="-100"></item><item title="POWER" Max="13,5" Min="10,5" Avg="12"></item><item title="LOLEAKAGE" Max="-17" Min="-100"></item><item title="SPECTRUMMASK" Max="100" Min="0"></item><item title="SPECTRUMMARGIN" Max="1000" Min="0"></item></Criteria><Record><item title="Modulation" value="MCS0NSS1"></item><item title="Bandwidth" value="40"></item><item title="Channel" value="100"></item><item title="Antenna" value="0"></item><item title="ExpectedPower" value="12"></item><item title="Power" value="12"></item><item title="TestType" value="Tx"></item><item title="EVM" value="-18,9284" result="PASS"></item><item title="FREQERR" value="1,05322" result="PASS"></item><item title="SYMCLOCKERR" value="0,581766" result="PASS"></item><item title="POWER" value="10,6898" result="PASS"></item><item title="LOLEAKAGE" value="-34,5944" result="PASS"></item><item title="SPECTRUMMASK" value="19,4514" result="PASS"></item><item title="SPECTRUMMARGIN" value="19,4514" result="PASS"></item></Record><Criteria><item title="Modulation" value="MCS0NSS1"></item><item title="Bandwidth" value="40"></item><item title="Antenna" value="0"></item><item title="Channel" value="100"></item><item title="RfIcTemperature" value="5032"></item><item title="CpuTemperature" value="61"></item><item title="ExpectedPower" value="13"></item><item title="EVM" Max="-5" Min="-100"></item><item title="FREQERR" Max="15" Min="-15"></item><item title="SYMCLOCKERR" Max="20" Min="-100"></item><item title="POWER" Max="14,5" Min="11,5" Avg="13"></item><item title="LOLEAKAGE" Max="-17" Min="-100"></item><item title="SPECTRUMMASK" Max="100" Min="0"></item><item title="SPECTRUMMARGIN" Max="1000" Min="0"></item></Criteria><Record><item title="Modulation" value="MCS0NSS1"></item><item title="Bandwidth" value="40"></item><item title="Channel" value="100"></item><item title="Antenna" value="0"></item><item title="ExpectedPower" value="13"></item><item title="Power" value="13"></item><item title="TestType" value="Tx"></item><item title="EVM" value="-20,3499" result="PASS"></item><item title="FREQERR" value="1,05895" result="PASS"></item><item title="SYMCLOCKERR" value="3,34765" result="PASS"></item><item title="POWER" value="11,5493" result="PASS"></item><item title="LOLEAKAGE" value="-34,0854" result="PASS"></item><item title="SPECTRUMMASK" value="19,2099" result="PASS"></item><item title="SPECTRUMMARGIN" value="19,2099" result="PASS"></item></Record><Criteria><item title="Modulation" value="MCS0NSS1"></item><item title="Bandwidth" value="40"></item><item title="Antenna" value="0"></item><item title="Channel" value="100"></item><item title="RfIcTemperature" value="5032"></item><item title="CpuTemperature" value="61"></item><item title="ExpectedPower" value="14"></item><item title="EVM" Max="-5" Min="-100"></item><item title="FREQERR" Max="15" Min="-15"></item><item title="SYMCLOCKERR" Max="20" Min="-100"></item><item title="POWER" Max="15,5" Min="12,5" Avg="14"></item><item title="LOLEAKAGE" Max="-17" Min="-100"></item><item title="SPECTRUMMASK" Max="100" Min="0"></item><item title="SPECTRUMMARGIN" Max="1000" Min="0"></item></Criteria><Record><item title="Modulation" value="MCS0NSS1"></item><item title="Bandwidth" value="40"></item><item title="Channel" value="100"></item><item title="Antenna" value="0"></item><item title="ExpectedPower" value="14"></item><item title="Power" value="14"></item><item title="TestType" value="Tx"></item><item title="EVM" value="-19,1101" result="PASS"></item><item title="FREQERR" value="1,05387" result="PASS"></item><item title="SYMCLOCKERR" value="3,72539" result="PASS"></item><item title="POWER" value="12,434" result="FAIL"></item><item title="LOLEAKAGE" value="-35,7719" result="PASS"></item><item title="SPECTRUMMASK" value="19,7291" result="PASS"></item><item title="SPECTRUMMARGIN" value="19,7291" result="PASS"></item></Record><Criteria><item title="Modulation" value="MCS0NSS1"></item><item title="Bandwidth" value="40"></item><item title="Antenna" value="0"></item><item title="Channel" value="100"></item><item title="RfIcTemperature" value="5032"></item><item title="CpuTemperature" value="61"></item><item title="ExpectedPower" value="15"></item><item title="EVM" Max="-5" Min="-100"></item><item title="FREQERR" Max="15" Min="-15"></item><item title="SYMCLOCKERR" Max="20" Min="-100"></item><item title="POWER" Max="16,5" Min="13,5" Avg="15"></item><item title="LOLEAKAGE" Max="-17" Min="-100"></item><item title="SPECTRUMMASK" Max="100" Min="0"></item><item title="SPECTRUMMARGIN" Max="1000" Min="0"></item></Criteria><Record><item title="Modulation" value="MCS0NSS1"></item><item title="Bandwidth" value="40"></item><item title="Channel" value="100"></item><item title="Antenna" value="0"></item><item title="ExpectedPower" value="15"></item><item title="Power" value="15"></item><item title="TestType" value="Tx"></item><item title="EVM" value="-19,8834" result="PASS"></item><item title="FREQERR" value="1,06416" result="PASS"></item><item title="SYMCLOCKERR" value="2,6386" result="PASS"></item><item title="POWER" value="13,5913" result="PASS"></item><item title="LOLEAKAGE" value="-37,2" result="PASS"></item><item title="SPECTRUMMASK" value="20,4301" result="PASS"></item><item title="SPECTRUMMARGIN" value="20,4301" result="PASS"></item></Record><Criteria><item title="Modulation" value="MCS0NSS1"></item><item title="Bandwidth" value="40"></item><item title="Antenna" value="0"></item><item title="Channel" value="100"></item><item title="RfIcTemperature" value="5032"></item><item title="CpuTemperature" value="61"></item><item title="ExpectedPower" value="16"></item><item title="EVM" Max="-5" Min="-100"></item><item title="FREQERR" Max="15" Min="-15"></item><item title="SYMCLOCKERR" Max="20" Min="-100"></item><item title="POWER" Max="17,5" Min="14,5" Avg="16"></item><item title="LOLEAKAGE" Max="-17" Min="-100"></item><item title="SPECTRUMMASK" Max="100" Min="0"></item><item title="SPECTRUMMARGIN" Max="1000" Min="0"></item></Criteria><Record><item title="Modulation" value="MCS0NSS1"></item><item title="Bandwidth" value="40"></item><item title="Channel" value="100"></item><item title="Antenna" value="0"></item><item title="ExpectedPower" value="16"></item><item title="Power" value="16"></item><item title="TestType" value="Tx"></item><item title="EVM" value="-18,5376" result="PASS"></item><item title="FREQERR" value="1,05667" result="PASS"></item><item title="SYMCLOCKERR" value="-0,0145731" result="PASS"></item><item title="POWER" value="14,8062" result="PASS"></item><item title="LOLEAKAGE" value="-39,2592" result="PASS"></item><item title="SPECTRUMMASK" value="18,8768" result="PASS"></item><item title="SPECTRUMMARGIN" value="18,8768" result="PASS"></item></Record><Criteria><item title="Modulation" value="MCS0NSS1"></item><item title="Bandwidth" value="40"></item><item title="Antenna" value="0"></item><item title="Channel" value="100"></item><item title="RfIcTemperature" value="5032"></item><item title="CpuTemperature" value="61"></item><item title="ExpectedPower" value="17"></item><item title="EVM" Max="-5" Min="-100"></item><item title="FREQERR" Max="15" Min="-15"></item><item title="SYMCLOCKERR" Max="20" Min="-100"></item><item title="POWER" Max="18,5" Min="15,5" Avg="17"></item><item title="LOLEAKAGE" Max="-17" Min="-100"></item><item title="SPECTRUMMASK" Max="100" Min="0"></item><item title="SPECTRUMMARGIN" Max="1000" Min="0"></item></Criteria><Record><item title="Modulation" value="MCS0NSS1"></item><item title="Bandwidth" value="40"></item><item title="Channel" value="100"></item><item title="Antenna" value="0"></item><item title="ExpectedPower" value="17"></item><item title="Power" value="17"></item><item title="TestType" value="Tx"></item><item title="EVM" value="-19,7535" result="PASS"></item><item title="FREQERR" value="1,05965" result="PASS"></item><item title="SYMCLOCKERR" value="0,985754" result="PASS"></item><item title="POWER" value="15,4336" result="FAIL"></item><item title="LOLEAKAGE" value="-45,8599" result="PASS"></item><item title="SPECTRUMMASK" value="19,1986" result="PASS"></item><item title="SPECTRUMMARGIN" value="19,1986" result="PASS"></item></Record><Criteria><item title="Modulation" value="MCS0NSS1"></item><item title="Bandwidth" value="40"></item><item title="Antenna" value="0"></item><item title="Channel" value="100"></item><item title="RfIcTemperature" value="5032"></item><item title="CpuTemperature" value="61"></item><item title="ExpectedPower" value="18"></item><item title="EVM" Max="-5" Min="-100"></item><item title="FREQERR" Max="15" Min="-15"></item><item title="SYMCLOCKERR" Max="20" Min="-100"></item><item title="POWER" Max="19,5" Min="16,5" Avg="18"></item><item title="LOLEAKAGE" Max="-17" Min="-100"></item><item title="SPECTRUMMASK" Max="100" Min="0"></item><item title="SPECTRUMMARGIN" Max="1000" Min="0"></item></Criteria><Record><item title="Modulation" value="MCS0NSS1"></item><item title="Bandwidth" value="40"></item><item title="Channel" value="100"></item><item title="Antenna" value="0"></item><item title="ExpectedPower" value="18"></item><item title="Power" value="18"></item><item title="TestType" value="Tx"></item><item title="EVM" value="-19,5125" result="PASS"></item><item title="FREQERR" value="1,0576" result="PASS"></item><item title="SYMCLOCKERR" value="2,31594" result="PASS"></item><item title="POWER" value="16,9694" result="PASS"></item><item title="LOLEAKAGE" value="-44,5147" result="PASS"></item><item title="SPECTRUMMASK" value="18,7242" result="PASS"></item><item title="SPECTRUMMARGIN" value="18,7242" result="PASS"></item></Record><Criteria><item title="Modulation" value="MCS0NSS1"></item><item title="Bandwidth" value="40"></item><item title="Antenna" value="0"></item><item title="Channel" value="100"></item><item title="RfIcTemperature" value="5032"></item><item title="CpuTemperature" value="61"></item><item title="ExpectedPower" value="19"></item><item title="EVM" Max="-5" Min="-100"></item><item title="FREQERR" Max="15" Min="-15"></item><item title="SYMCLOCKERR" Max="20" Min="-100"></item><item title="POWER" Max="20,5" Min="17,5" Avg="19"></item><item title="LOLEAKAGE" Max="-17" Min="-100"></item><item title="SPECTRUMMASK" Max="100" Min="0"></item><item title="SPECTRUMMARGIN" Max="1000" Min="0"></item></Criteria><Record><item title="Modulation" value="MCS0NSS1"></item><item title="Bandwidth" value="40"></item><item title="Channel" value="100"></item><item title="Antenna" value="0"></item><item title="ExpectedPower" value="19"></item><item title="Power" value="19"></item><item title="TestType" value="Tx"></item><item title="EVM" value="-19,5706" result="PASS"></item><item title="FREQERR" value="1,05751" result="PASS"></item><item title="SYMCLOCKERR" value="3,62508" result="PASS"></item><item title="POWER" value="17,6247" result="PASS"></item><item title="LOLEAKAGE" value="-47,2232" result="PASS"></item><item title="SPECTRUMMASK" value="18,4925" result="PASS"></item><item title="SPECTRUMMARGIN" value="18,4925" result="PASS"></item></Record><Criteria><item title="Modulation" value="MCS0NSS1"></item><item title="Bandwidth" value="40"></item><item title="Antenna" value="0"></item><item title="Channel" value="100"></item><item title="RfIcTemperature" value="5032"></item><item title="CpuTemperature" value="61"></item><item title="ExpectedPower" value="20"></item><item title="EVM" Max="-5" Min="-100"></item><item title="FREQERR" Max="15" Min="-15"></item><item title="SYMCLOCKERR" Max="20" Min="-100"></item><item title="POWER" Max="21,5" Min="18,5" Avg="20"></item><item title="LOLEAKAGE" Max="-17" Min="-100"></item><item title="SPECTRUMMASK" Max="100" Min="0"></item><item title="SPECTRUMMARGIN" Max="1000" Min="0"></item></Criteria><Record><item title="Modulation" value="MCS0NSS1"></item><item title="Bandwidth" value="40"></item><item title="Channel" value="100"></item><item title="Antenna" value="0"></item><item title="ExpectedPower" value="20"></item><item title="Power" value="20"></item><item title="TestType" value="Tx"></item><item title="EVM" value="-20,3049" result="PASS"></item><item title="FREQERR" value="1,05664" result="PASS"></item><item title="SYMCLOCKERR" value="3,05095" result="PASS"></item><item title="POWER" value="18,6491" result="PASS"></item><item title="LOLEAKAGE" value="-47,1277" result="PASS"></item><item title="SPECTRUMMASK" value="16,1909" result="PASS"></item><item title="SPECTRUMMARGIN" value="16,1909" result="PASS"></item></Record><Criteria><item title="Modulation" value="MCS0NSS1"></item><item title="Bandwidth" value="40"></item><item title="Antenna" value="0"></item><item title="Channel" value="100"></item><item title="RfIcTemperature" value="5032"></item><item title="CpuTemperature" value="61"></item><item title="ExpectedPower" value="21"></item><item title="EVM" Max="-5" Min="-100"></item><item title="FREQERR" Max="15" Min="-15"></item><item title="SYMCLOCKERR" Max="20" Min="-100"></item><item title="POWER" Max="22,5" Min="19,5" Avg="21"></item><item title="LOLEAKAGE" Max="-17" Min="-100"></item><item title="SPECTRUMMASK" Max="100" Min="0"></item><item title="SPECTRUMMARGIN" Max="1000" Min="0"></item></Criteria><Record><item title="Modulation" value="MCS0NSS1"></item><item title="Bandwidth" value="40"></item><item title="Channel" value="100"></item><item title="Antenna" value="0"></item><item title="ExpectedPower" value="21"></item><item title="Power" value="21"></item><item title="TestType" value="Tx"></item><item title="EVM" value="-19,9945" result="PASS"></item><item title="FREQERR" value="1,05768" result="PASS"></item><item title="SYMCLOCKERR" value="2,98792" result="PASS"></item><item title="POWER" value="19,7112" result="PASS"></item><item title="LOLEAKAGE" value="-49,6611" result="PASS"></item><item title="SPECTRUMMASK" value="14,0821" result="PASS"></item><item title="SPECTRUMMARGIN" value="14,0821" result="PASS"></item></Record><Criteria><item title="Modulation" value="MCS0NSS1"></item><item title="Bandwidth" value="40"></item><item title="Antenna" value="0"></item><item title="Channel" value="100"></item><item title="RfIcTemperature" value="5032"></item><item title="CpuTemperature" value="61"></item><item title="ExpectedPower" value="22"></item><item title="EVM" Max="-5" Min="-100"></item><item title="FREQERR" Max="15" Min="-15"></item><item title="SYMCLOCKERR" Max="20" Min="-100"></item><item title="POWER" Max="23,5" Min="20,5" Avg="22"></item><item title="LOLEAKAGE" Max="-17" Min="-100"></item><item title="SPECTRUMMASK" Max="100" Min="0"></item><item title="SPECTRUMMARGIN" Max="1000" Min="0"></item></Criteria><Record><item title="Modulation" value="MCS0NSS1"></item><item title="Bandwidth" value="40"></item><item title="Channel" value="100"></item><item title="Antenna" value="0"></item><item title="ExpectedPower" value="22"></item><item title="Power" value="22"></item><item title="TestType" value="Tx"></item><item title="EVM" value="-19,1209" result="PASS"></item><item title="FREQERR" value="1,05638" result="PASS"></item><item title="SYMCLOCKERR" value="3,35915" result="PASS"></item><item title="POWER" value="20,7429" result="PASS"></item><item title="LOLEAKAGE" value="-46,4275" result="PASS"></item><item title="SPECTRUMMASK" value="11,82" result="PASS"></item><item title="SPECTRUMMARGIN" value="11,82" result="PASS"></item></Record><Criteria><item title="Modulation" value="MCS0NSS1"></item><item title="Bandwidth" value="40"></item><item title="Antenna" value="0"></item><item title="Channel" value="100"></item><item title="RfIcTemperature" value="5032"></item><item title="CpuTemperature" value="61"></item><item title="ExpectedPower" value="23"></item><item title="EVM" Max="-5" Min="-100"></item><item title="FREQERR" Max="15" Min="-15"></item><item title="SYMCLOCKERR" Max="20" Min="-100"></item><item title="POWER" Max="24,5" Min="21,5" Avg="23"></item><item title="LOLEAKAGE" Max="-17" Min="-100"></item><item title="SPECTRUMMASK" Max="100" Min="0"></item><item title="SPECTRUMMARGIN" Max="1000" Min="0"></item></Criteria><Record><item title="Modulation" value="MCS0NSS1"></item><item title="Bandwidth" value="40"></item><item title="Channel" value="100"></item><item title="Antenna" value="0"></item><item title="ExpectedPower" value="23"></item><item title="Power" value="23"></item><item title="TestType" value="Tx"></item><item title="EVM" value="-20,6415" result="PASS"></item><item title="FREQERR" value="1,06251" result="PASS"></item><item title="SYMCLOCKERR" value="1,31786" result="PASS"></item><item title="POWER" value="21,6156" result="PASS"></item><item title="LOLEAKAGE" value="-57,925" result="PASS"></item><item title="SPECTRUMMASK" value="8,41592" result="PASS"></item><item title="SPECTRUMMARGIN" value="8,41592" result="PASS"></item></Record><Criteria><item title="Modulation" value="MCS0NSS1"></item><item title="Bandwidth" value="40"></item><item title="Antenna" value="0"></item><item title="Channel" value="100"></item><item title="RfIcTemperature" value="5032"></item><item title="CpuTemperature" value="61"></item><item title="ExpectedPower" value="24"></item><item title="EVM" Max="-5" Min="-100"></item><item title="FREQERR" Max="15" Min="-15"></item><item title="SYMCLOCKERR" Max="20" Min="-100"></item><item title="POWER" Max="25,5" Min="22,5" Avg="24"></item><item title="LOLEAKAGE" Max="-17" Min="-100"></item><item title="SPECTRUMMASK" Max="100" Min="0"></item><item title="SPECTRUMMARGIN" Max="1000" Min="0"></item></Criteria><Record><item title="Modulation" value="MCS0NSS1"></item><item title="Bandwidth" value="40"></item><item title="Channel" value="100"></item><item title="Antenna" value="0"></item><item title="ExpectedPower" value="24"></item><item title="Power" value="24"></item><item title="TestType" value="Tx"></item><item title="EVM" value="-19,0947" result="PASS"></item><item title="FREQERR" value="1,05878" result="PASS"></item><item title="SYMCLOCKERR" value="1,86256" result="PASS"></item><item title="POWER" value="22,5583" result="PASS"></item><item title="LOLEAKAGE" value="-48,5117" result="PASS"></item><item title="SPECTRUMMASK" value="5,39555" result="PASS"></item><item title="SPECTRUMMARGIN" value="5,39555" result="PASS"></item></Record><Criteria><item title="Modulation" value="MCS0NSS1"></item><item title="Bandwidth" value="40"></item><item title="Antenna" value="0"></item><item title="Channel" value="100"></item><item title="RfIcTemperature" value="5032"></item><item title="CpuTemperature" value="61"></item><item title="ExpectedPower" value="25"></item><item title="EVM" Max="-5" Min="-100"></item><item title="FREQERR" Max="15" Min="-15"></item><item title="SYMCLOCKERR" Max="20" Min="-100"></item><item title="POWER" Max="26,5" Min="23,5" Avg="25"></item><item title="LOLEAKAGE" Max="-17" Min="-100"></item><item title="SPECTRUMMASK" Max="100" Min="0"></item><item title="SPECTRUMMARGIN" Max="1000" Min="0"></item></Criteria><Record><item title="Modulation" value="MCS0NSS1"></item><item title="Bandwidth" value="40"></item><item title="Channel" value="100"></item><item title="Antenna" value="0"></item><item title="ExpectedPower" value="25"></item><item title="Power" value="25"></item><item title="TestType" value="Tx"></item><item title="EVM" value="-17,9966" result="PASS"></item><item title="FREQERR" value="1,05516" result="PASS"></item><item title="SYMCLOCKERR" value="2,85618" result="PASS"></item><item title="POWER" value="23,5911" result="PASS"></item><item title="LOLEAKAGE" value="-45,7073" result="PASS"></item><item title="SPECTRUMMASK" value="3,64096" result="PASS"></item><item title="SPECTRUMMARGIN" value="3,64096" result="PASS"></item></Record><Criteria><item title="Modulation" value="MCS0NSS1"></item><item title="Bandwidth" value="40"></item><item title="Antenna" value="1"></item><item title="Channel" value="100"></item><item title="RfIcTemperature" value="5032"></item><item title="CpuTemperature" value="61"></item><item title="ExpectedPower" value="10"></item><item title="EVM" Max="-5" Min="-100"></item><item title="FREQERR" Max="15" Min="-15"></item><item title="SYMCLOCKERR" Max="20" Min="-100"></item><item title="POWER" Max="11,5" Min="8,5" Avg="10"></item><item title="LOLEAKAGE" Max="-17" Min="-100"></item><item title="SPECTRUMMASK" Max="100" Min="0"></item><item title="SPECTRUMMARGIN" Max="1000" Min="0"></item></Criteria><Record><item title="Modulation" value="MCS0NSS1"></item><item title="Bandwidth" value="40"></item><item title="Channel" value="100"></item><item title="Antenna" value="1"></item><item title="ExpectedPower" value="10"></item><item title="Power" value="10"></item><item title="TestType" value="Tx"></item><item title="EVM" value="-19,6103" result="PASS"></item><item title="FREQERR" value="1,07144" result="PASS"></item><item title="SYMCLOCKERR" value="3,45829" result="PASS"></item><item title="POWER" value="8,50359" result="PASS"></item><item title="LOLEAKAGE" value="-29,8798" result="PASS"></item><item title="SPECTRUMMASK" value="17,2959" result="PASS"></item><item title="SPECTRUMMARGIN" value="17,2959" result="PASS"></item></Record><Criteria><item title="Modulation" value="MCS0NSS1"></item><item title="Bandwidth" value="40"></item><item title="Antenna" value="1"></item><item title="Channel" value="100"></item><item title="RfIcTemperature" value="5032"></item><item title="CpuTemperature" value="61"></item><item title="ExpectedPower" value="11"></item><item title="EVM" Max="-5" Min="-100"></item><item title="FREQERR" Max="15" Min="-15"></item><item title="SYMCLOCKERR" Max="20" Min="-100"></item><item title="POWER" Max="12,5" Min="9,5" Avg="11"></item><item title="LOLEAKAGE" Max="-17" Min="-100"></item><item title="SPECTRUMMASK" Max="100" Min="0"></item><item title="SPECTRUMMARGIN" Max="1000" Min="0"></item></Criteria><Record><item title="Modulation" value="MCS0NSS1"></item><item title="Bandwidth" value="40"></item><item title="Channel" value="100"></item><item title="Antenna" value="1"></item><item title="ExpectedPower" value="11"></item><item title="Power" value="11"></item><item title="TestType" value="Tx"></item><item title="EVM" value="-19,9455" result="PASS"></item><item title="FREQERR" value="1,07265" result="PASS"></item><item title="SYMCLOCKERR" value="0,935174" result="PASS"></item><item title="POWER" value="9,91777" result="PASS"></item><item title="LOLEAKAGE" value="-29,8926" result="PASS"></item><item title="SPECTRUMMASK" value="16,7001" result="PASS"></item><item title="SPECTRUMMARGIN" value="16,7001" result="PASS"></item></Record><Criteria><item title="Modulation" value="MCS0NSS1"></item><item title="Bandwidth" value="40"></item><item title="Antenna" value="1"></item><item title="Channel" value="100"></item><item title="RfIcTemperature" value="5032"></item><item title="CpuTemperature" value="61"></item><item title="ExpectedPower" value="12"></item><item title="EVM" Max="-5" Min="-100"></item><item title="FREQERR" Max="15" Min="-15"></item><item title="SYMCLOCKERR" Max="20" Min="-100"></item><item title="POWER" Max="13,5" Min="10,5" Avg="12"></item><item title="LOLEAKAGE" Max="-17" Min="-100"></item><item title="SPECTRUMMASK" Max="100" Min="0"></item><item title="SPECTRUMMARGIN" Max="1000" Min="0"></item></Criteria><Record><item title="Modulation" value="MCS0NSS1"></item><item title="Bandwidth" value="40"></item><item title="Channel" value="100"></item><item title="Antenna" value="1"></item><item title="ExpectedPower" value="12"></item><item title="Power" value="12"></item><item title="TestType" value="Tx"></item><item title="EVM" value="-19,7703" result="PASS"></item><item title="FREQERR" value="1,07754" result="PASS"></item><item title="SYMCLOCKERR" value="1,63279" result="PASS"></item><item title="POWER" value="11,0055" result="PASS"></item><item title="LOLEAKAGE" value="-31,7287" result="PASS"></item><item title="SPECTRUMMASK" value="19,1948" result="PASS"></item><item title="SPECTRUMMARGIN" value="19,1948" result="PASS"></item></Record><Criteria><item title="Modulation" value="MCS0NSS1"></item><item title="Bandwidth" value="40"></item><item title="Antenna" value="1"></item><item title="Channel" value="100"></item><item title="RfIcTemperature" value="5032"></item><item title="CpuTemperature" value="61"></item><item title="ExpectedPower" value="13"></item><item title="EVM" Max="-5" Min="-100"></item><item title="FREQERR" Max="15" Min="-15"></item><item title="SYMCLOCKERR" Max="20" Min="-100"></item><item title="POWER" Max="14,5" Min="11,5" Avg="13"></item><item title="LOLEAKAGE" Max="-17" Min="-100"></item><item title="SPECTRUMMASK" Max="100" Min="0"></item><item title="SPECTRUMMARGIN" Max="1000" Min="0"></item></Criteria><Record><item title="Modulation" value="MCS0NSS1"></item><item title="Bandwidth" value="40"></item><item title="Channel" value="100"></item><item title="Antenna" value="1"></item><item title="ExpectedPower" value="13"></item><item title="Power" value="13"></item><item title="TestType" value="Tx"></item><item title="EVM" value="-19,512" result="PASS"></item><item title="FREQERR" value="1,07916" result="PASS"></item><item title="SYMCLOCKERR" value="0,943971" result="PASS"></item><item title="POWER" value="11,7669" result="PASS"></item><item title="LOLEAKAGE" value="-31,1858" result="PASS"></item><item title="SPECTRUMMASK" value="19,1808" result="PASS"></item><item title="SPECTRUMMARGIN" value="19,1808" result="PASS"></item></Record><Criteria><item title="Modulation" value="MCS0NSS1"></item><item title="Bandwidth" value="40"></item><item title="Antenna" value="1"></item><item title="Channel" value="100"></item><item title="RfIcTemperature" value="5032"></item><item title="CpuTemperature" value="61"></item><item title="ExpectedPower" value="14"></item><item title="EVM" Max="-5" Min="-100"></item><item title="FREQERR" Max="15" Min="-15"></item><item title="SYMCLOCKERR" Max="20" Min="-100"></item><item title="POWER" Max="15,5" Min="12,5" Avg="14"></item><item title="LOLEAKAGE" Max="-17" Min="-100"></item><item title="SPECTRUMMASK" Max="100" Min="0"></item><item title="SPECTRUMMARGIN" Max="1000" Min="0"></item></Criteria><Record><item title="Modulation" value="MCS0NSS1"></item><item title="Bandwidth" value="40"></item><item title="Channel" value="100"></item><item title="Antenna" value="1"></item><item title="ExpectedPower" value="14"></item><item title="Power" value="14"></item><item title="TestType" value="Tx"></item><item title="EVM" value="-20,4884" result="PASS"></item><item title="FREQERR" value="1,08056" result="PASS"></item><item title="SYMCLOCKERR" value="3,95748" result="PASS"></item><item title="POWER" value="12,5565" result="PASS"></item><item title="LOLEAKAGE" value="-32,5882" result="PASS"></item><item title="SPECTRUMMASK" value="19,4543" result="PASS"></item><item title="SPECTRUMMARGIN" value="19,4543" result="PASS"></item></Record><Criteria><item title="Modulation" value="MCS0NSS1"></item><item title="Bandwidth" value="40"></item><item title="Antenna" value="1"></item><item title="Channel" value="100"></item><item title="RfIcTemperature" value="5032"></item><item title="CpuTemperature" value="61"></item><item title="ExpectedPower" value="15"></item><item title="EVM" Max="-5" Min="-100"></item><item title="FREQERR" Max="15" Min="-15"></item><item title="SYMCLOCKERR" Max="20" Min="-100"></item><item title="POWER" Max="16,5" Min="13,5" Avg="15"></item><item title="LOLEAKAGE" Max="-17" Min="-100"></item><item title="SPECTRUMMASK" Max="100" Min="0"></item><item title="SPECTRUMMARGIN" Max="1000" Min="0"></item></Criteria><Record><item title="Modulation" value="MCS0NSS1"></item><item title="Bandwidth" value="40"></item><item title="Channel" value="100"></item><item title="Antenna" value="1"></item><item title="ExpectedPower" value="15"></item><item title="Power" value="15"></item><item title="TestType" value="Tx"></item><item title="EVM" value="-19,4725" result="PASS"></item><item title="FREQERR" value="1,07889" result="PASS"></item><item title="SYMCLOCKERR" value="1,00874" result="PASS"></item><item title="POWER" value="13,9268" result="PASS"></item><item title="LOLEAKAGE" value="-33,895" result="PASS"></item><item title="SPECTRUMMASK" value="18,9785" result="PASS"></item><item title="SPECTRUMMARGIN" value="18,9785" result="PASS"></item></Record><Criteria><item title="Modulation" value="MCS0NSS1"></item><item title="Bandwidth" value="40"></item><item title="Antenna" value="1"></item><item title="Channel" value="100"></item><item title="RfIcTemperature" value="5032"></item><item title="CpuTemperature" value="61"></item><item title="ExpectedPower" value="16"></item><item title="EVM" Max="-5" Min="-100"></item><item title="FREQERR" Max="15" Min="-15"></item><item title="SYMCLOCKERR" Max="20" Min="-100"></item><item title="POWER" Max="17,5" Min="14,5" Avg="16"></item><item title="LOLEAKAGE" Max="-17" Min="-100"></item><item title="SPECTRUMMASK" Max="100" Min="0"></item><item title="SPECTRUMMARGIN" Max="1000" Min="0"></item></Criteria><Record><item title="Modulation" value="MCS0NSS1"></item><item title="Bandwidth" value="40"></item><item title="Channel" value="100"></item><item title="Antenna" value="1"></item><item title="ExpectedPower" value="16"></item><item title="Power" value="16"></item><item title="TestType" value="Tx"></item><item title="EVM" value="-20,4681" result="PASS"></item><item title="FREQERR" value="1,07848" result="PASS"></item><item title="SYMCLOCKERR" value="1,85007" result="PASS"></item><item title="POWER" value="14,7632" result="PASS"></item><item title="LOLEAKAGE" value="-36,8186" result="PASS"></item><item title="SPECTRUMMASK" value="18,8404" result="PASS"></item><item title="SPECTRUMMARGIN" value="18,8404" result="PASS"></item></Record><Criteria><item title="Modulation" value="MCS0NSS1"></item><item title="Bandwidth" value="40"></item><item title="Antenna" value="1"></item><item title="Channel" value="100"></item><item title="RfIcTemperature" value="5032"></item><item title="CpuTemperature" value="61"></item><item title="ExpectedPower" value="17"></item><item title="EVM" Max="-5" Min="-100"></item><item title="FREQERR" Max="15" Min="-15"></item><item title="SYMCLOCKERR" Max="20" Min="-100"></item><item title="POWER" Max="18,5" Min="15,5" Avg="17"></item><item title="LOLEAKAGE" Max="-17" Min="-100"></item><item title="SPECTRUMMASK" Max="100" Min="0"></item><item title="SPECTRUMMARGIN" Max="1000" Min="0"></item></Criteria><Record><item title="Modulation" value="MCS0NSS1"></item><item title="Bandwidth" value="40"></item><item title="Channel" value="100"></item><item title="Antenna" value="1"></item><item title="ExpectedPower" value="17"></item><item title="Power" value="17"></item><item title="TestType" value="Tx"></item><item title="EVM" value="-18,7938" result="PASS"></item><item title="FREQERR" value="1,08179" result="PASS"></item><item title="SYMCLOCKERR" value="2,42234" result="PASS"></item><item title="POWER" value="15,8731" result="PASS"></item><item title="LOLEAKAGE" value="-35,9962" result="PASS"></item><item title="SPECTRUMMASK" value="18,4182" result="PASS"></item><item title="SPECTRUMMARGIN" value="18,4182" result="PASS"></item></Record><Criteria><item title="Modulation" value="MCS0NSS1"></item><item title="Bandwidth" value="40"></item><item title="Antenna" value="1"></item><item title="Channel" value="100"></item><item title="RfIcTemperature" value="5032"></item><item title="CpuTemperature" value="61"></item><item title="ExpectedPower" value="18"></item><item title="EVM" Max="-5" Min="-100"></item><item title="FREQERR" Max="15" Min="-15"></item><item title="SYMCLOCKERR" Max="20" Min="-100"></item><item title="POWER" Max="19,5" Min="16,5" Avg="18"></item><item title="LOLEAKAGE" Max="-17" Min="-100"></item><item title="SPECTRUMMASK" Max="100" Min="0"></item><item title="SPECTRUMMARGIN" Max="1000" Min="0"></item></Criteria><Record><item title="Modulation" value="MCS0NSS1"></item><item title="Bandwidth" value="40"></item><item title="Channel" value="100"></item><item title="Antenna" value="1"></item><item title="ExpectedPower" value="18"></item><item title="Power" value="18"></item><item title="TestType" value="Tx"></item><item title="EVM" value="-19,3858" result="PASS"></item><item title="FREQERR" value="1,07621" result="PASS"></item><item title="SYMCLOCKERR" value="2,07504" result="PASS"></item><item title="POWER" value="16,5862" result="PASS"></item><item title="LOLEAKAGE" value="-38,4305" result="PASS"></item><item title="SPECTRUMMASK" value="18,4685" result="PASS"></item><item title="SPECTRUMMARGIN" value="18,4685" result="PASS"></item></Record><Criteria><item title="Modulation" value="MCS0NSS1"></item><item title="Bandwidth" value="40"></item><item title="Antenna" value="1"></item><item title="Channel" value="100"></item><item title="RfIcTemperature" value="5032"></item><item title="CpuTemperature" value="61"></item><item title="ExpectedPower" value="19"></item><item title="EVM" Max="-5" Min="-100"></item><item title="FREQERR" Max="15" Min="-15"></item><item title="SYMCLOCKERR" Max="20" Min="-100"></item><item title="POWER" Max="20,5" Min="17,5" Avg="19"></item><item title="LOLEAKAGE" Max="-17" Min="-100"></item><item title="SPECTRUMMASK" Max="100" Min="0"></item><item title="SPECTRUMMARGIN" Max="1000" Min="0"></item></Criteria><Record><item title="Modulation" value="MCS0NSS1"></item><item title="Bandwidth" value="40"></item><item title="Channel" value="100"></item><item title="Antenna" value="1"></item><item title="ExpectedPower" value="19"></item><item title="Power" value="19"></item><item title="TestType" value="Tx"></item><item title="EVM" value="-20,6361" result="PASS"></item><item title="FREQERR" value="1,07673" result="PASS"></item><item title="SYMCLOCKERR" value="2,31068" result="PASS"></item><item title="POWER" value="17,8204" result="PASS"></item><item title="LOLEAKAGE" value="-40,2127" result="PASS"></item><item title="SPECTRUMMASK" value="17,2917" result="PASS"></item><item title="SPECTRUMMARGIN" value="17,2917" result="PASS"></item></Record><Criteria><item title="Modulation" value="MCS0NSS1"></item><item title="Bandwidth" value="40"></item><item title="Antenna" value="1"></item><item title="Channel" value="100"></item><item title="RfIcTemperature" value="5032"></item><item title="CpuTemperature" value="61"></item><item title="ExpectedPower" value="20"></item><item title="EVM" Max="-5" Min="-100"></item><item title="FREQERR" Max="15" Min="-15"></item><item title="SYMCLOCKERR" Max="20" Min="-100"></item><item title="POWER" Max="21,5" Min="18,5" Avg="20"></item><item title="LOLEAKAGE" Max="-17" Min="-100"></item><item title="SPECTRUMMASK" Max="100" Min="0"></item><item title="SPECTRUMMARGIN" Max="1000" Min="0"></item></Criteria><Record><item title="Modulation" value="MCS0NSS1"></item><item title="Bandwidth" value="40"></item><item title="Channel" value="100"></item><item title="Antenna" value="1"></item><item title="ExpectedPower" value="20"></item><item title="Power" value="20"></item><item title="TestType" value="Tx"></item><item title="EVM" value="-20,1848" result="PASS"></item><item title="FREQERR" value="1,08097" result="PASS"></item><item title="SYMCLOCKERR" value="2,15561" result="PASS"></item><item title="POWER" value="18,7925" result="PASS"></item><item title="LOLEAKAGE" value="-42,641" result="PASS"></item><item title="SPECTRUMMASK" value="15,0945" result="PASS"></item><item title="SPECTRUMMARGIN" value="15,0945" result="PASS"></item></Record><Criteria><item title="Modulation" value="MCS0NSS1"></item><item title="Bandwidth" value="40"></item><item title="Antenna" value="1"></item><item title="Channel" value="100"></item><item title="RfIcTemperature" value="5032"></item><item title="CpuTemperature" value="61"></item><item title="ExpectedPower" value="21"></item><item title="EVM" Max="-5" Min="-100"></item><item title="FREQERR" Max="15" Min="-15"></item><item title="SYMCLOCKERR" Max="20" Min="-100"></item><item title="POWER" Max="22,5" Min="19,5" Avg="21"></item><item title="LOLEAKAGE" Max="-17" Min="-100"></item><item title="SPECTRUMMASK" Max="100" Min="0"></item><item title="SPECTRUMMARGIN" Max="1000" Min="0"></item></Criteria><Record><item title="Modulation" value="MCS0NSS1"></item><item title="Bandwidth" value="40"></item><item title="Channel" value="100"></item><item title="Antenna" value="1"></item><item title="ExpectedPower" value="21"></item><item title="Power" value="21"></item><item title="TestType" value="Tx"></item><item title="EVM" value="-19,4246" result="PASS"></item><item title="FREQERR" value="1,07603" result="PASS"></item><item title="SYMCLOCKERR" value="3,05392" result="PASS"></item><item title="POWER" value="19,6995" result="PASS"></item><item title="LOLEAKAGE" value="-43,3196" result="PASS"></item><item title="SPECTRUMMASK" value="11,9677" result="PASS"></item><item title="SPECTRUMMARGIN" value="11,9677" result="PASS"></item></Record><Criteria><item title="Modulation" value="MCS0NSS1"></item><item title="Bandwidth" value="40"></item><item title="Antenna" value="1"></item><item title="Channel" value="100"></item><item title="RfIcTemperature" value="5032"></item><item title="CpuTemperature" value="61"></item><item title="ExpectedPower" value="22"></item><item title="EVM" Max="-5" Min="-100"></item><item title="FREQERR" Max="15" Min="-15"></item><item title="SYMCLOCKERR" Max="20" Min="-100"></item><item title="POWER" Max="23,5" Min="20,5" Avg="22"></item><item title="LOLEAKAGE" Max="-17" Min="-100"></item><item title="SPECTRUMMASK" Max="100" Min="0"></item><item title="SPECTRUMMARGIN" Max="1000" Min="0"></item></Criteria><Record><item title="Modulation" value="MCS0NSS1"></item><item title="Bandwidth" value="40"></item><item title="Channel" value="100"></item><item title="Antenna" value="1"></item><item title="ExpectedPower" value="22"></item><item title="Power" value="22"></item><item title="TestType" value="Tx"></item><item title="EVM" value="-19,6078" result="PASS"></item><item title="FREQERR" value="1,07913" result="PASS"></item><item title="SYMCLOCKERR" value="-1,06427" result="PASS"></item><item title="POWER" value="20,7881" result="PASS"></item><item title="LOLEAKAGE" value="-45,1856" result="PASS"></item><item title="SPECTRUMMASK" value="8,37527" result="PASS"></item><item title="SPECTRUMMARGIN" value="8,37527" result="PASS"></item></Record><Criteria><item title="Modulation" value="MCS0NSS1"></item><item title="Bandwidth" value="40"></item><item title="Antenna" value="1"></item><item title="Channel" value="100"></item><item title="RfIcTemperature" value="5032"></item><item title="CpuTemperature" value="61"></item><item title="ExpectedPower" value="23"></item><item title="EVM" Max="-5" Min="-100"></item><item title="FREQERR" Max="15" Min="-15"></item><item title="SYMCLOCKERR" Max="20" Min="-100"></item><item title="POWER" Max="24,5" Min="21,5" Avg="23"></item><item title="LOLEAKAGE" Max="-17" Min="-100"></item><item title="SPECTRUMMASK" Max="100" Min="0"></item><item title="SPECTRUMMARGIN" Max="1000" Min="0"></item></Criteria><Record><item title="Modulation" value="MCS0NSS1"></item><item title="Bandwidth" value="40"></item><item title="Channel" value="100"></item><item title="Antenna" value="1"></item><item title="ExpectedPower" value="23"></item><item title="Power" value="23"></item><item title="TestType" value="Tx"></item><item title="EVM" value="-19,5156" result="PASS"></item><item title="FREQERR" value="1,07541" result="PASS"></item><item title="SYMCLOCKERR" value="1,47006" result="PASS"></item><item title="POWER" value="21,774" result="PASS"></item><item title="LOLEAKAGE" value="-47,8374" result="PASS"></item><item title="SPECTRUMMASK" value="6,25434" result="PASS"></item><item title="SPECTRUMMARGIN" value="6,25434" result="PASS"></item></Record><Criteria><item title="Modulation" value="MCS0NSS1"></item><item title="Bandwidth" value="40"></item><item title="Antenna" value="1"></item><item title="Channel" value="100"></item><item title="RfIcTemperature" value="5032"></item><item title="CpuTemperature" value="61"></item><item title="ExpectedPower" value="24"></item><item title="EVM" Max="-5" Min="-100"></item><item title="FREQERR" Max="15" Min="-15"></item><item title="SYMCLOCKERR" Max="20" Min="-100"></item><item title="POWER" Max="25,5" Min="22,5" Avg="24"></item><item title="LOLEAKAGE" Max="-17" Min="-100"></item><item title="SPECTRUMMASK" Max="100" Min="0"></item><item title="SPECTRUMMARGIN" Max="1000" Min="0"></item></Criteria><Record><item title="Modulation" value="MCS0NSS1"></item><item title="Bandwidth" value="40"></item><item title="Channel" value="100"></item><item title="Antenna" value="1"></item><item title="ExpectedPower" value="24"></item><item title="Power" value="24"></item><item title="TestType" value="Tx"></item><item title="EVM" value="-17,83" result="PASS"></item><item title="FREQERR" value="1,07923" result="PASS"></item><item title="SYMCLOCKERR" value="0,895597" result="PASS"></item><item title="POWER" value="22,6976" result="PASS"></item><item title="LOLEAKAGE" value="-40,6638" result="PASS"></item><item title="SPECTRUMMASK" value="2,91513" result="PASS"></item><item title="SPECTRUMMARGIN" value="2,91513" result="PASS"></item></Record><Criteria><item title="Modulation" value="MCS0NSS1"></item><item title="Bandwidth" value="40"></item><item title="Antenna" value="1"></item><item title="Channel" value="100"></item><item title="RfIcTemperature" value="5032"></item><item title="CpuTemperature" value="61"></item><item title="ExpectedPower" value="25"></item><item title="EVM" Max="-5" Min="-100"></item><item title="FREQERR" Max="15" Min="-15"></item><item title="SYMCLOCKERR" Max="20" Min="-100"></item><item title="POWER" Max="26,5" Min="23,5" Avg="25"></item><item title="LOLEAKAGE" Max="-17" Min="-100"></item><item title="SPECTRUMMASK" Max="100" Min="0"></item><item title="SPECTRUMMARGIN" Max="1000" Min="0"></item></Criteria><Record><item title="Modulation" value="MCS0NSS1"></item><item title="Bandwidth" value="40"></item><item title="Channel" value="100"></item><item title="Antenna" value="1"></item><item title="ExpectedPower" value="25"></item><item title="Power" value="25"></item><item title="TestType" value="Tx"></item><item title="EVM" value="-15,921" result="PASS"></item><item title="FREQERR" value="1,08724" result="PASS"></item><item title="SYMCLOCKERR" value="3,07168" result="PASS"></item><item title="POWER" value="23,4939" result="FAIL"></item><item title="LOLEAKAGE" value="-42,4379" result="PASS"></item><item title="SPECTRUMMASK" value="-0,366039" result="FAIL"></item><item title="SPECTRUMMARGIN" value="-0,366039" result="FAIL"></item></Record><Criteria><item title="Modulation" value="MCS0NSS1"></item><item title="Bandwidth" value="40"></item><item title="Antenna" value="2"></item><item title="Channel" value="100"></item><item title="RfIcTemperature" value="5133"></item><item title="CpuTemperature" value="61"></item><item title="ExpectedPower" value="10"></item><item title="EVM" Max="-5" Min="-100"></item><item title="FREQERR" Max="15" Min="-15"></item><item title="SYMCLOCKERR" Max="20" Min="-100"></item><item title="POWER" Max="11,5" Min="8,5" Avg="10"></item><item title="LOLEAKAGE" Max="-17" Min="-100"></item><item title="SPECTRUMMASK" Max="100" Min="0"></item><item title="SPECTRUMMARGIN" Max="1000" Min="0"></item></Criteria><Record><item title="Modulation" value="MCS0NSS1"></item><item title="Bandwidth" value="40"></item><item title="Channel" value="100"></item><item title="Antenna" value="2"></item><item title="ExpectedPower" value="10"></item><item title="Power" value="10"></item><item title="TestType" value="Tx"></item><item title="EVM" value="-20,5002" result="PASS"></item><item title="FREQERR" value="1,07457" result="PASS"></item><item title="SYMCLOCKERR" value="0,412894" result="PASS"></item><item title="POWER" value="9,22255" result="PASS"></item><item title="LOLEAKAGE" value="-31,7958" result="PASS"></item><item title="SPECTRUMMASK" value="19,0894" result="PASS"></item><item title="SPECTRUMMARGIN" value="19,0894" result="PASS"></item></Record><Criteria><item title="Modulation" value="MCS0NSS1"></item><item title="Bandwidth" value="40"></item><item title="Antenna" value="2"></item><item title="Channel" value="100"></item><item title="RfIcTemperature" value="5133"></item><item title="CpuTemperature" value="61"></item><item title="ExpectedPower" value="11"></item><item title="EVM" Max="-5" Min="-100"></item><item title="FREQERR" Max="15" Min="-15"></item><item title="SYMCLOCKERR" Max="20" Min="-100"></item><item title="POWER" Max="12,5" Min="9,5" Avg="11"></item><item title="LOLEAKAGE" Max="-17" Min="-100"></item><item title="SPECTRUMMASK" Max="100" Min="0"></item><item title="SPECTRUMMARGIN" Max="1000" Min="0"></item></Criteria><Record><item title="Modulation" value="MCS0NSS1"></item><item title="Bandwidth" value="40"></item><item title="Channel" value="100"></item><item title="Antenna" value="2"></item><item title="ExpectedPower" value="11"></item><item title="Power" value="11"></item><item title="TestType" value="Tx"></item><item title="EVM" value="-20,593" result="PASS"></item><item title="FREQERR" value="1,08129" result="PASS"></item><item title="SYMCLOCKERR" value="0,0616357" result="PASS"></item><item title="POWER" value="10,2052" result="PASS"></item><item title="LOLEAKAGE" value="-32,0178" result="PASS"></item><item title="SPECTRUMMASK" value="19,0855" result="PASS"></item><item title="SPECTRUMMARGIN" value="19,0855" result="PASS"></item></Record><Criteria><item title="Modulation" value="MCS0NSS1"></item><item title="Bandwidth" value="40"></item><item title="Antenna" value="2"></item><item title="Channel" value="100"></item><item title="RfIcTemperature" value="5133"></item><item title="CpuTemperature" value="61"></item><item title="ExpectedPower" value="12"></item><item title="EVM" Max="-5" Min="-100"></item><item title="FREQERR" Max="15" Min="-15"></item><item title="SYMCLOCKERR" Max="20" Min="-100"></item><item title="POWER" Max="13,5" Min="10,5" Avg="12"></item><item title="LOLEAKAGE" Max="-17" Min="-100"></item><item title="SPECTRUMMASK" Max="100" Min="0"></item><item title="SPECTRUMMARGIN" Max="1000" Min="0"></item></Criteria><Record><item title="Modulation" value="MCS0NSS1"></item><item title="Bandwidth" value="40"></item><item title="Channel" value="100"></item><item title="Antenna" value="2"></item><item title="ExpectedPower" value="12"></item><item title="Power" value="12"></item><item title="TestType" value="Tx"></item><item title="EVM" value="-19,7277" result="PASS"></item><item title="FREQERR" value="1,08693" result="PASS"></item><item title="SYMCLOCKERR" value="3,39327" result="PASS"></item><item title="POWER" value="11,1653" result="PASS"></item><item title="LOLEAKAGE" value="-31,9032" result="PASS"></item><item title="SPECTRUMMASK" value="19,5456" result="PASS"></item><item title="SPECTRUMMARGIN" value="19,5456" result="PASS"></item></Record><Criteria><item title="Modulation" value="MCS0NSS1"></item><item title="Bandwidth" value="40"></item><item title="Antenna" value="2"></item><item title="Channel" value="100"></item><item title="RfIcTemperature" value="5133"></item><item title="CpuTemperature" value="61"></item><item title="ExpectedPower" value="13"></item><item title="EVM" Max="-5" Min="-100"></item><item title="FREQERR" Max="15" Min="-15"></item><item title="SYMCLOCKERR" Max="20" Min="-100"></item><item title="POWER" Max="14,5" Min="11,5" Avg="13"></item><item title="LOLEAKAGE" Max="-17" Min="-100"></item><item title="SPECTRUMMASK" Max="100" Min="0"></item><item title="SPECTRUMMARGIN" Max="1000" Min="0"></item></Criteria><Record><item title="Modulation" value="MCS0NSS1"></item><item title="Bandwidth" value="40"></item><item title="Channel" value="100"></item><item title="Antenna" value="2"></item><item title="ExpectedPower" value="13"></item><item title="Power" value="13"></item><item title="TestType" value="Tx"></item><item title="EVM" value="-18,9999" result="PASS"></item><item title="FREQERR" value="1,09101" result="PASS"></item><item title="SYMCLOCKERR" value="-0,181057" result="PASS"></item><item title="POWER" value="12,2618" result="PASS"></item><item title="LOLEAKAGE" value="-35,4985" result="PASS"></item><item title="SPECTRUMMASK" value="18,4757" result="PASS"></item><item title="SPECTRUMMARGIN" value="18,4757" result="PASS"></item></Record><Criteria><item title="Modulation" value="MCS0NSS1"></item><item title="Bandwidth" value="40"></item><item title="Antenna" value="2"></item><item title="Channel" value="100"></item><item title="RfIcTemperature" value="5133"></item><item title="CpuTemperature" value="61"></item><item title="ExpectedPower" value="14"></item><item title="EVM" Max="-5" Min="-100"></item><item title="FREQERR" Max="15" Min="-15"></item><item title="SYMCLOCKERR" Max="20" Min="-100"></item><item title="POWER" Max="15,5" Min="12,5" Avg="14"></item><item title="LOLEAKAGE" Max="-17" Min="-100"></item><item title="SPECTRUMMASK" Max="100" Min="0"></item><item title="SPECTRUMMARGIN" Max="1000" Min="0"></item></Criteria><Record><item title="Modulation" value="MCS0NSS1"></item><item title="Bandwidth" value="40"></item><item title="Channel" value="100"></item><item title="Antenna" value="2"></item><item title="ExpectedPower" value="14"></item><item title="Power" value="14"></item><item title="TestType" value="Tx"></item><item title="EVM" value="-19,656" result="PASS"></item><item title="FREQERR" value="1,08646" result="PASS"></item><item title="SYMCLOCKERR" value="1,5303" result="PASS"></item><item title="POWER" value="13,1306" result="PASS"></item><item title="LOLEAKAGE" value="-35,2696" result="PASS"></item><item title="SPECTRUMMASK" value="20,3449" result="PASS"></item><item title="SPECTRUMMARGIN" value="20,3449" result="PASS"></item></Record><Criteria><item title="Modulation" value="MCS0NSS1"></item><item title="Bandwidth" value="40"></item><item title="Antenna" value="2"></item><item title="Channel" value="100"></item><item title="RfIcTemperature" value="5133"></item><item title="CpuTemperature" value="61"></item><item title="ExpectedPower" value="15"></item><item title="EVM" Max="-5" Min="-100"></item><item title="FREQERR" Max="15" Min="-15"></item><item title="SYMCLOCKERR" Max="20" Min="-100"></item><item title="POWER" Max="16,5" Min="13,5" Avg="15"></item><item title="LOLEAKAGE" Max="-17" Min="-100"></item><item title="SPECTRUMMASK" Max="100" Min="0"></item><item title="SPECTRUMMARGIN" Max="1000" Min="0"></item></Criteria><Record><item title="Modulation" value="MCS0NSS1"></item><item title="Bandwidth" value="40"></item><item title="Channel" value="100"></item><item title="Antenna" value="2"></item><item title="ExpectedPower" value="15"></item><item title="Power" value="15"></item><item title="TestType" value="Tx"></item><item title="EVM" value="-20,3198" result="PASS"></item><item title="FREQERR" value="1,08675" result="PASS"></item><item title="SYMCLOCKERR" value="1,25773" result="PASS"></item><item title="POWER" value="14,3368" result="PASS"></item><item title="LOLEAKAGE" value="-35,6346" result="PASS"></item><item title="SPECTRUMMASK" value="20,3936" result="PASS"></item><item title="SPECTRUMMARGIN" value="20,3936" result="PASS"></item></Record><Criteria><item title="Modulation" value="MCS0NSS1"></item><item title="Bandwidth" value="40"></item><item title="Antenna" value="2"></item><item title="Channel" value="100"></item><item title="RfIcTemperature" value="5133"></item><item title="CpuTemperature" value="61"></item><item title="ExpectedPower" value="16"></item><item title="EVM" Max="-5" Min="-100"></item><item title="FREQERR" Max="15" Min="-15"></item><item title="SYMCLOCKERR" Max="20" Min="-100"></item><item title="POWER" Max="17,5" Min="14,5" Avg="16"></item><item title="LOLEAKAGE" Max="-17" Min="-100"></item><item title="SPECTRUMMASK" Max="100" Min="0"></item><item title="SPECTRUMMARGIN" Max="1000" Min="0"></item></Criteria><Record><item title="Modulation" value="MCS0NSS1"></item><item title="Bandwidth" value="40"></item><item title="Channel" value="100"></item><item title="Antenna" value="2"></item><item title="ExpectedPower" value="16"></item><item title="Power" value="16"></item><item title="TestType" value="Tx"></item><item title="EVM" value="-20,0208" result="PASS"></item><item title="FREQERR" value="1,08801" result="PASS"></item><item title="SYMCLOCKERR" value="1,78858" result="PASS"></item><item title="POWER" value="15,1894" result="PASS"></item><item title="LOLEAKAGE" value="-38,0442" result="PASS"></item><item title="SPECTRUMMASK" value="19,5503" result="PASS"></item><item title="SPECTRUMMARGIN" value="19,5503" result="PASS"></item></Record><Criteria><item title="Modulation" value="MCS0NSS1"></item><item title="Bandwidth" value="40"></item><item title="Antenna" value="2"></item><item title="Channel" value="100"></item><item title="RfIcTemperature" value="5133"></item><item title="CpuTemperature" value="61"></item><item title="ExpectedPower" value="17"></item><item title="EVM" Max="-5" Min="-100"></item><item title="FREQERR" Max="15" Min="-15"></item><item title="SYMCLOCKERR" Max="20" Min="-100"></item><item title="POWER" Max="18,5" Min="15,5" Avg="17"></item><item title="LOLEAKAGE" Max="-17" Min="-100"></item><item title="SPECTRUMMASK" Max="100" Min="0"></item><item title="SPECTRUMMARGIN" Max="1000" Min="0"></item></Criteria><Record><item title="Modulation" value="MCS0NSS1"></item><item title="Bandwidth" value="40"></item><item title="Channel" value="100"></item><item title="Antenna" value="2"></item><item title="ExpectedPower" value="17"></item><item title="Power" value="17"></item><item title="TestType" value="Tx"></item><item title="EVM" value="-19,5083" result="PASS"></item><item title="FREQERR" value="1,09233" result="PASS"></item><item title="SYMCLOCKERR" value="0,806975" result="PASS"></item><item title="POWER" value="15,9824" result="PASS"></item><item title="LOLEAKAGE" value="-43,465" result="PASS"></item><item title="SPECTRUMMASK" value="20,2843" result="PASS"></item><item title="SPECTRUMMARGIN" value="20,2843" result="PASS"></item></Record><Criteria><item title="Modulation" value="MCS0NSS1"></item><item title="Bandwidth" value="40"></item><item title="Antenna" value="2"></item><item title="Channel" value="100"></item><item title="RfIcTemperature" value="5133"></item><item title="CpuTemperature" value="61"></item><item title="ExpectedPower" value="18"></item><item title="EVM" Max="-5" Min="-100"></item><item title="FREQERR" Max="15" Min="-15"></item><item title="SYMCLOCKERR" Max="20" Min="-100"></item><item title="POWER" Max="19,5" Min="16,5" Avg="18"></item><item title="LOLEAKAGE" Max="-17" Min="-100"></item><item title="SPECTRUMMASK" Max="100" Min="0"></item><item title="SPECTRUMMARGIN" Max="1000" Min="0"></item></Criteria><Record><item title="Modulation" value="MCS0NSS1"></item><item title="Bandwidth" value="40"></item><item title="Channel" value="100"></item><item title="Antenna" value="2"></item><item title="ExpectedPower" value="18"></item><item title="Power" value="18"></item><item title="TestType" value="Tx"></item><item title="EVM" value="-19,7937" result="PASS"></item><item title="FREQERR" value="1,09357" result="PASS"></item><item title="SYMCLOCKERR" value="1,62971" result="PASS"></item><item title="POWER" value="17,1633" result="PASS"></item><item title="LOLEAKAGE" value="-43,9669" result="PASS"></item><item title="SPECTRUMMASK" value="19,5296" result="PASS"></item><item title="SPECTRUMMARGIN" value="19,5296" result="PASS"></item></Record><Criteria><item title="Modulation" value="MCS0NSS1"></item><item title="Bandwidth" value="40"></item><item title="Antenna" value="2"></item><item title="Channel" value="100"></item><item title="RfIcTemperature" value="5133"></item><item title="CpuTemperature" value="61"></item><item title="ExpectedPower" value="19"></item><item title="EVM" Max="-5" Min="-100"></item><item title="FREQERR" Max="15" Min="-15"></item><item title="SYMCLOCKERR" Max="20" Min="-100"></item><item title="POWER" Max="20,5" Min="17,5" Avg="19"></item><item title="LOLEAKAGE" Max="-17" Min="-100"></item><item title="SPECTRUMMASK" Max="100" Min="0"></item><item title="SPECTRUMMARGIN" Max="1000" Min="0"></item></Criteria><Record><item title="Modulation" value="MCS0NSS1"></item><item title="Bandwidth" value="40"></item><item title="Channel" value="100"></item><item title="Antenna" value="2"></item><item title="ExpectedPower" value="19"></item><item title="Power" value="19"></item><item title="TestType" value="Tx"></item><item title="EVM" value="-20,3161" result="PASS"></item><item title="FREQERR" value="1,09163" result="PASS"></item><item title="SYMCLOCKERR" value="1,97839" result="PASS"></item><item title="POWER" value="18,1933" result="PASS"></item><item title="LOLEAKAGE" value="-46,8521" result="PASS"></item><item title="SPECTRUMMASK" value="19,3186" result="PASS"></item><item title="SPECTRUMMARGIN" value="19,3186" result="PASS"></item></Record><Criteria><item title="Modulation" value="MCS0NSS1"></item><item title="Bandwidth" value="40"></item><item title="Antenna" value="2"></item><item title="Channel" value="100"></item><item title="RfIcTemperature" value="5133"></item><item title="CpuTemperature" value="61"></item><item title="ExpectedPower" value="20"></item><item title="EVM" Max="-5" Min="-100"></item><item title="FREQERR" Max="15" Min="-15"></item><item title="SYMCLOCKERR" Max="20" Min="-100"></item><item title="POWER" Max="21,5" Min="18,5" Avg="20"></item><item title="LOLEAKAGE" Max="-17" Min="-100"></item><item title="SPECTRUMMASK" Max="100" Min="0"></item><item title="SPECTRUMMARGIN" Max="1000" Min="0"></item></Criteria><Record><item title="Modulation" value="MCS0NSS1"></item><item title="Bandwidth" value="40"></item><item title="Channel" value="100"></item><item title="Antenna" value="2"></item><item title="ExpectedPower" value="20"></item><item title="Power" value="20"></item><item title="TestType" value="Tx"></item><item title="EVM" value="-19,0086" result="PASS"></item><item title="FREQERR" value="1,09476" result="PASS"></item><item title="SYMCLOCKERR" value="-0,458508" result="PASS"></item><item title="POWER" value="19,2341" result="PASS"></item><item title="LOLEAKAGE" value="-43,9065" result="PASS"></item><item title="SPECTRUMMASK" value="15,7758" result="PASS"></item><item title="SPECTRUMMARGIN" value="15,7758" result="PASS"></item></Record><Criteria><item title="Modulation" value="MCS0NSS1"></item><item title="Bandwidth" value="40"></item><item title="Antenna" value="2"></item><item title="Channel" value="100"></item><item title="RfIcTemperature" value="5133"></item><item title="CpuTemperature" value="61"></item><item title="ExpectedPower" value="21"></item><item title="EVM" Max="-5" Min="-100"></item><item title="FREQERR" Max="15" Min="-15"></item><item title="SYMCLOCKERR" Max="20" Min="-100"></item><item title="POWER" Max="22,5" Min="19,5" Avg="21"></item><item title="LOLEAKAGE" Max="-17" Min="-100"></item><item title="SPECTRUMMASK" Max="100" Min="0"></item><item title="SPECTRUMMARGIN" Max="1000" Min="0"></item></Criteria><Record><item title="Modulation" value="MCS0NSS1"></item><item title="Bandwidth" value="40"></item><item title="Channel" value="100"></item><item title="Antenna" value="2"></item><item title="ExpectedPower" value="21"></item><item title="Power" value="21"></item><item title="TestType" value="Tx"></item><item title="EVM" value="-19,5373" result="PASS"></item><item title="FREQERR" value="1,09449" result="PASS"></item><item title="SYMCLOCKERR" value="2,95966" result="PASS"></item><item title="POWER" value="20,3461" result="PASS"></item><item title="LOLEAKAGE" value="-59,0902" result="PASS"></item><item title="SPECTRUMMASK" value="13,6184" result="PASS"></item><item title="SPECTRUMMARGIN" value="13,6184" result="PASS"></item></Record><Criteria><item title="Modulation" value="MCS0NSS1"></item><item title="Bandwidth" value="40"></item><item title="Antenna" value="2"></item><item title="Channel" value="100"></item><item title="RfIcTemperature" value="5133"></item><item title="CpuTemperature" value="61"></item><item title="ExpectedPower" value="22"></item><item title="EVM" Max="-5" Min="-100"></item><item title="FREQERR" Max="15" Min="-15"></item><item title="SYMCLOCKERR" Max="20" Min="-100"></item><item title="POWER" Max="23,5" Min="20,5" Avg="22"></item><item title="LOLEAKAGE" Max="-17" Min="-100"></item><item title="SPECTRUMMASK" Max="100" Min="0"></item><item title="SPECTRUMMARGIN" Max="1000" Min="0"></item></Criteria><Record><item title="Modulation" value="MCS0NSS1"></item><item title="Bandwidth" value="40"></item><item title="Channel" value="100"></item><item title="Antenna" value="2"></item><item title="ExpectedPower" value="22"></item><item title="Power" value="22"></item><item title="TestType" value="Tx"></item><item title="EVM" value="-19,0487" result="PASS"></item><item title="FREQERR" value="1,09769" result="PASS"></item><item title="SYMCLOCKERR" value="2,01142" result="PASS"></item><item title="POWER" value="20,9248" result="PASS"></item><item title="LOLEAKAGE" value="-53,8196" result="PASS"></item><item title="SPECTRUMMASK" value="12,8857" result="PASS"></item><item title="SPECTRUMMARGIN" value="12,8857" result="PASS"></item></Record><Criteria><item title="Modulation" value="MCS0NSS1"></item><item title="Bandwidth" value="40"></item><item title="Antenna" value="2"></item><item title="Channel" value="100"></item><item title="RfIcTemperature" value="5133"></item><item title="CpuTemperature" value="61"></item><item title="ExpectedPower" value="23"></item><item title="EVM" Max="-5" Min="-100"></item><item title="FREQERR" Max="15" Min="-15"></item><item title="SYMCLOCKERR" Max="20" Min="-100"></item><item title="POWER" Max="24,5" Min="21,5" Avg="23"></item><item title="LOLEAKAGE" Max="-17" Min="-100"></item><item title="SPECTRUMMASK" Max="100" Min="0"></item><item title="SPECTRUMMARGIN" Max="1000" Min="0"></item></Criteria><Record><item title="Modulation" value="MCS0NSS1"></item><item title="Bandwidth" value="40"></item><item title="Channel" value="100"></item><item title="Antenna" value="2"></item><item title="ExpectedPower" value="23"></item><item title="Power" value="23"></item><item title="TestType" value="Tx"></item><item title="EVM" value="-20,4164" result="PASS"></item><item title="FREQERR" value="1,1005" result="PASS"></item><item title="SYMCLOCKERR" value="3,10904" result="PASS"></item><item title="POWER" value="22,0877" result="PASS"></item><item title="LOLEAKAGE" value="-49,4808" result="PASS"></item><item title="SPECTRUMMASK" value="9,98846" result="PASS"></item><item title="SPECTRUMMARGIN" value="9,98846" result="PASS"></item></Record><Criteria><item title="Modulation" value="MCS0NSS1"></item><item title="Bandwidth" value="40"></item><item title="Antenna" value="2"></item><item title="Channel" value="100"></item><item title="RfIcTemperature" value="5133"></item><item title="CpuTemperature" value="61"></item><item title="ExpectedPower" value="24"></item><item title="EVM" Max="-5" Min="-100"></item><item title="FREQERR" Max="15" Min="-15"></item><item title="SYMCLOCKERR" Max="20" Min="-100"></item><item title="POWER" Max="25,5" Min="22,5" Avg="24"></item><item title="LOLEAKAGE" Max="-17" Min="-100"></item><item title="SPECTRUMMASK" Max="100" Min="0"></item><item title="SPECTRUMMARGIN" Max="1000" Min="0"></item></Criteria><Record><item title="Modulation" value="MCS0NSS1"></item><item title="Bandwidth" value="40"></item><item title="Channel" value="100"></item><item title="Antenna" value="2"></item><item title="ExpectedPower" value="24"></item><item title="Power" value="24"></item><item title="TestType" value="Tx"></item><item title="EVM" value="-19,2733" result="PASS"></item><item title="FREQERR" value="1,10167" result="PASS"></item><item title="SYMCLOCKERR" value="-0,0412347" result="PASS"></item><item title="POWER" value="22,9504" result="PASS"></item><item title="LOLEAKAGE" value="-47,4033" result="PASS"></item><item title="SPECTRUMMASK" value="6,41893" result="PASS"></item><item title="SPECTRUMMARGIN" value="6,41893" result="PASS"></item></Record><Criteria><item title="Modulation" value="MCS0NSS1"></item><item title="Bandwidth" value="40"></item><item title="Antenna" value="2"></item><item title="Channel" value="100"></item><item title="RfIcTemperature" value="5133"></item><item title="CpuTemperature" value="61"></item><item title="ExpectedPower" value="25"></item><item title="EVM" Max="-5" Min="-100"></item><item title="FREQERR" Max="15" Min="-15"></item><item title="SYMCLOCKERR" Max="20" Min="-100"></item><item title="POWER" Max="26,5" Min="23,5" Avg="25"></item><item title="LOLEAKAGE" Max="-17" Min="-100"></item><item title="SPECTRUMMASK" Max="100" Min="0"></item><item title="SPECTRUMMARGIN" Max="1000" Min="0"></item></Criteria><Record><item title="Modulation" value="MCS0NSS1"></item><item title="Bandwidth" value="40"></item><item title="Channel" value="100"></item><item title="Antenna" value="2"></item><item title="ExpectedPower" value="25"></item><item title="Power" value="25"></item><item title="TestType" value="Tx"></item><item title="EVM" value="-18,8523" result="PASS"></item><item title="FREQERR" value="1,09388" result="PASS"></item><item title="SYMCLOCKERR" value="-0,129282" result="PASS"></item><item title="POWER" value="24,109" result="PASS"></item><item title="LOLEAKAGE" value="-56,4324" result="PASS"></item><item title="SPECTRUMMASK" value="2,5599" result="PASS"></item><item title="SPECTRUMMARGIN" value="2,5599" result="PASS"></item></Record><Criteria><item title="Modulation" value="MCS0NSS1"></item><item title="Bandwidth" value="40"></item><item title="Antenna" value="3"></item><item title="Channel" value="100"></item><item title="RfIcTemperature" value="5032"></item><item title="CpuTemperature" value="61"></item><item title="ExpectedPower" value="10"></item><item title="EVM" Max="-5" Min="-100"></item><item title="FREQERR" Max="15" Min="-15"></item><item title="SYMCLOCKERR" Max="20" Min="-100"></item><item title="POWER" Max="11,5" Min="8,5" Avg="10"></item><item title="LOLEAKAGE" Max="-17" Min="-100"></item><item title="SPECTRUMMASK" Max="100" Min="0"></item><item title="SPECTRUMMARGIN" Max="1000" Min="0"></item></Criteria><Record><item title="Modulation" value="MCS0NSS1"></item><item title="Bandwidth" value="40"></item><item title="Channel" value="100"></item><item title="Antenna" value="3"></item><item title="ExpectedPower" value="10"></item><item title="Power" value="10"></item><item title="TestType" value="Tx"></item><item title="EVM" value="-20,7857" result="PASS"></item><item title="FREQERR" value="1,08995" result="PASS"></item><item title="SYMCLOCKERR" value="0,838609" result="PASS"></item><item title="POWER" value="7,91657" result="FAIL"></item><item title="LOLEAKAGE" value="-27,7938" result="PASS"></item><item title="SPECTRUMMASK" value="19,9064" result="PASS"></item><item title="SPECTRUMMARGIN" value="19,9064" result="PASS"></item></Record><Criteria><item title="Modulation" value="MCS0NSS1"></item><item title="Bandwidth" value="40"></item><item title="Antenna" value="3"></item><item title="Channel" value="100"></item><item title="RfIcTemperature" value="5032"></item><item title="CpuTemperature" value="61"></item><item title="ExpectedPower" value="11"></item><item title="EVM" Max="-5" Min="-100"></item><item title="FREQERR" Max="15" Min="-15"></item><item title="SYMCLOCKERR" Max="20" Min="-100"></item><item title="POWER" Max="12,5" Min="9,5" Avg="11"></item><item title="LOLEAKAGE" Max="-17" Min="-100"></item><item title="SPECTRUMMASK" Max="100" Min="0"></item><item title="SPECTRUMMARGIN" Max="1000" Min="0"></item></Criteria><Record><item title="Modulation" value="MCS0NSS1"></item><item title="Bandwidth" value="40"></item><item title="Channel" value="100"></item><item title="Antenna" value="3"></item><item title="ExpectedPower" value="11"></item><item title="Power" value="11"></item><item title="TestType" value="Tx"></item><item title="EVM" value="-18,8728" result="PASS"></item><item title="FREQERR" value="1,10045" result="PASS"></item><item title="SYMCLOCKERR" value="1,24801" result="PASS"></item><item title="POWER" value="9,41948" result="FAIL"></item><item title="LOLEAKAGE" value="-29,237" result="PASS"></item><item title="SPECTRUMMASK" value="19,949" result="PASS"></item><item title="SPECTRUMMARGIN" value="19,949" result="PASS"></item></Record><Criteria><item title="Modulation" value="MCS0NSS1"></item><item title="Bandwidth" value="40"></item><item title="Antenna" value="3"></item><item title="Channel" value="100"></item><item title="RfIcTemperature" value="5032"></item><item title="CpuTemperature" value="61"></item><item title="ExpectedPower" value="12"></item><item title="EVM" Max="-5" Min="-100"></item><item title="FREQERR" Max="15" Min="-15"></item><item title="SYMCLOCKERR" Max="20" Min="-100"></item><item title="POWER" Max="13,5" Min="10,5" Avg="12"></item><item title="LOLEAKAGE" Max="-17" Min="-100"></item><item title="SPECTRUMMASK" Max="100" Min="0"></item><item title="SPECTRUMMARGIN" Max="1000" Min="0"></item></Criteria><Record><item title="Modulation" value="MCS0NSS1"></item><item title="Bandwidth" value="40"></item><item title="Channel" value="100"></item><item title="Antenna" value="3"></item><item title="ExpectedPower" value="12"></item><item title="Power" value="12"></item><item title="TestType" value="Tx"></item><item title="EVM" value="-19,7435" result="PASS"></item><item title="FREQERR" value="1,10033" result="PASS"></item><item title="SYMCLOCKERR" value="3,7091" result="PASS"></item><item title="POWER" value="10,5382" result="PASS"></item><item title="LOLEAKAGE" value="-29,2349" result="PASS"></item><item title="SPECTRUMMASK" value="19,2616" result="PASS"></item><item title="SPECTRUMMARGIN" value="19,2616" result="PASS"></item></Record><Criteria><item title="Modulation" value="MCS0NSS1"></item><item title="Bandwidth" value="40"></item><item title="Antenna" value="3"></item><item title="Channel" value="100"></item><item title="RfIcTemperature" value="5032"></item><item title="CpuTemperature" value="61"></item><item title="ExpectedPower" value="13"></item><item title="EVM" Max="-5" Min="-100"></item><item title="FREQERR" Max="15" Min="-15"></item><item title="SYMCLOCKERR" Max="20" Min="-100"></item><item title="POWER" Max="14,5" Min="11,5" Avg="13"></item><item title="LOLEAKAGE" Max="-17" Min="-100"></item><item title="SPECTRUMMASK" Max="100" Min="0"></item><item title="SPECTRUMMARGIN" Max="1000" Min="0"></item></Criteria><Record><item title="Modulation" value="MCS0NSS1"></item><item title="Bandwidth" value="40"></item><item title="Channel" value="100"></item><item title="Antenna" value="3"></item><item title="ExpectedPower" value="13"></item><item title="Power" value="13"></item><item title="TestType" value="Tx"></item><item title="EVM" value="-20,0714" result="PASS"></item><item title="FREQERR" value="1,10569" result="PASS"></item><item title="SYMCLOCKERR" value="1,52062" result="PASS"></item><item title="POWER" value="11,4018" result="FAIL"></item><item title="LOLEAKAGE" value="-29,0124" result="PASS"></item><item title="SPECTRUMMASK" value="20,5996" result="PASS"></item><item title="SPECTRUMMARGIN" value="20,5996" result="PASS"></item></Record><Criteria><item title="Modulation" value="MCS0NSS1"></item><item title="Bandwidth" value="40"></item><item title="Antenna" value="3"></item><item title="Channel" value="100"></item><item title="RfIcTemperature" value="5032"></item><item title="CpuTemperature" value="61"></item><item title="ExpectedPower" value="14"></item><item title="EVM" Max="-5" Min="-100"></item><item title="FREQERR" Max="15" Min="-15"></item><item title="SYMCLOCKERR" Max="20" Min="-100"></item><item title="POWER" Max="15,5" Min="12,5" Avg="14"></item><item title="LOLEAKAGE" Max="-17" Min="-100"></item><item title="SPECTRUMMASK" Max="100" Min="0"></item><item title="SPECTRUMMARGIN" Max="1000" Min="0"></item></Criteria><Record><item title="Modulation" value="MCS0NSS1"></item><item title="Bandwidth" value="40"></item><item title="Channel" value="100"></item><item title="Antenna" value="3"></item><item title="ExpectedPower" value="14"></item><item title="Power" value="14"></item><item title="TestType" value="Tx"></item><item title="EVM" value="-20,077" result="PASS"></item><item title="FREQERR" value="1,10841" result="PASS"></item><item title="SYMCLOCKERR" value="2,38767" result="PASS"></item><item title="POWER" value="12,536" result="PASS"></item><item title="LOLEAKAGE" value="-29,6613" result="PASS"></item><item title="SPECTRUMMASK" value="19,8066" result="PASS"></item><item title="SPECTRUMMARGIN" value="19,8066" result="PASS"></item></Record><Criteria><item title="Modulation" value="MCS0NSS1"></item><item title="Bandwidth" value="40"></item><item title="Antenna" value="3"></item><item title="Channel" value="100"></item><item title="RfIcTemperature" value="5032"></item><item title="CpuTemperature" value="61"></item><item title="ExpectedPower" value="15"></item><item title="EVM" Max="-5" Min="-100"></item><item title="FREQERR" Max="15" Min="-15"></item><item title="SYMCLOCKERR" Max="20" Min="-100"></item><item title="POWER" Max="16,5" Min="13,5" Avg="15"></item><item title="LOLEAKAGE" Max="-17" Min="-100"></item><item title="SPECTRUMMASK" Max="100" Min="0"></item><item title="SPECTRUMMARGIN" Max="1000" Min="0"></item></Criteria><Record><item title="Modulation" value="MCS0NSS1"></item><item title="Bandwidth" value="40"></item><item title="Channel" value="100"></item><item title="Antenna" value="3"></item><item title="ExpectedPower" value="15"></item><item title="Power" value="15"></item><item title="TestType" value="Tx"></item><item title="EVM" value="-19,0267" result="PASS"></item><item title="FREQERR" value="1,10863" result="PASS"></item><item title="SYMCLOCKERR" value="1,7" result="PASS"></item><item title="POWER" value="13,932" result="PASS"></item><item title="LOLEAKAGE" value="-33,9877" result="PASS"></item><item title="SPECTRUMMASK" value="19,4684" result="PASS"></item><item title="SPECTRUMMARGIN" value="19,4684" result="PASS"></item></Record><Criteria><item title="Modulation" value="MCS0NSS1"></item><item title="Bandwidth" value="40"></item><item title="Antenna" value="3"></item><item title="Channel" value="100"></item><item title="RfIcTemperature" value="5032"></item><item title="CpuTemperature" value="61"></item><item title="ExpectedPower" value="16"></item><item title="EVM" Max="-5" Min="-100"></item><item title="FREQERR" Max="15" Min="-15"></item><item title="SYMCLOCKERR" Max="20" Min="-100"></item><item title="POWER" Max="17,5" Min="14,5" Avg="16"></item><item title="LOLEAKAGE" Max="-17" Min="-100"></item><item title="SPECTRUMMASK" Max="100" Min="0"></item><item title="SPECTRUMMARGIN" Max="1000" Min="0"></item></Criteria><Record><item title="Modulation" value="MCS0NSS1"></item><item title="Bandwidth" value="40"></item><item title="Channel" value="100"></item><item title="Antenna" value="3"></item><item title="ExpectedPower" value="16"></item><item title="Power" value="16"></item><item title="TestType" value="Tx"></item><item title="EVM" value="-19,7309" result="PASS"></item><item title="FREQERR" value="1,1102" result="PASS"></item><item title="SYMCLOCKERR" value="3,08814" result="PASS"></item><item title="POWER" value="14,6367" result="PASS"></item><item title="LOLEAKAGE" value="-33,4166" result="PASS"></item><item title="SPECTRUMMASK" value="20,1884" result="PASS"></item><item title="SPECTRUMMARGIN" value="20,1884" result="PASS"></item></Record><Criteria><item title="Modulation" value="MCS0NSS1"></item><item title="Bandwidth" value="40"></item><item title="Antenna" value="3"></item><item title="Channel" value="100"></item><item title="RfIcTemperature" value="5032"></item><item title="CpuTemperature" value="61"></item><item title="ExpectedPower" value="17"></item><item title="EVM" Max="-5" Min="-100"></item><item title="FREQERR" Max="15" Min="-15"></item><item title="SYMCLOCKERR" Max="20" Min="-100"></item><item title="POWER" Max="18,5" Min="15,5" Avg="17"></item><item title="LOLEAKAGE" Max="-17" Min="-100"></item><item title="SPECTRUMMASK" Max="100" Min="0"></item><item title="SPECTRUMMARGIN" Max="1000" Min="0"></item></Criteria><Record><item title="Modulation" value="MCS0NSS1"></item><item title="Bandwidth" value="40"></item><item title="Channel" value="100"></item><item title="Antenna" value="3"></item><item title="ExpectedPower" value="17"></item><item title="Power" value="17"></item><item title="TestType" value="Tx"></item><item title="EVM" value="-19,5739" result="PASS"></item><item title="FREQERR" value="1,11389" result="PASS"></item><item title="SYMCLOCKERR" value="1,79509" result="PASS"></item><item title="POWER" value="15,9715" result="PASS"></item><item title="LOLEAKAGE" value="-34,2331" result="PASS"></item><item title="SPECTRUMMASK" value="19,8488" result="PASS"></item><item title="SPECTRUMMARGIN" value="19,8488" result="PASS"></item></Record><Criteria><item title="Modulation" value="MCS0NSS1"></item><item title="Bandwidth" value="40"></item><item title="Antenna" value="3"></item><item title="Channel" value="100"></item><item title="RfIcTemperature" value="5032"></item><item title="CpuTemperature" value="61"></item><item title="ExpectedPower" value="18"></item><item title="EVM" Max="-5" Min="-100"></item><item title="FREQERR" Max="15" Min="-15"></item><item title="SYMCLOCKERR" Max="20" Min="-100"></item><item title="POWER" Max="19,5" Min="16,5" Avg="18"></item><item title="LOLEAKAGE" Max="-17" Min="-100"></item><item title="SPECTRUMMASK" Max="100" Min="0"></item><item title="SPECTRUMMARGIN" Max="1000" Min="0"></item></Criteria><Record><item title="Modulation" value="MCS0NSS1"></item><item title="Bandwidth" value="40"></item><item title="Channel" value="100"></item><item title="Antenna" value="3"></item><item title="ExpectedPower" value="18"></item><item title="Power" value="18"></item><item title="TestType" value="Tx"></item><item title="EVM" value="-20,2921" result="PASS"></item><item title="FREQERR" value="1,11207" result="PASS"></item><item title="SYMCLOCKERR" value="1,02802" result="PASS"></item><item title="POWER" value="16,6385" result="PASS"></item><item title="LOLEAKAGE" value="-36,2298" result="PASS"></item><item title="SPECTRUMMASK" value="19,1246" result="PASS"></item><item title="SPECTRUMMARGIN" value="19,1246" result="PASS"></item></Record><Criteria><item title="Modulation" value="MCS0NSS1"></item><item title="Bandwidth" value="40"></item><item title="Antenna" value="3"></item><item title="Channel" value="100"></item><item title="RfIcTemperature" value="5032"></item><item title="CpuTemperature" value="61"></item><item title="ExpectedPower" value="19"></item><item title="EVM" Max="-5" Min="-100"></item><item title="FREQERR" Max="15" Min="-15"></item><item title="SYMCLOCKERR" Max="20" Min="-100"></item><item title="POWER" Max="20,5" Min="17,5" Avg="19"></item><item title="LOLEAKAGE" Max="-17" Min="-100"></item><item title="SPECTRUMMASK" Max="100" Min="0"></item><item title="SPECTRUMMARGIN" Max="1000" Min="0"></item></Criteria><Record><item title="Modulation" value="MCS0NSS1"></item><item title="Bandwidth" value="40"></item><item title="Channel" value="100"></item><item title="Antenna" value="3"></item><item title="ExpectedPower" value="19"></item><item title="Power" value="19"></item><item title="TestType" value="Tx"></item><item title="EVM" value="-19,1741" result="PASS"></item><item title="FREQERR" value="1,12129" result="PASS"></item><item title="SYMCLOCKERR" value="1,33085" result="PASS"></item><item title="POWER" value="17,8785" result="PASS"></item><item title="LOLEAKAGE" value="-37,4703" result="PASS"></item><item title="SPECTRUMMASK" value="18,9218" result="PASS"></item><item title="SPECTRUMMARGIN" value="18,9218" result="PASS"></item></Record><Criteria><item title="Modulation" value="MCS0NSS1"></item><item title="Bandwidth" value="40"></item><item title="Antenna" value="3"></item><item title="Channel" value="100"></item><item title="RfIcTemperature" value="5032"></item><item title="CpuTemperature" value="61"></item><item title="ExpectedPower" value="20"></item><item title="EVM" Max="-5" Min="-100"></item><item title="FREQERR" Max="15" Min="-15"></item><item title="SYMCLOCKERR" Max="20" Min="-100"></item><item title="POWER" Max="21,5" Min="18,5" Avg="20"></item><item title="LOLEAKAGE" Max="-17" Min="-100"></item><item title="SPECTRUMMASK" Max="100" Min="0"></item><item title="SPECTRUMMARGIN" Max="1000" Min="0"></item></Criteria><Record><item title="Modulation" value="MCS0NSS1"></item><item title="Bandwidth" value="40"></item><item title="Channel" value="100"></item><item title="Antenna" value="3"></item><item title="ExpectedPower" value="20"></item><item title="Power" value="20"></item><item title="TestType" value="Tx"></item><item title="EVM" value="-18,7079" result="PASS"></item><item title="FREQERR" value="1,11912" result="PASS"></item><item title="SYMCLOCKERR" value="-1,36555" result="PASS"></item><item title="POWER" value="18,8733" result="PASS"></item><item title="LOLEAKAGE" value="-39,5289" result="PASS"></item><item title="SPECTRUMMASK" value="16,48" result="PASS"></item><item title="SPECTRUMMARGIN" value="16,48" result="PASS"></item></Record><Criteria><item title="Modulation" value="MCS0NSS1"></item><item title="Bandwidth" value="40"></item><item title="Antenna" value="3"></item><item title="Channel" value="100"></item><item title="RfIcTemperature" value="5032"></item><item title="CpuTemperature" value="61"></item><item title="ExpectedPower" value="21"></item><item title="EVM" Max="-5" Min="-100"></item><item title="FREQERR" Max="15" Min="-15"></item><item title="SYMCLOCKERR" Max="20" Min="-100"></item><item title="POWER" Max="22,5" Min="19,5" Avg="21"></item><item title="LOLEAKAGE" Max="-17" Min="-100"></item><item title="SPECTRUMMASK" Max="100" Min="0"></item><item title="SPECTRUMMARGIN" Max="1000" Min="0"></item></Criteria><Record><item title="Modulation" value="MCS0NSS1"></item><item title="Bandwidth" value="40"></item><item title="Channel" value="100"></item><item title="Antenna" value="3"></item><item title="ExpectedPower" value="21"></item><item title="Power" value="21"></item><item title="TestType" value="Tx"></item><item title="EVM" value="-19,7326" result="PASS"></item><item title="FREQERR" value="1,11975" result="PASS"></item><item title="SYMCLOCKERR" value="2,69706" result="PASS"></item><item title="POWER" value="19,9258" result="PASS"></item><item title="LOLEAKAGE" value="-45,2117" result="PASS"></item><item title="SPECTRUMMASK" value="14,6625" result="PASS"></item><item title="SPECTRUMMARGIN" value="14,6625" result="PASS"></item></Record><Criteria><item title="Modulation" value="MCS0NSS1"></item><item title="Bandwidth" value="40"></item><item title="Antenna" value="3"></item><item title="Channel" value="100"></item><item title="RfIcTemperature" value="5032"></item><item title="CpuTemperature" value="61"></item><item title="ExpectedPower" value="22"></item><item title="EVM" Max="-5" Min="-100"></item><item title="FREQERR" Max="15" Min="-15"></item><item title="SYMCLOCKERR" Max="20" Min="-100"></item><item title="POWER" Max="23,5" Min="20,5" Avg="22"></item><item title="LOLEAKAGE" Max="-17" Min="-100"></item><item title="SPECTRUMMASK" Max="100" Min="0"></item><item title="SPECTRUMMARGIN" Max="1000" Min="0"></item></Criteria><Record><item title="Modulation" value="MCS0NSS1"></item><item title="Bandwidth" value="40"></item><item title="Channel" value="100"></item><item title="Antenna" value="3"></item><item title="ExpectedPower" value="22"></item><item title="Power" value="22"></item><item title="TestType" value="Tx"></item><item title="EVM" value="-20,8084" result="PASS"></item><item title="FREQERR" value="1,11784" result="PASS"></item><item title="SYMCLOCKERR" value="2,66902" result="PASS"></item><item title="POWER" value="20,9256" result="PASS"></item><item title="LOLEAKAGE" value="-46,2228" result="PASS"></item><item title="SPECTRUMMASK" value="12,0253" result="PASS"></item><item title="SPECTRUMMARGIN" value="12,0253" result="PASS"></item></Record><Criteria><item title="Modulation" value="MCS0NSS1"></item><item title="Bandwidth" value="40"></item><item title="Antenna" value="3"></item><item title="Channel" value="100"></item><item title="RfIcTemperature" value="5032"></item><item title="CpuTemperature" value="61"></item><item title="ExpectedPower" value="23"></item><item title="EVM" Max="-5" Min="-100"></item><item title="FREQERR" Max="15" Min="-15"></item><item title="SYMCLOCKERR" Max="20" Min="-100"></item><item title="POWER" Max="24,5" Min="21,5" Avg="23"></item><item title="LOLEAKAGE" Max="-17" Min="-100"></item><item title="SPECTRUMMASK" Max="100" Min="0"></item><item title="SPECTRUMMARGIN" Max="1000" Min="0"></item></Criteria><Record><item title="Modulation" value="MCS0NSS1"></item><item title="Bandwidth" value="40"></item><item title="Channel" value="100"></item><item title="Antenna" value="3"></item><item title="ExpectedPower" value="23"></item><item title="Power" value="23"></item><item title="TestType" value="Tx"></item><item title="EVM" value="-20,3235" result="PASS"></item><item title="FREQERR" value="1,11879" result="PASS"></item><item title="SYMCLOCKERR" value="2,97219" result="PASS"></item><item title="POWER" value="21,9955" result="PASS"></item><item title="LOLEAKAGE" value="-56,7102" result="PASS"></item><item title="SPECTRUMMASK" value="9,30483" result="PASS"></item><item title="SPECTRUMMARGIN" value="9,30483" result="PASS"></item></Record><Criteria><item title="Modulation" value="MCS0NSS1"></item><item title="Bandwidth" value="40"></item><item title="Antenna" value="3"></item><item title="Channel" value="100"></item><item title="RfIcTemperature" value="5032"></item><item title="CpuTemperature" value="61"></item><item title="ExpectedPower" value="24"></item><item title="EVM" Max="-5" Min="-100"></item><item title="FREQERR" Max="15" Min="-15"></item><item title="SYMCLOCKERR" Max="20" Min="-100"></item><item title="POWER" Max="25,5" Min="22,5" Avg="24"></item><item title="LOLEAKAGE" Max="-17" Min="-100"></item><item title="SPECTRUMMASK" Max="100" Min="0"></item><item title="SPECTRUMMARGIN" Max="1000" Min="0"></item></Criteria><Record><item title="Modulation" value="MCS0NSS1"></item><item title="Bandwidth" value="40"></item><item title="Channel" value="100"></item><item title="Antenna" value="3"></item><item title="ExpectedPower" value="24"></item><item title="Power" value="24"></item><item title="TestType" value="Tx"></item><item title="EVM" value="-19,4157" result="PASS"></item><item title="FREQERR" value="1,12234" result="PASS"></item><item title="SYMCLOCKERR" value="1,09287" result="PASS"></item><item title="POWER" value="22,9885" result="PASS"></item><item title="LOLEAKAGE" value="-44,5179" result="PASS"></item><item title="SPECTRUMMASK" value="5,87636" result="PASS"></item><item title="SPECTRUMMARGIN" value="5,87636" result="PASS"></item></Record><Criteria><item title="Modulation" value="MCS0NSS1"></item><item title="Bandwidth" value="40"></item><item title="Antenna" value="3"></item><item title="Channel" value="100"></item><item title="RfIcTemperature" value="5032"></item><item title="CpuTemperature" value="61"></item><item title="ExpectedPower" value="25"></item><item title="EVM" Max="-5" Min="-100"></item><item title="FREQERR" Max="15" Min="-15"></item><item title="SYMCLOCKERR" Max="20" Min="-100"></item><item title="POWER" Max="26,5" Min="23,5" Avg="25"></item><item title="LOLEAKAGE" Max="-17" Min="-100"></item><item title="SPECTRUMMASK" Max="100" Min="0"></item><item title="SPECTRUMMARGIN" Max="1000" Min="0"></item></Criteria><Record><item title="Modulation" value="MCS0NSS1"></item><item title="Bandwidth" value="40"></item><item title="Channel" value="100"></item><item title="Antenna" value="3"></item><item title="ExpectedPower" value="25"></item><item title="Power" value="25"></item><item title="TestType" value="Tx"></item><item title="EVM" value="-18,951" result="PASS"></item><item title="FREQERR" value="1,11889" result="PASS"></item><item title="SYMCLOCKERR" value="4,74967" result="PASS"></item><item title="POWER" value="23,8983" result="PASS"></item><item title="LOLEAKAGE" value="-52,4797" result="PASS"></item><item title="SPECTRUMMASK" value="3,12206" result="PASS"></item><item title="SPECTRUMMARGIN" value="3,12206" result="PASS"></item></Record><Criteria><item title="Modulation" value="MCS0NSS1"></item><item title="Bandwidth" value="40"></item><item title="Antenna" value="0"></item><item title="Channel" value="132"></item><item title="RfIcTemperature" value="5133"></item><item title="CpuTemperature" value="60"></item><item title="ExpectedPower" value="10"></item><item title="EVM" Max="-5" Min="-100"></item><item title="FREQERR" Max="15" Min="-15"></item><item title="SYMCLOCKERR" Max="20" Min="-100"></item><item title="POWER" Max="11,5" Min="8,5" Avg="10"></item><item title="LOLEAKAGE" Max="-17" Min="-100"></item><item title="SPECTRUMMASK" Max="100" Min="0"></item><item title="SPECTRUMMARGIN" Max="1000" Min="0"></item></Criteria><Record><item title="Modulation" value="MCS0NSS1"></item><item title="Bandwidth" value="40"></item><item title="Channel" value="132"></item><item title="Antenna" value="0"></item><item title="ExpectedPower" value="10"></item><item title="Power" value="10"></item><item title="TestType" value="Tx"></item><item title="EVM" value="-19,7393" result="PASS"></item><item title="FREQERR" value="1,11415" result="PASS"></item><item title="SYMCLOCKERR" value="3,80041" result="PASS"></item><item title="POWER" value="10,2318" result="PASS"></item><item title="LOLEAKAGE" value="-31,2678" result="PASS"></item><item title="SPECTRUMMASK" value="18,7294" result="PASS"></item><item title="SPECTRUMMARGIN" value="18,7294" result="PASS"></item></Record><Criteria><item title="Modulation" value="MCS0NSS1"></item><item title="Bandwidth" value="40"></item><item title="Antenna" value="0"></item><item title="Channel" value="132"></item><item title="RfIcTemperature" value="5133"></item><item title="CpuTemperature" value="60"></item><item title="ExpectedPower" value="11"></item><item title="EVM" Max="-5" Min="-100"></item><item title="FREQERR" Max="15" Min="-15"></item><item title="SYMCLOCKERR" Max="20" Min="-100"></item><item title="POWER" Max="12,5" Min="9,5" Avg="11"></item><item title="LOLEAKAGE" Max="-17" Min="-100"></item><item title="SPECTRUMMASK" Max="100" Min="0"></item><item title="SPECTRUMMARGIN" Max="1000" Min="0"></item></Criteria><Record><item title="Modulation" value="MCS0NSS1"></item><item title="Bandwidth" value="40"></item><item title="Channel" value="132"></item><item title="Antenna" value="0"></item><item title="ExpectedPower" value="11"></item><item title="Power" value="11"></item><item title="TestType" value="Tx"></item><item title="EVM" value="-19,8926" result="PASS"></item><item title="FREQERR" value="1,11601" result="PASS"></item><item title="SYMCLOCKERR" value="0,69231" result="PASS"></item><item title="POWER" value="11,3761" result="PASS"></item><item title="LOLEAKAGE" value="-31,3555" result="PASS"></item><item title="SPECTRUMMASK" value="19,0236" result="PASS"></item><item title="SPECTRUMMARGIN" value="19,0236" result="PASS"></item></Record><Criteria><item title="Modulation" value="MCS0NSS1"></item><item title="Bandwidth" value="40"></item><item title="Antenna" value="0"></item><item title="Channel" value="132"></item><item title="RfIcTemperature" value="5133"></item><item title="CpuTemperature" value="60"></item><item title="ExpectedPower" value="12"></item><item title="EVM" Max="-5" Min="-100"></item><item title="FREQERR" Max="15" Min="-15"></item><item title="SYMCLOCKERR" Max="20" Min="-100"></item><item title="POWER" Max="13,5" Min="10,5" Avg="12"></item><item title="LOLEAKAGE" Max="-17" Min="-100"></item><item title="SPECTRUMMASK" Max="100" Min="0"></item><item title="SPECTRUMMARGIN" Max="1000" Min="0"></item></Criteria><Record><item title="Modulation" value="MCS0NSS1"></item><item title="Bandwidth" value="40"></item><item title="Channel" value="132"></item><item title="Antenna" value="0"></item><item title="ExpectedPower" value="12"></item><item title="Power" value="12"></item><item title="TestType" value="Tx"></item><item title="EVM" value="-19,3229" result="PASS"></item><item title="FREQERR" value="1,11814" result="PASS"></item><item title="SYMCLOCKERR" value="2,95642" result="PASS"></item><item title="POWER" value="12,3439" result="PASS"></item><item title="LOLEAKAGE" value="-33,0525" result="PASS"></item><item title="SPECTRUMMASK" value="18,7656" result="PASS"></item><item title="SPECTRUMMARGIN" value="18,7656" result="PASS"></item></Record><Criteria><item title="Modulation" value="MCS0NSS1"></item><item title="Bandwidth" value="40"></item><item title="Antenna" value="0"></item><item title="Channel" value="132"></item><item title="RfIcTemperature" value="5133"></item><item title="CpuTemperature" value="60"></item><item title="ExpectedPower" value="13"></item><item title="EVM" Max="-5" Min="-100"></item><item title="FREQERR" Max="15" Min="-15"></item><item title="SYMCLOCKERR" Max="20" Min="-100"></item><item title="POWER" Max="14,5" Min="11,5" Avg="13"></item><item title="LOLEAKAGE" Max="-17" Min="-100"></item><item title="SPECTRUMMASK" Max="100" Min="0"></item><item title="SPECTRUMMARGIN" Max="1000" Min="0"></item></Criteria><Record><item title="Modulation" value="MCS0NSS1"></item><item title="Bandwidth" value="40"></item><item title="Channel" value="132"></item><item title="Antenna" value="0"></item><item title="ExpectedPower" value="13"></item><item title="Power" value="13"></item><item title="TestType" value="Tx"></item><item title="EVM" value="-20,1072" result="PASS"></item><item title="FREQERR" value="1,12042" result="PASS"></item><item title="SYMCLOCKERR" value="1,63131" result="PASS"></item><item title="POWER" value="13,413" result="PASS"></item><item title="LOLEAKAGE" value="-34,4834" result="PASS"></item><item title="SPECTRUMMASK" value="19,6287" result="PASS"></item><item title="SPECTRUMMARGIN" value="19,6287" result="PASS"></item></Record><Criteria><item title="Modulation" value="MCS0NSS1"></item><item title="Bandwidth" value="40"></item><item title="Antenna" value="0"></item><item title="Channel" value="132"></item><item title="RfIcTemperature" value="5133"></item><item title="CpuTemperature" value="60"></item><item title="ExpectedPower" value="14"></item><item title="EVM" Max="-5" Min="-100"></item><item title="FREQERR" Max="15" Min="-15"></item><item title="SYMCLOCKERR" Max="20" Min="-100"></item><item title="POWER" Max="15,5" Min="12,5" Avg="14"></item><item title="LOLEAKAGE" Max="-17" Min="-100"></item><item title="SPECTRUMMASK" Max="100" Min="0"></item><item title="SPECTRUMMARGIN" Max="1000" Min="0"></item></Criteria><Record><item title="Modulation" value="MCS0NSS1"></item><item title="Bandwidth" value="40"></item><item title="Channel" value="132"></item><item title="Antenna" value="0"></item><item title="ExpectedPower" value="14"></item><item title="Power" value="14"></item><item title="TestType" value="Tx"></item><item title="EVM" value="-19,6991" result="PASS"></item><item title="FREQERR" value="1,12269" result="PASS"></item><item title="SYMCLOCKERR" value="2,18294" result="PASS"></item><item title="POWER" value="14,2607" result="PASS"></item><item title="LOLEAKAGE" value="-34,4577" result="PASS"></item><item title="SPECTRUMMASK" value="18,2118" result="PASS"></item><item title="SPECTRUMMARGIN" value="18,2118" result="PASS"></item></Record><Criteria><item title="Modulation" value="MCS0NSS1"></item><item title="Bandwidth" value="40"></item><item title="Antenna" value="0"></item><item title="Channel" value="132"></item><item title="RfIcTemperature" value="5133"></item><item title="CpuTemperature" value="60"></item><item title="ExpectedPower" value="15"></item><item title="EVM" Max="-5" Min="-100"></item><item title="FREQERR" Max="15" Min="-15"></item><item title="SYMCLOCKERR" Max="20" Min="-100"></item><item title="POWER" Max="16,5" Min="13,5" Avg="15"></item><item title="LOLEAKAGE" Max="-17" Min="-100"></item><item title="SPECTRUMMASK" Max="100" Min="0"></item><item title="SPECTRUMMARGIN" Max="1000" Min="0"></item></Criteria><Record><item title="Modulation" value="MCS0NSS1"></item><item title="Bandwidth" value="40"></item><item title="Channel" value="132"></item><item title="Antenna" value="0"></item><item title="ExpectedPower" value="15"></item><item title="Power" value="15"></item><item title="TestType" value="Tx"></item><item title="EVM" value="-19,6147" result="PASS"></item><item title="FREQERR" value="1,11992" result="PASS"></item><item title="SYMCLOCKERR" value="2,84661" result="PASS"></item><item title="POWER" value="15,2987" result="PASS"></item><item title="LOLEAKAGE" value="-35,8739" result="PASS"></item><item title="SPECTRUMMASK" value="18,1407" result="PASS"></item><item title="SPECTRUMMARGIN" value="18,1407" result="PASS"></item></Record><Criteria><item title="Modulation" value="MCS0NSS1"></item><item title="Bandwidth" value="40"></item><item title="Antenna" value="0"></item><item title="Channel" value="132"></item><item title="RfIcTemperature" value="5133"></item><item title="CpuTemperature" value="60"></item><item title="ExpectedPower" value="16"></item><item title="EVM" Max="-5" Min="-100"></item><item title="FREQERR" Max="15" Min="-15"></item><item title="SYMCLOCKERR" Max="20" Min="-100"></item><item title="POWER" Max="17,5" Min="14,5" Avg="16"></item><item title="LOLEAKAGE" Max="-17" Min="-100"></item><item title="SPECTRUMMASK" Max="100" Min="0"></item><item title="SPECTRUMMARGIN" Max="1000" Min="0"></item></Criteria><Record><item title="Modulation" value="MCS0NSS1"></item><item title="Bandwidth" value="40"></item><item title="Channel" value="132"></item><item title="Antenna" value="0"></item><item title="ExpectedPower" value="16"></item><item title="Power" value="16"></item><item title="TestType" value="Tx"></item><item title="EVM" value="-19,7234" result="PASS"></item><item title="FREQERR" value="1,12266" result="PASS"></item><item title="SYMCLOCKERR" value="0,652479" result="PASS"></item><item title="POWER" value="16,1008" result="PASS"></item><item title="LOLEAKAGE" value="-37,3398" result="PASS"></item><item title="SPECTRUMMASK" value="17,5478" result="PASS"></item><item title="SPECTRUMMARGIN" value="17,5478" result="PASS"></item></Record><Criteria><item title="Modulation" value="MCS0NSS1"></item><item title="Bandwidth" value="40"></item><item title="Antenna" value="0"></item><item title="Channel" value="132"></item><item title="RfIcTemperature" value="5133"></item><item title="CpuTemperature" value="60"></item><item title="ExpectedPower" value="17"></item><item title="EVM" Max="-5" Min="-100"></item><item title="FREQERR" Max="15" Min="-15"></item><item title="SYMCLOCKERR" Max="20" Min="-100"></item><item title="POWER" Max="18,5" Min="15,5" Avg="17"></item><item title="LOLEAKAGE" Max="-17" Min="-100"></item><item title="SPECTRUMMASK" Max="100" Min="0"></item><item title="SPECTRUMMARGIN" Max="1000" Min="0"></item></Criteria><Record><item title="Modulation" value="MCS0NSS1"></item><item title="Bandwidth" value="40"></item><item title="Channel" value="132"></item><item title="Antenna" value="0"></item><item title="ExpectedPower" value="17"></item><item title="Power" value="17"></item><item title="TestType" value="Tx"></item><item title="EVM" value="-19,0567" result="PASS"></item><item title="FREQERR" value="1,12093" result="PASS"></item><item title="SYMCLOCKERR" value="1,63807" result="PASS"></item><item title="POWER" value="17,2968" result="PASS"></item><item title="LOLEAKAGE" value="-38,4903" result="PASS"></item><item title="SPECTRUMMASK" value="16,0054" result="PASS"></item><item title="SPECTRUMMARGIN" value="16,0054" result="PASS"></item></Record><Criteria><item title="Modulation" value="MCS0NSS1"></item><item title="Bandwidth" value="40"></item><item title="Antenna" value="0"></item><item title="Channel" value="132"></item><item title="RfIcTemperature" value="5133"></item><item title="CpuTemperature" value="60"></item><item title="ExpectedPower" value="18"></item><item title="EVM" Max="-5" Min="-100"></item><item title="FREQERR" Max="15" Min="-15"></item><item title="SYMCLOCKERR" Max="20" Min="-100"></item><item title="POWER" Max="19,5" Min="16,5" Avg="18"></item><item title="LOLEAKAGE" Max="-17" Min="-100"></item><item title="SPECTRUMMASK" Max="100" Min="0"></item><item title="SPECTRUMMARGIN" Max="1000" Min="0"></item></Criteria><Record><item title="Modulation" value="MCS0NSS1"></item><item title="Bandwidth" value="40"></item><item title="Channel" value="132"></item><item title="Antenna" value="0"></item><item title="ExpectedPower" value="18"></item><item title="Power" value="18"></item><item title="TestType" value="Tx"></item><item title="EVM" value="-19,7391" result="PASS"></item><item title="FREQERR" value="1,1196" result="PASS"></item><item title="SYMCLOCKERR" value="2,06105" result="PASS"></item><item title="POWER" value="18,1952" result="PASS"></item><item title="LOLEAKAGE" value="-41,9324" result="PASS"></item><item title="SPECTRUMMASK" value="14,6095" result="PASS"></item><item title="SPECTRUMMARGIN" value="14,6095" result="PASS"></item></Record><Criteria><item title="Modulation" value="MCS0NSS1"></item><item title="Bandwidth" value="40"></item><item title="Antenna" value="0"></item><item title="Channel" value="132"></item><item title="RfIcTemperature" value="5133"></item><item title="CpuTemperature" value="60"></item><item title="ExpectedPower" value="19"></item><item title="EVM" Max="-5" Min="-100"></item><item title="FREQERR" Max="15" Min="-15"></item><item title="SYMCLOCKERR" Max="20" Min="-100"></item><item title="POWER" Max="20,5" Min="17,5" Avg="19"></item><item title="LOLEAKAGE" Max="-17" Min="-100"></item><item title="SPECTRUMMASK" Max="100" Min="0"></item><item title="SPECTRUMMARGIN" Max="1000" Min="0"></item></Criteria><Record><item title="Modulation" value="MCS0NSS1"></item><item title="Bandwidth" value="40"></item><item title="Channel" value="132"></item><item title="Antenna" value="0"></item><item title="ExpectedPower" value="19"></item><item title="Power" value="19"></item><item title="TestType" value="Tx"></item><item title="EVM" value="-19,6503" result="PASS"></item><item title="FREQERR" value="1,12796" result="PASS"></item><item title="SYMCLOCKERR" value="1,18739" result="PASS"></item><item title="POWER" value="19,1178" result="PASS"></item><item title="LOLEAKAGE" value="-42,0911" result="PASS"></item><item title="SPECTRUMMASK" value="11,8406" result="PASS"></item><item title="SPECTRUMMARGIN" value="11,8406" result="PASS"></item></Record><Criteria><item title="Modulation" value="MCS0NSS1"></item><item title="Bandwidth" value="40"></item><item title="Antenna" value="0"></item><item title="Channel" value="132"></item><item title="RfIcTemperature" value="5133"></item><item title="CpuTemperature" value="60"></item><item title="ExpectedPower" value="20"></item><item title="EVM" Max="-5" Min="-100"></item><item title="FREQERR" Max="15" Min="-15"></item><item title="SYMCLOCKERR" Max="20" Min="-100"></item><item title="POWER" Max="21,5" Min="18,5" Avg="20"></item><item title="LOLEAKAGE" Max="-17" Min="-100"></item><item title="SPECTRUMMASK" Max="100" Min="0"></item><item title="SPECTRUMMARGIN" Max="1000" Min="0"></item></Criteria><Record><item title="Modulation" value="MCS0NSS1"></item><item title="Bandwidth" value="40"></item><item title="Channel" value="132"></item><item title="Antenna" value="0"></item><item title="ExpectedPower" value="20"></item><item title="Power" value="20"></item><item title="TestType" value="Tx"></item><item title="EVM" value="-19,8712" result="PASS"></item><item title="FREQERR" value="1,11923" result="PASS"></item><item title="SYMCLOCKERR" value="2,21246" result="PASS"></item><item title="POWER" value="20,2196" result="PASS"></item><item title="LOLEAKAGE" value="-45,1907" result="PASS"></item><item title="SPECTRUMMASK" value="7,92772" result="PASS"></item><item title="SPECTRUMMARGIN" value="7,92772" result="PASS"></item></Record><Criteria><item title="Modulation" value="MCS0NSS1"></item><item title="Bandwidth" value="40"></item><item title="Antenna" value="0"></item><item title="Channel" value="132"></item><item title="RfIcTemperature" value="5133"></item><item title="CpuTemperature" value="60"></item><item title="ExpectedPower" value="21"></item><item title="EVM" Max="-5" Min="-100"></item><item title="FREQERR" Max="15" Min="-15"></item><item title="SYMCLOCKERR" Max="20" Min="-100"></item><item title="POWER" Max="22,5" Min="19,5" Avg="21"></item><item title="LOLEAKAGE" Max="-17" Min="-100"></item><item title="SPECTRUMMASK" Max="100" Min="0"></item><item title="SPECTRUMMARGIN" Max="1000" Min="0"></item></Criteria><Record><item title="Modulation" value="MCS0NSS1"></item><item title="Bandwidth" value="40"></item><item title="Channel" value="132"></item><item title="Antenna" value="0"></item><item title="ExpectedPower" value="21"></item><item title="Power" value="21"></item><item title="TestType" value="Tx"></item><item title="EVM" value="-18,6065" result="PASS"></item><item title="FREQERR" value="1,12124" result="PASS"></item><item title="SYMCLOCKERR" value="1,08486" result="PASS"></item><item title="POWER" value="21,1953" result="PASS"></item><item title="LOLEAKAGE" value="-43,2066" result="PASS"></item><item title="SPECTRUMMASK" value="4,65881" result="PASS"></item><item title="SPECTRUMMARGIN" value="4,65881" result="PASS"></item></Record><Criteria><item title="Modulation" value="MCS0NSS1"></item><item title="Bandwidth" value="40"></item><item title="Antenna" value="0"></item><item title="Channel" value="132"></item><item title="RfIcTemperature" value="5133"></item><item title="CpuTemperature" value="60"></item><item title="ExpectedPower" value="22"></item><item title="EVM" Max="-5" Min="-100"></item><item title="FREQERR" Max="15" Min="-15"></item><item title="SYMCLOCKERR" Max="20" Min="-100"></item><item title="POWER" Max="23,5" Min="20,5" Avg="22"></item><item title="LOLEAKAGE" Max="-17" Min="-100"></item><item title="SPECTRUMMASK" Max="100" Min="0"></item><item title="SPECTRUMMARGIN" Max="1000" Min="0"></item></Criteria><Record><item title="Modulation" value="MCS0NSS1"></item><item title="Bandwidth" value="40"></item><item title="Channel" value="132"></item><item title="Antenna" value="0"></item><item title="ExpectedPower" value="22"></item><item title="Power" value="22"></item><item title="TestType" value="Tx"></item><item title="EVM" value="-17,9174" result="PASS"></item><item title="FREQERR" value="1,11928" result="PASS"></item><item title="SYMCLOCKERR" value="0,158293" result="PASS"></item><item title="POWER" value="22,1039" result="PASS"></item><item title="LOLEAKAGE" value="-40,4435" result="PASS"></item><item title="SPECTRUMMASK" value="2,34343" result="PASS"></item><item title="SPECTRUMMARGIN" value="2,34343" result="PASS"></item></Record><Criteria><item title="Modulation" value="MCS0NSS1"></item><item title="Bandwidth" value="40"></item><item title="Antenna" value="0"></item><item title="Channel" value="132"></item><item title="RfIcTemperature" value="5133"></item><item title="CpuTemperature" value="60"></item><item title="ExpectedPower" value="23"></item><item title="EVM" Max="-5" Min="-100"></item><item title="FREQERR" Max="15" Min="-15"></item><item title="SYMCLOCKERR" Max="20" Min="-100"></item><item title="POWER" Max="24,5" Min="21,5" Avg="23"></item><item title="LOLEAKAGE" Max="-17" Min="-100"></item><item title="SPECTRUMMASK" Max="100" Min="0"></item><item title="SPECTRUMMARGIN" Max="1000" Min="0"></item></Criteria><Record><item title="Modulation" value="MCS0NSS1"></item><item title="Bandwidth" value="40"></item><item title="Channel" value="132"></item><item title="Antenna" value="0"></item><item title="ExpectedPower" value="23"></item><item title="Power" value="23"></item><item title="TestType" value="Tx"></item><item title="EVM" value="-16,2422" result="PASS"></item><item title="FREQERR" value="1,11951" result="PASS"></item><item title="SYMCLOCKERR" value="4,48024" result="PASS"></item><item title="POWER" value="22,761" result="PASS"></item><item title="LOLEAKAGE" value="-38,63" result="PASS"></item><item title="SPECTRUMMASK" value="-0,297379" result="FAIL"></item><item title="SPECTRUMMARGIN" value="-0,297379" result="FAIL"></item></Record><Criteria><item title="Modulation" value="MCS0NSS1"></item><item title="Bandwidth" value="40"></item><item title="Antenna" value="0"></item><item title="Channel" value="132"></item><item title="RfIcTemperature" value="5133"></item><item title="CpuTemperature" value="60"></item><item title="ExpectedPower" value="24"></item><item title="EVM" Max="-5" Min="-100"></item><item title="FREQERR" Max="15" Min="-15"></item><item title="SYMCLOCKERR" Max="20" Min="-100"></item><item title="POWER" Max="25,5" Min="22,5" Avg="24"></item><item title="LOLEAKAGE" Max="-17" Min="-100"></item><item title="SPECTRUMMASK" Max="100" Min="0"></item><item title="SPECTRUMMARGIN" Max="1000" Min="0"></item></Criteria><Record><item title="Modulation" value="MCS0NSS1"></item><item title="Bandwidth" value="40"></item><item title="Channel" value="132"></item><item title="Antenna" value="0"></item><item title="ExpectedPower" value="24"></item><item title="Power" value="24"></item><item title="TestType" value="Tx"></item><item title="EVM" value="-14,071" result="PASS"></item><item title="FREQERR" value="1,12425" result="PASS"></item><item title="SYMCLOCKERR" value="0,338656" result="PASS"></item><item title="POWER" value="23,698" result="PASS"></item><item title="LOLEAKAGE" value="-35,8505" result="PASS"></item><item title="SPECTRUMMASK" value="-4,05214" result="FAIL"></item><item title="SPECTRUMMARGIN" value="-4,05214" result="FAIL"></item></Record><Criteria><item title="Modulation" value="MCS0NSS1"></item><item title="Bandwidth" value="40"></item><item title="Antenna" value="0"></item><item title="Channel" value="132"></item><item title="RfIcTemperature" value="5133"></item><item title="CpuTemperature" value="60"></item><item title="ExpectedPower" value="25"></item><item title="EVM" Max="-5" Min="-100"></item><item title="FREQERR" Max="15" Min="-15"></item><item title="SYMCLOCKERR" Max="20" Min="-100"></item><item title="POWER" Max="26,5" Min="23,5" Avg="25"></item><item title="LOLEAKAGE" Max="-17" Min="-100"></item><item title="SPECTRUMMASK" Max="100" Min="0"></item><item title="SPECTRUMMARGIN" Max="1000" Min="0"></item></Criteria><Record><item title="Modulation" value="MCS0NSS1"></item><item title="Bandwidth" value="40"></item><item title="Channel" value="132"></item><item title="Antenna" value="0"></item><item title="ExpectedPower" value="25"></item><item title="Power" value="25"></item><item title="TestType" value="Tx"></item><item title="EVM" value="-12,6483" result="PASS"></item><item title="FREQERR" value="1,1272" result="PASS"></item><item title="SYMCLOCKERR" value="5,19333" result="PASS"></item><item title="POWER" value="24,4248" result="PASS"></item><item title="LOLEAKAGE" value="-36,6567" result="PASS"></item><item title="SPECTRUMMASK" value="-6,21602" result="FAIL"></item><item title="SPECTRUMMARGIN" value="-6,21602" result="FAIL"></item></Record><Criteria><item title="Modulation" value="MCS0NSS1"></item><item title="Bandwidth" value="40"></item><item title="Antenna" value="1"></item><item title="Channel" value="132"></item><item title="RfIcTemperature" value="5133"></item><item title="CpuTemperature" value="60"></item><item title="ExpectedPower" value="10"></item><item title="EVM" Max="-5" Min="-100"></item><item title="FREQERR" Max="15" Min="-15"></item><item title="SYMCLOCKERR" Max="20" Min="-100"></item><item title="POWER" Max="11,5" Min="8,5" Avg="10"></item><item title="LOLEAKAGE" Max="-17" Min="-100"></item><item title="SPECTRUMMASK" Max="100" Min="0"></item><item title="SPECTRUMMARGIN" Max="1000" Min="0"></item></Criteria><Record><item title="Modulation" value="MCS0NSS1"></item><item title="Bandwidth" value="40"></item><item title="Channel" value="132"></item><item title="Antenna" value="1"></item><item title="ExpectedPower" value="10"></item><item title="Power" value="10"></item><item title="TestType" value="Tx"></item><item title="EVM" value="-20,3791" result="PASS"></item><item title="FREQERR" value="1,11385" result="PASS"></item><item title="SYMCLOCKERR" value="1,87655" result="PASS"></item><item title="POWER" value="9,49514" result="PASS"></item><item title="LOLEAKAGE" value="-30,2671" result="PASS"></item><item title="SPECTRUMMASK" value="19,2708" result="PASS"></item><item title="SPECTRUMMARGIN" value="19,2708" result="PASS"></item></Record><Criteria><item title="Modulation" value="MCS0NSS1"></item><item title="Bandwidth" value="40"></item><item title="Antenna" value="1"></item><item title="Channel" value="132"></item><item title="RfIcTemperature" value="5133"></item><item title="CpuTemperature" value="60"></item><item title="ExpectedPower" value="11"></item><item title="EVM" Max="-5" Min="-100"></item><item title="FREQERR" Max="15" Min="-15"></item><item title="SYMCLOCKERR" Max="20" Min="-100"></item><item title="POWER" Max="12,5" Min="9,5" Avg="11"></item><item title="LOLEAKAGE" Max="-17" Min="-100"></item><item title="SPECTRUMMASK" Max="100" Min="0"></item><item title="SPECTRUMMARGIN" Max="1000" Min="0"></item></Criteria><Record><item title="Modulation" value="MCS0NSS1"></item><item title="Bandwidth" value="40"></item><item title="Channel" value="132"></item><item title="Antenna" value="1"></item><item title="ExpectedPower" value="11"></item><item title="Power" value="11"></item><item title="TestType" value="Tx"></item><item title="EVM" value="-19,4136" result="PASS"></item><item title="FREQERR" value="1,11428" result="PASS"></item><item title="SYMCLOCKERR" value="4,31909" result="PASS"></item><item title="POWER" value="10,3722" result="PASS"></item><item title="LOLEAKAGE" value="-30,1057" result="PASS"></item><item title="SPECTRUMMASK" value="20,0328" result="PASS"></item><item title="SPECTRUMMARGIN" value="20,0328" result="PASS"></item></Record><Criteria><item title="Modulation" value="MCS0NSS1"></item><item title="Bandwidth" value="40"></item><item title="Antenna" value="1"></item><item title="Channel" value="132"></item><item title="RfIcTemperature" value="5133"></item><item title="CpuTemperature" value="60"></item><item title="ExpectedPower" value="12"></item><item title="EVM" Max="-5" Min="-100"></item><item title="FREQERR" Max="15" Min="-15"></item><item title="SYMCLOCKERR" Max="20" Min="-100"></item><item title="POWER" Max="13,5" Min="10,5" Avg="12"></item><item title="LOLEAKAGE" Max="-17" Min="-100"></item><item title="SPECTRUMMASK" Max="100" Min="0"></item><item title="SPECTRUMMARGIN" Max="1000" Min="0"></item></Criteria><Record><item title="Modulation" value="MCS0NSS1"></item><item title="Bandwidth" value="40"></item><item title="Channel" value="132"></item><item title="Antenna" value="1"></item><item title="ExpectedPower" value="12"></item><item title="Power" value="12"></item><item title="TestType" value="Tx"></item><item title="EVM" value="-20,9507" result="PASS"></item><item title="FREQERR" value="1,11457" result="PASS"></item><item title="SYMCLOCKERR" value="2,031" result="PASS"></item><item title="POWER" value="11,6183" result="PASS"></item><item title="LOLEAKAGE" value="-30,9003" result="PASS"></item><item title="SPECTRUMMASK" value="19,2113" result="PASS"></item><item title="SPECTRUMMARGIN" value="19,2113" result="PASS"></item></Record><Criteria><item title="Modulation" value="MCS0NSS1"></item><item title="Bandwidth" value="40"></item><item title="Antenna" value="1"></item><item title="Channel" value="132"></item><item title="RfIcTemperature" value="5133"></item><item title="CpuTemperature" value="60"></item><item title="ExpectedPower" value="13"></item><item title="EVM" Max="-5" Min="-100"></item><item title="FREQERR" Max="15" Min="-15"></item><item title="SYMCLOCKERR" Max="20" Min="-100"></item><item title="POWER" Max="14,5" Min="11,5" Avg="13"></item><item title="LOLEAKAGE" Max="-17" Min="-100"></item><item title="SPECTRUMMASK" Max="100" Min="0"></item><item title="SPECTRUMMARGIN" Max="1000" Min="0"></item></Criteria><Record><item title="Modulation" value="MCS0NSS1"></item><item title="Bandwidth" value="40"></item><item title="Channel" value="132"></item><item title="Antenna" value="1"></item><item title="ExpectedPower" value="13"></item><item title="Power" value="13"></item><item title="TestType" value="Tx"></item><item title="EVM" value="-20,4467" result="PASS"></item><item title="FREQERR" value="1,12098" result="PASS"></item><item title="SYMCLOCKERR" value="1,91164" result="PASS"></item><item title="POWER" value="12,4223" result="PASS"></item><item title="LOLEAKAGE" value="-30,6088" result="PASS"></item><item title="SPECTRUMMASK" value="18,5616" result="PASS"></item><item title="SPECTRUMMARGIN" value="18,5616" result="PASS"></item></Record><Criteria><item title="Modulation" value="MCS0NSS1"></item><item title="Bandwidth" value="40"></item><item title="Antenna" value="1"></item><item title="Channel" value="132"></item><item title="RfIcTemperature" value="5133"></item><item title="CpuTemperature" value="60"></item><item title="ExpectedPower" value="14"></item><item title="EVM" Max="-5" Min="-100"></item><item title="FREQERR" Max="15" Min="-15"></item><item title="SYMCLOCKERR" Max="20" Min="-100"></item><item title="POWER" Max="15,5" Min="12,5" Avg="14"></item><item title="LOLEAKAGE" Max="-17" Min="-100"></item><item title="SPECTRUMMASK" Max="100" Min="0"></item><item title="SPECTRUMMARGIN" Max="1000" Min="0"></item></Criteria><Record><item title="Modulation" value="MCS0NSS1"></item><item title="Bandwidth" value="40"></item><item title="Channel" value="132"></item><item title="Antenna" value="1"></item><item title="ExpectedPower" value="14"></item><item title="Power" value="14"></item><item title="TestType" value="Tx"></item><item title="EVM" value="-20,081" result="PASS"></item><item title="FREQERR" value="1,11355" result="PASS"></item><item title="SYMCLOCKERR" value="2,03422" result="PASS"></item><item title="POWER" value="13,6694" result="PASS"></item><item title="LOLEAKAGE" value="-31,4119" result="PASS"></item><item title="SPECTRUMMASK" value="18,1152" result="PASS"></item><item title="SPECTRUMMARGIN" value="18,1152" result="PASS"></item></Record><Criteria><item title="Modulation" value="MCS0NSS1"></item><item title="Bandwidth" value="40"></item><item title="Antenna" value="1"></item><item title="Channel" value="132"></item><item title="RfIcTemperature" value="5133"></item><item title="CpuTemperature" value="60"></item><item title="ExpectedPower" value="15"></item><item title="EVM" Max="-5" Min="-100"></item><item title="FREQERR" Max="15" Min="-15"></item><item title="SYMCLOCKERR" Max="20" Min="-100"></item><item title="POWER" Max="16,5" Min="13,5" Avg="15"></item><item title="LOLEAKAGE" Max="-17" Min="-100"></item><item title="SPECTRUMMASK" Max="100" Min="0"></item><item title="SPECTRUMMARGIN" Max="1000" Min="0"></item></Criteria><Record><item title="Modulation" value="MCS0NSS1"></item><item title="Bandwidth" value="40"></item><item title="Channel" value="132"></item><item title="Antenna" value="1"></item><item title="ExpectedPower" value="15"></item><item title="Power" value="15"></item><item title="TestType" value="Tx"></item><item title="EVM" value="-19,538" result="PASS"></item><item title="FREQERR" value="1,11989" result="PASS"></item><item title="SYMCLOCKERR" value="4,31823" result="PASS"></item><item title="POWER" value="14,7303" result="PASS"></item><item title="LOLEAKAGE" value="-33,8728" result="PASS"></item><item title="SPECTRUMMASK" value="19,2711" result="PASS"></item><item title="SPECTRUMMARGIN" value="19,2711" result="PASS"></item></Record><Criteria><item title="Modulation" value="MCS0NSS1"></item><item title="Bandwidth" value="40"></item><item title="Antenna" value="1"></item><item title="Channel" value="132"></item><item title="RfIcTemperature" value="5133"></item><item title="CpuTemperature" value="60"></item><item title="ExpectedPower" value="16"></item><item title="EVM" Max="-5" Min="-100"></item><item title="FREQERR" Max="15" Min="-15"></item><item title="SYMCLOCKERR" Max="20" Min="-100"></item><item title="POWER" Max="17,5" Min="14,5" Avg="16"></item><item title="LOLEAKAGE" Max="-17" Min="-100"></item><item title="SPECTRUMMASK" Max="100" Min="0"></item><item title="SPECTRUMMARGIN" Max="1000" Min="0"></item></Criteria><Record><item title="Modulation" value="MCS0NSS1"></item><item title="Bandwidth" value="40"></item><item title="Channel" value="132"></item><item title="Antenna" value="1"></item><item title="ExpectedPower" value="16"></item><item title="Power" value="16"></item><item title="TestType" value="Tx"></item><item title="EVM" value="-19,0607" result="PASS"></item><item title="FREQERR" value="1,11685" result="PASS"></item><item title="SYMCLOCKERR" value="0,487872" result="PASS"></item><item title="POWER" value="15,5453" result="PASS"></item><item title="LOLEAKAGE" value="-34,9721" result="PASS"></item><item title="SPECTRUMMASK" value="18,8873" result="PASS"></item><item title="SPECTRUMMARGIN" value="18,8873" result="PASS"></item></Record><Criteria><item title="Modulation" value="MCS0NSS1"></item><item title="Bandwidth" value="40"></item><item title="Antenna" value="1"></item><item title="Channel" value="132"></item><item title="RfIcTemperature" value="5133"></item><item title="CpuTemperature" value="60"></item><item title="ExpectedPower" value="17"></item><item title="EVM" Max="-5" Min="-100"></item><item title="FREQERR" Max="15" Min="-15"></item><item title="SYMCLOCKERR" Max="20" Min="-100"></item><item title="POWER" Max="18,5" Min="15,5" Avg="17"></item><item title="LOLEAKAGE" Max="-17" Min="-100"></item><item title="SPECTRUMMASK" Max="100" Min="0"></item><item title="SPECTRUMMARGIN" Max="1000" Min="0"></item></Criteria><Record><item title="Modulation" value="MCS0NSS1"></item><item title="Bandwidth" value="40"></item><item title="Channel" value="132"></item><item title="Antenna" value="1"></item><item title="ExpectedPower" value="17"></item><item title="Power" value="17"></item><item title="TestType" value="Tx"></item><item title="EVM" value="-19,7939" result="PASS"></item><item title="FREQERR" value="1,11879" result="PASS"></item><item title="SYMCLOCKERR" value="2,74078" result="PASS"></item><item title="POWER" value="16,3054" result="PASS"></item><item title="LOLEAKAGE" value="-36,0159" result="PASS"></item><item title="SPECTRUMMASK" value="18,6634" result="PASS"></item><item title="SPECTRUMMARGIN" value="18,6634" result="PASS"></item></Record><Criteria><item title="Modulation" value="MCS0NSS1"></item><item title="Bandwidth" value="40"></item><item title="Antenna" value="1"></item><item title="Channel" value="132"></item><item title="RfIcTemperature" value="5133"></item><item title="CpuTemperature" value="60"></item><item title="ExpectedPower" value="18"></item><item title="EVM" Max="-5" Min="-100"></item><item title="FREQERR" Max="15" Min="-15"></item><item title="SYMCLOCKERR" Max="20" Min="-100"></item><item title="POWER" Max="19,5" Min="16,5" Avg="18"></item><item title="LOLEAKAGE" Max="-17" Min="-100"></item><item title="SPECTRUMMASK" Max="100" Min="0"></item><item title="SPECTRUMMARGIN" Max="1000" Min="0"></item></Criteria><Record><item title="Modulation" value="MCS0NSS1"></item><item title="Bandwidth" value="40"></item><item title="Channel" value="132"></item><item title="Antenna" value="1"></item><item title="ExpectedPower" value="18"></item><item title="Power" value="18"></item><item title="TestType" value="Tx"></item><item title="EVM" value="-20,5574" result="PASS"></item><item title="FREQERR" value="1,12211" result="PASS"></item><item title="SYMCLOCKERR" value="3,12783" result="PASS"></item><item title="POWER" value="17,4286" result="PASS"></item><item title="LOLEAKAGE" value="-39,048" result="PASS"></item><item title="SPECTRUMMASK" value="16,9727" result="PASS"></item><item title="SPECTRUMMARGIN" value="16,9727" result="PASS"></item></Record><Criteria><item title="Modulation" value="MCS0NSS1"></item><item title="Bandwidth" value="40"></item><item title="Antenna" value="1"></item><item title="Channel" value="132"></item><item title="RfIcTemperature" value="5133"></item><item title="CpuTemperature" value="60"></item><item title="ExpectedPower" value="19"></item><item title="EVM" Max="-5" Min="-100"></item><item title="FREQERR" Max="15" Min="-15"></item><item title="SYMCLOCKERR" Max="20" Min="-100"></item><item title="POWER" Max="20,5" Min="17,5" Avg="19"></item><item title="LOLEAKAGE" Max="-17" Min="-100"></item><item title="SPECTRUMMASK" Max="100" Min="0"></item><item title="SPECTRUMMARGIN" Max="1000" Min="0"></item></Criteria><Record><item title="Modulation" value="MCS0NSS1"></item><item title="Bandwidth" value="40"></item><item title="Channel" value="132"></item><item title="Antenna" value="1"></item><item title="ExpectedPower" value="19"></item><item title="Power" value="19"></item><item title="TestType" value="Tx"></item><item title="EVM" value="-20,2487" result="PASS"></item><item title="FREQERR" value="1,12513" result="PASS"></item><item title="SYMCLOCKERR" value="1,02834" result="PASS"></item><item title="POWER" value="18,6546" result="PASS"></item><item title="LOLEAKAGE" value="-41,722" result="PASS"></item><item title="SPECTRUMMASK" value="13,0046" result="PASS"></item><item title="SPECTRUMMARGIN" value="13,0046" result="PASS"></item></Record><Criteria><item title="Modulation" value="MCS0NSS1"></item><item title="Bandwidth" value="40"></item><item title="Antenna" value="1"></item><item title="Channel" value="132"></item><item title="RfIcTemperature" value="5133"></item><item title="CpuTemperature" value="60"></item><item title="ExpectedPower" value="20"></item><item title="EVM" Max="-5" Min="-100"></item><item title="FREQERR" Max="15" Min="-15"></item><item title="SYMCLOCKERR" Max="20" Min="-100"></item><item title="POWER" Max="21,5" Min="18,5" Avg="20"></item><item title="LOLEAKAGE" Max="-17" Min="-100"></item><item title="SPECTRUMMASK" Max="100" Min="0"></item><item title="SPECTRUMMARGIN" Max="1000" Min="0"></item></Criteria><Record><item title="Modulation" value="MCS0NSS1"></item><item title="Bandwidth" value="40"></item><item title="Channel" value="132"></item><item title="Antenna" value="1"></item><item title="ExpectedPower" value="20"></item><item title="Power" value="20"></item><item title="TestType" value="Tx"></item><item title="EVM" value="-20,0479" result="PASS"></item><item title="FREQERR" value="1,12202" result="PASS"></item><item title="SYMCLOCKERR" value="2,40897" result="PASS"></item><item title="POWER" value="19,5408" result="PASS"></item><item title="LOLEAKAGE" value="-45,2786" result="PASS"></item><item title="SPECTRUMMASK" value="11,4589" result="PASS"></item><item title="SPECTRUMMARGIN" value="11,4589" result="PASS"></item></Record><Criteria><item title="Modulation" value="MCS0NSS1"></item><item title="Bandwidth" value="40"></item><item title="Antenna" value="1"></item><item title="Channel" value="132"></item><item title="RfIcTemperature" value="5133"></item><item title="CpuTemperature" value="60"></item><item title="ExpectedPower" value="21"></item><item title="EVM" Max="-5" Min="-100"></item><item title="FREQERR" Max="15" Min="-15"></item><item title="SYMCLOCKERR" Max="20" Min="-100"></item><item title="POWER" Max="22,5" Min="19,5" Avg="21"></item><item title="LOLEAKAGE" Max="-17" Min="-100"></item><item title="SPECTRUMMASK" Max="100" Min="0"></item><item title="SPECTRUMMARGIN" Max="1000" Min="0"></item></Criteria><Record><item title="Modulation" value="MCS0NSS1"></item><item title="Bandwidth" value="40"></item><item title="Channel" value="132"></item><item title="Antenna" value="1"></item><item title="ExpectedPower" value="21"></item><item title="Power" value="21"></item><item title="TestType" value="Tx"></item><item title="EVM" value="-20,8959" result="PASS"></item><item title="FREQERR" value="1,11862" result="PASS"></item><item title="SYMCLOCKERR" value="4,43016" result="PASS"></item><item title="POWER" value="20,6051" result="PASS"></item><item title="LOLEAKAGE" value="-41,5546" result="PASS"></item><item title="SPECTRUMMASK" value="7,41747" result="PASS"></item><item title="SPECTRUMMARGIN" value="7,41747" result="PASS"></item></Record><Criteria><item title="Modulation" value="MCS0NSS1"></item><item title="Bandwidth" value="40"></item><item title="Antenna" value="1"></item><item title="Channel" value="132"></item><item title="RfIcTemperature" value="5133"></item><item title="CpuTemperature" value="60"></item><item title="ExpectedPower" value="22"></item><item title="EVM" Max="-5" Min="-100"></item><item title="FREQERR" Max="15" Min="-15"></item><item title="SYMCLOCKERR" Max="20" Min="-100"></item><item title="POWER" Max="23,5" Min="20,5" Avg="22"></item><item title="LOLEAKAGE" Max="-17" Min="-100"></item><item title="SPECTRUMMASK" Max="100" Min="0"></item><item title="SPECTRUMMARGIN" Max="1000" Min="0"></item></Criteria><Record><item title="Modulation" value="MCS0NSS1"></item><item title="Bandwidth" value="40"></item><item title="Channel" value="132"></item><item title="Antenna" value="1"></item><item title="ExpectedPower" value="22"></item><item title="Power" value="22"></item><item title="TestType" value="Tx"></item><item title="EVM" value="-18,7518" result="PASS"></item><item title="FREQERR" value="1,11717" result="PASS"></item><item title="SYMCLOCKERR" value="3,72416" result="PASS"></item><item title="POWER" value="21,4385" result="PASS"></item><item title="LOLEAKAGE" value="-41,469" result="PASS"></item><item title="SPECTRUMMASK" value="5,75848" result="PASS"></item><item title="SPECTRUMMARGIN" value="5,75848" result="PASS"></item></Record><Criteria><item title="Modulation" value="MCS0NSS1"></item><item title="Bandwidth" value="40"></item><item title="Antenna" value="1"></item><item title="Channel" value="132"></item><item title="RfIcTemperature" value="5133"></item><item title="CpuTemperature" value="60"></item><item title="ExpectedPower" value="23"></item><item title="EVM" Max="-5" Min="-100"></item><item title="FREQERR" Max="15" Min="-15"></item><item title="SYMCLOCKERR" Max="20" Min="-100"></item><item title="POWER" Max="24,5" Min="21,5" Avg="23"></item><item title="LOLEAKAGE" Max="-17" Min="-100"></item><item title="SPECTRUMMASK" Max="100" Min="0"></item><item title="SPECTRUMMARGIN" Max="1000" Min="0"></item></Criteria><Record><item title="Modulation" value="MCS0NSS1"></item><item title="Bandwidth" value="40"></item><item title="Channel" value="132"></item><item title="Antenna" value="1"></item><item title="ExpectedPower" value="23"></item><item title="Power" value="23"></item><item title="TestType" value="Tx"></item><item title="EVM" value="-17,0408" result="PASS"></item><item title="FREQERR" value="1,11906" result="PASS"></item><item title="SYMCLOCKERR" value="0,688863" result="PASS"></item><item title="POWER" value="22,1756" result="PASS"></item><item title="LOLEAKAGE" value="-40,2969" result="PASS"></item><item title="SPECTRUMMASK" value="2,03691" result="PASS"></item><item title="SPECTRUMMARGIN" value="2,03691" result="PASS"></item></Record><Criteria><item title="Modulation" value="MCS0NSS1"></item><item title="Bandwidth" value="40"></item><item title="Antenna" value="1"></item><item title="Channel" value="132"></item><item title="RfIcTemperature" value="5133"></item><item title="CpuTemperature" value="60"></item><item title="ExpectedPower" value="24"></item><item title="EVM" Max="-5" Min="-100"></item><item title="FREQERR" Max="15" Min="-15"></item><item title="SYMCLOCKERR" Max="20" Min="-100"></item><item title="POWER" Max="25,5" Min="22,5" Avg="24"></item><item title="LOLEAKAGE" Max="-17" Min="-100"></item><item title="SPECTRUMMASK" Max="100" Min="0"></item><item title="SPECTRUMMARGIN" Max="1000" Min="0"></item></Criteria><Record><item title="Modulation" value="MCS0NSS1"></item><item title="Bandwidth" value="40"></item><item title="Channel" value="132"></item><item title="Antenna" value="1"></item><item title="ExpectedPower" value="24"></item><item title="Power" value="24"></item><item title="TestType" value="Tx"></item><item title="EVM" value="-16,6047" result="PASS"></item><item title="FREQERR" value="1,1185" result="PASS"></item><item title="SYMCLOCKERR" value="3,10896" result="PASS"></item><item title="POWER" value="23,0741" result="PASS"></item><item title="LOLEAKAGE" value="-39,2135" result="PASS"></item><item title="SPECTRUMMASK" value="-2,24469" result="FAIL"></item><item title="SPECTRUMMARGIN" value="-2,24469" result="FAIL"></item></Record><Criteria><item title="Modulation" value="MCS0NSS1"></item><item title="Bandwidth" value="40"></item><item title="Antenna" value="1"></item><item title="Channel" value="132"></item><item title="RfIcTemperature" value="5133"></item><item title="CpuTemperature" value="60"></item><item title="ExpectedPower" value="25"></item><item title="EVM" Max="-5" Min="-100"></item><item title="FREQERR" Max="15" Min="-15"></item><item title="SYMCLOCKERR" Max="20" Min="-100"></item><item title="POWER" Max="26,5" Min="23,5" Avg="25"></item><item title="LOLEAKAGE" Max="-17" Min="-100"></item><item title="SPECTRUMMASK" Max="100" Min="0"></item><item title="SPECTRUMMARGIN" Max="1000" Min="0"></item></Criteria><Record><item title="Modulation" value="MCS0NSS1"></item><item title="Bandwidth" value="40"></item><item title="Channel" value="132"></item><item title="Antenna" value="1"></item><item title="ExpectedPower" value="25"></item><item title="Power" value="25"></item><item title="TestType" value="Tx"></item><item title="EVM" value="-14,8066" result="PASS"></item><item title="FREQERR" value="1,11584" result="PASS"></item><item title="SYMCLOCKERR" value="5,6543" result="PASS"></item><item title="POWER" value="23,9985" result="PASS"></item><item title="LOLEAKAGE" value="-36,3769" result="PASS"></item><item title="SPECTRUMMASK" value="-4,86793" result="FAIL"></item><item title="SPECTRUMMARGIN" value="-4,86793" result="FAIL"></item></Record><Criteria><item title="Modulation" value="MCS0NSS1"></item><item title="Bandwidth" value="40"></item><item title="Antenna" value="2"></item><item title="Channel" value="132"></item><item title="RfIcTemperature" value="5032"></item><item title="CpuTemperature" value="60"></item><item title="ExpectedPower" value="10"></item><item title="EVM" Max="-5" Min="-100"></item><item title="FREQERR" Max="15" Min="-15"></item><item title="SYMCLOCKERR" Max="20" Min="-100"></item><item title="POWER" Max="11,5" Min="8,5" Avg="10"></item><item title="LOLEAKAGE" Max="-17" Min="-100"></item><item title="SPECTRUMMASK" Max="100" Min="0"></item><item title="SPECTRUMMARGIN" Max="1000" Min="0"></item></Criteria><Record><item title="Modulation" value="MCS0NSS1"></item><item title="Bandwidth" value="40"></item><item title="Channel" value="132"></item><item title="Antenna" value="2"></item><item title="ExpectedPower" value="10"></item><item title="Power" value="10"></item><item title="TestType" value="Tx"></item><item title="EVM" value="-20,422" result="PASS"></item><item title="FREQERR" value="1,12091" result="PASS"></item><item title="SYMCLOCKERR" value="2,69311" result="PASS"></item><item title="POWER" value="9,96796" result="PASS"></item><item title="LOLEAKAGE" value="-30,3709" result="PASS"></item><item title="SPECTRUMMASK" value="20,1023" result="PASS"></item><item title="SPECTRUMMARGIN" value="20,1023" result="PASS"></item></Record><Criteria><item title="Modulation" value="MCS0NSS1"></item><item title="Bandwidth" value="40"></item><item title="Antenna" value="2"></item><item title="Channel" value="132"></item><item title="RfIcTemperature" value="5032"></item><item title="CpuTemperature" value="60"></item><item title="ExpectedPower" value="11"></item><item title="EVM" Max="-5" Min="-100"></item><item title="FREQERR" Max="15" Min="-15"></item><item title="SYMCLOCKERR" Max="20" Min="-100"></item><item title="POWER" Max="12,5" Min="9,5" Avg="11"></item><item title="LOLEAKAGE" Max="-17" Min="-100"></item><item title="SPECTRUMMASK" Max="100" Min="0"></item><item title="SPECTRUMMARGIN" Max="1000" Min="0"></item></Criteria><Record><item title="Modulation" value="MCS0NSS1"></item><item title="Bandwidth" value="40"></item><item title="Channel" value="132"></item><item title="Antenna" value="2"></item><item title="ExpectedPower" value="11"></item><item title="Power" value="11"></item><item title="TestType" value="Tx"></item><item title="EVM" value="-20,7651" result="PASS"></item><item title="FREQERR" value="1,11937" result="PASS"></item><item title="SYMCLOCKERR" value="3,05014" result="PASS"></item><item title="POWER" value="10,9416" result="PASS"></item><item title="LOLEAKAGE" value="-30,5202" result="PASS"></item><item title="SPECTRUMMASK" value="18,9692" result="PASS"></item><item title="SPECTRUMMARGIN" value="18,9692" result="PASS"></item></Record><Criteria><item title="Modulation" value="MCS0NSS1"></item><item title="Bandwidth" value="40"></item><item title="Antenna" value="2"></item><item title="Channel" value="132"></item><item title="RfIcTemperature" value="5032"></item><item title="CpuTemperature" value="60"></item><item title="ExpectedPower" value="12"></item><item title="EVM" Max="-5" Min="-100"></item><item title="FREQERR" Max="15" Min="-15"></item><item title="SYMCLOCKERR" Max="20" Min="-100"></item><item title="POWER" Max="13,5" Min="10,5" Avg="12"></item><item title="LOLEAKAGE" Max="-17" Min="-100"></item><item title="SPECTRUMMASK" Max="100" Min="0"></item><item title="SPECTRUMMARGIN" Max="1000" Min="0"></item></Criteria><Record><item title="Modulation" value="MCS0NSS1"></item><item title="Bandwidth" value="40"></item><item title="Channel" value="132"></item><item title="Antenna" value="2"></item><item title="ExpectedPower" value="12"></item><item title="Power" value="12"></item><item title="TestType" value="Tx"></item><item title="EVM" value="-20,1218" result="PASS"></item><item title="FREQERR" value="1,12369" result="PASS"></item><item title="SYMCLOCKERR" value="3,50288" result="PASS"></item><item title="POWER" value="11,8285" result="PASS"></item><item title="LOLEAKAGE" value="-31,8421" result="PASS"></item><item title="SPECTRUMMASK" value="18,9006" result="PASS"></item><item title="SPECTRUMMARGIN" value="18,9006" result="PASS"></item></Record><Criteria><item title="Modulation" value="MCS0NSS1"></item><item title="Bandwidth" value="40"></item><item title="Antenna" value="2"></item><item title="Channel" value="132"></item><item title="RfIcTemperature" value="5032"></item><item title="CpuTemperature" value="60"></item><item title="ExpectedPower" value="13"></item><item title="EVM" Max="-5" Min="-100"></item><item title="FREQERR" Max="15" Min="-15"></item><item title="SYMCLOCKERR" Max="20" Min="-100"></item><item title="POWER" Max="14,5" Min="11,5" Avg="13"></item><item title="LOLEAKAGE" Max="-17" Min="-100"></item><item title="SPECTRUMMASK" Max="100" Min="0"></item><item title="SPECTRUMMARGIN" Max="1000" Min="0"></item></Criteria><Record><item title="Modulation" value="MCS0NSS1"></item><item title="Bandwidth" value="40"></item><item title="Channel" value="132"></item><item title="Antenna" value="2"></item><item title="ExpectedPower" value="13"></item><item title="Power" value="13"></item><item title="TestType" value="Tx"></item><item title="EVM" value="-19,2762" result="PASS"></item><item title="FREQERR" value="1,12522" result="PASS"></item><item title="SYMCLOCKERR" value="3,52681" result="PASS"></item><item title="POWER" value="12,8938" result="PASS"></item><item title="LOLEAKAGE" value="-30,9391" result="PASS"></item><item title="SPECTRUMMASK" value="19,6752" result="PASS"></item><item title="SPECTRUMMARGIN" value="19,6752" result="PASS"></item></Record><Criteria><item title="Modulation" value="MCS0NSS1"></item><item title="Bandwidth" value="40"></item><item title="Antenna" value="2"></item><item title="Channel" value="132"></item><item title="RfIcTemperature" value="5032"></item><item title="CpuTemperature" value="60"></item><item title="ExpectedPower" value="14"></item><item title="EVM" Max="-5" Min="-100"></item><item title="FREQERR" Max="15" Min="-15"></item><item title="SYMCLOCKERR" Max="20" Min="-100"></item><item title="POWER" Max="15,5" Min="12,5" Avg="14"></item><item title="LOLEAKAGE" Max="-17" Min="-100"></item><item title="SPECTRUMMASK" Max="100" Min="0"></item><item title="SPECTRUMMARGIN" Max="1000" Min="0"></item></Criteria><Record><item title="Modulation" value="MCS0NSS1"></item><item title="Bandwidth" value="40"></item><item title="Channel" value="132"></item><item title="Antenna" value="2"></item><item title="ExpectedPower" value="14"></item><item title="Power" value="14"></item><item title="TestType" value="Tx"></item><item title="EVM" value="-18,7959" result="PASS"></item><item title="FREQERR" value="1,12639" result="PASS"></item><item title="SYMCLOCKERR" value="0,10584" result="PASS"></item><item title="POWER" value="13,9793" result="PASS"></item><item title="LOLEAKAGE" value="-33,8692" result="PASS"></item><item title="SPECTRUMMASK" value="19,2742" result="PASS"></item><item title="SPECTRUMMARGIN" value="19,2742" result="PASS"></item></Record><Criteria><item title="Modulation" value="MCS0NSS1"></item><item title="Bandwidth" value="40"></item><item title="Antenna" value="2"></item><item title="Channel" value="132"></item><item title="RfIcTemperature" value="5032"></item><item title="CpuTemperature" value="60"></item><item title="ExpectedPower" value="15"></item><item title="EVM" Max="-5" Min="-100"></item><item title="FREQERR" Max="15" Min="-15"></item><item title="SYMCLOCKERR" Max="20" Min="-100"></item><item title="POWER" Max="16,5" Min="13,5" Avg="15"></item><item title="LOLEAKAGE" Max="-17" Min="-100"></item><item title="SPECTRUMMASK" Max="100" Min="0"></item><item title="SPECTRUMMARGIN" Max="1000" Min="0"></item></Criteria><Record><item title="Modulation" value="MCS0NSS1"></item><item title="Bandwidth" value="40"></item><item title="Channel" value="132"></item><item title="Antenna" value="2"></item><item title="ExpectedPower" value="15"></item><item title="Power" value="15"></item><item title="TestType" value="Tx"></item><item title="EVM" value="-20,1573" result="PASS"></item><item title="FREQERR" value="1,12727" result="PASS"></item><item title="SYMCLOCKERR" value="6,11427" result="PASS"></item><item title="POWER" value="14,9074" result="PASS"></item><item title="LOLEAKAGE" value="-35,0986" result="PASS"></item><item title="SPECTRUMMASK" value="18,9481" result="PASS"></item><item title="SPECTRUMMARGIN" value="18,9481" result="PASS"></item></Record><Criteria><item title="Modulation" value="MCS0NSS1"></item><item title="Bandwidth" value="40"></item><item title="Antenna" value="2"></item><item title="Channel" value="132"></item><item title="RfIcTemperature" value="5032"></item><item title="CpuTemperature" value="60"></item><item title="ExpectedPower" value="16"></item><item title="EVM" Max="-5" Min="-100"></item><item title="FREQERR" Max="15" Min="-15"></item><item title="SYMCLOCKERR" Max="20" Min="-100"></item><item title="POWER" Max="17,5" Min="14,5" Avg="16"></item><item title="LOLEAKAGE" Max="-17" Min="-100"></item><item title="SPECTRUMMASK" Max="100" Min="0"></item><item title="SPECTRUMMARGIN" Max="1000" Min="0"></item></Criteria><Record><item title="Modulation" value="MCS0NSS1"></item><item title="Bandwidth" value="40"></item><item title="Channel" value="132"></item><item title="Antenna" value="2"></item><item title="ExpectedPower" value="16"></item><item title="Power" value="16"></item><item title="TestType" value="Tx"></item><item title="EVM" value="-20,0512" result="PASS"></item><item title="FREQERR" value="1,12577" result="PASS"></item><item title="SYMCLOCKERR" value="4,08263" result="PASS"></item><item title="POWER" value="15,8697" result="PASS"></item><item title="LOLEAKAGE" value="-36,4475" result="PASS"></item><item title="SPECTRUMMASK" value="17,9657" result="PASS"></item><item title="SPECTRUMMARGIN" value="17,9657" result="PASS"></item></Record><Criteria><item title="Modulation" value="MCS0NSS1"></item><item title="Bandwidth" value="40"></item><item title="Antenna" value="2"></item><item title="Channel" value="132"></item><item title="RfIcTemperature" value="5032"></item><item title="CpuTemperature" value="60"></item><item title="ExpectedPower" value="17"></item><item title="EVM" Max="-5" Min="-100"></item><item title="FREQERR" Max="15" Min="-15"></item><item title="SYMCLOCKERR" Max="20" Min="-100"></item><item title="POWER" Max="18,5" Min="15,5" Avg="17"></item><item title="LOLEAKAGE" Max="-17" Min="-100"></item><item title="SPECTRUMMASK" Max="100" Min="0"></item><item title="SPECTRUMMARGIN" Max="1000" Min="0"></item></Criteria><Record><item title="Modulation" value="MCS0NSS1"></item><item title="Bandwidth" value="40"></item><item title="Channel" value="132"></item><item title="Antenna" value="2"></item><item title="ExpectedPower" value="17"></item><item title="Power" value="17"></item><item title="TestType" value="Tx"></item><item title="EVM" value="-19,6731" result="PASS"></item><item title="FREQERR" value="1,12942" result="PASS"></item><item title="SYMCLOCKERR" value="4,02066" result="PASS"></item><item title="POWER" value="16,666" result="PASS"></item><item title="LOLEAKAGE" value="-35,7723" result="PASS"></item><item title="SPECTRUMMASK" value="19,0259" result="PASS"></item><item title="SPECTRUMMARGIN" value="19,0259" result="PASS"></item></Record><Criteria><item title="Modulation" value="MCS0NSS1"></item><item title="Bandwidth" value="40"></item><item title="Antenna" value="2"></item><item title="Channel" value="132"></item><item title="RfIcTemperature" value="5032"></item><item title="CpuTemperature" value="60"></item><item title="ExpectedPower" value="18"></item><item title="EVM" Max="-5" Min="-100"></item><item title="FREQERR" Max="15" Min="-15"></item><item title="SYMCLOCKERR" Max="20" Min="-100"></item><item title="POWER" Max="19,5" Min="16,5" Avg="18"></item><item title="LOLEAKAGE" Max="-17" Min="-100"></item><item title="SPECTRUMMASK" Max="100" Min="0"></item><item title="SPECTRUMMARGIN" Max="1000" Min="0"></item></Criteria><Record><item title="Modulation" value="MCS0NSS1"></item><item title="Bandwidth" value="40"></item><item title="Channel" value="132"></item><item title="Antenna" value="2"></item><item title="ExpectedPower" value="18"></item><item title="Power" value="18"></item><item title="TestType" value="Tx"></item><item title="EVM" value="-20,2373" result="PASS"></item><item title="FREQERR" value="1,13243" result="PASS"></item><item title="SYMCLOCKERR" value="1,41045" result="PASS"></item><item title="POWER" value="17,9039" result="PASS"></item><item title="LOLEAKAGE" value="-40,8525" result="PASS"></item><item title="SPECTRUMMASK" value="17,9688" result="PASS"></item><item title="SPECTRUMMARGIN" value="17,9688" result="PASS"></item></Record><Criteria><item title="Modulation" value="MCS0NSS1"></item><item title="Bandwidth" value="40"></item><item title="Antenna" value="2"></item><item title="Channel" value="132"></item><item title="RfIcTemperature" value="5032"></item><item title="CpuTemperature" value="60"></item><item title="ExpectedPower" value="19"></item><item title="EVM" Max="-5" Min="-100"></item><item title="FREQERR" Max="15" Min="-15"></item><item title="SYMCLOCKERR" Max="20" Min="-100"></item><item title="POWER" Max="20,5" Min="17,5" Avg="19"></item><item title="LOLEAKAGE" Max="-17" Min="-100"></item><item title="SPECTRUMMASK" Max="100" Min="0"></item><item title="SPECTRUMMARGIN" Max="1000" Min="0"></item></Criteria><Record><item title="Modulation" value="MCS0NSS1"></item><item title="Bandwidth" value="40"></item><item title="Channel" value="132"></item><item title="Antenna" value="2"></item><item title="ExpectedPower" value="19"></item><item title="Power" value="19"></item><item title="TestType" value="Tx"></item><item title="EVM" value="-19,0607" result="PASS"></item><item title="FREQERR" value="1,13044" result="PASS"></item><item title="SYMCLOCKERR" value="2,92282" result="PASS"></item><item title="POWER" value="19,0767" result="PASS"></item><item title="LOLEAKAGE" value="-39,4774" result="PASS"></item><item title="SPECTRUMMASK" value="16,1984" result="PASS"></item><item title="SPECTRUMMARGIN" value="16,1984" result="PASS"></item></Record><Criteria><item title="Modulation" value="MCS0NSS1"></item><item title="Bandwidth" value="40"></item><item title="Antenna" value="2"></item><item title="Channel" value="132"></item><item title="RfIcTemperature" value="5032"></item><item title="CpuTemperature" value="60"></item><item title="ExpectedPower" value="20"></item><item title="EVM" Max="-5" Min="-100"></item><item title="FREQERR" Max="15" Min="-15"></item><item title="SYMCLOCKERR" Max="20" Min="-100"></item><item title="POWER" Max="21,5" Min="18,5" Avg="20"></item><item title="LOLEAKAGE" Max="-17" Min="-100"></item><item title="SPECTRUMMASK" Max="100" Min="0"></item><item title="SPECTRUMMARGIN" Max="1000" Min="0"></item></Criteria><Record><item title="Modulation" value="MCS0NSS1"></item><item title="Bandwidth" value="40"></item><item title="Channel" value="132"></item><item title="Antenna" value="2"></item><item title="ExpectedPower" value="20"></item><item title="Power" value="20"></item><item title="TestType" value="Tx"></item><item title="EVM" value="-19,7099" result="PASS"></item><item title="FREQERR" value="1,12441" result="PASS"></item><item title="SYMCLOCKERR" value="3,37889" result="PASS"></item><item title="POWER" value="19,7325" result="PASS"></item><item title="LOLEAKAGE" value="-41,9745" result="PASS"></item><item title="SPECTRUMMASK" value="14,2692" result="PASS"></item><item title="SPECTRUMMARGIN" value="14,2692" result="PASS"></item></Record><Criteria><item title="Modulation" value="MCS0NSS1"></item><item title="Bandwidth" value="40"></item><item title="Antenna" value="2"></item><item title="Channel" value="132"></item><item title="RfIcTemperature" value="5032"></item><item title="CpuTemperature" value="60"></item><item title="ExpectedPower" value="21"></item><item title="EVM" Max="-5" Min="-100"></item><item title="FREQERR" Max="15" Min="-15"></item><item title="SYMCLOCKERR" Max="20" Min="-100"></item><item title="POWER" Max="22,5" Min="19,5" Avg="21"></item><item title="LOLEAKAGE" Max="-17" Min="-100"></item><item title="SPECTRUMMASK" Max="100" Min="0"></item><item title="SPECTRUMMARGIN" Max="1000" Min="0"></item></Criteria><Record><item title="Modulation" value="MCS0NSS1"></item><item title="Bandwidth" value="40"></item><item title="Channel" value="132"></item><item title="Antenna" value="2"></item><item title="ExpectedPower" value="21"></item><item title="Power" value="21"></item><item title="TestType" value="Tx"></item><item title="EVM" value="-20,3855" result="PASS"></item><item title="FREQERR" value="1,12892" result="PASS"></item><item title="SYMCLOCKERR" value="4,00206" result="PASS"></item><item title="POWER" value="20,8835" result="PASS"></item><item title="LOLEAKAGE" value="-44,2513" result="PASS"></item><item title="SPECTRUMMASK" value="12,2255" result="PASS"></item><item title="SPECTRUMMARGIN" value="12,2255" result="PASS"></item></Record><Criteria><item title="Modulation" value="MCS0NSS1"></item><item title="Bandwidth" value="40"></item><item title="Antenna" value="2"></item><item title="Channel" value="132"></item><item title="RfIcTemperature" value="5032"></item><item title="CpuTemperature" value="60"></item><item title="ExpectedPower" value="22"></item><item title="EVM" Max="-5" Min="-100"></item><item title="FREQERR" Max="15" Min="-15"></item><item title="SYMCLOCKERR" Max="20" Min="-100"></item><item title="POWER" Max="23,5" Min="20,5" Avg="22"></item><item title="LOLEAKAGE" Max="-17" Min="-100"></item><item title="SPECTRUMMASK" Max="100" Min="0"></item><item title="SPECTRUMMARGIN" Max="1000" Min="0"></item></Criteria><Record><item title="Modulation" value="MCS0NSS1"></item><item title="Bandwidth" value="40"></item><item title="Channel" value="132"></item><item title="Antenna" value="2"></item><item title="ExpectedPower" value="22"></item><item title="Power" value="22"></item><item title="TestType" value="Tx"></item><item title="EVM" value="-19,6226" result="PASS"></item><item title="FREQERR" value="1,12687" result="PASS"></item><item title="SYMCLOCKERR" value="0,801087" result="PASS"></item><item title="POWER" value="21,9725" result="PASS"></item><item title="LOLEAKAGE" value="-50,1324" result="PASS"></item><item title="SPECTRUMMASK" value="8,33669" result="PASS"></item><item title="SPECTRUMMARGIN" value="8,33669" result="PASS"></item></Record><Criteria><item title="Modulation" value="MCS0NSS1"></item><item title="Bandwidth" value="40"></item><item title="Antenna" value="2"></item><item title="Channel" value="132"></item><item title="RfIcTemperature" value="5032"></item><item title="CpuTemperature" value="60"></item><item title="ExpectedPower" value="23"></item><item title="EVM" Max="-5" Min="-100"></item><item title="FREQERR" Max="15" Min="-15"></item><item title="SYMCLOCKERR" Max="20" Min="-100"></item><item title="POWER" Max="24,5" Min="21,5" Avg="23"></item><item title="LOLEAKAGE" Max="-17" Min="-100"></item><item title="SPECTRUMMASK" Max="100" Min="0"></item><item title="SPECTRUMMARGIN" Max="1000" Min="0"></item></Criteria><Record><item title="Modulation" value="MCS0NSS1"></item><item title="Bandwidth" value="40"></item><item title="Channel" value="132"></item><item title="Antenna" value="2"></item><item title="ExpectedPower" value="23"></item><item title="Power" value="23"></item><item title="TestType" value="Tx"></item><item title="EVM" value="-19,1353" result="PASS"></item><item title="FREQERR" value="1,12889" result="PASS"></item><item title="SYMCLOCKERR" value="1,98758" result="PASS"></item><item title="POWER" value="23,1324" result="PASS"></item><item title="LOLEAKAGE" value="-42,789" result="PASS"></item><item title="SPECTRUMMASK" value="4,76592" result="PASS"></item><item title="SPECTRUMMARGIN" value="4,76592" result="PASS"></item></Record><Criteria><item title="Modulation" value="MCS0NSS1"></item><item title="Bandwidth" value="40"></item><item title="Antenna" value="2"></item><item title="Channel" value="132"></item><item title="RfIcTemperature" value="5032"></item><item title="CpuTemperature" value="60"></item><item title="ExpectedPower" value="24"></item><item title="EVM" Max="-5" Min="-100"></item><item title="FREQERR" Max="15" Min="-15"></item><item title="SYMCLOCKERR" Max="20" Min="-100"></item><item title="POWER" Max="25,5" Min="22,5" Avg="24"></item><item title="LOLEAKAGE" Max="-17" Min="-100"></item><item title="SPECTRUMMASK" Max="100" Min="0"></item><item title="SPECTRUMMARGIN" Max="1000" Min="0"></item></Criteria><Record><item title="Modulation" value="MCS0NSS1"></item><item title="Bandwidth" value="40"></item><item title="Channel" value="132"></item><item title="Antenna" value="2"></item><item title="ExpectedPower" value="24"></item><item title="Power" value="24"></item><item title="TestType" value="Tx"></item><item title="EVM" value="-17,8987" result="PASS"></item><item title="FREQERR" value="1,12813" result="PASS"></item><item title="SYMCLOCKERR" value="4,17242" result="PASS"></item><item title="POWER" value="23,8173" result="PASS"></item><item title="LOLEAKAGE" value="-41,8241" result="PASS"></item><item title="SPECTRUMMASK" value="2,00359" result="PASS"></item><item title="SPECTRUMMARGIN" value="2,00359" result="PASS"></item></Record><Criteria><item title="Modulation" value="MCS0NSS1"></item><item title="Bandwidth" value="40"></item><item title="Antenna" value="2"></item><item title="Channel" value="132"></item><item title="RfIcTemperature" value="5032"></item><item title="CpuTemperature" value="60"></item><item title="ExpectedPower" value="25"></item><item title="EVM" Max="-5" Min="-100"></item><item title="FREQERR" Max="15" Min="-15"></item><item title="SYMCLOCKERR" Max="20" Min="-100"></item><item title="POWER" Max="26,5" Min="23,5" Avg="25"></item><item title="LOLEAKAGE" Max="-17" Min="-100"></item><item title="SPECTRUMMASK" Max="100" Min="0"></item><item title="SPECTRUMMARGIN" Max="1000" Min="0"></item></Criteria><Record><item title="Modulation" value="MCS0NSS1"></item><item title="Bandwidth" value="40"></item><item title="Channel" value="132"></item><item title="Antenna" value="2"></item><item title="ExpectedPower" value="25"></item><item title="Power" value="25"></item><item title="TestType" value="Tx"></item><item title="EVM" value="-16,1111" result="PASS"></item><item title="FREQERR" value="1,12678" result="PASS"></item><item title="SYMCLOCKERR" value="3,60732" result="PASS"></item><item title="POWER" value="24,8271" result="PASS"></item><item title="LOLEAKAGE" value="-39,4477" result="PASS"></item><item title="SPECTRUMMASK" value="-1,36404" result="FAIL"></item><item title="SPECTRUMMARGIN" value="-1,36404" result="FAIL"></item></Record><Criteria><item title="Modulation" value="MCS0NSS1"></item><item title="Bandwidth" value="40"></item><item title="Antenna" value="3"></item><item title="Channel" value="132"></item><item title="RfIcTemperature" value="5032"></item><item title="CpuTemperature" value="60"></item><item title="ExpectedPower" value="10"></item><item title="EVM" Max="-5" Min="-100"></item><item title="FREQERR" Max="15" Min="-15"></item><item title="SYMCLOCKERR" Max="20" Min="-100"></item><item title="POWER" Max="11,5" Min="8,5" Avg="10"></item><item title="LOLEAKAGE" Max="-17" Min="-100"></item><item title="SPECTRUMMASK" Max="100" Min="0"></item><item title="SPECTRUMMARGIN" Max="1000" Min="0"></item></Criteria><Record><item title="Modulation" value="MCS0NSS1"></item><item title="Bandwidth" value="40"></item><item title="Channel" value="132"></item><item title="Antenna" value="3"></item><item title="ExpectedPower" value="10"></item><item title="Power" value="10"></item><item title="TestType" value="Tx"></item><item title="EVM" value="-19,9518" result="PASS"></item><item title="FREQERR" value="1,12203" result="PASS"></item><item title="SYMCLOCKERR" value="5,35774" result="PASS"></item><item title="POWER" value="8,58141" result="PASS"></item><item title="LOLEAKAGE" value="-29,8107" result="PASS"></item><item title="SPECTRUMMASK" value="18,2165" result="PASS"></item><item title="SPECTRUMMARGIN" value="18,2165" result="PASS"></item></Record><Criteria><item title="Modulation" value="MCS0NSS1"></item><item title="Bandwidth" value="40"></item><item title="Antenna" value="3"></item><item title="Channel" value="132"></item><item title="RfIcTemperature" value="5032"></item><item title="CpuTemperature" value="60"></item><item title="ExpectedPower" value="11"></item><item title="EVM" Max="-5" Min="-100"></item><item title="FREQERR" Max="15" Min="-15"></item><item title="SYMCLOCKERR" Max="20" Min="-100"></item><item title="POWER" Max="12,5" Min="9,5" Avg="11"></item><item title="LOLEAKAGE" Max="-17" Min="-100"></item><item title="SPECTRUMMASK" Max="100" Min="0"></item><item title="SPECTRUMMARGIN" Max="1000" Min="0"></item></Criteria><Record><item title="Modulation" value="MCS0NSS1"></item><item title="Bandwidth" value="40"></item><item title="Channel" value="132"></item><item title="Antenna" value="3"></item><item title="ExpectedPower" value="11"></item><item title="Power" value="11"></item><item title="TestType" value="Tx"></item><item title="EVM" value="-20,0499" result="PASS"></item><item title="FREQERR" value="1,12308" result="PASS"></item><item title="SYMCLOCKERR" value="3,22039" result="PASS"></item><item title="POWER" value="10,0514" result="PASS"></item><item title="LOLEAKAGE" value="-28,7332" result="PASS"></item><item title="SPECTRUMMASK" value="19,597" result="PASS"></item><item title="SPECTRUMMARGIN" value="19,597" result="PASS"></item></Record><Criteria><item title="Modulation" value="MCS0NSS1"></item><item title="Bandwidth" value="40"></item><item title="Antenna" value="3"></item><item title="Channel" value="132"></item><item title="RfIcTemperature" value="5032"></item><item title="CpuTemperature" value="60"></item><item title="ExpectedPower" value="12"></item><item title="EVM" Max="-5" Min="-100"></item><item title="FREQERR" Max="15" Min="-15"></item><item title="SYMCLOCKERR" Max="20" Min="-100"></item><item title="POWER" Max="13,5" Min="10,5" Avg="12"></item><item title="LOLEAKAGE" Max="-17" Min="-100"></item><item title="SPECTRUMMASK" Max="100" Min="0"></item><item title="SPECTRUMMARGIN" Max="1000" Min="0"></item></Criteria><Record><item title="Modulation" value="MCS0NSS1"></item><item title="Bandwidth" value="40"></item><item title="Channel" value="132"></item><item title="Antenna" value="3"></item><item title="ExpectedPower" value="12"></item><item title="Power" value="12"></item><item title="TestType" value="Tx"></item><item title="EVM" value="-18,9447" result="PASS"></item><item title="FREQERR" value="1,12972" result="PASS"></item><item title="SYMCLOCKERR" value="1,86127" result="PASS"></item><item title="POWER" value="11,0273" result="PASS"></item><item title="LOLEAKAGE" value="-29,7073" result="PASS"></item><item title="SPECTRUMMASK" value="16,6688" result="PASS"></item><item title="SPECTRUMMARGIN" value="16,6688" result="PASS"></item></Record><Criteria><item title="Modulation" value="MCS0NSS1"></item><item title="Bandwidth" value="40"></item><item title="Antenna" value="3"></item><item title="Channel" value="132"></item><item title="RfIcTemperature" value="5032"></item><item title="CpuTemperature" value="60"></item><item title="ExpectedPower" value="13"></item><item title="EVM" Max="-5" Min="-100"></item><item title="FREQERR" Max="15" Min="-15"></item><item title="SYMCLOCKERR" Max="20" Min="-100"></item><item title="POWER" Max="14,5" Min="11,5" Avg="13"></item><item title="LOLEAKAGE" Max="-17" Min="-100"></item><item title="SPECTRUMMASK" Max="100" Min="0"></item><item title="SPECTRUMMARGIN" Max="1000" Min="0"></item></Criteria><Record><item title="Modulation" value="MCS0NSS1"></item><item title="Bandwidth" value="40"></item><item title="Channel" value="132"></item><item title="Antenna" value="3"></item><item title="ExpectedPower" value="13"></item><item title="Power" value="13"></item><item title="TestType" value="Tx"></item><item title="EVM" value="-19,0537" result="PASS"></item><item title="FREQERR" value="1,13513" result="PASS"></item><item title="SYMCLOCKERR" value="4,25262" result="PASS"></item><item title="POWER" value="12,3592" result="PASS"></item><item title="LOLEAKAGE" value="-29,2525" result="PASS"></item><item title="SPECTRUMMASK" value="18,8741" result="PASS"></item><item title="SPECTRUMMARGIN" value="18,8741" result="PASS"></item></Record><Criteria><item title="Modulation" value="MCS0NSS1"></item><item title="Bandwidth" value="40"></item><item title="Antenna" value="3"></item><item title="Channel" value="132"></item><item title="RfIcTemperature" value="5032"></item><item title="CpuTemperature" value="60"></item><item title="ExpectedPower" value="14"></item><item title="EVM" Max="-5" Min="-100"></item><item title="FREQERR" Max="15" Min="-15"></item><item title="SYMCLOCKERR" Max="20" Min="-100"></item><item title="POWER" Max="15,5" Min="12,5" Avg="14"></item><item title="LOLEAKAGE" Max="-17" Min="-100"></item><item title="SPECTRUMMASK" Max="100" Min="0"></item><item title="SPECTRUMMARGIN" Max="1000" Min="0"></item></Criteria><Record><item title="Modulation" value="MCS0NSS1"></item><item title="Bandwidth" value="40"></item><item title="Channel" value="132"></item><item title="Antenna" value="3"></item><item title="ExpectedPower" value="14"></item><item title="Power" value="14"></item><item title="TestType" value="Tx"></item><item title="EVM" value="-18,6485" result="PASS"></item><item title="FREQERR" value="1,13864" result="PASS"></item><item title="SYMCLOCKERR" value="2,04518" result="PASS"></item><item title="POWER" value="13,4989" result="PASS"></item><item title="LOLEAKAGE" value="-29,564" result="PASS"></item><item title="SPECTRUMMASK" value="17,6554" result="PASS"></item><item title="SPECTRUMMARGIN" value="17,6554" result="PASS"></item></Record><Criteria><item title="Modulation" value="MCS0NSS1"></item><item title="Bandwidth" value="40"></item><item title="Antenna" value="3"></item><item title="Channel" value="132"></item><item title="RfIcTemperature" value="5032"></item><item title="CpuTemperature" value="60"></item><item title="ExpectedPower" value="15"></item><item title="EVM" Max="-5" Min="-100"></item><item title="FREQERR" Max="15" Min="-15"></item><item title="SYMCLOCKERR" Max="20" Min="-100"></item><item title="POWER" Max="16,5" Min="13,5" Avg="15"></item><item title="LOLEAKAGE" Max="-17" Min="-100"></item><item title="SPECTRUMMASK" Max="100" Min="0"></item><item title="SPECTRUMMARGIN" Max="1000" Min="0"></item></Criteria><Record><item title="Modulation" value="MCS0NSS1"></item><item title="Bandwidth" value="40"></item><item title="Channel" value="132"></item><item title="Antenna" value="3"></item><item title="ExpectedPower" value="15"></item><item title="Power" value="15"></item><item title="TestType" value="Tx"></item><item title="EVM" value="-19,1589" result="PASS"></item><item title="FREQERR" value="1,14431" result="PASS"></item><item title="SYMCLOCKERR" value="3,22652" result="PASS"></item><item title="POWER" value="14,5783" result="PASS"></item><item title="LOLEAKAGE" value="-30,2651" result="PASS"></item><item title="SPECTRUMMASK" value="18,6663" result="PASS"></item><item title="SPECTRUMMARGIN" value="18,6663" result="PASS"></item></Record><Criteria><item title="Modulation" value="MCS0NSS1"></item><item title="Bandwidth" value="40"></item><item title="Antenna" value="3"></item><item title="Channel" value="132"></item><item title="RfIcTemperature" value="5032"></item><item title="CpuTemperature" value="60"></item><item title="ExpectedPower" value="16"></item><item title="EVM" Max="-5" Min="-100"></item><item title="FREQERR" Max="15" Min="-15"></item><item title="SYMCLOCKERR" Max="20" Min="-100"></item><item title="POWER" Max="17,5" Min="14,5" Avg="16"></item><item title="LOLEAKAGE" Max="-17" Min="-100"></item><item title="SPECTRUMMASK" Max="100" Min="0"></item><item title="SPECTRUMMARGIN" Max="1000" Min="0"></item></Criteria><Record><item title="Modulation" value="MCS0NSS1"></item><item title="Bandwidth" value="40"></item><item title="Channel" value="132"></item><item title="Antenna" value="3"></item><item title="ExpectedPower" value="16"></item><item title="Power" value="16"></item><item title="TestType" value="Tx"></item><item title="EVM" value="-18,9056" result="PASS"></item><item title="FREQERR" value="1,14881" result="PASS"></item><item title="SYMCLOCKERR" value="3,42363" result="PASS"></item><item title="POWER" value="15,568" result="PASS"></item><item title="LOLEAKAGE" value="-33,5731" result="PASS"></item><item title="SPECTRUMMASK" value="18,6611" result="PASS"></item><item title="SPECTRUMMARGIN" value="18,6611" result="PASS"></item></Record><Criteria><item title="Modulation" value="MCS0NSS1"></item><item title="Bandwidth" value="40"></item><item title="Antenna" value="3"></item><item title="Channel" value="132"></item><item title="RfIcTemperature" value="5032"></item><item title="CpuTemperature" value="60"></item><item title="ExpectedPower" value="17"></item><item title="EVM" Max="-5" Min="-100"></item><item title="FREQERR" Max="15" Min="-15"></item><item title="SYMCLOCKERR" Max="20" Min="-100"></item><item title="POWER" Max="18,5" Min="15,5" Avg="17"></item><item title="LOLEAKAGE" Max="-17" Min="-100"></item><item title="SPECTRUMMASK" Max="100" Min="0"></item><item title="SPECTRUMMARGIN" Max="1000" Min="0"></item></Criteria><Record><item title="Modulation" value="MCS0NSS1"></item><item title="Bandwidth" value="40"></item><item title="Channel" value="132"></item><item title="Antenna" value="3"></item><item title="ExpectedPower" value="17"></item><item title="Power" value="17"></item><item title="TestType" value="Tx"></item><item title="EVM" value="-19,326" result="PASS"></item><item title="FREQERR" value="1,14858" result="PASS"></item><item title="SYMCLOCKERR" value="1,90857" result="PASS"></item><item title="POWER" value="16,4243" result="PASS"></item><item title="LOLEAKAGE" value="-34,2547" result="PASS"></item><item title="SPECTRUMMASK" value="17,0886" result="PASS"></item><item title="SPECTRUMMARGIN" value="17,0886" result="PASS"></item></Record><Criteria><item title="Modulation" value="MCS0NSS1"></item><item title="Bandwidth" value="40"></item><item title="Antenna" value="3"></item><item title="Channel" value="132"></item><item title="RfIcTemperature" value="5032"></item><item title="CpuTemperature" value="60"></item><item title="ExpectedPower" value="18"></item><item title="EVM" Max="-5" Min="-100"></item><item title="FREQERR" Max="15" Min="-15"></item><item title="SYMCLOCKERR" Max="20" Min="-100"></item><item title="POWER" Max="19,5" Min="16,5" Avg="18"></item><item title="LOLEAKAGE" Max="-17" Min="-100"></item><item title="SPECTRUMMASK" Max="100" Min="0"></item><item title="SPECTRUMMARGIN" Max="1000" Min="0"></item></Criteria><Record><item title="Modulation" value="MCS0NSS1"></item><item title="Bandwidth" value="40"></item><item title="Channel" value="132"></item><item title="Antenna" value="3"></item><item title="ExpectedPower" value="18"></item><item title="Power" value="18"></item><item title="TestType" value="Tx"></item><item title="EVM" value="-21,2711" result="PASS"></item><item title="FREQERR" value="1,15088" result="PASS"></item><item title="SYMCLOCKERR" value="1,46118" result="PASS"></item><item title="POWER" value="17,7961" result="PASS"></item><item title="LOLEAKAGE" value="-35,6258" result="PASS"></item><item title="SPECTRUMMASK" value="16,908" result="PASS"></item><item title="SPECTRUMMARGIN" value="16,908" result="PASS"></item></Record><Criteria><item title="Modulation" value="MCS0NSS1"></item><item title="Bandwidth" value="40"></item><item title="Antenna" value="3"></item><item title="Channel" value="132"></item><item title="RfIcTemperature" value="5032"></item><item title="CpuTemperature" value="60"></item><item title="ExpectedPower" value="19"></item><item title="EVM" Max="-5" Min="-100"></item><item title="FREQERR" Max="15" Min="-15"></item><item title="SYMCLOCKERR" Max="20" Min="-100"></item><item title="POWER" Max="20,5" Min="17,5" Avg="19"></item><item title="LOLEAKAGE" Max="-17" Min="-100"></item><item title="SPECTRUMMASK" Max="100" Min="0"></item><item title="SPECTRUMMARGIN" Max="1000" Min="0"></item></Criteria><Record><item title="Modulation" value="MCS0NSS1"></item><item title="Bandwidth" value="40"></item><item title="Channel" value="132"></item><item title="Antenna" value="3"></item><item title="ExpectedPower" value="19"></item><item title="Power" value="19"></item><item title="TestType" value="Tx"></item><item title="EVM" value="-19,1046" result="PASS"></item><item title="FREQERR" value="1,14861" result="PASS"></item><item title="SYMCLOCKERR" value="3,29087" result="PASS"></item><item title="POWER" value="18,4387" result="PASS"></item><item title="LOLEAKAGE" value="-40,6997" result="PASS"></item><item title="SPECTRUMMASK" value="14,4033" result="PASS"></item><item title="SPECTRUMMARGIN" value="14,4033" result="PASS"></item></Record><Criteria><item title="Modulation" value="MCS0NSS1"></item><item title="Bandwidth" value="40"></item><item title="Antenna" value="3"></item><item title="Channel" value="132"></item><item title="RfIcTemperature" value="5032"></item><item title="CpuTemperature" value="60"></item><item title="ExpectedPower" value="20"></item><item title="EVM" Max="-5" Min="-100"></item><item title="FREQERR" Max="15" Min="-15"></item><item title="SYMCLOCKERR" Max="20" Min="-100"></item><item title="POWER" Max="21,5" Min="18,5" Avg="20"></item><item title="LOLEAKAGE" Max="-17" Min="-100"></item><item title="SPECTRUMMASK" Max="100" Min="0"></item><item title="SPECTRUMMARGIN" Max="1000" Min="0"></item></Criteria><Record><item title="Modulation" value="MCS0NSS1"></item><item title="Bandwidth" value="40"></item><item title="Channel" value="132"></item><item title="Antenna" value="3"></item><item title="ExpectedPower" value="20"></item><item title="Power" value="20"></item><item title="TestType" value="Tx"></item><item title="EVM" value="-19,5818" result="PASS"></item><item title="FREQERR" value="1,14578" result="PASS"></item><item title="SYMCLOCKERR" value="1,42574" result="PASS"></item><item title="POWER" value="19,4152" result="PASS"></item><item title="LOLEAKAGE" value="-41,8455" result="PASS"></item><item title="SPECTRUMMASK" value="11,038" result="PASS"></item><item title="SPECTRUMMARGIN" value="11,038" result="PASS"></item></Record><Criteria><item title="Modulation" value="MCS0NSS1"></item><item title="Bandwidth" value="40"></item><item title="Antenna" value="3"></item><item title="Channel" value="132"></item><item title="RfIcTemperature" value="5032"></item><item title="CpuTemperature" value="60"></item><item title="ExpectedPower" value="21"></item><item title="EVM" Max="-5" Min="-100"></item><item title="FREQERR" Max="15" Min="-15"></item><item title="SYMCLOCKERR" Max="20" Min="-100"></item><item title="POWER" Max="22,5" Min="19,5" Avg="21"></item><item title="LOLEAKAGE" Max="-17" Min="-100"></item><item title="SPECTRUMMASK" Max="100" Min="0"></item><item title="SPECTRUMMARGIN" Max="1000" Min="0"></item></Criteria><Record><item title="Modulation" value="MCS0NSS1"></item><item title="Bandwidth" value="40"></item><item title="Channel" value="132"></item><item title="Antenna" value="3"></item><item title="ExpectedPower" value="21"></item><item title="Power" value="21"></item><item title="TestType" value="Tx"></item><item title="EVM" value="-20,5614" result="PASS"></item><item title="FREQERR" value="1,14595" result="PASS"></item><item title="SYMCLOCKERR" value="3,47161" result="PASS"></item><item title="POWER" value="20,4814" result="PASS"></item><item title="LOLEAKAGE" value="-45,4573" result="PASS"></item><item title="SPECTRUMMASK" value="7,12067" result="PASS"></item><item title="SPECTRUMMARGIN" value="7,12067" result="PASS"></item></Record><Criteria><item title="Modulation" value="MCS0NSS1"></item><item title="Bandwidth" value="40"></item><item title="Antenna" value="3"></item><item title="Channel" value="132"></item><item title="RfIcTemperature" value="5032"></item><item title="CpuTemperature" value="60"></item><item title="ExpectedPower" value="22"></item><item title="EVM" Max="-5" Min="-100"></item><item title="FREQERR" Max="15" Min="-15"></item><item title="SYMCLOCKERR" Max="20" Min="-100"></item><item title="POWER" Max="23,5" Min="20,5" Avg="22"></item><item title="LOLEAKAGE" Max="-17" Min="-100"></item><item title="SPECTRUMMASK" Max="100" Min="0"></item><item title="SPECTRUMMARGIN" Max="1000" Min="0"></item></Criteria><Record><item title="Modulation" value="MCS0NSS1"></item><item title="Bandwidth" value="40"></item><item title="Channel" value="132"></item><item title="Antenna" value="3"></item><item title="ExpectedPower" value="22"></item><item title="Power" value="22"></item><item title="TestType" value="Tx"></item><item title="EVM" value="-18,9826" result="PASS"></item><item title="FREQERR" value="1,14968" result="PASS"></item><item title="SYMCLOCKERR" value="1,41604" result="PASS"></item><item title="POWER" value="21,5299" result="PASS"></item><item title="LOLEAKAGE" value="-47,8071" result="PASS"></item><item title="SPECTRUMMASK" value="4,54617" result="PASS"></item><item title="SPECTRUMMARGIN" value="4,54617" result="PASS"></item></Record><Criteria><item title="Modulation" value="MCS0NSS1"></item><item title="Bandwidth" value="40"></item><item title="Antenna" value="3"></item><item title="Channel" value="132"></item><item title="RfIcTemperature" value="5032"></item><item title="CpuTemperature" value="60"></item><item title="ExpectedPower" value="23"></item><item title="EVM" Max="-5" Min="-100"></item><item title="FREQERR" Max="15" Min="-15"></item><item title="SYMCLOCKERR" Max="20" Min="-100"></item><item title="POWER" Max="24,5" Min="21,5" Avg="23"></item><item title="LOLEAKAGE" Max="-17" Min="-100"></item><item title="SPECTRUMMASK" Max="100" Min="0"></item><item title="SPECTRUMMARGIN" Max="1000" Min="0"></item></Criteria><Record><item title="Modulation" value="MCS0NSS1"></item><item title="Bandwidth" value="40"></item><item title="Channel" value="132"></item><item title="Antenna" value="3"></item><item title="ExpectedPower" value="23"></item><item title="Power" value="23"></item><item title="TestType" value="Tx"></item><item title="EVM" value="-17,2141" result="PASS"></item><item title="FREQERR" value="1,14774" result="PASS"></item><item title="SYMCLOCKERR" value="2,7153" result="PASS"></item><item title="POWER" value="22,5276" result="PASS"></item><item title="LOLEAKAGE" value="-46,0023" result="PASS"></item><item title="SPECTRUMMASK" value="1,55378" result="PASS"></item><item title="SPECTRUMMARGIN" value="1,55378" result="PASS"></item></Record><Criteria><item title="Modulation" value="MCS0NSS1"></item><item title="Bandwidth" value="40"></item><item title="Antenna" value="3"></item><item title="Channel" value="132"></item><item title="RfIcTemperature" value="5032"></item><item title="CpuTemperature" value="60"></item><item title="ExpectedPower" value="24"></item><item title="EVM" Max="-5" Min="-100"></item><item title="FREQERR" Max="15" Min="-15"></item><item title="SYMCLOCKERR" Max="20" Min="-100"></item><item title="POWER" Max="25,5" Min="22,5" Avg="24"></item><item title="LOLEAKAGE" Max="-17" Min="-100"></item><item title="SPECTRUMMASK" Max="100" Min="0"></item><item title="SPECTRUMMARGIN" Max="1000" Min="0"></item></Criteria><Record><item title="Modulation" value="MCS0NSS1"></item><item title="Bandwidth" value="40"></item><item title="Channel" value="132"></item><item title="Antenna" value="3"></item><item title="ExpectedPower" value="24"></item><item title="Power" value="24"></item><item title="TestType" value="Tx"></item><item title="EVM" value="-16,0721" result="PASS"></item><item title="FREQERR" value="1,15693" result="PASS"></item><item title="SYMCLOCKERR" value="1,33182" result="PASS"></item><item title="POWER" value="23,3177" result="PASS"></item><item title="LOLEAKAGE" value="-40,3123" result="PASS"></item><item title="SPECTRUMMASK" value="-2,1352" result="FAIL"></item><item title="SPECTRUMMARGIN" value="-2,1352" result="FAIL"></item></Record><Criteria><item title="Modulation" value="MCS0NSS1"></item><item title="Bandwidth" value="40"></item><item title="Antenna" value="3"></item><item title="Channel" value="132"></item><item title="RfIcTemperature" value="5032"></item><item title="CpuTemperature" value="60"></item><item title="ExpectedPower" value="25"></item><item title="EVM" Max="-5" Min="-100"></item><item title="FREQERR" Max="15" Min="-15"></item><item title="SYMCLOCKERR" Max="20" Min="-100"></item><item title="POWER" Max="26,5" Min="23,5" Avg="25"></item><item title="LOLEAKAGE" Max="-17" Min="-100"></item><item title="SPECTRUMMASK" Max="100" Min="0"></item><item title="SPECTRUMMARGIN" Max="1000" Min="0"></item></Criteria><Record><item title="Modulation" value="MCS0NSS1"></item><item title="Bandwidth" value="40"></item><item title="Channel" value="132"></item><item title="Antenna" value="3"></item><item title="ExpectedPower" value="25"></item><item title="Power" value="25"></item><item title="TestType" value="Tx"></item><item title="EVM" value="-13,5519" result="PASS"></item><item title="FREQERR" value="1,16808" result="PASS"></item><item title="SYMCLOCKERR" value="4,46749" result="PASS"></item><item title="POWER" value="24,3274" result="PASS"></item><item title="LOLEAKAGE" value="-42,8378" result="PASS"></item><item title="SPECTRUMMASK" value="-5,61255" result="FAIL"></item><item title="SPECTRUMMARGIN" value="-5,61255" result="FAIL"></item></Record><Criteria><item title="Modulation" value="MCS0NSS1"></item><item title="Bandwidth" value="40"></item><item title="Antenna" value="0"></item><item title="Channel" value="149"></item><item title="RfIcTemperature" value="5032"></item><item title="CpuTemperature" value="60"></item><item title="ExpectedPower" value="10"></item><item title="EVM" Max="-5" Min="-100"></item><item title="FREQERR" Max="15" Min="-15"></item><item title="SYMCLOCKERR" Max="20" Min="-100"></item><item title="POWER" Max="11,5" Min="8,5" Avg="10"></item><item title="LOLEAKAGE" Max="-17" Min="-100"></item><item title="SPECTRUMMASK" Max="100" Min="0"></item><item title="SPECTRUMMARGIN" Max="1000" Min="0"></item></Criteria><Record><item title="Modulation" value="MCS0NSS1"></item><item title="Bandwidth" value="40"></item><item title="Channel" value="149"></item><item title="Antenna" value="0"></item><item title="ExpectedPower" value="10"></item><item title="Power" value="10"></item><item title="TestType" value="Tx"></item><item title="EVM" value="-19,7474" result="PASS"></item><item title="FREQERR" value="-2,35224" result="PASS"></item><item title="SYMCLOCKERR" value="-0,0421234" result="PASS"></item><item title="POWER" value="9,66621" result="PASS"></item><item title="LOLEAKAGE" value="-30,2598" result="PASS"></item><item title="SPECTRUMMASK" value="19,6428" result="PASS"></item><item title="SPECTRUMMARGIN" value="19,6428" result="PASS"></item></Record><Criteria><item title="Modulation" value="MCS0NSS1"></item><item title="Bandwidth" value="40"></item><item title="Antenna" value="0"></item><item title="Channel" value="149"></item><item title="RfIcTemperature" value="5032"></item><item title="CpuTemperature" value="60"></item><item title="ExpectedPower" value="11"></item><item title="EVM" Max="-5" Min="-100"></item><item title="FREQERR" Max="15" Min="-15"></item><item title="SYMCLOCKERR" Max="20" Min="-100"></item><item title="POWER" Max="12,5" Min="9,5" Avg="11"></item><item title="LOLEAKAGE" Max="-17" Min="-100"></item><item title="SPECTRUMMASK" Max="100" Min="0"></item><item title="SPECTRUMMARGIN" Max="1000" Min="0"></item></Criteria><Record><item title="Modulation" value="MCS0NSS1"></item><item title="Bandwidth" value="40"></item><item title="Channel" value="149"></item><item title="Antenna" value="0"></item><item title="ExpectedPower" value="11"></item><item title="Power" value="11"></item><item title="TestType" value="Tx"></item><item title="EVM" value="-19,0779" result="PASS"></item><item title="FREQERR" value="-2,3411" result="PASS"></item><item title="SYMCLOCKERR" value="-0,789795" result="PASS"></item><item title="POWER" value="11,0051" result="PASS"></item><item title="LOLEAKAGE" value="-31,2228" result="PASS"></item><item title="SPECTRUMMASK" value="19,0297" result="PASS"></item><item title="SPECTRUMMARGIN" value="19,0297" result="PASS"></item></Record><Criteria><item title="Modulation" value="MCS0NSS1"></item><item title="Bandwidth" value="40"></item><item title="Antenna" value="0"></item><item title="Channel" value="149"></item><item title="RfIcTemperature" value="5032"></item><item title="CpuTemperature" value="60"></item><item title="ExpectedPower" value="12"></item><item title="EVM" Max="-5" Min="-100"></item><item title="FREQERR" Max="15" Min="-15"></item><item title="SYMCLOCKERR" Max="20" Min="-100"></item><item title="POWER" Max="13,5" Min="10,5" Avg="12"></item><item title="LOLEAKAGE" Max="-17" Min="-100"></item><item title="SPECTRUMMASK" Max="100" Min="0"></item><item title="SPECTRUMMARGIN" Max="1000" Min="0"></item></Criteria><Record><item title="Modulation" value="MCS0NSS1"></item><item title="Bandwidth" value="40"></item><item title="Channel" value="149"></item><item title="Antenna" value="0"></item><item title="ExpectedPower" value="12"></item><item title="Power" value="12"></item><item title="TestType" value="Tx"></item><item title="EVM" value="-19,895" result="PASS"></item><item title="FREQERR" value="-2,33774" result="PASS"></item><item title="SYMCLOCKERR" value="-3,35701" result="PASS"></item><item title="POWER" value="11,8633" result="PASS"></item><item title="LOLEAKAGE" value="-31,5907" result="PASS"></item><item title="SPECTRUMMASK" value="17,9501" result="PASS"></item><item title="SPECTRUMMARGIN" value="17,9501" result="PASS"></item></Record><Criteria><item title="Modulation" value="MCS0NSS1"></item><item title="Bandwidth" value="40"></item><item title="Antenna" value="0"></item><item title="Channel" value="149"></item><item title="RfIcTemperature" value="5032"></item><item title="CpuTemperature" value="60"></item><item title="ExpectedPower" value="13"></item><item title="EVM" Max="-5" Min="-100"></item><item title="FREQERR" Max="15" Min="-15"></item><item title="SYMCLOCKERR" Max="20" Min="-100"></item><item title="POWER" Max="14,5" Min="11,5" Avg="13"></item><item title="LOLEAKAGE" Max="-17" Min="-100"></item><item title="SPECTRUMMASK" Max="100" Min="0"></item><item title="SPECTRUMMARGIN" Max="1000" Min="0"></item></Criteria><Record><item title="Modulation" value="MCS0NSS1"></item><item title="Bandwidth" value="40"></item><item title="Channel" value="149"></item><item title="Antenna" value="0"></item><item title="ExpectedPower" value="13"></item><item title="Power" value="13"></item><item title="TestType" value="Tx"></item><item title="EVM" value="-18,9643" result="PASS"></item><item title="FREQERR" value="-2,33876" result="PASS"></item><item title="SYMCLOCKERR" value="-1,6056" result="PASS"></item><item title="POWER" value="12,9438" result="PASS"></item><item title="LOLEAKAGE" value="-32,1581" result="PASS"></item><item title="SPECTRUMMASK" value="18,4836" result="PASS"></item><item title="SPECTRUMMARGIN" value="18,4836" result="PASS"></item></Record><Criteria><item title="Modulation" value="MCS0NSS1"></item><item title="Bandwidth" value="40"></item><item title="Antenna" value="0"></item><item title="Channel" value="149"></item><item title="RfIcTemperature" value="5032"></item><item title="CpuTemperature" value="60"></item><item title="ExpectedPower" value="14"></item><item title="EVM" Max="-5" Min="-100"></item><item title="FREQERR" Max="15" Min="-15"></item><item title="SYMCLOCKERR" Max="20" Min="-100"></item><item title="POWER" Max="15,5" Min="12,5" Avg="14"></item><item title="LOLEAKAGE" Max="-17" Min="-100"></item><item title="SPECTRUMMASK" Max="100" Min="0"></item><item title="SPECTRUMMARGIN" Max="1000" Min="0"></item></Criteria><Record><item title="Modulation" value="MCS0NSS1"></item><item title="Bandwidth" value="40"></item><item title="Channel" value="149"></item><item title="Antenna" value="0"></item><item title="ExpectedPower" value="14"></item><item title="Power" value="14"></item><item title="TestType" value="Tx"></item><item title="EVM" value="-19,7641" result="PASS"></item><item title="FREQERR" value="-2,33848" result="PASS"></item><item title="SYMCLOCKERR" value="-0,716094" result="PASS"></item><item title="POWER" value="14,0128" result="PASS"></item><item title="LOLEAKAGE" value="-34,2478" result="PASS"></item><item title="SPECTRUMMASK" value="18,429" result="PASS"></item><item title="SPECTRUMMARGIN" value="18,429" result="PASS"></item></Record><Criteria><item title="Modulation" value="MCS0NSS1"></item><item title="Bandwidth" value="40"></item><item title="Antenna" value="0"></item><item title="Channel" value="149"></item><item title="RfIcTemperature" value="5032"></item><item title="CpuTemperature" value="60"></item><item title="ExpectedPower" value="15"></item><item title="EVM" Max="-5" Min="-100"></item><item title="FREQERR" Max="15" Min="-15"></item><item title="SYMCLOCKERR" Max="20" Min="-100"></item><item title="POWER" Max="16,5" Min="13,5" Avg="15"></item><item title="LOLEAKAGE" Max="-17" Min="-100"></item><item title="SPECTRUMMASK" Max="100" Min="0"></item><item title="SPECTRUMMARGIN" Max="1000" Min="0"></item></Criteria><Record><item title="Modulation" value="MCS0NSS1"></item><item title="Bandwidth" value="40"></item><item title="Channel" value="149"></item><item title="Antenna" value="0"></item><item title="ExpectedPower" value="15"></item><item title="Power" value="15"></item><item title="TestType" value="Tx"></item><item title="EVM" value="-19,2411" result="PASS"></item><item title="FREQERR" value="-2,33685" result="PASS"></item><item title="SYMCLOCKERR" value="-2,55268" result="PASS"></item><item title="POWER" value="15,1278" result="PASS"></item><item title="LOLEAKAGE" value="-35,6816" result="PASS"></item><item title="SPECTRUMMASK" value="17,4278" result="PASS"></item><item title="SPECTRUMMARGIN" value="17,4278" result="PASS"></item></Record><Criteria><item title="Modulation" value="MCS0NSS1"></item><item title="Bandwidth" value="40"></item><item title="Antenna" value="0"></item><item title="Channel" value="149"></item><item title="RfIcTemperature" value="5032"></item><item title="CpuTemperature" value="60"></item><item title="ExpectedPower" value="16"></item><item title="EVM" Max="-5" Min="-100"></item><item title="FREQERR" Max="15" Min="-15"></item><item title="SYMCLOCKERR" Max="20" Min="-100"></item><item title="POWER" Max="17,5" Min="14,5" Avg="16"></item><item title="LOLEAKAGE" Max="-17" Min="-100"></item><item title="SPECTRUMMASK" Max="100" Min="0"></item><item title="SPECTRUMMARGIN" Max="1000" Min="0"></item></Criteria><Record><item title="Modulation" value="MCS0NSS1"></item><item title="Bandwidth" value="40"></item><item title="Channel" value="149"></item><item title="Antenna" value="0"></item><item title="ExpectedPower" value="16"></item><item title="Power" value="16"></item><item title="TestType" value="Tx"></item><item title="EVM" value="-19,8398" result="PASS"></item><item title="FREQERR" value="-2,34153" result="PASS"></item><item title="SYMCLOCKERR" value="-1,99653" result="PASS"></item><item title="POWER" value="16,1519" result="PASS"></item><item title="LOLEAKAGE" value="-38,763" result="PASS"></item><item title="SPECTRUMMASK" value="19,7074" result="PASS"></item><item title="SPECTRUMMARGIN" value="19,7074" result="PASS"></item></Record><Criteria><item title="Modulation" value="MCS0NSS1"></item><item title="Bandwidth" value="40"></item><item title="Antenna" value="0"></item><item title="Channel" value="149"></item><item title="RfIcTemperature" value="5032"></item><item title="CpuTemperature" value="60"></item><item title="ExpectedPower" value="17"></item><item title="EVM" Max="-5" Min="-100"></item><item title="FREQERR" Max="15" Min="-15"></item><item title="SYMCLOCKERR" Max="20" Min="-100"></item><item title="POWER" Max="18,5" Min="15,5" Avg="17"></item><item title="LOLEAKAGE" Max="-17" Min="-100"></item><item title="SPECTRUMMASK" Max="100" Min="0"></item><item title="SPECTRUMMARGIN" Max="1000" Min="0"></item></Criteria><Record><item title="Modulation" value="MCS0NSS1"></item><item title="Bandwidth" value="40"></item><item title="Channel" value="149"></item><item title="Antenna" value="0"></item><item title="ExpectedPower" value="17"></item><item title="Power" value="17"></item><item title="TestType" value="Tx"></item><item title="EVM" value="-19,2094" result="PASS"></item><item title="FREQERR" value="-2,33313" result="PASS"></item><item title="SYMCLOCKERR" value="-1,01314" result="PASS"></item><item title="POWER" value="17,07" result="PASS"></item><item title="LOLEAKAGE" value="-41,5256" result="PASS"></item><item title="SPECTRUMMASK" value="18,3259" result="PASS"></item><item title="SPECTRUMMARGIN" value="18,3259" result="PASS"></item></Record><Criteria><item title="Modulation" value="MCS0NSS1"></item><item title="Bandwidth" value="40"></item><item title="Antenna" value="0"></item><item title="Channel" value="149"></item><item title="RfIcTemperature" value="5032"></item><item title="CpuTemperature" value="60"></item><item title="ExpectedPower" value="18"></item><item title="EVM" Max="-5" Min="-100"></item><item title="FREQERR" Max="15" Min="-15"></item><item title="SYMCLOCKERR" Max="20" Min="-100"></item><item title="POWER" Max="19,5" Min="16,5" Avg="18"></item><item title="LOLEAKAGE" Max="-17" Min="-100"></item><item title="SPECTRUMMASK" Max="100" Min="0"></item><item title="SPECTRUMMARGIN" Max="1000" Min="0"></item></Criteria><Record><item title="Modulation" value="MCS0NSS1"></item><item title="Bandwidth" value="40"></item><item title="Channel" value="149"></item><item title="Antenna" value="0"></item><item title="ExpectedPower" value="18"></item><item title="Power" value="18"></item><item title="TestType" value="Tx"></item><item title="EVM" value="-19,4832" result="PASS"></item><item title="FREQERR" value="-2,3323" result="PASS"></item><item title="SYMCLOCKERR" value="0,448584" result="PASS"></item><item title="POWER" value="18,0109" result="PASS"></item><item title="LOLEAKAGE" value="-40,8517" result="PASS"></item><item title="SPECTRUMMASK" value="17,4612" result="PASS"></item><item title="SPECTRUMMARGIN" value="17,4612" result="PASS"></item></Record><Criteria><item title="Modulation" value="MCS0NSS1"></item><item title="Bandwidth" value="40"></item><item title="Antenna" value="0"></item><item title="Channel" value="149"></item><item title="RfIcTemperature" value="5032"></item><item title="CpuTemperature" value="60"></item><item title="ExpectedPower" value="19"></item><item title="EVM" Max="-5" Min="-100"></item><item title="FREQERR" Max="15" Min="-15"></item><item title="SYMCLOCKERR" Max="20" Min="-100"></item><item title="POWER" Max="20,5" Min="17,5" Avg="19"></item><item title="LOLEAKAGE" Max="-17" Min="-100"></item><item title="SPECTRUMMASK" Max="100" Min="0"></item><item title="SPECTRUMMARGIN" Max="1000" Min="0"></item></Criteria><Record><item title="Modulation" value="MCS0NSS1"></item><item title="Bandwidth" value="40"></item><item title="Channel" value="149"></item><item title="Antenna" value="0"></item><item title="ExpectedPower" value="19"></item><item title="Power" value="19"></item><item title="TestType" value="Tx"></item><item title="EVM" value="-19,4408" result="PASS"></item><item title="FREQERR" value="-2,33546" result="PASS"></item><item title="SYMCLOCKERR" value="-0,994722" result="PASS"></item><item title="POWER" value="19,0044" result="PASS"></item><item title="LOLEAKAGE" value="-39,7514" result="PASS"></item><item title="SPECTRUMMASK" value="15,3328" result="PASS"></item><item title="SPECTRUMMARGIN" value="15,3328" result="PASS"></item></Record><Criteria><item title="Modulation" value="MCS0NSS1"></item><item title="Bandwidth" value="40"></item><item title="Antenna" value="0"></item><item title="Channel" value="149"></item><item title="RfIcTemperature" value="5032"></item><item title="CpuTemperature" value="60"></item><item title="ExpectedPower" value="20"></item><item title="EVM" Max="-5" Min="-100"></item><item title="FREQERR" Max="15" Min="-15"></item><item title="SYMCLOCKERR" Max="20" Min="-100"></item><item title="POWER" Max="21,5" Min="18,5" Avg="20"></item><item title="LOLEAKAGE" Max="-17" Min="-100"></item><item title="SPECTRUMMASK" Max="100" Min="0"></item><item title="SPECTRUMMARGIN" Max="1000" Min="0"></item></Criteria><Record><item title="Modulation" value="MCS0NSS1"></item><item title="Bandwidth" value="40"></item><item title="Channel" value="149"></item><item title="Antenna" value="0"></item><item title="ExpectedPower" value="20"></item><item title="Power" value="20"></item><item title="TestType" value="Tx"></item><item title="EVM" value="-20,7251" result="PASS"></item><item title="FREQERR" value="-2,33419" result="PASS"></item><item title="SYMCLOCKERR" value="-0,981658" result="PASS"></item><item title="POWER" value="20,0415" result="PASS"></item><item title="LOLEAKAGE" value="-42,9186" result="PASS"></item><item title="SPECTRUMMASK" value="11,5277" result="PASS"></item><item title="SPECTRUMMARGIN" value="11,5277" result="PASS"></item></Record><Criteria><item title="Modulation" value="MCS0NSS1"></item><item title="Bandwidth" value="40"></item><item title="Antenna" value="0"></item><item title="Channel" value="149"></item><item title="RfIcTemperature" value="5032"></item><item title="CpuTemperature" value="60"></item><item title="ExpectedPower" value="21"></item><item title="EVM" Max="-5" Min="-100"></item><item title="FREQERR" Max="15" Min="-15"></item><item title="SYMCLOCKERR" Max="20" Min="-100"></item><item title="POWER" Max="22,5" Min="19,5" Avg="21"></item><item title="LOLEAKAGE" Max="-17" Min="-100"></item><item title="SPECTRUMMASK" Max="100" Min="0"></item><item title="SPECTRUMMARGIN" Max="1000" Min="0"></item></Criteria><Record><item title="Modulation" value="MCS0NSS1"></item><item title="Bandwidth" value="40"></item><item title="Channel" value="149"></item><item title="Antenna" value="0"></item><item title="ExpectedPower" value="21"></item><item title="Power" value="21"></item><item title="TestType" value="Tx"></item><item title="EVM" value="-19,3375" result="PASS"></item><item title="FREQERR" value="-2,33519" result="PASS"></item><item title="SYMCLOCKERR" value="-2,35379" result="PASS"></item><item title="POWER" value="20,7953" result="PASS"></item><item title="LOLEAKAGE" value="-43,6832" result="PASS"></item><item title="SPECTRUMMASK" value="7,82163" result="PASS"></item><item title="SPECTRUMMARGIN" value="7,82163" result="PASS"></item></Record><Criteria><item title="Modulation" value="MCS0NSS1"></item><item title="Bandwidth" value="40"></item><item title="Antenna" value="0"></item><item title="Channel" value="149"></item><item title="RfIcTemperature" value="5032"></item><item title="CpuTemperature" value="60"></item><item title="ExpectedPower" value="22"></item><item title="EVM" Max="-5" Min="-100"></item><item title="FREQERR" Max="15" Min="-15"></item><item title="SYMCLOCKERR" Max="20" Min="-100"></item><item title="POWER" Max="23,5" Min="20,5" Avg="22"></item><item title="LOLEAKAGE" Max="-17" Min="-100"></item><item title="SPECTRUMMASK" Max="100" Min="0"></item><item title="SPECTRUMMARGIN" Max="1000" Min="0"></item></Criteria><Record><item title="Modulation" value="MCS0NSS1"></item><item title="Bandwidth" value="40"></item><item title="Channel" value="149"></item><item title="Antenna" value="0"></item><item title="ExpectedPower" value="22"></item><item title="Power" value="22"></item><item title="TestType" value="Tx"></item><item title="EVM" value="-19,0832" result="PASS"></item><item title="FREQERR" value="-2,32897" result="PASS"></item><item title="SYMCLOCKERR" value="-1,71961" result="PASS"></item><item title="POWER" value="21,9102" result="PASS"></item><item title="LOLEAKAGE" value="-43,6855" result="PASS"></item><item title="SPECTRUMMASK" value="5,22124" result="PASS"></item><item title="SPECTRUMMARGIN" value="5,22124" result="PASS"></item></Record><Criteria><item title="Modulation" value="MCS0NSS1"></item><item title="Bandwidth" value="40"></item><item title="Antenna" value="0"></item><item title="Channel" value="149"></item><item title="RfIcTemperature" value="5032"></item><item title="CpuTemperature" value="60"></item><item title="ExpectedPower" value="23"></item><item title="EVM" Max="-5" Min="-100"></item><item title="FREQERR" Max="15" Min="-15"></item><item title="SYMCLOCKERR" Max="20" Min="-100"></item><item title="POWER" Max="24,5" Min="21,5" Avg="23"></item><item title="LOLEAKAGE" Max="-17" Min="-100"></item><item title="SPECTRUMMASK" Max="100" Min="0"></item><item title="SPECTRUMMARGIN" Max="1000" Min="0"></item></Criteria><Record><item title="Modulation" value="MCS0NSS1"></item><item title="Bandwidth" value="40"></item><item title="Channel" value="149"></item><item title="Antenna" value="0"></item><item title="ExpectedPower" value="23"></item><item title="Power" value="23"></item><item title="TestType" value="Tx"></item><item title="EVM" value="-18,8344" result="PASS"></item><item title="FREQERR" value="-2,33609" result="PASS"></item><item title="SYMCLOCKERR" value="0,341435" result="PASS"></item><item title="POWER" value="22,7196" result="PASS"></item><item title="LOLEAKAGE" value="-41,5934" result="PASS"></item><item title="SPECTRUMMASK" value="2,58348" result="PASS"></item><item title="SPECTRUMMARGIN" value="2,58348" result="PASS"></item></Record><Criteria><item title="Modulation" value="MCS0NSS1"></item><item title="Bandwidth" value="40"></item><item title="Antenna" value="0"></item><item title="Channel" value="149"></item><item title="RfIcTemperature" value="5032"></item><item title="CpuTemperature" value="60"></item><item title="ExpectedPower" value="24"></item><item title="EVM" Max="-5" Min="-100"></item><item title="FREQERR" Max="15" Min="-15"></item><item title="SYMCLOCKERR" Max="20" Min="-100"></item><item title="POWER" Max="25,5" Min="22,5" Avg="24"></item><item title="LOLEAKAGE" Max="-17" Min="-100"></item><item title="SPECTRUMMASK" Max="100" Min="0"></item><item title="SPECTRUMMARGIN" Max="1000" Min="0"></item></Criteria><Record><item title="Modulation" value="MCS0NSS1"></item><item title="Bandwidth" value="40"></item><item title="Channel" value="149"></item><item title="Antenna" value="0"></item><item title="ExpectedPower" value="24"></item><item title="Power" value="24"></item><item title="TestType" value="Tx"></item><item title="EVM" value="-16,9893" result="PASS"></item><item title="FREQERR" value="-2,33422" result="PASS"></item><item title="SYMCLOCKERR" value="1,25515" result="PASS"></item><item title="POWER" value="23,3909" result="PASS"></item><item title="LOLEAKAGE" value="-42,8249" result="PASS"></item><item title="SPECTRUMMASK" value="-0,0125198" result="FAIL"></item><item title="SPECTRUMMARGIN" value="-0,0125198" result="FAIL"></item></Record><Criteria><item title="Modulation" value="MCS0NSS1"></item><item title="Bandwidth" value="40"></item><item title="Antenna" value="0"></item><item title="Channel" value="149"></item><item title="RfIcTemperature" value="5032"></item><item title="CpuTemperature" value="60"></item><item title="ExpectedPower" value="25"></item><item title="EVM" Max="-5" Min="-100"></item><item title="FREQERR" Max="15" Min="-15"></item><item title="SYMCLOCKERR" Max="20" Min="-100"></item><item title="POWER" Max="26,5" Min="23,5" Avg="25"></item><item title="LOLEAKAGE" Max="-17" Min="-100"></item><item title="SPECTRUMMASK" Max="100" Min="0"></item><item title="SPECTRUMMARGIN" Max="1000" Min="0"></item></Criteria><Record><item title="Modulation" value="MCS0NSS1"></item><item title="Bandwidth" value="40"></item><item title="Channel" value="149"></item><item title="Antenna" value="0"></item><item title="ExpectedPower" value="25"></item><item title="Power" value="25"></item><item title="TestType" value="Tx"></item><item title="EVM" value="-14,696" result="PASS"></item><item title="FREQERR" value="-2,33799" result="PASS"></item><item title="SYMCLOCKERR" value="-1,53634" result="PASS"></item><item title="POWER" value="24,2878" result="PASS"></item><item title="LOLEAKAGE" value="-35,9842" result="PASS"></item><item title="SPECTRUMMASK" value="-3,13086" result="FAIL"></item><item title="SPECTRUMMARGIN" value="-3,13086" result="FAIL"></item></Record><Criteria><item title="Modulation" value="MCS0NSS1"></item><item title="Bandwidth" value="40"></item><item title="Antenna" value="1"></item><item title="Channel" value="149"></item><item title="RfIcTemperature" value="5032"></item><item title="CpuTemperature" value="60"></item><item title="ExpectedPower" value="10"></item><item title="EVM" Max="-5" Min="-100"></item><item title="FREQERR" Max="15" Min="-15"></item><item title="SYMCLOCKERR" Max="20" Min="-100"></item><item title="POWER" Max="11,5" Min="8,5" Avg="10"></item><item title="LOLEAKAGE" Max="-17" Min="-100"></item><item title="SPECTRUMMASK" Max="100" Min="0"></item><item title="SPECTRUMMARGIN" Max="1000" Min="0"></item></Criteria><Record><item title="Modulation" value="MCS0NSS1"></item><item title="Bandwidth" value="40"></item><item title="Channel" value="149"></item><item title="Antenna" value="1"></item><item title="ExpectedPower" value="10"></item><item title="Power" value="10"></item><item title="TestType" value="Tx"></item><item title="EVM" value="-20,4697" result="PASS"></item><item title="FREQERR" value="-2,33541" result="PASS"></item><item title="SYMCLOCKERR" value="-1,88387" result="PASS"></item><item title="POWER" value="8,6567" result="PASS"></item><item title="LOLEAKAGE" value="-29,0052" result="PASS"></item><item title="SPECTRUMMASK" value="18,7347" result="PASS"></item><item title="SPECTRUMMARGIN" value="18,7347" result="PASS"></item></Record><Criteria><item title="Modulation" value="MCS0NSS1"></item><item title="Bandwidth" value="40"></item><item title="Antenna" value="1"></item><item title="Channel" value="149"></item><item title="RfIcTemperature" value="5032"></item><item title="CpuTemperature" value="60"></item><item title="ExpectedPower" value="11"></item><item title="EVM" Max="-5" Min="-100"></item><item title="FREQERR" Max="15" Min="-15"></item><item title="SYMCLOCKERR" Max="20" Min="-100"></item><item title="POWER" Max="12,5" Min="9,5" Avg="11"></item><item title="LOLEAKAGE" Max="-17" Min="-100"></item><item title="SPECTRUMMASK" Max="100" Min="0"></item><item title="SPECTRUMMARGIN" Max="1000" Min="0"></item></Criteria><Record><item title="Modulation" value="MCS0NSS1"></item><item title="Bandwidth" value="40"></item><item title="Channel" value="149"></item><item title="Antenna" value="1"></item><item title="ExpectedPower" value="11"></item><item title="Power" value="11"></item><item title="TestType" value="Tx"></item><item title="EVM" value="-19,7299" result="PASS"></item><item title="FREQERR" value="-2,33986" result="PASS"></item><item title="SYMCLOCKERR" value="-1,86666" result="PASS"></item><item title="POWER" value="9,96942" result="PASS"></item><item title="LOLEAKAGE" value="-29,4118" result="PASS"></item><item title="SPECTRUMMASK" value="17,6105" result="PASS"></item><item title="SPECTRUMMARGIN" value="17,6105" result="PASS"></item></Record><Criteria><item title="Modulation" value="MCS0NSS1"></item><item title="Bandwidth" value="40"></item><item title="Antenna" value="1"></item><item title="Channel" value="149"></item><item title="RfIcTemperature" value="5032"></item><item title="CpuTemperature" value="60"></item><item title="ExpectedPower" value="12"></item><item title="EVM" Max="-5" Min="-100"></item><item title="FREQERR" Max="15" Min="-15"></item><item title="SYMCLOCKERR" Max="20" Min="-100"></item><item title="POWER" Max="13,5" Min="10,5" Avg="12"></item><item title="LOLEAKAGE" Max="-17" Min="-100"></item><item title="SPECTRUMMASK" Max="100" Min="0"></item><item title="SPECTRUMMARGIN" Max="1000" Min="0"></item></Criteria><Record><item title="Modulation" value="MCS0NSS1"></item><item title="Bandwidth" value="40"></item><item title="Channel" value="149"></item><item title="Antenna" value="1"></item><item title="ExpectedPower" value="12"></item><item title="Power" value="12"></item><item title="TestType" value="Tx"></item><item title="EVM" value="-19,9798" result="PASS"></item><item title="FREQERR" value="-2,32993" result="PASS"></item><item title="SYMCLOCKERR" value="-2,66672" result="PASS"></item><item title="POWER" value="11,0897" result="PASS"></item><item title="LOLEAKAGE" value="-31,9857" result="PASS"></item><item title="SPECTRUMMASK" value="18,0689" result="PASS"></item><item title="SPECTRUMMARGIN" value="18,0689" result="PASS"></item></Record><Criteria><item title="Modulation" value="MCS0NSS1"></item><item title="Bandwidth" value="40"></item><item title="Antenna" value="1"></item><item title="Channel" value="149"></item><item title="RfIcTemperature" value="5032"></item><item title="CpuTemperature" value="60"></item><item title="ExpectedPower" value="13"></item><item title="EVM" Max="-5" Min="-100"></item><item title="FREQERR" Max="15" Min="-15"></item><item title="SYMCLOCKERR" Max="20" Min="-100"></item><item title="POWER" Max="14,5" Min="11,5" Avg="13"></item><item title="LOLEAKAGE" Max="-17" Min="-100"></item><item title="SPECTRUMMASK" Max="100" Min="0"></item><item title="SPECTRUMMARGIN" Max="1000" Min="0"></item></Criteria><Record><item title="Modulation" value="MCS0NSS1"></item><item title="Bandwidth" value="40"></item><item title="Channel" value="149"></item><item title="Antenna" value="1"></item><item title="ExpectedPower" value="13"></item><item title="Power" value="13"></item><item title="TestType" value="Tx"></item><item title="EVM" value="-20,0601" result="PASS"></item><item title="FREQERR" value="-2,33525" result="PASS"></item><item title="SYMCLOCKERR" value="-1,23921" result="PASS"></item><item title="POWER" value="12,1984" result="PASS"></item><item title="LOLEAKAGE" value="-31,192" result="PASS"></item><item title="SPECTRUMMASK" value="17,6976" result="PASS"></item><item title="SPECTRUMMARGIN" value="17,6976" result="PASS"></item></Record><Criteria><item title="Modulation" value="MCS0NSS1"></item><item title="Bandwidth" value="40"></item><item title="Antenna" value="1"></item><item title="Channel" value="149"></item><item title="RfIcTemperature" value="5032"></item><item title="CpuTemperature" value="60"></item><item title="ExpectedPower" value="14"></item><item title="EVM" Max="-5" Min="-100"></item><item title="FREQERR" Max="15" Min="-15"></item><item title="SYMCLOCKERR" Max="20" Min="-100"></item><item title="POWER" Max="15,5" Min="12,5" Avg="14"></item><item title="LOLEAKAGE" Max="-17" Min="-100"></item><item title="SPECTRUMMASK" Max="100" Min="0"></item><item title="SPECTRUMMARGIN" Max="1000" Min="0"></item></Criteria><Record><item title="Modulation" value="MCS0NSS1"></item><item title="Bandwidth" value="40"></item><item title="Channel" value="149"></item><item title="Antenna" value="1"></item><item title="ExpectedPower" value="14"></item><item title="Power" value="14"></item><item title="TestType" value="Tx"></item><item title="EVM" value="-20,2153" result="PASS"></item><item title="FREQERR" value="-2,33657" result="PASS"></item><item title="SYMCLOCKERR" value="-0,178934" result="PASS"></item><item title="POWER" value="13,1456" result="PASS"></item><item title="LOLEAKAGE" value="-30,8475" result="PASS"></item><item title="SPECTRUMMASK" value="18,2601" result="PASS"></item><item title="SPECTRUMMARGIN" value="18,2601" result="PASS"></item></Record><Criteria><item title="Modulation" value="MCS0NSS1"></item><item title="Bandwidth" value="40"></item><item title="Antenna" value="1"></item><item title="Channel" value="149"></item><item title="RfIcTemperature" value="5032"></item><item title="CpuTemperature" value="60"></item><item title="ExpectedPower" value="15"></item><item title="EVM" Max="-5" Min="-100"></item><item title="FREQERR" Max="15" Min="-15"></item><item title="SYMCLOCKERR" Max="20" Min="-100"></item><item title="POWER" Max="16,5" Min="13,5" Avg="15"></item><item title="LOLEAKAGE" Max="-17" Min="-100"></item><item title="SPECTRUMMASK" Max="100" Min="0"></item><item title="SPECTRUMMARGIN" Max="1000" Min="0"></item></Criteria><Record><item title="Modulation" value="MCS0NSS1"></item><item title="Bandwidth" value="40"></item><item title="Channel" value="149"></item><item title="Antenna" value="1"></item><item title="ExpectedPower" value="15"></item><item title="Power" value="15"></item><item title="TestType" value="Tx"></item><item title="EVM" value="-20,0431" result="PASS"></item><item title="FREQERR" value="-2,33539" result="PASS"></item><item title="SYMCLOCKERR" value="-0,886739" result="PASS"></item><item title="POWER" value="14,4769" result="PASS"></item><item title="LOLEAKAGE" value="-31,786" result="PASS"></item><item title="SPECTRUMMASK" value="17,8777" result="PASS"></item><item title="SPECTRUMMARGIN" value="17,8777" result="PASS"></item></Record><Criteria><item title="Modulation" value="MCS0NSS1"></item><item title="Bandwidth" value="40"></item><item title="Antenna" value="1"></item><item title="Channel" value="149"></item><item title="RfIcTemperature" value="5032"></item><item title="CpuTemperature" value="60"></item><item title="ExpectedPower" value="16"></item><item title="EVM" Max="-5" Min="-100"></item><item title="FREQERR" Max="15" Min="-15"></item><item title="SYMCLOCKERR" Max="20" Min="-100"></item><item title="POWER" Max="17,5" Min="14,5" Avg="16"></item><item title="LOLEAKAGE" Max="-17" Min="-100"></item><item title="SPECTRUMMASK" Max="100" Min="0"></item><item title="SPECTRUMMARGIN" Max="1000" Min="0"></item></Criteria><Record><item title="Modulation" value="MCS0NSS1"></item><item title="Bandwidth" value="40"></item><item title="Channel" value="149"></item><item title="Antenna" value="1"></item><item title="ExpectedPower" value="16"></item><item title="Power" value="16"></item><item title="TestType" value="Tx"></item><item title="EVM" value="-19,0789" result="PASS"></item><item title="FREQERR" value="-2,33291" result="PASS"></item><item title="SYMCLOCKERR" value="-0,285555" result="PASS"></item><item title="POWER" value="15,1198" result="PASS"></item><item title="LOLEAKAGE" value="-34,4157" result="PASS"></item><item title="SPECTRUMMASK" value="19,5618" result="PASS"></item><item title="SPECTRUMMARGIN" value="19,5618" result="PASS"></item></Record><Criteria><item title="Modulation" value="MCS0NSS1"></item><item title="Bandwidth" value="40"></item><item title="Antenna" value="1"></item><item title="Channel" value="149"></item><item title="RfIcTemperature" value="5032"></item><item title="CpuTemperature" value="60"></item><item title="ExpectedPower" value="17"></item><item title="EVM" Max="-5" Min="-100"></item><item title="FREQERR" Max="15" Min="-15"></item><item title="SYMCLOCKERR" Max="20" Min="-100"></item><item title="POWER" Max="18,5" Min="15,5" Avg="17"></item><item title="LOLEAKAGE" Max="-17" Min="-100"></item><item title="SPECTRUMMASK" Max="100" Min="0"></item><item title="SPECTRUMMARGIN" Max="1000" Min="0"></item></Criteria><Record><item title="Modulation" value="MCS0NSS1"></item><item title="Bandwidth" value="40"></item><item title="Channel" value="149"></item><item title="Antenna" value="1"></item><item title="ExpectedPower" value="17"></item><item title="Power" value="17"></item><item title="TestType" value="Tx"></item><item title="EVM" value="-19,7045" result="PASS"></item><item title="FREQERR" value="-2,33641" result="PASS"></item><item title="SYMCLOCKERR" value="-0,00813359" result="PASS"></item><item title="POWER" value="16,0968" result="PASS"></item><item title="LOLEAKAGE" value="-36,5921" result="PASS"></item><item title="SPECTRUMMASK" value="18,9258" result="PASS"></item><item title="SPECTRUMMARGIN" value="18,9258" result="PASS"></item></Record><Criteria><item title="Modulation" value="MCS0NSS1"></item><item title="Bandwidth" value="40"></item><item title="Antenna" value="1"></item><item title="Channel" value="149"></item><item title="RfIcTemperature" value="5032"></item><item title="CpuTemperature" value="60"></item><item title="ExpectedPower" value="18"></item><item title="EVM" Max="-5" Min="-100"></item><item title="FREQERR" Max="15" Min="-15"></item><item title="SYMCLOCKERR" Max="20" Min="-100"></item><item title="POWER" Max="19,5" Min="16,5" Avg="18"></item><item title="LOLEAKAGE" Max="-17" Min="-100"></item><item title="SPECTRUMMASK" Max="100" Min="0"></item><item title="SPECTRUMMARGIN" Max="1000" Min="0"></item></Criteria><Record><item title="Modulation" value="MCS0NSS1"></item><item title="Bandwidth" value="40"></item><item title="Channel" value="149"></item><item title="Antenna" value="1"></item><item title="ExpectedPower" value="18"></item><item title="Power" value="18"></item><item title="TestType" value="Tx"></item><item title="EVM" value="-19,9983" result="PASS"></item><item title="FREQERR" value="-2,33822" result="PASS"></item><item title="SYMCLOCKERR" value="-1,90512" result="PASS"></item><item title="POWER" value="17,359" result="PASS"></item><item title="LOLEAKAGE" value="-35,3562" result="PASS"></item><item title="SPECTRUMMASK" value="17,0187" result="PASS"></item><item title="SPECTRUMMARGIN" value="17,0187" result="PASS"></item></Record><Criteria><item title="Modulation" value="MCS0NSS1"></item><item title="Bandwidth" value="40"></item><item title="Antenna" value="1"></item><item title="Channel" value="149"></item><item title="RfIcTemperature" value="5032"></item><item title="CpuTemperature" value="60"></item><item title="ExpectedPower" value="19"></item><item title="EVM" Max="-5" Min="-100"></item><item title="FREQERR" Max="15" Min="-15"></item><item title="SYMCLOCKERR" Max="20" Min="-100"></item><item title="POWER" Max="20,5" Min="17,5" Avg="19"></item><item title="LOLEAKAGE" Max="-17" Min="-100"></item><item title="SPECTRUMMASK" Max="100" Min="0"></item><item title="SPECTRUMMARGIN" Max="1000" Min="0"></item></Criteria><Record><item title="Modulation" value="MCS0NSS1"></item><item title="Bandwidth" value="40"></item><item title="Channel" value="149"></item><item title="Antenna" value="1"></item><item title="ExpectedPower" value="19"></item><item title="Power" value="19"></item><item title="TestType" value="Tx"></item><item title="EVM" value="-20,0918" result="PASS"></item><item title="FREQERR" value="-2,32761" result="PASS"></item><item title="SYMCLOCKERR" value="-0,683075" result="PASS"></item><item title="POWER" value="18,2594" result="PASS"></item><item title="LOLEAKAGE" value="-37,1997" result="PASS"></item><item title="SPECTRUMMASK" value="16,791" result="PASS"></item><item title="SPECTRUMMARGIN" value="16,791" result="PASS"></item></Record><Criteria><item title="Modulation" value="MCS0NSS1"></item><item title="Bandwidth" value="40"></item><item title="Antenna" value="1"></item><item title="Channel" value="149"></item><item title="RfIcTemperature" value="5032"></item><item title="CpuTemperature" value="60"></item><item title="ExpectedPower" value="20"></item><item title="EVM" Max="-5" Min="-100"></item><item title="FREQERR" Max="15" Min="-15"></item><item title="SYMCLOCKERR" Max="20" Min="-100"></item><item title="POWER" Max="21,5" Min="18,5" Avg="20"></item><item title="LOLEAKAGE" Max="-17" Min="-100"></item><item title="SPECTRUMMASK" Max="100" Min="0"></item><item title="SPECTRUMMARGIN" Max="1000" Min="0"></item></Criteria><Record><item title="Modulation" value="MCS0NSS1"></item><item title="Bandwidth" value="40"></item><item title="Channel" value="149"></item><item title="Antenna" value="1"></item><item title="ExpectedPower" value="20"></item><item title="Power" value="20"></item><item title="TestType" value="Tx"></item><item title="EVM" value="-20,4206" result="PASS"></item><item title="FREQERR" value="-2,3359" result="PASS"></item><item title="SYMCLOCKERR" value="0,457855" result="PASS"></item><item title="POWER" value="19,2213" result="PASS"></item><item title="LOLEAKAGE" value="-40,3362" result="PASS"></item><item title="SPECTRUMMASK" value="14,0073" result="PASS"></item><item title="SPECTRUMMARGIN" value="14,0073" result="PASS"></item></Record><Criteria><item title="Modulation" value="MCS0NSS1"></item><item title="Bandwidth" value="40"></item><item title="Antenna" value="1"></item><item title="Channel" value="149"></item><item title="RfIcTemperature" value="5032"></item><item title="CpuTemperature" value="60"></item><item title="ExpectedPower" value="21"></item><item title="EVM" Max="-5" Min="-100"></item><item title="FREQERR" Max="15" Min="-15"></item><item title="SYMCLOCKERR" Max="20" Min="-100"></item><item title="POWER" Max="22,5" Min="19,5" Avg="21"></item><item title="LOLEAKAGE" Max="-17" Min="-100"></item><item title="SPECTRUMMASK" Max="100" Min="0"></item><item title="SPECTRUMMARGIN" Max="1000" Min="0"></item></Criteria><Record><item title="Modulation" value="MCS0NSS1"></item><item title="Bandwidth" value="40"></item><item title="Channel" value="149"></item><item title="Antenna" value="1"></item><item title="ExpectedPower" value="21"></item><item title="Power" value="21"></item><item title="TestType" value="Tx"></item><item title="EVM" value="-20,799" result="PASS"></item><item title="FREQERR" value="-2,33346" result="PASS"></item><item title="SYMCLOCKERR" value="-1,12857" result="PASS"></item><item title="POWER" value="20,0568" result="PASS"></item><item title="LOLEAKAGE" value="-45,3674" result="PASS"></item><item title="SPECTRUMMASK" value="11,3694" result="PASS"></item><item title="SPECTRUMMARGIN" value="11,3694" result="PASS"></item></Record><Criteria><item title="Modulation" value="MCS0NSS1"></item><item title="Bandwidth" value="40"></item><item title="Antenna" value="1"></item><item title="Channel" value="149"></item><item title="RfIcTemperature" value="5032"></item><item title="CpuTemperature" value="60"></item><item title="ExpectedPower" value="22"></item><item title="EVM" Max="-5" Min="-100"></item><item title="FREQERR" Max="15" Min="-15"></item><item title="SYMCLOCKERR" Max="20" Min="-100"></item><item title="POWER" Max="23,5" Min="20,5" Avg="22"></item><item title="LOLEAKAGE" Max="-17" Min="-100"></item><item title="SPECTRUMMASK" Max="100" Min="0"></item><item title="SPECTRUMMARGIN" Max="1000" Min="0"></item></Criteria><Record><item title="Modulation" value="MCS0NSS1"></item><item title="Bandwidth" value="40"></item><item title="Channel" value="149"></item><item title="Antenna" value="1"></item><item title="ExpectedPower" value="22"></item><item title="Power" value="22"></item><item title="TestType" value="Tx"></item><item title="EVM" value="-19,849" result="PASS"></item><item title="FREQERR" value="-2,33322" result="PASS"></item><item title="SYMCLOCKERR" value="-1,37422" result="PASS"></item><item title="POWER" value="21,1112" result="PASS"></item><item title="LOLEAKAGE" value="-43,4008" result="PASS"></item><item title="SPECTRUMMASK" value="7,21441" result="PASS"></item><item title="SPECTRUMMARGIN" value="7,21441" result="PASS"></item></Record><Criteria><item title="Modulation" value="MCS0NSS1"></item><item title="Bandwidth" value="40"></item><item title="Antenna" value="1"></item><item title="Channel" value="149"></item><item title="RfIcTemperature" value="5032"></item><item title="CpuTemperature" value="60"></item><item title="ExpectedPower" value="23"></item><item title="EVM" Max="-5" Min="-100"></item><item title="FREQERR" Max="15" Min="-15"></item><item title="SYMCLOCKERR" Max="20" Min="-100"></item><item title="POWER" Max="24,5" Min="21,5" Avg="23"></item><item title="LOLEAKAGE" Max="-17" Min="-100"></item><item title="SPECTRUMMASK" Max="100" Min="0"></item><item title="SPECTRUMMARGIN" Max="1000" Min="0"></item></Criteria><Record><item title="Modulation" value="MCS0NSS1"></item><item title="Bandwidth" value="40"></item><item title="Channel" value="149"></item><item title="Antenna" value="1"></item><item title="ExpectedPower" value="23"></item><item title="Power" value="23"></item><item title="TestType" value="Tx"></item><item title="EVM" value="-18,3558" result="PASS"></item><item title="FREQERR" value="-2,33714" result="PASS"></item><item title="SYMCLOCKERR" value="-0,447096" result="PASS"></item><item title="POWER" value="22,2858" result="PASS"></item><item title="LOLEAKAGE" value="-43,8304" result="PASS"></item><item title="SPECTRUMMASK" value="3,85263" result="PASS"></item><item title="SPECTRUMMARGIN" value="3,85263" result="PASS"></item></Record><Criteria><item title="Modulation" value="MCS0NSS1"></item><item title="Bandwidth" value="40"></item><item title="Antenna" value="1"></item><item title="Channel" value="149"></item><item title="RfIcTemperature" value="5032"></item><item title="CpuTemperature" value="60"></item><item title="ExpectedPower" value="24"></item><item title="EVM" Max="-5" Min="-100"></item><item title="FREQERR" Max="15" Min="-15"></item><item title="SYMCLOCKERR" Max="20" Min="-100"></item><item title="POWER" Max="25,5" Min="22,5" Avg="24"></item><item title="LOLEAKAGE" Max="-17" Min="-100"></item><item title="SPECTRUMMASK" Max="100" Min="0"></item><item title="SPECTRUMMARGIN" Max="1000" Min="0"></item></Criteria><Record><item title="Modulation" value="MCS0NSS1"></item><item title="Bandwidth" value="40"></item><item title="Channel" value="149"></item><item title="Antenna" value="1"></item><item title="ExpectedPower" value="24"></item><item title="Power" value="24"></item><item title="TestType" value="Tx"></item><item title="EVM" value="-17,7721" result="PASS"></item><item title="FREQERR" value="-2,33434" result="PASS"></item><item title="SYMCLOCKERR" value="-0,274196" result="PASS"></item><item title="POWER" value="23,1218" result="PASS"></item><item title="LOLEAKAGE" value="-39,5445" result="PASS"></item><item title="SPECTRUMMASK" value="0,890686" result="PASS"></item><item title="SPECTRUMMARGIN" value="0,890686" result="PASS"></item></Record><Criteria><item title="Modulation" value="MCS0NSS1"></item><item title="Bandwidth" value="40"></item><item title="Antenna" value="1"></item><item title="Channel" value="149"></item><item title="RfIcTemperature" value="5032"></item><item title="CpuTemperature" value="60"></item><item title="ExpectedPower" value="25"></item><item title="EVM" Max="-5" Min="-100"></item><item title="FREQERR" Max="15" Min="-15"></item><item title="SYMCLOCKERR" Max="20" Min="-100"></item><item title="POWER" Max="26,5" Min="23,5" Avg="25"></item><item title="LOLEAKAGE" Max="-17" Min="-100"></item><item title="SPECTRUMMASK" Max="100" Min="0"></item><item title="SPECTRUMMARGIN" Max="1000" Min="0"></item></Criteria><Record><item title="Modulation" value="MCS0NSS1"></item><item title="Bandwidth" value="40"></item><item title="Channel" value="149"></item><item title="Antenna" value="1"></item><item title="ExpectedPower" value="25"></item><item title="Power" value="25"></item><item title="TestType" value="Tx"></item><item title="EVM" value="-15,679" result="PASS"></item><item title="FREQERR" value="-2,3369" result="PASS"></item><item title="SYMCLOCKERR" value="3,15253" result="PASS"></item><item title="POWER" value="24,1354" result="PASS"></item><item title="LOLEAKAGE" value="-41,1169" result="PASS"></item><item title="SPECTRUMMASK" value="-2,23181" result="FAIL"></item><item title="SPECTRUMMARGIN" value="-2,23181" result="FAIL"></item></Record><Criteria><item title="Modulation" value="MCS0NSS1"></item><item title="Bandwidth" value="40"></item><item title="Antenna" value="2"></item><item title="Channel" value="149"></item><item title="RfIcTemperature" value="5032"></item><item title="CpuTemperature" value="61"></item><item title="ExpectedPower" value="10"></item><item title="EVM" Max="-5" Min="-100"></item><item title="FREQERR" Max="15" Min="-15"></item><item title="SYMCLOCKERR" Max="20" Min="-100"></item><item title="POWER" Max="11,5" Min="8,5" Avg="10"></item><item title="LOLEAKAGE" Max="-17" Min="-100"></item><item title="SPECTRUMMASK" Max="100" Min="0"></item><item title="SPECTRUMMARGIN" Max="1000" Min="0"></item></Criteria><Record><item title="Modulation" value="MCS0NSS1"></item><item title="Bandwidth" value="40"></item><item title="Channel" value="149"></item><item title="Antenna" value="2"></item><item title="ExpectedPower" value="10"></item><item title="Power" value="10"></item><item title="TestType" value="Tx"></item><item title="EVM" value="-20,0787" result="PASS"></item><item title="FREQERR" value="-2,33794" result="PASS"></item><item title="SYMCLOCKERR" value="-0,593698" result="PASS"></item><item title="POWER" value="10,0168" result="PASS"></item><item title="LOLEAKAGE" value="-29,6077" result="PASS"></item><item title="SPECTRUMMASK" value="18,8225" result="PASS"></item><item title="SPECTRUMMARGIN" value="18,8225" result="PASS"></item></Record><Criteria><item title="Modulation" value="MCS0NSS1"></item><item title="Bandwidth" value="40"></item><item title="Antenna" value="2"></item><item title="Channel" value="149"></item><item title="RfIcTemperature" value="5032"></item><item title="CpuTemperature" value="61"></item><item title="ExpectedPower" value="11"></item><item title="EVM" Max="-5" Min="-100"></item><item title="FREQERR" Max="15" Min="-15"></item><item title="SYMCLOCKERR" Max="20" Min="-100"></item><item title="POWER" Max="12,5" Min="9,5" Avg="11"></item><item title="LOLEAKAGE" Max="-17" Min="-100"></item><item title="SPECTRUMMASK" Max="100" Min="0"></item><item title="SPECTRUMMARGIN" Max="1000" Min="0"></item></Criteria><Record><item title="Modulation" value="MCS0NSS1"></item><item title="Bandwidth" value="40"></item><item title="Channel" value="149"></item><item title="Antenna" value="2"></item><item title="ExpectedPower" value="11"></item><item title="Power" value="11"></item><item title="TestType" value="Tx"></item><item title="EVM" value="-20,0319" result="PASS"></item><item title="FREQERR" value="-2,33393" result="PASS"></item><item title="SYMCLOCKERR" value="-1,96565" result="PASS"></item><item title="POWER" value="10,9862" result="PASS"></item><item title="LOLEAKAGE" value="-31,4926" result="PASS"></item><item title="SPECTRUMMASK" value="18,9263" result="PASS"></item><item title="SPECTRUMMARGIN" value="18,9263" result="PASS"></item></Record><Criteria><item title="Modulation" value="MCS0NSS1"></item><item title="Bandwidth" value="40"></item><item title="Antenna" value="2"></item><item title="Channel" value="149"></item><item title="RfIcTemperature" value="5032"></item><item title="CpuTemperature" value="61"></item><item title="ExpectedPower" value="12"></item><item title="EVM" Max="-5" Min="-100"></item><item title="FREQERR" Max="15" Min="-15"></item><item title="SYMCLOCKERR" Max="20" Min="-100"></item><item title="POWER" Max="13,5" Min="10,5" Avg="12"></item><item title="LOLEAKAGE" Max="-17" Min="-100"></item><item title="SPECTRUMMASK" Max="100" Min="0"></item><item title="SPECTRUMMARGIN" Max="1000" Min="0"></item></Criteria><Record><item title="Modulation" value="MCS0NSS1"></item><item title="Bandwidth" value="40"></item><item title="Channel" value="149"></item><item title="Antenna" value="2"></item><item title="ExpectedPower" value="12"></item><item title="Power" value="12"></item><item title="TestType" value="Tx"></item><item title="EVM" value="-21,0746" result="PASS"></item><item title="FREQERR" value="-2,33037" result="PASS"></item><item title="SYMCLOCKERR" value="-2,33505" result="PASS"></item><item title="POWER" value="12,1728" result="PASS"></item><item title="LOLEAKAGE" value="-29,8813" result="PASS"></item><item title="SPECTRUMMASK" value="19,3911" result="PASS"></item><item title="SPECTRUMMARGIN" value="19,3911" result="PASS"></item></Record><Criteria><item title="Modulation" value="MCS0NSS1"></item><item title="Bandwidth" value="40"></item><item title="Antenna" value="2"></item><item title="Channel" value="149"></item><item title="RfIcTemperature" value="5032"></item><item title="CpuTemperature" value="61"></item><item title="ExpectedPower" value="13"></item><item title="EVM" Max="-5" Min="-100"></item><item title="FREQERR" Max="15" Min="-15"></item><item title="SYMCLOCKERR" Max="20" Min="-100"></item><item title="POWER" Max="14,5" Min="11,5" Avg="13"></item><item title="LOLEAKAGE" Max="-17" Min="-100"></item><item title="SPECTRUMMASK" Max="100" Min="0"></item><item title="SPECTRUMMARGIN" Max="1000" Min="0"></item></Criteria><Record><item title="Modulation" value="MCS0NSS1"></item><item title="Bandwidth" value="40"></item><item title="Channel" value="149"></item><item title="Antenna" value="2"></item><item title="ExpectedPower" value="13"></item><item title="Power" value="13"></item><item title="TestType" value="Tx"></item><item title="EVM" value="-19,7362" result="PASS"></item><item title="FREQERR" value="-2,3241" result="PASS"></item><item title="SYMCLOCKERR" value="-2,08041" result="PASS"></item><item title="POWER" value="12,9551" result="PASS"></item><item title="LOLEAKAGE" value="-31,1328" result="PASS"></item><item title="SPECTRUMMASK" value="19,2333" result="PASS"></item><item title="SPECTRUMMARGIN" value="19,2333" result="PASS"></item></Record><Criteria><item title="Modulation" value="MCS0NSS1"></item><item title="Bandwidth" value="40"></item><item title="Antenna" value="2"></item><item title="Channel" value="149"></item><item title="RfIcTemperature" value="5032"></item><item title="CpuTemperature" value="61"></item><item title="ExpectedPower" value="14"></item><item title="EVM" Max="-5" Min="-100"></item><item title="FREQERR" Max="15" Min="-15"></item><item title="SYMCLOCKERR" Max="20" Min="-100"></item><item title="POWER" Max="15,5" Min="12,5" Avg="14"></item><item title="LOLEAKAGE" Max="-17" Min="-100"></item><item title="SPECTRUMMASK" Max="100" Min="0"></item><item title="SPECTRUMMARGIN" Max="1000" Min="0"></item></Criteria><Record><item title="Modulation" value="MCS0NSS1"></item><item title="Bandwidth" value="40"></item><item title="Channel" value="149"></item><item title="Antenna" value="2"></item><item title="ExpectedPower" value="14"></item><item title="Power" value="14"></item><item title="TestType" value="Tx"></item><item title="EVM" value="-19,262" result="PASS"></item><item title="FREQERR" value="-2,32797" result="PASS"></item><item title="SYMCLOCKERR" value="-2,89211" result="PASS"></item><item title="POWER" value="13,9898" result="PASS"></item><item title="LOLEAKAGE" value="-30,547" result="PASS"></item><item title="SPECTRUMMASK" value="18,3057" result="PASS"></item><item title="SPECTRUMMARGIN" value="18,3057" result="PASS"></item></Record><Criteria><item title="Modulation" value="MCS0NSS1"></item><item title="Bandwidth" value="40"></item><item title="Antenna" value="2"></item><item title="Channel" value="149"></item><item title="RfIcTemperature" value="5032"></item><item title="CpuTemperature" value="61"></item><item title="ExpectedPower" value="15"></item><item title="EVM" Max="-5" Min="-100"></item><item title="FREQERR" Max="15" Min="-15"></item><item title="SYMCLOCKERR" Max="20" Min="-100"></item><item title="POWER" Max="16,5" Min="13,5" Avg="15"></item><item title="LOLEAKAGE" Max="-17" Min="-100"></item><item title="SPECTRUMMASK" Max="100" Min="0"></item><item title="SPECTRUMMARGIN" Max="1000" Min="0"></item></Criteria><Record><item title="Modulation" value="MCS0NSS1"></item><item title="Bandwidth" value="40"></item><item title="Channel" value="149"></item><item title="Antenna" value="2"></item><item title="ExpectedPower" value="15"></item><item title="Power" value="15"></item><item title="TestType" value="Tx"></item><item title="EVM" value="-19,5055" result="PASS"></item><item title="FREQERR" value="-2,32444" result="PASS"></item><item title="SYMCLOCKERR" value="-1,74467" result="PASS"></item><item title="POWER" value="14,922" result="PASS"></item><item title="LOLEAKAGE" value="-31,8595" result="PASS"></item><item title="SPECTRUMMASK" value="19,1809" result="PASS"></item><item title="SPECTRUMMARGIN" value="19,1809" result="PASS"></item></Record><Criteria><item title="Modulation" value="MCS0NSS1"></item><item title="Bandwidth" value="40"></item><item title="Antenna" value="2"></item><item title="Channel" value="149"></item><item title="RfIcTemperature" value="5032"></item><item title="CpuTemperature" value="61"></item><item title="ExpectedPower" value="16"></item><item title="EVM" Max="-5" Min="-100"></item><item title="FREQERR" Max="15" Min="-15"></item><item title="SYMCLOCKERR" Max="20" Min="-100"></item><item title="POWER" Max="17,5" Min="14,5" Avg="16"></item><item title="LOLEAKAGE" Max="-17" Min="-100"></item><item title="SPECTRUMMASK" Max="100" Min="0"></item><item title="SPECTRUMMARGIN" Max="1000" Min="0"></item></Criteria><Record><item title="Modulation" value="MCS0NSS1"></item><item title="Bandwidth" value="40"></item><item title="Channel" value="149"></item><item title="Antenna" value="2"></item><item title="ExpectedPower" value="16"></item><item title="Power" value="16"></item><item title="TestType" value="Tx"></item><item title="EVM" value="-20,461" result="PASS"></item><item title="FREQERR" value="-2,33222" result="PASS"></item><item title="SYMCLOCKERR" value="-0,791423" result="PASS"></item><item title="POWER" value="15,8782" result="PASS"></item><item title="LOLEAKAGE" value="-35,3879" result="PASS"></item><item title="SPECTRUMMASK" value="20,1922" result="PASS"></item><item title="SPECTRUMMARGIN" value="20,1922" result="PASS"></item></Record><Criteria><item title="Modulation" value="MCS0NSS1"></item><item title="Bandwidth" value="40"></item><item title="Antenna" value="2"></item><item title="Channel" value="149"></item><item title="RfIcTemperature" value="5032"></item><item title="CpuTemperature" value="61"></item><item title="ExpectedPower" value="17"></item><item title="EVM" Max="-5" Min="-100"></item><item title="FREQERR" Max="15" Min="-15"></item><item title="SYMCLOCKERR" Max="20" Min="-100"></item><item title="POWER" Max="18,5" Min="15,5" Avg="17"></item><item title="LOLEAKAGE" Max="-17" Min="-100"></item><item title="SPECTRUMMASK" Max="100" Min="0"></item><item title="SPECTRUMMARGIN" Max="1000" Min="0"></item></Criteria><Record><item title="Modulation" value="MCS0NSS1"></item><item title="Bandwidth" value="40"></item><item title="Channel" value="149"></item><item title="Antenna" value="2"></item><item title="ExpectedPower" value="17"></item><item title="Power" value="17"></item><item title="TestType" value="Tx"></item><item title="EVM" value="-18,6538" result="PASS"></item><item title="FREQERR" value="-2,32553" result="PASS"></item><item title="SYMCLOCKERR" value="-3,09347" result="PASS"></item><item title="POWER" value="16,9722" result="PASS"></item><item title="LOLEAKAGE" value="-35,9935" result="PASS"></item><item title="SPECTRUMMASK" value="16,6398" result="PASS"></item><item title="SPECTRUMMARGIN" value="16,6398" result="PASS"></item></Record><Criteria><item title="Modulation" value="MCS0NSS1"></item><item title="Bandwidth" value="40"></item><item title="Antenna" value="2"></item><item title="Channel" value="149"></item><item title="RfIcTemperature" value="5032"></item><item title="CpuTemperature" value="61"></item><item title="ExpectedPower" value="18"></item><item title="EVM" Max="-5" Min="-100"></item><item title="FREQERR" Max="15" Min="-15"></item><item title="SYMCLOCKERR" Max="20" Min="-100"></item><item title="POWER" Max="19,5" Min="16,5" Avg="18"></item><item title="LOLEAKAGE" Max="-17" Min="-100"></item><item title="SPECTRUMMASK" Max="100" Min="0"></item><item title="SPECTRUMMARGIN" Max="1000" Min="0"></item></Criteria><Record><item title="Modulation" value="MCS0NSS1"></item><item title="Bandwidth" value="40"></item><item title="Channel" value="149"></item><item title="Antenna" value="2"></item><item title="ExpectedPower" value="18"></item><item title="Power" value="18"></item><item title="TestType" value="Tx"></item><item title="EVM" value="-19,3071" result="PASS"></item><item title="FREQERR" value="-2,3253" result="PASS"></item><item title="SYMCLOCKERR" value="-4,1075" result="PASS"></item><item title="POWER" value="18,2299" result="PASS"></item><item title="LOLEAKAGE" value="-37,1808" result="PASS"></item><item title="SPECTRUMMASK" value="18,1671" result="PASS"></item><item title="SPECTRUMMARGIN" value="18,1671" result="PASS"></item></Record><Criteria><item title="Modulation" value="MCS0NSS1"></item><item title="Bandwidth" value="40"></item><item title="Antenna" value="2"></item><item title="Channel" value="149"></item><item title="RfIcTemperature" value="5032"></item><item title="CpuTemperature" value="61"></item><item title="ExpectedPower" value="19"></item><item title="EVM" Max="-5" Min="-100"></item><item title="FREQERR" Max="15" Min="-15"></item><item title="SYMCLOCKERR" Max="20" Min="-100"></item><item title="POWER" Max="20,5" Min="17,5" Avg="19"></item><item title="LOLEAKAGE" Max="-17" Min="-100"></item><item title="SPECTRUMMASK" Max="100" Min="0"></item><item title="SPECTRUMMARGIN" Max="1000" Min="0"></item></Criteria><Record><item title="Modulation" value="MCS0NSS1"></item><item title="Bandwidth" value="40"></item><item title="Channel" value="149"></item><item title="Antenna" value="2"></item><item title="ExpectedPower" value="19"></item><item title="Power" value="19"></item><item title="TestType" value="Tx"></item><item title="EVM" value="-19,5336" result="PASS"></item><item title="FREQERR" value="-2,3279" result="PASS"></item><item title="SYMCLOCKERR" value="-0,286791" result="PASS"></item><item title="POWER" value="19,0721" result="PASS"></item><item title="LOLEAKAGE" value="-43,4601" result="PASS"></item><item title="SPECTRUMMASK" value="16,8478" result="PASS"></item><item title="SPECTRUMMARGIN" value="16,8478" result="PASS"></item></Record><Criteria><item title="Modulation" value="MCS0NSS1"></item><item title="Bandwidth" value="40"></item><item title="Antenna" value="2"></item><item title="Channel" value="149"></item><item title="RfIcTemperature" value="5032"></item><item title="CpuTemperature" value="61"></item><item title="ExpectedPower" value="20"></item><item title="EVM" Max="-5" Min="-100"></item><item title="FREQERR" Max="15" Min="-15"></item><item title="SYMCLOCKERR" Max="20" Min="-100"></item><item title="POWER" Max="21,5" Min="18,5" Avg="20"></item><item title="LOLEAKAGE" Max="-17" Min="-100"></item><item title="SPECTRUMMASK" Max="100" Min="0"></item><item title="SPECTRUMMARGIN" Max="1000" Min="0"></item></Criteria><Record><item title="Modulation" value="MCS0NSS1"></item><item title="Bandwidth" value="40"></item><item title="Channel" value="149"></item><item title="Antenna" value="2"></item><item title="ExpectedPower" value="20"></item><item title="Power" value="20"></item><item title="TestType" value="Tx"></item><item title="EVM" value="-19,8911" result="PASS"></item><item title="FREQERR" value="-2,3223" result="PASS"></item><item title="SYMCLOCKERR" value="0,398979" result="PASS"></item><item title="POWER" value="19,9014" result="PASS"></item><item title="LOLEAKAGE" value="-39,1021" result="PASS"></item><item title="SPECTRUMMASK" value="15,1894" result="PASS"></item><item title="SPECTRUMMARGIN" value="15,1894" result="PASS"></item></Record><Criteria><item title="Modulation" value="MCS0NSS1"></item><item title="Bandwidth" value="40"></item><item title="Antenna" value="2"></item><item title="Channel" value="149"></item><item title="RfIcTemperature" value="5032"></item><item title="CpuTemperature" value="61"></item><item title="ExpectedPower" value="21"></item><item title="EVM" Max="-5" Min="-100"></item><item title="FREQERR" Max="15" Min="-15"></item><item title="SYMCLOCKERR" Max="20" Min="-100"></item><item title="POWER" Max="22,5" Min="19,5" Avg="21"></item><item title="LOLEAKAGE" Max="-17" Min="-100"></item><item title="SPECTRUMMASK" Max="100" Min="0"></item><item title="SPECTRUMMARGIN" Max="1000" Min="0"></item></Criteria><Record><item title="Modulation" value="MCS0NSS1"></item><item title="Bandwidth" value="40"></item><item title="Channel" value="149"></item><item title="Antenna" value="2"></item><item title="ExpectedPower" value="21"></item><item title="Power" value="21"></item><item title="TestType" value="Tx"></item><item title="EVM" value="-19,6943" result="PASS"></item><item title="FREQERR" value="-2,32808" result="PASS"></item><item title="SYMCLOCKERR" value="-1,96736" result="PASS"></item><item title="POWER" value="20,8499" result="PASS"></item><item title="LOLEAKAGE" value="-46,5402" result="PASS"></item><item title="SPECTRUMMASK" value="11,1377" result="PASS"></item><item title="SPECTRUMMARGIN" value="11,1377" result="PASS"></item></Record><Criteria><item title="Modulation" value="MCS0NSS1"></item><item title="Bandwidth" value="40"></item><item title="Antenna" value="2"></item><item title="Channel" value="149"></item><item title="RfIcTemperature" value="5032"></item><item title="CpuTemperature" value="61"></item><item title="ExpectedPower" value="22"></item><item title="EVM" Max="-5" Min="-100"></item><item title="FREQERR" Max="15" Min="-15"></item><item title="SYMCLOCKERR" Max="20" Min="-100"></item><item title="POWER" Max="23,5" Min="20,5" Avg="22"></item><item title="LOLEAKAGE" Max="-17" Min="-100"></item><item title="SPECTRUMMASK" Max="100" Min="0"></item><item title="SPECTRUMMARGIN" Max="1000" Min="0"></item></Criteria><Record><item title="Modulation" value="MCS0NSS1"></item><item title="Bandwidth" value="40"></item><item title="Channel" value="149"></item><item title="Antenna" value="2"></item><item title="ExpectedPower" value="22"></item><item title="Power" value="22"></item><item title="TestType" value="Tx"></item><item title="EVM" value="-19,6512" result="PASS"></item><item title="FREQERR" value="-2,32126" result="PASS"></item><item title="SYMCLOCKERR" value="0,292035" result="PASS"></item><item title="POWER" value="21,9492" result="PASS"></item><item title="LOLEAKAGE" value="-43,5269" result="PASS"></item><item title="SPECTRUMMASK" value="9,04862" result="PASS"></item><item title="SPECTRUMMARGIN" value="9,04862" result="PASS"></item></Record><Criteria><item title="Modulation" value="MCS0NSS1"></item><item title="Bandwidth" value="40"></item><item title="Antenna" value="2"></item><item title="Channel" value="149"></item><item title="RfIcTemperature" value="5032"></item><item title="CpuTemperature" value="61"></item><item title="ExpectedPower" value="23"></item><item title="EVM" Max="-5" Min="-100"></item><item title="FREQERR" Max="15" Min="-15"></item><item title="SYMCLOCKERR" Max="20" Min="-100"></item><item title="POWER" Max="24,5" Min="21,5" Avg="23"></item><item title="LOLEAKAGE" Max="-17" Min="-100"></item><item title="SPECTRUMMASK" Max="100" Min="0"></item><item title="SPECTRUMMARGIN" Max="1000" Min="0"></item></Criteria><Record><item title="Modulation" value="MCS0NSS1"></item><item title="Bandwidth" value="40"></item><item title="Channel" value="149"></item><item title="Antenna" value="2"></item><item title="ExpectedPower" value="23"></item><item title="Power" value="23"></item><item title="TestType" value="Tx"></item><item title="EVM" value="-19,8564" result="PASS"></item><item title="FREQERR" value="-2,32409" result="PASS"></item><item title="SYMCLOCKERR" value="-1,43519" result="PASS"></item><item title="POWER" value="22,9779" result="PASS"></item><item title="LOLEAKAGE" value="-47,0442" result="PASS"></item><item title="SPECTRUMMASK" value="6,40765" result="PASS"></item><item title="SPECTRUMMARGIN" value="6,40765" result="PASS"></item></Record><Criteria><item title="Modulation" value="MCS0NSS1"></item><item title="Bandwidth" value="40"></item><item title="Antenna" value="2"></item><item title="Channel" value="149"></item><item title="RfIcTemperature" value="5032"></item><item title="CpuTemperature" value="61"></item><item title="ExpectedPower" value="24"></item><item title="EVM" Max="-5" Min="-100"></item><item title="FREQERR" Max="15" Min="-15"></item><item title="SYMCLOCKERR" Max="20" Min="-100"></item><item title="POWER" Max="25,5" Min="22,5" Avg="24"></item><item title="LOLEAKAGE" Max="-17" Min="-100"></item><item title="SPECTRUMMASK" Max="100" Min="0"></item><item title="SPECTRUMMARGIN" Max="1000" Min="0"></item></Criteria><Record><item title="Modulation" value="MCS0NSS1"></item><item title="Bandwidth" value="40"></item><item title="Channel" value="149"></item><item title="Antenna" value="2"></item><item title="ExpectedPower" value="24"></item><item title="Power" value="24"></item><item title="TestType" value="Tx"></item><item title="EVM" value="-18,75" result="PASS"></item><item title="FREQERR" value="-2,32892" result="PASS"></item><item title="SYMCLOCKERR" value="-2,86349" result="PASS"></item><item title="POWER" value="23,9022" result="PASS"></item><item title="LOLEAKAGE" value="-42,509" result="PASS"></item><item title="SPECTRUMMASK" value="3,08536" result="PASS"></item><item title="SPECTRUMMARGIN" value="3,08536" result="PASS"></item></Record><Criteria><item title="Modulation" value="MCS0NSS1"></item><item title="Bandwidth" value="40"></item><item title="Antenna" value="2"></item><item title="Channel" value="149"></item><item title="RfIcTemperature" value="5032"></item><item title="CpuTemperature" value="61"></item><item title="ExpectedPower" value="25"></item><item title="EVM" Max="-5" Min="-100"></item><item title="FREQERR" Max="15" Min="-15"></item><item title="SYMCLOCKERR" Max="20" Min="-100"></item><item title="POWER" Max="26,5" Min="23,5" Avg="25"></item><item title="LOLEAKAGE" Max="-17" Min="-100"></item><item title="SPECTRUMMASK" Max="100" Min="0"></item><item title="SPECTRUMMARGIN" Max="1000" Min="0"></item></Criteria><Record><item title="Modulation" value="MCS0NSS1"></item><item title="Bandwidth" value="40"></item><item title="Channel" value="149"></item><item title="Antenna" value="2"></item><item title="ExpectedPower" value="25"></item><item title="Power" value="25"></item><item title="TestType" value="Tx"></item><item title="EVM" value="-16,8179" result="PASS"></item><item title="FREQERR" value="-2,33481" result="PASS"></item><item title="SYMCLOCKERR" value="-0,584519" result="PASS"></item><item title="POWER" value="24,9215" result="PASS"></item><item title="LOLEAKAGE" value="-40,8244" result="PASS"></item><item title="SPECTRUMMASK" value="-1,49588" result="FAIL"></item><item title="SPECTRUMMARGIN" value="-1,49588" result="FAIL"></item></Record><Criteria><item title="Modulation" value="MCS0NSS1"></item><item title="Bandwidth" value="40"></item><item title="Antenna" value="3"></item><item title="Channel" value="149"></item><item title="RfIcTemperature" value="5032"></item><item title="CpuTemperature" value="60"></item><item title="ExpectedPower" value="10"></item><item title="EVM" Max="-5" Min="-100"></item><item title="FREQERR" Max="15" Min="-15"></item><item title="SYMCLOCKERR" Max="20" Min="-100"></item><item title="POWER" Max="11,5" Min="8,5" Avg="10"></item><item title="LOLEAKAGE" Max="-17" Min="-100"></item><item title="SPECTRUMMASK" Max="100" Min="0"></item><item title="SPECTRUMMARGIN" Max="1000" Min="0"></item></Criteria><Record><item title="Modulation" value="MCS0NSS1"></item><item title="Bandwidth" value="40"></item><item title="Channel" value="149"></item><item title="Antenna" value="3"></item><item title="ExpectedPower" value="10"></item><item title="Power" value="10"></item><item title="TestType" value="Tx"></item><item title="EVM" value="-19,0963" result="PASS"></item><item title="FREQERR" value="-2,32776" result="PASS"></item><item title="SYMCLOCKERR" value="-1,85962" result="PASS"></item><item title="POWER" value="9,08678" result="PASS"></item><item title="LOLEAKAGE" value="-28,7476" result="PASS"></item><item title="SPECTRUMMASK" value="19,8448" result="PASS"></item><item title="SPECTRUMMARGIN" value="19,8448" result="PASS"></item></Record><Criteria><item title="Modulation" value="MCS0NSS1"></item><item title="Bandwidth" value="40"></item><item title="Antenna" value="3"></item><item title="Channel" value="149"></item><item title="RfIcTemperature" value="5032"></item><item title="CpuTemperature" value="60"></item><item title="ExpectedPower" value="11"></item><item title="EVM" Max="-5" Min="-100"></item><item title="FREQERR" Max="15" Min="-15"></item><item title="SYMCLOCKERR" Max="20" Min="-100"></item><item title="POWER" Max="12,5" Min="9,5" Avg="11"></item><item title="LOLEAKAGE" Max="-17" Min="-100"></item><item title="SPECTRUMMASK" Max="100" Min="0"></item><item title="SPECTRUMMARGIN" Max="1000" Min="0"></item></Criteria><Record><item title="Modulation" value="MCS0NSS1"></item><item title="Bandwidth" value="40"></item><item title="Channel" value="149"></item><item title="Antenna" value="3"></item><item title="ExpectedPower" value="11"></item><item title="Power" value="11"></item><item title="TestType" value="Tx"></item><item title="EVM" value="-18,9263" result="PASS"></item><item title="FREQERR" value="-2,32588" result="PASS"></item><item title="SYMCLOCKERR" value="-3,34495" result="PASS"></item><item title="POWER" value="10,4727" result="PASS"></item><item title="LOLEAKAGE" value="-29,0531" result="PASS"></item><item title="SPECTRUMMASK" value="18,1241" result="PASS"></item><item title="SPECTRUMMARGIN" value="18,1241" result="PASS"></item></Record><Criteria><item title="Modulation" value="MCS0NSS1"></item><item title="Bandwidth" value="40"></item><item title="Antenna" value="3"></item><item title="Channel" value="149"></item><item title="RfIcTemperature" value="5032"></item><item title="CpuTemperature" value="60"></item><item title="ExpectedPower" value="12"></item><item title="EVM" Max="-5" Min="-100"></item><item title="FREQERR" Max="15" Min="-15"></item><item title="SYMCLOCKERR" Max="20" Min="-100"></item><item title="POWER" Max="13,5" Min="10,5" Avg="12"></item><item title="LOLEAKAGE" Max="-17" Min="-100"></item><item title="SPECTRUMMASK" Max="100" Min="0"></item><item title="SPECTRUMMARGIN" Max="1000" Min="0"></item></Criteria><Record><item title="Modulation" value="MCS0NSS1"></item><item title="Bandwidth" value="40"></item><item title="Channel" value="149"></item><item title="Antenna" value="3"></item><item title="ExpectedPower" value="12"></item><item title="Power" value="12"></item><item title="TestType" value="Tx"></item><item title="EVM" value="-21,2876" result="PASS"></item><item title="FREQERR" value="-2,33162" result="PASS"></item><item title="SYMCLOCKERR" value="-0,312985" result="PASS"></item><item title="POWER" value="11,5509" result="PASS"></item><item title="LOLEAKAGE" value="-28,9921" result="PASS"></item><item title="SPECTRUMMASK" value="18,741" result="PASS"></item><item title="SPECTRUMMARGIN" value="18,741" result="PASS"></item></Record><Criteria><item title="Modulation" value="MCS0NSS1"></item><item title="Bandwidth" value="40"></item><item title="Antenna" value="3"></item><item title="Channel" value="149"></item><item title="RfIcTemperature" value="5032"></item><item title="CpuTemperature" value="60"></item><item title="ExpectedPower" value="13"></item><item title="EVM" Max="-5" Min="-100"></item><item title="FREQERR" Max="15" Min="-15"></item><item title="SYMCLOCKERR" Max="20" Min="-100"></item><item title="POWER" Max="14,5" Min="11,5" Avg="13"></item><item title="LOLEAKAGE" Max="-17" Min="-100"></item><item title="SPECTRUMMASK" Max="100" Min="0"></item><item title="SPECTRUMMARGIN" Max="1000" Min="0"></item></Criteria><Record><item title="Modulation" value="MCS0NSS1"></item><item title="Bandwidth" value="40"></item><item title="Channel" value="149"></item><item title="Antenna" value="3"></item><item title="ExpectedPower" value="13"></item><item title="Power" value="13"></item><item title="TestType" value="Tx"></item><item title="EVM" value="-20,4233" result="PASS"></item><item title="FREQERR" value="-2,32534" result="PASS"></item><item title="SYMCLOCKERR" value="-2,36867" result="PASS"></item><item title="POWER" value="12,83" result="PASS"></item><item title="LOLEAKAGE" value="-29,406" result="PASS"></item><item title="SPECTRUMMASK" value="20,2504" result="PASS"></item><item title="SPECTRUMMARGIN" value="20,2504" result="PASS"></item></Record><Criteria><item title="Modulation" value="MCS0NSS1"></item><item title="Bandwidth" value="40"></item><item title="Antenna" value="3"></item><item title="Channel" value="149"></item><item title="RfIcTemperature" value="5032"></item><item title="CpuTemperature" value="60"></item><item title="ExpectedPower" value="14"></item><item title="EVM" Max="-5" Min="-100"></item><item title="FREQERR" Max="15" Min="-15"></item><item title="SYMCLOCKERR" Max="20" Min="-100"></item><item title="POWER" Max="15,5" Min="12,5" Avg="14"></item><item title="LOLEAKAGE" Max="-17" Min="-100"></item><item title="SPECTRUMMASK" Max="100" Min="0"></item><item title="SPECTRUMMARGIN" Max="1000" Min="0"></item></Criteria><Record><item title="Modulation" value="MCS0NSS1"></item><item title="Bandwidth" value="40"></item><item title="Channel" value="149"></item><item title="Antenna" value="3"></item><item title="ExpectedPower" value="14"></item><item title="Power" value="14"></item><item title="TestType" value="Tx"></item><item title="EVM" value="-19,1288" result="PASS"></item><item title="FREQERR" value="-2,31315" result="PASS"></item><item title="SYMCLOCKERR" value="-1,16471" result="PASS"></item><item title="POWER" value="13,8481" result="PASS"></item><item title="LOLEAKAGE" value="-30,9251" result="PASS"></item><item title="SPECTRUMMASK" value="18,8187" result="PASS"></item><item title="SPECTRUMMARGIN" value="18,8187" result="PASS"></item></Record><Criteria><item title="Modulation" value="MCS0NSS1"></item><item title="Bandwidth" value="40"></item><item title="Antenna" value="3"></item><item title="Channel" value="149"></item><item title="RfIcTemperature" value="5032"></item><item title="CpuTemperature" value="60"></item><item title="ExpectedPower" value="15"></item><item title="EVM" Max="-5" Min="-100"></item><item title="FREQERR" Max="15" Min="-15"></item><item title="SYMCLOCKERR" Max="20" Min="-100"></item><item title="POWER" Max="16,5" Min="13,5" Avg="15"></item><item title="LOLEAKAGE" Max="-17" Min="-100"></item><item title="SPECTRUMMASK" Max="100" Min="0"></item><item title="SPECTRUMMARGIN" Max="1000" Min="0"></item></Criteria><Record><item title="Modulation" value="MCS0NSS1"></item><item title="Bandwidth" value="40"></item><item title="Channel" value="149"></item><item title="Antenna" value="3"></item><item title="ExpectedPower" value="15"></item><item title="Power" value="15"></item><item title="TestType" value="Tx"></item><item title="EVM" value="-20,1742" result="PASS"></item><item title="FREQERR" value="-2,31826" result="PASS"></item><item title="SYMCLOCKERR" value="-1,32905" result="PASS"></item><item title="POWER" value="15,0182" result="PASS"></item><item title="LOLEAKAGE" value="-30,2173" result="PASS"></item><item title="SPECTRUMMASK" value="19,0665" result="PASS"></item><item title="SPECTRUMMARGIN" value="19,0665" result="PASS"></item></Record><Criteria><item title="Modulation" value="MCS0NSS1"></item><item title="Bandwidth" value="40"></item><item title="Antenna" value="3"></item><item title="Channel" value="149"></item><item title="RfIcTemperature" value="5032"></item><item title="CpuTemperature" value="60"></item><item title="ExpectedPower" value="16"></item><item title="EVM" Max="-5" Min="-100"></item><item title="FREQERR" Max="15" Min="-15"></item><item title="SYMCLOCKERR" Max="20" Min="-100"></item><item title="POWER" Max="17,5" Min="14,5" Avg="16"></item><item title="LOLEAKAGE" Max="-17" Min="-100"></item><item title="SPECTRUMMASK" Max="100" Min="0"></item><item title="SPECTRUMMARGIN" Max="1000" Min="0"></item></Criteria><Record><item title="Modulation" value="MCS0NSS1"></item><item title="Bandwidth" value="40"></item><item title="Channel" value="149"></item><item title="Antenna" value="3"></item><item title="ExpectedPower" value="16"></item><item title="Power" value="16"></item><item title="TestType" value="Tx"></item><item title="EVM" value="-20,4944" result="PASS"></item><item title="FREQERR" value="-2,31602" result="PASS"></item><item title="SYMCLOCKERR" value="-0,780419" result="PASS"></item><item title="POWER" value="16,1164" result="PASS"></item><item title="LOLEAKAGE" value="-32,9786" result="PASS"></item><item title="SPECTRUMMASK" value="18,7945" result="PASS"></item><item title="SPECTRUMMARGIN" value="18,7945" result="PASS"></item></Record><Criteria><item title="Modulation" value="MCS0NSS1"></item><item title="Bandwidth" value="40"></item><item title="Antenna" value="3"></item><item title="Channel" value="149"></item><item title="RfIcTemperature" value="5032"></item><item title="CpuTemperature" value="60"></item><item title="ExpectedPower" value="17"></item><item title="EVM" Max="-5" Min="-100"></item><item title="FREQERR" Max="15" Min="-15"></item><item title="SYMCLOCKERR" Max="20" Min="-100"></item><item title="POWER" Max="18,5" Min="15,5" Avg="17"></item><item title="LOLEAKAGE" Max="-17" Min="-100"></item><item title="SPECTRUMMASK" Max="100" Min="0"></item><item title="SPECTRUMMARGIN" Max="1000" Min="0"></item></Criteria><Record><item title="Modulation" value="MCS0NSS1"></item><item title="Bandwidth" value="40"></item><item title="Channel" value="149"></item><item title="Antenna" value="3"></item><item title="ExpectedPower" value="17"></item><item title="Power" value="17"></item><item title="TestType" value="Tx"></item><item title="EVM" value="-20,4915" result="PASS"></item><item title="FREQERR" value="-2,31181" result="PASS"></item><item title="SYMCLOCKERR" value="-1,11955" result="PASS"></item><item title="POWER" value="17,0228" result="PASS"></item><item title="LOLEAKAGE" value="-34,665" result="PASS"></item><item title="SPECTRUMMASK" value="17,9223" result="PASS"></item><item title="SPECTRUMMARGIN" value="17,9223" result="PASS"></item></Record><Criteria><item title="Modulation" value="MCS0NSS1"></item><item title="Bandwidth" value="40"></item><item title="Antenna" value="3"></item><item title="Channel" value="149"></item><item title="RfIcTemperature" value="5032"></item><item title="CpuTemperature" value="60"></item><item title="ExpectedPower" value="18"></item><item title="EVM" Max="-5" Min="-100"></item><item title="FREQERR" Max="15" Min="-15"></item><item title="SYMCLOCKERR" Max="20" Min="-100"></item><item title="POWER" Max="19,5" Min="16,5" Avg="18"></item><item title="LOLEAKAGE" Max="-17" Min="-100"></item><item title="SPECTRUMMASK" Max="100" Min="0"></item><item title="SPECTRUMMARGIN" Max="1000" Min="0"></item></Criteria><Record><item title="Modulation" value="MCS0NSS1"></item><item title="Bandwidth" value="40"></item><item title="Channel" value="149"></item><item title="Antenna" value="3"></item><item title="ExpectedPower" value="18"></item><item title="Power" value="18"></item><item title="TestType" value="Tx"></item><item title="EVM" value="-20,2375" result="PASS"></item><item title="FREQERR" value="-2,31142" result="PASS"></item><item title="SYMCLOCKERR" value="-0,788722" result="PASS"></item><item title="POWER" value="17,9772" result="PASS"></item><item title="LOLEAKAGE" value="-35,3193" result="PASS"></item><item title="SPECTRUMMASK" value="18,1346" result="PASS"></item><item title="SPECTRUMMARGIN" value="18,1346" result="PASS"></item></Record><Criteria><item title="Modulation" value="MCS0NSS1"></item><item title="Bandwidth" value="40"></item><item title="Antenna" value="3"></item><item title="Channel" value="149"></item><item title="RfIcTemperature" value="5032"></item><item title="CpuTemperature" value="60"></item><item title="ExpectedPower" value="19"></item><item title="EVM" Max="-5" Min="-100"></item><item title="FREQERR" Max="15" Min="-15"></item><item title="SYMCLOCKERR" Max="20" Min="-100"></item><item title="POWER" Max="20,5" Min="17,5" Avg="19"></item><item title="LOLEAKAGE" Max="-17" Min="-100"></item><item title="SPECTRUMMASK" Max="100" Min="0"></item><item title="SPECTRUMMARGIN" Max="1000" Min="0"></item></Criteria><Record><item title="Modulation" value="MCS0NSS1"></item><item title="Bandwidth" value="40"></item><item title="Channel" value="149"></item><item title="Antenna" value="3"></item><item title="ExpectedPower" value="19"></item><item title="Power" value="19"></item><item title="TestType" value="Tx"></item><item title="EVM" value="-18,6393" result="PASS"></item><item title="FREQERR" value="-2,30699" result="PASS"></item><item title="SYMCLOCKERR" value="-3,93717" result="PASS"></item><item title="POWER" value="19,0921" result="PASS"></item><item title="LOLEAKAGE" value="-35,9843" result="PASS"></item><item title="SPECTRUMMASK" value="13,4508" result="PASS"></item><item title="SPECTRUMMARGIN" value="13,4508" result="PASS"></item></Record><Criteria><item title="Modulation" value="MCS0NSS1"></item><item title="Bandwidth" value="40"></item><item title="Antenna" value="3"></item><item title="Channel" value="149"></item><item title="RfIcTemperature" value="5032"></item><item title="CpuTemperature" value="60"></item><item title="ExpectedPower" value="20"></item><item title="EVM" Max="-5" Min="-100"></item><item title="FREQERR" Max="15" Min="-15"></item><item title="SYMCLOCKERR" Max="20" Min="-100"></item><item title="POWER" Max="21,5" Min="18,5" Avg="20"></item><item title="LOLEAKAGE" Max="-17" Min="-100"></item><item title="SPECTRUMMASK" Max="100" Min="0"></item><item title="SPECTRUMMARGIN" Max="1000" Min="0"></item></Criteria><Record><item title="Modulation" value="MCS0NSS1"></item><item title="Bandwidth" value="40"></item><item title="Channel" value="149"></item><item title="Antenna" value="3"></item><item title="ExpectedPower" value="20"></item><item title="Power" value="20"></item><item title="TestType" value="Tx"></item><item title="EVM" value="-20,1712" result="PASS"></item><item title="FREQERR" value="-2,31494" result="PASS"></item><item title="SYMCLOCKERR" value="-1,2514" result="PASS"></item><item title="POWER" value="20,1871" result="PASS"></item><item title="LOLEAKAGE" value="-40,1432" result="PASS"></item><item title="SPECTRUMMASK" value="12,0357" result="PASS"></item><item title="SPECTRUMMARGIN" value="12,0357" result="PASS"></item></Record><Criteria><item title="Modulation" value="MCS0NSS1"></item><item title="Bandwidth" value="40"></item><item title="Antenna" value="3"></item><item title="Channel" value="149"></item><item title="RfIcTemperature" value="5032"></item><item title="CpuTemperature" value="60"></item><item title="ExpectedPower" value="21"></item><item title="EVM" Max="-5" Min="-100"></item><item title="FREQERR" Max="15" Min="-15"></item><item title="SYMCLOCKERR" Max="20" Min="-100"></item><item title="POWER" Max="22,5" Min="19,5" Avg="21"></item><item title="LOLEAKAGE" Max="-17" Min="-100"></item><item title="SPECTRUMMASK" Max="100" Min="0"></item><item title="SPECTRUMMARGIN" Max="1000" Min="0"></item></Criteria><Record><item title="Modulation" value="MCS0NSS1"></item><item title="Bandwidth" value="40"></item><item title="Channel" value="149"></item><item title="Antenna" value="3"></item><item title="ExpectedPower" value="21"></item><item title="Power" value="21"></item><item title="TestType" value="Tx"></item><item title="EVM" value="-18,6323" result="PASS"></item><item title="FREQERR" value="-2,30809" result="PASS"></item><item title="SYMCLOCKERR" value="-4,44851" result="PASS"></item><item title="POWER" value="21,1543" result="PASS"></item><item title="LOLEAKAGE" value="-48,8399" result="PASS"></item><item title="SPECTRUMMASK" value="7,9278" result="PASS"></item><item title="SPECTRUMMARGIN" value="7,9278" result="PASS"></item></Record><Criteria><item title="Modulation" value="MCS0NSS1"></item><item title="Bandwidth" value="40"></item><item title="Antenna" value="3"></item><item title="Channel" value="149"></item><item title="RfIcTemperature" value="5032"></item><item title="CpuTemperature" value="60"></item><item title="ExpectedPower" value="22"></item><item title="EVM" Max="-5" Min="-100"></item><item title="FREQERR" Max="15" Min="-15"></item><item title="SYMCLOCKERR" Max="20" Min="-100"></item><item title="POWER" Max="23,5" Min="20,5" Avg="22"></item><item title="LOLEAKAGE" Max="-17" Min="-100"></item><item title="SPECTRUMMASK" Max="100" Min="0"></item><item title="SPECTRUMMARGIN" Max="1000" Min="0"></item></Criteria><Record><item title="Modulation" value="MCS0NSS1"></item><item title="Bandwidth" value="40"></item><item title="Channel" value="149"></item><item title="Antenna" value="3"></item><item title="ExpectedPower" value="22"></item><item title="Power" value="22"></item><item title="TestType" value="Tx"></item><item title="EVM" value="-19,3791" result="PASS"></item><item title="FREQERR" value="-2,30872" result="PASS"></item><item title="SYMCLOCKERR" value="-3,02283" result="PASS"></item><item title="POWER" value="22,027" result="PASS"></item><item title="LOLEAKAGE" value="-47,1964" result="PASS"></item><item title="SPECTRUMMASK" value="5,00414" result="PASS"></item><item title="SPECTRUMMARGIN" value="5,00414" result="PASS"></item></Record><Criteria><item title="Modulation" value="MCS0NSS1"></item><item title="Bandwidth" value="40"></item><item title="Antenna" value="3"></item><item title="Channel" value="149"></item><item title="RfIcTemperature" value="5032"></item><item title="CpuTemperature" value="60"></item><item title="ExpectedPower" value="23"></item><item title="EVM" Max="-5" Min="-100"></item><item title="FREQERR" Max="15" Min="-15"></item><item title="SYMCLOCKERR" Max="20" Min="-100"></item><item title="POWER" Max="24,5" Min="21,5" Avg="23"></item><item title="LOLEAKAGE" Max="-17" Min="-100"></item><item title="SPECTRUMMASK" Max="100" Min="0"></item><item title="SPECTRUMMARGIN" Max="1000" Min="0"></item></Criteria><Record><item title="Modulation" value="MCS0NSS1"></item><item title="Bandwidth" value="40"></item><item title="Channel" value="149"></item><item title="Antenna" value="3"></item><item title="ExpectedPower" value="23"></item><item title="Power" value="23"></item><item title="TestType" value="Tx"></item><item title="EVM" value="-17,9805" result="PASS"></item><item title="FREQERR" value="-2,3057" result="PASS"></item><item title="SYMCLOCKERR" value="-3,07983" result="PASS"></item><item title="POWER" value="23,0849" result="PASS"></item><item title="LOLEAKAGE" value="-40,3953" result="PASS"></item><item title="SPECTRUMMASK" value="2,53287" result="PASS"></item><item title="SPECTRUMMARGIN" value="2,53287" result="PASS"></item></Record><Criteria><item title="Modulation" value="MCS0NSS1"></item><item title="Bandwidth" value="40"></item><item title="Antenna" value="3"></item><item title="Channel" value="149"></item><item title="RfIcTemperature" value="5032"></item><item title="CpuTemperature" value="60"></item><item title="ExpectedPower" value="24"></item><item title="EVM" Max="-5" Min="-100"></item><item title="FREQERR" Max="15" Min="-15"></item><item title="SYMCLOCKERR" Max="20" Min="-100"></item><item title="POWER" Max="25,5" Min="22,5" Avg="24"></item><item title="LOLEAKAGE" Max="-17" Min="-100"></item><item title="SPECTRUMMASK" Max="100" Min="0"></item><item title="SPECTRUMMARGIN" Max="1000" Min="0"></item></Criteria><Record><item title="Modulation" value="MCS0NSS1"></item><item title="Bandwidth" value="40"></item><item title="Channel" value="149"></item><item title="Antenna" value="3"></item><item title="ExpectedPower" value="24"></item><item title="Power" value="24"></item><item title="TestType" value="Tx"></item><item title="EVM" value="-16,0661" result="PASS"></item><item title="FREQERR" value="-2,30399" result="PASS"></item><item title="SYMCLOCKERR" value="0,391682" result="PASS"></item><item title="POWER" value="23,8491" result="PASS"></item><item title="LOLEAKAGE" value="-41,9135" result="PASS"></item><item title="SPECTRUMMASK" value="-0,767052" result="FAIL"></item><item title="SPECTRUMMARGIN" value="-0,767052" result="FAIL"></item></Record><Criteria><item title="Modulation" value="MCS0NSS1"></item><item title="Bandwidth" value="40"></item><item title="Antenna" value="3"></item><item title="Channel" value="149"></item><item title="RfIcTemperature" value="5032"></item><item title="CpuTemperature" value="60"></item><item title="ExpectedPower" value="25"></item><item title="EVM" Max="-5" Min="-100"></item><item title="FREQERR" Max="15" Min="-15"></item><item title="SYMCLOCKERR" Max="20" Min="-100"></item><item title="POWER" Max="26,5" Min="23,5" Avg="25"></item><item title="LOLEAKAGE" Max="-17" Min="-100"></item><item title="SPECTRUMMASK" Max="100" Min="0"></item><item title="SPECTRUMMARGIN" Max="1000" Min="0"></item></Criteria><Record><item title="Modulation" value="MCS0NSS1"></item><item title="Bandwidth" value="40"></item><item title="Channel" value="149"></item><item title="Antenna" value="3"></item><item title="ExpectedPower" value="25"></item><item title="Power" value="25"></item><item title="TestType" value="Tx"></item><item title="EVM" value="-14,4146" result="PASS"></item><item title="FREQERR" value="-2,31006" result="PASS"></item><item title="SYMCLOCKERR" value="-4,94433" result="PASS"></item><item title="POWER" value="24,6528" result="PASS"></item><item title="LOLEAKAGE" value="-39,3135" result="PASS"></item><item title="SPECTRUMMASK" value="-4,6317" result="FAIL"></item><item title="SPECTRUMMARGIN" value="-4,6317" result="FAIL"></item></Record><Criteria><item title="Modulation" value="MCS9NSS1"></item><item title="Bandwidth" value="40"></item><item title="Antenna" value="0"></item><item title="Channel" value="36"></item><item title="RfIcTemperature" value="5032"></item><item title="CpuTemperature" value="60"></item><item title="ExpectedPower" value="10"></item><item title="EVM" Max="-32" Min="-100"></item><item title="FREQERR" Max="15" Min="-15"></item><item title="SYMCLOCKERR" Max="20" Min="-100"></item><item title="POWER" Max="11,5" Min="8,5" Avg="10"></item><item title="LOLEAKAGE" Max="-17" Min="-100"></item><item title="SPECTRUMMASK" Max="100" Min="0"></item><item title="SPECTRUMMARGIN" Max="1000" Min="0"></item></Criteria><Record><item title="Modulation" value="MCS9NSS1"></item><item title="Bandwidth" value="40"></item><item title="Channel" value="36"></item><item title="Antenna" value="0"></item><item title="ExpectedPower" value="10"></item><item title="Power" value="10"></item><item title="TestType" value="Tx"></item><item title="EVM" value="-41,1166" result="PASS"></item><item title="FREQERR" value="1,15339" result="PASS"></item><item title="SYMCLOCKERR" value="1,5749" result="PASS"></item><item title="POWER" value="7,36891" result="FAIL"></item><item title="LOLEAKAGE" value="-35,7309" result="PASS"></item><item title="SPECTRUMMASK" value="21,8807" result="PASS"></item><item title="SPECTRUMMARGIN" value="21,8807" result="PASS"></item></Record><Criteria><item title="Modulation" value="MCS9NSS1"></item><item title="Bandwidth" value="40"></item><item title="Antenna" value="0"></item><item title="Channel" value="36"></item><item title="RfIcTemperature" value="5032"></item><item title="CpuTemperature" value="60"></item><item title="ExpectedPower" value="11"></item><item title="EVM" Max="-32" Min="-100"></item><item title="FREQERR" Max="15" Min="-15"></item><item title="SYMCLOCKERR" Max="20" Min="-100"></item><item title="POWER" Max="12,5" Min="9,5" Avg="11"></item><item title="LOLEAKAGE" Max="-17" Min="-100"></item><item title="SPECTRUMMASK" Max="100" Min="0"></item><item title="SPECTRUMMARGIN" Max="1000" Min="0"></item></Criteria><Record><item title="Modulation" value="MCS9NSS1"></item><item title="Bandwidth" value="40"></item><item title="Channel" value="36"></item><item title="Antenna" value="0"></item><item title="ExpectedPower" value="11"></item><item title="Power" value="11"></item><item title="TestType" value="Tx"></item><item title="EVM" value="-38,2738" result="PASS"></item><item title="FREQERR" value="1,15648" result="PASS"></item><item title="SYMCLOCKERR" value="1,27519" result="PASS"></item><item title="POWER" value="8,77398" result="FAIL"></item><item title="LOLEAKAGE" value="-35,6285" result="PASS"></item><item title="SPECTRUMMASK" value="20,1993" result="PASS"></item><item title="SPECTRUMMARGIN" value="20,1993" result="PASS"></item></Record><Criteria><item title="Modulation" value="MCS9NSS1"></item><item title="Bandwidth" value="40"></item><item title="Antenna" value="0"></item><item title="Channel" value="36"></item><item title="RfIcTemperature" value="5032"></item><item title="CpuTemperature" value="60"></item><item title="ExpectedPower" value="12"></item><item title="EVM" Max="-32" Min="-100"></item><item title="FREQERR" Max="15" Min="-15"></item><item title="SYMCLOCKERR" Max="20" Min="-100"></item><item title="POWER" Max="13,5" Min="10,5" Avg="12"></item><item title="LOLEAKAGE" Max="-17" Min="-100"></item><item title="SPECTRUMMASK" Max="100" Min="0"></item><item title="SPECTRUMMARGIN" Max="1000" Min="0"></item></Criteria><Record><item title="Modulation" value="MCS9NSS1"></item><item title="Bandwidth" value="40"></item><item title="Channel" value="36"></item><item title="Antenna" value="0"></item><item title="ExpectedPower" value="12"></item><item title="Power" value="12"></item><item title="TestType" value="Tx"></item><item title="EVM" value="-39,5615" result="PASS"></item><item title="FREQERR" value="1,16106" result="PASS"></item><item title="SYMCLOCKERR" value="1,38964" result="PASS"></item><item title="POWER" value="9,61179" result="FAIL"></item><item title="LOLEAKAGE" value="-39,4078" result="PASS"></item><item title="SPECTRUMMASK" value="19,9525" result="PASS"></item><item title="SPECTRUMMARGIN" value="19,9525" result="PASS"></item></Record><Criteria><item title="Modulation" value="MCS9NSS1"></item><item title="Bandwidth" value="40"></item><item title="Antenna" value="0"></item><item title="Channel" value="36"></item><item title="RfIcTemperature" value="5032"></item><item title="CpuTemperature" value="60"></item><item title="ExpectedPower" value="13"></item><item title="EVM" Max="-32" Min="-100"></item><item title="FREQERR" Max="15" Min="-15"></item><item title="SYMCLOCKERR" Max="20" Min="-100"></item><item title="POWER" Max="14,5" Min="11,5" Avg="13"></item><item title="LOLEAKAGE" Max="-17" Min="-100"></item><item title="SPECTRUMMASK" Max="100" Min="0"></item><item title="SPECTRUMMARGIN" Max="1000" Min="0"></item></Criteria><Record><item title="Modulation" value="MCS9NSS1"></item><item title="Bandwidth" value="40"></item><item title="Channel" value="36"></item><item title="Antenna" value="0"></item><item title="ExpectedPower" value="13"></item><item title="Power" value="13"></item><item title="TestType" value="Tx"></item><item title="EVM" value="-39,0363" result="PASS"></item><item title="FREQERR" value="1,16141" result="PASS"></item><item title="SYMCLOCKERR" value="1,34114" result="PASS"></item><item title="POWER" value="10,7962" result="FAIL"></item><item title="LOLEAKAGE" value="-44,3575" result="PASS"></item><item title="SPECTRUMMASK" value="21,8169" result="PASS"></item><item title="SPECTRUMMARGIN" value="21,8169" result="PASS"></item></Record><Criteria><item title="Modulation" value="MCS9NSS1"></item><item title="Bandwidth" value="40"></item><item title="Antenna" value="0"></item><item title="Channel" value="36"></item><item title="RfIcTemperature" value="5032"></item><item title="CpuTemperature" value="60"></item><item title="ExpectedPower" value="14"></item><item title="EVM" Max="-32" Min="-100"></item><item title="FREQERR" Max="15" Min="-15"></item><item title="SYMCLOCKERR" Max="20" Min="-100"></item><item title="POWER" Max="15,5" Min="12,5" Avg="14"></item><item title="LOLEAKAGE" Max="-17" Min="-100"></item><item title="SPECTRUMMASK" Max="100" Min="0"></item><item title="SPECTRUMMARGIN" Max="1000" Min="0"></item></Criteria><Record><item title="Modulation" value="MCS9NSS1"></item><item title="Bandwidth" value="40"></item><item title="Channel" value="36"></item><item title="Antenna" value="0"></item><item title="ExpectedPower" value="14"></item><item title="Power" value="14"></item><item title="TestType" value="Tx"></item><item title="EVM" value="-38,4473" result="PASS"></item><item title="FREQERR" value="1,16107" result="PASS"></item><item title="SYMCLOCKERR" value="1,54333" result="PASS"></item><item title="POWER" value="11,8789" result="FAIL"></item><item title="LOLEAKAGE" value="-47,1857" result="PASS"></item><item title="SPECTRUMMASK" value="19,8166" result="PASS"></item><item title="SPECTRUMMARGIN" value="19,8166" result="PASS"></item></Record><Criteria><item title="Modulation" value="MCS9NSS1"></item><item title="Bandwidth" value="40"></item><item title="Antenna" value="0"></item><item title="Channel" value="36"></item><item title="RfIcTemperature" value="5032"></item><item title="CpuTemperature" value="60"></item><item title="ExpectedPower" value="15"></item><item title="EVM" Max="-32" Min="-100"></item><item title="FREQERR" Max="15" Min="-15"></item><item title="SYMCLOCKERR" Max="20" Min="-100"></item><item title="POWER" Max="16,5" Min="13,5" Avg="15"></item><item title="LOLEAKAGE" Max="-17" Min="-100"></item><item title="SPECTRUMMASK" Max="100" Min="0"></item><item title="SPECTRUMMARGIN" Max="1000" Min="0"></item></Criteria><Record><item title="Modulation" value="MCS9NSS1"></item><item title="Bandwidth" value="40"></item><item title="Channel" value="36"></item><item title="Antenna" value="0"></item><item title="ExpectedPower" value="15"></item><item title="Power" value="15"></item><item title="TestType" value="Tx"></item><item title="EVM" value="-38,5757" result="PASS"></item><item title="FREQERR" value="1,16538" result="PASS"></item><item title="SYMCLOCKERR" value="1,64912" result="PASS"></item><item title="POWER" value="12,9836" result="FAIL"></item><item title="LOLEAKAGE" value="-48,7741" result="PASS"></item><item title="SPECTRUMMASK" value="20,0697" result="PASS"></item><item title="SPECTRUMMARGIN" value="20,0697" result="PASS"></item></Record><Criteria><item title="Modulation" value="MCS9NSS1"></item><item title="Bandwidth" value="40"></item><item title="Antenna" value="0"></item><item title="Channel" value="36"></item><item title="RfIcTemperature" value="5032"></item><item title="CpuTemperature" value="60"></item><item title="ExpectedPower" value="16"></item><item title="EVM" Max="-32" Min="-100"></item><item title="FREQERR" Max="15" Min="-15"></item><item title="SYMCLOCKERR" Max="20" Min="-100"></item><item title="POWER" Max="17,5" Min="14,5" Avg="16"></item><item title="LOLEAKAGE" Max="-17" Min="-100"></item><item title="SPECTRUMMASK" Max="100" Min="0"></item><item title="SPECTRUMMARGIN" Max="1000" Min="0"></item></Criteria><Record><item title="Modulation" value="MCS9NSS1"></item><item title="Bandwidth" value="40"></item><item title="Channel" value="36"></item><item title="Antenna" value="0"></item><item title="ExpectedPower" value="16"></item><item title="Power" value="16"></item><item title="TestType" value="Tx"></item><item title="EVM" value="-38,3555" result="PASS"></item><item title="FREQERR" value="1,16679" result="PASS"></item><item title="SYMCLOCKERR" value="1,36404" result="PASS"></item><item title="POWER" value="13,7129" result="FAIL"></item><item title="LOLEAKAGE" value="-50,8049" result="PASS"></item><item title="SPECTRUMMASK" value="20,8081" result="PASS"></item><item title="SPECTRUMMARGIN" value="20,8081" result="PASS"></item></Record><Criteria><item title="Modulation" value="MCS9NSS1"></item><item title="Bandwidth" value="40"></item><item title="Antenna" value="0"></item><item title="Channel" value="36"></item><item title="RfIcTemperature" value="5032"></item><item title="CpuTemperature" value="60"></item><item title="ExpectedPower" value="17"></item><item title="EVM" Max="-32" Min="-100"></item><item title="FREQERR" Max="15" Min="-15"></item><item title="SYMCLOCKERR" Max="20" Min="-100"></item><item title="POWER" Max="18,5" Min="15,5" Avg="17"></item><item title="LOLEAKAGE" Max="-17" Min="-100"></item><item title="SPECTRUMMASK" Max="100" Min="0"></item><item title="SPECTRUMMARGIN" Max="1000" Min="0"></item></Criteria><Record><item title="Modulation" value="MCS9NSS1"></item><item title="Bandwidth" value="40"></item><item title="Channel" value="36"></item><item title="Antenna" value="0"></item><item title="ExpectedPower" value="17"></item><item title="Power" value="17"></item><item title="TestType" value="Tx"></item><item title="EVM" value="-36,7749" result="PASS"></item><item title="FREQERR" value="1,16769" result="PASS"></item><item title="SYMCLOCKERR" value="1,04458" result="PASS"></item><item title="POWER" value="14,9436" result="FAIL"></item><item title="LOLEAKAGE" value="-47,2386" result="PASS"></item><item title="SPECTRUMMASK" value="19,2028" result="PASS"></item><item title="SPECTRUMMARGIN" value="19,2028" result="PASS"></item></Record><Criteria><item title="Modulation" value="MCS9NSS1"></item><item title="Bandwidth" value="40"></item><item title="Antenna" value="0"></item><item title="Channel" value="36"></item><item title="RfIcTemperature" value="5032"></item><item title="CpuTemperature" value="60"></item><item title="ExpectedPower" value="18"></item><item title="EVM" Max="-32" Min="-100"></item><item title="FREQERR" Max="15" Min="-15"></item><item title="SYMCLOCKERR" Max="20" Min="-100"></item><item title="POWER" Max="19,5" Min="16,5" Avg="18"></item><item title="LOLEAKAGE" Max="-17" Min="-100"></item><item title="SPECTRUMMASK" Max="100" Min="0"></item><item title="SPECTRUMMARGIN" Max="1000" Min="0"></item></Criteria><Record><item title="Modulation" value="MCS9NSS1"></item><item title="Bandwidth" value="40"></item><item title="Channel" value="36"></item><item title="Antenna" value="0"></item><item title="ExpectedPower" value="18"></item><item title="Power" value="18"></item><item title="TestType" value="Tx"></item><item title="EVM" value="-36,1542" result="PASS"></item><item title="FREQERR" value="1,16794" result="PASS"></item><item title="SYMCLOCKERR" value="1,39936" result="PASS"></item><item title="POWER" value="15,9033" result="FAIL"></item><item title="LOLEAKAGE" value="-49,8593" result="PASS"></item><item title="SPECTRUMMASK" value="17,3958" result="PASS"></item><item title="SPECTRUMMARGIN" value="17,3958" result="PASS"></item></Record><Criteria><item title="Modulation" value="MCS9NSS1"></item><item title="Bandwidth" value="40"></item><item title="Antenna" value="0"></item><item title="Channel" value="36"></item><item title="RfIcTemperature" value="5032"></item><item title="CpuTemperature" value="60"></item><item title="ExpectedPower" value="19"></item><item title="EVM" Max="-32" Min="-100"></item><item title="FREQERR" Max="15" Min="-15"></item><item title="SYMCLOCKERR" Max="20" Min="-100"></item><item title="POWER" Max="20,5" Min="17,5" Avg="19"></item><item title="LOLEAKAGE" Max="-17" Min="-100"></item><item title="SPECTRUMMASK" Max="100" Min="0"></item><item title="SPECTRUMMARGIN" Max="1000" Min="0"></item></Criteria><Record><item title="Modulation" value="MCS9NSS1"></item><item title="Bandwidth" value="40"></item><item title="Channel" value="36"></item><item title="Antenna" value="0"></item><item title="ExpectedPower" value="19"></item><item title="Power" value="19"></item><item title="TestType" value="Tx"></item><item title="EVM" value="-35,7327" result="PASS"></item><item title="FREQERR" value="1,16527" result="PASS"></item><item title="SYMCLOCKERR" value="1,98147" result="PASS"></item><item title="POWER" value="16,7104" result="FAIL"></item><item title="LOLEAKAGE" value="-46,5211" result="PASS"></item><item title="SPECTRUMMASK" value="16,9046" result="PASS"></item><item title="SPECTRUMMARGIN" value="16,9046" result="PASS"></item></Record><Criteria><item title="Modulation" value="MCS9NSS1"></item><item title="Bandwidth" value="40"></item><item title="Antenna" value="0"></item><item title="Channel" value="36"></item><item title="RfIcTemperature" value="5032"></item><item title="CpuTemperature" value="60"></item><item title="ExpectedPower" value="20"></item><item title="EVM" Max="-32" Min="-100"></item><item title="FREQERR" Max="15" Min="-15"></item><item title="SYMCLOCKERR" Max="20" Min="-100"></item><item title="POWER" Max="21,5" Min="18,5" Avg="20"></item><item title="LOLEAKAGE" Max="-17" Min="-100"></item><item title="SPECTRUMMASK" Max="100" Min="0"></item><item title="SPECTRUMMARGIN" Max="1000" Min="0"></item></Criteria><Record><item title="Modulation" value="MCS9NSS1"></item><item title="Bandwidth" value="40"></item><item title="Channel" value="36"></item><item title="Antenna" value="0"></item><item title="ExpectedPower" value="20"></item><item title="Power" value="20"></item><item title="TestType" value="Tx"></item><item title="EVM" value="-35,0452" result="PASS"></item><item title="FREQERR" value="1,16801" result="PASS"></item><item title="SYMCLOCKERR" value="0,427298" result="PASS"></item><item title="POWER" value="17,9936" result="FAIL"></item><item title="LOLEAKAGE" value="-48,7742" result="PASS"></item><item title="SPECTRUMMASK" value="13,961" result="PASS"></item><item title="SPECTRUMMARGIN" value="13,961" result="PASS"></item></Record><Criteria><item title="Modulation" value="MCS9NSS1"></item><item title="Bandwidth" value="40"></item><item title="Antenna" value="0"></item><item title="Channel" value="36"></item><item title="RfIcTemperature" value="5032"></item><item title="CpuTemperature" value="60"></item><item title="ExpectedPower" value="21"></item><item title="EVM" Max="-32" Min="-100"></item><item title="FREQERR" Max="15" Min="-15"></item><item title="SYMCLOCKERR" Max="20" Min="-100"></item><item title="POWER" Max="22,5" Min="19,5" Avg="21"></item><item title="LOLEAKAGE" Max="-17" Min="-100"></item><item title="SPECTRUMMASK" Max="100" Min="0"></item><item title="SPECTRUMMARGIN" Max="1000" Min="0"></item></Criteria><Record><item title="Modulation" value="MCS9NSS1"></item><item title="Bandwidth" value="40"></item><item title="Channel" value="36"></item><item title="Antenna" value="0"></item><item title="ExpectedPower" value="21"></item><item title="Power" value="21"></item><item title="TestType" value="Tx"></item><item title="EVM" value="-33,8578" result="PASS"></item><item title="FREQERR" value="1,16933" result="PASS"></item><item title="SYMCLOCKERR" value="1,42559" result="PASS"></item><item title="POWER" value="18,8545" result="FAIL"></item><item title="LOLEAKAGE" value="-49,7884" result="PASS"></item><item title="SPECTRUMMASK" value="13,2025" result="PASS"></item><item title="SPECTRUMMARGIN" value="13,2025" result="PASS"></item></Record><Criteria><item title="Modulation" value="MCS9NSS1"></item><item title="Bandwidth" value="40"></item><item title="Antenna" value="0"></item><item title="Channel" value="36"></item><item title="RfIcTemperature" value="5032"></item><item title="CpuTemperature" value="60"></item><item title="ExpectedPower" value="22"></item><item title="EVM" Max="-32" Min="-100"></item><item title="FREQERR" Max="15" Min="-15"></item><item title="SYMCLOCKERR" Max="20" Min="-100"></item><item title="POWER" Max="23,5" Min="20,5" Avg="22"></item><item title="LOLEAKAGE" Max="-17" Min="-100"></item><item title="SPECTRUMMASK" Max="100" Min="0"></item><item title="SPECTRUMMARGIN" Max="1000" Min="0"></item></Criteria><Record><item title="Modulation" value="MCS9NSS1"></item><item title="Bandwidth" value="40"></item><item title="Channel" value="36"></item><item title="Antenna" value="0"></item><item title="ExpectedPower" value="22"></item><item title="Power" value="22"></item><item title="TestType" value="Tx"></item><item title="EVM" value="-31,3664" result="FAIL"></item><item title="FREQERR" value="1,16924" result="PASS"></item><item title="SYMCLOCKERR" value="2,76059" result="PASS"></item><item title="POWER" value="19,9093" result="FAIL"></item><item title="LOLEAKAGE" value="-44,7217" result="PASS"></item><item title="SPECTRUMMASK" value="11,3476" result="PASS"></item><item title="SPECTRUMMARGIN" value="11,3476" result="PASS"></item></Record><Criteria><item title="Modulation" value="MCS9NSS1"></item><item title="Bandwidth" value="40"></item><item title="Antenna" value="0"></item><item title="Channel" value="36"></item><item title="RfIcTemperature" value="5032"></item><item title="CpuTemperature" value="60"></item><item title="ExpectedPower" value="23"></item><item title="EVM" Max="-32" Min="-100"></item><item title="FREQERR" Max="15" Min="-15"></item><item title="SYMCLOCKERR" Max="20" Min="-100"></item><item title="POWER" Max="24,5" Min="21,5" Avg="23"></item><item title="LOLEAKAGE" Max="-17" Min="-100"></item><item title="SPECTRUMMASK" Max="100" Min="0"></item><item title="SPECTRUMMARGIN" Max="1000" Min="0"></item></Criteria><Record><item title="Modulation" value="MCS9NSS1"></item><item title="Bandwidth" value="40"></item><item title="Channel" value="36"></item><item title="Antenna" value="0"></item><item title="ExpectedPower" value="23"></item><item title="Power" value="23"></item><item title="TestType" value="Tx"></item><item title="EVM" value="-28,3508" result="FAIL"></item><item title="FREQERR" value="1,16656" result="PASS"></item><item title="SYMCLOCKERR" value="-0,409033" result="PASS"></item><item title="POWER" value="20,9477" result="FAIL"></item><item title="LOLEAKAGE" value="-45,0243" result="PASS"></item><item title="SPECTRUMMASK" value="8,26304" result="PASS"></item><item title="SPECTRUMMARGIN" value="8,26304" result="PASS"></item></Record><Criteria><item title="Modulation" value="MCS9NSS1"></item><item title="Bandwidth" value="40"></item><item title="Antenna" value="0"></item><item title="Channel" value="36"></item><item title="RfIcTemperature" value="5032"></item><item title="CpuTemperature" value="60"></item><item title="ExpectedPower" value="24"></item><item title="EVM" Max="-32" Min="-100"></item><item title="FREQERR" Max="15" Min="-15"></item><item title="SYMCLOCKERR" Max="20" Min="-100"></item><item title="POWER" Max="25,5" Min="22,5" Avg="24"></item><item title="LOLEAKAGE" Max="-17" Min="-100"></item><item title="SPECTRUMMASK" Max="100" Min="0"></item><item title="SPECTRUMMARGIN" Max="1000" Min="0"></item></Criteria><Record><item title="Modulation" value="MCS9NSS1"></item><item title="Bandwidth" value="40"></item><item title="Channel" value="36"></item><item title="Antenna" value="0"></item><item title="ExpectedPower" value="24"></item><item title="Power" value="24"></item><item title="TestType" value="Tx"></item><item title="EVM" value="-27,5509" result="FAIL"></item><item title="FREQERR" value="1,17294" result="PASS"></item><item title="SYMCLOCKERR" value="2,44736" result="PASS"></item><item title="POWER" value="21,7984" result="FAIL"></item><item title="LOLEAKAGE" value="-47,007" result="PASS"></item><item title="SPECTRUMMASK" value="6,70435" result="PASS"></item><item title="SPECTRUMMARGIN" value="6,70435" result="PASS"></item></Record><Criteria><item title="Modulation" value="MCS9NSS1"></item><item title="Bandwidth" value="40"></item><item title="Antenna" value="0"></item><item title="Channel" value="36"></item><item title="RfIcTemperature" value="5032"></item><item title="CpuTemperature" value="60"></item><item title="ExpectedPower" value="25"></item><item title="EVM" Max="-32" Min="-100"></item><item title="FREQERR" Max="15" Min="-15"></item><item title="SYMCLOCKERR" Max="20" Min="-100"></item><item title="POWER" Max="26,5" Min="23,5" Avg="25"></item><item title="LOLEAKAGE" Max="-17" Min="-100"></item><item title="SPECTRUMMASK" Max="100" Min="0"></item><item title="SPECTRUMMARGIN" Max="1000" Min="0"></item></Criteria><Record><item title="Modulation" value="MCS9NSS1"></item><item title="Bandwidth" value="40"></item><item title="Channel" value="36"></item><item title="Antenna" value="0"></item><item title="ExpectedPower" value="25"></item><item title="Power" value="25"></item><item title="TestType" value="Tx"></item><item title="EVM" value="-23,9908" result="FAIL"></item><item title="FREQERR" value="1,1818" result="PASS"></item><item title="SYMCLOCKERR" value="0,861558" result="PASS"></item><item title="POWER" value="23,0879" result="FAIL"></item><item title="LOLEAKAGE" value="-48,48" result="PASS"></item><item title="SPECTRUMMASK" value="3,17792" result="PASS"></item><item title="SPECTRUMMARGIN" value="3,17792" result="PASS"></item></Record><Criteria><item title="Modulation" value="MCS9NSS1"></item><item title="Bandwidth" value="40"></item><item title="Antenna" value="1"></item><item title="Channel" value="36"></item><item title="RfIcTemperature" value="5032"></item><item title="CpuTemperature" value="60"></item><item title="ExpectedPower" value="10"></item><item title="EVM" Max="-32" Min="-100"></item><item title="FREQERR" Max="15" Min="-15"></item><item title="SYMCLOCKERR" Max="20" Min="-100"></item><item title="POWER" Max="11,5" Min="8,5" Avg="10"></item><item title="LOLEAKAGE" Max="-17" Min="-100"></item><item title="SPECTRUMMASK" Max="100" Min="0"></item><item title="SPECTRUMMARGIN" Max="1000" Min="0"></item></Criteria><Record><item title="Modulation" value="MCS9NSS1"></item><item title="Bandwidth" value="40"></item><item title="Channel" value="36"></item><item title="Antenna" value="1"></item><item title="ExpectedPower" value="10"></item><item title="Power" value="10"></item><item title="TestType" value="Tx"></item><item title="EVM" value="-39,6498" result="PASS"></item><item title="FREQERR" value="1,1614" result="PASS"></item><item title="SYMCLOCKERR" value="0,34194" result="PASS"></item><item title="POWER" value="8,29163" result="FAIL"></item><item title="LOLEAKAGE" value="-38,0261" result="PASS"></item><item title="SPECTRUMMASK" value="19,488" result="PASS"></item><item title="SPECTRUMMARGIN" value="19,488" result="PASS"></item></Record><Criteria><item title="Modulation" value="MCS9NSS1"></item><item title="Bandwidth" value="40"></item><item title="Antenna" value="1"></item><item title="Channel" value="36"></item><item title="RfIcTemperature" value="5032"></item><item title="CpuTemperature" value="60"></item><item title="ExpectedPower" value="11"></item><item title="EVM" Max="-32" Min="-100"></item><item title="FREQERR" Max="15" Min="-15"></item><item title="SYMCLOCKERR" Max="20" Min="-100"></item><item title="POWER" Max="12,5" Min="9,5" Avg="11"></item><item title="LOLEAKAGE" Max="-17" Min="-100"></item><item title="SPECTRUMMASK" Max="100" Min="0"></item><item title="SPECTRUMMARGIN" Max="1000" Min="0"></item></Criteria><Record><item title="Modulation" value="MCS9NSS1"></item><item title="Bandwidth" value="40"></item><item title="Channel" value="36"></item><item title="Antenna" value="1"></item><item title="ExpectedPower" value="11"></item><item title="Power" value="11"></item><item title="TestType" value="Tx"></item><item title="EVM" value="-39,6856" result="PASS"></item><item title="FREQERR" value="1,16646" result="PASS"></item><item title="SYMCLOCKERR" value="0,241168" result="PASS"></item><item title="POWER" value="9,4109" result="FAIL"></item><item title="LOLEAKAGE" value="-41,3222" result="PASS"></item><item title="SPECTRUMMASK" value="21,1864" result="PASS"></item><item title="SPECTRUMMARGIN" value="21,1864" result="PASS"></item></Record><Criteria><item title="Modulation" value="MCS9NSS1"></item><item title="Bandwidth" value="40"></item><item title="Antenna" value="1"></item><item title="Channel" value="36"></item><item title="RfIcTemperature" value="5032"></item><item title="CpuTemperature" value="60"></item><item title="ExpectedPower" value="12"></item><item title="EVM" Max="-32" Min="-100"></item><item title="FREQERR" Max="15" Min="-15"></item><item title="SYMCLOCKERR" Max="20" Min="-100"></item><item title="POWER" Max="13,5" Min="10,5" Avg="12"></item><item title="LOLEAKAGE" Max="-17" Min="-100"></item><item title="SPECTRUMMASK" Max="100" Min="0"></item><item title="SPECTRUMMARGIN" Max="1000" Min="0"></item></Criteria><Record><item title="Modulation" value="MCS9NSS1"></item><item title="Bandwidth" value="40"></item><item title="Channel" value="36"></item><item title="Antenna" value="1"></item><item title="ExpectedPower" value="12"></item><item title="Power" value="12"></item><item title="TestType" value="Tx"></item><item title="EVM" value="-39,854" result="PASS"></item><item title="FREQERR" value="1,16537" result="PASS"></item><item title="SYMCLOCKERR" value="0,65838" result="PASS"></item><item title="POWER" value="10,2042" result="FAIL"></item><item title="LOLEAKAGE" value="-39,3303" result="PASS"></item><item title="SPECTRUMMASK" value="21,6336" result="PASS"></item><item title="SPECTRUMMARGIN" value="21,6336" result="PASS"></item></Record><Criteria><item title="Modulation" value="MCS9NSS1"></item><item title="Bandwidth" value="40"></item><item title="Antenna" value="1"></item><item title="Channel" value="36"></item><item title="RfIcTemperature" value="5032"></item><item title="CpuTemperature" value="60"></item><item title="ExpectedPower" value="13"></item><item title="EVM" Max="-32" Min="-100"></item><item title="FREQERR" Max="15" Min="-15"></item><item title="SYMCLOCKERR" Max="20" Min="-100"></item><item title="POWER" Max="14,5" Min="11,5" Avg="13"></item><item title="LOLEAKAGE" Max="-17" Min="-100"></item><item title="SPECTRUMMASK" Max="100" Min="0"></item><item title="SPECTRUMMARGIN" Max="1000" Min="0"></item></Criteria><Record><item title="Modulation" value="MCS9NSS1"></item><item title="Bandwidth" value="40"></item><item title="Channel" value="36"></item><item title="Antenna" value="1"></item><item title="ExpectedPower" value="13"></item><item title="Power" value="13"></item><item title="TestType" value="Tx"></item><item title="EVM" value="-39,9884" result="PASS"></item><item title="FREQERR" value="1,16843" result="PASS"></item><item title="SYMCLOCKERR" value="0,493171" result="PASS"></item><item title="POWER" value="11,5417" result="PASS"></item><item title="LOLEAKAGE" value="-45,4348" result="PASS"></item><item title="SPECTRUMMASK" value="21,7681" result="PASS"></item><item title="SPECTRUMMARGIN" value="21,7681" result="PASS"></item></Record><Criteria><item title="Modulation" value="MCS9NSS1"></item><item title="Bandwidth" value="40"></item><item title="Antenna" value="1"></item><item title="Channel" value="36"></item><item title="RfIcTemperature" value="5032"></item><item title="CpuTemperature" value="60"></item><item title="ExpectedPower" value="14"></item><item title="EVM" Max="-32" Min="-100"></item><item title="FREQERR" Max="15" Min="-15"></item><item title="SYMCLOCKERR" Max="20" Min="-100"></item><item title="POWER" Max="15,5" Min="12,5" Avg="14"></item><item title="LOLEAKAGE" Max="-17" Min="-100"></item><item title="SPECTRUMMASK" Max="100" Min="0"></item><item title="SPECTRUMMARGIN" Max="1000" Min="0"></item></Criteria><Record><item title="Modulation" value="MCS9NSS1"></item><item title="Bandwidth" value="40"></item><item title="Channel" value="36"></item><item title="Antenna" value="1"></item><item title="ExpectedPower" value="14"></item><item title="Power" value="14"></item><item title="TestType" value="Tx"></item><item title="EVM" value="-38,2624" result="PASS"></item><item title="FREQERR" value="1,17035" result="PASS"></item><item title="SYMCLOCKERR" value="0,729151" result="PASS"></item><item title="POWER" value="12,4209" result="FAIL"></item><item title="LOLEAKAGE" value="-42,9863" result="PASS"></item><item title="SPECTRUMMASK" value="21,2645" result="PASS"></item><item title="SPECTRUMMARGIN" value="21,2645" result="PASS"></item></Record><Criteria><item title="Modulation" value="MCS9NSS1"></item><item title="Bandwidth" value="40"></item><item title="Antenna" value="1"></item><item title="Channel" value="36"></item><item title="RfIcTemperature" value="5032"></item><item title="CpuTemperature" value="60"></item><item title="ExpectedPower" value="15"></item><item title="EVM" Max="-32" Min="-100"></item><item title="FREQERR" Max="15" Min="-15"></item><item title="SYMCLOCKERR" Max="20" Min="-100"></item><item title="POWER" Max="16,5" Min="13,5" Avg="15"></item><item title="LOLEAKAGE" Max="-17" Min="-100"></item><item title="SPECTRUMMASK" Max="100" Min="0"></item><item title="SPECTRUMMARGIN" Max="1000" Min="0"></item></Criteria><Record><item title="Modulation" value="MCS9NSS1"></item><item title="Bandwidth" value="40"></item><item title="Channel" value="36"></item><item title="Antenna" value="1"></item><item title="ExpectedPower" value="15"></item><item title="Power" value="15"></item><item title="TestType" value="Tx"></item><item title="EVM" value="-39,4293" result="PASS"></item><item title="FREQERR" value="1,1694" result="PASS"></item><item title="SYMCLOCKERR" value="0,593796" result="PASS"></item><item title="POWER" value="13,3974" result="FAIL"></item><item title="LOLEAKAGE" value="-47,2865" result="PASS"></item><item title="SPECTRUMMASK" value="20,4594" result="PASS"></item><item title="SPECTRUMMARGIN" value="20,4594" result="PASS"></item></Record><Criteria><item title="Modulation" value="MCS9NSS1"></item><item title="Bandwidth" value="40"></item><item title="Antenna" value="1"></item><item title="Channel" value="36"></item><item title="RfIcTemperature" value="5032"></item><item title="CpuTemperature" value="60"></item><item title="ExpectedPower" value="16"></item><item title="EVM" Max="-32" Min="-100"></item><item title="FREQERR" Max="15" Min="-15"></item><item title="SYMCLOCKERR" Max="20" Min="-100"></item><item title="POWER" Max="17,5" Min="14,5" Avg="16"></item><item title="LOLEAKAGE" Max="-17" Min="-100"></item><item title="SPECTRUMMASK" Max="100" Min="0"></item><item title="SPECTRUMMARGIN" Max="1000" Min="0"></item></Criteria><Record><item title="Modulation" value="MCS9NSS1"></item><item title="Bandwidth" value="40"></item><item title="Channel" value="36"></item><item title="Antenna" value="1"></item><item title="ExpectedPower" value="16"></item><item title="Power" value="16"></item><item title="TestType" value="Tx"></item><item title="EVM" value="-39,2316" result="PASS"></item><item title="FREQERR" value="1,16775" result="PASS"></item><item title="SYMCLOCKERR" value="0,31951" result="PASS"></item><item title="POWER" value="14,3983" result="FAIL"></item><item title="LOLEAKAGE" value="-47,6904" result="PASS"></item><item title="SPECTRUMMASK" value="20,4494" result="PASS"></item><item title="SPECTRUMMARGIN" value="20,4494" result="PASS"></item></Record><Criteria><item title="Modulation" value="MCS9NSS1"></item><item title="Bandwidth" value="40"></item><item title="Antenna" value="1"></item><item title="Channel" value="36"></item><item title="RfIcTemperature" value="5032"></item><item title="CpuTemperature" value="60"></item><item title="ExpectedPower" value="17"></item><item title="EVM" Max="-32" Min="-100"></item><item title="FREQERR" Max="15" Min="-15"></item><item title="SYMCLOCKERR" Max="20" Min="-100"></item><item title="POWER" Max="18,5" Min="15,5" Avg="17"></item><item title="LOLEAKAGE" Max="-17" Min="-100"></item><item title="SPECTRUMMASK" Max="100" Min="0"></item><item title="SPECTRUMMARGIN" Max="1000" Min="0"></item></Criteria><Record><item title="Modulation" value="MCS9NSS1"></item><item title="Bandwidth" value="40"></item><item title="Channel" value="36"></item><item title="Antenna" value="1"></item><item title="ExpectedPower" value="17"></item><item title="Power" value="17"></item><item title="TestType" value="Tx"></item><item title="EVM" value="-38,4398" result="PASS"></item><item title="FREQERR" value="1,16566" result="PASS"></item><item title="SYMCLOCKERR" value="-0,0422085" result="PASS"></item><item title="POWER" value="15,3647" result="FAIL"></item><item title="LOLEAKAGE" value="-45,1247" result="PASS"></item><item title="SPECTRUMMASK" value="20,1965" result="PASS"></item><item title="SPECTRUMMARGIN" value="20,1965" result="PASS"></item></Record><Criteria><item title="Modulation" value="MCS9NSS1"></item><item title="Bandwidth" value="40"></item><item title="Antenna" value="1"></item><item title="Channel" value="36"></item><item title="RfIcTemperature" value="5032"></item><item title="CpuTemperature" value="60"></item><item title="ExpectedPower" value="18"></item><item title="EVM" Max="-32" Min="-100"></item><item title="FREQERR" Max="15" Min="-15"></item><item title="SYMCLOCKERR" Max="20" Min="-100"></item><item title="POWER" Max="19,5" Min="16,5" Avg="18"></item><item title="LOLEAKAGE" Max="-17" Min="-100"></item><item title="SPECTRUMMASK" Max="100" Min="0"></item><item title="SPECTRUMMARGIN" Max="1000" Min="0"></item></Criteria><Record><item title="Modulation" value="MCS9NSS1"></item><item title="Bandwidth" value="40"></item><item title="Channel" value="36"></item><item title="Antenna" value="1"></item><item title="ExpectedPower" value="18"></item><item title="Power" value="18"></item><item title="TestType" value="Tx"></item><item title="EVM" value="-38,5439" result="PASS"></item><item title="FREQERR" value="1,17122" result="PASS"></item><item title="SYMCLOCKERR" value="0,635289" result="PASS"></item><item title="POWER" value="16,2197" result="FAIL"></item><item title="LOLEAKAGE" value="-46,8805" result="PASS"></item><item title="SPECTRUMMASK" value="20,8112" result="PASS"></item><item title="SPECTRUMMARGIN" value="20,8112" result="PASS"></item></Record><Criteria><item title="Modulation" value="MCS9NSS1"></item><item title="Bandwidth" value="40"></item><item title="Antenna" value="1"></item><item title="Channel" value="36"></item><item title="RfIcTemperature" value="5032"></item><item title="CpuTemperature" value="60"></item><item title="ExpectedPower" value="19"></item><item title="EVM" Max="-32" Min="-100"></item><item title="FREQERR" Max="15" Min="-15"></item><item title="SYMCLOCKERR" Max="20" Min="-100"></item><item title="POWER" Max="20,5" Min="17,5" Avg="19"></item><item title="LOLEAKAGE" Max="-17" Min="-100"></item><item title="SPECTRUMMASK" Max="100" Min="0"></item><item title="SPECTRUMMARGIN" Max="1000" Min="0"></item></Criteria><Record><item title="Modulation" value="MCS9NSS1"></item><item title="Bandwidth" value="40"></item><item title="Channel" value="36"></item><item title="Antenna" value="1"></item><item title="ExpectedPower" value="19"></item><item title="Power" value="19"></item><item title="TestType" value="Tx"></item><item title="EVM" value="-37,9387" result="PASS"></item><item title="FREQERR" value="1,16461" result="PASS"></item><item title="SYMCLOCKERR" value="0,0183608" result="PASS"></item><item title="POWER" value="17,1253" result="FAIL"></item><item title="LOLEAKAGE" value="-44,9045" result="PASS"></item><item title="SPECTRUMMASK" value="19,8675" result="PASS"></item><item title="SPECTRUMMARGIN" value="19,8675" result="PASS"></item></Record><Criteria><item title="Modulation" value="MCS9NSS1"></item><item title="Bandwidth" value="40"></item><item title="Antenna" value="1"></item><item title="Channel" value="36"></item><item title="RfIcTemperature" value="5032"></item><item title="CpuTemperature" value="60"></item><item title="ExpectedPower" value="20"></item><item title="EVM" Max="-32" Min="-100"></item><item title="FREQERR" Max="15" Min="-15"></item><item title="SYMCLOCKERR" Max="20" Min="-100"></item><item title="POWER" Max="21,5" Min="18,5" Avg="20"></item><item title="LOLEAKAGE" Max="-17" Min="-100"></item><item title="SPECTRUMMASK" Max="100" Min="0"></item><item title="SPECTRUMMARGIN" Max="1000" Min="0"></item></Criteria><Record><item title="Modulation" value="MCS9NSS1"></item><item title="Bandwidth" value="40"></item><item title="Channel" value="36"></item><item title="Antenna" value="1"></item><item title="ExpectedPower" value="20"></item><item title="Power" value="20"></item><item title="TestType" value="Tx"></item><item title="EVM" value="-35,8253" result="PASS"></item><item title="FREQERR" value="1,1686" result="PASS"></item><item title="SYMCLOCKERR" value="0,31705" result="PASS"></item><item title="POWER" value="18,373" result="FAIL"></item><item title="LOLEAKAGE" value="-49,6224" result="PASS"></item><item title="SPECTRUMMASK" value="16,5459" result="PASS"></item><item title="SPECTRUMMARGIN" value="16,5459" result="PASS"></item></Record><Criteria><item title="Modulation" value="MCS9NSS1"></item><item title="Bandwidth" value="40"></item><item title="Antenna" value="1"></item><item title="Channel" value="36"></item><item title="RfIcTemperature" value="5032"></item><item title="CpuTemperature" value="60"></item><item title="ExpectedPower" value="21"></item><item title="EVM" Max="-32" Min="-100"></item><item title="FREQERR" Max="15" Min="-15"></item><item title="SYMCLOCKERR" Max="20" Min="-100"></item><item title="POWER" Max="22,5" Min="19,5" Avg="21"></item><item title="LOLEAKAGE" Max="-17" Min="-100"></item><item title="SPECTRUMMASK" Max="100" Min="0"></item><item title="SPECTRUMMARGIN" Max="1000" Min="0"></item></Criteria><Record><item title="Modulation" value="MCS9NSS1"></item><item title="Bandwidth" value="40"></item><item title="Channel" value="36"></item><item title="Antenna" value="1"></item><item title="ExpectedPower" value="21"></item><item title="Power" value="21"></item><item title="TestType" value="Tx"></item><item title="EVM" value="-32,106" result="PASS"></item><item title="FREQERR" value="1,16354" result="PASS"></item><item title="SYMCLOCKERR" value="1,93676" result="PASS"></item><item title="POWER" value="19,3748" result="FAIL"></item><item title="LOLEAKAGE" value="-46,4556" result="PASS"></item><item title="SPECTRUMMASK" value="12,721" result="PASS"></item><item title="SPECTRUMMARGIN" value="12,721" result="PASS"></item></Record><Criteria><item title="Modulation" value="MCS9NSS1"></item><item title="Bandwidth" value="40"></item><item title="Antenna" value="1"></item><item title="Channel" value="36"></item><item title="RfIcTemperature" value="5032"></item><item title="CpuTemperature" value="60"></item><item title="ExpectedPower" value="22"></item><item title="EVM" Max="-32" Min="-100"></item><item title="FREQERR" Max="15" Min="-15"></item><item title="SYMCLOCKERR" Max="20" Min="-100"></item><item title="POWER" Max="23,5" Min="20,5" Avg="22"></item><item title="LOLEAKAGE" Max="-17" Min="-100"></item><item title="SPECTRUMMASK" Max="100" Min="0"></item><item title="SPECTRUMMARGIN" Max="1000" Min="0"></item></Criteria><Record><item title="Modulation" value="MCS9NSS1"></item><item title="Bandwidth" value="40"></item><item title="Channel" value="36"></item><item title="Antenna" value="1"></item><item title="ExpectedPower" value="22"></item><item title="Power" value="22"></item><item title="TestType" value="Tx"></item><item title="EVM" value="-30,0982" result="FAIL"></item><item title="FREQERR" value="1,16834" result="PASS"></item><item title="SYMCLOCKERR" value="-0,0221866" result="PASS"></item><item title="POWER" value="20,3482" result="FAIL"></item><item title="LOLEAKAGE" value="-54,7299" result="PASS"></item><item title="SPECTRUMMASK" value="9,27255" result="PASS"></item><item title="SPECTRUMMARGIN" value="9,27255" result="PASS"></item></Record><Criteria><item title="Modulation" value="MCS9NSS1"></item><item title="Bandwidth" value="40"></item><item title="Antenna" value="1"></item><item title="Channel" value="36"></item><item title="RfIcTemperature" value="5032"></item><item title="CpuTemperature" value="60"></item><item title="ExpectedPower" value="23"></item><item title="EVM" Max="-32" Min="-100"></item><item title="FREQERR" Max="15" Min="-15"></item><item title="SYMCLOCKERR" Max="20" Min="-100"></item><item title="POWER" Max="24,5" Min="21,5" Avg="23"></item><item title="LOLEAKAGE" Max="-17" Min="-100"></item><item title="SPECTRUMMASK" Max="100" Min="0"></item><item title="SPECTRUMMARGIN" Max="1000" Min="0"></item></Criteria><Record><item title="Modulation" value="MCS9NSS1"></item><item title="Bandwidth" value="40"></item><item title="Channel" value="36"></item><item title="Antenna" value="1"></item><item title="ExpectedPower" value="23"></item><item title="Power" value="23"></item><item title="TestType" value="Tx"></item><item title="EVM" value="-26,3303" result="FAIL"></item><item title="FREQERR" value="1,16162" result="PASS"></item><item title="SYMCLOCKERR" value="1,06866" result="PASS"></item><item title="POWER" value="21,3039" result="FAIL"></item><item title="LOLEAKAGE" value="-47,3888" result="PASS"></item><item title="SPECTRUMMASK" value="5,84343" result="PASS"></item><item title="SPECTRUMMARGIN" value="5,84343" result="PASS"></item></Record><Criteria><item title="Modulation" value="MCS9NSS1"></item><item title="Bandwidth" value="40"></item><item title="Antenna" value="1"></item><item title="Channel" value="36"></item><item title="RfIcTemperature" value="5032"></item><item title="CpuTemperature" value="60"></item><item title="ExpectedPower" value="24"></item><item title="EVM" Max="-32" Min="-100"></item><item title="FREQERR" Max="15" Min="-15"></item><item title="SYMCLOCKERR" Max="20" Min="-100"></item><item title="POWER" Max="25,5" Min="22,5" Avg="24"></item><item title="LOLEAKAGE" Max="-17" Min="-100"></item><item title="SPECTRUMMASK" Max="100" Min="0"></item><item title="SPECTRUMMARGIN" Max="1000" Min="0"></item></Criteria><Record><item title="Modulation" value="MCS9NSS1"></item><item title="Bandwidth" value="40"></item><item title="Channel" value="36"></item><item title="Antenna" value="1"></item><item title="ExpectedPower" value="24"></item><item title="Power" value="24"></item><item title="TestType" value="Tx"></item><item title="EVM" value="-24,3506" result="FAIL"></item><item title="FREQERR" value="1,18235" result="PASS"></item><item title="SYMCLOCKERR" value="0,955907" result="PASS"></item><item title="POWER" value="22,3441" result="FAIL"></item><item title="LOLEAKAGE" value="-48,8484" result="PASS"></item><item title="SPECTRUMMASK" value="3,30341" result="PASS"></item><item title="SPECTRUMMARGIN" value="3,30341" result="PASS"></item></Record><Criteria><item title="Modulation" value="MCS9NSS1"></item><item title="Bandwidth" value="40"></item><item title="Antenna" value="1"></item><item title="Channel" value="36"></item><item title="RfIcTemperature" value="5032"></item><item title="CpuTemperature" value="60"></item><item title="ExpectedPower" value="25"></item><item title="EVM" Max="-32" Min="-100"></item><item title="FREQERR" Max="15" Min="-15"></item><item title="SYMCLOCKERR" Max="20" Min="-100"></item><item title="POWER" Max="26,5" Min="23,5" Avg="25"></item><item title="LOLEAKAGE" Max="-17" Min="-100"></item><item title="SPECTRUMMASK" Max="100" Min="0"></item><item title="SPECTRUMMARGIN" Max="1000" Min="0"></item></Criteria><Record><item title="Modulation" value="MCS9NSS1"></item><item title="Bandwidth" value="40"></item><item title="Channel" value="36"></item><item title="Antenna" value="1"></item><item title="ExpectedPower" value="25"></item><item title="Power" value="25"></item><item title="TestType" value="Tx"></item><item title="EVM" value="-23,1727" result="FAIL"></item><item title="FREQERR" value="1,15876" result="PASS"></item><item title="SYMCLOCKERR" value="4,6036" result="PASS"></item><item title="POWER" value="23,3467" result="FAIL"></item><item title="LOLEAKAGE" value="-43,2412" result="PASS"></item><item title="SPECTRUMMASK" value="-1,26265" result="FAIL"></item><item title="SPECTRUMMARGIN" value="-1,26265" result="FAIL"></item></Record><Criteria><item title="Modulation" value="MCS9NSS1"></item><item title="Bandwidth" value="40"></item><item title="Antenna" value="2"></item><item title="Channel" value="36"></item><item title="RfIcTemperature" value="5032"></item><item title="CpuTemperature" value="60"></item><item title="ExpectedPower" value="10"></item><item title="EVM" Max="-32" Min="-100"></item><item title="FREQERR" Max="15" Min="-15"></item><item title="SYMCLOCKERR" Max="20" Min="-100"></item><item title="POWER" Max="11,5" Min="8,5" Avg="10"></item><item title="LOLEAKAGE" Max="-17" Min="-100"></item><item title="SPECTRUMMASK" Max="100" Min="0"></item><item title="SPECTRUMMARGIN" Max="1000" Min="0"></item></Criteria><Record><item title="Modulation" value="MCS9NSS1"></item><item title="Bandwidth" value="40"></item><item title="Channel" value="36"></item><item title="Antenna" value="2"></item><item title="ExpectedPower" value="10"></item><item title="Power" value="10"></item><item title="TestType" value="Tx"></item><item title="EVM" value="-38,2872" result="PASS"></item><item title="FREQERR" value="1,15292" result="PASS"></item><item title="SYMCLOCKERR" value="0,287017" result="PASS"></item><item title="POWER" value="8,26777" result="FAIL"></item><item title="LOLEAKAGE" value="-35,9102" result="PASS"></item><item title="SPECTRUMMASK" value="20,4799" result="PASS"></item><item title="SPECTRUMMARGIN" value="20,4799" result="PASS"></item></Record><Criteria><item title="Modulation" value="MCS9NSS1"></item><item title="Bandwidth" value="40"></item><item title="Antenna" value="2"></item><item title="Channel" value="36"></item><item title="RfIcTemperature" value="5032"></item><item title="CpuTemperature" value="60"></item><item title="ExpectedPower" value="11"></item><item title="EVM" Max="-32" Min="-100"></item><item title="FREQERR" Max="15" Min="-15"></item><item title="SYMCLOCKERR" Max="20" Min="-100"></item><item title="POWER" Max="12,5" Min="9,5" Avg="11"></item><item title="LOLEAKAGE" Max="-17" Min="-100"></item><item title="SPECTRUMMASK" Max="100" Min="0"></item><item title="SPECTRUMMARGIN" Max="1000" Min="0"></item></Criteria><Record><item title="Modulation" value="MCS9NSS1"></item><item title="Bandwidth" value="40"></item><item title="Channel" value="36"></item><item title="Antenna" value="2"></item><item title="ExpectedPower" value="11"></item><item title="Power" value="11"></item><item title="TestType" value="Tx"></item><item title="EVM" value="-37,6198" result="PASS"></item><item title="FREQERR" value="1,16188" result="PASS"></item><item title="SYMCLOCKERR" value="1,60808" result="PASS"></item><item title="POWER" value="9,38185" result="FAIL"></item><item title="LOLEAKAGE" value="-40,6026" result="PASS"></item><item title="SPECTRUMMASK" value="21,8434" result="PASS"></item><item title="SPECTRUMMARGIN" value="21,8434" result="PASS"></item></Record><Criteria><item title="Modulation" value="MCS9NSS1"></item><item title="Bandwidth" value="40"></item><item title="Antenna" value="2"></item><item title="Channel" value="36"></item><item title="RfIcTemperature" value="5032"></item><item title="CpuTemperature" value="60"></item><item title="ExpectedPower" value="12"></item><item title="EVM" Max="-32" Min="-100"></item><item title="FREQERR" Max="15" Min="-15"></item><item title="SYMCLOCKERR" Max="20" Min="-100"></item><item title="POWER" Max="13,5" Min="10,5" Avg="12"></item><item title="LOLEAKAGE" Max="-17" Min="-100"></item><item title="SPECTRUMMASK" Max="100" Min="0"></item><item title="SPECTRUMMARGIN" Max="1000" Min="0"></item></Criteria><Record><item title="Modulation" value="MCS9NSS1"></item><item title="Bandwidth" value="40"></item><item title="Channel" value="36"></item><item title="Antenna" value="2"></item><item title="ExpectedPower" value="12"></item><item title="Power" value="12"></item><item title="TestType" value="Tx"></item><item title="EVM" value="-37,7054" result="PASS"></item><item title="FREQERR" value="1,16676" result="PASS"></item><item title="SYMCLOCKERR" value="0,851447" result="PASS"></item><item title="POWER" value="10,5679" result="PASS"></item><item title="LOLEAKAGE" value="-43,5317" result="PASS"></item><item title="SPECTRUMMASK" value="19,744" result="PASS"></item><item title="SPECTRUMMARGIN" value="19,744" result="PASS"></item></Record><Criteria><item title="Modulation" value="MCS9NSS1"></item><item title="Bandwidth" value="40"></item><item title="Antenna" value="2"></item><item title="Channel" value="36"></item><item title="RfIcTemperature" value="5032"></item><item title="CpuTemperature" value="60"></item><item title="ExpectedPower" value="13"></item><item title="EVM" Max="-32" Min="-100"></item><item title="FREQERR" Max="15" Min="-15"></item><item title="SYMCLOCKERR" Max="20" Min="-100"></item><item title="POWER" Max="14,5" Min="11,5" Avg="13"></item><item title="LOLEAKAGE" Max="-17" Min="-100"></item><item title="SPECTRUMMASK" Max="100" Min="0"></item><item title="SPECTRUMMARGIN" Max="1000" Min="0"></item></Criteria><Record><item title="Modulation" value="MCS9NSS1"></item><item title="Bandwidth" value="40"></item><item title="Channel" value="36"></item><item title="Antenna" value="2"></item><item title="ExpectedPower" value="13"></item><item title="Power" value="13"></item><item title="TestType" value="Tx"></item><item title="EVM" value="-36,5503" result="PASS"></item><item title="FREQERR" value="1,15896" result="PASS"></item><item title="SYMCLOCKERR" value="0,344984" result="PASS"></item><item title="POWER" value="11,217" result="FAIL"></item><item title="LOLEAKAGE" value="-42,9713" result="PASS"></item><item title="SPECTRUMMASK" value="20,8049" result="PASS"></item><item title="SPECTRUMMARGIN" value="20,8049" result="PASS"></item></Record><Criteria><item title="Modulation" value="MCS9NSS1"></item><item title="Bandwidth" value="40"></item><item title="Antenna" value="2"></item><item title="Channel" value="36"></item><item title="RfIcTemperature" value="5032"></item><item title="CpuTemperature" value="60"></item><item title="ExpectedPower" value="14"></item><item title="EVM" Max="-32" Min="-100"></item><item title="FREQERR" Max="15" Min="-15"></item><item title="SYMCLOCKERR" Max="20" Min="-100"></item><item title="POWER" Max="15,5" Min="12,5" Avg="14"></item><item title="LOLEAKAGE" Max="-17" Min="-100"></item><item title="SPECTRUMMASK" Max="100" Min="0"></item><item title="SPECTRUMMARGIN" Max="1000" Min="0"></item></Criteria><Record><item title="Modulation" value="MCS9NSS1"></item><item title="Bandwidth" value="40"></item><item title="Channel" value="36"></item><item title="Antenna" value="2"></item><item title="ExpectedPower" value="14"></item><item title="Power" value="14"></item><item title="TestType" value="Tx"></item><item title="EVM" value="-38,6277" result="PASS"></item><item title="FREQERR" value="1,16589" result="PASS"></item><item title="SYMCLOCKERR" value="0,907345" result="PASS"></item><item title="POWER" value="12,5017" result="PASS"></item><item title="LOLEAKAGE" value="-47,6265" result="PASS"></item><item title="SPECTRUMMASK" value="21,511" result="PASS"></item><item title="SPECTRUMMARGIN" value="21,511" result="PASS"></item></Record><Criteria><item title="Modulation" value="MCS9NSS1"></item><item title="Bandwidth" value="40"></item><item title="Antenna" value="2"></item><item title="Channel" value="36"></item><item title="RfIcTemperature" value="5032"></item><item title="CpuTemperature" value="60"></item><item title="ExpectedPower" value="15"></item><item title="EVM" Max="-32" Min="-100"></item><item title="FREQERR" Max="15" Min="-15"></item><item title="SYMCLOCKERR" Max="20" Min="-100"></item><item title="POWER" Max="16,5" Min="13,5" Avg="15"></item><item title="LOLEAKAGE" Max="-17" Min="-100"></item><item title="SPECTRUMMASK" Max="100" Min="0"></item><item title="SPECTRUMMARGIN" Max="1000" Min="0"></item></Criteria><Record><item title="Modulation" value="MCS9NSS1"></item><item title="Bandwidth" value="40"></item><item title="Channel" value="36"></item><item title="Antenna" value="2"></item><item title="ExpectedPower" value="15"></item><item title="Power" value="15"></item><item title="TestType" value="Tx"></item><item title="EVM" value="-38,0205" result="PASS"></item><item title="FREQERR" value="1,16269" result="PASS"></item><item title="SYMCLOCKERR" value="0,771358" result="PASS"></item><item title="POWER" value="13,6337" result="PASS"></item><item title="LOLEAKAGE" value="-47,3444" result="PASS"></item><item title="SPECTRUMMASK" value="21,011" result="PASS"></item><item title="SPECTRUMMARGIN" value="21,011" result="PASS"></item></Record><Criteria><item title="Modulation" value="MCS9NSS1"></item><item title="Bandwidth" value="40"></item><item title="Antenna" value="2"></item><item title="Channel" value="36"></item><item title="RfIcTemperature" value="5032"></item><item title="CpuTemperature" value="60"></item><item title="ExpectedPower" value="16"></item><item title="EVM" Max="-32" Min="-100"></item><item title="FREQERR" Max="15" Min="-15"></item><item title="SYMCLOCKERR" Max="20" Min="-100"></item><item title="POWER" Max="17,5" Min="14,5" Avg="16"></item><item title="LOLEAKAGE" Max="-17" Min="-100"></item><item title="SPECTRUMMASK" Max="100" Min="0"></item><item title="SPECTRUMMARGIN" Max="1000" Min="0"></item></Criteria><Record><item title="Modulation" value="MCS9NSS1"></item><item title="Bandwidth" value="40"></item><item title="Channel" value="36"></item><item title="Antenna" value="2"></item><item title="ExpectedPower" value="16"></item><item title="Power" value="16"></item><item title="TestType" value="Tx"></item><item title="EVM" value="-36,2153" result="PASS"></item><item title="FREQERR" value="1,16692" result="PASS"></item><item title="SYMCLOCKERR" value="0,57172" result="PASS"></item><item title="POWER" value="14,5381" result="PASS"></item><item title="LOLEAKAGE" value="-45,9954" result="PASS"></item><item title="SPECTRUMMASK" value="21,0344" result="PASS"></item><item title="SPECTRUMMARGIN" value="21,0344" result="PASS"></item></Record><Criteria><item title="Modulation" value="MCS9NSS1"></item><item title="Bandwidth" value="40"></item><item title="Antenna" value="2"></item><item title="Channel" value="36"></item><item title="RfIcTemperature" value="5032"></item><item title="CpuTemperature" value="60"></item><item title="ExpectedPower" value="17"></item><item title="EVM" Max="-32" Min="-100"></item><item title="FREQERR" Max="15" Min="-15"></item><item title="SYMCLOCKERR" Max="20" Min="-100"></item><item title="POWER" Max="18,5" Min="15,5" Avg="17"></item><item title="LOLEAKAGE" Max="-17" Min="-100"></item><item title="SPECTRUMMASK" Max="100" Min="0"></item><item title="SPECTRUMMARGIN" Max="1000" Min="0"></item></Criteria><Record><item title="Modulation" value="MCS9NSS1"></item><item title="Bandwidth" value="40"></item><item title="Channel" value="36"></item><item title="Antenna" value="2"></item><item title="ExpectedPower" value="17"></item><item title="Power" value="17"></item><item title="TestType" value="Tx"></item><item title="EVM" value="-37,2915" result="PASS"></item><item title="FREQERR" value="1,15975" result="PASS"></item><item title="SYMCLOCKERR" value="0,955047" result="PASS"></item><item title="POWER" value="15,4706" result="FAIL"></item><item title="LOLEAKAGE" value="-44,8018" result="PASS"></item><item title="SPECTRUMMASK" value="19,3459" result="PASS"></item><item title="SPECTRUMMARGIN" value="19,3459" result="PASS"></item></Record><Criteria><item title="Modulation" value="MCS9NSS1"></item><item title="Bandwidth" value="40"></item><item title="Antenna" value="2"></item><item title="Channel" value="36"></item><item title="RfIcTemperature" value="5032"></item><item title="CpuTemperature" value="60"></item><item title="ExpectedPower" value="18"></item><item title="EVM" Max="-32" Min="-100"></item><item title="FREQERR" Max="15" Min="-15"></item><item title="SYMCLOCKERR" Max="20" Min="-100"></item><item title="POWER" Max="19,5" Min="16,5" Avg="18"></item><item title="LOLEAKAGE" Max="-17" Min="-100"></item><item title="SPECTRUMMASK" Max="100" Min="0"></item><item title="SPECTRUMMARGIN" Max="1000" Min="0"></item></Criteria><Record><item title="Modulation" value="MCS9NSS1"></item><item title="Bandwidth" value="40"></item><item title="Channel" value="36"></item><item title="Antenna" value="2"></item><item title="ExpectedPower" value="18"></item><item title="Power" value="18"></item><item title="TestType" value="Tx"></item><item title="EVM" value="-35,6954" result="PASS"></item><item title="FREQERR" value="1,16621" result="PASS"></item><item title="SYMCLOCKERR" value="0,922723" result="PASS"></item><item title="POWER" value="16,5314" result="PASS"></item><item title="LOLEAKAGE" value="-43,0746" result="PASS"></item><item title="SPECTRUMMASK" value="18,9417" result="PASS"></item><item title="SPECTRUMMARGIN" value="18,9417" result="PASS"></item></Record><Criteria><item title="Modulation" value="MCS9NSS1"></item><item title="Bandwidth" value="40"></item><item title="Antenna" value="2"></item><item title="Channel" value="36"></item><item title="RfIcTemperature" value="5032"></item><item title="CpuTemperature" value="60"></item><item title="ExpectedPower" value="19"></item><item title="EVM" Max="-32" Min="-100"></item><item title="FREQERR" Max="15" Min="-15"></item><item title="SYMCLOCKERR" Max="20" Min="-100"></item><item title="POWER" Max="20,5" Min="17,5" Avg="19"></item><item title="LOLEAKAGE" Max="-17" Min="-100"></item><item title="SPECTRUMMASK" Max="100" Min="0"></item><item title="SPECTRUMMARGIN" Max="1000" Min="0"></item></Criteria><Record><item title="Modulation" value="MCS9NSS1"></item><item title="Bandwidth" value="40"></item><item title="Channel" value="36"></item><item title="Antenna" value="2"></item><item title="ExpectedPower" value="19"></item><item title="Power" value="19"></item><item title="TestType" value="Tx"></item><item title="EVM" value="-36,747" result="PASS"></item><item title="FREQERR" value="1,16924" result="PASS"></item><item title="SYMCLOCKERR" value="1,33026" result="PASS"></item><item title="POWER" value="17,5547" result="PASS"></item><item title="LOLEAKAGE" value="-43,5077" result="PASS"></item><item title="SPECTRUMMASK" value="17,5926" result="PASS"></item><item title="SPECTRUMMARGIN" value="17,5926" result="PASS"></item></Record><Criteria><item title="Modulation" value="MCS9NSS1"></item><item title="Bandwidth" value="40"></item><item title="Antenna" value="2"></item><item title="Channel" value="36"></item><item title="RfIcTemperature" value="5032"></item><item title="CpuTemperature" value="60"></item><item title="ExpectedPower" value="20"></item><item title="EVM" Max="-32" Min="-100"></item><item title="FREQERR" Max="15" Min="-15"></item><item title="SYMCLOCKERR" Max="20" Min="-100"></item><item title="POWER" Max="21,5" Min="18,5" Avg="20"></item><item title="LOLEAKAGE" Max="-17" Min="-100"></item><item title="SPECTRUMMASK" Max="100" Min="0"></item><item title="SPECTRUMMARGIN" Max="1000" Min="0"></item></Criteria><Record><item title="Modulation" value="MCS9NSS1"></item><item title="Bandwidth" value="40"></item><item title="Channel" value="36"></item><item title="Antenna" value="2"></item><item title="ExpectedPower" value="20"></item><item title="Power" value="20"></item><item title="TestType" value="Tx"></item><item title="EVM" value="-36,3582" result="PASS"></item><item title="FREQERR" value="1,16536" result="PASS"></item><item title="SYMCLOCKERR" value="1,08294" result="PASS"></item><item title="POWER" value="18,5819" result="PASS"></item><item title="LOLEAKAGE" value="-40,5898" result="PASS"></item><item title="SPECTRUMMASK" value="16,1835" result="PASS"></item><item title="SPECTRUMMARGIN" value="16,1835" result="PASS"></item></Record><Criteria><item title="Modulation" value="MCS9NSS1"></item><item title="Bandwidth" value="40"></item><item title="Antenna" value="2"></item><item title="Channel" value="36"></item><item title="RfIcTemperature" value="5032"></item><item title="CpuTemperature" value="60"></item><item title="ExpectedPower" value="21"></item><item title="EVM" Max="-32" Min="-100"></item><item title="FREQERR" Max="15" Min="-15"></item><item title="SYMCLOCKERR" Max="20" Min="-100"></item><item title="POWER" Max="22,5" Min="19,5" Avg="21"></item><item title="LOLEAKAGE" Max="-17" Min="-100"></item><item title="SPECTRUMMASK" Max="100" Min="0"></item><item title="SPECTRUMMARGIN" Max="1000" Min="0"></item></Criteria><Record><item title="Modulation" value="MCS9NSS1"></item><item title="Bandwidth" value="40"></item><item title="Channel" value="36"></item><item title="Antenna" value="2"></item><item title="ExpectedPower" value="21"></item><item title="Power" value="21"></item><item title="TestType" value="Tx"></item><item title="EVM" value="-33,9115" result="PASS"></item><item title="FREQERR" value="1,16663" result="PASS"></item><item title="SYMCLOCKERR" value="1,57507" result="PASS"></item><item title="POWER" value="19,5753" result="PASS"></item><item title="LOLEAKAGE" value="-40,9141" result="PASS"></item><item title="SPECTRUMMASK" value="14,1152" result="PASS"></item><item title="SPECTRUMMARGIN" value="14,1152" result="PASS"></item></Record><Criteria><item title="Modulation" value="MCS9NSS1"></item><item title="Bandwidth" value="40"></item><item title="Antenna" value="2"></item><item title="Channel" value="36"></item><item title="RfIcTemperature" value="5032"></item><item title="CpuTemperature" value="60"></item><item title="ExpectedPower" value="22"></item><item title="EVM" Max="-32" Min="-100"></item><item title="FREQERR" Max="15" Min="-15"></item><item title="SYMCLOCKERR" Max="20" Min="-100"></item><item title="POWER" Max="23,5" Min="20,5" Avg="22"></item><item title="LOLEAKAGE" Max="-17" Min="-100"></item><item title="SPECTRUMMASK" Max="100" Min="0"></item><item title="SPECTRUMMARGIN" Max="1000" Min="0"></item></Criteria><Record><item title="Modulation" value="MCS9NSS1"></item><item title="Bandwidth" value="40"></item><item title="Channel" value="36"></item><item title="Antenna" value="2"></item><item title="ExpectedPower" value="22"></item><item title="Power" value="22"></item><item title="TestType" value="Tx"></item><item title="EVM" value="-31,5739" result="FAIL"></item><item title="FREQERR" value="1,16558" result="PASS"></item><item title="SYMCLOCKERR" value="1,02515" result="PASS"></item><item title="POWER" value="20,5316" result="PASS"></item><item title="LOLEAKAGE" value="-39,0652" result="PASS"></item><item title="SPECTRUMMASK" value="11,9073" result="PASS"></item><item title="SPECTRUMMARGIN" value="11,9073" result="PASS"></item></Record><Criteria><item title="Modulation" value="MCS9NSS1"></item><item title="Bandwidth" value="40"></item><item title="Antenna" value="2"></item><item title="Channel" value="36"></item><item title="RfIcTemperature" value="5032"></item><item title="CpuTemperature" value="60"></item><item title="ExpectedPower" value="23"></item><item title="EVM" Max="-32" Min="-100"></item><item title="FREQERR" Max="15" Min="-15"></item><item title="SYMCLOCKERR" Max="20" Min="-100"></item><item title="POWER" Max="24,5" Min="21,5" Avg="23"></item><item title="LOLEAKAGE" Max="-17" Min="-100"></item><item title="SPECTRUMMASK" Max="100" Min="0"></item><item title="SPECTRUMMARGIN" Max="1000" Min="0"></item></Criteria><Record><item title="Modulation" value="MCS9NSS1"></item><item title="Bandwidth" value="40"></item><item title="Channel" value="36"></item><item title="Antenna" value="2"></item><item title="ExpectedPower" value="23"></item><item title="Power" value="23"></item><item title="TestType" value="Tx"></item><item title="EVM" value="-27,9004" result="FAIL"></item><item title="FREQERR" value="1,15943" result="PASS"></item><item title="SYMCLOCKERR" value="4,42954" result="PASS"></item><item title="POWER" value="21,7122" result="PASS"></item><item title="LOLEAKAGE" value="-41,4378" result="PASS"></item><item title="SPECTRUMMASK" value="7,70571" result="PASS"></item><item title="SPECTRUMMARGIN" value="7,70571" result="PASS"></item></Record><Criteria><item title="Modulation" value="MCS9NSS1"></item><item title="Bandwidth" value="40"></item><item title="Antenna" value="2"></item><item title="Channel" value="36"></item><item title="RfIcTemperature" value="5032"></item><item title="CpuTemperature" value="60"></item><item title="ExpectedPower" value="24"></item><item title="EVM" Max="-32" Min="-100"></item><item title="FREQERR" Max="15" Min="-15"></item><item title="SYMCLOCKERR" Max="20" Min="-100"></item><item title="POWER" Max="25,5" Min="22,5" Avg="24"></item><item title="LOLEAKAGE" Max="-17" Min="-100"></item><item title="SPECTRUMMASK" Max="100" Min="0"></item><item title="SPECTRUMMARGIN" Max="1000" Min="0"></item></Criteria><Record><item title="Modulation" value="MCS9NSS1"></item><item title="Bandwidth" value="40"></item><item title="Channel" value="36"></item><item title="Antenna" value="2"></item><item title="ExpectedPower" value="24"></item><item title="Power" value="24"></item><item title="TestType" value="Tx"></item><item title="EVM" value="-24,6778" result="FAIL"></item><item title="FREQERR" value="1,17084" result="PASS"></item><item title="SYMCLOCKERR" value="4,46636" result="PASS"></item><item title="POWER" value="22,5801" result="PASS"></item><item title="LOLEAKAGE" value="-42,2395" result="PASS"></item><item title="SPECTRUMMASK" value="5,6148" result="PASS"></item><item title="SPECTRUMMARGIN" value="5,6148" result="PASS"></item></Record><Criteria><item title="Modulation" value="MCS9NSS1"></item><item title="Bandwidth" value="40"></item><item title="Antenna" value="2"></item><item title="Channel" value="36"></item><item title="RfIcTemperature" value="5032"></item><item title="CpuTemperature" value="60"></item><item title="ExpectedPower" value="25"></item><item title="EVM" Max="-32" Min="-100"></item><item title="FREQERR" Max="15" Min="-15"></item><item title="SYMCLOCKERR" Max="20" Min="-100"></item><item title="POWER" Max="26,5" Min="23,5" Avg="25"></item><item title="LOLEAKAGE" Max="-17" Min="-100"></item><item title="SPECTRUMMASK" Max="100" Min="0"></item><item title="SPECTRUMMARGIN" Max="1000" Min="0"></item></Criteria><Record><item title="Modulation" value="MCS9NSS1"></item><item title="Bandwidth" value="40"></item><item title="Channel" value="36"></item><item title="Antenna" value="2"></item><item title="ExpectedPower" value="25"></item><item title="Power" value="25"></item><item title="TestType" value="Tx"></item><item title="EVM" value="-23,6693" result="FAIL"></item><item title="FREQERR" value="1,16272" result="PASS"></item><item title="SYMCLOCKERR" value="5,79477" result="PASS"></item><item title="POWER" value="23,6544" result="PASS"></item><item title="LOLEAKAGE" value="-43,8159" result="PASS"></item><item title="SPECTRUMMASK" value="2,78064" result="PASS"></item><item title="SPECTRUMMARGIN" value="2,78064" result="PASS"></item></Record><Criteria><item title="Modulation" value="MCS9NSS1"></item><item title="Bandwidth" value="40"></item><item title="Antenna" value="3"></item><item title="Channel" value="36"></item><item title="RfIcTemperature" value="5032"></item><item title="CpuTemperature" value="60"></item><item title="ExpectedPower" value="10"></item><item title="EVM" Max="-32" Min="-100"></item><item title="FREQERR" Max="15" Min="-15"></item><item title="SYMCLOCKERR" Max="20" Min="-100"></item><item title="POWER" Max="11,5" Min="8,5" Avg="10"></item><item title="LOLEAKAGE" Max="-17" Min="-100"></item><item title="SPECTRUMMASK" Max="100" Min="0"></item><item title="SPECTRUMMARGIN" Max="1000" Min="0"></item></Criteria><Record><item title="Modulation" value="MCS9NSS1"></item><item title="Bandwidth" value="40"></item><item title="Channel" value="36"></item><item title="Antenna" value="3"></item><item title="ExpectedPower" value="10"></item><item title="Power" value="10"></item><item title="TestType" value="Tx"></item><item title="EVM" value="-37,867" result="PASS"></item><item title="FREQERR" value="1,16962" result="PASS"></item><item title="SYMCLOCKERR" value="0,81893" result="PASS"></item><item title="POWER" value="7,06818" result="FAIL"></item><item title="LOLEAKAGE" value="-31,5002" result="PASS"></item><item title="SPECTRUMMASK" value="21,0541" result="PASS"></item><item title="SPECTRUMMARGIN" value="21,0541" result="PASS"></item></Record><Criteria><item title="Modulation" value="MCS9NSS1"></item><item title="Bandwidth" value="40"></item><item title="Antenna" value="3"></item><item title="Channel" value="36"></item><item title="RfIcTemperature" value="5032"></item><item title="CpuTemperature" value="60"></item><item title="ExpectedPower" value="11"></item><item title="EVM" Max="-32" Min="-100"></item><item title="FREQERR" Max="15" Min="-15"></item><item title="SYMCLOCKERR" Max="20" Min="-100"></item><item title="POWER" Max="12,5" Min="9,5" Avg="11"></item><item title="LOLEAKAGE" Max="-17" Min="-100"></item><item title="SPECTRUMMASK" Max="100" Min="0"></item><item title="SPECTRUMMARGIN" Max="1000" Min="0"></item></Criteria><Record><item title="Modulation" value="MCS9NSS1"></item><item title="Bandwidth" value="40"></item><item title="Channel" value="36"></item><item title="Antenna" value="3"></item><item title="ExpectedPower" value="11"></item><item title="Power" value="11"></item><item title="TestType" value="Tx"></item><item title="EVM" value="-41,3111" result="PASS"></item><item title="FREQERR" value="1,17275" result="PASS"></item><item title="SYMCLOCKERR" value="0,966339" result="PASS"></item><item title="POWER" value="8,47752" result="FAIL"></item><item title="LOLEAKAGE" value="-33,7046" result="PASS"></item><item title="SPECTRUMMASK" value="21,1874" result="PASS"></item><item title="SPECTRUMMARGIN" value="21,1874" result="PASS"></item></Record><Criteria><item title="Modulation" value="MCS9NSS1"></item><item title="Bandwidth" value="40"></item><item title="Antenna" value="3"></item><item title="Channel" value="36"></item><item title="RfIcTemperature" value="5032"></item><item title="CpuTemperature" value="60"></item><item title="ExpectedPower" value="12"></item><item title="EVM" Max="-32" Min="-100"></item><item title="FREQERR" Max="15" Min="-15"></item><item title="SYMCLOCKERR" Max="20" Min="-100"></item><item title="POWER" Max="13,5" Min="10,5" Avg="12"></item><item title="LOLEAKAGE" Max="-17" Min="-100"></item><item title="SPECTRUMMASK" Max="100" Min="0"></item><item title="SPECTRUMMARGIN" Max="1000" Min="0"></item></Criteria><Record><item title="Modulation" value="MCS9NSS1"></item><item title="Bandwidth" value="40"></item><item title="Channel" value="36"></item><item title="Antenna" value="3"></item><item title="ExpectedPower" value="12"></item><item title="Power" value="12"></item><item title="TestType" value="Tx"></item><item title="EVM" value="-40,2326" result="PASS"></item><item title="FREQERR" value="1,17479" result="PASS"></item><item title="SYMCLOCKERR" value="1,05073" result="PASS"></item><item title="POWER" value="9,56853" result="FAIL"></item><item title="LOLEAKAGE" value="-33,602" result="PASS"></item><item title="SPECTRUMMASK" value="21,2576" result="PASS"></item><item title="SPECTRUMMARGIN" value="21,2576" result="PASS"></item></Record><Criteria><item title="Modulation" value="MCS9NSS1"></item><item title="Bandwidth" value="40"></item><item title="Antenna" value="3"></item><item title="Channel" value="36"></item><item title="RfIcTemperature" value="5032"></item><item title="CpuTemperature" value="60"></item><item title="ExpectedPower" value="13"></item><item title="EVM" Max="-32" Min="-100"></item><item title="FREQERR" Max="15" Min="-15"></item><item title="SYMCLOCKERR" Max="20" Min="-100"></item><item title="POWER" Max="14,5" Min="11,5" Avg="13"></item><item title="LOLEAKAGE" Max="-17" Min="-100"></item><item title="SPECTRUMMASK" Max="100" Min="0"></item><item title="SPECTRUMMARGIN" Max="1000" Min="0"></item></Criteria><Record><item title="Modulation" value="MCS9NSS1"></item><item title="Bandwidth" value="40"></item><item title="Channel" value="36"></item><item title="Antenna" value="3"></item><item title="ExpectedPower" value="13"></item><item title="Power" value="13"></item><item title="TestType" value="Tx"></item><item title="EVM" value="-39,9103" result="PASS"></item><item title="FREQERR" value="1,17561" result="PASS"></item><item title="SYMCLOCKERR" value="1,5411" result="PASS"></item><item title="POWER" value="10,5477" result="FAIL"></item><item title="LOLEAKAGE" value="-35,2283" result="PASS"></item><item title="SPECTRUMMASK" value="21,1235" result="PASS"></item><item title="SPECTRUMMARGIN" value="21,1235" result="PASS"></item></Record><Criteria><item title="Modulation" value="MCS9NSS1"></item><item title="Bandwidth" value="40"></item><item title="Antenna" value="3"></item><item title="Channel" value="36"></item><item title="RfIcTemperature" value="5032"></item><item title="CpuTemperature" value="60"></item><item title="ExpectedPower" value="14"></item><item title="EVM" Max="-32" Min="-100"></item><item title="FREQERR" Max="15" Min="-15"></item><item title="SYMCLOCKERR" Max="20" Min="-100"></item><item title="POWER" Max="15,5" Min="12,5" Avg="14"></item><item title="LOLEAKAGE" Max="-17" Min="-100"></item><item title="SPECTRUMMASK" Max="100" Min="0"></item><item title="SPECTRUMMARGIN" Max="1000" Min="0"></item></Criteria><Record><item title="Modulation" value="MCS9NSS1"></item><item title="Bandwidth" value="40"></item><item title="Channel" value="36"></item><item title="Antenna" value="3"></item><item title="ExpectedPower" value="14"></item><item title="Power" value="14"></item><item title="TestType" value="Tx"></item><item title="EVM" value="-38,4598" result="PASS"></item><item title="FREQERR" value="1,17885" result="PASS"></item><item title="SYMCLOCKERR" value="0,495675" result="PASS"></item><item title="POWER" value="11,8003" result="FAIL"></item><item title="LOLEAKAGE" value="-36,6189" result="PASS"></item><item title="SPECTRUMMASK" value="19,9815" result="PASS"></item><item title="SPECTRUMMARGIN" value="19,9815" result="PASS"></item></Record><Criteria><item title="Modulation" value="MCS9NSS1"></item><item title="Bandwidth" value="40"></item><item title="Antenna" value="3"></item><item title="Channel" value="36"></item><item title="RfIcTemperature" value="5032"></item><item title="CpuTemperature" value="60"></item><item title="ExpectedPower" value="15"></item><item title="EVM" Max="-32" Min="-100"></item><item title="FREQERR" Max="15" Min="-15"></item><item title="SYMCLOCKERR" Max="20" Min="-100"></item><item title="POWER" Max="16,5" Min="13,5" Avg="15"></item><item title="LOLEAKAGE" Max="-17" Min="-100"></item><item title="SPECTRUMMASK" Max="100" Min="0"></item><item title="SPECTRUMMARGIN" Max="1000" Min="0"></item></Criteria><Record><item title="Modulation" value="MCS9NSS1"></item><item title="Bandwidth" value="40"></item><item title="Channel" value="36"></item><item title="Antenna" value="3"></item><item title="ExpectedPower" value="15"></item><item title="Power" value="15"></item><item title="TestType" value="Tx"></item><item title="EVM" value="-38,1247" result="PASS"></item><item title="FREQERR" value="1,18468" result="PASS"></item><item title="SYMCLOCKERR" value="1,22423" result="PASS"></item><item title="POWER" value="12,7172" result="FAIL"></item><item title="LOLEAKAGE" value="-37,6072" result="PASS"></item><item title="SPECTRUMMASK" value="20,393" result="PASS"></item><item title="SPECTRUMMARGIN" value="20,393" result="PASS"></item></Record><Criteria><item title="Modulation" value="MCS9NSS1"></item><item title="Bandwidth" value="40"></item><item title="Antenna" value="3"></item><item title="Channel" value="36"></item><item title="RfIcTemperature" value="5032"></item><item title="CpuTemperature" value="60"></item><item title="ExpectedPower" value="16"></item><item title="EVM" Max="-32" Min="-100"></item><item title="FREQERR" Max="15" Min="-15"></item><item title="SYMCLOCKERR" Max="20" Min="-100"></item><item title="POWER" Max="17,5" Min="14,5" Avg="16"></item><item title="LOLEAKAGE" Max="-17" Min="-100"></item><item title="SPECTRUMMASK" Max="100" Min="0"></item><item title="SPECTRUMMARGIN" Max="1000" Min="0"></item></Criteria><Record><item title="Modulation" value="MCS9NSS1"></item><item title="Bandwidth" value="40"></item><item title="Channel" value="36"></item><item title="Antenna" value="3"></item><item title="ExpectedPower" value="16"></item><item title="Power" value="16"></item><item title="TestType" value="Tx"></item><item title="EVM" value="-38,4886" result="PASS"></item><item title="FREQERR" value="1,18095" result="PASS"></item><item title="SYMCLOCKERR" value="1,05843" result="PASS"></item><item title="POWER" value="13,987" result="FAIL"></item><item title="LOLEAKAGE" value="-39,3809" result="PASS"></item><item title="SPECTRUMMASK" value="20,218" result="PASS"></item><item title="SPECTRUMMARGIN" value="20,218" result="PASS"></item></Record><Criteria><item title="Modulation" value="MCS9NSS1"></item><item title="Bandwidth" value="40"></item><item title="Antenna" value="3"></item><item title="Channel" value="36"></item><item title="RfIcTemperature" value="5032"></item><item title="CpuTemperature" value="60"></item><item title="ExpectedPower" value="17"></item><item title="EVM" Max="-32" Min="-100"></item><item title="FREQERR" Max="15" Min="-15"></item><item title="SYMCLOCKERR" Max="20" Min="-100"></item><item title="POWER" Max="18,5" Min="15,5" Avg="17"></item><item title="LOLEAKAGE" Max="-17" Min="-100"></item><item title="SPECTRUMMASK" Max="100" Min="0"></item><item title="SPECTRUMMARGIN" Max="1000" Min="0"></item></Criteria><Record><item title="Modulation" value="MCS9NSS1"></item><item title="Bandwidth" value="40"></item><item title="Channel" value="36"></item><item title="Antenna" value="3"></item><item title="ExpectedPower" value="17"></item><item title="Power" value="17"></item><item title="TestType" value="Tx"></item><item title="EVM" value="-36,5901" result="PASS"></item><item title="FREQERR" value="1,17843" result="PASS"></item><item title="SYMCLOCKERR" value="1,59161" result="PASS"></item><item title="POWER" value="14,8121" result="FAIL"></item><item title="LOLEAKAGE" value="-39,4503" result="PASS"></item><item title="SPECTRUMMASK" value="19,4277" result="PASS"></item><item title="SPECTRUMMARGIN" value="19,4277" result="PASS"></item></Record><Criteria><item title="Modulation" value="MCS9NSS1"></item><item title="Bandwidth" value="40"></item><item title="Antenna" value="3"></item><item title="Channel" value="36"></item><item title="RfIcTemperature" value="5032"></item><item title="CpuTemperature" value="60"></item><item title="ExpectedPower" value="18"></item><item title="EVM" Max="-32" Min="-100"></item><item title="FREQERR" Max="15" Min="-15"></item><item title="SYMCLOCKERR" Max="20" Min="-100"></item><item title="POWER" Max="19,5" Min="16,5" Avg="18"></item><item title="LOLEAKAGE" Max="-17" Min="-100"></item><item title="SPECTRUMMASK" Max="100" Min="0"></item><item title="SPECTRUMMARGIN" Max="1000" Min="0"></item></Criteria><Record><item title="Modulation" value="MCS9NSS1"></item><item title="Bandwidth" value="40"></item><item title="Channel" value="36"></item><item title="Antenna" value="3"></item><item title="ExpectedPower" value="18"></item><item title="Power" value="18"></item><item title="TestType" value="Tx"></item><item title="EVM" value="-37,0773" result="PASS"></item><item title="FREQERR" value="1,18034" result="PASS"></item><item title="SYMCLOCKERR" value="0,91545" result="PASS"></item><item title="POWER" value="16,0658" result="FAIL"></item><item title="LOLEAKAGE" value="-39,8124" result="PASS"></item><item title="SPECTRUMMASK" value="17,3515" result="PASS"></item><item title="SPECTRUMMARGIN" value="17,3515" result="PASS"></item></Record><Criteria><item title="Modulation" value="MCS9NSS1"></item><item title="Bandwidth" value="40"></item><item title="Antenna" value="3"></item><item title="Channel" value="36"></item><item title="RfIcTemperature" value="5032"></item><item title="CpuTemperature" value="60"></item><item title="ExpectedPower" value="19"></item><item title="EVM" Max="-32" Min="-100"></item><item title="FREQERR" Max="15" Min="-15"></item><item title="SYMCLOCKERR" Max="20" Min="-100"></item><item title="POWER" Max="20,5" Min="17,5" Avg="19"></item><item title="LOLEAKAGE" Max="-17" Min="-100"></item><item title="SPECTRUMMASK" Max="100" Min="0"></item><item title="SPECTRUMMARGIN" Max="1000" Min="0"></item></Criteria><Record><item title="Modulation" value="MCS9NSS1"></item><item title="Bandwidth" value="40"></item><item title="Channel" value="36"></item><item title="Antenna" value="3"></item><item title="ExpectedPower" value="19"></item><item title="Power" value="19"></item><item title="TestType" value="Tx"></item><item title="EVM" value="-35,7573" result="PASS"></item><item title="FREQERR" value="1,18236" result="PASS"></item><item title="SYMCLOCKERR" value="0,843828" result="PASS"></item><item title="POWER" value="16,9807" result="FAIL"></item><item title="LOLEAKAGE" value="-40,6189" result="PASS"></item><item title="SPECTRUMMASK" value="16,1841" result="PASS"></item><item title="SPECTRUMMARGIN" value="16,1841" result="PASS"></item></Record><Criteria><item title="Modulation" value="MCS9NSS1"></item><item title="Bandwidth" value="40"></item><item title="Antenna" value="3"></item><item title="Channel" value="36"></item><item title="RfIcTemperature" value="5032"></item><item title="CpuTemperature" value="60"></item><item title="ExpectedPower" value="20"></item><item title="EVM" Max="-32" Min="-100"></item><item title="FREQERR" Max="15" Min="-15"></item><item title="SYMCLOCKERR" Max="20" Min="-100"></item><item title="POWER" Max="21,5" Min="18,5" Avg="20"></item><item title="LOLEAKAGE" Max="-17" Min="-100"></item><item title="SPECTRUMMASK" Max="100" Min="0"></item><item title="SPECTRUMMARGIN" Max="1000" Min="0"></item></Criteria><Record><item title="Modulation" value="MCS9NSS1"></item><item title="Bandwidth" value="40"></item><item title="Channel" value="36"></item><item title="Antenna" value="3"></item><item title="ExpectedPower" value="20"></item><item title="Power" value="20"></item><item title="TestType" value="Tx"></item><item title="EVM" value="-36,1417" result="PASS"></item><item title="FREQERR" value="1,18219" result="PASS"></item><item title="SYMCLOCKERR" value="0,57065" result="PASS"></item><item title="POWER" value="18,1003" result="FAIL"></item><item title="LOLEAKAGE" value="-38,7656" result="PASS"></item><item title="SPECTRUMMASK" value="17,0304" result="PASS"></item><item title="SPECTRUMMARGIN" value="17,0304" result="PASS"></item></Record><Criteria><item title="Modulation" value="MCS9NSS1"></item><item title="Bandwidth" value="40"></item><item title="Antenna" value="3"></item><item title="Channel" value="36"></item><item title="RfIcTemperature" value="5032"></item><item title="CpuTemperature" value="60"></item><item title="ExpectedPower" value="21"></item><item title="EVM" Max="-32" Min="-100"></item><item title="FREQERR" Max="15" Min="-15"></item><item title="SYMCLOCKERR" Max="20" Min="-100"></item><item title="POWER" Max="22,5" Min="19,5" Avg="21"></item><item title="LOLEAKAGE" Max="-17" Min="-100"></item><item title="SPECTRUMMASK" Max="100" Min="0"></item><item title="SPECTRUMMARGIN" Max="1000" Min="0"></item></Criteria><Record><item title="Modulation" value="MCS9NSS1"></item><item title="Bandwidth" value="40"></item><item title="Channel" value="36"></item><item title="Antenna" value="3"></item><item title="ExpectedPower" value="21"></item><item title="Power" value="21"></item><item title="TestType" value="Tx"></item><item title="EVM" value="-34,9402" result="PASS"></item><item title="FREQERR" value="1,18634" result="PASS"></item><item title="SYMCLOCKERR" value="0,312134" result="PASS"></item><item title="POWER" value="19,1437" result="FAIL"></item><item title="LOLEAKAGE" value="-37,6065" result="PASS"></item><item title="SPECTRUMMASK" value="14,4192" result="PASS"></item><item title="SPECTRUMMARGIN" value="14,4192" result="PASS"></item></Record><Criteria><item title="Modulation" value="MCS9NSS1"></item><item title="Bandwidth" value="40"></item><item title="Antenna" value="3"></item><item title="Channel" value="36"></item><item title="RfIcTemperature" value="5032"></item><item title="CpuTemperature" value="60"></item><item title="ExpectedPower" value="22"></item><item title="EVM" Max="-32" Min="-100"></item><item title="FREQERR" Max="15" Min="-15"></item><item title="SYMCLOCKERR" Max="20" Min="-100"></item><item title="POWER" Max="23,5" Min="20,5" Avg="22"></item><item title="LOLEAKAGE" Max="-17" Min="-100"></item><item title="SPECTRUMMASK" Max="100" Min="0"></item><item title="SPECTRUMMARGIN" Max="1000" Min="0"></item></Criteria><Record><item title="Modulation" value="MCS9NSS1"></item><item title="Bandwidth" value="40"></item><item title="Channel" value="36"></item><item title="Antenna" value="3"></item><item title="ExpectedPower" value="22"></item><item title="Power" value="22"></item><item title="TestType" value="Tx"></item><item title="EVM" value="-32,8712" result="PASS"></item><item title="FREQERR" value="1,18983" result="PASS"></item><item title="SYMCLOCKERR" value="1,26786" result="PASS"></item><item title="POWER" value="20,4565" result="FAIL"></item><item title="LOLEAKAGE" value="-38,5615" result="PASS"></item><item title="SPECTRUMMASK" value="11,7545" result="PASS"></item><item title="SPECTRUMMARGIN" value="11,7545" result="PASS"></item></Record><Criteria><item title="Modulation" value="MCS9NSS1"></item><item title="Bandwidth" value="40"></item><item title="Antenna" value="3"></item><item title="Channel" value="36"></item><item title="RfIcTemperature" value="5032"></item><item title="CpuTemperature" value="60"></item><item title="ExpectedPower" value="23"></item><item title="EVM" Max="-32" Min="-100"></item><item title="FREQERR" Max="15" Min="-15"></item><item title="SYMCLOCKERR" Max="20" Min="-100"></item><item title="POWER" Max="24,5" Min="21,5" Avg="23"></item><item title="LOLEAKAGE" Max="-17" Min="-100"></item><item title="SPECTRUMMASK" Max="100" Min="0"></item><item title="SPECTRUMMARGIN" Max="1000" Min="0"></item></Criteria><Record><item title="Modulation" value="MCS9NSS1"></item><item title="Bandwidth" value="40"></item><item title="Channel" value="36"></item><item title="Antenna" value="3"></item><item title="ExpectedPower" value="23"></item><item title="Power" value="23"></item><item title="TestType" value="Tx"></item><item title="EVM" value="-30,1006" result="FAIL"></item><item title="FREQERR" value="1,18363" result="PASS"></item><item title="SYMCLOCKERR" value="1,4238" result="PASS"></item><item title="POWER" value="21,3322" result="FAIL"></item><item title="LOLEAKAGE" value="-38,4548" result="PASS"></item><item title="SPECTRUMMASK" value="8,85366" result="PASS"></item><item title="SPECTRUMMARGIN" value="8,85366" result="PASS"></item></Record><Criteria><item title="Modulation" value="MCS9NSS1"></item><item title="Bandwidth" value="40"></item><item title="Antenna" value="3"></item><item title="Channel" value="36"></item><item title="RfIcTemperature" value="5032"></item><item title="CpuTemperature" value="60"></item><item title="ExpectedPower" value="24"></item><item title="EVM" Max="-32" Min="-100"></item><item title="FREQERR" Max="15" Min="-15"></item><item title="SYMCLOCKERR" Max="20" Min="-100"></item><item title="POWER" Max="25,5" Min="22,5" Avg="24"></item><item title="LOLEAKAGE" Max="-17" Min="-100"></item><item title="SPECTRUMMASK" Max="100" Min="0"></item><item title="SPECTRUMMARGIN" Max="1000" Min="0"></item></Criteria><Record><item title="Modulation" value="MCS9NSS1"></item><item title="Bandwidth" value="40"></item><item title="Channel" value="36"></item><item title="Antenna" value="3"></item><item title="ExpectedPower" value="24"></item><item title="Power" value="24"></item><item title="TestType" value="Tx"></item><item title="EVM" value="-25,5452" result="FAIL"></item><item title="FREQERR" value="1,17849" result="PASS"></item><item title="SYMCLOCKERR" value="5,52913" result="PASS"></item><item title="POWER" value="22,3527" result="FAIL"></item><item title="LOLEAKAGE" value="-37,9754" result="PASS"></item><item title="SPECTRUMMASK" value="5,58089" result="PASS"></item><item title="SPECTRUMMARGIN" value="5,58089" result="PASS"></item></Record><Criteria><item title="Modulation" value="MCS9NSS1"></item><item title="Bandwidth" value="40"></item><item title="Antenna" value="3"></item><item title="Channel" value="36"></item><item title="RfIcTemperature" value="5032"></item><item title="CpuTemperature" value="60"></item><item title="ExpectedPower" value="25"></item><item title="EVM" Max="-32" Min="-100"></item><item title="FREQERR" Max="15" Min="-15"></item><item title="SYMCLOCKERR" Max="20" Min="-100"></item><item title="POWER" Max="26,5" Min="23,5" Avg="25"></item><item title="LOLEAKAGE" Max="-17" Min="-100"></item><item title="SPECTRUMMASK" Max="100" Min="0"></item><item title="SPECTRUMMARGIN" Max="1000" Min="0"></item></Criteria><Record><item title="Modulation" value="MCS9NSS1"></item><item title="Bandwidth" value="40"></item><item title="Channel" value="36"></item><item title="Antenna" value="3"></item><item title="ExpectedPower" value="25"></item><item title="Power" value="25"></item><item title="TestType" value="Tx"></item><item title="EVM" value="-23,9928" result="FAIL"></item><item title="FREQERR" value="1,18182" result="PASS"></item><item title="SYMCLOCKERR" value="1,14032" result="PASS"></item><item title="POWER" value="23,4269" result="FAIL"></item><item title="LOLEAKAGE" value="-41,1917" result="PASS"></item><item title="SPECTRUMMASK" value="3,33219" result="PASS"></item><item title="SPECTRUMMARGIN" value="3,33219" result="PASS"></item></Record><Criteria><item title="Modulation" value="MCS9NSS1"></item><item title="Bandwidth" value="40"></item><item title="Antenna" value="0"></item><item title="Channel" value="52"></item><item title="RfIcTemperature" value="5032"></item><item title="CpuTemperature" value="60"></item><item title="ExpectedPower" value="10"></item><item title="EVM" Max="-32" Min="-100"></item><item title="FREQERR" Max="15" Min="-15"></item><item title="SYMCLOCKERR" Max="20" Min="-100"></item><item title="POWER" Max="11,5" Min="8,5" Avg="10"></item><item title="LOLEAKAGE" Max="-17" Min="-100"></item><item title="SPECTRUMMASK" Max="100" Min="0"></item><item title="SPECTRUMMARGIN" Max="1000" Min="0"></item></Criteria><Record><item title="Modulation" value="MCS9NSS1"></item><item title="Bandwidth" value="40"></item><item title="Channel" value="52"></item><item title="Antenna" value="0"></item><item title="ExpectedPower" value="10"></item><item title="Power" value="10"></item><item title="TestType" value="Tx"></item><item title="EVM" value="-37,7464" result="PASS"></item><item title="FREQERR" value="1,15445" result="PASS"></item><item title="SYMCLOCKERR" value="0,711876" result="PASS"></item><item title="POWER" value="7,12303" result="FAIL"></item><item title="LOLEAKAGE" value="-30,8855" result="PASS"></item><item title="SPECTRUMMASK" value="21,3489" result="PASS"></item><item title="SPECTRUMMARGIN" value="21,3489" result="PASS"></item></Record><Criteria><item title="Modulation" value="MCS9NSS1"></item><item title="Bandwidth" value="40"></item><item title="Antenna" value="0"></item><item title="Channel" value="52"></item><item title="RfIcTemperature" value="5032"></item><item title="CpuTemperature" value="60"></item><item title="ExpectedPower" value="11"></item><item title="EVM" Max="-32" Min="-100"></item><item title="FREQERR" Max="15" Min="-15"></item><item title="SYMCLOCKERR" Max="20" Min="-100"></item><item title="POWER" Max="12,5" Min="9,5" Avg="11"></item><item title="LOLEAKAGE" Max="-17" Min="-100"></item><item title="SPECTRUMMASK" Max="100" Min="0"></item><item title="SPECTRUMMARGIN" Max="1000" Min="0"></item></Criteria><Record><item title="Modulation" value="MCS9NSS1"></item><item title="Bandwidth" value="40"></item><item title="Channel" value="52"></item><item title="Antenna" value="0"></item><item title="ExpectedPower" value="11"></item><item title="Power" value="11"></item><item title="TestType" value="Tx"></item><item title="EVM" value="-37,3361" result="PASS"></item><item title="FREQERR" value="1,16066" result="PASS"></item><item title="SYMCLOCKERR" value="0,481331" result="PASS"></item><item title="POWER" value="8,17466" result="FAIL"></item><item title="LOLEAKAGE" value="-32,2801" result="PASS"></item><item title="SPECTRUMMASK" value="20,0537" result="PASS"></item><item title="SPECTRUMMARGIN" value="20,0537" result="PASS"></item></Record><Criteria><item title="Modulation" value="MCS9NSS1"></item><item title="Bandwidth" value="40"></item><item title="Antenna" value="0"></item><item title="Channel" value="52"></item><item title="RfIcTemperature" value="5032"></item><item title="CpuTemperature" value="60"></item><item title="ExpectedPower" value="12"></item><item title="EVM" Max="-32" Min="-100"></item><item title="FREQERR" Max="15" Min="-15"></item><item title="SYMCLOCKERR" Max="20" Min="-100"></item><item title="POWER" Max="13,5" Min="10,5" Avg="12"></item><item title="LOLEAKAGE" Max="-17" Min="-100"></item><item title="SPECTRUMMASK" Max="100" Min="0"></item><item title="SPECTRUMMARGIN" Max="1000" Min="0"></item></Criteria><Record><item title="Modulation" value="MCS9NSS1"></item><item title="Bandwidth" value="40"></item><item title="Channel" value="52"></item><item title="Antenna" value="0"></item><item title="ExpectedPower" value="12"></item><item title="Power" value="12"></item><item title="TestType" value="Tx"></item><item title="EVM" value="-38,8026" result="PASS"></item><item title="FREQERR" value="1,16436" result="PASS"></item><item title="SYMCLOCKERR" value="0,373378" result="PASS"></item><item title="POWER" value="9,29952" result="FAIL"></item><item title="LOLEAKAGE" value="-34,7276" result="PASS"></item><item title="SPECTRUMMASK" value="19,826" result="PASS"></item><item title="SPECTRUMMARGIN" value="19,826" result="PASS"></item></Record><Criteria><item title="Modulation" value="MCS9NSS1"></item><item title="Bandwidth" value="40"></item><item title="Antenna" value="0"></item><item title="Channel" value="52"></item><item title="RfIcTemperature" value="5032"></item><item title="CpuTemperature" value="60"></item><item title="ExpectedPower" value="13"></item><item title="EVM" Max="-32" Min="-100"></item><item title="FREQERR" Max="15" Min="-15"></item><item title="SYMCLOCKERR" Max="20" Min="-100"></item><item title="POWER" Max="14,5" Min="11,5" Avg="13"></item><item title="LOLEAKAGE" Max="-17" Min="-100"></item><item title="SPECTRUMMASK" Max="100" Min="0"></item><item title="SPECTRUMMARGIN" Max="1000" Min="0"></item></Criteria><Record><item title="Modulation" value="MCS9NSS1"></item><item title="Bandwidth" value="40"></item><item title="Channel" value="52"></item><item title="Antenna" value="0"></item><item title="ExpectedPower" value="13"></item><item title="Power" value="13"></item><item title="TestType" value="Tx"></item><item title="EVM" value="-38,3575" result="PASS"></item><item title="FREQERR" value="1,1647" result="PASS"></item><item title="SYMCLOCKERR" value="0,353739" result="PASS"></item><item title="POWER" value="10,2895" result="FAIL"></item><item title="LOLEAKAGE" value="-34,7151" result="PASS"></item><item title="SPECTRUMMASK" value="21,0584" result="PASS"></item><item title="SPECTRUMMARGIN" value="21,0584" result="PASS"></item></Record><Criteria><item title="Modulation" value="MCS9NSS1"></item><item title="Bandwidth" value="40"></item><item title="Antenna" value="0"></item><item title="Channel" value="52"></item><item title="RfIcTemperature" value="5032"></item><item title="CpuTemperature" value="60"></item><item title="ExpectedPower" value="14"></item><item title="EVM" Max="-32" Min="-100"></item><item title="FREQERR" Max="15" Min="-15"></item><item title="SYMCLOCKERR" Max="20" Min="-100"></item><item title="POWER" Max="15,5" Min="12,5" Avg="14"></item><item title="LOLEAKAGE" Max="-17" Min="-100"></item><item title="SPECTRUMMASK" Max="100" Min="0"></item><item title="SPECTRUMMARGIN" Max="1000" Min="0"></item></Criteria><Record><item title="Modulation" value="MCS9NSS1"></item><item title="Bandwidth" value="40"></item><item title="Channel" value="52"></item><item title="Antenna" value="0"></item><item title="ExpectedPower" value="14"></item><item title="Power" value="14"></item><item title="TestType" value="Tx"></item><item title="EVM" value="-37,463" result="PASS"></item><item title="FREQERR" value="1,16528" result="PASS"></item><item title="SYMCLOCKERR" value="0,715546" result="PASS"></item><item title="POWER" value="11,562" result="FAIL"></item><item title="LOLEAKAGE" value="-38,3781" result="PASS"></item><item title="SPECTRUMMASK" value="20,9233" result="PASS"></item><item title="SPECTRUMMARGIN" value="20,9233" result="PASS"></item></Record><Criteria><item title="Modulation" value="MCS9NSS1"></item><item title="Bandwidth" value="40"></item><item title="Antenna" value="0"></item><item title="Channel" value="52"></item><item title="RfIcTemperature" value="5032"></item><item title="CpuTemperature" value="60"></item><item title="ExpectedPower" value="15"></item><item title="EVM" Max="-32" Min="-100"></item><item title="FREQERR" Max="15" Min="-15"></item><item title="SYMCLOCKERR" Max="20" Min="-100"></item><item title="POWER" Max="16,5" Min="13,5" Avg="15"></item><item title="LOLEAKAGE" Max="-17" Min="-100"></item><item title="SPECTRUMMASK" Max="100" Min="0"></item><item title="SPECTRUMMARGIN" Max="1000" Min="0"></item></Criteria><Record><item title="Modulation" value="MCS9NSS1"></item><item title="Bandwidth" value="40"></item><item title="Channel" value="52"></item><item title="Antenna" value="0"></item><item title="ExpectedPower" value="15"></item><item title="Power" value="15"></item><item title="TestType" value="Tx"></item><item title="EVM" value="-37,6133" result="PASS"></item><item title="FREQERR" value="1,16798" result="PASS"></item><item title="SYMCLOCKERR" value="0,353152" result="PASS"></item><item title="POWER" value="12,56" result="FAIL"></item><item title="LOLEAKAGE" value="-40,7067" result="PASS"></item><item title="SPECTRUMMASK" value="18,7514" result="PASS"></item><item title="SPECTRUMMARGIN" value="18,7514" result="PASS"></item></Record><Criteria><item title="Modulation" value="MCS9NSS1"></item><item title="Bandwidth" value="40"></item><item title="Antenna" value="0"></item><item title="Channel" value="52"></item><item title="RfIcTemperature" value="5032"></item><item title="CpuTemperature" value="60"></item><item title="ExpectedPower" value="16"></item><item title="EVM" Max="-32" Min="-100"></item><item title="FREQERR" Max="15" Min="-15"></item><item title="SYMCLOCKERR" Max="20" Min="-100"></item><item title="POWER" Max="17,5" Min="14,5" Avg="16"></item><item title="LOLEAKAGE" Max="-17" Min="-100"></item><item title="SPECTRUMMASK" Max="100" Min="0"></item><item title="SPECTRUMMARGIN" Max="1000" Min="0"></item></Criteria><Record><item title="Modulation" value="MCS9NSS1"></item><item title="Bandwidth" value="40"></item><item title="Channel" value="52"></item><item title="Antenna" value="0"></item><item title="ExpectedPower" value="16"></item><item title="Power" value="16"></item><item title="TestType" value="Tx"></item><item title="EVM" value="-37,3571" result="PASS"></item><item title="FREQERR" value="1,16848" result="PASS"></item><item title="SYMCLOCKERR" value="0,182927" result="PASS"></item><item title="POWER" value="13,5704" result="FAIL"></item><item title="LOLEAKAGE" value="-44,5233" result="PASS"></item><item title="SPECTRUMMASK" value="19,9812" result="PASS"></item><item title="SPECTRUMMARGIN" value="19,9812" result="PASS"></item></Record><Criteria><item title="Modulation" value="MCS9NSS1"></item><item title="Bandwidth" value="40"></item><item title="Antenna" value="0"></item><item title="Channel" value="52"></item><item title="RfIcTemperature" value="5032"></item><item title="CpuTemperature" value="60"></item><item title="ExpectedPower" value="17"></item><item title="EVM" Max="-32" Min="-100"></item><item title="FREQERR" Max="15" Min="-15"></item><item title="SYMCLOCKERR" Max="20" Min="-100"></item><item title="POWER" Max="18,5" Min="15,5" Avg="17"></item><item title="LOLEAKAGE" Max="-17" Min="-100"></item><item title="SPECTRUMMASK" Max="100" Min="0"></item><item title="SPECTRUMMARGIN" Max="1000" Min="0"></item></Criteria><Record><item title="Modulation" value="MCS9NSS1"></item><item title="Bandwidth" value="40"></item><item title="Channel" value="52"></item><item title="Antenna" value="0"></item><item title="ExpectedPower" value="17"></item><item title="Power" value="17"></item><item title="TestType" value="Tx"></item><item title="EVM" value="-36,2566" result="PASS"></item><item title="FREQERR" value="1,16892" result="PASS"></item><item title="SYMCLOCKERR" value="0,34242" result="PASS"></item><item title="POWER" value="14,6978" result="FAIL"></item><item title="LOLEAKAGE" value="-45,941" result="PASS"></item><item title="SPECTRUMMASK" value="20,1203" result="PASS"></item><item title="SPECTRUMMARGIN" value="20,1203" result="PASS"></item></Record><Criteria><item title="Modulation" value="MCS9NSS1"></item><item title="Bandwidth" value="40"></item><item title="Antenna" value="0"></item><item title="Channel" value="52"></item><item title="RfIcTemperature" value="5032"></item><item title="CpuTemperature" value="60"></item><item title="ExpectedPower" value="18"></item><item title="EVM" Max="-32" Min="-100"></item><item title="FREQERR" Max="15" Min="-15"></item><item title="SYMCLOCKERR" Max="20" Min="-100"></item><item title="POWER" Max="19,5" Min="16,5" Avg="18"></item><item title="LOLEAKAGE" Max="-17" Min="-100"></item><item title="SPECTRUMMASK" Max="100" Min="0"></item><item title="SPECTRUMMARGIN" Max="1000" Min="0"></item></Criteria><Record><item title="Modulation" value="MCS9NSS1"></item><item title="Bandwidth" value="40"></item><item title="Channel" value="52"></item><item title="Antenna" value="0"></item><item title="ExpectedPower" value="18"></item><item title="Power" value="18"></item><item title="TestType" value="Tx"></item><item title="EVM" value="-33,6644" result="PASS"></item><item title="FREQERR" value="1,17015" result="PASS"></item><item title="SYMCLOCKERR" value="-0,0256591" result="PASS"></item><item title="POWER" value="15,6135" result="FAIL"></item><item title="LOLEAKAGE" value="-46,845" result="PASS"></item><item title="SPECTRUMMASK" value="18,3651" result="PASS"></item><item title="SPECTRUMMARGIN" value="18,3651" result="PASS"></item></Record><Criteria><item title="Modulation" value="MCS9NSS1"></item><item title="Bandwidth" value="40"></item><item title="Antenna" value="0"></item><item title="Channel" value="52"></item><item title="RfIcTemperature" value="5032"></item><item title="CpuTemperature" value="60"></item><item title="ExpectedPower" value="19"></item><item title="EVM" Max="-32" Min="-100"></item><item title="FREQERR" Max="15" Min="-15"></item><item title="SYMCLOCKERR" Max="20" Min="-100"></item><item title="POWER" Max="20,5" Min="17,5" Avg="19"></item><item title="LOLEAKAGE" Max="-17" Min="-100"></item><item title="SPECTRUMMASK" Max="100" Min="0"></item><item title="SPECTRUMMARGIN" Max="1000" Min="0"></item></Criteria><Record><item title="Modulation" value="MCS9NSS1"></item><item title="Bandwidth" value="40"></item><item title="Channel" value="52"></item><item title="Antenna" value="0"></item><item title="ExpectedPower" value="19"></item><item title="Power" value="19"></item><item title="TestType" value="Tx"></item><item title="EVM" value="-35,9335" result="PASS"></item><item title="FREQERR" value="1,16316" result="PASS"></item><item title="SYMCLOCKERR" value="0,571163" result="PASS"></item><item title="POWER" value="16,9833" result="FAIL"></item><item title="LOLEAKAGE" value="-53,2953" result="PASS"></item><item title="SPECTRUMMASK" value="16,9302" result="PASS"></item><item title="SPECTRUMMARGIN" value="16,9302" result="PASS"></item></Record><Criteria><item title="Modulation" value="MCS9NSS1"></item><item title="Bandwidth" value="40"></item><item title="Antenna" value="0"></item><item title="Channel" value="52"></item><item title="RfIcTemperature" value="5032"></item><item title="CpuTemperature" value="60"></item><item title="ExpectedPower" value="20"></item><item title="EVM" Max="-32" Min="-100"></item><item title="FREQERR" Max="15" Min="-15"></item><item title="SYMCLOCKERR" Max="20" Min="-100"></item><item title="POWER" Max="21,5" Min="18,5" Avg="20"></item><item title="LOLEAKAGE" Max="-17" Min="-100"></item><item title="SPECTRUMMASK" Max="100" Min="0"></item><item title="SPECTRUMMARGIN" Max="1000" Min="0"></item></Criteria><Record><item title="Modulation" value="MCS9NSS1"></item><item title="Bandwidth" value="40"></item><item title="Channel" value="52"></item><item title="Antenna" value="0"></item><item title="ExpectedPower" value="20"></item><item title="Power" value="20"></item><item title="TestType" value="Tx"></item><item title="EVM" value="-35,5067" result="PASS"></item><item title="FREQERR" value="1,16819" result="PASS"></item><item title="SYMCLOCKERR" value="0,293063" result="PASS"></item><item title="POWER" value="17,8512" result="FAIL"></item><item title="LOLEAKAGE" value="-55,253" result="PASS"></item><item title="SPECTRUMMASK" value="15,0578" result="PASS"></item><item title="SPECTRUMMARGIN" value="15,0578" result="PASS"></item></Record><Criteria><item title="Modulation" value="MCS9NSS1"></item><item title="Bandwidth" value="40"></item><item title="Antenna" value="0"></item><item title="Channel" value="52"></item><item title="RfIcTemperature" value="5032"></item><item title="CpuTemperature" value="60"></item><item title="ExpectedPower" value="21"></item><item title="EVM" Max="-32" Min="-100"></item><item title="FREQERR" Max="15" Min="-15"></item><item title="SYMCLOCKERR" Max="20" Min="-100"></item><item title="POWER" Max="22,5" Min="19,5" Avg="21"></item><item title="LOLEAKAGE" Max="-17" Min="-100"></item><item title="SPECTRUMMASK" Max="100" Min="0"></item><item title="SPECTRUMMARGIN" Max="1000" Min="0"></item></Criteria><Record><item title="Modulation" value="MCS9NSS1"></item><item title="Bandwidth" value="40"></item><item title="Channel" value="52"></item><item title="Antenna" value="0"></item><item title="ExpectedPower" value="21"></item><item title="Power" value="21"></item><item title="TestType" value="Tx"></item><item title="EVM" value="-35,5644" result="PASS"></item><item title="FREQERR" value="1,16548" result="PASS"></item><item title="SYMCLOCKERR" value="0,591273" result="PASS"></item><item title="POWER" value="18,8684" result="FAIL"></item><item title="LOLEAKAGE" value="-56,0131" result="PASS"></item><item title="SPECTRUMMASK" value="14,9208" result="PASS"></item><item title="SPECTRUMMARGIN" value="14,9208" result="PASS"></item></Record><Criteria><item title="Modulation" value="MCS9NSS1"></item><item title="Bandwidth" value="40"></item><item title="Antenna" value="0"></item><item title="Channel" value="52"></item><item title="RfIcTemperature" value="5032"></item><item title="CpuTemperature" value="60"></item><item title="ExpectedPower" value="22"></item><item title="EVM" Max="-32" Min="-100"></item><item title="FREQERR" Max="15" Min="-15"></item><item title="SYMCLOCKERR" Max="20" Min="-100"></item><item title="POWER" Max="23,5" Min="20,5" Avg="22"></item><item title="LOLEAKAGE" Max="-17" Min="-100"></item><item title="SPECTRUMMASK" Max="100" Min="0"></item><item title="SPECTRUMMARGIN" Max="1000" Min="0"></item></Criteria><Record><item title="Modulation" value="MCS9NSS1"></item><item title="Bandwidth" value="40"></item><item title="Channel" value="52"></item><item title="Antenna" value="0"></item><item title="ExpectedPower" value="22"></item><item title="Power" value="22"></item><item title="TestType" value="Tx"></item><item title="EVM" value="-35,0852" result="PASS"></item><item title="FREQERR" value="1,16345" result="PASS"></item><item title="SYMCLOCKERR" value="0,476218" result="PASS"></item><item title="POWER" value="19,9171" result="FAIL"></item><item title="LOLEAKAGE" value="-49,0048" result="PASS"></item><item title="SPECTRUMMASK" value="12,9085" result="PASS"></item><item title="SPECTRUMMARGIN" value="12,9085" result="PASS"></item></Record><Criteria><item title="Modulation" value="MCS9NSS1"></item><item title="Bandwidth" value="40"></item><item title="Antenna" value="0"></item><item title="Channel" value="52"></item><item title="RfIcTemperature" value="5032"></item><item title="CpuTemperature" value="60"></item><item title="ExpectedPower" value="23"></item><item title="EVM" Max="-32" Min="-100"></item><item title="FREQERR" Max="15" Min="-15"></item><item title="SYMCLOCKERR" Max="20" Min="-100"></item><item title="POWER" Max="24,5" Min="21,5" Avg="23"></item><item title="LOLEAKAGE" Max="-17" Min="-100"></item><item title="SPECTRUMMASK" Max="100" Min="0"></item><item title="SPECTRUMMARGIN" Max="1000" Min="0"></item></Criteria><Record><item title="Modulation" value="MCS9NSS1"></item><item title="Bandwidth" value="40"></item><item title="Channel" value="52"></item><item title="Antenna" value="0"></item><item title="ExpectedPower" value="23"></item><item title="Power" value="23"></item><item title="TestType" value="Tx"></item><item title="EVM" value="-33,2382" result="PASS"></item><item title="FREQERR" value="1,16496" result="PASS"></item><item title="SYMCLOCKERR" value="-0,164933" result="PASS"></item><item title="POWER" value="20,6821" result="FAIL"></item><item title="LOLEAKAGE" value="-52,2018" result="PASS"></item><item title="SPECTRUMMASK" value="11,6216" result="PASS"></item><item title="SPECTRUMMARGIN" value="11,6216" result="PASS"></item></Record><Criteria><item title="Modulation" value="MCS9NSS1"></item><item title="Bandwidth" value="40"></item><item title="Antenna" value="0"></item><item title="Channel" value="52"></item><item title="RfIcTemperature" value="5032"></item><item title="CpuTemperature" value="60"></item><item title="ExpectedPower" value="24"></item><item title="EVM" Max="-32" Min="-100"></item><item title="FREQERR" Max="15" Min="-15"></item><item title="SYMCLOCKERR" Max="20" Min="-100"></item><item title="POWER" Max="25,5" Min="22,5" Avg="24"></item><item title="LOLEAKAGE" Max="-17" Min="-100"></item><item title="SPECTRUMMASK" Max="100" Min="0"></item><item title="SPECTRUMMARGIN" Max="1000" Min="0"></item></Criteria><Record><item title="Modulation" value="MCS9NSS1"></item><item title="Bandwidth" value="40"></item><item title="Channel" value="52"></item><item title="Antenna" value="0"></item><item title="ExpectedPower" value="24"></item><item title="Power" value="24"></item><item title="TestType" value="Tx"></item><item title="EVM" value="-29,1601" result="FAIL"></item><item title="FREQERR" value="1,16037" result="PASS"></item><item title="SYMCLOCKERR" value="0,105751" result="PASS"></item><item title="POWER" value="22,0295" result="FAIL"></item><item title="LOLEAKAGE" value="-48,2618" result="PASS"></item><item title="SPECTRUMMASK" value="7,90728" result="PASS"></item><item title="SPECTRUMMARGIN" value="7,90728" result="PASS"></item></Record><Criteria><item title="Modulation" value="MCS9NSS1"></item><item title="Bandwidth" value="40"></item><item title="Antenna" value="0"></item><item title="Channel" value="52"></item><item title="RfIcTemperature" value="5032"></item><item title="CpuTemperature" value="60"></item><item title="ExpectedPower" value="25"></item><item title="EVM" Max="-32" Min="-100"></item><item title="FREQERR" Max="15" Min="-15"></item><item title="SYMCLOCKERR" Max="20" Min="-100"></item><item title="POWER" Max="26,5" Min="23,5" Avg="25"></item><item title="LOLEAKAGE" Max="-17" Min="-100"></item><item title="SPECTRUMMASK" Max="100" Min="0"></item><item title="SPECTRUMMARGIN" Max="1000" Min="0"></item></Criteria><Record><item title="Modulation" value="MCS9NSS1"></item><item title="Bandwidth" value="40"></item><item title="Channel" value="52"></item><item title="Antenna" value="0"></item><item title="ExpectedPower" value="25"></item><item title="Power" value="25"></item><item title="TestType" value="Tx"></item><item title="EVM" value="-26,2879" result="FAIL"></item><item title="FREQERR" value="1,15349" result="PASS"></item><item title="SYMCLOCKERR" value="0,578915" result="PASS"></item><item title="POWER" value="22,9654" result="FAIL"></item><item title="LOLEAKAGE" value="-48,0305" result="PASS"></item><item title="SPECTRUMMASK" value="5,49718" result="PASS"></item><item title="SPECTRUMMARGIN" value="5,49718" result="PASS"></item></Record><Criteria><item title="Modulation" value="MCS9NSS1"></item><item title="Bandwidth" value="40"></item><item title="Antenna" value="1"></item><item title="Channel" value="52"></item><item title="RfIcTemperature" value="5032"></item><item title="CpuTemperature" value="61"></item><item title="ExpectedPower" value="10"></item><item title="EVM" Max="-32" Min="-100"></item><item title="FREQERR" Max="15" Min="-15"></item><item title="SYMCLOCKERR" Max="20" Min="-100"></item><item title="POWER" Max="11,5" Min="8,5" Avg="10"></item><item title="LOLEAKAGE" Max="-17" Min="-100"></item><item title="SPECTRUMMASK" Max="100" Min="0"></item><item title="SPECTRUMMARGIN" Max="1000" Min="0"></item></Criteria><Record><item title="Modulation" value="MCS9NSS1"></item><item title="Bandwidth" value="40"></item><item title="Channel" value="52"></item><item title="Antenna" value="1"></item><item title="ExpectedPower" value="10"></item><item title="Power" value="10"></item><item title="TestType" value="Tx"></item><item title="EVM" value="-38,1994" result="PASS"></item><item title="FREQERR" value="1,15932" result="PASS"></item><item title="SYMCLOCKERR" value="0,657208" result="PASS"></item><item title="POWER" value="7,49587" result="FAIL"></item><item title="LOLEAKAGE" value="-31,3286" result="PASS"></item><item title="SPECTRUMMASK" value="23,4196" result="PASS"></item><item title="SPECTRUMMARGIN" value="23,4196" result="PASS"></item></Record><Criteria><item title="Modulation" value="MCS9NSS1"></item><item title="Bandwidth" value="40"></item><item title="Antenna" value="1"></item><item title="Channel" value="52"></item><item title="RfIcTemperature" value="5032"></item><item title="CpuTemperature" value="61"></item><item title="ExpectedPower" value="11"></item><item title="EVM" Max="-32" Min="-100"></item><item title="FREQERR" Max="15" Min="-15"></item><item title="SYMCLOCKERR" Max="20" Min="-100"></item><item title="POWER" Max="12,5" Min="9,5" Avg="11"></item><item title="LOLEAKAGE" Max="-17" Min="-100"></item><item title="SPECTRUMMASK" Max="100" Min="0"></item><item title="SPECTRUMMARGIN" Max="1000" Min="0"></item></Criteria><Record><item title="Modulation" value="MCS9NSS1"></item><item title="Bandwidth" value="40"></item><item title="Channel" value="52"></item><item title="Antenna" value="1"></item><item title="ExpectedPower" value="11"></item><item title="Power" value="11"></item><item title="TestType" value="Tx"></item><item title="EVM" value="-39,103" result="PASS"></item><item title="FREQERR" value="1,15311" result="PASS"></item><item title="SYMCLOCKERR" value="0,996831" result="PASS"></item><item title="POWER" value="8,89662" result="FAIL"></item><item title="LOLEAKAGE" value="-32,8214" result="PASS"></item><item title="SPECTRUMMASK" value="20,3768" result="PASS"></item><item title="SPECTRUMMARGIN" value="20,3768" result="PASS"></item></Record><Criteria><item title="Modulation" value="MCS9NSS1"></item><item title="Bandwidth" value="40"></item><item title="Antenna" value="1"></item><item title="Channel" value="52"></item><item title="RfIcTemperature" value="5032"></item><item title="CpuTemperature" value="61"></item><item title="ExpectedPower" value="12"></item><item title="EVM" Max="-32" Min="-100"></item><item title="FREQERR" Max="15" Min="-15"></item><item title="SYMCLOCKERR" Max="20" Min="-100"></item><item title="POWER" Max="13,5" Min="10,5" Avg="12"></item><item title="LOLEAKAGE" Max="-17" Min="-100"></item><item title="SPECTRUMMASK" Max="100" Min="0"></item><item title="SPECTRUMMARGIN" Max="1000" Min="0"></item></Criteria><Record><item title="Modulation" value="MCS9NSS1"></item><item title="Bandwidth" value="40"></item><item title="Channel" value="52"></item><item title="Antenna" value="1"></item><item title="ExpectedPower" value="12"></item><item title="Power" value="12"></item><item title="TestType" value="Tx"></item><item title="EVM" value="-38,5109" result="PASS"></item><item title="FREQERR" value="1,15737" result="PASS"></item><item title="SYMCLOCKERR" value="1,05381" result="PASS"></item><item title="POWER" value="9,77617" result="FAIL"></item><item title="LOLEAKAGE" value="-35,0977" result="PASS"></item><item title="SPECTRUMMASK" value="20,7251" result="PASS"></item><item title="SPECTRUMMARGIN" value="20,7251" result="PASS"></item></Record><Criteria><item title="Modulation" value="MCS9NSS1"></item><item title="Bandwidth" value="40"></item><item title="Antenna" value="1"></item><item title="Channel" value="52"></item><item title="RfIcTemperature" value="5032"></item><item title="CpuTemperature" value="61"></item><item title="ExpectedPower" value="13"></item><item title="EVM" Max="-32" Min="-100"></item><item title="FREQERR" Max="15" Min="-15"></item><item title="SYMCLOCKERR" Max="20" Min="-100"></item><item title="POWER" Max="14,5" Min="11,5" Avg="13"></item><item title="LOLEAKAGE" Max="-17" Min="-100"></item><item title="SPECTRUMMASK" Max="100" Min="0"></item><item title="SPECTRUMMARGIN" Max="1000" Min="0"></item></Criteria><Record><item title="Modulation" value="MCS9NSS1"></item><item title="Bandwidth" value="40"></item><item title="Channel" value="52"></item><item title="Antenna" value="1"></item><item title="ExpectedPower" value="13"></item><item title="Power" value="13"></item><item title="TestType" value="Tx"></item><item title="EVM" value="-38,2694" result="PASS"></item><item title="FREQERR" value="1,16245" result="PASS"></item><item title="SYMCLOCKERR" value="0,700059" result="PASS"></item><item title="POWER" value="10,5796" result="FAIL"></item><item title="LOLEAKAGE" value="-36,3533" result="PASS"></item><item title="SPECTRUMMASK" value="21,7006" result="PASS"></item><item title="SPECTRUMMARGIN" value="21,7006" result="PASS"></item></Record><Criteria><item title="Modulation" value="MCS9NSS1"></item><item title="Bandwidth" value="40"></item><item title="Antenna" value="1"></item><item title="Channel" value="52"></item><item title="RfIcTemperature" value="5032"></item><item title="CpuTemperature" value="61"></item><item title="ExpectedPower" value="14"></item><item title="EVM" Max="-32" Min="-100"></item><item title="FREQERR" Max="15" Min="-15"></item><item title="SYMCLOCKERR" Max="20" Min="-100"></item><item title="POWER" Max="15,5" Min="12,5" Avg="14"></item><item title="LOLEAKAGE" Max="-17" Min="-100"></item><item title="SPECTRUMMASK" Max="100" Min="0"></item><item title="SPECTRUMMARGIN" Max="1000" Min="0"></item></Criteria><Record><item title="Modulation" value="MCS9NSS1"></item><item title="Bandwidth" value="40"></item><item title="Channel" value="52"></item><item title="Antenna" value="1"></item><item title="ExpectedPower" value="14"></item><item title="Power" value="14"></item><item title="TestType" value="Tx"></item><item title="EVM" value="-40,0101" result="PASS"></item><item title="FREQERR" value="1,16141" result="PASS"></item><item title="SYMCLOCKERR" value="1,15717" result="PASS"></item><item title="POWER" value="11,6683" result="FAIL"></item><item title="LOLEAKAGE" value="-38,01" result="PASS"></item><item title="SPECTRUMMASK" value="20,4174" result="PASS"></item><item title="SPECTRUMMARGIN" value="20,4174" result="PASS"></item></Record><Criteria><item title="Modulation" value="MCS9NSS1"></item><item title="Bandwidth" value="40"></item><item title="Antenna" value="1"></item><item title="Channel" value="52"></item><item title="RfIcTemperature" value="5032"></item><item title="CpuTemperature" value="61"></item><item title="ExpectedPower" value="15"></item><item title="EVM" Max="-32" Min="-100"></item><item title="FREQERR" Max="15" Min="-15"></item><item title="SYMCLOCKERR" Max="20" Min="-100"></item><item title="POWER" Max="16,5" Min="13,5" Avg="15"></item><item title="LOLEAKAGE" Max="-17" Min="-100"></item><item title="SPECTRUMMASK" Max="100" Min="0"></item><item title="SPECTRUMMARGIN" Max="1000" Min="0"></item></Criteria><Record><item title="Modulation" value="MCS9NSS1"></item><item title="Bandwidth" value="40"></item><item title="Channel" value="52"></item><item title="Antenna" value="1"></item><item title="ExpectedPower" value="15"></item><item title="Power" value="15"></item><item title="TestType" value="Tx"></item><item title="EVM" value="-39,6722" result="PASS"></item><item title="FREQERR" value="1,16115" result="PASS"></item><item title="SYMCLOCKERR" value="1,11178" result="PASS"></item><item title="POWER" value="12,6108" result="FAIL"></item><item title="LOLEAKAGE" value="-39,8067" result="PASS"></item><item title="SPECTRUMMASK" value="21,5017" result="PASS"></item><item title="SPECTRUMMARGIN" value="21,5017" result="PASS"></item></Record><Criteria><item title="Modulation" value="MCS9NSS1"></item><item title="Bandwidth" value="40"></item><item title="Antenna" value="1"></item><item title="Channel" value="52"></item><item title="RfIcTemperature" value="5032"></item><item title="CpuTemperature" value="61"></item><item title="ExpectedPower" value="16"></item><item title="EVM" Max="-32" Min="-100"></item><item title="FREQERR" Max="15" Min="-15"></item><item title="SYMCLOCKERR" Max="20" Min="-100"></item><item title="POWER" Max="17,5" Min="14,5" Avg="16"></item><item title="LOLEAKAGE" Max="-17" Min="-100"></item><item title="SPECTRUMMASK" Max="100" Min="0"></item><item title="SPECTRUMMARGIN" Max="1000" Min="0"></item></Criteria><Record><item title="Modulation" value="MCS9NSS1"></item><item title="Bandwidth" value="40"></item><item title="Channel" value="52"></item><item title="Antenna" value="1"></item><item title="ExpectedPower" value="16"></item><item title="Power" value="16"></item><item title="TestType" value="Tx"></item><item title="EVM" value="-38,5656" result="PASS"></item><item title="FREQERR" value="1,16295" result="PASS"></item><item title="SYMCLOCKERR" value="0,703101" result="PASS"></item><item title="POWER" value="13,6654" result="FAIL"></item><item title="LOLEAKAGE" value="-38,6026" result="PASS"></item><item title="SPECTRUMMASK" value="20,9245" result="PASS"></item><item title="SPECTRUMMARGIN" value="20,9245" result="PASS"></item></Record><Criteria><item title="Modulation" value="MCS9NSS1"></item><item title="Bandwidth" value="40"></item><item title="Antenna" value="1"></item><item title="Channel" value="52"></item><item title="RfIcTemperature" value="5032"></item><item title="CpuTemperature" value="61"></item><item title="ExpectedPower" value="17"></item><item title="EVM" Max="-32" Min="-100"></item><item title="FREQERR" Max="15" Min="-15"></item><item title="SYMCLOCKERR" Max="20" Min="-100"></item><item title="POWER" Max="18,5" Min="15,5" Avg="17"></item><item title="LOLEAKAGE" Max="-17" Min="-100"></item><item title="SPECTRUMMASK" Max="100" Min="0"></item><item title="SPECTRUMMARGIN" Max="1000" Min="0"></item></Criteria><Record><item title="Modulation" value="MCS9NSS1"></item><item title="Bandwidth" value="40"></item><item title="Channel" value="52"></item><item title="Antenna" value="1"></item><item title="ExpectedPower" value="17"></item><item title="Power" value="17"></item><item title="TestType" value="Tx"></item><item title="EVM" value="-40,1155" result="PASS"></item><item title="FREQERR" value="1,15738" result="PASS"></item><item title="SYMCLOCKERR" value="1,13526" result="PASS"></item><item title="POWER" value="14,7128" result="FAIL"></item><item title="LOLEAKAGE" value="-43,7147" result="PASS"></item><item title="SPECTRUMMASK" value="20,4845" result="PASS"></item><item title="SPECTRUMMARGIN" value="20,4845" result="PASS"></item></Record><Criteria><item title="Modulation" value="MCS9NSS1"></item><item title="Bandwidth" value="40"></item><item title="Antenna" value="1"></item><item title="Channel" value="52"></item><item title="RfIcTemperature" value="5032"></item><item title="CpuTemperature" value="61"></item><item title="ExpectedPower" value="18"></item><item title="EVM" Max="-32" Min="-100"></item><item title="FREQERR" Max="15" Min="-15"></item><item title="SYMCLOCKERR" Max="20" Min="-100"></item><item title="POWER" Max="19,5" Min="16,5" Avg="18"></item><item title="LOLEAKAGE" Max="-17" Min="-100"></item><item title="SPECTRUMMASK" Max="100" Min="0"></item><item title="SPECTRUMMARGIN" Max="1000" Min="0"></item></Criteria><Record><item title="Modulation" value="MCS9NSS1"></item><item title="Bandwidth" value="40"></item><item title="Channel" value="52"></item><item title="Antenna" value="1"></item><item title="ExpectedPower" value="18"></item><item title="Power" value="18"></item><item title="TestType" value="Tx"></item><item title="EVM" value="-37,4669" result="PASS"></item><item title="FREQERR" value="1,16322" result="PASS"></item><item title="SYMCLOCKERR" value="1,78764" result="PASS"></item><item title="POWER" value="15,5249" result="FAIL"></item><item title="LOLEAKAGE" value="-46,2608" result="PASS"></item><item title="SPECTRUMMASK" value="20,2165" result="PASS"></item><item title="SPECTRUMMARGIN" value="20,2165" result="PASS"></item></Record><Criteria><item title="Modulation" value="MCS9NSS1"></item><item title="Bandwidth" value="40"></item><item title="Antenna" value="1"></item><item title="Channel" value="52"></item><item title="RfIcTemperature" value="5032"></item><item title="CpuTemperature" value="61"></item><item title="ExpectedPower" value="19"></item><item title="EVM" Max="-32" Min="-100"></item><item title="FREQERR" Max="15" Min="-15"></item><item title="SYMCLOCKERR" Max="20" Min="-100"></item><item title="POWER" Max="20,5" Min="17,5" Avg="19"></item><item title="LOLEAKAGE" Max="-17" Min="-100"></item><item title="SPECTRUMMASK" Max="100" Min="0"></item><item title="SPECTRUMMARGIN" Max="1000" Min="0"></item></Criteria><Record><item title="Modulation" value="MCS9NSS1"></item><item title="Bandwidth" value="40"></item><item title="Channel" value="52"></item><item title="Antenna" value="1"></item><item title="ExpectedPower" value="19"></item><item title="Power" value="19"></item><item title="TestType" value="Tx"></item><item title="EVM" value="-39,3078" result="PASS"></item><item title="FREQERR" value="1,16064" result="PASS"></item><item title="SYMCLOCKERR" value="0,625854" result="PASS"></item><item title="POWER" value="16,7425" result="FAIL"></item><item title="LOLEAKAGE" value="-47,773" result="PASS"></item><item title="SPECTRUMMASK" value="21,5842" result="PASS"></item><item title="SPECTRUMMARGIN" value="21,5842" result="PASS"></item></Record><Criteria><item title="Modulation" value="MCS9NSS1"></item><item title="Bandwidth" value="40"></item><item title="Antenna" value="1"></item><item title="Channel" value="52"></item><item title="RfIcTemperature" value="5032"></item><item title="CpuTemperature" value="61"></item><item title="ExpectedPower" value="20"></item><item title="EVM" Max="-32" Min="-100"></item><item title="FREQERR" Max="15" Min="-15"></item><item title="SYMCLOCKERR" Max="20" Min="-100"></item><item title="POWER" Max="21,5" Min="18,5" Avg="20"></item><item title="LOLEAKAGE" Max="-17" Min="-100"></item><item title="SPECTRUMMASK" Max="100" Min="0"></item><item title="SPECTRUMMARGIN" Max="1000" Min="0"></item></Criteria><Record><item title="Modulation" value="MCS9NSS1"></item><item title="Bandwidth" value="40"></item><item title="Channel" value="52"></item><item title="Antenna" value="1"></item><item title="ExpectedPower" value="20"></item><item title="Power" value="20"></item><item title="TestType" value="Tx"></item><item title="EVM" value="-38,5411" result="PASS"></item><item title="FREQERR" value="1,16433" result="PASS"></item><item title="SYMCLOCKERR" value="1,54945" result="PASS"></item><item title="POWER" value="17,8018" result="FAIL"></item><item title="LOLEAKAGE" value="-59,3873" result="PASS"></item><item title="SPECTRUMMASK" value="19,728" result="PASS"></item><item title="SPECTRUMMARGIN" value="19,728" result="PASS"></item></Record><Criteria><item title="Modulation" value="MCS9NSS1"></item><item title="Bandwidth" value="40"></item><item title="Antenna" value="1"></item><item title="Channel" value="52"></item><item title="RfIcTemperature" value="5032"></item><item title="CpuTemperature" value="61"></item><item title="ExpectedPower" value="21"></item><item title="EVM" Max="-32" Min="-100"></item><item title="FREQERR" Max="15" Min="-15"></item><item title="SYMCLOCKERR" Max="20" Min="-100"></item><item title="POWER" Max="22,5" Min="19,5" Avg="21"></item><item title="LOLEAKAGE" Max="-17" Min="-100"></item><item title="SPECTRUMMASK" Max="100" Min="0"></item><item title="SPECTRUMMARGIN" Max="1000" Min="0"></item></Criteria><Record><item title="Modulation" value="MCS9NSS1"></item><item title="Bandwidth" value="40"></item><item title="Channel" value="52"></item><item title="Antenna" value="1"></item><item title="ExpectedPower" value="21"></item><item title="Power" value="21"></item><item title="TestType" value="Tx"></item><item title="EVM" value="-37,9132" result="PASS"></item><item title="FREQERR" value="1,16952" result="PASS"></item><item title="SYMCLOCKERR" value="0,965836" result="PASS"></item><item title="POWER" value="18,5894" result="FAIL"></item><item title="LOLEAKAGE" value="-52,5421" result="PASS"></item><item title="SPECTRUMMASK" value="17,4099" result="PASS"></item><item title="SPECTRUMMARGIN" value="17,4099" result="PASS"></item></Record><Criteria><item title="Modulation" value="MCS9NSS1"></item><item title="Bandwidth" value="40"></item><item title="Antenna" value="1"></item><item title="Channel" value="52"></item><item title="RfIcTemperature" value="5032"></item><item title="CpuTemperature" value="61"></item><item title="ExpectedPower" value="22"></item><item title="EVM" Max="-32" Min="-100"></item><item title="FREQERR" Max="15" Min="-15"></item><item title="SYMCLOCKERR" Max="20" Min="-100"></item><item title="POWER" Max="23,5" Min="20,5" Avg="22"></item><item title="LOLEAKAGE" Max="-17" Min="-100"></item><item title="SPECTRUMMASK" Max="100" Min="0"></item><item title="SPECTRUMMARGIN" Max="1000" Min="0"></item></Criteria><Record><item title="Modulation" value="MCS9NSS1"></item><item title="Bandwidth" value="40"></item><item title="Channel" value="52"></item><item title="Antenna" value="1"></item><item title="ExpectedPower" value="22"></item><item title="Power" value="22"></item><item title="TestType" value="Tx"></item><item title="EVM" value="-35,1386" result="PASS"></item><item title="FREQERR" value="1,16437" result="PASS"></item><item title="SYMCLOCKERR" value="0,900547" result="PASS"></item><item title="POWER" value="19,5964" result="FAIL"></item><item title="LOLEAKAGE" value="-54,8136" result="PASS"></item><item title="SPECTRUMMASK" value="14,8489" result="PASS"></item><item title="SPECTRUMMARGIN" value="14,8489" result="PASS"></item></Record><Criteria><item title="Modulation" value="MCS9NSS1"></item><item title="Bandwidth" value="40"></item><item title="Antenna" value="1"></item><item title="Channel" value="52"></item><item title="RfIcTemperature" value="5032"></item><item title="CpuTemperature" value="61"></item><item title="ExpectedPower" value="23"></item><item title="EVM" Max="-32" Min="-100"></item><item title="FREQERR" Max="15" Min="-15"></item><item title="SYMCLOCKERR" Max="20" Min="-100"></item><item title="POWER" Max="24,5" Min="21,5" Avg="23"></item><item title="LOLEAKAGE" Max="-17" Min="-100"></item><item title="SPECTRUMMASK" Max="100" Min="0"></item><item title="SPECTRUMMARGIN" Max="1000" Min="0"></item></Criteria><Record><item title="Modulation" value="MCS9NSS1"></item><item title="Bandwidth" value="40"></item><item title="Channel" value="52"></item><item title="Antenna" value="1"></item><item title="ExpectedPower" value="23"></item><item title="Power" value="23"></item><item title="TestType" value="Tx"></item><item title="EVM" value="-28,8496" result="FAIL"></item><item title="FREQERR" value="1,16799" result="PASS"></item><item title="SYMCLOCKERR" value="0,745593" result="PASS"></item><item title="POWER" value="20,6965" result="FAIL"></item><item title="LOLEAKAGE" value="-50,8256" result="PASS"></item><item title="SPECTRUMMASK" value="9,07623" result="PASS"></item><item title="SPECTRUMMARGIN" value="9,07623" result="PASS"></item></Record><Criteria><item title="Modulation" value="MCS9NSS1"></item><item title="Bandwidth" value="40"></item><item title="Antenna" value="1"></item><item title="Channel" value="52"></item><item title="RfIcTemperature" value="5032"></item><item title="CpuTemperature" value="61"></item><item title="ExpectedPower" value="24"></item><item title="EVM" Max="-32" Min="-100"></item><item title="FREQERR" Max="15" Min="-15"></item><item title="SYMCLOCKERR" Max="20" Min="-100"></item><item title="POWER" Max="25,5" Min="22,5" Avg="24"></item><item title="LOLEAKAGE" Max="-17" Min="-100"></item><item title="SPECTRUMMASK" Max="100" Min="0"></item><item title="SPECTRUMMARGIN" Max="1000" Min="0"></item></Criteria><Record><item title="Modulation" value="MCS9NSS1"></item><item title="Bandwidth" value="40"></item><item title="Channel" value="52"></item><item title="Antenna" value="1"></item><item title="ExpectedPower" value="24"></item><item title="Power" value="24"></item><item title="TestType" value="Tx"></item><item title="EVM" value="-25,6585" result="FAIL"></item><item title="FREQERR" value="1,1711" result="PASS"></item><item title="SYMCLOCKERR" value="1,3695" result="PASS"></item><item title="POWER" value="21,7706" result="FAIL"></item><item title="LOLEAKAGE" value="-52,57" result="PASS"></item><item title="SPECTRUMMASK" value="6,00939" result="PASS"></item><item title="SPECTRUMMARGIN" value="6,00939" result="PASS"></item></Record><Criteria><item title="Modulation" value="MCS9NSS1"></item><item title="Bandwidth" value="40"></item><item title="Antenna" value="1"></item><item title="Channel" value="52"></item><item title="RfIcTemperature" value="5032"></item><item title="CpuTemperature" value="61"></item><item title="ExpectedPower" value="25"></item><item title="EVM" Max="-32" Min="-100"></item><item title="FREQERR" Max="15" Min="-15"></item><item title="SYMCLOCKERR" Max="20" Min="-100"></item><item title="POWER" Max="26,5" Min="23,5" Avg="25"></item><item title="LOLEAKAGE" Max="-17" Min="-100"></item><item title="SPECTRUMMASK" Max="100" Min="0"></item><item title="SPECTRUMMARGIN" Max="1000" Min="0"></item></Criteria><Record><item title="Modulation" value="MCS9NSS1"></item><item title="Bandwidth" value="40"></item><item title="Channel" value="52"></item><item title="Antenna" value="1"></item><item title="ExpectedPower" value="25"></item><item title="Power" value="25"></item><item title="TestType" value="Tx"></item><item title="EVM" value="-23,8578" result="FAIL"></item><item title="FREQERR" value="1,15457" result="PASS"></item><item title="SYMCLOCKERR" value="-0,237354" result="PASS"></item><item title="POWER" value="22,7709" result="FAIL"></item><item title="LOLEAKAGE" value="-47,0228" result="PASS"></item><item title="SPECTRUMMASK" value="3,03931" result="PASS"></item><item title="SPECTRUMMARGIN" value="3,03931" result="PASS"></item></Record><Criteria><item title="Modulation" value="MCS9NSS1"></item><item title="Bandwidth" value="40"></item><item title="Antenna" value="2"></item><item title="Channel" value="52"></item><item title="RfIcTemperature" value="5032"></item><item title="CpuTemperature" value="60"></item><item title="ExpectedPower" value="10"></item><item title="EVM" Max="-32" Min="-100"></item><item title="FREQERR" Max="15" Min="-15"></item><item title="SYMCLOCKERR" Max="20" Min="-100"></item><item title="POWER" Max="11,5" Min="8,5" Avg="10"></item><item title="LOLEAKAGE" Max="-17" Min="-100"></item><item title="SPECTRUMMASK" Max="100" Min="0"></item><item title="SPECTRUMMARGIN" Max="1000" Min="0"></item></Criteria><Record><item title="Modulation" value="MCS9NSS1"></item><item title="Bandwidth" value="40"></item><item title="Channel" value="52"></item><item title="Antenna" value="2"></item><item title="ExpectedPower" value="10"></item><item title="Power" value="10"></item><item title="TestType" value="Tx"></item><item title="EVM" value="-38,8643" result="PASS"></item><item title="FREQERR" value="1,16086" result="PASS"></item><item title="SYMCLOCKERR" value="1,67354" result="PASS"></item><item title="POWER" value="8,31017" result="FAIL"></item><item title="LOLEAKAGE" value="-30,4536" result="PASS"></item><item title="SPECTRUMMASK" value="20,6468" result="PASS"></item><item title="SPECTRUMMARGIN" value="20,6468" result="PASS"></item></Record><Criteria><item title="Modulation" value="MCS9NSS1"></item><item title="Bandwidth" value="40"></item><item title="Antenna" value="2"></item><item title="Channel" value="52"></item><item title="RfIcTemperature" value="5032"></item><item title="CpuTemperature" value="60"></item><item title="ExpectedPower" value="11"></item><item title="EVM" Max="-32" Min="-100"></item><item title="FREQERR" Max="15" Min="-15"></item><item title="SYMCLOCKERR" Max="20" Min="-100"></item><item title="POWER" Max="12,5" Min="9,5" Avg="11"></item><item title="LOLEAKAGE" Max="-17" Min="-100"></item><item title="SPECTRUMMASK" Max="100" Min="0"></item><item title="SPECTRUMMARGIN" Max="1000" Min="0"></item></Criteria><Record><item title="Modulation" value="MCS9NSS1"></item><item title="Bandwidth" value="40"></item><item title="Channel" value="52"></item><item title="Antenna" value="2"></item><item title="ExpectedPower" value="11"></item><item title="Power" value="11"></item><item title="TestType" value="Tx"></item><item title="EVM" value="-39,2988" result="PASS"></item><item title="FREQERR" value="1,16192" result="PASS"></item><item title="SYMCLOCKERR" value="1,49507" result="PASS"></item><item title="POWER" value="9,40334" result="FAIL"></item><item title="LOLEAKAGE" value="-33,5724" result="PASS"></item><item title="SPECTRUMMASK" value="21,7508" result="PASS"></item><item title="SPECTRUMMARGIN" value="21,7508" result="PASS"></item></Record><Criteria><item title="Modulation" value="MCS9NSS1"></item><item title="Bandwidth" value="40"></item><item title="Antenna" value="2"></item><item title="Channel" value="52"></item><item title="RfIcTemperature" value="5032"></item><item title="CpuTemperature" value="60"></item><item title="ExpectedPower" value="12"></item><item title="EVM" Max="-32" Min="-100"></item><item title="FREQERR" Max="15" Min="-15"></item><item title="SYMCLOCKERR" Max="20" Min="-100"></item><item title="POWER" Max="13,5" Min="10,5" Avg="12"></item><item title="LOLEAKAGE" Max="-17" Min="-100"></item><item title="SPECTRUMMASK" Max="100" Min="0"></item><item title="SPECTRUMMARGIN" Max="1000" Min="0"></item></Criteria><Record><item title="Modulation" value="MCS9NSS1"></item><item title="Bandwidth" value="40"></item><item title="Channel" value="52"></item><item title="Antenna" value="2"></item><item title="ExpectedPower" value="12"></item><item title="Power" value="12"></item><item title="TestType" value="Tx"></item><item title="EVM" value="-39,369" result="PASS"></item><item title="FREQERR" value="1,16434" result="PASS"></item><item title="SYMCLOCKERR" value="1,82007" result="PASS"></item><item title="POWER" value="10,3706" result="FAIL"></item><item title="LOLEAKAGE" value="-36,5393" result="PASS"></item><item title="SPECTRUMMASK" value="21,1655" result="PASS"></item><item title="SPECTRUMMARGIN" value="21,1655" result="PASS"></item></Record><Criteria><item title="Modulation" value="MCS9NSS1"></item><item title="Bandwidth" value="40"></item><item title="Antenna" value="2"></item><item title="Channel" value="52"></item><item title="RfIcTemperature" value="5032"></item><item title="CpuTemperature" value="60"></item><item title="ExpectedPower" value="13"></item><item title="EVM" Max="-32" Min="-100"></item><item title="FREQERR" Max="15" Min="-15"></item><item title="SYMCLOCKERR" Max="20" Min="-100"></item><item title="POWER" Max="14,5" Min="11,5" Avg="13"></item><item title="LOLEAKAGE" Max="-17" Min="-100"></item><item title="SPECTRUMMASK" Max="100" Min="0"></item><item title="SPECTRUMMARGIN" Max="1000" Min="0"></item></Criteria><Record><item title="Modulation" value="MCS9NSS1"></item><item title="Bandwidth" value="40"></item><item title="Channel" value="52"></item><item title="Antenna" value="2"></item><item title="ExpectedPower" value="13"></item><item title="Power" value="13"></item><item title="TestType" value="Tx"></item><item title="EVM" value="-38,7327" result="PASS"></item><item title="FREQERR" value="1,16615" result="PASS"></item><item title="SYMCLOCKERR" value="1,6359" result="PASS"></item><item title="POWER" value="11,3133" result="FAIL"></item><item title="LOLEAKAGE" value="-35,113" result="PASS"></item><item title="SPECTRUMMASK" value="20,7629" result="PASS"></item><item title="SPECTRUMMARGIN" value="20,7629" result="PASS"></item></Record><Criteria><item title="Modulation" value="MCS9NSS1"></item><item title="Bandwidth" value="40"></item><item title="Antenna" value="2"></item><item title="Channel" value="52"></item><item title="RfIcTemperature" value="5032"></item><item title="CpuTemperature" value="60"></item><item title="ExpectedPower" value="14"></item><item title="EVM" Max="-32" Min="-100"></item><item title="FREQERR" Max="15" Min="-15"></item><item title="SYMCLOCKERR" Max="20" Min="-100"></item><item title="POWER" Max="15,5" Min="12,5" Avg="14"></item><item title="LOLEAKAGE" Max="-17" Min="-100"></item><item title="SPECTRUMMASK" Max="100" Min="0"></item><item title="SPECTRUMMARGIN" Max="1000" Min="0"></item></Criteria><Record><item title="Modulation" value="MCS9NSS1"></item><item title="Bandwidth" value="40"></item><item title="Channel" value="52"></item><item title="Antenna" value="2"></item><item title="ExpectedPower" value="14"></item><item title="Power" value="14"></item><item title="TestType" value="Tx"></item><item title="EVM" value="-38,2949" result="PASS"></item><item title="FREQERR" value="1,17287" result="PASS"></item><item title="SYMCLOCKERR" value="2,21456" result="PASS"></item><item title="POWER" value="12,4921" result="FAIL"></item><item title="LOLEAKAGE" value="-40,3303" result="PASS"></item><item title="SPECTRUMMASK" value="20,3105" result="PASS"></item><item title="SPECTRUMMARGIN" value="20,3105" result="PASS"></item></Record><Criteria><item title="Modulation" value="MCS9NSS1"></item><item title="Bandwidth" value="40"></item><item title="Antenna" value="2"></item><item title="Channel" value="52"></item><item title="RfIcTemperature" value="5032"></item><item title="CpuTemperature" value="60"></item><item title="ExpectedPower" value="15"></item><item title="EVM" Max="-32" Min="-100"></item><item title="FREQERR" Max="15" Min="-15"></item><item title="SYMCLOCKERR" Max="20" Min="-100"></item><item title="POWER" Max="16,5" Min="13,5" Avg="15"></item><item title="LOLEAKAGE" Max="-17" Min="-100"></item><item title="SPECTRUMMASK" Max="100" Min="0"></item><item title="SPECTRUMMARGIN" Max="1000" Min="0"></item></Criteria><Record><item title="Modulation" value="MCS9NSS1"></item><item title="Bandwidth" value="40"></item><item title="Channel" value="52"></item><item title="Antenna" value="2"></item><item title="ExpectedPower" value="15"></item><item title="Power" value="15"></item><item title="TestType" value="Tx"></item><item title="EVM" value="-37,8523" result="PASS"></item><item title="FREQERR" value="1,16573" result="PASS"></item><item title="SYMCLOCKERR" value="1,50038" result="PASS"></item><item title="POWER" value="13,3423" result="FAIL"></item><item title="LOLEAKAGE" value="-42,5032" result="PASS"></item><item title="SPECTRUMMASK" value="21,0413" result="PASS"></item><item title="SPECTRUMMARGIN" value="21,0413" result="PASS"></item></Record><Criteria><item title="Modulation" value="MCS9NSS1"></item><item title="Bandwidth" value="40"></item><item title="Antenna" value="2"></item><item title="Channel" value="52"></item><item title="RfIcTemperature" value="5032"></item><item title="CpuTemperature" value="60"></item><item title="ExpectedPower" value="16"></item><item title="EVM" Max="-32" Min="-100"></item><item title="FREQERR" Max="15" Min="-15"></item><item title="SYMCLOCKERR" Max="20" Min="-100"></item><item title="POWER" Max="17,5" Min="14,5" Avg="16"></item><item title="LOLEAKAGE" Max="-17" Min="-100"></item><item title="SPECTRUMMASK" Max="100" Min="0"></item><item title="SPECTRUMMARGIN" Max="1000" Min="0"></item></Criteria><Record><item title="Modulation" value="MCS9NSS1"></item><item title="Bandwidth" value="40"></item><item title="Channel" value="52"></item><item title="Antenna" value="2"></item><item title="ExpectedPower" value="16"></item><item title="Power" value="16"></item><item title="TestType" value="Tx"></item><item title="EVM" value="-38,3359" result="PASS"></item><item title="FREQERR" value="1,17364" result="PASS"></item><item title="SYMCLOCKERR" value="1,83419" result="PASS"></item><item title="POWER" value="14,3485" result="FAIL"></item><item title="LOLEAKAGE" value="-47,3238" result="PASS"></item><item title="SPECTRUMMASK" value="20,7489" result="PASS"></item><item title="SPECTRUMMARGIN" value="20,7489" result="PASS"></item></Record><Criteria><item title="Modulation" value="MCS9NSS1"></item><item title="Bandwidth" value="40"></item><item title="Antenna" value="2"></item><item title="Channel" value="52"></item><item title="RfIcTemperature" value="5032"></item><item title="CpuTemperature" value="60"></item><item title="ExpectedPower" value="17"></item><item title="EVM" Max="-32" Min="-100"></item><item title="FREQERR" Max="15" Min="-15"></item><item title="SYMCLOCKERR" Max="20" Min="-100"></item><item title="POWER" Max="18,5" Min="15,5" Avg="17"></item><item title="LOLEAKAGE" Max="-17" Min="-100"></item><item title="SPECTRUMMASK" Max="100" Min="0"></item><item title="SPECTRUMMARGIN" Max="1000" Min="0"></item></Criteria><Record><item title="Modulation" value="MCS9NSS1"></item><item title="Bandwidth" value="40"></item><item title="Channel" value="52"></item><item title="Antenna" value="2"></item><item title="ExpectedPower" value="17"></item><item title="Power" value="17"></item><item title="TestType" value="Tx"></item><item title="EVM" value="-38,1462" result="PASS"></item><item title="FREQERR" value="1,1691" result="PASS"></item><item title="SYMCLOCKERR" value="2,12468" result="PASS"></item><item title="POWER" value="15,5111" result="PASS"></item><item title="LOLEAKAGE" value="-48,8" result="PASS"></item><item title="SPECTRUMMASK" value="19,1302" result="PASS"></item><item title="SPECTRUMMARGIN" value="19,1302" result="PASS"></item></Record><Criteria><item title="Modulation" value="MCS9NSS1"></item><item title="Bandwidth" value="40"></item><item title="Antenna" value="2"></item><item title="Channel" value="52"></item><item title="RfIcTemperature" value="5032"></item><item title="CpuTemperature" value="60"></item><item title="ExpectedPower" value="18"></item><item title="EVM" Max="-32" Min="-100"></item><item title="FREQERR" Max="15" Min="-15"></item><item title="SYMCLOCKERR" Max="20" Min="-100"></item><item title="POWER" Max="19,5" Min="16,5" Avg="18"></item><item title="LOLEAKAGE" Max="-17" Min="-100"></item><item title="SPECTRUMMASK" Max="100" Min="0"></item><item title="SPECTRUMMARGIN" Max="1000" Min="0"></item></Criteria><Record><item title="Modulation" value="MCS9NSS1"></item><item title="Bandwidth" value="40"></item><item title="Channel" value="52"></item><item title="Antenna" value="2"></item><item title="ExpectedPower" value="18"></item><item title="Power" value="18"></item><item title="TestType" value="Tx"></item><item title="EVM" value="-37,0649" result="PASS"></item><item title="FREQERR" value="1,1666" result="PASS"></item><item title="SYMCLOCKERR" value="1,37402" result="PASS"></item><item title="POWER" value="16,5392" result="PASS"></item><item title="LOLEAKAGE" value="-46,2698" result="PASS"></item><item title="SPECTRUMMASK" value="17,651" result="PASS"></item><item title="SPECTRUMMARGIN" value="17,651" result="PASS"></item></Record><Criteria><item title="Modulation" value="MCS9NSS1"></item><item title="Bandwidth" value="40"></item><item title="Antenna" value="2"></item><item title="Channel" value="52"></item><item title="RfIcTemperature" value="5032"></item><item title="CpuTemperature" value="60"></item><item title="ExpectedPower" value="19"></item><item title="EVM" Max="-32" Min="-100"></item><item title="FREQERR" Max="15" Min="-15"></item><item title="SYMCLOCKERR" Max="20" Min="-100"></item><item title="POWER" Max="20,5" Min="17,5" Avg="19"></item><item title="LOLEAKAGE" Max="-17" Min="-100"></item><item title="SPECTRUMMASK" Max="100" Min="0"></item><item title="SPECTRUMMARGIN" Max="1000" Min="0"></item></Criteria><Record><item title="Modulation" value="MCS9NSS1"></item><item title="Bandwidth" value="40"></item><item title="Channel" value="52"></item><item title="Antenna" value="2"></item><item title="ExpectedPower" value="19"></item><item title="Power" value="19"></item><item title="TestType" value="Tx"></item><item title="EVM" value="-36,4456" result="PASS"></item><item title="FREQERR" value="1,1715" result="PASS"></item><item title="SYMCLOCKERR" value="1,95817" result="PASS"></item><item title="POWER" value="17,5327" result="PASS"></item><item title="LOLEAKAGE" value="-45,5996" result="PASS"></item><item title="SPECTRUMMASK" value="17,8006" result="PASS"></item><item title="SPECTRUMMARGIN" value="17,8006" result="PASS"></item></Record><Criteria><item title="Modulation" value="MCS9NSS1"></item><item title="Bandwidth" value="40"></item><item title="Antenna" value="2"></item><item title="Channel" value="52"></item><item title="RfIcTemperature" value="5032"></item><item title="CpuTemperature" value="60"></item><item title="ExpectedPower" value="20"></item><item title="EVM" Max="-32" Min="-100"></item><item title="FREQERR" Max="15" Min="-15"></item><item title="SYMCLOCKERR" Max="20" Min="-100"></item><item title="POWER" Max="21,5" Min="18,5" Avg="20"></item><item title="LOLEAKAGE" Max="-17" Min="-100"></item><item title="SPECTRUMMASK" Max="100" Min="0"></item><item title="SPECTRUMMARGIN" Max="1000" Min="0"></item></Criteria><Record><item title="Modulation" value="MCS9NSS1"></item><item title="Bandwidth" value="40"></item><item title="Channel" value="52"></item><item title="Antenna" value="2"></item><item title="ExpectedPower" value="20"></item><item title="Power" value="20"></item><item title="TestType" value="Tx"></item><item title="EVM" value="-36,1886" result="PASS"></item><item title="FREQERR" value="1,1688" result="PASS"></item><item title="SYMCLOCKERR" value="1,72507" result="PASS"></item><item title="POWER" value="18,5049" result="PASS"></item><item title="LOLEAKAGE" value="-44,913" result="PASS"></item><item title="SPECTRUMMASK" value="16,2946" result="PASS"></item><item title="SPECTRUMMARGIN" value="16,2946" result="PASS"></item></Record><Criteria><item title="Modulation" value="MCS9NSS1"></item><item title="Bandwidth" value="40"></item><item title="Antenna" value="2"></item><item title="Channel" value="52"></item><item title="RfIcTemperature" value="5032"></item><item title="CpuTemperature" value="60"></item><item title="ExpectedPower" value="21"></item><item title="EVM" Max="-32" Min="-100"></item><item title="FREQERR" Max="15" Min="-15"></item><item title="SYMCLOCKERR" Max="20" Min="-100"></item><item title="POWER" Max="22,5" Min="19,5" Avg="21"></item><item title="LOLEAKAGE" Max="-17" Min="-100"></item><item title="SPECTRUMMASK" Max="100" Min="0"></item><item title="SPECTRUMMARGIN" Max="1000" Min="0"></item></Criteria><Record><item title="Modulation" value="MCS9NSS1"></item><item title="Bandwidth" value="40"></item><item title="Channel" value="52"></item><item title="Antenna" value="2"></item><item title="ExpectedPower" value="21"></item><item title="Power" value="21"></item><item title="TestType" value="Tx"></item><item title="EVM" value="-35,8385" result="PASS"></item><item title="FREQERR" value="1,17406" result="PASS"></item><item title="SYMCLOCKERR" value="2,17842" result="PASS"></item><item title="POWER" value="19,381" result="FAIL"></item><item title="LOLEAKAGE" value="-51,353" result="PASS"></item><item title="SPECTRUMMASK" value="14,38" result="PASS"></item><item title="SPECTRUMMARGIN" value="14,38" result="PASS"></item></Record><Criteria><item title="Modulation" value="MCS9NSS1"></item><item title="Bandwidth" value="40"></item><item title="Antenna" value="2"></item><item title="Channel" value="52"></item><item title="RfIcTemperature" value="5032"></item><item title="CpuTemperature" value="60"></item><item title="ExpectedPower" value="22"></item><item title="EVM" Max="-32" Min="-100"></item><item title="FREQERR" Max="15" Min="-15"></item><item title="SYMCLOCKERR" Max="20" Min="-100"></item><item title="POWER" Max="23,5" Min="20,5" Avg="22"></item><item title="LOLEAKAGE" Max="-17" Min="-100"></item><item title="SPECTRUMMASK" Max="100" Min="0"></item><item title="SPECTRUMMARGIN" Max="1000" Min="0"></item></Criteria><Record><item title="Modulation" value="MCS9NSS1"></item><item title="Bandwidth" value="40"></item><item title="Channel" value="52"></item><item title="Antenna" value="2"></item><item title="ExpectedPower" value="22"></item><item title="Power" value="22"></item><item title="TestType" value="Tx"></item><item title="EVM" value="-33,015" result="PASS"></item><item title="FREQERR" value="1,17482" result="PASS"></item><item title="SYMCLOCKERR" value="1,28116" result="PASS"></item><item title="POWER" value="20,4517" result="FAIL"></item><item title="LOLEAKAGE" value="-39,3516" result="PASS"></item><item title="SPECTRUMMASK" value="12,0987" result="PASS"></item><item title="SPECTRUMMARGIN" value="12,0987" result="PASS"></item></Record><Criteria><item title="Modulation" value="MCS9NSS1"></item><item title="Bandwidth" value="40"></item><item title="Antenna" value="2"></item><item title="Channel" value="52"></item><item title="RfIcTemperature" value="5032"></item><item title="CpuTemperature" value="60"></item><item title="ExpectedPower" value="23"></item><item title="EVM" Max="-32" Min="-100"></item><item title="FREQERR" Max="15" Min="-15"></item><item title="SYMCLOCKERR" Max="20" Min="-100"></item><item title="POWER" Max="24,5" Min="21,5" Avg="23"></item><item title="LOLEAKAGE" Max="-17" Min="-100"></item><item title="SPECTRUMMASK" Max="100" Min="0"></item><item title="SPECTRUMMARGIN" Max="1000" Min="0"></item></Criteria><Record><item title="Modulation" value="MCS9NSS1"></item><item title="Bandwidth" value="40"></item><item title="Channel" value="52"></item><item title="Antenna" value="2"></item><item title="ExpectedPower" value="23"></item><item title="Power" value="23"></item><item title="TestType" value="Tx"></item><item title="EVM" value="-29,2817" result="FAIL"></item><item title="FREQERR" value="1,17428" result="PASS"></item><item title="SYMCLOCKERR" value="3,14717" result="PASS"></item><item title="POWER" value="21,557" result="PASS"></item><item title="LOLEAKAGE" value="-45,0299" result="PASS"></item><item title="SPECTRUMMASK" value="9,42356" result="PASS"></item><item title="SPECTRUMMARGIN" value="9,42356" result="PASS"></item></Record><Criteria><item title="Modulation" value="MCS9NSS1"></item><item title="Bandwidth" value="40"></item><item title="Antenna" value="2"></item><item title="Channel" value="52"></item><item title="RfIcTemperature" value="5032"></item><item title="CpuTemperature" value="60"></item><item title="ExpectedPower" value="24"></item><item title="EVM" Max="-32" Min="-100"></item><item title="FREQERR" Max="15" Min="-15"></item><item title="SYMCLOCKERR" Max="20" Min="-100"></item><item title="POWER" Max="25,5" Min="22,5" Avg="24"></item><item title="LOLEAKAGE" Max="-17" Min="-100"></item><item title="SPECTRUMMASK" Max="100" Min="0"></item><item title="SPECTRUMMARGIN" Max="1000" Min="0"></item></Criteria><Record><item title="Modulation" value="MCS9NSS1"></item><item title="Bandwidth" value="40"></item><item title="Channel" value="52"></item><item title="Antenna" value="2"></item><item title="ExpectedPower" value="24"></item><item title="Power" value="24"></item><item title="TestType" value="Tx"></item><item title="EVM" value="-26,7828" result="FAIL"></item><item title="FREQERR" value="1,1711" result="PASS"></item><item title="SYMCLOCKERR" value="0,972668" result="PASS"></item><item title="POWER" value="22,5108" result="PASS"></item><item title="LOLEAKAGE" value="-42,4309" result="PASS"></item><item title="SPECTRUMMASK" value="6,89931" result="PASS"></item><item title="SPECTRUMMARGIN" value="6,89931" result="PASS"></item></Record><Criteria><item title="Modulation" value="MCS9NSS1"></item><item title="Bandwidth" value="40"></item><item title="Antenna" value="2"></item><item title="Channel" value="52"></item><item title="RfIcTemperature" value="5032"></item><item title="CpuTemperature" value="60"></item><item title="ExpectedPower" value="25"></item><item title="EVM" Max="-32" Min="-100"></item><item title="FREQERR" Max="15" Min="-15"></item><item title="SYMCLOCKERR" Max="20" Min="-100"></item><item title="POWER" Max="26,5" Min="23,5" Avg="25"></item><item title="LOLEAKAGE" Max="-17" Min="-100"></item><item title="SPECTRUMMASK" Max="100" Min="0"></item><item title="SPECTRUMMARGIN" Max="1000" Min="0"></item></Criteria><Record><item title="Modulation" value="MCS9NSS1"></item><item title="Bandwidth" value="40"></item><item title="Channel" value="52"></item><item title="Antenna" value="2"></item><item title="ExpectedPower" value="25"></item><item title="Power" value="25"></item><item title="TestType" value="Tx"></item><item title="EVM" value="-24,466" result="FAIL"></item><item title="FREQERR" value="1,16843" result="PASS"></item><item title="SYMCLOCKERR" value="1,43179" result="PASS"></item><item title="POWER" value="23,4529" result="FAIL"></item><item title="LOLEAKAGE" value="-53,8233" result="PASS"></item><item title="SPECTRUMMASK" value="3,59588" result="PASS"></item><item title="SPECTRUMMARGIN" value="3,59588" result="PASS"></item></Record><Criteria><item title="Modulation" value="MCS9NSS1"></item><item title="Bandwidth" value="40"></item><item title="Antenna" value="3"></item><item title="Channel" value="52"></item><item title="RfIcTemperature" value="5032"></item><item title="CpuTemperature" value="60"></item><item title="ExpectedPower" value="10"></item><item title="EVM" Max="-32" Min="-100"></item><item title="FREQERR" Max="15" Min="-15"></item><item title="SYMCLOCKERR" Max="20" Min="-100"></item><item title="POWER" Max="11,5" Min="8,5" Avg="10"></item><item title="LOLEAKAGE" Max="-17" Min="-100"></item><item title="SPECTRUMMASK" Max="100" Min="0"></item><item title="SPECTRUMMARGIN" Max="1000" Min="0"></item></Criteria><Record><item title="Modulation" value="MCS9NSS1"></item><item title="Bandwidth" value="40"></item><item title="Channel" value="52"></item><item title="Antenna" value="3"></item><item title="ExpectedPower" value="10"></item><item title="Power" value="10"></item><item title="TestType" value="Tx"></item><item title="EVM" value="-40,362" result="PASS"></item><item title="FREQERR" value="1,16901" result="PASS"></item><item title="SYMCLOCKERR" value="1,28645" result="PASS"></item><item title="POWER" value="7,00778" result="FAIL"></item><item title="LOLEAKAGE" value="-27,2665" result="PASS"></item><item title="SPECTRUMMASK" value="21,1373" result="PASS"></item><item title="SPECTRUMMARGIN" value="21,1373" result="PASS"></item></Record><Criteria><item title="Modulation" value="MCS9NSS1"></item><item title="Bandwidth" value="40"></item><item title="Antenna" value="3"></item><item title="Channel" value="52"></item><item title="RfIcTemperature" value="5032"></item><item title="CpuTemperature" value="60"></item><item title="ExpectedPower" value="11"></item><item title="EVM" Max="-32" Min="-100"></item><item title="FREQERR" Max="15" Min="-15"></item><item title="SYMCLOCKERR" Max="20" Min="-100"></item><item title="POWER" Max="12,5" Min="9,5" Avg="11"></item><item title="LOLEAKAGE" Max="-17" Min="-100"></item><item title="SPECTRUMMASK" Max="100" Min="0"></item><item title="SPECTRUMMARGIN" Max="1000" Min="0"></item></Criteria><Record><item title="Modulation" value="MCS9NSS1"></item><item title="Bandwidth" value="40"></item><item title="Channel" value="52"></item><item title="Antenna" value="3"></item><item title="ExpectedPower" value="11"></item><item title="Power" value="11"></item><item title="TestType" value="Tx"></item><item title="EVM" value="-39,2495" result="PASS"></item><item title="FREQERR" value="1,16875" result="PASS"></item><item title="SYMCLOCKERR" value="1,10824" result="PASS"></item><item title="POWER" value="8,21243" result="FAIL"></item><item title="LOLEAKAGE" value="-28,0315" result="PASS"></item><item title="SPECTRUMMASK" value="20,2262" result="PASS"></item><item title="SPECTRUMMARGIN" value="20,2262" result="PASS"></item></Record><Criteria><item title="Modulation" value="MCS9NSS1"></item><item title="Bandwidth" value="40"></item><item title="Antenna" value="3"></item><item title="Channel" value="52"></item><item title="RfIcTemperature" value="5032"></item><item title="CpuTemperature" value="60"></item><item title="ExpectedPower" value="12"></item><item title="EVM" Max="-32" Min="-100"></item><item title="FREQERR" Max="15" Min="-15"></item><item title="SYMCLOCKERR" Max="20" Min="-100"></item><item title="POWER" Max="13,5" Min="10,5" Avg="12"></item><item title="LOLEAKAGE" Max="-17" Min="-100"></item><item title="SPECTRUMMASK" Max="100" Min="0"></item><item title="SPECTRUMMARGIN" Max="1000" Min="0"></item></Criteria><Record><item title="Modulation" value="MCS9NSS1"></item><item title="Bandwidth" value="40"></item><item title="Channel" value="52"></item><item title="Antenna" value="3"></item><item title="ExpectedPower" value="12"></item><item title="Power" value="12"></item><item title="TestType" value="Tx"></item><item title="EVM" value="-39,5823" result="PASS"></item><item title="FREQERR" value="1,16984" result="PASS"></item><item title="SYMCLOCKERR" value="1,18674" result="PASS"></item><item title="POWER" value="9,43557" result="FAIL"></item><item title="LOLEAKAGE" value="-31,5066" result="PASS"></item><item title="SPECTRUMMASK" value="21,5773" result="PASS"></item><item title="SPECTRUMMARGIN" value="21,5773" result="PASS"></item></Record><Criteria><item title="Modulation" value="MCS9NSS1"></item><item title="Bandwidth" value="40"></item><item title="Antenna" value="3"></item><item title="Channel" value="52"></item><item title="RfIcTemperature" value="5032"></item><item title="CpuTemperature" value="60"></item><item title="ExpectedPower" value="13"></item><item title="EVM" Max="-32" Min="-100"></item><item title="FREQERR" Max="15" Min="-15"></item><item title="SYMCLOCKERR" Max="20" Min="-100"></item><item title="POWER" Max="14,5" Min="11,5" Avg="13"></item><item title="LOLEAKAGE" Max="-17" Min="-100"></item><item title="SPECTRUMMASK" Max="100" Min="0"></item><item title="SPECTRUMMARGIN" Max="1000" Min="0"></item></Criteria><Record><item title="Modulation" value="MCS9NSS1"></item><item title="Bandwidth" value="40"></item><item title="Channel" value="52"></item><item title="Antenna" value="3"></item><item title="ExpectedPower" value="13"></item><item title="Power" value="13"></item><item title="TestType" value="Tx"></item><item title="EVM" value="-39,2032" result="PASS"></item><item title="FREQERR" value="1,17694" result="PASS"></item><item title="SYMCLOCKERR" value="1,40135" result="PASS"></item><item title="POWER" value="10,6804" result="FAIL"></item><item title="LOLEAKAGE" value="-32,0351" result="PASS"></item><item title="SPECTRUMMASK" value="19,5056" result="PASS"></item><item title="SPECTRUMMARGIN" value="19,5056" result="PASS"></item></Record><Criteria><item title="Modulation" value="MCS9NSS1"></item><item title="Bandwidth" value="40"></item><item title="Antenna" value="3"></item><item title="Channel" value="52"></item><item title="RfIcTemperature" value="5032"></item><item title="CpuTemperature" value="60"></item><item title="ExpectedPower" value="14"></item><item title="EVM" Max="-32" Min="-100"></item><item title="FREQERR" Max="15" Min="-15"></item><item title="SYMCLOCKERR" Max="20" Min="-100"></item><item title="POWER" Max="15,5" Min="12,5" Avg="14"></item><item title="LOLEAKAGE" Max="-17" Min="-100"></item><item title="SPECTRUMMASK" Max="100" Min="0"></item><item title="SPECTRUMMARGIN" Max="1000" Min="0"></item></Criteria><Record><item title="Modulation" value="MCS9NSS1"></item><item title="Bandwidth" value="40"></item><item title="Channel" value="52"></item><item title="Antenna" value="3"></item><item title="ExpectedPower" value="14"></item><item title="Power" value="14"></item><item title="TestType" value="Tx"></item><item title="EVM" value="-38,5509" result="PASS"></item><item title="FREQERR" value="1,17238" result="PASS"></item><item title="SYMCLOCKERR" value="1,21614" result="PASS"></item><item title="POWER" value="11,6361" result="FAIL"></item><item title="LOLEAKAGE" value="-32,5773" result="PASS"></item><item title="SPECTRUMMASK" value="21,3025" result="PASS"></item><item title="SPECTRUMMARGIN" value="21,3025" result="PASS"></item></Record><Criteria><item title="Modulation" value="MCS9NSS1"></item><item title="Bandwidth" value="40"></item><item title="Antenna" value="3"></item><item title="Channel" value="52"></item><item title="RfIcTemperature" value="5032"></item><item title="CpuTemperature" value="60"></item><item title="ExpectedPower" value="15"></item><item title="EVM" Max="-32" Min="-100"></item><item title="FREQERR" Max="15" Min="-15"></item><item title="SYMCLOCKERR" Max="20" Min="-100"></item><item title="POWER" Max="16,5" Min="13,5" Avg="15"></item><item title="LOLEAKAGE" Max="-17" Min="-100"></item><item title="SPECTRUMMASK" Max="100" Min="0"></item><item title="SPECTRUMMARGIN" Max="1000" Min="0"></item></Criteria><Record><item title="Modulation" value="MCS9NSS1"></item><item title="Bandwidth" value="40"></item><item title="Channel" value="52"></item><item title="Antenna" value="3"></item><item title="ExpectedPower" value="15"></item><item title="Power" value="15"></item><item title="TestType" value="Tx"></item><item title="EVM" value="-36,6139" result="PASS"></item><item title="FREQERR" value="1,17356" result="PASS"></item><item title="SYMCLOCKERR" value="1,32994" result="PASS"></item><item title="POWER" value="12,6992" result="FAIL"></item><item title="LOLEAKAGE" value="-36,4542" result="PASS"></item><item title="SPECTRUMMASK" value="21,7731" result="PASS"></item><item title="SPECTRUMMARGIN" value="21,7731" result="PASS"></item></Record><Criteria><item title="Modulation" value="MCS9NSS1"></item><item title="Bandwidth" value="40"></item><item title="Antenna" value="3"></item><item title="Channel" value="52"></item><item title="RfIcTemperature" value="5032"></item><item title="CpuTemperature" value="60"></item><item title="ExpectedPower" value="16"></item><item title="EVM" Max="-32" Min="-100"></item><item title="FREQERR" Max="15" Min="-15"></item><item title="SYMCLOCKERR" Max="20" Min="-100"></item><item title="POWER" Max="17,5" Min="14,5" Avg="16"></item><item title="LOLEAKAGE" Max="-17" Min="-100"></item><item title="SPECTRUMMASK" Max="100" Min="0"></item><item title="SPECTRUMMARGIN" Max="1000" Min="0"></item></Criteria><Record><item title="Modulation" value="MCS9NSS1"></item><item title="Bandwidth" value="40"></item><item title="Channel" value="52"></item><item title="Antenna" value="3"></item><item title="ExpectedPower" value="16"></item><item title="Power" value="16"></item><item title="TestType" value="Tx"></item><item title="EVM" value="-38,3111" result="PASS"></item><item title="FREQERR" value="1,17451" result="PASS"></item><item title="SYMCLOCKERR" value="1,92278" result="PASS"></item><item title="POWER" value="13,7055" result="FAIL"></item><item title="LOLEAKAGE" value="-37,221" result="PASS"></item><item title="SPECTRUMMASK" value="19,6328" result="PASS"></item><item title="SPECTRUMMARGIN" value="19,6328" result="PASS"></item></Record><Criteria><item title="Modulation" value="MCS9NSS1"></item><item title="Bandwidth" value="40"></item><item title="Antenna" value="3"></item><item title="Channel" value="52"></item><item title="RfIcTemperature" value="5032"></item><item title="CpuTemperature" value="60"></item><item title="ExpectedPower" value="17"></item><item title="EVM" Max="-32" Min="-100"></item><item title="FREQERR" Max="15" Min="-15"></item><item title="SYMCLOCKERR" Max="20" Min="-100"></item><item title="POWER" Max="18,5" Min="15,5" Avg="17"></item><item title="LOLEAKAGE" Max="-17" Min="-100"></item><item title="SPECTRUMMASK" Max="100" Min="0"></item><item title="SPECTRUMMARGIN" Max="1000" Min="0"></item></Criteria><Record><item title="Modulation" value="MCS9NSS1"></item><item title="Bandwidth" value="40"></item><item title="Channel" value="52"></item><item title="Antenna" value="3"></item><item title="ExpectedPower" value="17"></item><item title="Power" value="17"></item><item title="TestType" value="Tx"></item><item title="EVM" value="-38,5916" result="PASS"></item><item title="FREQERR" value="1,17479" result="PASS"></item><item title="SYMCLOCKERR" value="1,18032" result="PASS"></item><item title="POWER" value="14,888" result="FAIL"></item><item title="LOLEAKAGE" value="-41,5558" result="PASS"></item><item title="SPECTRUMMASK" value="19,5698" result="PASS"></item><item title="SPECTRUMMARGIN" value="19,5698" result="PASS"></item></Record><Criteria><item title="Modulation" value="MCS9NSS1"></item><item title="Bandwidth" value="40"></item><item title="Antenna" value="3"></item><item title="Channel" value="52"></item><item title="RfIcTemperature" value="5032"></item><item title="CpuTemperature" value="60"></item><item title="ExpectedPower" value="18"></item><item title="EVM" Max="-32" Min="-100"></item><item title="FREQERR" Max="15" Min="-15"></item><item title="SYMCLOCKERR" Max="20" Min="-100"></item><item title="POWER" Max="19,5" Min="16,5" Avg="18"></item><item title="LOLEAKAGE" Max="-17" Min="-100"></item><item title="SPECTRUMMASK" Max="100" Min="0"></item><item title="SPECTRUMMARGIN" Max="1000" Min="0"></item></Criteria><Record><item title="Modulation" value="MCS9NSS1"></item><item title="Bandwidth" value="40"></item><item title="Channel" value="52"></item><item title="Antenna" value="3"></item><item title="ExpectedPower" value="18"></item><item title="Power" value="18"></item><item title="TestType" value="Tx"></item><item title="EVM" value="-38,3587" result="PASS"></item><item title="FREQERR" value="1,1771" result="PASS"></item><item title="SYMCLOCKERR" value="1,55899" result="PASS"></item><item title="POWER" value="15,8886" result="FAIL"></item><item title="LOLEAKAGE" value="-42,5969" result="PASS"></item><item title="SPECTRUMMASK" value="19,181" result="PASS"></item><item title="SPECTRUMMARGIN" value="19,181" result="PASS"></item></Record><Criteria><item title="Modulation" value="MCS9NSS1"></item><item title="Bandwidth" value="40"></item><item title="Antenna" value="3"></item><item title="Channel" value="52"></item><item title="RfIcTemperature" value="5032"></item><item title="CpuTemperature" value="60"></item><item title="ExpectedPower" value="19"></item><item title="EVM" Max="-32" Min="-100"></item><item title="FREQERR" Max="15" Min="-15"></item><item title="SYMCLOCKERR" Max="20" Min="-100"></item><item title="POWER" Max="20,5" Min="17,5" Avg="19"></item><item title="LOLEAKAGE" Max="-17" Min="-100"></item><item title="SPECTRUMMASK" Max="100" Min="0"></item><item title="SPECTRUMMARGIN" Max="1000" Min="0"></item></Criteria><Record><item title="Modulation" value="MCS9NSS1"></item><item title="Bandwidth" value="40"></item><item title="Channel" value="52"></item><item title="Antenna" value="3"></item><item title="ExpectedPower" value="19"></item><item title="Power" value="19"></item><item title="TestType" value="Tx"></item><item title="EVM" value="-36,5552" result="PASS"></item><item title="FREQERR" value="1,17179" result="PASS"></item><item title="SYMCLOCKERR" value="1,14614" result="PASS"></item><item title="POWER" value="17,3382" result="FAIL"></item><item title="LOLEAKAGE" value="-43,065" result="PASS"></item><item title="SPECTRUMMASK" value="16,8686" result="PASS"></item><item title="SPECTRUMMARGIN" value="16,8686" result="PASS"></item></Record><Criteria><item title="Modulation" value="MCS9NSS1"></item><item title="Bandwidth" value="40"></item><item title="Antenna" value="3"></item><item title="Channel" value="52"></item><item title="RfIcTemperature" value="5032"></item><item title="CpuTemperature" value="60"></item><item title="ExpectedPower" value="20"></item><item title="EVM" Max="-32" Min="-100"></item><item title="FREQERR" Max="15" Min="-15"></item><item title="SYMCLOCKERR" Max="20" Min="-100"></item><item title="POWER" Max="21,5" Min="18,5" Avg="20"></item><item title="LOLEAKAGE" Max="-17" Min="-100"></item><item title="SPECTRUMMASK" Max="100" Min="0"></item><item title="SPECTRUMMARGIN" Max="1000" Min="0"></item></Criteria><Record><item title="Modulation" value="MCS9NSS1"></item><item title="Bandwidth" value="40"></item><item title="Channel" value="52"></item><item title="Antenna" value="3"></item><item title="ExpectedPower" value="20"></item><item title="Power" value="20"></item><item title="TestType" value="Tx"></item><item title="EVM" value="-36,6621" result="PASS"></item><item title="FREQERR" value="1,17739" result="PASS"></item><item title="SYMCLOCKERR" value="1,49047" result="PASS"></item><item title="POWER" value="18,0408" result="FAIL"></item><item title="LOLEAKAGE" value="-43,7711" result="PASS"></item><item title="SPECTRUMMASK" value="16,6992" result="PASS"></item><item title="SPECTRUMMARGIN" value="16,6992" result="PASS"></item></Record><Criteria><item title="Modulation" value="MCS9NSS1"></item><item title="Bandwidth" value="40"></item><item title="Antenna" value="3"></item><item title="Channel" value="52"></item><item title="RfIcTemperature" value="5032"></item><item title="CpuTemperature" value="60"></item><item title="ExpectedPower" value="21"></item><item title="EVM" Max="-32" Min="-100"></item><item title="FREQERR" Max="15" Min="-15"></item><item title="SYMCLOCKERR" Max="20" Min="-100"></item><item title="POWER" Max="22,5" Min="19,5" Avg="21"></item><item title="LOLEAKAGE" Max="-17" Min="-100"></item><item title="SPECTRUMMASK" Max="100" Min="0"></item><item title="SPECTRUMMARGIN" Max="1000" Min="0"></item></Criteria><Record><item title="Modulation" value="MCS9NSS1"></item><item title="Bandwidth" value="40"></item><item title="Channel" value="52"></item><item title="Antenna" value="3"></item><item title="ExpectedPower" value="21"></item><item title="Power" value="21"></item><item title="TestType" value="Tx"></item><item title="EVM" value="-36,8511" result="PASS"></item><item title="FREQERR" value="1,17047" result="PASS"></item><item title="SYMCLOCKERR" value="1,11111" result="PASS"></item><item title="POWER" value="19,1543" result="FAIL"></item><item title="LOLEAKAGE" value="-42,4665" result="PASS"></item><item title="SPECTRUMMASK" value="15,7066" result="PASS"></item><item title="SPECTRUMMARGIN" value="15,7066" result="PASS"></item></Record><Criteria><item title="Modulation" value="MCS9NSS1"></item><item title="Bandwidth" value="40"></item><item title="Antenna" value="3"></item><item title="Channel" value="52"></item><item title="RfIcTemperature" value="5032"></item><item title="CpuTemperature" value="60"></item><item title="ExpectedPower" value="22"></item><item title="EVM" Max="-32" Min="-100"></item><item title="FREQERR" Max="15" Min="-15"></item><item title="SYMCLOCKERR" Max="20" Min="-100"></item><item title="POWER" Max="23,5" Min="20,5" Avg="22"></item><item title="LOLEAKAGE" Max="-17" Min="-100"></item><item title="SPECTRUMMASK" Max="100" Min="0"></item><item title="SPECTRUMMARGIN" Max="1000" Min="0"></item></Criteria><Record><item title="Modulation" value="MCS9NSS1"></item><item title="Bandwidth" value="40"></item><item title="Channel" value="52"></item><item title="Antenna" value="3"></item><item title="ExpectedPower" value="22"></item><item title="Power" value="22"></item><item title="TestType" value="Tx"></item><item title="EVM" value="-34,7278" result="PASS"></item><item title="FREQERR" value="1,17272" result="PASS"></item><item title="SYMCLOCKERR" value="0,702017" result="PASS"></item><item title="POWER" value="20,2363" result="FAIL"></item><item title="LOLEAKAGE" value="-44,6642" result="PASS"></item><item title="SPECTRUMMASK" value="12,7413" result="PASS"></item><item title="SPECTRUMMARGIN" value="12,7413" result="PASS"></item></Record><Criteria><item title="Modulation" value="MCS9NSS1"></item><item title="Bandwidth" value="40"></item><item title="Antenna" value="3"></item><item title="Channel" value="52"></item><item title="RfIcTemperature" value="5032"></item><item title="CpuTemperature" value="60"></item><item title="ExpectedPower" value="23"></item><item title="EVM" Max="-32" Min="-100"></item><item title="FREQERR" Max="15" Min="-15"></item><item title="SYMCLOCKERR" Max="20" Min="-100"></item><item title="POWER" Max="24,5" Min="21,5" Avg="23"></item><item title="LOLEAKAGE" Max="-17" Min="-100"></item><item title="SPECTRUMMASK" Max="100" Min="0"></item><item title="SPECTRUMMARGIN" Max="1000" Min="0"></item></Criteria><Record><item title="Modulation" value="MCS9NSS1"></item><item title="Bandwidth" value="40"></item><item title="Channel" value="52"></item><item title="Antenna" value="3"></item><item title="ExpectedPower" value="23"></item><item title="Power" value="23"></item><item title="TestType" value="Tx"></item><item title="EVM" value="-30,6166" result="FAIL"></item><item title="FREQERR" value="1,17569" result="PASS"></item><item title="SYMCLOCKERR" value="3,01162" result="PASS"></item><item title="POWER" value="21,338" result="FAIL"></item><item title="LOLEAKAGE" value="-42,7003" result="PASS"></item><item title="SPECTRUMMASK" value="11,3141" result="PASS"></item><item title="SPECTRUMMARGIN" value="11,3141" result="PASS"></item></Record><Criteria><item title="Modulation" value="MCS9NSS1"></item><item title="Bandwidth" value="40"></item><item title="Antenna" value="3"></item><item title="Channel" value="52"></item><item title="RfIcTemperature" value="5032"></item><item title="CpuTemperature" value="60"></item><item title="ExpectedPower" value="24"></item><item title="EVM" Max="-32" Min="-100"></item><item title="FREQERR" Max="15" Min="-15"></item><item title="SYMCLOCKERR" Max="20" Min="-100"></item><item title="POWER" Max="25,5" Min="22,5" Avg="24"></item><item title="LOLEAKAGE" Max="-17" Min="-100"></item><item title="SPECTRUMMASK" Max="100" Min="0"></item><item title="SPECTRUMMARGIN" Max="1000" Min="0"></item></Criteria><Record><item title="Modulation" value="MCS9NSS1"></item><item title="Bandwidth" value="40"></item><item title="Channel" value="52"></item><item title="Antenna" value="3"></item><item title="ExpectedPower" value="24"></item><item title="Power" value="24"></item><item title="TestType" value="Tx"></item><item title="EVM" value="-28,7243" result="FAIL"></item><item title="FREQERR" value="1,17189" result="PASS"></item><item title="SYMCLOCKERR" value="3,65648" result="PASS"></item><item title="POWER" value="22,3166" result="FAIL"></item><item title="LOLEAKAGE" value="-38,4014" result="PASS"></item><item title="SPECTRUMMASK" value="8,07992" result="PASS"></item><item title="SPECTRUMMARGIN" value="8,07992" result="PASS"></item></Record><Criteria><item title="Modulation" value="MCS9NSS1"></item><item title="Bandwidth" value="40"></item><item title="Antenna" value="3"></item><item title="Channel" value="52"></item><item title="RfIcTemperature" value="5032"></item><item title="CpuTemperature" value="60"></item><item title="ExpectedPower" value="25"></item><item title="EVM" Max="-32" Min="-100"></item><item title="FREQERR" Max="15" Min="-15"></item><item title="SYMCLOCKERR" Max="20" Min="-100"></item><item title="POWER" Max="26,5" Min="23,5" Avg="25"></item><item title="LOLEAKAGE" Max="-17" Min="-100"></item><item title="SPECTRUMMASK" Max="100" Min="0"></item><item title="SPECTRUMMARGIN" Max="1000" Min="0"></item></Criteria><Record><item title="Modulation" value="MCS9NSS1"></item><item title="Bandwidth" value="40"></item><item title="Channel" value="52"></item><item title="Antenna" value="3"></item><item title="ExpectedPower" value="25"></item><item title="Power" value="25"></item><item title="TestType" value="Tx"></item><item title="EVM" value="-25,1904" result="FAIL"></item><item title="FREQERR" value="1,17834" result="PASS"></item><item title="SYMCLOCKERR" value="-1,38823" result="PASS"></item><item title="POWER" value="23,4388" result="FAIL"></item><item title="LOLEAKAGE" value="-42,7882" result="PASS"></item><item title="SPECTRUMMASK" value="3,3826" result="PASS"></item><item title="SPECTRUMMARGIN" value="3,3826" result="PASS"></item></Record><Criteria><item title="Modulation" value="MCS9NSS1"></item><item title="Bandwidth" value="40"></item><item title="Antenna" value="0"></item><item title="Channel" value="100"></item><item title="RfIcTemperature" value="5032"></item><item title="CpuTemperature" value="60"></item><item title="ExpectedPower" value="10"></item><item title="EVM" Max="-32" Min="-100"></item><item title="FREQERR" Max="15" Min="-15"></item><item title="SYMCLOCKERR" Max="20" Min="-100"></item><item title="POWER" Max="11,5" Min="8,5" Avg="10"></item><item title="LOLEAKAGE" Max="-17" Min="-100"></item><item title="SPECTRUMMASK" Max="100" Min="0"></item><item title="SPECTRUMMARGIN" Max="1000" Min="0"></item></Criteria><Record><item title="Modulation" value="MCS9NSS1"></item><item title="Bandwidth" value="40"></item><item title="Channel" value="100"></item><item title="Antenna" value="0"></item><item title="ExpectedPower" value="10"></item><item title="Power" value="10"></item><item title="TestType" value="Tx"></item><item title="EVM" value="-35,9165" result="PASS"></item><item title="FREQERR" value="1,15945" result="PASS"></item><item title="SYMCLOCKERR" value="0,377582" result="PASS"></item><item title="POWER" value="8,46904" result="FAIL"></item><item title="LOLEAKAGE" value="-31,3709" result="PASS"></item><item title="SPECTRUMMASK" value="21,0955" result="PASS"></item><item title="SPECTRUMMARGIN" value="21,0955" result="PASS"></item></Record><Criteria><item title="Modulation" value="MCS9NSS1"></item><item title="Bandwidth" value="40"></item><item title="Antenna" value="0"></item><item title="Channel" value="100"></item><item title="RfIcTemperature" value="5032"></item><item title="CpuTemperature" value="60"></item><item title="ExpectedPower" value="11"></item><item title="EVM" Max="-32" Min="-100"></item><item title="FREQERR" Max="15" Min="-15"></item><item title="SYMCLOCKERR" Max="20" Min="-100"></item><item title="POWER" Max="12,5" Min="9,5" Avg="11"></item><item title="LOLEAKAGE" Max="-17" Min="-100"></item><item title="SPECTRUMMASK" Max="100" Min="0"></item><item title="SPECTRUMMARGIN" Max="1000" Min="0"></item></Criteria><Record><item title="Modulation" value="MCS9NSS1"></item><item title="Bandwidth" value="40"></item><item title="Channel" value="100"></item><item title="Antenna" value="0"></item><item title="ExpectedPower" value="11"></item><item title="Power" value="11"></item><item title="TestType" value="Tx"></item><item title="EVM" value="-35,9585" result="PASS"></item><item title="FREQERR" value="1,16093" result="PASS"></item><item title="SYMCLOCKERR" value="1,08645" result="PASS"></item><item title="POWER" value="9,32504" result="FAIL"></item><item title="LOLEAKAGE" value="-32,2775" result="PASS"></item><item title="SPECTRUMMASK" value="20,1961" result="PASS"></item><item title="SPECTRUMMARGIN" value="20,1961" result="PASS"></item></Record><Criteria><item title="Modulation" value="MCS9NSS1"></item><item title="Bandwidth" value="40"></item><item title="Antenna" value="0"></item><item title="Channel" value="100"></item><item title="RfIcTemperature" value="5032"></item><item title="CpuTemperature" value="60"></item><item title="ExpectedPower" value="12"></item><item title="EVM" Max="-32" Min="-100"></item><item title="FREQERR" Max="15" Min="-15"></item><item title="SYMCLOCKERR" Max="20" Min="-100"></item><item title="POWER" Max="13,5" Min="10,5" Avg="12"></item><item title="LOLEAKAGE" Max="-17" Min="-100"></item><item title="SPECTRUMMASK" Max="100" Min="0"></item><item title="SPECTRUMMARGIN" Max="1000" Min="0"></item></Criteria><Record><item title="Modulation" value="MCS9NSS1"></item><item title="Bandwidth" value="40"></item><item title="Channel" value="100"></item><item title="Antenna" value="0"></item><item title="ExpectedPower" value="12"></item><item title="Power" value="12"></item><item title="TestType" value="Tx"></item><item title="EVM" value="-37,8365" result="PASS"></item><item title="FREQERR" value="1,16761" result="PASS"></item><item title="SYMCLOCKERR" value="0,827572" result="PASS"></item><item title="POWER" value="10,4276" result="FAIL"></item><item title="LOLEAKAGE" value="-35,2982" result="PASS"></item><item title="SPECTRUMMASK" value="20,7275" result="PASS"></item><item title="SPECTRUMMARGIN" value="20,7275" result="PASS"></item></Record><Criteria><item title="Modulation" value="MCS9NSS1"></item><item title="Bandwidth" value="40"></item><item title="Antenna" value="0"></item><item title="Channel" value="100"></item><item title="RfIcTemperature" value="5032"></item><item title="CpuTemperature" value="60"></item><item title="ExpectedPower" value="13"></item><item title="EVM" Max="-32" Min="-100"></item><item title="FREQERR" Max="15" Min="-15"></item><item title="SYMCLOCKERR" Max="20" Min="-100"></item><item title="POWER" Max="14,5" Min="11,5" Avg="13"></item><item title="LOLEAKAGE" Max="-17" Min="-100"></item><item title="SPECTRUMMASK" Max="100" Min="0"></item><item title="SPECTRUMMARGIN" Max="1000" Min="0"></item></Criteria><Record><item title="Modulation" value="MCS9NSS1"></item><item title="Bandwidth" value="40"></item><item title="Channel" value="100"></item><item title="Antenna" value="0"></item><item title="ExpectedPower" value="13"></item><item title="Power" value="13"></item><item title="TestType" value="Tx"></item><item title="EVM" value="-37,5301" result="PASS"></item><item title="FREQERR" value="1,16366" result="PASS"></item><item title="SYMCLOCKERR" value="1,14644" result="PASS"></item><item title="POWER" value="11,4673" result="FAIL"></item><item title="LOLEAKAGE" value="-35,9931" result="PASS"></item><item title="SPECTRUMMASK" value="20,245" result="PASS"></item><item title="SPECTRUMMARGIN" value="20,245" result="PASS"></item></Record><Criteria><item title="Modulation" value="MCS9NSS1"></item><item title="Bandwidth" value="40"></item><item title="Antenna" value="0"></item><item title="Channel" value="100"></item><item title="RfIcTemperature" value="5032"></item><item title="CpuTemperature" value="60"></item><item title="ExpectedPower" value="14"></item><item title="EVM" Max="-32" Min="-100"></item><item title="FREQERR" Max="15" Min="-15"></item><item title="SYMCLOCKERR" Max="20" Min="-100"></item><item title="POWER" Max="15,5" Min="12,5" Avg="14"></item><item title="LOLEAKAGE" Max="-17" Min="-100"></item><item title="SPECTRUMMASK" Max="100" Min="0"></item><item title="SPECTRUMMARGIN" Max="1000" Min="0"></item></Criteria><Record><item title="Modulation" value="MCS9NSS1"></item><item title="Bandwidth" value="40"></item><item title="Channel" value="100"></item><item title="Antenna" value="0"></item><item title="ExpectedPower" value="14"></item><item title="Power" value="14"></item><item title="TestType" value="Tx"></item><item title="EVM" value="-36,6487" result="PASS"></item><item title="FREQERR" value="1,16975" result="PASS"></item><item title="SYMCLOCKERR" value="1,04614" result="PASS"></item><item title="POWER" value="12,3643" result="FAIL"></item><item title="LOLEAKAGE" value="-38,9166" result="PASS"></item><item title="SPECTRUMMASK" value="20,4404" result="PASS"></item><item title="SPECTRUMMARGIN" value="20,4404" result="PASS"></item></Record><Criteria><item title="Modulation" value="MCS9NSS1"></item><item title="Bandwidth" value="40"></item><item title="Antenna" value="0"></item><item title="Channel" value="100"></item><item title="RfIcTemperature" value="5032"></item><item title="CpuTemperature" value="60"></item><item title="ExpectedPower" value="15"></item><item title="EVM" Max="-32" Min="-100"></item><item title="FREQERR" Max="15" Min="-15"></item><item title="SYMCLOCKERR" Max="20" Min="-100"></item><item title="POWER" Max="16,5" Min="13,5" Avg="15"></item><item title="LOLEAKAGE" Max="-17" Min="-100"></item><item title="SPECTRUMMASK" Max="100" Min="0"></item><item title="SPECTRUMMARGIN" Max="1000" Min="0"></item></Criteria><Record><item title="Modulation" value="MCS9NSS1"></item><item title="Bandwidth" value="40"></item><item title="Channel" value="100"></item><item title="Antenna" value="0"></item><item title="ExpectedPower" value="15"></item><item title="Power" value="15"></item><item title="TestType" value="Tx"></item><item title="EVM" value="-37,5766" result="PASS"></item><item title="FREQERR" value="1,16614" result="PASS"></item><item title="SYMCLOCKERR" value="1,18189" result="PASS"></item><item title="POWER" value="13,4934" result="FAIL"></item><item title="LOLEAKAGE" value="-38,9018" result="PASS"></item><item title="SPECTRUMMASK" value="20,2941" result="PASS"></item><item title="SPECTRUMMARGIN" value="20,2941" result="PASS"></item></Record><Criteria><item title="Modulation" value="MCS9NSS1"></item><item title="Bandwidth" value="40"></item><item title="Antenna" value="0"></item><item title="Channel" value="100"></item><item title="RfIcTemperature" value="5032"></item><item title="CpuTemperature" value="60"></item><item title="ExpectedPower" value="16"></item><item title="EVM" Max="-32" Min="-100"></item><item title="FREQERR" Max="15" Min="-15"></item><item title="SYMCLOCKERR" Max="20" Min="-100"></item><item title="POWER" Max="17,5" Min="14,5" Avg="16"></item><item title="LOLEAKAGE" Max="-17" Min="-100"></item><item title="SPECTRUMMASK" Max="100" Min="0"></item><item title="SPECTRUMMARGIN" Max="1000" Min="0"></item></Criteria><Record><item title="Modulation" value="MCS9NSS1"></item><item title="Bandwidth" value="40"></item><item title="Channel" value="100"></item><item title="Antenna" value="0"></item><item title="ExpectedPower" value="16"></item><item title="Power" value="16"></item><item title="TestType" value="Tx"></item><item title="EVM" value="-36,7401" result="PASS"></item><item title="FREQERR" value="1,16802" result="PASS"></item><item title="SYMCLOCKERR" value="0,876173" result="PASS"></item><item title="POWER" value="14,7886" result="PASS"></item><item title="LOLEAKAGE" value="-39,6272" result="PASS"></item><item title="SPECTRUMMASK" value="19,2852" result="PASS"></item><item title="SPECTRUMMARGIN" value="19,2852" result="PASS"></item></Record><Criteria><item title="Modulation" value="MCS9NSS1"></item><item title="Bandwidth" value="40"></item><item title="Antenna" value="0"></item><item title="Channel" value="100"></item><item title="RfIcTemperature" value="5032"></item><item title="CpuTemperature" value="60"></item><item title="ExpectedPower" value="17"></item><item title="EVM" Max="-32" Min="-100"></item><item title="FREQERR" Max="15" Min="-15"></item><item title="SYMCLOCKERR" Max="20" Min="-100"></item><item title="POWER" Max="18,5" Min="15,5" Avg="17"></item><item title="LOLEAKAGE" Max="-17" Min="-100"></item><item title="SPECTRUMMASK" Max="100" Min="0"></item><item title="SPECTRUMMARGIN" Max="1000" Min="0"></item></Criteria><Record><item title="Modulation" value="MCS9NSS1"></item><item title="Bandwidth" value="40"></item><item title="Channel" value="100"></item><item title="Antenna" value="0"></item><item title="ExpectedPower" value="17"></item><item title="Power" value="17"></item><item title="TestType" value="Tx"></item><item title="EVM" value="-37,0405" result="PASS"></item><item title="FREQERR" value="1,16782" result="PASS"></item><item title="SYMCLOCKERR" value="1,02012" result="PASS"></item><item title="POWER" value="15,8169" result="PASS"></item><item title="LOLEAKAGE" value="-48,5841" result="PASS"></item><item title="SPECTRUMMASK" value="20,0501" result="PASS"></item><item title="SPECTRUMMARGIN" value="20,0501" result="PASS"></item></Record><Criteria><item title="Modulation" value="MCS9NSS1"></item><item title="Bandwidth" value="40"></item><item title="Antenna" value="0"></item><item title="Channel" value="100"></item><item title="RfIcTemperature" value="5032"></item><item title="CpuTemperature" value="60"></item><item title="ExpectedPower" value="18"></item><item title="EVM" Max="-32" Min="-100"></item><item title="FREQERR" Max="15" Min="-15"></item><item title="SYMCLOCKERR" Max="20" Min="-100"></item><item title="POWER" Max="19,5" Min="16,5" Avg="18"></item><item title="LOLEAKAGE" Max="-17" Min="-100"></item><item title="SPECTRUMMASK" Max="100" Min="0"></item><item title="SPECTRUMMARGIN" Max="1000" Min="0"></item></Criteria><Record><item title="Modulation" value="MCS9NSS1"></item><item title="Bandwidth" value="40"></item><item title="Channel" value="100"></item><item title="Antenna" value="0"></item><item title="ExpectedPower" value="18"></item><item title="Power" value="18"></item><item title="TestType" value="Tx"></item><item title="EVM" value="-37,9563" result="PASS"></item><item title="FREQERR" value="1,1664" result="PASS"></item><item title="SYMCLOCKERR" value="0,716944" result="PASS"></item><item title="POWER" value="16,7133" result="PASS"></item><item title="LOLEAKAGE" value="-43,108" result="PASS"></item><item title="SPECTRUMMASK" value="19,4568" result="PASS"></item><item title="SPECTRUMMARGIN" value="19,4568" result="PASS"></item></Record><Criteria><item title="Modulation" value="MCS9NSS1"></item><item title="Bandwidth" value="40"></item><item title="Antenna" value="0"></item><item title="Channel" value="100"></item><item title="RfIcTemperature" value="5032"></item><item title="CpuTemperature" value="60"></item><item title="ExpectedPower" value="19"></item><item title="EVM" Max="-32" Min="-100"></item><item title="FREQERR" Max="15" Min="-15"></item><item title="SYMCLOCKERR" Max="20" Min="-100"></item><item title="POWER" Max="20,5" Min="17,5" Avg="19"></item><item title="LOLEAKAGE" Max="-17" Min="-100"></item><item title="SPECTRUMMASK" Max="100" Min="0"></item><item title="SPECTRUMMARGIN" Max="1000" Min="0"></item></Criteria><Record><item title="Modulation" value="MCS9NSS1"></item><item title="Bandwidth" value="40"></item><item title="Channel" value="100"></item><item title="Antenna" value="0"></item><item title="ExpectedPower" value="19"></item><item title="Power" value="19"></item><item title="TestType" value="Tx"></item><item title="EVM" value="-37,4216" result="PASS"></item><item title="FREQERR" value="1,16758" result="PASS"></item><item title="SYMCLOCKERR" value="1,36666" result="PASS"></item><item title="POWER" value="17,431" result="FAIL"></item><item title="LOLEAKAGE" value="-50,2031" result="PASS"></item><item title="SPECTRUMMASK" value="20,2066" result="PASS"></item><item title="SPECTRUMMARGIN" value="20,2066" result="PASS"></item></Record><Criteria><item title="Modulation" value="MCS9NSS1"></item><item title="Bandwidth" value="40"></item><item title="Antenna" value="0"></item><item title="Channel" value="100"></item><item title="RfIcTemperature" value="5032"></item><item title="CpuTemperature" value="60"></item><item title="ExpectedPower" value="20"></item><item title="EVM" Max="-32" Min="-100"></item><item title="FREQERR" Max="15" Min="-15"></item><item title="SYMCLOCKERR" Max="20" Min="-100"></item><item title="POWER" Max="21,5" Min="18,5" Avg="20"></item><item title="LOLEAKAGE" Max="-17" Min="-100"></item><item title="SPECTRUMMASK" Max="100" Min="0"></item><item title="SPECTRUMMARGIN" Max="1000" Min="0"></item></Criteria><Record><item title="Modulation" value="MCS9NSS1"></item><item title="Bandwidth" value="40"></item><item title="Channel" value="100"></item><item title="Antenna" value="0"></item><item title="ExpectedPower" value="20"></item><item title="Power" value="20"></item><item title="TestType" value="Tx"></item><item title="EVM" value="-37,0934" result="PASS"></item><item title="FREQERR" value="1,16411" result="PASS"></item><item title="SYMCLOCKERR" value="1,26414" result="PASS"></item><item title="POWER" value="18,5562" result="PASS"></item><item title="LOLEAKAGE" value="-52,0515" result="PASS"></item><item title="SPECTRUMMASK" value="17,1955" result="PASS"></item><item title="SPECTRUMMARGIN" value="17,1955" result="PASS"></item></Record><Criteria><item title="Modulation" value="MCS9NSS1"></item><item title="Bandwidth" value="40"></item><item title="Antenna" value="0"></item><item title="Channel" value="100"></item><item title="RfIcTemperature" value="5032"></item><item title="CpuTemperature" value="60"></item><item title="ExpectedPower" value="21"></item><item title="EVM" Max="-32" Min="-100"></item><item title="FREQERR" Max="15" Min="-15"></item><item title="SYMCLOCKERR" Max="20" Min="-100"></item><item title="POWER" Max="22,5" Min="19,5" Avg="21"></item><item title="LOLEAKAGE" Max="-17" Min="-100"></item><item title="SPECTRUMMASK" Max="100" Min="0"></item><item title="SPECTRUMMARGIN" Max="1000" Min="0"></item></Criteria><Record><item title="Modulation" value="MCS9NSS1"></item><item title="Bandwidth" value="40"></item><item title="Channel" value="100"></item><item title="Antenna" value="0"></item><item title="ExpectedPower" value="21"></item><item title="Power" value="21"></item><item title="TestType" value="Tx"></item><item title="EVM" value="-35,8214" result="PASS"></item><item title="FREQERR" value="1,17092" result="PASS"></item><item title="SYMCLOCKERR" value="0,804868" result="PASS"></item><item title="POWER" value="19,5913" result="PASS"></item><item title="LOLEAKAGE" value="-47,5675" result="PASS"></item><item title="SPECTRUMMASK" value="15,773" result="PASS"></item><item title="SPECTRUMMARGIN" value="15,773" result="PASS"></item></Record><Criteria><item title="Modulation" value="MCS9NSS1"></item><item title="Bandwidth" value="40"></item><item title="Antenna" value="0"></item><item title="Channel" value="100"></item><item title="RfIcTemperature" value="5032"></item><item title="CpuTemperature" value="60"></item><item title="ExpectedPower" value="22"></item><item title="EVM" Max="-32" Min="-100"></item><item title="FREQERR" Max="15" Min="-15"></item><item title="SYMCLOCKERR" Max="20" Min="-100"></item><item title="POWER" Max="23,5" Min="20,5" Avg="22"></item><item title="LOLEAKAGE" Max="-17" Min="-100"></item><item title="SPECTRUMMASK" Max="100" Min="0"></item><item title="SPECTRUMMARGIN" Max="1000" Min="0"></item></Criteria><Record><item title="Modulation" value="MCS9NSS1"></item><item title="Bandwidth" value="40"></item><item title="Channel" value="100"></item><item title="Antenna" value="0"></item><item title="ExpectedPower" value="22"></item><item title="Power" value="22"></item><item title="TestType" value="Tx"></item><item title="EVM" value="-35,2548" result="PASS"></item><item title="FREQERR" value="1,16517" result="PASS"></item><item title="SYMCLOCKERR" value="1,16406" result="PASS"></item><item title="POWER" value="20,7211" result="PASS"></item><item title="LOLEAKAGE" value="-46,4447" result="PASS"></item><item title="SPECTRUMMASK" value="13,2402" result="PASS"></item><item title="SPECTRUMMARGIN" value="13,2402" result="PASS"></item></Record><Criteria><item title="Modulation" value="MCS9NSS1"></item><item title="Bandwidth" value="40"></item><item title="Antenna" value="0"></item><item title="Channel" value="100"></item><item title="RfIcTemperature" value="5032"></item><item title="CpuTemperature" value="60"></item><item title="ExpectedPower" value="23"></item><item title="EVM" Max="-32" Min="-100"></item><item title="FREQERR" Max="15" Min="-15"></item><item title="SYMCLOCKERR" Max="20" Min="-100"></item><item title="POWER" Max="24,5" Min="21,5" Avg="23"></item><item title="LOLEAKAGE" Max="-17" Min="-100"></item><item title="SPECTRUMMASK" Max="100" Min="0"></item><item title="SPECTRUMMARGIN" Max="1000" Min="0"></item></Criteria><Record><item title="Modulation" value="MCS9NSS1"></item><item title="Bandwidth" value="40"></item><item title="Channel" value="100"></item><item title="Antenna" value="0"></item><item title="ExpectedPower" value="23"></item><item title="Power" value="23"></item><item title="TestType" value="Tx"></item><item title="EVM" value="-30,9365" result="FAIL"></item><item title="FREQERR" value="1,15865" result="PASS"></item><item title="SYMCLOCKERR" value="1,86652" result="PASS"></item><item title="POWER" value="21,6183" result="PASS"></item><item title="LOLEAKAGE" value="-49,2094" result="PASS"></item><item title="SPECTRUMMASK" value="9,47381" result="PASS"></item><item title="SPECTRUMMARGIN" value="9,47381" result="PASS"></item></Record><Criteria><item title="Modulation" value="MCS9NSS1"></item><item title="Bandwidth" value="40"></item><item title="Antenna" value="0"></item><item title="Channel" value="100"></item><item title="RfIcTemperature" value="5032"></item><item title="CpuTemperature" value="60"></item><item title="ExpectedPower" value="24"></item><item title="EVM" Max="-32" Min="-100"></item><item title="FREQERR" Max="15" Min="-15"></item><item title="SYMCLOCKERR" Max="20" Min="-100"></item><item title="POWER" Max="25,5" Min="22,5" Avg="24"></item><item title="LOLEAKAGE" Max="-17" Min="-100"></item><item title="SPECTRUMMASK" Max="100" Min="0"></item><item title="SPECTRUMMARGIN" Max="1000" Min="0"></item></Criteria><Record><item title="Modulation" value="MCS9NSS1"></item><item title="Bandwidth" value="40"></item><item title="Channel" value="100"></item><item title="Antenna" value="0"></item><item title="ExpectedPower" value="24"></item><item title="Power" value="24"></item><item title="TestType" value="Tx"></item><item title="EVM" value="-26,4575" result="FAIL"></item><item title="FREQERR" value="1,16424" result="PASS"></item><item title="SYMCLOCKERR" value="4,86338" result="PASS"></item><item title="POWER" value="22,7747" result="PASS"></item><item title="LOLEAKAGE" value="-50,131" result="PASS"></item><item title="SPECTRUMMASK" value="5,51233" result="PASS"></item><item title="SPECTRUMMARGIN" value="5,51233" result="PASS"></item></Record><Criteria><item title="Modulation" value="MCS9NSS1"></item><item title="Bandwidth" value="40"></item><item title="Antenna" value="0"></item><item title="Channel" value="100"></item><item title="RfIcTemperature" value="5032"></item><item title="CpuTemperature" value="60"></item><item title="ExpectedPower" value="25"></item><item title="EVM" Max="-32" Min="-100"></item><item title="FREQERR" Max="15" Min="-15"></item><item title="SYMCLOCKERR" Max="20" Min="-100"></item><item title="POWER" Max="26,5" Min="23,5" Avg="25"></item><item title="LOLEAKAGE" Max="-17" Min="-100"></item><item title="SPECTRUMMASK" Max="100" Min="0"></item><item title="SPECTRUMMARGIN" Max="1000" Min="0"></item></Criteria><Record><item title="Modulation" value="MCS9NSS1"></item><item title="Bandwidth" value="40"></item><item title="Channel" value="100"></item><item title="Antenna" value="0"></item><item title="ExpectedPower" value="25"></item><item title="Power" value="25"></item><item title="TestType" value="Tx"></item><item title="EVM" value="-24,545" result="FAIL"></item><item title="FREQERR" value="1,16354" result="PASS"></item><item title="SYMCLOCKERR" value="1,81889" result="PASS"></item><item title="POWER" value="23,6139" result="PASS"></item><item title="LOLEAKAGE" value="-59,741" result="PASS"></item><item title="SPECTRUMMASK" value="2,47205" result="PASS"></item><item title="SPECTRUMMARGIN" value="2,47205" result="PASS"></item></Record><Criteria><item title="Modulation" value="MCS9NSS1"></item><item title="Bandwidth" value="40"></item><item title="Antenna" value="1"></item><item title="Channel" value="100"></item><item title="RfIcTemperature" value="5032"></item><item title="CpuTemperature" value="60"></item><item title="ExpectedPower" value="10"></item><item title="EVM" Max="-32" Min="-100"></item><item title="FREQERR" Max="15" Min="-15"></item><item title="SYMCLOCKERR" Max="20" Min="-100"></item><item title="POWER" Max="11,5" Min="8,5" Avg="10"></item><item title="LOLEAKAGE" Max="-17" Min="-100"></item><item title="SPECTRUMMASK" Max="100" Min="0"></item><item title="SPECTRUMMARGIN" Max="1000" Min="0"></item></Criteria><Record><item title="Modulation" value="MCS9NSS1"></item><item title="Bandwidth" value="40"></item><item title="Channel" value="100"></item><item title="Antenna" value="1"></item><item title="ExpectedPower" value="10"></item><item title="Power" value="10"></item><item title="TestType" value="Tx"></item><item title="EVM" value="-37,3789" result="PASS"></item><item title="FREQERR" value="1,16416" result="PASS"></item><item title="SYMCLOCKERR" value="2,51507" result="PASS"></item><item title="POWER" value="8,56871" result="PASS"></item><item title="LOLEAKAGE" value="-31,6949" result="PASS"></item><item title="SPECTRUMMASK" value="20,4327" result="PASS"></item><item title="SPECTRUMMARGIN" value="20,4327" result="PASS"></item></Record><Criteria><item title="Modulation" value="MCS9NSS1"></item><item title="Bandwidth" value="40"></item><item title="Antenna" value="1"></item><item title="Channel" value="100"></item><item title="RfIcTemperature" value="5032"></item><item title="CpuTemperature" value="60"></item><item title="ExpectedPower" value="11"></item><item title="EVM" Max="-32" Min="-100"></item><item title="FREQERR" Max="15" Min="-15"></item><item title="SYMCLOCKERR" Max="20" Min="-100"></item><item title="POWER" Max="12,5" Min="9,5" Avg="11"></item><item title="LOLEAKAGE" Max="-17" Min="-100"></item><item title="SPECTRUMMASK" Max="100" Min="0"></item><item title="SPECTRUMMARGIN" Max="1000" Min="0"></item></Criteria><Record><item title="Modulation" value="MCS9NSS1"></item><item title="Bandwidth" value="40"></item><item title="Channel" value="100"></item><item title="Antenna" value="1"></item><item title="ExpectedPower" value="11"></item><item title="Power" value="11"></item><item title="TestType" value="Tx"></item><item title="EVM" value="-37,3426" result="PASS"></item><item title="FREQERR" value="1,16535" result="PASS"></item><item title="SYMCLOCKERR" value="2,85938" result="PASS"></item><item title="POWER" value="9,42343" result="FAIL"></item><item title="LOLEAKAGE" value="-30,9447" result="PASS"></item><item title="SPECTRUMMASK" value="22,1501" result="PASS"></item><item title="SPECTRUMMARGIN" value="22,1501" result="PASS"></item></Record><Criteria><item title="Modulation" value="MCS9NSS1"></item><item title="Bandwidth" value="40"></item><item title="Antenna" value="1"></item><item title="Channel" value="100"></item><item title="RfIcTemperature" value="5032"></item><item title="CpuTemperature" value="60"></item><item title="ExpectedPower" value="12"></item><item title="EVM" Max="-32" Min="-100"></item><item title="FREQERR" Max="15" Min="-15"></item><item title="SYMCLOCKERR" Max="20" Min="-100"></item><item title="POWER" Max="13,5" Min="10,5" Avg="12"></item><item title="LOLEAKAGE" Max="-17" Min="-100"></item><item title="SPECTRUMMASK" Max="100" Min="0"></item><item title="SPECTRUMMARGIN" Max="1000" Min="0"></item></Criteria><Record><item title="Modulation" value="MCS9NSS1"></item><item title="Bandwidth" value="40"></item><item title="Channel" value="100"></item><item title="Antenna" value="1"></item><item title="ExpectedPower" value="12"></item><item title="Power" value="12"></item><item title="TestType" value="Tx"></item><item title="EVM" value="-36,3503" result="PASS"></item><item title="FREQERR" value="1,16829" result="PASS"></item><item title="SYMCLOCKERR" value="2,18686" result="PASS"></item><item title="POWER" value="10,6597" result="PASS"></item><item title="LOLEAKAGE" value="-32,5934" result="PASS"></item><item title="SPECTRUMMASK" value="20,9289" result="PASS"></item><item title="SPECTRUMMARGIN" value="20,9289" result="PASS"></item></Record><Criteria><item title="Modulation" value="MCS9NSS1"></item><item title="Bandwidth" value="40"></item><item title="Antenna" value="1"></item><item title="Channel" value="100"></item><item title="RfIcTemperature" value="5032"></item><item title="CpuTemperature" value="60"></item><item title="ExpectedPower" value="13"></item><item title="EVM" Max="-32" Min="-100"></item><item title="FREQERR" Max="15" Min="-15"></item><item title="SYMCLOCKERR" Max="20" Min="-100"></item><item title="POWER" Max="14,5" Min="11,5" Avg="13"></item><item title="LOLEAKAGE" Max="-17" Min="-100"></item><item title="SPECTRUMMASK" Max="100" Min="0"></item><item title="SPECTRUMMARGIN" Max="1000" Min="0"></item></Criteria><Record><item title="Modulation" value="MCS9NSS1"></item><item title="Bandwidth" value="40"></item><item title="Channel" value="100"></item><item title="Antenna" value="1"></item><item title="ExpectedPower" value="13"></item><item title="Power" value="13"></item><item title="TestType" value="Tx"></item><item title="EVM" value="-38,0339" result="PASS"></item><item title="FREQERR" value="1,16746" result="PASS"></item><item title="SYMCLOCKERR" value="2,49634" result="PASS"></item><item title="POWER" value="11,6041" result="PASS"></item><item title="LOLEAKAGE" value="-32,7663" result="PASS"></item><item title="SPECTRUMMASK" value="21,5193" result="PASS"></item><item title="SPECTRUMMARGIN" value="21,5193" result="PASS"></item></Record><Criteria><item title="Modulation" value="MCS9NSS1"></item><item title="Bandwidth" value="40"></item><item title="Antenna" value="1"></item><item title="Channel" value="100"></item><item title="RfIcTemperature" value="5032"></item><item title="CpuTemperature" value="60"></item><item title="ExpectedPower" value="14"></item><item title="EVM" Max="-32" Min="-100"></item><item title="FREQERR" Max="15" Min="-15"></item><item title="SYMCLOCKERR" Max="20" Min="-100"></item><item title="POWER" Max="15,5" Min="12,5" Avg="14"></item><item title="LOLEAKAGE" Max="-17" Min="-100"></item><item title="SPECTRUMMASK" Max="100" Min="0"></item><item title="SPECTRUMMARGIN" Max="1000" Min="0"></item></Criteria><Record><item title="Modulation" value="MCS9NSS1"></item><item title="Bandwidth" value="40"></item><item title="Channel" value="100"></item><item title="Antenna" value="1"></item><item title="ExpectedPower" value="14"></item><item title="Power" value="14"></item><item title="TestType" value="Tx"></item><item title="EVM" value="-37,3983" result="PASS"></item><item title="FREQERR" value="1,17131" result="PASS"></item><item title="SYMCLOCKERR" value="2,53594" result="PASS"></item><item title="POWER" value="12,5945" result="PASS"></item><item title="LOLEAKAGE" value="-32,7589" result="PASS"></item><item title="SPECTRUMMASK" value="19,8231" result="PASS"></item><item title="SPECTRUMMARGIN" value="19,8231" result="PASS"></item></Record><Criteria><item title="Modulation" value="MCS9NSS1"></item><item title="Bandwidth" value="40"></item><item title="Antenna" value="1"></item><item title="Channel" value="100"></item><item title="RfIcTemperature" value="5032"></item><item title="CpuTemperature" value="60"></item><item title="ExpectedPower" value="15"></item><item title="EVM" Max="-32" Min="-100"></item><item title="FREQERR" Max="15" Min="-15"></item><item title="SYMCLOCKERR" Max="20" Min="-100"></item><item title="POWER" Max="16,5" Min="13,5" Avg="15"></item><item title="LOLEAKAGE" Max="-17" Min="-100"></item><item title="SPECTRUMMASK" Max="100" Min="0"></item><item title="SPECTRUMMARGIN" Max="1000" Min="0"></item></Criteria><Record><item title="Modulation" value="MCS9NSS1"></item><item title="Bandwidth" value="40"></item><item title="Channel" value="100"></item><item title="Antenna" value="1"></item><item title="ExpectedPower" value="15"></item><item title="Power" value="15"></item><item title="TestType" value="Tx"></item><item title="EVM" value="-37,769" result="PASS"></item><item title="FREQERR" value="1,16517" result="PASS"></item><item title="SYMCLOCKERR" value="2,91763" result="PASS"></item><item title="POWER" value="13,722" result="PASS"></item><item title="LOLEAKAGE" value="-36,5613" result="PASS"></item><item title="SPECTRUMMASK" value="20,7113" result="PASS"></item><item title="SPECTRUMMARGIN" value="20,7113" result="PASS"></item></Record><Criteria><item title="Modulation" value="MCS9NSS1"></item><item title="Bandwidth" value="40"></item><item title="Antenna" value="1"></item><item title="Channel" value="100"></item><item title="RfIcTemperature" value="5032"></item><item title="CpuTemperature" value="60"></item><item title="ExpectedPower" value="16"></item><item title="EVM" Max="-32" Min="-100"></item><item title="FREQERR" Max="15" Min="-15"></item><item title="SYMCLOCKERR" Max="20" Min="-100"></item><item title="POWER" Max="17,5" Min="14,5" Avg="16"></item><item title="LOLEAKAGE" Max="-17" Min="-100"></item><item title="SPECTRUMMASK" Max="100" Min="0"></item><item title="SPECTRUMMARGIN" Max="1000" Min="0"></item></Criteria><Record><item title="Modulation" value="MCS9NSS1"></item><item title="Bandwidth" value="40"></item><item title="Channel" value="100"></item><item title="Antenna" value="1"></item><item title="ExpectedPower" value="16"></item><item title="Power" value="16"></item><item title="TestType" value="Tx"></item><item title="EVM" value="-36,9724" result="PASS"></item><item title="FREQERR" value="1,16966" result="PASS"></item><item title="SYMCLOCKERR" value="2,57824" result="PASS"></item><item title="POWER" value="14,5745" result="PASS"></item><item title="LOLEAKAGE" value="-36,404" result="PASS"></item><item title="SPECTRUMMASK" value="20,7265" result="PASS"></item><item title="SPECTRUMMARGIN" value="20,7265" result="PASS"></item></Record><Criteria><item title="Modulation" value="MCS9NSS1"></item><item title="Bandwidth" value="40"></item><item title="Antenna" value="1"></item><item title="Channel" value="100"></item><item title="RfIcTemperature" value="5032"></item><item title="CpuTemperature" value="60"></item><item title="ExpectedPower" value="17"></item><item title="EVM" Max="-32" Min="-100"></item><item title="FREQERR" Max="15" Min="-15"></item><item title="SYMCLOCKERR" Max="20" Min="-100"></item><item title="POWER" Max="18,5" Min="15,5" Avg="17"></item><item title="LOLEAKAGE" Max="-17" Min="-100"></item><item title="SPECTRUMMASK" Max="100" Min="0"></item><item title="SPECTRUMMARGIN" Max="1000" Min="0"></item></Criteria><Record><item title="Modulation" value="MCS9NSS1"></item><item title="Bandwidth" value="40"></item><item title="Channel" value="100"></item><item title="Antenna" value="1"></item><item title="ExpectedPower" value="17"></item><item title="Power" value="17"></item><item title="TestType" value="Tx"></item><item title="EVM" value="-35,8025" result="PASS"></item><item title="FREQERR" value="1,16528" result="PASS"></item><item title="SYMCLOCKERR" value="2,97199" result="PASS"></item><item title="POWER" value="15,5742" result="PASS"></item><item title="LOLEAKAGE" value="-35,5005" result="PASS"></item><item title="SPECTRUMMASK" value="20,4177" result="PASS"></item><item title="SPECTRUMMARGIN" value="20,4177" result="PASS"></item></Record><Criteria><item title="Modulation" value="MCS9NSS1"></item><item title="Bandwidth" value="40"></item><item title="Antenna" value="1"></item><item title="Channel" value="100"></item><item title="RfIcTemperature" value="5032"></item><item title="CpuTemperature" value="60"></item><item title="ExpectedPower" value="18"></item><item title="EVM" Max="-32" Min="-100"></item><item title="FREQERR" Max="15" Min="-15"></item><item title="SYMCLOCKERR" Max="20" Min="-100"></item><item title="POWER" Max="19,5" Min="16,5" Avg="18"></item><item title="LOLEAKAGE" Max="-17" Min="-100"></item><item title="SPECTRUMMASK" Max="100" Min="0"></item><item title="SPECTRUMMARGIN" Max="1000" Min="0"></item></Criteria><Record><item title="Modulation" value="MCS9NSS1"></item><item title="Bandwidth" value="40"></item><item title="Channel" value="100"></item><item title="Antenna" value="1"></item><item title="ExpectedPower" value="18"></item><item title="Power" value="18"></item><item title="TestType" value="Tx"></item><item title="EVM" value="-36,6016" result="PASS"></item><item title="FREQERR" value="1,16934" result="PASS"></item><item title="SYMCLOCKERR" value="2,08775" result="PASS"></item><item title="POWER" value="16,6053" result="PASS"></item><item title="LOLEAKAGE" value="-42,4823" result="PASS"></item><item title="SPECTRUMMASK" value="21,3874" result="PASS"></item><item title="SPECTRUMMARGIN" value="21,3874" result="PASS"></item></Record><Criteria><item title="Modulation" value="MCS9NSS1"></item><item title="Bandwidth" value="40"></item><item title="Antenna" value="1"></item><item title="Channel" value="100"></item><item title="RfIcTemperature" value="5032"></item><item title="CpuTemperature" value="60"></item><item title="ExpectedPower" value="19"></item><item title="EVM" Max="-32" Min="-100"></item><item title="FREQERR" Max="15" Min="-15"></item><item title="SYMCLOCKERR" Max="20" Min="-100"></item><item title="POWER" Max="20,5" Min="17,5" Avg="19"></item><item title="LOLEAKAGE" Max="-17" Min="-100"></item><item title="SPECTRUMMASK" Max="100" Min="0"></item><item title="SPECTRUMMARGIN" Max="1000" Min="0"></item></Criteria><Record><item title="Modulation" value="MCS9NSS1"></item><item title="Bandwidth" value="40"></item><item title="Channel" value="100"></item><item title="Antenna" value="1"></item><item title="ExpectedPower" value="19"></item><item title="Power" value="19"></item><item title="TestType" value="Tx"></item><item title="EVM" value="-36,5964" result="PASS"></item><item title="FREQERR" value="1,17201" result="PASS"></item><item title="SYMCLOCKERR" value="2,64814" result="PASS"></item><item title="POWER" value="17,6979" result="PASS"></item><item title="LOLEAKAGE" value="-44,2339" result="PASS"></item><item title="SPECTRUMMASK" value="20,8279" result="PASS"></item><item title="SPECTRUMMARGIN" value="20,8279" result="PASS"></item></Record><Criteria><item title="Modulation" value="MCS9NSS1"></item><item title="Bandwidth" value="40"></item><item title="Antenna" value="1"></item><item title="Channel" value="100"></item><item title="RfIcTemperature" value="5032"></item><item title="CpuTemperature" value="60"></item><item title="ExpectedPower" value="20"></item><item title="EVM" Max="-32" Min="-100"></item><item title="FREQERR" Max="15" Min="-15"></item><item title="SYMCLOCKERR" Max="20" Min="-100"></item><item title="POWER" Max="21,5" Min="18,5" Avg="20"></item><item title="LOLEAKAGE" Max="-17" Min="-100"></item><item title="SPECTRUMMASK" Max="100" Min="0"></item><item title="SPECTRUMMARGIN" Max="1000" Min="0"></item></Criteria><Record><item title="Modulation" value="MCS9NSS1"></item><item title="Bandwidth" value="40"></item><item title="Channel" value="100"></item><item title="Antenna" value="1"></item><item title="ExpectedPower" value="20"></item><item title="Power" value="20"></item><item title="TestType" value="Tx"></item><item title="EVM" value="-35,5091" result="PASS"></item><item title="FREQERR" value="1,17173" result="PASS"></item><item title="SYMCLOCKERR" value="2,49036" result="PASS"></item><item title="POWER" value="18,6676" result="PASS"></item><item title="LOLEAKAGE" value="-47,8235" result="PASS"></item><item title="SPECTRUMMASK" value="18,092" result="PASS"></item><item title="SPECTRUMMARGIN" value="18,092" result="PASS"></item></Record><Criteria><item title="Modulation" value="MCS9NSS1"></item><item title="Bandwidth" value="40"></item><item title="Antenna" value="1"></item><item title="Channel" value="100"></item><item title="RfIcTemperature" value="5032"></item><item title="CpuTemperature" value="60"></item><item title="ExpectedPower" value="21"></item><item title="EVM" Max="-32" Min="-100"></item><item title="FREQERR" Max="15" Min="-15"></item><item title="SYMCLOCKERR" Max="20" Min="-100"></item><item title="POWER" Max="22,5" Min="19,5" Avg="21"></item><item title="LOLEAKAGE" Max="-17" Min="-100"></item><item title="SPECTRUMMASK" Max="100" Min="0"></item><item title="SPECTRUMMARGIN" Max="1000" Min="0"></item></Criteria><Record><item title="Modulation" value="MCS9NSS1"></item><item title="Bandwidth" value="40"></item><item title="Channel" value="100"></item><item title="Antenna" value="1"></item><item title="ExpectedPower" value="21"></item><item title="Power" value="21"></item><item title="TestType" value="Tx"></item><item title="EVM" value="-34,2036" result="PASS"></item><item title="FREQERR" value="1,17044" result="PASS"></item><item title="SYMCLOCKERR" value="2,91678" result="PASS"></item><item title="POWER" value="19,6577" result="PASS"></item><item title="LOLEAKAGE" value="-45,6775" result="PASS"></item><item title="SPECTRUMMASK" value="14,1865" result="PASS"></item><item title="SPECTRUMMARGIN" value="14,1865" result="PASS"></item></Record><Criteria><item title="Modulation" value="MCS9NSS1"></item><item title="Bandwidth" value="40"></item><item title="Antenna" value="1"></item><item title="Channel" value="100"></item><item title="RfIcTemperature" value="5032"></item><item title="CpuTemperature" value="60"></item><item title="ExpectedPower" value="22"></item><item title="EVM" Max="-32" Min="-100"></item><item title="FREQERR" Max="15" Min="-15"></item><item title="SYMCLOCKERR" Max="20" Min="-100"></item><item title="POWER" Max="23,5" Min="20,5" Avg="22"></item><item title="LOLEAKAGE" Max="-17" Min="-100"></item><item title="SPECTRUMMASK" Max="100" Min="0"></item><item title="SPECTRUMMARGIN" Max="1000" Min="0"></item></Criteria><Record><item title="Modulation" value="MCS9NSS1"></item><item title="Bandwidth" value="40"></item><item title="Channel" value="100"></item><item title="Antenna" value="1"></item><item title="ExpectedPower" value="22"></item><item title="Power" value="22"></item><item title="TestType" value="Tx"></item><item title="EVM" value="-28,7803" result="FAIL"></item><item title="FREQERR" value="1,16344" result="PASS"></item><item title="SYMCLOCKERR" value="1,99205" result="PASS"></item><item title="POWER" value="20,7371" result="PASS"></item><item title="LOLEAKAGE" value="-58,3676" result="PASS"></item><item title="SPECTRUMMASK" value="9,93589" result="PASS"></item><item title="SPECTRUMMARGIN" value="9,93589" result="PASS"></item></Record><Criteria><item title="Modulation" value="MCS9NSS1"></item><item title="Bandwidth" value="40"></item><item title="Antenna" value="1"></item><item title="Channel" value="100"></item><item title="RfIcTemperature" value="5032"></item><item title="CpuTemperature" value="60"></item><item title="ExpectedPower" value="23"></item><item title="EVM" Max="-32" Min="-100"></item><item title="FREQERR" Max="15" Min="-15"></item><item title="SYMCLOCKERR" Max="20" Min="-100"></item><item title="POWER" Max="24,5" Min="21,5" Avg="23"></item><item title="LOLEAKAGE" Max="-17" Min="-100"></item><item title="SPECTRUMMASK" Max="100" Min="0"></item><item title="SPECTRUMMARGIN" Max="1000" Min="0"></item></Criteria><Record><item title="Modulation" value="MCS9NSS1"></item><item title="Bandwidth" value="40"></item><item title="Channel" value="100"></item><item title="Antenna" value="1"></item><item title="ExpectedPower" value="23"></item><item title="Power" value="23"></item><item title="TestType" value="Tx"></item><item title="EVM" value="-27,2535" result="FAIL"></item><item title="FREQERR" value="1,16777" result="PASS"></item><item title="SYMCLOCKERR" value="5,20945" result="PASS"></item><item title="POWER" value="21,3269" result="FAIL"></item><item title="LOLEAKAGE" value="-48,1712" result="PASS"></item><item title="SPECTRUMMASK" value="6,71074" result="PASS"></item><item title="SPECTRUMMARGIN" value="6,71074" result="PASS"></item></Record><Criteria><item title="Modulation" value="MCS9NSS1"></item><item title="Bandwidth" value="40"></item><item title="Antenna" value="1"></item><item title="Channel" value="100"></item><item title="RfIcTemperature" value="5032"></item><item title="CpuTemperature" value="60"></item><item title="ExpectedPower" value="24"></item><item title="EVM" Max="-32" Min="-100"></item><item title="FREQERR" Max="15" Min="-15"></item><item title="SYMCLOCKERR" Max="20" Min="-100"></item><item title="POWER" Max="25,5" Min="22,5" Avg="24"></item><item title="LOLEAKAGE" Max="-17" Min="-100"></item><item title="SPECTRUMMASK" Max="100" Min="0"></item><item title="SPECTRUMMARGIN" Max="1000" Min="0"></item></Criteria><Record><item title="Modulation" value="MCS9NSS1"></item><item title="Bandwidth" value="40"></item><item title="Channel" value="100"></item><item title="Antenna" value="1"></item><item title="ExpectedPower" value="24"></item><item title="Power" value="24"></item><item title="TestType" value="Tx"></item><item title="EVM" value="-24,2119" result="FAIL"></item><item title="FREQERR" value="1,16235" result="PASS"></item><item title="SYMCLOCKERR" value="5,73796" result="PASS"></item><item title="POWER" value="22,5593" result="PASS"></item><item title="LOLEAKAGE" value="-52,3108" result="PASS"></item><item title="SPECTRUMMASK" value="3,27177" result="PASS"></item><item title="SPECTRUMMARGIN" value="3,27177" result="PASS"></item></Record><Criteria><item title="Modulation" value="MCS9NSS1"></item><item title="Bandwidth" value="40"></item><item title="Antenna" value="1"></item><item title="Channel" value="100"></item><item title="RfIcTemperature" value="5032"></item><item title="CpuTemperature" value="60"></item><item title="ExpectedPower" value="25"></item><item title="EVM" Max="-32" Min="-100"></item><item title="FREQERR" Max="15" Min="-15"></item><item title="SYMCLOCKERR" Max="20" Min="-100"></item><item title="POWER" Max="26,5" Min="23,5" Avg="25"></item><item title="LOLEAKAGE" Max="-17" Min="-100"></item><item title="SPECTRUMMASK" Max="100" Min="0"></item><item title="SPECTRUMMARGIN" Max="1000" Min="0"></item></Criteria><Record><item title="Modulation" value="MCS9NSS1"></item><item title="Bandwidth" value="40"></item><item title="Channel" value="100"></item><item title="Antenna" value="1"></item><item title="ExpectedPower" value="25"></item><item title="Power" value="25"></item><item title="TestType" value="Tx"></item><item title="EVM" value="-23,025" result="FAIL"></item><item title="FREQERR" value="1,17914" result="PASS"></item><item title="SYMCLOCKERR" value="5,41647" result="PASS"></item><item title="POWER" value="23,6209" result="PASS"></item><item title="LOLEAKAGE" value="-42,5069" result="PASS"></item><item title="SPECTRUMMASK" value="0,181377" result="PASS"></item><item title="SPECTRUMMARGIN" value="0,181377" result="PASS"></item></Record><Criteria><item title="Modulation" value="MCS9NSS1"></item><item title="Bandwidth" value="40"></item><item title="Antenna" value="2"></item><item title="Channel" value="100"></item><item title="RfIcTemperature" value="5032"></item><item title="CpuTemperature" value="61"></item><item title="ExpectedPower" value="10"></item><item title="EVM" Max="-32" Min="-100"></item><item title="FREQERR" Max="15" Min="-15"></item><item title="SYMCLOCKERR" Max="20" Min="-100"></item><item title="POWER" Max="11,5" Min="8,5" Avg="10"></item><item title="LOLEAKAGE" Max="-17" Min="-100"></item><item title="SPECTRUMMASK" Max="100" Min="0"></item><item title="SPECTRUMMARGIN" Max="1000" Min="0"></item></Criteria><Record><item title="Modulation" value="MCS9NSS1"></item><item title="Bandwidth" value="40"></item><item title="Channel" value="100"></item><item title="Antenna" value="2"></item><item title="ExpectedPower" value="10"></item><item title="Power" value="10"></item><item title="TestType" value="Tx"></item><item title="EVM" value="-37,4404" result="PASS"></item><item title="FREQERR" value="1,17304" result="PASS"></item><item title="SYMCLOCKERR" value="2,17811" result="PASS"></item><item title="POWER" value="9,19222" result="PASS"></item><item title="LOLEAKAGE" value="-31,3421" result="PASS"></item><item title="SPECTRUMMASK" value="20,1927" result="PASS"></item><item title="SPECTRUMMARGIN" value="20,1927" result="PASS"></item></Record><Criteria><item title="Modulation" value="MCS9NSS1"></item><item title="Bandwidth" value="40"></item><item title="Antenna" value="2"></item><item title="Channel" value="100"></item><item title="RfIcTemperature" value="5032"></item><item title="CpuTemperature" value="61"></item><item title="ExpectedPower" value="11"></item><item title="EVM" Max="-32" Min="-100"></item><item title="FREQERR" Max="15" Min="-15"></item><item title="SYMCLOCKERR" Max="20" Min="-100"></item><item title="POWER" Max="12,5" Min="9,5" Avg="11"></item><item title="LOLEAKAGE" Max="-17" Min="-100"></item><item title="SPECTRUMMASK" Max="100" Min="0"></item><item title="SPECTRUMMARGIN" Max="1000" Min="0"></item></Criteria><Record><item title="Modulation" value="MCS9NSS1"></item><item title="Bandwidth" value="40"></item><item title="Channel" value="100"></item><item title="Antenna" value="2"></item><item title="ExpectedPower" value="11"></item><item title="Power" value="11"></item><item title="TestType" value="Tx"></item><item title="EVM" value="-37,9677" result="PASS"></item><item title="FREQERR" value="1,17616" result="PASS"></item><item title="SYMCLOCKERR" value="1,95825" result="PASS"></item><item title="POWER" value="10,2113" result="PASS"></item><item title="LOLEAKAGE" value="-31,8744" result="PASS"></item><item title="SPECTRUMMASK" value="21,5647" result="PASS"></item><item title="SPECTRUMMARGIN" value="21,5647" result="PASS"></item></Record><Criteria><item title="Modulation" value="MCS9NSS1"></item><item title="Bandwidth" value="40"></item><item title="Antenna" value="2"></item><item title="Channel" value="100"></item><item title="RfIcTemperature" value="5032"></item><item title="CpuTemperature" value="61"></item><item title="ExpectedPower" value="12"></item><item title="EVM" Max="-32" Min="-100"></item><item title="FREQERR" Max="15" Min="-15"></item><item title="SYMCLOCKERR" Max="20" Min="-100"></item><item title="POWER" Max="13,5" Min="10,5" Avg="12"></item><item title="LOLEAKAGE" Max="-17" Min="-100"></item><item title="SPECTRUMMASK" Max="100" Min="0"></item><item title="SPECTRUMMARGIN" Max="1000" Min="0"></item></Criteria><Record><item title="Modulation" value="MCS9NSS1"></item><item title="Bandwidth" value="40"></item><item title="Channel" value="100"></item><item title="Antenna" value="2"></item><item title="ExpectedPower" value="12"></item><item title="Power" value="12"></item><item title="TestType" value="Tx"></item><item title="EVM" value="-37,2521" result="PASS"></item><item title="FREQERR" value="1,18057" result="PASS"></item><item title="SYMCLOCKERR" value="2,08268" result="PASS"></item><item title="POWER" value="11,233" result="PASS"></item><item title="LOLEAKAGE" value="-31,9905" result="PASS"></item><item title="SPECTRUMMASK" value="21,7846" result="PASS"></item><item title="SPECTRUMMARGIN" value="21,7846" result="PASS"></item></Record><Criteria><item title="Modulation" value="MCS9NSS1"></item><item title="Bandwidth" value="40"></item><item title="Antenna" value="2"></item><item title="Channel" value="100"></item><item title="RfIcTemperature" value="5032"></item><item title="CpuTemperature" value="61"></item><item title="ExpectedPower" value="13"></item><item title="EVM" Max="-32" Min="-100"></item><item title="FREQERR" Max="15" Min="-15"></item><item title="SYMCLOCKERR" Max="20" Min="-100"></item><item title="POWER" Max="14,5" Min="11,5" Avg="13"></item><item title="LOLEAKAGE" Max="-17" Min="-100"></item><item title="SPECTRUMMASK" Max="100" Min="0"></item><item title="SPECTRUMMARGIN" Max="1000" Min="0"></item></Criteria><Record><item title="Modulation" value="MCS9NSS1"></item><item title="Bandwidth" value="40"></item><item title="Channel" value="100"></item><item title="Antenna" value="2"></item><item title="ExpectedPower" value="13"></item><item title="Power" value="13"></item><item title="TestType" value="Tx"></item><item title="EVM" value="-36,2815" result="PASS"></item><item title="FREQERR" value="1,17661" result="PASS"></item><item title="SYMCLOCKERR" value="2,09887" result="PASS"></item><item title="POWER" value="12,1537" result="PASS"></item><item title="LOLEAKAGE" value="-35,379" result="PASS"></item><item title="SPECTRUMMASK" value="19,9974" result="PASS"></item><item title="SPECTRUMMARGIN" value="19,9974" result="PASS"></item></Record><Criteria><item title="Modulation" value="MCS9NSS1"></item><item title="Bandwidth" value="40"></item><item title="Antenna" value="2"></item><item title="Channel" value="100"></item><item title="RfIcTemperature" value="5032"></item><item title="CpuTemperature" value="61"></item><item title="ExpectedPower" value="14"></item><item title="EVM" Max="-32" Min="-100"></item><item title="FREQERR" Max="15" Min="-15"></item><item title="SYMCLOCKERR" Max="20" Min="-100"></item><item title="POWER" Max="15,5" Min="12,5" Avg="14"></item><item title="LOLEAKAGE" Max="-17" Min="-100"></item><item title="SPECTRUMMASK" Max="100" Min="0"></item><item title="SPECTRUMMARGIN" Max="1000" Min="0"></item></Criteria><Record><item title="Modulation" value="MCS9NSS1"></item><item title="Bandwidth" value="40"></item><item title="Channel" value="100"></item><item title="Antenna" value="2"></item><item title="ExpectedPower" value="14"></item><item title="Power" value="14"></item><item title="TestType" value="Tx"></item><item title="EVM" value="-36,4184" result="PASS"></item><item title="FREQERR" value="1,18169" result="PASS"></item><item title="SYMCLOCKERR" value="2,04616" result="PASS"></item><item title="POWER" value="12,9614" result="PASS"></item><item title="LOLEAKAGE" value="-35,9498" result="PASS"></item><item title="SPECTRUMMASK" value="21,0062" result="PASS"></item><item title="SPECTRUMMARGIN" value="21,0062" result="PASS"></item></Record><Criteria><item title="Modulation" value="MCS9NSS1"></item><item title="Bandwidth" value="40"></item><item title="Antenna" value="2"></item><item title="Channel" value="100"></item><item title="RfIcTemperature" value="5032"></item><item title="CpuTemperature" value="61"></item><item title="ExpectedPower" value="15"></item><item title="EVM" Max="-32" Min="-100"></item><item title="FREQERR" Max="15" Min="-15"></item><item title="SYMCLOCKERR" Max="20" Min="-100"></item><item title="POWER" Max="16,5" Min="13,5" Avg="15"></item><item title="LOLEAKAGE" Max="-17" Min="-100"></item><item title="SPECTRUMMASK" Max="100" Min="0"></item><item title="SPECTRUMMARGIN" Max="1000" Min="0"></item></Criteria><Record><item title="Modulation" value="MCS9NSS1"></item><item title="Bandwidth" value="40"></item><item title="Channel" value="100"></item><item title="Antenna" value="2"></item><item title="ExpectedPower" value="15"></item><item title="Power" value="15"></item><item title="TestType" value="Tx"></item><item title="EVM" value="-36,275" result="PASS"></item><item title="FREQERR" value="1,18261" result="PASS"></item><item title="SYMCLOCKERR" value="2,19103" result="PASS"></item><item title="POWER" value="13,9983" result="PASS"></item><item title="LOLEAKAGE" value="-37,0696" result="PASS"></item><item title="SPECTRUMMASK" value="21,1891" result="PASS"></item><item title="SPECTRUMMARGIN" value="21,1891" result="PASS"></item></Record><Criteria><item title="Modulation" value="MCS9NSS1"></item><item title="Bandwidth" value="40"></item><item title="Antenna" value="2"></item><item title="Channel" value="100"></item><item title="RfIcTemperature" value="5032"></item><item title="CpuTemperature" value="61"></item><item title="ExpectedPower" value="16"></item><item title="EVM" Max="-32" Min="-100"></item><item title="FREQERR" Max="15" Min="-15"></item><item title="SYMCLOCKERR" Max="20" Min="-100"></item><item title="POWER" Max="17,5" Min="14,5" Avg="16"></item><item title="LOLEAKAGE" Max="-17" Min="-100"></item><item title="SPECTRUMMASK" Max="100" Min="0"></item><item title="SPECTRUMMARGIN" Max="1000" Min="0"></item></Criteria><Record><item title="Modulation" value="MCS9NSS1"></item><item title="Bandwidth" value="40"></item><item title="Channel" value="100"></item><item title="Antenna" value="2"></item><item title="ExpectedPower" value="16"></item><item title="Power" value="16"></item><item title="TestType" value="Tx"></item><item title="EVM" value="-36,0351" result="PASS"></item><item title="FREQERR" value="1,1779" result="PASS"></item><item title="SYMCLOCKERR" value="2,49013" result="PASS"></item><item title="POWER" value="14,9919" result="PASS"></item><item title="LOLEAKAGE" value="-44,0284" result="PASS"></item><item title="SPECTRUMMASK" value="20,6992" result="PASS"></item><item title="SPECTRUMMARGIN" value="20,6992" result="PASS"></item></Record><Criteria><item title="Modulation" value="MCS9NSS1"></item><item title="Bandwidth" value="40"></item><item title="Antenna" value="2"></item><item title="Channel" value="100"></item><item title="RfIcTemperature" value="5032"></item><item title="CpuTemperature" value="61"></item><item title="ExpectedPower" value="17"></item><item title="EVM" Max="-32" Min="-100"></item><item title="FREQERR" Max="15" Min="-15"></item><item title="SYMCLOCKERR" Max="20" Min="-100"></item><item title="POWER" Max="18,5" Min="15,5" Avg="17"></item><item title="LOLEAKAGE" Max="-17" Min="-100"></item><item title="SPECTRUMMASK" Max="100" Min="0"></item><item title="SPECTRUMMARGIN" Max="1000" Min="0"></item></Criteria><Record><item title="Modulation" value="MCS9NSS1"></item><item title="Bandwidth" value="40"></item><item title="Channel" value="100"></item><item title="Antenna" value="2"></item><item title="ExpectedPower" value="17"></item><item title="Power" value="17"></item><item title="TestType" value="Tx"></item><item title="EVM" value="-33,8829" result="PASS"></item><item title="FREQERR" value="1,18139" result="PASS"></item><item title="SYMCLOCKERR" value="1,86752" result="PASS"></item><item title="POWER" value="15,9166" result="PASS"></item><item title="LOLEAKAGE" value="-43,1421" result="PASS"></item><item title="SPECTRUMMASK" value="20,6897" result="PASS"></item><item title="SPECTRUMMARGIN" value="20,6897" result="PASS"></item></Record><Criteria><item title="Modulation" value="MCS9NSS1"></item><item title="Bandwidth" value="40"></item><item title="Antenna" value="2"></item><item title="Channel" value="100"></item><item title="RfIcTemperature" value="5032"></item><item title="CpuTemperature" value="61"></item><item title="ExpectedPower" value="18"></item><item title="EVM" Max="-32" Min="-100"></item><item title="FREQERR" Max="15" Min="-15"></item><item title="SYMCLOCKERR" Max="20" Min="-100"></item><item title="POWER" Max="19,5" Min="16,5" Avg="18"></item><item title="LOLEAKAGE" Max="-17" Min="-100"></item><item title="SPECTRUMMASK" Max="100" Min="0"></item><item title="SPECTRUMMARGIN" Max="1000" Min="0"></item></Criteria><Record><item title="Modulation" value="MCS9NSS1"></item><item title="Bandwidth" value="40"></item><item title="Channel" value="100"></item><item title="Antenna" value="2"></item><item title="ExpectedPower" value="18"></item><item title="Power" value="18"></item><item title="TestType" value="Tx"></item><item title="EVM" value="-36,2285" result="PASS"></item><item title="FREQERR" value="1,18152" result="PASS"></item><item title="SYMCLOCKERR" value="2,19011" result="PASS"></item><item title="POWER" value="17,1435" result="PASS"></item><item title="LOLEAKAGE" value="-46,6253" result="PASS"></item><item title="SPECTRUMMASK" value="19,3473" result="PASS"></item><item title="SPECTRUMMARGIN" value="19,3473" result="PASS"></item></Record><Criteria><item title="Modulation" value="MCS9NSS1"></item><item title="Bandwidth" value="40"></item><item title="Antenna" value="2"></item><item title="Channel" value="100"></item><item title="RfIcTemperature" value="5032"></item><item title="CpuTemperature" value="61"></item><item title="ExpectedPower" value="19"></item><item title="EVM" Max="-32" Min="-100"></item><item title="FREQERR" Max="15" Min="-15"></item><item title="SYMCLOCKERR" Max="20" Min="-100"></item><item title="POWER" Max="20,5" Min="17,5" Avg="19"></item><item title="LOLEAKAGE" Max="-17" Min="-100"></item><item title="SPECTRUMMASK" Max="100" Min="0"></item><item title="SPECTRUMMARGIN" Max="1000" Min="0"></item></Criteria><Record><item title="Modulation" value="MCS9NSS1"></item><item title="Bandwidth" value="40"></item><item title="Channel" value="100"></item><item title="Antenna" value="2"></item><item title="ExpectedPower" value="19"></item><item title="Power" value="19"></item><item title="TestType" value="Tx"></item><item title="EVM" value="-34,5275" result="PASS"></item><item title="FREQERR" value="1,17623" result="PASS"></item><item title="SYMCLOCKERR" value="2,19888" result="PASS"></item><item title="POWER" value="18,0215" result="PASS"></item><item title="LOLEAKAGE" value="-44,5703" result="PASS"></item><item title="SPECTRUMMASK" value="18,7808" result="PASS"></item><item title="SPECTRUMMARGIN" value="18,7808" result="PASS"></item></Record><Criteria><item title="Modulation" value="MCS9NSS1"></item><item title="Bandwidth" value="40"></item><item title="Antenna" value="2"></item><item title="Channel" value="100"></item><item title="RfIcTemperature" value="5032"></item><item title="CpuTemperature" value="61"></item><item title="ExpectedPower" value="20"></item><item title="EVM" Max="-32" Min="-100"></item><item title="FREQERR" Max="15" Min="-15"></item><item title="SYMCLOCKERR" Max="20" Min="-100"></item><item title="POWER" Max="21,5" Min="18,5" Avg="20"></item><item title="LOLEAKAGE" Max="-17" Min="-100"></item><item title="SPECTRUMMASK" Max="100" Min="0"></item><item title="SPECTRUMMARGIN" Max="1000" Min="0"></item></Criteria><Record><item title="Modulation" value="MCS9NSS1"></item><item title="Bandwidth" value="40"></item><item title="Channel" value="100"></item><item title="Antenna" value="2"></item><item title="ExpectedPower" value="20"></item><item title="Power" value="20"></item><item title="TestType" value="Tx"></item><item title="EVM" value="-35,9333" result="PASS"></item><item title="FREQERR" value="1,18101" result="PASS"></item><item title="SYMCLOCKERR" value="1,57713" result="PASS"></item><item title="POWER" value="19,0863" result="PASS"></item><item title="LOLEAKAGE" value="-51,7231" result="PASS"></item><item title="SPECTRUMMASK" value="15,8994" result="PASS"></item><item title="SPECTRUMMARGIN" value="15,8994" result="PASS"></item></Record><Criteria><item title="Modulation" value="MCS9NSS1"></item><item title="Bandwidth" value="40"></item><item title="Antenna" value="2"></item><item title="Channel" value="100"></item><item title="RfIcTemperature" value="5032"></item><item title="CpuTemperature" value="61"></item><item title="ExpectedPower" value="21"></item><item title="EVM" Max="-32" Min="-100"></item><item title="FREQERR" Max="15" Min="-15"></item><item title="SYMCLOCKERR" Max="20" Min="-100"></item><item title="POWER" Max="22,5" Min="19,5" Avg="21"></item><item title="LOLEAKAGE" Max="-17" Min="-100"></item><item title="SPECTRUMMASK" Max="100" Min="0"></item><item title="SPECTRUMMARGIN" Max="1000" Min="0"></item></Criteria><Record><item title="Modulation" value="MCS9NSS1"></item><item title="Bandwidth" value="40"></item><item title="Channel" value="100"></item><item title="Antenna" value="2"></item><item title="ExpectedPower" value="21"></item><item title="Power" value="21"></item><item title="TestType" value="Tx"></item><item title="EVM" value="-33,608" result="PASS"></item><item title="FREQERR" value="1,18033" result="PASS"></item><item title="SYMCLOCKERR" value="2,05769" result="PASS"></item><item title="POWER" value="20,2968" result="PASS"></item><item title="LOLEAKAGE" value="-49,5172" result="PASS"></item><item title="SPECTRUMMASK" value="15,6719" result="PASS"></item><item title="SPECTRUMMARGIN" value="15,6719" result="PASS"></item></Record><Criteria><item title="Modulation" value="MCS9NSS1"></item><item title="Bandwidth" value="40"></item><item title="Antenna" value="2"></item><item title="Channel" value="100"></item><item title="RfIcTemperature" value="5032"></item><item title="CpuTemperature" value="61"></item><item title="ExpectedPower" value="22"></item><item title="EVM" Max="-32" Min="-100"></item><item title="FREQERR" Max="15" Min="-15"></item><item title="SYMCLOCKERR" Max="20" Min="-100"></item><item title="POWER" Max="23,5" Min="20,5" Avg="22"></item><item title="LOLEAKAGE" Max="-17" Min="-100"></item><item title="SPECTRUMMASK" Max="100" Min="0"></item><item title="SPECTRUMMARGIN" Max="1000" Min="0"></item></Criteria><Record><item title="Modulation" value="MCS9NSS1"></item><item title="Bandwidth" value="40"></item><item title="Channel" value="100"></item><item title="Antenna" value="2"></item><item title="ExpectedPower" value="22"></item><item title="Power" value="22"></item><item title="TestType" value="Tx"></item><item title="EVM" value="-33,2921" result="PASS"></item><item title="FREQERR" value="1,17967" result="PASS"></item><item title="SYMCLOCKERR" value="1,46239" result="PASS"></item><item title="POWER" value="20,8325" result="PASS"></item><item title="LOLEAKAGE" value="-46,8015" result="PASS"></item><item title="SPECTRUMMASK" value="13,2225" result="PASS"></item><item title="SPECTRUMMARGIN" value="13,2225" result="PASS"></item></Record><Criteria><item title="Modulation" value="MCS9NSS1"></item><item title="Bandwidth" value="40"></item><item title="Antenna" value="2"></item><item title="Channel" value="100"></item><item title="RfIcTemperature" value="5032"></item><item title="CpuTemperature" value="61"></item><item title="ExpectedPower" value="23"></item><item title="EVM" Max="-32" Min="-100"></item><item title="FREQERR" Max="15" Min="-15"></item><item title="SYMCLOCKERR" Max="20" Min="-100"></item><item title="POWER" Max="24,5" Min="21,5" Avg="23"></item><item title="LOLEAKAGE" Max="-17" Min="-100"></item><item title="SPECTRUMMASK" Max="100" Min="0"></item><item title="SPECTRUMMARGIN" Max="1000" Min="0"></item></Criteria><Record><item title="Modulation" value="MCS9NSS1"></item><item title="Bandwidth" value="40"></item><item title="Channel" value="100"></item><item title="Antenna" value="2"></item><item title="ExpectedPower" value="23"></item><item title="Power" value="23"></item><item title="TestType" value="Tx"></item><item title="EVM" value="-29,0902" result="FAIL"></item><item title="FREQERR" value="1,18082" result="PASS"></item><item title="SYMCLOCKERR" value="0,793593" result="PASS"></item><item title="POWER" value="22,0824" result="PASS"></item><item title="LOLEAKAGE" value="-53,4199" result="PASS"></item><item title="SPECTRUMMASK" value="9,28498" result="PASS"></item><item title="SPECTRUMMARGIN" value="9,28498" result="PASS"></item></Record><Criteria><item title="Modulation" value="MCS9NSS1"></item><item title="Bandwidth" value="40"></item><item title="Antenna" value="2"></item><item title="Channel" value="100"></item><item title="RfIcTemperature" value="5032"></item><item title="CpuTemperature" value="61"></item><item title="ExpectedPower" value="24"></item><item title="EVM" Max="-32" Min="-100"></item><item title="FREQERR" Max="15" Min="-15"></item><item title="SYMCLOCKERR" Max="20" Min="-100"></item><item title="POWER" Max="25,5" Min="22,5" Avg="24"></item><item title="LOLEAKAGE" Max="-17" Min="-100"></item><item title="SPECTRUMMASK" Max="100" Min="0"></item><item title="SPECTRUMMARGIN" Max="1000" Min="0"></item></Criteria><Record><item title="Modulation" value="MCS9NSS1"></item><item title="Bandwidth" value="40"></item><item title="Channel" value="100"></item><item title="Antenna" value="2"></item><item title="ExpectedPower" value="24"></item><item title="Power" value="24"></item><item title="TestType" value="Tx"></item><item title="EVM" value="-26,2133" result="FAIL"></item><item title="FREQERR" value="1,1838" result="PASS"></item><item title="SYMCLOCKERR" value="4,91413" result="PASS"></item><item title="POWER" value="23,1241" result="PASS"></item><item title="LOLEAKAGE" value="-46,8209" result="PASS"></item><item title="SPECTRUMMASK" value="5,61971" result="PASS"></item><item title="SPECTRUMMARGIN" value="5,61971" result="PASS"></item></Record><Criteria><item title="Modulation" value="MCS9NSS1"></item><item title="Bandwidth" value="40"></item><item title="Antenna" value="2"></item><item title="Channel" value="100"></item><item title="RfIcTemperature" value="5032"></item><item title="CpuTemperature" value="61"></item><item title="ExpectedPower" value="25"></item><item title="EVM" Max="-32" Min="-100"></item><item title="FREQERR" Max="15" Min="-15"></item><item title="SYMCLOCKERR" Max="20" Min="-100"></item><item title="POWER" Max="26,5" Min="23,5" Avg="25"></item><item title="LOLEAKAGE" Max="-17" Min="-100"></item><item title="SPECTRUMMASK" Max="100" Min="0"></item><item title="SPECTRUMMARGIN" Max="1000" Min="0"></item></Criteria><Record><item title="Modulation" value="MCS9NSS1"></item><item title="Bandwidth" value="40"></item><item title="Channel" value="100"></item><item title="Antenna" value="2"></item><item title="ExpectedPower" value="25"></item><item title="Power" value="25"></item><item title="TestType" value="Tx"></item><item title="EVM" value="-24,6494" result="FAIL"></item><item title="FREQERR" value="1,1827" result="PASS"></item><item title="SYMCLOCKERR" value="1,45576" result="PASS"></item><item title="POWER" value="23,8555" result="PASS"></item><item title="LOLEAKAGE" value="-53,0199" result="PASS"></item><item title="SPECTRUMMASK" value="3,22045" result="PASS"></item><item title="SPECTRUMMARGIN" value="3,22045" result="PASS"></item></Record><Criteria><item title="Modulation" value="MCS9NSS1"></item><item title="Bandwidth" value="40"></item><item title="Antenna" value="3"></item><item title="Channel" value="100"></item><item title="RfIcTemperature" value="5032"></item><item title="CpuTemperature" value="61"></item><item title="ExpectedPower" value="10"></item><item title="EVM" Max="-32" Min="-100"></item><item title="FREQERR" Max="15" Min="-15"></item><item title="SYMCLOCKERR" Max="20" Min="-100"></item><item title="POWER" Max="11,5" Min="8,5" Avg="10"></item><item title="LOLEAKAGE" Max="-17" Min="-100"></item><item title="SPECTRUMMASK" Max="100" Min="0"></item><item title="SPECTRUMMARGIN" Max="1000" Min="0"></item></Criteria><Record><item title="Modulation" value="MCS9NSS1"></item><item title="Bandwidth" value="40"></item><item title="Channel" value="100"></item><item title="Antenna" value="3"></item><item title="ExpectedPower" value="10"></item><item title="Power" value="10"></item><item title="TestType" value="Tx"></item><item title="EVM" value="-40,3032" result="PASS"></item><item title="FREQERR" value="1,16541" result="PASS"></item><item title="SYMCLOCKERR" value="1,41821" result="PASS"></item><item title="POWER" value="7,67386" result="FAIL"></item><item title="LOLEAKAGE" value="-27,095" result="PASS"></item><item title="SPECTRUMMASK" value="20,2948" result="PASS"></item><item title="SPECTRUMMARGIN" value="20,2948" result="PASS"></item></Record><Criteria><item title="Modulation" value="MCS9NSS1"></item><item title="Bandwidth" value="40"></item><item title="Antenna" value="3"></item><item title="Channel" value="100"></item><item title="RfIcTemperature" value="5032"></item><item title="CpuTemperature" value="61"></item><item title="ExpectedPower" value="11"></item><item title="EVM" Max="-32" Min="-100"></item><item title="FREQERR" Max="15" Min="-15"></item><item title="SYMCLOCKERR" Max="20" Min="-100"></item><item title="POWER" Max="12,5" Min="9,5" Avg="11"></item><item title="LOLEAKAGE" Max="-17" Min="-100"></item><item title="SPECTRUMMASK" Max="100" Min="0"></item><item title="SPECTRUMMARGIN" Max="1000" Min="0"></item></Criteria><Record><item title="Modulation" value="MCS9NSS1"></item><item title="Bandwidth" value="40"></item><item title="Channel" value="100"></item><item title="Antenna" value="3"></item><item title="ExpectedPower" value="11"></item><item title="Power" value="11"></item><item title="TestType" value="Tx"></item><item title="EVM" value="-37,1595" result="PASS"></item><item title="FREQERR" value="1,16815" result="PASS"></item><item title="SYMCLOCKERR" value="1,49346" result="PASS"></item><item title="POWER" value="9,0093" result="FAIL"></item><item title="LOLEAKAGE" value="-29,0089" result="PASS"></item><item title="SPECTRUMMASK" value="20,6969" result="PASS"></item><item title="SPECTRUMMARGIN" value="20,6969" result="PASS"></item></Record><Criteria><item title="Modulation" value="MCS9NSS1"></item><item title="Bandwidth" value="40"></item><item title="Antenna" value="3"></item><item title="Channel" value="100"></item><item title="RfIcTemperature" value="5032"></item><item title="CpuTemperature" value="61"></item><item title="ExpectedPower" value="12"></item><item title="EVM" Max="-32" Min="-100"></item><item title="FREQERR" Max="15" Min="-15"></item><item title="SYMCLOCKERR" Max="20" Min="-100"></item><item title="POWER" Max="13,5" Min="10,5" Avg="12"></item><item title="LOLEAKAGE" Max="-17" Min="-100"></item><item title="SPECTRUMMASK" Max="100" Min="0"></item><item title="SPECTRUMMARGIN" Max="1000" Min="0"></item></Criteria><Record><item title="Modulation" value="MCS9NSS1"></item><item title="Bandwidth" value="40"></item><item title="Channel" value="100"></item><item title="Antenna" value="3"></item><item title="ExpectedPower" value="12"></item><item title="Power" value="12"></item><item title="TestType" value="Tx"></item><item title="EVM" value="-38,9835" result="PASS"></item><item title="FREQERR" value="1,17234" result="PASS"></item><item title="SYMCLOCKERR" value="1,61796" result="PASS"></item><item title="POWER" value="10,2722" result="FAIL"></item><item title="LOLEAKAGE" value="-29,5123" result="PASS"></item><item title="SPECTRUMMASK" value="20,2564" result="PASS"></item><item title="SPECTRUMMARGIN" value="20,2564" result="PASS"></item></Record><Criteria><item title="Modulation" value="MCS9NSS1"></item><item title="Bandwidth" value="40"></item><item title="Antenna" value="3"></item><item title="Channel" value="100"></item><item title="RfIcTemperature" value="5032"></item><item title="CpuTemperature" value="61"></item><item title="ExpectedPower" value="13"></item><item title="EVM" Max="-32" Min="-100"></item><item title="FREQERR" Max="15" Min="-15"></item><item title="SYMCLOCKERR" Max="20" Min="-100"></item><item title="POWER" Max="14,5" Min="11,5" Avg="13"></item><item title="LOLEAKAGE" Max="-17" Min="-100"></item><item title="SPECTRUMMASK" Max="100" Min="0"></item><item title="SPECTRUMMARGIN" Max="1000" Min="0"></item></Criteria><Record><item title="Modulation" value="MCS9NSS1"></item><item title="Bandwidth" value="40"></item><item title="Channel" value="100"></item><item title="Antenna" value="3"></item><item title="ExpectedPower" value="13"></item><item title="Power" value="13"></item><item title="TestType" value="Tx"></item><item title="EVM" value="-38,2662" result="PASS"></item><item title="FREQERR" value="1,17372" result="PASS"></item><item title="SYMCLOCKERR" value="1,24043" result="PASS"></item><item title="POWER" value="11,2857" result="FAIL"></item><item title="LOLEAKAGE" value="-28,9354" result="PASS"></item><item title="SPECTRUMMASK" value="19,8371" result="PASS"></item><item title="SPECTRUMMARGIN" value="19,8371" result="PASS"></item></Record><Criteria><item title="Modulation" value="MCS9NSS1"></item><item title="Bandwidth" value="40"></item><item title="Antenna" value="3"></item><item title="Channel" value="100"></item><item title="RfIcTemperature" value="5032"></item><item title="CpuTemperature" value="61"></item><item title="ExpectedPower" value="14"></item><item title="EVM" Max="-32" Min="-100"></item><item title="FREQERR" Max="15" Min="-15"></item><item title="SYMCLOCKERR" Max="20" Min="-100"></item><item title="POWER" Max="15,5" Min="12,5" Avg="14"></item><item title="LOLEAKAGE" Max="-17" Min="-100"></item><item title="SPECTRUMMASK" Max="100" Min="0"></item><item title="SPECTRUMMARGIN" Max="1000" Min="0"></item></Criteria><Record><item title="Modulation" value="MCS9NSS1"></item><item title="Bandwidth" value="40"></item><item title="Channel" value="100"></item><item title="Antenna" value="3"></item><item title="ExpectedPower" value="14"></item><item title="Power" value="14"></item><item title="TestType" value="Tx"></item><item title="EVM" value="-38,533" result="PASS"></item><item title="FREQERR" value="1,17627" result="PASS"></item><item title="SYMCLOCKERR" value="1,60107" result="PASS"></item><item title="POWER" value="12,3891" result="FAIL"></item><item title="LOLEAKAGE" value="-29,7792" result="PASS"></item><item title="SPECTRUMMASK" value="20,7351" result="PASS"></item><item title="SPECTRUMMARGIN" value="20,7351" result="PASS"></item></Record><Criteria><item title="Modulation" value="MCS9NSS1"></item><item title="Bandwidth" value="40"></item><item title="Antenna" value="3"></item><item title="Channel" value="100"></item><item title="RfIcTemperature" value="5032"></item><item title="CpuTemperature" value="61"></item><item title="ExpectedPower" value="15"></item><item title="EVM" Max="-32" Min="-100"></item><item title="FREQERR" Max="15" Min="-15"></item><item title="SYMCLOCKERR" Max="20" Min="-100"></item><item title="POWER" Max="16,5" Min="13,5" Avg="15"></item><item title="LOLEAKAGE" Max="-17" Min="-100"></item><item title="SPECTRUMMASK" Max="100" Min="0"></item><item title="SPECTRUMMARGIN" Max="1000" Min="0"></item></Criteria><Record><item title="Modulation" value="MCS9NSS1"></item><item title="Bandwidth" value="40"></item><item title="Channel" value="100"></item><item title="Antenna" value="3"></item><item title="ExpectedPower" value="15"></item><item title="Power" value="15"></item><item title="TestType" value="Tx"></item><item title="EVM" value="-39,1432" result="PASS"></item><item title="FREQERR" value="1,17658" result="PASS"></item><item title="SYMCLOCKERR" value="1,45143" result="PASS"></item><item title="POWER" value="13,5741" result="PASS"></item><item title="LOLEAKAGE" value="-30,7942" result="PASS"></item><item title="SPECTRUMMASK" value="19,809" result="PASS"></item><item title="SPECTRUMMARGIN" value="19,809" result="PASS"></item></Record><Criteria><item title="Modulation" value="MCS9NSS1"></item><item title="Bandwidth" value="40"></item><item title="Antenna" value="3"></item><item title="Channel" value="100"></item><item title="RfIcTemperature" value="5032"></item><item title="CpuTemperature" value="61"></item><item title="ExpectedPower" value="16"></item><item title="EVM" Max="-32" Min="-100"></item><item title="FREQERR" Max="15" Min="-15"></item><item title="SYMCLOCKERR" Max="20" Min="-100"></item><item title="POWER" Max="17,5" Min="14,5" Avg="16"></item><item title="LOLEAKAGE" Max="-17" Min="-100"></item><item title="SPECTRUMMASK" Max="100" Min="0"></item><item title="SPECTRUMMARGIN" Max="1000" Min="0"></item></Criteria><Record><item title="Modulation" value="MCS9NSS1"></item><item title="Bandwidth" value="40"></item><item title="Channel" value="100"></item><item title="Antenna" value="3"></item><item title="ExpectedPower" value="16"></item><item title="Power" value="16"></item><item title="TestType" value="Tx"></item><item title="EVM" value="-37,0914" result="PASS"></item><item title="FREQERR" value="1,17517" result="PASS"></item><item title="SYMCLOCKERR" value="1,77053" result="PASS"></item><item title="POWER" value="14,7865" result="PASS"></item><item title="LOLEAKAGE" value="-35,6259" result="PASS"></item><item title="SPECTRUMMASK" value="20,5005" result="PASS"></item><item title="SPECTRUMMARGIN" value="20,5005" result="PASS"></item></Record><Criteria><item title="Modulation" value="MCS9NSS1"></item><item title="Bandwidth" value="40"></item><item title="Antenna" value="3"></item><item title="Channel" value="100"></item><item title="RfIcTemperature" value="5032"></item><item title="CpuTemperature" value="61"></item><item title="ExpectedPower" value="17"></item><item title="EVM" Max="-32" Min="-100"></item><item title="FREQERR" Max="15" Min="-15"></item><item title="SYMCLOCKERR" Max="20" Min="-100"></item><item title="POWER" Max="18,5" Min="15,5" Avg="17"></item><item title="LOLEAKAGE" Max="-17" Min="-100"></item><item title="SPECTRUMMASK" Max="100" Min="0"></item><item title="SPECTRUMMARGIN" Max="1000" Min="0"></item></Criteria><Record><item title="Modulation" value="MCS9NSS1"></item><item title="Bandwidth" value="40"></item><item title="Channel" value="100"></item><item title="Antenna" value="3"></item><item title="ExpectedPower" value="17"></item><item title="Power" value="17"></item><item title="TestType" value="Tx"></item><item title="EVM" value="-36,2189" result="PASS"></item><item title="FREQERR" value="1,17869" result="PASS"></item><item title="SYMCLOCKERR" value="1,82224" result="PASS"></item><item title="POWER" value="15,7584" result="PASS"></item><item title="LOLEAKAGE" value="-35,6457" result="PASS"></item><item title="SPECTRUMMASK" value="19,9325" result="PASS"></item><item title="SPECTRUMMARGIN" value="19,9325" result="PASS"></item></Record><Criteria><item title="Modulation" value="MCS9NSS1"></item><item title="Bandwidth" value="40"></item><item title="Antenna" value="3"></item><item title="Channel" value="100"></item><item title="RfIcTemperature" value="5032"></item><item title="CpuTemperature" value="61"></item><item title="ExpectedPower" value="18"></item><item title="EVM" Max="-32" Min="-100"></item><item title="FREQERR" Max="15" Min="-15"></item><item title="SYMCLOCKERR" Max="20" Min="-100"></item><item title="POWER" Max="19,5" Min="16,5" Avg="18"></item><item title="LOLEAKAGE" Max="-17" Min="-100"></item><item title="SPECTRUMMASK" Max="100" Min="0"></item><item title="SPECTRUMMARGIN" Max="1000" Min="0"></item></Criteria><Record><item title="Modulation" value="MCS9NSS1"></item><item title="Bandwidth" value="40"></item><item title="Channel" value="100"></item><item title="Antenna" value="3"></item><item title="ExpectedPower" value="18"></item><item title="Power" value="18"></item><item title="TestType" value="Tx"></item><item title="EVM" value="-36,7016" result="PASS"></item><item title="FREQERR" value="1,17629" result="PASS"></item><item title="SYMCLOCKERR" value="1,45222" result="PASS"></item><item title="POWER" value="16,8603" result="PASS"></item><item title="LOLEAKAGE" value="-35,9599" result="PASS"></item><item title="SPECTRUMMASK" value="18,0552" result="PASS"></item><item title="SPECTRUMMARGIN" value="18,0552" result="PASS"></item></Record><Criteria><item title="Modulation" value="MCS9NSS1"></item><item title="Bandwidth" value="40"></item><item title="Antenna" value="3"></item><item title="Channel" value="100"></item><item title="RfIcTemperature" value="5032"></item><item title="CpuTemperature" value="61"></item><item title="ExpectedPower" value="19"></item><item title="EVM" Max="-32" Min="-100"></item><item title="FREQERR" Max="15" Min="-15"></item><item title="SYMCLOCKERR" Max="20" Min="-100"></item><item title="POWER" Max="20,5" Min="17,5" Avg="19"></item><item title="LOLEAKAGE" Max="-17" Min="-100"></item><item title="SPECTRUMMASK" Max="100" Min="0"></item><item title="SPECTRUMMARGIN" Max="1000" Min="0"></item></Criteria><Record><item title="Modulation" value="MCS9NSS1"></item><item title="Bandwidth" value="40"></item><item title="Channel" value="100"></item><item title="Antenna" value="3"></item><item title="ExpectedPower" value="19"></item><item title="Power" value="19"></item><item title="TestType" value="Tx"></item><item title="EVM" value="-37,3823" result="PASS"></item><item title="FREQERR" value="1,17709" result="PASS"></item><item title="SYMCLOCKERR" value="1,72183" result="PASS"></item><item title="POWER" value="17,5506" result="PASS"></item><item title="LOLEAKAGE" value="-40,1164" result="PASS"></item><item title="SPECTRUMMASK" value="18,9688" result="PASS"></item><item title="SPECTRUMMARGIN" value="18,9688" result="PASS"></item></Record><Criteria><item title="Modulation" value="MCS9NSS1"></item><item title="Bandwidth" value="40"></item><item title="Antenna" value="3"></item><item title="Channel" value="100"></item><item title="RfIcTemperature" value="5032"></item><item title="CpuTemperature" value="61"></item><item title="ExpectedPower" value="20"></item><item title="EVM" Max="-32" Min="-100"></item><item title="FREQERR" Max="15" Min="-15"></item><item title="SYMCLOCKERR" Max="20" Min="-100"></item><item title="POWER" Max="21,5" Min="18,5" Avg="20"></item><item title="LOLEAKAGE" Max="-17" Min="-100"></item><item title="SPECTRUMMASK" Max="100" Min="0"></item><item title="SPECTRUMMARGIN" Max="1000" Min="0"></item></Criteria><Record><item title="Modulation" value="MCS9NSS1"></item><item title="Bandwidth" value="40"></item><item title="Channel" value="100"></item><item title="Antenna" value="3"></item><item title="ExpectedPower" value="20"></item><item title="Power" value="20"></item><item title="TestType" value="Tx"></item><item title="EVM" value="-37,2226" result="PASS"></item><item title="FREQERR" value="1,17803" result="PASS"></item><item title="SYMCLOCKERR" value="1,15611" result="PASS"></item><item title="POWER" value="18,6356" result="PASS"></item><item title="LOLEAKAGE" value="-40,5133" result="PASS"></item><item title="SPECTRUMMASK" value="17,6162" result="PASS"></item><item title="SPECTRUMMARGIN" value="17,6162" result="PASS"></item></Record><Criteria><item title="Modulation" value="MCS9NSS1"></item><item title="Bandwidth" value="40"></item><item title="Antenna" value="3"></item><item title="Channel" value="100"></item><item title="RfIcTemperature" value="5032"></item><item title="CpuTemperature" value="61"></item><item title="ExpectedPower" value="21"></item><item title="EVM" Max="-32" Min="-100"></item><item title="FREQERR" Max="15" Min="-15"></item><item title="SYMCLOCKERR" Max="20" Min="-100"></item><item title="POWER" Max="22,5" Min="19,5" Avg="21"></item><item title="LOLEAKAGE" Max="-17" Min="-100"></item><item title="SPECTRUMMASK" Max="100" Min="0"></item><item title="SPECTRUMMARGIN" Max="1000" Min="0"></item></Criteria><Record><item title="Modulation" value="MCS9NSS1"></item><item title="Bandwidth" value="40"></item><item title="Channel" value="100"></item><item title="Antenna" value="3"></item><item title="ExpectedPower" value="21"></item><item title="Power" value="21"></item><item title="TestType" value="Tx"></item><item title="EVM" value="-35,8077" result="PASS"></item><item title="FREQERR" value="1,1773" result="PASS"></item><item title="SYMCLOCKERR" value="1,47461" result="PASS"></item><item title="POWER" value="19,9367" result="PASS"></item><item title="LOLEAKAGE" value="-44,4299" result="PASS"></item><item title="SPECTRUMMASK" value="15,7196" result="PASS"></item><item title="SPECTRUMMARGIN" value="15,7196" result="PASS"></item></Record><Criteria><item title="Modulation" value="MCS9NSS1"></item><item title="Bandwidth" value="40"></item><item title="Antenna" value="3"></item><item title="Channel" value="100"></item><item title="RfIcTemperature" value="5032"></item><item title="CpuTemperature" value="61"></item><item title="ExpectedPower" value="22"></item><item title="EVM" Max="-32" Min="-100"></item><item title="FREQERR" Max="15" Min="-15"></item><item title="SYMCLOCKERR" Max="20" Min="-100"></item><item title="POWER" Max="23,5" Min="20,5" Avg="22"></item><item title="LOLEAKAGE" Max="-17" Min="-100"></item><item title="SPECTRUMMASK" Max="100" Min="0"></item><item title="SPECTRUMMARGIN" Max="1000" Min="0"></item></Criteria><Record><item title="Modulation" value="MCS9NSS1"></item><item title="Bandwidth" value="40"></item><item title="Channel" value="100"></item><item title="Antenna" value="3"></item><item title="ExpectedPower" value="22"></item><item title="Power" value="22"></item><item title="TestType" value="Tx"></item><item title="EVM" value="-33,016" result="PASS"></item><item title="FREQERR" value="1,17448" result="PASS"></item><item title="SYMCLOCKERR" value="2,11239" result="PASS"></item><item title="POWER" value="20,8855" result="PASS"></item><item title="LOLEAKAGE" value="-46,0904" result="PASS"></item><item title="SPECTRUMMASK" value="13,3171" result="PASS"></item><item title="SPECTRUMMARGIN" value="13,3171" result="PASS"></item></Record><Criteria><item title="Modulation" value="MCS9NSS1"></item><item title="Bandwidth" value="40"></item><item title="Antenna" value="3"></item><item title="Channel" value="100"></item><item title="RfIcTemperature" value="5032"></item><item title="CpuTemperature" value="61"></item><item title="ExpectedPower" value="23"></item><item title="EVM" Max="-32" Min="-100"></item><item title="FREQERR" Max="15" Min="-15"></item><item title="SYMCLOCKERR" Max="20" Min="-100"></item><item title="POWER" Max="24,5" Min="21,5" Avg="23"></item><item title="LOLEAKAGE" Max="-17" Min="-100"></item><item title="SPECTRUMMASK" Max="100" Min="0"></item><item title="SPECTRUMMARGIN" Max="1000" Min="0"></item></Criteria><Record><item title="Modulation" value="MCS9NSS1"></item><item title="Bandwidth" value="40"></item><item title="Channel" value="100"></item><item title="Antenna" value="3"></item><item title="ExpectedPower" value="23"></item><item title="Power" value="23"></item><item title="TestType" value="Tx"></item><item title="EVM" value="-30,5236" result="FAIL"></item><item title="FREQERR" value="1,18122" result="PASS"></item><item title="SYMCLOCKERR" value="1,79651" result="PASS"></item><item title="POWER" value="21,7139" result="PASS"></item><item title="LOLEAKAGE" value="-46,3608" result="PASS"></item><item title="SPECTRUMMASK" value="10,7048" result="PASS"></item><item title="SPECTRUMMARGIN" value="10,7048" result="PASS"></item></Record><Criteria><item title="Modulation" value="MCS9NSS1"></item><item title="Bandwidth" value="40"></item><item title="Antenna" value="3"></item><item title="Channel" value="100"></item><item title="RfIcTemperature" value="5032"></item><item title="CpuTemperature" value="61"></item><item title="ExpectedPower" value="24"></item><item title="EVM" Max="-32" Min="-100"></item><item title="FREQERR" Max="15" Min="-15"></item><item title="SYMCLOCKERR" Max="20" Min="-100"></item><item title="POWER" Max="25,5" Min="22,5" Avg="24"></item><item title="LOLEAKAGE" Max="-17" Min="-100"></item><item title="SPECTRUMMASK" Max="100" Min="0"></item><item title="SPECTRUMMARGIN" Max="1000" Min="0"></item></Criteria><Record><item title="Modulation" value="MCS9NSS1"></item><item title="Bandwidth" value="40"></item><item title="Channel" value="100"></item><item title="Antenna" value="3"></item><item title="ExpectedPower" value="24"></item><item title="Power" value="24"></item><item title="TestType" value="Tx"></item><item title="EVM" value="-25,9023" result="FAIL"></item><item title="FREQERR" value="1,17306" result="PASS"></item><item title="SYMCLOCKERR" value="1,68041" result="PASS"></item><item title="POWER" value="22,8016" result="PASS"></item><item title="LOLEAKAGE" value="-49,7629" result="PASS"></item><item title="SPECTRUMMASK" value="7,04199" result="PASS"></item><item title="SPECTRUMMARGIN" value="7,04199" result="PASS"></item></Record><Criteria><item title="Modulation" value="MCS9NSS1"></item><item title="Bandwidth" value="40"></item><item title="Antenna" value="3"></item><item title="Channel" value="100"></item><item title="RfIcTemperature" value="5032"></item><item title="CpuTemperature" value="61"></item><item title="ExpectedPower" value="25"></item><item title="EVM" Max="-32" Min="-100"></item><item title="FREQERR" Max="15" Min="-15"></item><item title="SYMCLOCKERR" Max="20" Min="-100"></item><item title="POWER" Max="26,5" Min="23,5" Avg="25"></item><item title="LOLEAKAGE" Max="-17" Min="-100"></item><item title="SPECTRUMMASK" Max="100" Min="0"></item><item title="SPECTRUMMARGIN" Max="1000" Min="0"></item></Criteria><Record><item title="Modulation" value="MCS9NSS1"></item><item title="Bandwidth" value="40"></item><item title="Channel" value="100"></item><item title="Antenna" value="3"></item><item title="ExpectedPower" value="25"></item><item title="Power" value="25"></item><item title="TestType" value="Tx"></item><item title="EVM" value="-24,4897" result="FAIL"></item><item title="FREQERR" value="1,17948" result="PASS"></item><item title="SYMCLOCKERR" value="6,66992" result="PASS"></item><item title="POWER" value="23,8145" result="PASS"></item><item title="LOLEAKAGE" value="-56,98" result="PASS"></item><item title="SPECTRUMMASK" value="3,46126" result="PASS"></item><item title="SPECTRUMMARGIN" value="3,46126" result="PASS"></item></Record><Criteria><item title="Modulation" value="MCS9NSS1"></item><item title="Bandwidth" value="40"></item><item title="Antenna" value="0"></item><item title="Channel" value="132"></item><item title="RfIcTemperature" value="5032"></item><item title="CpuTemperature" value="60"></item><item title="ExpectedPower" value="10"></item><item title="EVM" Max="-32" Min="-100"></item><item title="FREQERR" Max="15" Min="-15"></item><item title="SYMCLOCKERR" Max="20" Min="-100"></item><item title="POWER" Max="11,5" Min="8,5" Avg="10"></item><item title="LOLEAKAGE" Max="-17" Min="-100"></item><item title="SPECTRUMMASK" Max="100" Min="0"></item><item title="SPECTRUMMARGIN" Max="1000" Min="0"></item></Criteria><Record><item title="Modulation" value="MCS9NSS1"></item><item title="Bandwidth" value="40"></item><item title="Channel" value="132"></item><item title="Antenna" value="0"></item><item title="ExpectedPower" value="10"></item><item title="Power" value="10"></item><item title="TestType" value="Tx"></item><item title="EVM" value="-36,7983" result="PASS"></item><item title="FREQERR" value="1,17432" result="PASS"></item><item title="SYMCLOCKERR" value="1,31624" result="PASS"></item><item title="POWER" value="10,1999" result="PASS"></item><item title="LOLEAKAGE" value="-33,8894" result="PASS"></item><item title="SPECTRUMMASK" value="19,4168" result="PASS"></item><item title="SPECTRUMMARGIN" value="19,4168" result="PASS"></item></Record><Criteria><item title="Modulation" value="MCS9NSS1"></item><item title="Bandwidth" value="40"></item><item title="Antenna" value="0"></item><item title="Channel" value="132"></item><item title="RfIcTemperature" value="5032"></item><item title="CpuTemperature" value="60"></item><item title="ExpectedPower" value="11"></item><item title="EVM" Max="-32" Min="-100"></item><item title="FREQERR" Max="15" Min="-15"></item><item title="SYMCLOCKERR" Max="20" Min="-100"></item><item title="POWER" Max="12,5" Min="9,5" Avg="11"></item><item title="LOLEAKAGE" Max="-17" Min="-100"></item><item title="SPECTRUMMASK" Max="100" Min="0"></item><item title="SPECTRUMMARGIN" Max="1000" Min="0"></item></Criteria><Record><item title="Modulation" value="MCS9NSS1"></item><item title="Bandwidth" value="40"></item><item title="Channel" value="132"></item><item title="Antenna" value="0"></item><item title="ExpectedPower" value="11"></item><item title="Power" value="11"></item><item title="TestType" value="Tx"></item><item title="EVM" value="-36,5735" result="PASS"></item><item title="FREQERR" value="1,17936" result="PASS"></item><item title="SYMCLOCKERR" value="0,509711" result="PASS"></item><item title="POWER" value="11,0099" result="PASS"></item><item title="LOLEAKAGE" value="-31,0293" result="PASS"></item><item title="SPECTRUMMASK" value="21,9141" result="PASS"></item><item title="SPECTRUMMARGIN" value="21,9141" result="PASS"></item></Record><Criteria><item title="Modulation" value="MCS9NSS1"></item><item title="Bandwidth" value="40"></item><item title="Antenna" value="0"></item><item title="Channel" value="132"></item><item title="RfIcTemperature" value="5032"></item><item title="CpuTemperature" value="60"></item><item title="ExpectedPower" value="12"></item><item title="EVM" Max="-32" Min="-100"></item><item title="FREQERR" Max="15" Min="-15"></item><item title="SYMCLOCKERR" Max="20" Min="-100"></item><item title="POWER" Max="13,5" Min="10,5" Avg="12"></item><item title="LOLEAKAGE" Max="-17" Min="-100"></item><item title="SPECTRUMMASK" Max="100" Min="0"></item><item title="SPECTRUMMARGIN" Max="1000" Min="0"></item></Criteria><Record><item title="Modulation" value="MCS9NSS1"></item><item title="Bandwidth" value="40"></item><item title="Channel" value="132"></item><item title="Antenna" value="0"></item><item title="ExpectedPower" value="12"></item><item title="Power" value="12"></item><item title="TestType" value="Tx"></item><item title="EVM" value="-37,2286" result="PASS"></item><item title="FREQERR" value="1,18503" result="PASS"></item><item title="SYMCLOCKERR" value="-0,0229257" result="PASS"></item><item title="POWER" value="12,1682" result="PASS"></item><item title="LOLEAKAGE" value="-31,9116" result="PASS"></item><item title="SPECTRUMMASK" value="19,9396" result="PASS"></item><item title="SPECTRUMMARGIN" value="19,9396" result="PASS"></item></Record><Criteria><item title="Modulation" value="MCS9NSS1"></item><item title="Bandwidth" value="40"></item><item title="Antenna" value="0"></item><item title="Channel" value="132"></item><item title="RfIcTemperature" value="5032"></item><item title="CpuTemperature" value="60"></item><item title="ExpectedPower" value="13"></item><item title="EVM" Max="-32" Min="-100"></item><item title="FREQERR" Max="15" Min="-15"></item><item title="SYMCLOCKERR" Max="20" Min="-100"></item><item title="POWER" Max="14,5" Min="11,5" Avg="13"></item><item title="LOLEAKAGE" Max="-17" Min="-100"></item><item title="SPECTRUMMASK" Max="100" Min="0"></item><item title="SPECTRUMMARGIN" Max="1000" Min="0"></item></Criteria><Record><item title="Modulation" value="MCS9NSS1"></item><item title="Bandwidth" value="40"></item><item title="Channel" value="132"></item><item title="Antenna" value="0"></item><item title="ExpectedPower" value="13"></item><item title="Power" value="13"></item><item title="TestType" value="Tx"></item><item title="EVM" value="-36,9971" result="PASS"></item><item title="FREQERR" value="1,1845" result="PASS"></item><item title="SYMCLOCKERR" value="0,246327" result="PASS"></item><item title="POWER" value="13,1556" result="PASS"></item><item title="LOLEAKAGE" value="-35,8812" result="PASS"></item><item title="SPECTRUMMASK" value="19,9479" result="PASS"></item><item title="SPECTRUMMARGIN" value="19,9479" result="PASS"></item></Record><Criteria><item title="Modulation" value="MCS9NSS1"></item><item title="Bandwidth" value="40"></item><item title="Antenna" value="0"></item><item title="Channel" value="132"></item><item title="RfIcTemperature" value="5032"></item><item title="CpuTemperature" value="60"></item><item title="ExpectedPower" value="14"></item><item title="EVM" Max="-32" Min="-100"></item><item title="FREQERR" Max="15" Min="-15"></item><item title="SYMCLOCKERR" Max="20" Min="-100"></item><item title="POWER" Max="15,5" Min="12,5" Avg="14"></item><item title="LOLEAKAGE" Max="-17" Min="-100"></item><item title="SPECTRUMMASK" Max="100" Min="0"></item><item title="SPECTRUMMARGIN" Max="1000" Min="0"></item></Criteria><Record><item title="Modulation" value="MCS9NSS1"></item><item title="Bandwidth" value="40"></item><item title="Channel" value="132"></item><item title="Antenna" value="0"></item><item title="ExpectedPower" value="14"></item><item title="Power" value="14"></item><item title="TestType" value="Tx"></item><item title="EVM" value="-35,5814" result="PASS"></item><item title="FREQERR" value="1,18877" result="PASS"></item><item title="SYMCLOCKERR" value="0,665901" result="PASS"></item><item title="POWER" value="13,9601" result="PASS"></item><item title="LOLEAKAGE" value="-37,7748" result="PASS"></item><item title="SPECTRUMMASK" value="20,2851" result="PASS"></item><item title="SPECTRUMMARGIN" value="20,2851" result="PASS"></item></Record><Criteria><item title="Modulation" value="MCS9NSS1"></item><item title="Bandwidth" value="40"></item><item title="Antenna" value="0"></item><item title="Channel" value="132"></item><item title="RfIcTemperature" value="5032"></item><item title="CpuTemperature" value="60"></item><item title="ExpectedPower" value="15"></item><item title="EVM" Max="-32" Min="-100"></item><item title="FREQERR" Max="15" Min="-15"></item><item title="SYMCLOCKERR" Max="20" Min="-100"></item><item title="POWER" Max="16,5" Min="13,5" Avg="15"></item><item title="LOLEAKAGE" Max="-17" Min="-100"></item><item title="SPECTRUMMASK" Max="100" Min="0"></item><item title="SPECTRUMMARGIN" Max="1000" Min="0"></item></Criteria><Record><item title="Modulation" value="MCS9NSS1"></item><item title="Bandwidth" value="40"></item><item title="Channel" value="132"></item><item title="Antenna" value="0"></item><item title="ExpectedPower" value="15"></item><item title="Power" value="15"></item><item title="TestType" value="Tx"></item><item title="EVM" value="-36,507" result="PASS"></item><item title="FREQERR" value="1,18987" result="PASS"></item><item title="SYMCLOCKERR" value="0,814774" result="PASS"></item><item title="POWER" value="15,2239" result="PASS"></item><item title="LOLEAKAGE" value="-37,9004" result="PASS"></item><item title="SPECTRUMMASK" value="19,9118" result="PASS"></item><item title="SPECTRUMMARGIN" value="19,9118" result="PASS"></item></Record><Criteria><item title="Modulation" value="MCS9NSS1"></item><item title="Bandwidth" value="40"></item><item title="Antenna" value="0"></item><item title="Channel" value="132"></item><item title="RfIcTemperature" value="5032"></item><item title="CpuTemperature" value="60"></item><item title="ExpectedPower" value="16"></item><item title="EVM" Max="-32" Min="-100"></item><item title="FREQERR" Max="15" Min="-15"></item><item title="SYMCLOCKERR" Max="20" Min="-100"></item><item title="POWER" Max="17,5" Min="14,5" Avg="16"></item><item title="LOLEAKAGE" Max="-17" Min="-100"></item><item title="SPECTRUMMASK" Max="100" Min="0"></item><item title="SPECTRUMMARGIN" Max="1000" Min="0"></item></Criteria><Record><item title="Modulation" value="MCS9NSS1"></item><item title="Bandwidth" value="40"></item><item title="Channel" value="132"></item><item title="Antenna" value="0"></item><item title="ExpectedPower" value="16"></item><item title="Power" value="16"></item><item title="TestType" value="Tx"></item><item title="EVM" value="-35,4536" result="PASS"></item><item title="FREQERR" value="1,18922" result="PASS"></item><item title="SYMCLOCKERR" value="0,20925" result="PASS"></item><item title="POWER" value="15,8927" result="PASS"></item><item title="LOLEAKAGE" value="-41,5068" result="PASS"></item><item title="SPECTRUMMASK" value="20,0826" result="PASS"></item><item title="SPECTRUMMARGIN" value="20,0826" result="PASS"></item></Record><Criteria><item title="Modulation" value="MCS9NSS1"></item><item title="Bandwidth" value="40"></item><item title="Antenna" value="0"></item><item title="Channel" value="132"></item><item title="RfIcTemperature" value="5032"></item><item title="CpuTemperature" value="60"></item><item title="ExpectedPower" value="17"></item><item title="EVM" Max="-32" Min="-100"></item><item title="FREQERR" Max="15" Min="-15"></item><item title="SYMCLOCKERR" Max="20" Min="-100"></item><item title="POWER" Max="18,5" Min="15,5" Avg="17"></item><item title="LOLEAKAGE" Max="-17" Min="-100"></item><item title="SPECTRUMMASK" Max="100" Min="0"></item><item title="SPECTRUMMARGIN" Max="1000" Min="0"></item></Criteria><Record><item title="Modulation" value="MCS9NSS1"></item><item title="Bandwidth" value="40"></item><item title="Channel" value="132"></item><item title="Antenna" value="0"></item><item title="ExpectedPower" value="17"></item><item title="Power" value="17"></item><item title="TestType" value="Tx"></item><item title="EVM" value="-36,8142" result="PASS"></item><item title="FREQERR" value="1,18805" result="PASS"></item><item title="SYMCLOCKERR" value="0,50759" result="PASS"></item><item title="POWER" value="16,8484" result="PASS"></item><item title="LOLEAKAGE" value="-42,3678" result="PASS"></item><item title="SPECTRUMMASK" value="21,292" result="PASS"></item><item title="SPECTRUMMARGIN" value="21,292" result="PASS"></item></Record><Criteria><item title="Modulation" value="MCS9NSS1"></item><item title="Bandwidth" value="40"></item><item title="Antenna" value="0"></item><item title="Channel" value="132"></item><item title="RfIcTemperature" value="5032"></item><item title="CpuTemperature" value="60"></item><item title="ExpectedPower" value="18"></item><item title="EVM" Max="-32" Min="-100"></item><item title="FREQERR" Max="15" Min="-15"></item><item title="SYMCLOCKERR" Max="20" Min="-100"></item><item title="POWER" Max="19,5" Min="16,5" Avg="18"></item><item title="LOLEAKAGE" Max="-17" Min="-100"></item><item title="SPECTRUMMASK" Max="100" Min="0"></item><item title="SPECTRUMMARGIN" Max="1000" Min="0"></item></Criteria><Record><item title="Modulation" value="MCS9NSS1"></item><item title="Bandwidth" value="40"></item><item title="Channel" value="132"></item><item title="Antenna" value="0"></item><item title="ExpectedPower" value="18"></item><item title="Power" value="18"></item><item title="TestType" value="Tx"></item><item title="EVM" value="-35,5107" result="PASS"></item><item title="FREQERR" value="1,18821" result="PASS"></item><item title="SYMCLOCKERR" value="0,706427" result="PASS"></item><item title="POWER" value="17,9643" result="PASS"></item><item title="LOLEAKAGE" value="-42,9512" result="PASS"></item><item title="SPECTRUMMASK" value="17,5137" result="PASS"></item><item title="SPECTRUMMARGIN" value="17,5137" result="PASS"></item></Record><Criteria><item title="Modulation" value="MCS9NSS1"></item><item title="Bandwidth" value="40"></item><item title="Antenna" value="0"></item><item title="Channel" value="132"></item><item title="RfIcTemperature" value="5032"></item><item title="CpuTemperature" value="60"></item><item title="ExpectedPower" value="19"></item><item title="EVM" Max="-32" Min="-100"></item><item title="FREQERR" Max="15" Min="-15"></item><item title="SYMCLOCKERR" Max="20" Min="-100"></item><item title="POWER" Max="20,5" Min="17,5" Avg="19"></item><item title="LOLEAKAGE" Max="-17" Min="-100"></item><item title="SPECTRUMMASK" Max="100" Min="0"></item><item title="SPECTRUMMARGIN" Max="1000" Min="0"></item></Criteria><Record><item title="Modulation" value="MCS9NSS1"></item><item title="Bandwidth" value="40"></item><item title="Channel" value="132"></item><item title="Antenna" value="0"></item><item title="ExpectedPower" value="19"></item><item title="Power" value="19"></item><item title="TestType" value="Tx"></item><item title="EVM" value="-32,1832" result="PASS"></item><item title="FREQERR" value="1,19333" result="PASS"></item><item title="SYMCLOCKERR" value="0,448569" result="PASS"></item><item title="POWER" value="18,9186" result="PASS"></item><item title="LOLEAKAGE" value="-46,4375" result="PASS"></item><item title="SPECTRUMMASK" value="13,1347" result="PASS"></item><item title="SPECTRUMMARGIN" value="13,1347" result="PASS"></item></Record><Criteria><item title="Modulation" value="MCS9NSS1"></item><item title="Bandwidth" value="40"></item><item title="Antenna" value="0"></item><item title="Channel" value="132"></item><item title="RfIcTemperature" value="5032"></item><item title="CpuTemperature" value="60"></item><item title="ExpectedPower" value="20"></item><item title="EVM" Max="-32" Min="-100"></item><item title="FREQERR" Max="15" Min="-15"></item><item title="SYMCLOCKERR" Max="20" Min="-100"></item><item title="POWER" Max="21,5" Min="18,5" Avg="20"></item><item title="LOLEAKAGE" Max="-17" Min="-100"></item><item title="SPECTRUMMASK" Max="100" Min="0"></item><item title="SPECTRUMMARGIN" Max="1000" Min="0"></item></Criteria><Record><item title="Modulation" value="MCS9NSS1"></item><item title="Bandwidth" value="40"></item><item title="Channel" value="132"></item><item title="Antenna" value="0"></item><item title="ExpectedPower" value="20"></item><item title="Power" value="20"></item><item title="TestType" value="Tx"></item><item title="EVM" value="-29,1775" result="FAIL"></item><item title="FREQERR" value="1,18781" result="PASS"></item><item title="SYMCLOCKERR" value="3,18635" result="PASS"></item><item title="POWER" value="19,7992" result="PASS"></item><item title="LOLEAKAGE" value="-64,8052" result="PASS"></item><item title="SPECTRUMMASK" value="9,18489" result="PASS"></item><item title="SPECTRUMMARGIN" value="9,18489" result="PASS"></item></Record><Criteria><item title="Modulation" value="MCS9NSS1"></item><item title="Bandwidth" value="40"></item><item title="Antenna" value="0"></item><item title="Channel" value="132"></item><item title="RfIcTemperature" value="5032"></item><item title="CpuTemperature" value="60"></item><item title="ExpectedPower" value="21"></item><item title="EVM" Max="-32" Min="-100"></item><item title="FREQERR" Max="15" Min="-15"></item><item title="SYMCLOCKERR" Max="20" Min="-100"></item><item title="POWER" Max="22,5" Min="19,5" Avg="21"></item><item title="LOLEAKAGE" Max="-17" Min="-100"></item><item title="SPECTRUMMASK" Max="100" Min="0"></item><item title="SPECTRUMMARGIN" Max="1000" Min="0"></item></Criteria><Record><item title="Modulation" value="MCS9NSS1"></item><item title="Bandwidth" value="40"></item><item title="Channel" value="132"></item><item title="Antenna" value="0"></item><item title="ExpectedPower" value="21"></item><item title="Power" value="21"></item><item title="TestType" value="Tx"></item><item title="EVM" value="-26,5764" result="FAIL"></item><item title="FREQERR" value="1,1899" result="PASS"></item><item title="SYMCLOCKERR" value="1,66689" result="PASS"></item><item title="POWER" value="20,8241" result="PASS"></item><item title="LOLEAKAGE" value="-46,3933" result="PASS"></item><item title="SPECTRUMMASK" value="5,86983" result="PASS"></item><item title="SPECTRUMMARGIN" value="5,86983" result="PASS"></item></Record><Criteria><item title="Modulation" value="MCS9NSS1"></item><item title="Bandwidth" value="40"></item><item title="Antenna" value="0"></item><item title="Channel" value="132"></item><item title="RfIcTemperature" value="5032"></item><item title="CpuTemperature" value="60"></item><item title="ExpectedPower" value="22"></item><item title="EVM" Max="-32" Min="-100"></item><item title="FREQERR" Max="15" Min="-15"></item><item title="SYMCLOCKERR" Max="20" Min="-100"></item><item title="POWER" Max="23,5" Min="20,5" Avg="22"></item><item title="LOLEAKAGE" Max="-17" Min="-100"></item><item title="SPECTRUMMASK" Max="100" Min="0"></item><item title="SPECTRUMMARGIN" Max="1000" Min="0"></item></Criteria><Record><item title="Modulation" value="MCS9NSS1"></item><item title="Bandwidth" value="40"></item><item title="Channel" value="132"></item><item title="Antenna" value="0"></item><item title="ExpectedPower" value="22"></item><item title="Power" value="22"></item><item title="TestType" value="Tx"></item><item title="EVM" value="-24,2969" result="FAIL"></item><item title="FREQERR" value="1,18661" result="PASS"></item><item title="SYMCLOCKERR" value="-0,419733" result="PASS"></item><item title="POWER" value="21,7455" result="PASS"></item><item title="LOLEAKAGE" value="-43,5123" result="PASS"></item><item title="SPECTRUMMASK" value="3,4672" result="PASS"></item><item title="SPECTRUMMARGIN" value="3,4672" result="PASS"></item></Record><Criteria><item title="Modulation" value="MCS9NSS1"></item><item title="Bandwidth" value="40"></item><item title="Antenna" value="0"></item><item title="Channel" value="132"></item><item title="RfIcTemperature" value="5032"></item><item title="CpuTemperature" value="60"></item><item title="ExpectedPower" value="23"></item><item title="EVM" Max="-32" Min="-100"></item><item title="FREQERR" Max="15" Min="-15"></item><item title="SYMCLOCKERR" Max="20" Min="-100"></item><item title="POWER" Max="24,5" Min="21,5" Avg="23"></item><item title="LOLEAKAGE" Max="-17" Min="-100"></item><item title="SPECTRUMMASK" Max="100" Min="0"></item><item title="SPECTRUMMARGIN" Max="1000" Min="0"></item></Criteria><Record><item title="Modulation" value="MCS9NSS1"></item><item title="Bandwidth" value="40"></item><item title="Channel" value="132"></item><item title="Antenna" value="0"></item><item title="ExpectedPower" value="23"></item><item title="Power" value="23"></item><item title="TestType" value="Tx"></item><item title="EVM" value="-23,1697" result="FAIL"></item><item title="FREQERR" value="1,18951" result="PASS"></item><item title="SYMCLOCKERR" value="8,02039" result="PASS"></item><item title="POWER" value="22,6661" result="PASS"></item><item title="LOLEAKAGE" value="-47,9691" result="PASS"></item><item title="SPECTRUMMASK" value="-0,604794" result="FAIL"></item><item title="SPECTRUMMARGIN" value="-0,604794" result="FAIL"></item></Record><Criteria><item title="Modulation" value="MCS9NSS1"></item><item title="Bandwidth" value="40"></item><item title="Antenna" value="0"></item><item title="Channel" value="132"></item><item title="RfIcTemperature" value="5032"></item><item title="CpuTemperature" value="60"></item><item title="ExpectedPower" value="24"></item><item title="EVM" Max="-32" Min="-100"></item><item title="FREQERR" Max="15" Min="-15"></item><item title="SYMCLOCKERR" Max="20" Min="-100"></item><item title="POWER" Max="25,5" Min="22,5" Avg="24"></item><item title="LOLEAKAGE" Max="-17" Min="-100"></item><item title="SPECTRUMMASK" Max="100" Min="0"></item><item title="SPECTRUMMARGIN" Max="1000" Min="0"></item></Criteria><Record><item title="Modulation" value="MCS9NSS1"></item><item title="Bandwidth" value="40"></item><item title="Channel" value="132"></item><item title="Antenna" value="0"></item><item title="ExpectedPower" value="24"></item><item title="Power" value="24"></item><item title="TestType" value="Tx"></item><item title="EVM" value="-22,0547" result="FAIL"></item><item title="FREQERR" value="1,1795" result="PASS"></item><item title="SYMCLOCKERR" value="3,38925" result="PASS"></item><item title="POWER" value="23,4055" result="PASS"></item><item title="LOLEAKAGE" value="-39,9684" result="PASS"></item><item title="SPECTRUMMASK" value="-2,25973" result="FAIL"></item><item title="SPECTRUMMARGIN" value="-2,25973" result="FAIL"></item></Record><Criteria><item title="Modulation" value="MCS9NSS1"></item><item title="Bandwidth" value="40"></item><item title="Antenna" value="0"></item><item title="Channel" value="132"></item><item title="RfIcTemperature" value="5032"></item><item title="CpuTemperature" value="60"></item><item title="ExpectedPower" value="25"></item><item title="EVM" Max="-32" Min="-100"></item><item title="FREQERR" Max="15" Min="-15"></item><item title="SYMCLOCKERR" Max="20" Min="-100"></item><item title="POWER" Max="26,5" Min="23,5" Avg="25"></item><item title="LOLEAKAGE" Max="-17" Min="-100"></item><item title="SPECTRUMMASK" Max="100" Min="0"></item><item title="SPECTRUMMARGIN" Max="1000" Min="0"></item></Criteria><Record><item title="Modulation" value="MCS9NSS1"></item><item title="Bandwidth" value="40"></item><item title="Channel" value="132"></item><item title="Antenna" value="0"></item><item title="ExpectedPower" value="25"></item><item title="Power" value="25"></item><item title="TestType" value="Tx"></item><item title="EVM" value="-20,5882" result="FAIL"></item><item title="FREQERR" value="1,17214" result="PASS"></item><item title="SYMCLOCKERR" value="-1,25574" result="PASS"></item><item title="POWER" value="24,3406" result="PASS"></item><item title="LOLEAKAGE" value="-36,1591" result="PASS"></item><item title="SPECTRUMMASK" value="-6,73782" result="FAIL"></item><item title="SPECTRUMMARGIN" value="-6,73782" result="FAIL"></item></Record><Criteria><item title="Modulation" value="MCS9NSS1"></item><item title="Bandwidth" value="40"></item><item title="Antenna" value="1"></item><item title="Channel" value="132"></item><item title="RfIcTemperature" value="5032"></item><item title="CpuTemperature" value="61"></item><item title="ExpectedPower" value="10"></item><item title="EVM" Max="-32" Min="-100"></item><item title="FREQERR" Max="15" Min="-15"></item><item title="SYMCLOCKERR" Max="20" Min="-100"></item><item title="POWER" Max="11,5" Min="8,5" Avg="10"></item><item title="LOLEAKAGE" Max="-17" Min="-100"></item><item title="SPECTRUMMASK" Max="100" Min="0"></item><item title="SPECTRUMMARGIN" Max="1000" Min="0"></item></Criteria><Record><item title="Modulation" value="MCS9NSS1"></item><item title="Bandwidth" value="40"></item><item title="Channel" value="132"></item><item title="Antenna" value="1"></item><item title="ExpectedPower" value="10"></item><item title="Power" value="10"></item><item title="TestType" value="Tx"></item><item title="EVM" value="-36,6758" result="PASS"></item><item title="FREQERR" value="1,17684" result="PASS"></item><item title="SYMCLOCKERR" value="1,52965" result="PASS"></item><item title="POWER" value="9,31022" result="PASS"></item><item title="LOLEAKAGE" value="-30,5965" result="PASS"></item><item title="SPECTRUMMASK" value="19,5506" result="PASS"></item><item title="SPECTRUMMARGIN" value="19,5506" result="PASS"></item></Record><Criteria><item title="Modulation" value="MCS9NSS1"></item><item title="Bandwidth" value="40"></item><item title="Antenna" value="1"></item><item title="Channel" value="132"></item><item title="RfIcTemperature" value="5032"></item><item title="CpuTemperature" value="61"></item><item title="ExpectedPower" value="11"></item><item title="EVM" Max="-32" Min="-100"></item><item title="FREQERR" Max="15" Min="-15"></item><item title="SYMCLOCKERR" Max="20" Min="-100"></item><item title="POWER" Max="12,5" Min="9,5" Avg="11"></item><item title="LOLEAKAGE" Max="-17" Min="-100"></item><item title="SPECTRUMMASK" Max="100" Min="0"></item><item title="SPECTRUMMARGIN" Max="1000" Min="0"></item></Criteria><Record><item title="Modulation" value="MCS9NSS1"></item><item title="Bandwidth" value="40"></item><item title="Channel" value="132"></item><item title="Antenna" value="1"></item><item title="ExpectedPower" value="11"></item><item title="Power" value="11"></item><item title="TestType" value="Tx"></item><item title="EVM" value="-37,4504" result="PASS"></item><item title="FREQERR" value="1,1805" result="PASS"></item><item title="SYMCLOCKERR" value="1,71312" result="PASS"></item><item title="POWER" value="10,2556" result="PASS"></item><item title="LOLEAKAGE" value="-29,4339" result="PASS"></item><item title="SPECTRUMMASK" value="21,2859" result="PASS"></item><item title="SPECTRUMMARGIN" value="21,2859" result="PASS"></item></Record><Criteria><item title="Modulation" value="MCS9NSS1"></item><item title="Bandwidth" value="40"></item><item title="Antenna" value="1"></item><item title="Channel" value="132"></item><item title="RfIcTemperature" value="5032"></item><item title="CpuTemperature" value="61"></item><item title="ExpectedPower" value="12"></item><item title="EVM" Max="-32" Min="-100"></item><item title="FREQERR" Max="15" Min="-15"></item><item title="SYMCLOCKERR" Max="20" Min="-100"></item><item title="POWER" Max="13,5" Min="10,5" Avg="12"></item><item title="LOLEAKAGE" Max="-17" Min="-100"></item><item title="SPECTRUMMASK" Max="100" Min="0"></item><item title="SPECTRUMMARGIN" Max="1000" Min="0"></item></Criteria><Record><item title="Modulation" value="MCS9NSS1"></item><item title="Bandwidth" value="40"></item><item title="Channel" value="132"></item><item title="Antenna" value="1"></item><item title="ExpectedPower" value="12"></item><item title="Power" value="12"></item><item title="TestType" value="Tx"></item><item title="EVM" value="-37,6596" result="PASS"></item><item title="FREQERR" value="1,1792" result="PASS"></item><item title="SYMCLOCKERR" value="1,59693" result="PASS"></item><item title="POWER" value="11,3606" result="PASS"></item><item title="LOLEAKAGE" value="-32,5552" result="PASS"></item><item title="SPECTRUMMASK" value="20,2499" result="PASS"></item><item title="SPECTRUMMARGIN" value="20,2499" result="PASS"></item></Record><Criteria><item title="Modulation" value="MCS9NSS1"></item><item title="Bandwidth" value="40"></item><item title="Antenna" value="1"></item><item title="Channel" value="132"></item><item title="RfIcTemperature" value="5032"></item><item title="CpuTemperature" value="61"></item><item title="ExpectedPower" value="13"></item><item title="EVM" Max="-32" Min="-100"></item><item title="FREQERR" Max="15" Min="-15"></item><item title="SYMCLOCKERR" Max="20" Min="-100"></item><item title="POWER" Max="14,5" Min="11,5" Avg="13"></item><item title="LOLEAKAGE" Max="-17" Min="-100"></item><item title="SPECTRUMMASK" Max="100" Min="0"></item><item title="SPECTRUMMARGIN" Max="1000" Min="0"></item></Criteria><Record><item title="Modulation" value="MCS9NSS1"></item><item title="Bandwidth" value="40"></item><item title="Channel" value="132"></item><item title="Antenna" value="1"></item><item title="ExpectedPower" value="13"></item><item title="Power" value="13"></item><item title="TestType" value="Tx"></item><item title="EVM" value="-35,8518" result="PASS"></item><item title="FREQERR" value="1,17474" result="PASS"></item><item title="SYMCLOCKERR" value="1,36211" result="PASS"></item><item title="POWER" value="12,3909" result="PASS"></item><item title="LOLEAKAGE" value="-33,4445" result="PASS"></item><item title="SPECTRUMMASK" value="20,9292" result="PASS"></item><item title="SPECTRUMMARGIN" value="20,9292" result="PASS"></item></Record><Criteria><item title="Modulation" value="MCS9NSS1"></item><item title="Bandwidth" value="40"></item><item title="Antenna" value="1"></item><item title="Channel" value="132"></item><item title="RfIcTemperature" value="5032"></item><item title="CpuTemperature" value="61"></item><item title="ExpectedPower" value="14"></item><item title="EVM" Max="-32" Min="-100"></item><item title="FREQERR" Max="15" Min="-15"></item><item title="SYMCLOCKERR" Max="20" Min="-100"></item><item title="POWER" Max="15,5" Min="12,5" Avg="14"></item><item title="LOLEAKAGE" Max="-17" Min="-100"></item><item title="SPECTRUMMASK" Max="100" Min="0"></item><item title="SPECTRUMMARGIN" Max="1000" Min="0"></item></Criteria><Record><item title="Modulation" value="MCS9NSS1"></item><item title="Bandwidth" value="40"></item><item title="Channel" value="132"></item><item title="Antenna" value="1"></item><item title="ExpectedPower" value="14"></item><item title="Power" value="14"></item><item title="TestType" value="Tx"></item><item title="EVM" value="-38,0344" result="PASS"></item><item title="FREQERR" value="1,18555" result="PASS"></item><item title="SYMCLOCKERR" value="2,37648" result="PASS"></item><item title="POWER" value="13,4938" result="PASS"></item><item title="LOLEAKAGE" value="-31,7092" result="PASS"></item><item title="SPECTRUMMASK" value="22,1487" result="PASS"></item><item title="SPECTRUMMARGIN" value="22,1487" result="PASS"></item></Record><Criteria><item title="Modulation" value="MCS9NSS1"></item><item title="Bandwidth" value="40"></item><item title="Antenna" value="1"></item><item title="Channel" value="132"></item><item title="RfIcTemperature" value="5032"></item><item title="CpuTemperature" value="61"></item><item title="ExpectedPower" value="15"></item><item title="EVM" Max="-32" Min="-100"></item><item title="FREQERR" Max="15" Min="-15"></item><item title="SYMCLOCKERR" Max="20" Min="-100"></item><item title="POWER" Max="16,5" Min="13,5" Avg="15"></item><item title="LOLEAKAGE" Max="-17" Min="-100"></item><item title="SPECTRUMMASK" Max="100" Min="0"></item><item title="SPECTRUMMARGIN" Max="1000" Min="0"></item></Criteria><Record><item title="Modulation" value="MCS9NSS1"></item><item title="Bandwidth" value="40"></item><item title="Channel" value="132"></item><item title="Antenna" value="1"></item><item title="ExpectedPower" value="15"></item><item title="Power" value="15"></item><item title="TestType" value="Tx"></item><item title="EVM" value="-37,74" result="PASS"></item><item title="FREQERR" value="1,18177" result="PASS"></item><item title="SYMCLOCKERR" value="1,7148" result="PASS"></item><item title="POWER" value="14,2237" result="PASS"></item><item title="LOLEAKAGE" value="-37,959" result="PASS"></item><item title="SPECTRUMMASK" value="21,1178" result="PASS"></item><item title="SPECTRUMMARGIN" value="21,1178" result="PASS"></item></Record><Criteria><item title="Modulation" value="MCS9NSS1"></item><item title="Bandwidth" value="40"></item><item title="Antenna" value="1"></item><item title="Channel" value="132"></item><item title="RfIcTemperature" value="5032"></item><item title="CpuTemperature" value="61"></item><item title="ExpectedPower" value="16"></item><item title="EVM" Max="-32" Min="-100"></item><item title="FREQERR" Max="15" Min="-15"></item><item title="SYMCLOCKERR" Max="20" Min="-100"></item><item title="POWER" Max="17,5" Min="14,5" Avg="16"></item><item title="LOLEAKAGE" Max="-17" Min="-100"></item><item title="SPECTRUMMASK" Max="100" Min="0"></item><item title="SPECTRUMMARGIN" Max="1000" Min="0"></item></Criteria><Record><item title="Modulation" value="MCS9NSS1"></item><item title="Bandwidth" value="40"></item><item title="Channel" value="132"></item><item title="Antenna" value="1"></item><item title="ExpectedPower" value="16"></item><item title="Power" value="16"></item><item title="TestType" value="Tx"></item><item title="EVM" value="-37,7693" result="PASS"></item><item title="FREQERR" value="1,17958" result="PASS"></item><item title="SYMCLOCKERR" value="2,20056" result="PASS"></item><item title="POWER" value="15,3521" result="PASS"></item><item title="LOLEAKAGE" value="-38,5513" result="PASS"></item><item title="SPECTRUMMASK" value="20,8428" result="PASS"></item><item title="SPECTRUMMARGIN" value="20,8428" result="PASS"></item></Record><Criteria><item title="Modulation" value="MCS9NSS1"></item><item title="Bandwidth" value="40"></item><item title="Antenna" value="1"></item><item title="Channel" value="132"></item><item title="RfIcTemperature" value="5032"></item><item title="CpuTemperature" value="61"></item><item title="ExpectedPower" value="17"></item><item title="EVM" Max="-32" Min="-100"></item><item title="FREQERR" Max="15" Min="-15"></item><item title="SYMCLOCKERR" Max="20" Min="-100"></item><item title="POWER" Max="18,5" Min="15,5" Avg="17"></item><item title="LOLEAKAGE" Max="-17" Min="-100"></item><item title="SPECTRUMMASK" Max="100" Min="0"></item><item title="SPECTRUMMARGIN" Max="1000" Min="0"></item></Criteria><Record><item title="Modulation" value="MCS9NSS1"></item><item title="Bandwidth" value="40"></item><item title="Channel" value="132"></item><item title="Antenna" value="1"></item><item title="ExpectedPower" value="17"></item><item title="Power" value="17"></item><item title="TestType" value="Tx"></item><item title="EVM" value="-35,6106" result="PASS"></item><item title="FREQERR" value="1,17941" result="PASS"></item><item title="SYMCLOCKERR" value="1,34392" result="PASS"></item><item title="POWER" value="16,3058" result="PASS"></item><item title="LOLEAKAGE" value="-38,3533" result="PASS"></item><item title="SPECTRUMMASK" value="19,75" result="PASS"></item><item title="SPECTRUMMARGIN" value="19,75" result="PASS"></item></Record><Criteria><item title="Modulation" value="MCS9NSS1"></item><item title="Bandwidth" value="40"></item><item title="Antenna" value="1"></item><item title="Channel" value="132"></item><item title="RfIcTemperature" value="5032"></item><item title="CpuTemperature" value="61"></item><item title="ExpectedPower" value="18"></item><item title="EVM" Max="-32" Min="-100"></item><item title="FREQERR" Max="15" Min="-15"></item><item title="SYMCLOCKERR" Max="20" Min="-100"></item><item title="POWER" Max="19,5" Min="16,5" Avg="18"></item><item title="LOLEAKAGE" Max="-17" Min="-100"></item><item title="SPECTRUMMASK" Max="100" Min="0"></item><item title="SPECTRUMMARGIN" Max="1000" Min="0"></item></Criteria><Record><item title="Modulation" value="MCS9NSS1"></item><item title="Bandwidth" value="40"></item><item title="Channel" value="132"></item><item title="Antenna" value="1"></item><item title="ExpectedPower" value="18"></item><item title="Power" value="18"></item><item title="TestType" value="Tx"></item><item title="EVM" value="-36,9745" result="PASS"></item><item title="FREQERR" value="1,17791" result="PASS"></item><item title="SYMCLOCKERR" value="1,49213" result="PASS"></item><item title="POWER" value="17,468" result="PASS"></item><item title="LOLEAKAGE" value="-40,5905" result="PASS"></item><item title="SPECTRUMMASK" value="18,9699" result="PASS"></item><item title="SPECTRUMMARGIN" value="18,9699" result="PASS"></item></Record><Criteria><item title="Modulation" value="MCS9NSS1"></item><item title="Bandwidth" value="40"></item><item title="Antenna" value="1"></item><item title="Channel" value="132"></item><item title="RfIcTemperature" value="5032"></item><item title="CpuTemperature" value="61"></item><item title="ExpectedPower" value="19"></item><item title="EVM" Max="-32" Min="-100"></item><item title="FREQERR" Max="15" Min="-15"></item><item title="SYMCLOCKERR" Max="20" Min="-100"></item><item title="POWER" Max="20,5" Min="17,5" Avg="19"></item><item title="LOLEAKAGE" Max="-17" Min="-100"></item><item title="SPECTRUMMASK" Max="100" Min="0"></item><item title="SPECTRUMMARGIN" Max="1000" Min="0"></item></Criteria><Record><item title="Modulation" value="MCS9NSS1"></item><item title="Bandwidth" value="40"></item><item title="Channel" value="132"></item><item title="Antenna" value="1"></item><item title="ExpectedPower" value="19"></item><item title="Power" value="19"></item><item title="TestType" value="Tx"></item><item title="EVM" value="-35,4187" result="PASS"></item><item title="FREQERR" value="1,18747" result="PASS"></item><item title="SYMCLOCKERR" value="1,10543" result="PASS"></item><item title="POWER" value="18,4364" result="PASS"></item><item title="LOLEAKAGE" value="-42,3217" result="PASS"></item><item title="SPECTRUMMASK" value="14,9057" result="PASS"></item><item title="SPECTRUMMARGIN" value="14,9057" result="PASS"></item></Record><Criteria><item title="Modulation" value="MCS9NSS1"></item><item title="Bandwidth" value="40"></item><item title="Antenna" value="1"></item><item title="Channel" value="132"></item><item title="RfIcTemperature" value="5032"></item><item title="CpuTemperature" value="61"></item><item title="ExpectedPower" value="20"></item><item title="EVM" Max="-32" Min="-100"></item><item title="FREQERR" Max="15" Min="-15"></item><item title="SYMCLOCKERR" Max="20" Min="-100"></item><item title="POWER" Max="21,5" Min="18,5" Avg="20"></item><item title="LOLEAKAGE" Max="-17" Min="-100"></item><item title="SPECTRUMMASK" Max="100" Min="0"></item><item title="SPECTRUMMARGIN" Max="1000" Min="0"></item></Criteria><Record><item title="Modulation" value="MCS9NSS1"></item><item title="Bandwidth" value="40"></item><item title="Channel" value="132"></item><item title="Antenna" value="1"></item><item title="ExpectedPower" value="20"></item><item title="Power" value="20"></item><item title="TestType" value="Tx"></item><item title="EVM" value="-34,8562" result="PASS"></item><item title="FREQERR" value="1,17891" result="PASS"></item><item title="SYMCLOCKERR" value="1,39118" result="PASS"></item><item title="POWER" value="19,5184" result="PASS"></item><item title="LOLEAKAGE" value="-53,8893" result="PASS"></item><item title="SPECTRUMMASK" value="13,038" result="PASS"></item><item title="SPECTRUMMARGIN" value="13,038" result="PASS"></item></Record><Criteria><item title="Modulation" value="MCS9NSS1"></item><item title="Bandwidth" value="40"></item><item title="Antenna" value="1"></item><item title="Channel" value="132"></item><item title="RfIcTemperature" value="5032"></item><item title="CpuTemperature" value="61"></item><item title="ExpectedPower" value="21"></item><item title="EVM" Max="-32" Min="-100"></item><item title="FREQERR" Max="15" Min="-15"></item><item title="SYMCLOCKERR" Max="20" Min="-100"></item><item title="POWER" Max="22,5" Min="19,5" Avg="21"></item><item title="LOLEAKAGE" Max="-17" Min="-100"></item><item title="SPECTRUMMASK" Max="100" Min="0"></item><item title="SPECTRUMMARGIN" Max="1000" Min="0"></item></Criteria><Record><item title="Modulation" value="MCS9NSS1"></item><item title="Bandwidth" value="40"></item><item title="Channel" value="132"></item><item title="Antenna" value="1"></item><item title="ExpectedPower" value="21"></item><item title="Power" value="21"></item><item title="TestType" value="Tx"></item><item title="EVM" value="-28,6671" result="FAIL"></item><item title="FREQERR" value="1,17228" result="PASS"></item><item title="SYMCLOCKERR" value="2,14606" result="PASS"></item><item title="POWER" value="20,5241" result="PASS"></item><item title="LOLEAKAGE" value="-46,832" result="PASS"></item><item title="SPECTRUMMASK" value="7,35939" result="PASS"></item><item title="SPECTRUMMARGIN" value="7,35939" result="PASS"></item></Record><Criteria><item title="Modulation" value="MCS9NSS1"></item><item title="Bandwidth" value="40"></item><item title="Antenna" value="1"></item><item title="Channel" value="132"></item><item title="RfIcTemperature" value="5032"></item><item title="CpuTemperature" value="61"></item><item title="ExpectedPower" value="22"></item><item title="EVM" Max="-32" Min="-100"></item><item title="FREQERR" Max="15" Min="-15"></item><item title="SYMCLOCKERR" Max="20" Min="-100"></item><item title="POWER" Max="23,5" Min="20,5" Avg="22"></item><item title="LOLEAKAGE" Max="-17" Min="-100"></item><item title="SPECTRUMMASK" Max="100" Min="0"></item><item title="SPECTRUMMARGIN" Max="1000" Min="0"></item></Criteria><Record><item title="Modulation" value="MCS9NSS1"></item><item title="Bandwidth" value="40"></item><item title="Channel" value="132"></item><item title="Antenna" value="1"></item><item title="ExpectedPower" value="22"></item><item title="Power" value="22"></item><item title="TestType" value="Tx"></item><item title="EVM" value="-25,8451" result="FAIL"></item><item title="FREQERR" value="1,18695" result="PASS"></item><item title="SYMCLOCKERR" value="4,03091" result="PASS"></item><item title="POWER" value="21,4865" result="PASS"></item><item title="LOLEAKAGE" value="-46,0519" result="PASS"></item><item title="SPECTRUMMASK" value="4,81509" result="PASS"></item><item title="SPECTRUMMARGIN" value="4,81509" result="PASS"></item></Record><Criteria><item title="Modulation" value="MCS9NSS1"></item><item title="Bandwidth" value="40"></item><item title="Antenna" value="1"></item><item title="Channel" value="132"></item><item title="RfIcTemperature" value="5032"></item><item title="CpuTemperature" value="61"></item><item title="ExpectedPower" value="23"></item><item title="EVM" Max="-32" Min="-100"></item><item title="FREQERR" Max="15" Min="-15"></item><item title="SYMCLOCKERR" Max="20" Min="-100"></item><item title="POWER" Max="24,5" Min="21,5" Avg="23"></item><item title="LOLEAKAGE" Max="-17" Min="-100"></item><item title="SPECTRUMMASK" Max="100" Min="0"></item><item title="SPECTRUMMARGIN" Max="1000" Min="0"></item></Criteria><Record><item title="Modulation" value="MCS9NSS1"></item><item title="Bandwidth" value="40"></item><item title="Channel" value="132"></item><item title="Antenna" value="1"></item><item title="ExpectedPower" value="23"></item><item title="Power" value="23"></item><item title="TestType" value="Tx"></item><item title="EVM" value="-24,8738" result="FAIL"></item><item title="FREQERR" value="1,182" result="PASS"></item><item title="SYMCLOCKERR" value="3,1107" result="PASS"></item><item title="POWER" value="22,1293" result="PASS"></item><item title="LOLEAKAGE" value="-43,8904" result="PASS"></item><item title="SPECTRUMMASK" value="3,13683" result="PASS"></item><item title="SPECTRUMMARGIN" value="3,13683" result="PASS"></item></Record><Criteria><item title="Modulation" value="MCS9NSS1"></item><item title="Bandwidth" value="40"></item><item title="Antenna" value="1"></item><item title="Channel" value="132"></item><item title="RfIcTemperature" value="5032"></item><item title="CpuTemperature" value="61"></item><item title="ExpectedPower" value="24"></item><item title="EVM" Max="-32" Min="-100"></item><item title="FREQERR" Max="15" Min="-15"></item><item title="SYMCLOCKERR" Max="20" Min="-100"></item><item title="POWER" Max="25,5" Min="22,5" Avg="24"></item><item title="LOLEAKAGE" Max="-17" Min="-100"></item><item title="SPECTRUMMASK" Max="100" Min="0"></item><item title="SPECTRUMMARGIN" Max="1000" Min="0"></item></Criteria><Record><item title="Modulation" value="MCS9NSS1"></item><item title="Bandwidth" value="40"></item><item title="Channel" value="132"></item><item title="Antenna" value="1"></item><item title="ExpectedPower" value="24"></item><item title="Power" value="24"></item><item title="TestType" value="Tx"></item><item title="EVM" value="-23,2277" result="FAIL"></item><item title="FREQERR" value="1,1876" result="PASS"></item><item title="SYMCLOCKERR" value="-0,269048" result="PASS"></item><item title="POWER" value="23,1133" result="PASS"></item><item title="LOLEAKAGE" value="-40,7768" result="PASS"></item><item title="SPECTRUMMASK" value="-0,0931244" result="FAIL"></item><item title="SPECTRUMMARGIN" value="-0,0931244" result="FAIL"></item></Record><Criteria><item title="Modulation" value="MCS9NSS1"></item><item title="Bandwidth" value="40"></item><item title="Antenna" value="1"></item><item title="Channel" value="132"></item><item title="RfIcTemperature" value="5032"></item><item title="CpuTemperature" value="61"></item><item title="ExpectedPower" value="25"></item><item title="EVM" Max="-32" Min="-100"></item><item title="FREQERR" Max="15" Min="-15"></item><item title="SYMCLOCKERR" Max="20" Min="-100"></item><item title="POWER" Max="26,5" Min="23,5" Avg="25"></item><item title="LOLEAKAGE" Max="-17" Min="-100"></item><item title="SPECTRUMMASK" Max="100" Min="0"></item><item title="SPECTRUMMARGIN" Max="1000" Min="0"></item></Criteria><Record><item title="Modulation" value="MCS9NSS1"></item><item title="Bandwidth" value="40"></item><item title="Channel" value="132"></item><item title="Antenna" value="1"></item><item title="ExpectedPower" value="25"></item><item title="Power" value="25"></item><item title="TestType" value="Tx"></item><item title="EVM" value="-21,7596" result="FAIL"></item><item title="FREQERR" value="1,17229" result="PASS"></item><item title="SYMCLOCKERR" value="10,8793" result="PASS"></item><item title="POWER" value="24,0554" result="PASS"></item><item title="LOLEAKAGE" value="-38,4356" result="PASS"></item><item title="SPECTRUMMASK" value="-4,05873" result="FAIL"></item><item title="SPECTRUMMARGIN" value="-4,05873" result="FAIL"></item></Record><Criteria><item title="Modulation" value="MCS9NSS1"></item><item title="Bandwidth" value="40"></item><item title="Antenna" value="2"></item><item title="Channel" value="132"></item><item title="RfIcTemperature" value="5032"></item><item title="CpuTemperature" value="60"></item><item title="ExpectedPower" value="10"></item><item title="EVM" Max="-32" Min="-100"></item><item title="FREQERR" Max="15" Min="-15"></item><item title="SYMCLOCKERR" Max="20" Min="-100"></item><item title="POWER" Max="11,5" Min="8,5" Avg="10"></item><item title="LOLEAKAGE" Max="-17" Min="-100"></item><item title="SPECTRUMMASK" Max="100" Min="0"></item><item title="SPECTRUMMARGIN" Max="1000" Min="0"></item></Criteria><Record><item title="Modulation" value="MCS9NSS1"></item><item title="Bandwidth" value="40"></item><item title="Channel" value="132"></item><item title="Antenna" value="2"></item><item title="ExpectedPower" value="10"></item><item title="Power" value="10"></item><item title="TestType" value="Tx"></item><item title="EVM" value="-38,8487" result="PASS"></item><item title="FREQERR" value="1,17353" result="PASS"></item><item title="SYMCLOCKERR" value="1,85244" result="PASS"></item><item title="POWER" value="10,1093" result="PASS"></item><item title="LOLEAKAGE" value="-31,5124" result="PASS"></item><item title="SPECTRUMMASK" value="20,688" result="PASS"></item><item title="SPECTRUMMARGIN" value="20,688" result="PASS"></item></Record><Criteria><item title="Modulation" value="MCS9NSS1"></item><item title="Bandwidth" value="40"></item><item title="Antenna" value="2"></item><item title="Channel" value="132"></item><item title="RfIcTemperature" value="5032"></item><item title="CpuTemperature" value="60"></item><item title="ExpectedPower" value="11"></item><item title="EVM" Max="-32" Min="-100"></item><item title="FREQERR" Max="15" Min="-15"></item><item title="SYMCLOCKERR" Max="20" Min="-100"></item><item title="POWER" Max="12,5" Min="9,5" Avg="11"></item><item title="LOLEAKAGE" Max="-17" Min="-100"></item><item title="SPECTRUMMASK" Max="100" Min="0"></item><item title="SPECTRUMMARGIN" Max="1000" Min="0"></item></Criteria><Record><item title="Modulation" value="MCS9NSS1"></item><item title="Bandwidth" value="40"></item><item title="Channel" value="132"></item><item title="Antenna" value="2"></item><item title="ExpectedPower" value="11"></item><item title="Power" value="11"></item><item title="TestType" value="Tx"></item><item title="EVM" value="-38,3523" result="PASS"></item><item title="FREQERR" value="1,17488" result="PASS"></item><item title="SYMCLOCKERR" value="2,32379" result="PASS"></item><item title="POWER" value="10,9395" result="PASS"></item><item title="LOLEAKAGE" value="-31,2083" result="PASS"></item><item title="SPECTRUMMASK" value="20,0225" result="PASS"></item><item title="SPECTRUMMARGIN" value="20,0225" result="PASS"></item></Record><Criteria><item title="Modulation" value="MCS9NSS1"></item><item title="Bandwidth" value="40"></item><item title="Antenna" value="2"></item><item title="Channel" value="132"></item><item title="RfIcTemperature" value="5032"></item><item title="CpuTemperature" value="60"></item><item title="ExpectedPower" value="12"></item><item title="EVM" Max="-32" Min="-100"></item><item title="FREQERR" Max="15" Min="-15"></item><item title="SYMCLOCKERR" Max="20" Min="-100"></item><item title="POWER" Max="13,5" Min="10,5" Avg="12"></item><item title="LOLEAKAGE" Max="-17" Min="-100"></item><item title="SPECTRUMMASK" Max="100" Min="0"></item><item title="SPECTRUMMARGIN" Max="1000" Min="0"></item></Criteria><Record><item title="Modulation" value="MCS9NSS1"></item><item title="Bandwidth" value="40"></item><item title="Channel" value="132"></item><item title="Antenna" value="2"></item><item title="ExpectedPower" value="12"></item><item title="Power" value="12"></item><item title="TestType" value="Tx"></item><item title="EVM" value="-38,9184" result="PASS"></item><item title="FREQERR" value="1,17805" result="PASS"></item><item title="SYMCLOCKERR" value="2,72497" result="PASS"></item><item title="POWER" value="11,7436" result="PASS"></item><item title="LOLEAKAGE" value="-33,8401" result="PASS"></item><item title="SPECTRUMMASK" value="19,7943" result="PASS"></item><item title="SPECTRUMMARGIN" value="19,7943" result="PASS"></item></Record><Criteria><item title="Modulation" value="MCS9NSS1"></item><item title="Bandwidth" value="40"></item><item title="Antenna" value="2"></item><item title="Channel" value="132"></item><item title="RfIcTemperature" value="5032"></item><item title="CpuTemperature" value="60"></item><item title="ExpectedPower" value="13"></item><item title="EVM" Max="-32" Min="-100"></item><item title="FREQERR" Max="15" Min="-15"></item><item title="SYMCLOCKERR" Max="20" Min="-100"></item><item title="POWER" Max="14,5" Min="11,5" Avg="13"></item><item title="LOLEAKAGE" Max="-17" Min="-100"></item><item title="SPECTRUMMASK" Max="100" Min="0"></item><item title="SPECTRUMMARGIN" Max="1000" Min="0"></item></Criteria><Record><item title="Modulation" value="MCS9NSS1"></item><item title="Bandwidth" value="40"></item><item title="Channel" value="132"></item><item title="Antenna" value="2"></item><item title="ExpectedPower" value="13"></item><item title="Power" value="13"></item><item title="TestType" value="Tx"></item><item title="EVM" value="-38,0912" result="PASS"></item><item title="FREQERR" value="1,1797" result="PASS"></item><item title="SYMCLOCKERR" value="2,87801" result="PASS"></item><item title="POWER" value="12,9224" result="PASS"></item><item title="LOLEAKAGE" value="-32,0407" result="PASS"></item><item title="SPECTRUMMASK" value="20,4839" result="PASS"></item><item title="SPECTRUMMARGIN" value="20,4839" result="PASS"></item></Record><Criteria><item title="Modulation" value="MCS9NSS1"></item><item title="Bandwidth" value="40"></item><item title="Antenna" value="2"></item><item title="Channel" value="132"></item><item title="RfIcTemperature" value="5032"></item><item title="CpuTemperature" value="60"></item><item title="ExpectedPower" value="14"></item><item title="EVM" Max="-32" Min="-100"></item><item title="FREQERR" Max="15" Min="-15"></item><item title="SYMCLOCKERR" Max="20" Min="-100"></item><item title="POWER" Max="15,5" Min="12,5" Avg="14"></item><item title="LOLEAKAGE" Max="-17" Min="-100"></item><item title="SPECTRUMMASK" Max="100" Min="0"></item><item title="SPECTRUMMARGIN" Max="1000" Min="0"></item></Criteria><Record><item title="Modulation" value="MCS9NSS1"></item><item title="Bandwidth" value="40"></item><item title="Channel" value="132"></item><item title="Antenna" value="2"></item><item title="ExpectedPower" value="14"></item><item title="Power" value="14"></item><item title="TestType" value="Tx"></item><item title="EVM" value="-37,988" result="PASS"></item><item title="FREQERR" value="1,181" result="PASS"></item><item title="SYMCLOCKERR" value="2,6284" result="PASS"></item><item title="POWER" value="13,9153" result="PASS"></item><item title="LOLEAKAGE" value="-34,4865" result="PASS"></item><item title="SPECTRUMMASK" value="20,8453" result="PASS"></item><item title="SPECTRUMMARGIN" value="20,8453" result="PASS"></item></Record><Criteria><item title="Modulation" value="MCS9NSS1"></item><item title="Bandwidth" value="40"></item><item title="Antenna" value="2"></item><item title="Channel" value="132"></item><item title="RfIcTemperature" value="5032"></item><item title="CpuTemperature" value="60"></item><item title="ExpectedPower" value="15"></item><item title="EVM" Max="-32" Min="-100"></item><item title="FREQERR" Max="15" Min="-15"></item><item title="SYMCLOCKERR" Max="20" Min="-100"></item><item title="POWER" Max="16,5" Min="13,5" Avg="15"></item><item title="LOLEAKAGE" Max="-17" Min="-100"></item><item title="SPECTRUMMASK" Max="100" Min="0"></item><item title="SPECTRUMMARGIN" Max="1000" Min="0"></item></Criteria><Record><item title="Modulation" value="MCS9NSS1"></item><item title="Bandwidth" value="40"></item><item title="Channel" value="132"></item><item title="Antenna" value="2"></item><item title="ExpectedPower" value="15"></item><item title="Power" value="15"></item><item title="TestType" value="Tx"></item><item title="EVM" value="-35,3315" result="PASS"></item><item title="FREQERR" value="1,17971" result="PASS"></item><item title="SYMCLOCKERR" value="1,98753" result="PASS"></item><item title="POWER" value="14,6435" result="PASS"></item><item title="LOLEAKAGE" value="-35,7494" result="PASS"></item><item title="SPECTRUMMASK" value="20,6841" result="PASS"></item><item title="SPECTRUMMARGIN" value="20,6841" result="PASS"></item></Record><Criteria><item title="Modulation" value="MCS9NSS1"></item><item title="Bandwidth" value="40"></item><item title="Antenna" value="2"></item><item title="Channel" value="132"></item><item title="RfIcTemperature" value="5032"></item><item title="CpuTemperature" value="60"></item><item title="ExpectedPower" value="16"></item><item title="EVM" Max="-32" Min="-100"></item><item title="FREQERR" Max="15" Min="-15"></item><item title="SYMCLOCKERR" Max="20" Min="-100"></item><item title="POWER" Max="17,5" Min="14,5" Avg="16"></item><item title="LOLEAKAGE" Max="-17" Min="-100"></item><item title="SPECTRUMMASK" Max="100" Min="0"></item><item title="SPECTRUMMARGIN" Max="1000" Min="0"></item></Criteria><Record><item title="Modulation" value="MCS9NSS1"></item><item title="Bandwidth" value="40"></item><item title="Channel" value="132"></item><item title="Antenna" value="2"></item><item title="ExpectedPower" value="16"></item><item title="Power" value="16"></item><item title="TestType" value="Tx"></item><item title="EVM" value="-36,3965" result="PASS"></item><item title="FREQERR" value="1,1835" result="PASS"></item><item title="SYMCLOCKERR" value="2,33463" result="PASS"></item><item title="POWER" value="15,8094" result="PASS"></item><item title="LOLEAKAGE" value="-38,1608" result="PASS"></item><item title="SPECTRUMMASK" value="19,9255" result="PASS"></item><item title="SPECTRUMMARGIN" value="19,9255" result="PASS"></item></Record><Criteria><item title="Modulation" value="MCS9NSS1"></item><item title="Bandwidth" value="40"></item><item title="Antenna" value="2"></item><item title="Channel" value="132"></item><item title="RfIcTemperature" value="5032"></item><item title="CpuTemperature" value="60"></item><item title="ExpectedPower" value="17"></item><item title="EVM" Max="-32" Min="-100"></item><item title="FREQERR" Max="15" Min="-15"></item><item title="SYMCLOCKERR" Max="20" Min="-100"></item><item title="POWER" Max="18,5" Min="15,5" Avg="17"></item><item title="LOLEAKAGE" Max="-17" Min="-100"></item><item title="SPECTRUMMASK" Max="100" Min="0"></item><item title="SPECTRUMMARGIN" Max="1000" Min="0"></item></Criteria><Record><item title="Modulation" value="MCS9NSS1"></item><item title="Bandwidth" value="40"></item><item title="Channel" value="132"></item><item title="Antenna" value="2"></item><item title="ExpectedPower" value="17"></item><item title="Power" value="17"></item><item title="TestType" value="Tx"></item><item title="EVM" value="-36,8336" result="PASS"></item><item title="FREQERR" value="1,18069" result="PASS"></item><item title="SYMCLOCKERR" value="2,84342" result="PASS"></item><item title="POWER" value="16,7834" result="PASS"></item><item title="LOLEAKAGE" value="-37,8947" result="PASS"></item><item title="SPECTRUMMASK" value="20,3695" result="PASS"></item><item title="SPECTRUMMARGIN" value="20,3695" result="PASS"></item></Record><Criteria><item title="Modulation" value="MCS9NSS1"></item><item title="Bandwidth" value="40"></item><item title="Antenna" value="2"></item><item title="Channel" value="132"></item><item title="RfIcTemperature" value="5032"></item><item title="CpuTemperature" value="60"></item><item title="ExpectedPower" value="18"></item><item title="EVM" Max="-32" Min="-100"></item><item title="FREQERR" Max="15" Min="-15"></item><item title="SYMCLOCKERR" Max="20" Min="-100"></item><item title="POWER" Max="19,5" Min="16,5" Avg="18"></item><item title="LOLEAKAGE" Max="-17" Min="-100"></item><item title="SPECTRUMMASK" Max="100" Min="0"></item><item title="SPECTRUMMARGIN" Max="1000" Min="0"></item></Criteria><Record><item title="Modulation" value="MCS9NSS1"></item><item title="Bandwidth" value="40"></item><item title="Channel" value="132"></item><item title="Antenna" value="2"></item><item title="ExpectedPower" value="18"></item><item title="Power" value="18"></item><item title="TestType" value="Tx"></item><item title="EVM" value="-33,8669" result="PASS"></item><item title="FREQERR" value="1,18484" result="PASS"></item><item title="SYMCLOCKERR" value="2,99844" result="PASS"></item><item title="POWER" value="17,9297" result="PASS"></item><item title="LOLEAKAGE" value="-40,6931" result="PASS"></item><item title="SPECTRUMMASK" value="18,6566" result="PASS"></item><item title="SPECTRUMMARGIN" value="18,6566" result="PASS"></item></Record><Criteria><item title="Modulation" value="MCS9NSS1"></item><item title="Bandwidth" value="40"></item><item title="Antenna" value="2"></item><item title="Channel" value="132"></item><item title="RfIcTemperature" value="5032"></item><item title="CpuTemperature" value="60"></item><item title="ExpectedPower" value="19"></item><item title="EVM" Max="-32" Min="-100"></item><item title="FREQERR" Max="15" Min="-15"></item><item title="SYMCLOCKERR" Max="20" Min="-100"></item><item title="POWER" Max="20,5" Min="17,5" Avg="19"></item><item title="LOLEAKAGE" Max="-17" Min="-100"></item><item title="SPECTRUMMASK" Max="100" Min="0"></item><item title="SPECTRUMMARGIN" Max="1000" Min="0"></item></Criteria><Record><item title="Modulation" value="MCS9NSS1"></item><item title="Bandwidth" value="40"></item><item title="Channel" value="132"></item><item title="Antenna" value="2"></item><item title="ExpectedPower" value="19"></item><item title="Power" value="19"></item><item title="TestType" value="Tx"></item><item title="EVM" value="-35,912" result="PASS"></item><item title="FREQERR" value="1,18382" result="PASS"></item><item title="SYMCLOCKERR" value="3,10832" result="PASS"></item><item title="POWER" value="18,8228" result="PASS"></item><item title="LOLEAKAGE" value="-41,6373" result="PASS"></item><item title="SPECTRUMMASK" value="17,797" result="PASS"></item><item title="SPECTRUMMARGIN" value="17,797" result="PASS"></item></Record><Criteria><item title="Modulation" value="MCS9NSS1"></item><item title="Bandwidth" value="40"></item><item title="Antenna" value="2"></item><item title="Channel" value="132"></item><item title="RfIcTemperature" value="5032"></item><item title="CpuTemperature" value="60"></item><item title="ExpectedPower" value="20"></item><item title="EVM" Max="-32" Min="-100"></item><item title="FREQERR" Max="15" Min="-15"></item><item title="SYMCLOCKERR" Max="20" Min="-100"></item><item title="POWER" Max="21,5" Min="18,5" Avg="20"></item><item title="LOLEAKAGE" Max="-17" Min="-100"></item><item title="SPECTRUMMASK" Max="100" Min="0"></item><item title="SPECTRUMMARGIN" Max="1000" Min="0"></item></Criteria><Record><item title="Modulation" value="MCS9NSS1"></item><item title="Bandwidth" value="40"></item><item title="Channel" value="132"></item><item title="Antenna" value="2"></item><item title="ExpectedPower" value="20"></item><item title="Power" value="20"></item><item title="TestType" value="Tx"></item><item title="EVM" value="-34,1048" result="PASS"></item><item title="FREQERR" value="1,17858" result="PASS"></item><item title="SYMCLOCKERR" value="2,57698" result="PASS"></item><item title="POWER" value="19,7878" result="PASS"></item><item title="LOLEAKAGE" value="-51,7551" result="PASS"></item><item title="SPECTRUMMASK" value="16,2702" result="PASS"></item><item title="SPECTRUMMARGIN" value="16,2702" result="PASS"></item></Record><Criteria><item title="Modulation" value="MCS9NSS1"></item><item title="Bandwidth" value="40"></item><item title="Antenna" value="2"></item><item title="Channel" value="132"></item><item title="RfIcTemperature" value="5032"></item><item title="CpuTemperature" value="60"></item><item title="ExpectedPower" value="21"></item><item title="EVM" Max="-32" Min="-100"></item><item title="FREQERR" Max="15" Min="-15"></item><item title="SYMCLOCKERR" Max="20" Min="-100"></item><item title="POWER" Max="22,5" Min="19,5" Avg="21"></item><item title="LOLEAKAGE" Max="-17" Min="-100"></item><item title="SPECTRUMMASK" Max="100" Min="0"></item><item title="SPECTRUMMARGIN" Max="1000" Min="0"></item></Criteria><Record><item title="Modulation" value="MCS9NSS1"></item><item title="Bandwidth" value="40"></item><item title="Channel" value="132"></item><item title="Antenna" value="2"></item><item title="ExpectedPower" value="21"></item><item title="Power" value="21"></item><item title="TestType" value="Tx"></item><item title="EVM" value="-31,6951" result="FAIL"></item><item title="FREQERR" value="1,17851" result="PASS"></item><item title="SYMCLOCKERR" value="2,50667" result="PASS"></item><item title="POWER" value="20,9233" result="PASS"></item><item title="LOLEAKAGE" value="-48,4843" result="PASS"></item><item title="SPECTRUMMASK" value="13,819" result="PASS"></item><item title="SPECTRUMMARGIN" value="13,819" result="PASS"></item></Record><Criteria><item title="Modulation" value="MCS9NSS1"></item><item title="Bandwidth" value="40"></item><item title="Antenna" value="2"></item><item title="Channel" value="132"></item><item title="RfIcTemperature" value="5032"></item><item title="CpuTemperature" value="60"></item><item title="ExpectedPower" value="22"></item><item title="EVM" Max="-32" Min="-100"></item><item title="FREQERR" Max="15" Min="-15"></item><item title="SYMCLOCKERR" Max="20" Min="-100"></item><item title="POWER" Max="23,5" Min="20,5" Avg="22"></item><item title="LOLEAKAGE" Max="-17" Min="-100"></item><item title="SPECTRUMMASK" Max="100" Min="0"></item><item title="SPECTRUMMARGIN" Max="1000" Min="0"></item></Criteria><Record><item title="Modulation" value="MCS9NSS1"></item><item title="Bandwidth" value="40"></item><item title="Channel" value="132"></item><item title="Antenna" value="2"></item><item title="ExpectedPower" value="22"></item><item title="Power" value="22"></item><item title="TestType" value="Tx"></item><item title="EVM" value="-29,1678" result="FAIL"></item><item title="FREQERR" value="1,17867" result="PASS"></item><item title="SYMCLOCKERR" value="3,17487" result="PASS"></item><item title="POWER" value="21,8199" result="PASS"></item><item title="LOLEAKAGE" value="-47,1941" result="PASS"></item><item title="SPECTRUMMASK" value="9,91945" result="PASS"></item><item title="SPECTRUMMARGIN" value="9,91945" result="PASS"></item></Record><Criteria><item title="Modulation" value="MCS9NSS1"></item><item title="Bandwidth" value="40"></item><item title="Antenna" value="2"></item><item title="Channel" value="132"></item><item title="RfIcTemperature" value="5032"></item><item title="CpuTemperature" value="60"></item><item title="ExpectedPower" value="23"></item><item title="EVM" Max="-32" Min="-100"></item><item title="FREQERR" Max="15" Min="-15"></item><item title="SYMCLOCKERR" Max="20" Min="-100"></item><item title="POWER" Max="24,5" Min="21,5" Avg="23"></item><item title="LOLEAKAGE" Max="-17" Min="-100"></item><item title="SPECTRUMMASK" Max="100" Min="0"></item><item title="SPECTRUMMARGIN" Max="1000" Min="0"></item></Criteria><Record><item title="Modulation" value="MCS9NSS1"></item><item title="Bandwidth" value="40"></item><item title="Channel" value="132"></item><item title="Antenna" value="2"></item><item title="ExpectedPower" value="23"></item><item title="Power" value="23"></item><item title="TestType" value="Tx"></item><item title="EVM" value="-25,3254" result="FAIL"></item><item title="FREQERR" value="1,18018" result="PASS"></item><item title="SYMCLOCKERR" value="6,5439" result="PASS"></item><item title="POWER" value="22,8516" result="PASS"></item><item title="LOLEAKAGE" value="-51,1285" result="PASS"></item><item title="SPECTRUMMASK" value="5,33908" result="PASS"></item><item title="SPECTRUMMARGIN" value="5,33908" result="PASS"></item></Record><Criteria><item title="Modulation" value="MCS9NSS1"></item><item title="Bandwidth" value="40"></item><item title="Antenna" value="2"></item><item title="Channel" value="132"></item><item title="RfIcTemperature" value="5032"></item><item title="CpuTemperature" value="60"></item><item title="ExpectedPower" value="24"></item><item title="EVM" Max="-32" Min="-100"></item><item title="FREQERR" Max="15" Min="-15"></item><item title="SYMCLOCKERR" Max="20" Min="-100"></item><item title="POWER" Max="25,5" Min="22,5" Avg="24"></item><item title="LOLEAKAGE" Max="-17" Min="-100"></item><item title="SPECTRUMMASK" Max="100" Min="0"></item><item title="SPECTRUMMARGIN" Max="1000" Min="0"></item></Criteria><Record><item title="Modulation" value="MCS9NSS1"></item><item title="Bandwidth" value="40"></item><item title="Channel" value="132"></item><item title="Antenna" value="2"></item><item title="ExpectedPower" value="24"></item><item title="Power" value="24"></item><item title="TestType" value="Tx"></item><item title="EVM" value="-23,7457" result="FAIL"></item><item title="FREQERR" value="1,16823" result="PASS"></item><item title="SYMCLOCKERR" value="0,695256" result="PASS"></item><item title="POWER" value="23,9448" result="PASS"></item><item title="LOLEAKAGE" value="-49,7693" result="PASS"></item><item title="SPECTRUMMASK" value="2,34053" result="PASS"></item><item title="SPECTRUMMARGIN" value="2,34053" result="PASS"></item></Record><Criteria><item title="Modulation" value="MCS9NSS1"></item><item title="Bandwidth" value="40"></item><item title="Antenna" value="2"></item><item title="Channel" value="132"></item><item title="RfIcTemperature" value="5032"></item><item title="CpuTemperature" value="60"></item><item title="ExpectedPower" value="25"></item><item title="EVM" Max="-32" Min="-100"></item><item title="FREQERR" Max="15" Min="-15"></item><item title="SYMCLOCKERR" Max="20" Min="-100"></item><item title="POWER" Max="26,5" Min="23,5" Avg="25"></item><item title="LOLEAKAGE" Max="-17" Min="-100"></item><item title="SPECTRUMMASK" Max="100" Min="0"></item><item title="SPECTRUMMARGIN" Max="1000" Min="0"></item></Criteria><Record><item title="Modulation" value="MCS9NSS1"></item><item title="Bandwidth" value="40"></item><item title="Channel" value="132"></item><item title="Antenna" value="2"></item><item title="ExpectedPower" value="25"></item><item title="Power" value="25"></item><item title="TestType" value="Tx"></item><item title="EVM" value="-22,7619" result="FAIL"></item><item title="FREQERR" value="1,18005" result="PASS"></item><item title="SYMCLOCKERR" value="5,37269" result="PASS"></item><item title="POWER" value="24,9082" result="PASS"></item><item title="LOLEAKAGE" value="-51,0942" result="PASS"></item><item title="SPECTRUMMASK" value="-2,04314" result="FAIL"></item><item title="SPECTRUMMARGIN" value="-2,04314" result="FAIL"></item></Record><Criteria><item title="Modulation" value="MCS9NSS1"></item><item title="Bandwidth" value="40"></item><item title="Antenna" value="3"></item><item title="Channel" value="132"></item><item title="RfIcTemperature" value="5032"></item><item title="CpuTemperature" value="60"></item><item title="ExpectedPower" value="10"></item><item title="EVM" Max="-32" Min="-100"></item><item title="FREQERR" Max="15" Min="-15"></item><item title="SYMCLOCKERR" Max="20" Min="-100"></item><item title="POWER" Max="11,5" Min="8,5" Avg="10"></item><item title="LOLEAKAGE" Max="-17" Min="-100"></item><item title="SPECTRUMMASK" Max="100" Min="0"></item><item title="SPECTRUMMARGIN" Max="1000" Min="0"></item></Criteria><Record><item title="Modulation" value="MCS9NSS1"></item><item title="Bandwidth" value="40"></item><item title="Channel" value="132"></item><item title="Antenna" value="3"></item><item title="ExpectedPower" value="10"></item><item title="Power" value="10"></item><item title="TestType" value="Tx"></item><item title="EVM" value="-38,5391" result="PASS"></item><item title="FREQERR" value="1,17993" result="PASS"></item><item title="SYMCLOCKERR" value="1,39607" result="PASS"></item><item title="POWER" value="8,50726" result="PASS"></item><item title="LOLEAKAGE" value="-29,539" result="PASS"></item><item title="SPECTRUMMASK" value="21,0938" result="PASS"></item><item title="SPECTRUMMARGIN" value="21,0938" result="PASS"></item></Record><Criteria><item title="Modulation" value="MCS9NSS1"></item><item title="Bandwidth" value="40"></item><item title="Antenna" value="3"></item><item title="Channel" value="132"></item><item title="RfIcTemperature" value="5032"></item><item title="CpuTemperature" value="60"></item><item title="ExpectedPower" value="11"></item><item title="EVM" Max="-32" Min="-100"></item><item title="FREQERR" Max="15" Min="-15"></item><item title="SYMCLOCKERR" Max="20" Min="-100"></item><item title="POWER" Max="12,5" Min="9,5" Avg="11"></item><item title="LOLEAKAGE" Max="-17" Min="-100"></item><item title="SPECTRUMMASK" Max="100" Min="0"></item><item title="SPECTRUMMARGIN" Max="1000" Min="0"></item></Criteria><Record><item title="Modulation" value="MCS9NSS1"></item><item title="Bandwidth" value="40"></item><item title="Channel" value="132"></item><item title="Antenna" value="3"></item><item title="ExpectedPower" value="11"></item><item title="Power" value="11"></item><item title="TestType" value="Tx"></item><item title="EVM" value="-37,3218" result="PASS"></item><item title="FREQERR" value="1,17905" result="PASS"></item><item title="SYMCLOCKERR" value="1,41867" result="PASS"></item><item title="POWER" value="9,94466" result="PASS"></item><item title="LOLEAKAGE" value="-29,217" result="PASS"></item><item title="SPECTRUMMASK" value="21,052" result="PASS"></item><item title="SPECTRUMMARGIN" value="21,052" result="PASS"></item></Record><Criteria><item title="Modulation" value="MCS9NSS1"></item><item title="Bandwidth" value="40"></item><item title="Antenna" value="3"></item><item title="Channel" value="132"></item><item title="RfIcTemperature" value="5032"></item><item title="CpuTemperature" value="60"></item><item title="ExpectedPower" value="12"></item><item title="EVM" Max="-32" Min="-100"></item><item title="FREQERR" Max="15" Min="-15"></item><item title="SYMCLOCKERR" Max="20" Min="-100"></item><item title="POWER" Max="13,5" Min="10,5" Avg="12"></item><item title="LOLEAKAGE" Max="-17" Min="-100"></item><item title="SPECTRUMMASK" Max="100" Min="0"></item><item title="SPECTRUMMARGIN" Max="1000" Min="0"></item></Criteria><Record><item title="Modulation" value="MCS9NSS1"></item><item title="Bandwidth" value="40"></item><item title="Channel" value="132"></item><item title="Antenna" value="3"></item><item title="ExpectedPower" value="12"></item><item title="Power" value="12"></item><item title="TestType" value="Tx"></item><item title="EVM" value="-37,1059" result="PASS"></item><item title="FREQERR" value="1,18247" result="PASS"></item><item title="SYMCLOCKERR" value="1,43141" result="PASS"></item><item title="POWER" value="11,0516" result="PASS"></item><item title="LOLEAKAGE" value="-29,0273" result="PASS"></item><item title="SPECTRUMMASK" value="23,0717" result="PASS"></item><item title="SPECTRUMMARGIN" value="23,0717" result="PASS"></item></Record><Criteria><item title="Modulation" value="MCS9NSS1"></item><item title="Bandwidth" value="40"></item><item title="Antenna" value="3"></item><item title="Channel" value="132"></item><item title="RfIcTemperature" value="5032"></item><item title="CpuTemperature" value="60"></item><item title="ExpectedPower" value="13"></item><item title="EVM" Max="-32" Min="-100"></item><item title="FREQERR" Max="15" Min="-15"></item><item title="SYMCLOCKERR" Max="20" Min="-100"></item><item title="POWER" Max="14,5" Min="11,5" Avg="13"></item><item title="LOLEAKAGE" Max="-17" Min="-100"></item><item title="SPECTRUMMASK" Max="100" Min="0"></item><item title="SPECTRUMMARGIN" Max="1000" Min="0"></item></Criteria><Record><item title="Modulation" value="MCS9NSS1"></item><item title="Bandwidth" value="40"></item><item title="Channel" value="132"></item><item title="Antenna" value="3"></item><item title="ExpectedPower" value="13"></item><item title="Power" value="13"></item><item title="TestType" value="Tx"></item><item title="EVM" value="-38,5809" result="PASS"></item><item title="FREQERR" value="1,18262" result="PASS"></item><item title="SYMCLOCKERR" value="0,235891" result="PASS"></item><item title="POWER" value="12,3003" result="PASS"></item><item title="LOLEAKAGE" value="-31,0122" result="PASS"></item><item title="SPECTRUMMASK" value="20,6271" result="PASS"></item><item title="SPECTRUMMARGIN" value="20,6271" result="PASS"></item></Record><Criteria><item title="Modulation" value="MCS9NSS1"></item><item title="Bandwidth" value="40"></item><item title="Antenna" value="3"></item><item title="Channel" value="132"></item><item title="RfIcTemperature" value="5032"></item><item title="CpuTemperature" value="60"></item><item title="ExpectedPower" value="14"></item><item title="EVM" Max="-32" Min="-100"></item><item title="FREQERR" Max="15" Min="-15"></item><item title="SYMCLOCKERR" Max="20" Min="-100"></item><item title="POWER" Max="15,5" Min="12,5" Avg="14"></item><item title="LOLEAKAGE" Max="-17" Min="-100"></item><item title="SPECTRUMMASK" Max="100" Min="0"></item><item title="SPECTRUMMARGIN" Max="1000" Min="0"></item></Criteria><Record><item title="Modulation" value="MCS9NSS1"></item><item title="Bandwidth" value="40"></item><item title="Channel" value="132"></item><item title="Antenna" value="3"></item><item title="ExpectedPower" value="14"></item><item title="Power" value="14"></item><item title="TestType" value="Tx"></item><item title="EVM" value="-38,7035" result="PASS"></item><item title="FREQERR" value="1,18762" result="PASS"></item><item title="SYMCLOCKERR" value="1,95302" result="PASS"></item><item title="POWER" value="13,3504" result="PASS"></item><item title="LOLEAKAGE" value="-30,4019" result="PASS"></item><item title="SPECTRUMMASK" value="21,6118" result="PASS"></item><item title="SPECTRUMMARGIN" value="21,6118" result="PASS"></item></Record><Criteria><item title="Modulation" value="MCS9NSS1"></item><item title="Bandwidth" value="40"></item><item title="Antenna" value="3"></item><item title="Channel" value="132"></item><item title="RfIcTemperature" value="5032"></item><item title="CpuTemperature" value="60"></item><item title="ExpectedPower" value="15"></item><item title="EVM" Max="-32" Min="-100"></item><item title="FREQERR" Max="15" Min="-15"></item><item title="SYMCLOCKERR" Max="20" Min="-100"></item><item title="POWER" Max="16,5" Min="13,5" Avg="15"></item><item title="LOLEAKAGE" Max="-17" Min="-100"></item><item title="SPECTRUMMASK" Max="100" Min="0"></item><item title="SPECTRUMMARGIN" Max="1000" Min="0"></item></Criteria><Record><item title="Modulation" value="MCS9NSS1"></item><item title="Bandwidth" value="40"></item><item title="Channel" value="132"></item><item title="Antenna" value="3"></item><item title="ExpectedPower" value="15"></item><item title="Power" value="15"></item><item title="TestType" value="Tx"></item><item title="EVM" value="-37,3841" result="PASS"></item><item title="FREQERR" value="1,18974" result="PASS"></item><item title="SYMCLOCKERR" value="1,27537" result="PASS"></item><item title="POWER" value="14,1808" result="PASS"></item><item title="LOLEAKAGE" value="-30,6192" result="PASS"></item><item title="SPECTRUMMASK" value="21,5237" result="PASS"></item><item title="SPECTRUMMARGIN" value="21,5237" result="PASS"></item></Record><Criteria><item title="Modulation" value="MCS9NSS1"></item><item title="Bandwidth" value="40"></item><item title="Antenna" value="3"></item><item title="Channel" value="132"></item><item title="RfIcTemperature" value="5032"></item><item title="CpuTemperature" value="60"></item><item title="ExpectedPower" value="16"></item><item title="EVM" Max="-32" Min="-100"></item><item title="FREQERR" Max="15" Min="-15"></item><item title="SYMCLOCKERR" Max="20" Min="-100"></item><item title="POWER" Max="17,5" Min="14,5" Avg="16"></item><item title="LOLEAKAGE" Max="-17" Min="-100"></item><item title="SPECTRUMMASK" Max="100" Min="0"></item><item title="SPECTRUMMARGIN" Max="1000" Min="0"></item></Criteria><Record><item title="Modulation" value="MCS9NSS1"></item><item title="Bandwidth" value="40"></item><item title="Channel" value="132"></item><item title="Antenna" value="3"></item><item title="ExpectedPower" value="16"></item><item title="Power" value="16"></item><item title="TestType" value="Tx"></item><item title="EVM" value="-37,7775" result="PASS"></item><item title="FREQERR" value="1,18545" result="PASS"></item><item title="SYMCLOCKERR" value="1,40881" result="PASS"></item><item title="POWER" value="15,4062" result="PASS"></item><item title="LOLEAKAGE" value="-35,6898" result="PASS"></item><item title="SPECTRUMMASK" value="19,4976" result="PASS"></item><item title="SPECTRUMMARGIN" value="19,4976" result="PASS"></item></Record><Criteria><item title="Modulation" value="MCS9NSS1"></item><item title="Bandwidth" value="40"></item><item title="Antenna" value="3"></item><item title="Channel" value="132"></item><item title="RfIcTemperature" value="5032"></item><item title="CpuTemperature" value="60"></item><item title="ExpectedPower" value="17"></item><item title="EVM" Max="-32" Min="-100"></item><item title="FREQERR" Max="15" Min="-15"></item><item title="SYMCLOCKERR" Max="20" Min="-100"></item><item title="POWER" Max="18,5" Min="15,5" Avg="17"></item><item title="LOLEAKAGE" Max="-17" Min="-100"></item><item title="SPECTRUMMASK" Max="100" Min="0"></item><item title="SPECTRUMMARGIN" Max="1000" Min="0"></item></Criteria><Record><item title="Modulation" value="MCS9NSS1"></item><item title="Bandwidth" value="40"></item><item title="Channel" value="132"></item><item title="Antenna" value="3"></item><item title="ExpectedPower" value="17"></item><item title="Power" value="17"></item><item title="TestType" value="Tx"></item><item title="EVM" value="-38,9918" result="PASS"></item><item title="FREQERR" value="1,19005" result="PASS"></item><item title="SYMCLOCKERR" value="0,74777" result="PASS"></item><item title="POWER" value="16,2938" result="PASS"></item><item title="LOLEAKAGE" value="-36,2613" result="PASS"></item><item title="SPECTRUMMASK" value="20,5229" result="PASS"></item><item title="SPECTRUMMARGIN" value="20,5229" result="PASS"></item></Record><Criteria><item title="Modulation" value="MCS9NSS1"></item><item title="Bandwidth" value="40"></item><item title="Antenna" value="3"></item><item title="Channel" value="132"></item><item title="RfIcTemperature" value="5032"></item><item title="CpuTemperature" value="60"></item><item title="ExpectedPower" value="18"></item><item title="EVM" Max="-32" Min="-100"></item><item title="FREQERR" Max="15" Min="-15"></item><item title="SYMCLOCKERR" Max="20" Min="-100"></item><item title="POWER" Max="19,5" Min="16,5" Avg="18"></item><item title="LOLEAKAGE" Max="-17" Min="-100"></item><item title="SPECTRUMMASK" Max="100" Min="0"></item><item title="SPECTRUMMARGIN" Max="1000" Min="0"></item></Criteria><Record><item title="Modulation" value="MCS9NSS1"></item><item title="Bandwidth" value="40"></item><item title="Channel" value="132"></item><item title="Antenna" value="3"></item><item title="ExpectedPower" value="18"></item><item title="Power" value="18"></item><item title="TestType" value="Tx"></item><item title="EVM" value="-37,9092" result="PASS"></item><item title="FREQERR" value="1,19091" result="PASS"></item><item title="SYMCLOCKERR" value="1,11726" result="PASS"></item><item title="POWER" value="17,4895" result="PASS"></item><item title="LOLEAKAGE" value="-36,1191" result="PASS"></item><item title="SPECTRUMMASK" value="20,5776" result="PASS"></item><item title="SPECTRUMMARGIN" value="20,5776" result="PASS"></item></Record><Criteria><item title="Modulation" value="MCS9NSS1"></item><item title="Bandwidth" value="40"></item><item title="Antenna" value="3"></item><item title="Channel" value="132"></item><item title="RfIcTemperature" value="5032"></item><item title="CpuTemperature" value="60"></item><item title="ExpectedPower" value="19"></item><item title="EVM" Max="-32" Min="-100"></item><item title="FREQERR" Max="15" Min="-15"></item><item title="SYMCLOCKERR" Max="20" Min="-100"></item><item title="POWER" Max="20,5" Min="17,5" Avg="19"></item><item title="LOLEAKAGE" Max="-17" Min="-100"></item><item title="SPECTRUMMASK" Max="100" Min="0"></item><item title="SPECTRUMMARGIN" Max="1000" Min="0"></item></Criteria><Record><item title="Modulation" value="MCS9NSS1"></item><item title="Bandwidth" value="40"></item><item title="Channel" value="132"></item><item title="Antenna" value="3"></item><item title="ExpectedPower" value="19"></item><item title="Power" value="19"></item><item title="TestType" value="Tx"></item><item title="EVM" value="-35,4097" result="PASS"></item><item title="FREQERR" value="1,18994" result="PASS"></item><item title="SYMCLOCKERR" value="1,67636" result="PASS"></item><item title="POWER" value="18,4236" result="PASS"></item><item title="LOLEAKAGE" value="-42,9194" result="PASS"></item><item title="SPECTRUMMASK" value="16,303" result="PASS"></item><item title="SPECTRUMMARGIN" value="16,303" result="PASS"></item></Record><Criteria><item title="Modulation" value="MCS9NSS1"></item><item title="Bandwidth" value="40"></item><item title="Antenna" value="3"></item><item title="Channel" value="132"></item><item title="RfIcTemperature" value="5032"></item><item title="CpuTemperature" value="60"></item><item title="ExpectedPower" value="20"></item><item title="EVM" Max="-32" Min="-100"></item><item title="FREQERR" Max="15" Min="-15"></item><item title="SYMCLOCKERR" Max="20" Min="-100"></item><item title="POWER" Max="21,5" Min="18,5" Avg="20"></item><item title="LOLEAKAGE" Max="-17" Min="-100"></item><item title="SPECTRUMMASK" Max="100" Min="0"></item><item title="SPECTRUMMARGIN" Max="1000" Min="0"></item></Criteria><Record><item title="Modulation" value="MCS9NSS1"></item><item title="Bandwidth" value="40"></item><item title="Channel" value="132"></item><item title="Antenna" value="3"></item><item title="ExpectedPower" value="20"></item><item title="Power" value="20"></item><item title="TestType" value="Tx"></item><item title="EVM" value="-34,1582" result="PASS"></item><item title="FREQERR" value="1,19084" result="PASS"></item><item title="SYMCLOCKERR" value="1,51322" result="PASS"></item><item title="POWER" value="19,5398" result="PASS"></item><item title="LOLEAKAGE" value="-40,5731" result="PASS"></item><item title="SPECTRUMMASK" value="12,3417" result="PASS"></item><item title="SPECTRUMMARGIN" value="12,3417" result="PASS"></item></Record><Criteria><item title="Modulation" value="MCS9NSS1"></item><item title="Bandwidth" value="40"></item><item title="Antenna" value="3"></item><item title="Channel" value="132"></item><item title="RfIcTemperature" value="5032"></item><item title="CpuTemperature" value="60"></item><item title="ExpectedPower" value="21"></item><item title="EVM" Max="-32" Min="-100"></item><item title="FREQERR" Max="15" Min="-15"></item><item title="SYMCLOCKERR" Max="20" Min="-100"></item><item title="POWER" Max="22,5" Min="19,5" Avg="21"></item><item title="LOLEAKAGE" Max="-17" Min="-100"></item><item title="SPECTRUMMASK" Max="100" Min="0"></item><item title="SPECTRUMMARGIN" Max="1000" Min="0"></item></Criteria><Record><item title="Modulation" value="MCS9NSS1"></item><item title="Bandwidth" value="40"></item><item title="Channel" value="132"></item><item title="Antenna" value="3"></item><item title="ExpectedPower" value="21"></item><item title="Power" value="21"></item><item title="TestType" value="Tx"></item><item title="EVM" value="-28,7793" result="FAIL"></item><item title="FREQERR" value="1,18706" result="PASS"></item><item title="SYMCLOCKERR" value="0,532665" result="PASS"></item><item title="POWER" value="20,4769" result="PASS"></item><item title="LOLEAKAGE" value="-61,1097" result="PASS"></item><item title="SPECTRUMMASK" value="8,90547" result="PASS"></item><item title="SPECTRUMMARGIN" value="8,90547" result="PASS"></item></Record><Criteria><item title="Modulation" value="MCS9NSS1"></item><item title="Bandwidth" value="40"></item><item title="Antenna" value="3"></item><item title="Channel" value="132"></item><item title="RfIcTemperature" value="5032"></item><item title="CpuTemperature" value="60"></item><item title="ExpectedPower" value="22"></item><item title="EVM" Max="-32" Min="-100"></item><item title="FREQERR" Max="15" Min="-15"></item><item title="SYMCLOCKERR" Max="20" Min="-100"></item><item title="POWER" Max="23,5" Min="20,5" Avg="22"></item><item title="LOLEAKAGE" Max="-17" Min="-100"></item><item title="SPECTRUMMASK" Max="100" Min="0"></item><item title="SPECTRUMMARGIN" Max="1000" Min="0"></item></Criteria><Record><item title="Modulation" value="MCS9NSS1"></item><item title="Bandwidth" value="40"></item><item title="Channel" value="132"></item><item title="Antenna" value="3"></item><item title="ExpectedPower" value="22"></item><item title="Power" value="22"></item><item title="TestType" value="Tx"></item><item title="EVM" value="-26,6637" result="FAIL"></item><item title="FREQERR" value="1,1847" result="PASS"></item><item title="SYMCLOCKERR" value="2,98355" result="PASS"></item><item title="POWER" value="21,4564" result="PASS"></item><item title="LOLEAKAGE" value="-44,7734" result="PASS"></item><item title="SPECTRUMMASK" value="5,26707" result="PASS"></item><item title="SPECTRUMMARGIN" value="5,26707" result="PASS"></item></Record><Criteria><item title="Modulation" value="MCS9NSS1"></item><item title="Bandwidth" value="40"></item><item title="Antenna" value="3"></item><item title="Channel" value="132"></item><item title="RfIcTemperature" value="5032"></item><item title="CpuTemperature" value="60"></item><item title="ExpectedPower" value="23"></item><item title="EVM" Max="-32" Min="-100"></item><item title="FREQERR" Max="15" Min="-15"></item><item title="SYMCLOCKERR" Max="20" Min="-100"></item><item title="POWER" Max="24,5" Min="21,5" Avg="23"></item><item title="LOLEAKAGE" Max="-17" Min="-100"></item><item title="SPECTRUMMASK" Max="100" Min="0"></item><item title="SPECTRUMMARGIN" Max="1000" Min="0"></item></Criteria><Record><item title="Modulation" value="MCS9NSS1"></item><item title="Bandwidth" value="40"></item><item title="Channel" value="132"></item><item title="Antenna" value="3"></item><item title="ExpectedPower" value="23"></item><item title="Power" value="23"></item><item title="TestType" value="Tx"></item><item title="EVM" value="-24" result="FAIL"></item><item title="FREQERR" value="1,20511" result="PASS"></item><item title="SYMCLOCKERR" value="1,33316" result="PASS"></item><item title="POWER" value="22,4152" result="PASS"></item><item title="LOLEAKAGE" value="-42,3802" result="PASS"></item><item title="SPECTRUMMASK" value="2,18161" result="PASS"></item><item title="SPECTRUMMARGIN" value="2,18161" result="PASS"></item></Record><Criteria><item title="Modulation" value="MCS9NSS1"></item><item title="Bandwidth" value="40"></item><item title="Antenna" value="3"></item><item title="Channel" value="132"></item><item title="RfIcTemperature" value="5032"></item><item title="CpuTemperature" value="60"></item><item title="ExpectedPower" value="24"></item><item title="EVM" Max="-32" Min="-100"></item><item title="FREQERR" Max="15" Min="-15"></item><item title="SYMCLOCKERR" Max="20" Min="-100"></item><item title="POWER" Max="25,5" Min="22,5" Avg="24"></item><item title="LOLEAKAGE" Max="-17" Min="-100"></item><item title="SPECTRUMMASK" Max="100" Min="0"></item><item title="SPECTRUMMARGIN" Max="1000" Min="0"></item></Criteria><Record><item title="Modulation" value="MCS9NSS1"></item><item title="Bandwidth" value="40"></item><item title="Channel" value="132"></item><item title="Antenna" value="3"></item><item title="ExpectedPower" value="24"></item><item title="Power" value="24"></item><item title="TestType" value="Tx"></item><item title="EVM" value="-22,7674" result="FAIL"></item><item title="FREQERR" value="1,18853" result="PASS"></item><item title="SYMCLOCKERR" value="2,5645" result="PASS"></item><item title="POWER" value="23,3235" result="PASS"></item><item title="LOLEAKAGE" value="-40,9265" result="PASS"></item><item title="SPECTRUMMASK" value="-0,193253" result="FAIL"></item><item title="SPECTRUMMARGIN" value="-0,193253" result="FAIL"></item></Record><Criteria><item title="Modulation" value="MCS9NSS1"></item><item title="Bandwidth" value="40"></item><item title="Antenna" value="3"></item><item title="Channel" value="132"></item><item title="RfIcTemperature" value="5032"></item><item title="CpuTemperature" value="60"></item><item title="ExpectedPower" value="25"></item><item title="EVM" Max="-32" Min="-100"></item><item title="FREQERR" Max="15" Min="-15"></item><item title="SYMCLOCKERR" Max="20" Min="-100"></item><item title="POWER" Max="26,5" Min="23,5" Avg="25"></item><item title="LOLEAKAGE" Max="-17" Min="-100"></item><item title="SPECTRUMMASK" Max="100" Min="0"></item><item title="SPECTRUMMARGIN" Max="1000" Min="0"></item></Criteria><Record><item title="Modulation" value="MCS9NSS1"></item><item title="Bandwidth" value="40"></item><item title="Channel" value="132"></item><item title="Antenna" value="3"></item><item title="ExpectedPower" value="25"></item><item title="Power" value="25"></item><item title="TestType" value="Tx"></item><item title="EVM" value="-21,8453" result="FAIL"></item><item title="FREQERR" value="1,18263" result="PASS"></item><item title="SYMCLOCKERR" value="-1,53314" result="PASS"></item><item title="POWER" value="24,2997" result="PASS"></item><item title="LOLEAKAGE" value="-41,2994" result="PASS"></item><item title="SPECTRUMMASK" value="-4,97801" result="FAIL"></item><item title="SPECTRUMMARGIN" value="-4,97801" result="FAIL"></item></Record><Criteria><item title="Modulation" value="MCS9NSS1"></item><item title="Bandwidth" value="40"></item><item title="Antenna" value="0"></item><item title="Channel" value="149"></item><item title="RfIcTemperature" value="5032"></item><item title="CpuTemperature" value="60"></item><item title="ExpectedPower" value="10"></item><item title="EVM" Max="-32" Min="-100"></item><item title="FREQERR" Max="15" Min="-15"></item><item title="SYMCLOCKERR" Max="20" Min="-100"></item><item title="POWER" Max="11,5" Min="8,5" Avg="10"></item><item title="LOLEAKAGE" Max="-17" Min="-100"></item><item title="SPECTRUMMASK" Max="100" Min="0"></item><item title="SPECTRUMMARGIN" Max="1000" Min="0"></item></Criteria><Record><item title="Modulation" value="MCS9NSS1"></item><item title="Bandwidth" value="40"></item><item title="Channel" value="149"></item><item title="Antenna" value="0"></item><item title="ExpectedPower" value="10"></item><item title="Power" value="10"></item><item title="TestType" value="Tx"></item><item title="EVM" value="-34,4199" result="PASS"></item><item title="FREQERR" value="-2,30995" result="PASS"></item><item title="SYMCLOCKERR" value="-1,90864" result="PASS"></item><item title="POWER" value="9,66614" result="PASS"></item><item title="LOLEAKAGE" value="-30,4669" result="PASS"></item><item title="SPECTRUMMASK" value="21,2541" result="PASS"></item><item title="SPECTRUMMARGIN" value="21,2541" result="PASS"></item></Record><Criteria><item title="Modulation" value="MCS9NSS1"></item><item title="Bandwidth" value="40"></item><item title="Antenna" value="0"></item><item title="Channel" value="149"></item><item title="RfIcTemperature" value="5032"></item><item title="CpuTemperature" value="60"></item><item title="ExpectedPower" value="11"></item><item title="EVM" Max="-32" Min="-100"></item><item title="FREQERR" Max="15" Min="-15"></item><item title="SYMCLOCKERR" Max="20" Min="-100"></item><item title="POWER" Max="12,5" Min="9,5" Avg="11"></item><item title="LOLEAKAGE" Max="-17" Min="-100"></item><item title="SPECTRUMMASK" Max="100" Min="0"></item><item title="SPECTRUMMARGIN" Max="1000" Min="0"></item></Criteria><Record><item title="Modulation" value="MCS9NSS1"></item><item title="Bandwidth" value="40"></item><item title="Channel" value="149"></item><item title="Antenna" value="0"></item><item title="ExpectedPower" value="11"></item><item title="Power" value="11"></item><item title="TestType" value="Tx"></item><item title="EVM" value="-36,3555" result="PASS"></item><item title="FREQERR" value="-2,30649" result="PASS"></item><item title="SYMCLOCKERR" value="-1,56262" result="PASS"></item><item title="POWER" value="10,9455" result="PASS"></item><item title="LOLEAKAGE" value="-31,8409" result="PASS"></item><item title="SPECTRUMMASK" value="20,3827" result="PASS"></item><item title="SPECTRUMMARGIN" value="20,3827" result="PASS"></item></Record><Criteria><item title="Modulation" value="MCS9NSS1"></item><item title="Bandwidth" value="40"></item><item title="Antenna" value="0"></item><item title="Channel" value="149"></item><item title="RfIcTemperature" value="5032"></item><item title="CpuTemperature" value="60"></item><item title="ExpectedPower" value="12"></item><item title="EVM" Max="-32" Min="-100"></item><item title="FREQERR" Max="15" Min="-15"></item><item title="SYMCLOCKERR" Max="20" Min="-100"></item><item title="POWER" Max="13,5" Min="10,5" Avg="12"></item><item title="LOLEAKAGE" Max="-17" Min="-100"></item><item title="SPECTRUMMASK" Max="100" Min="0"></item><item title="SPECTRUMMARGIN" Max="1000" Min="0"></item></Criteria><Record><item title="Modulation" value="MCS9NSS1"></item><item title="Bandwidth" value="40"></item><item title="Channel" value="149"></item><item title="Antenna" value="0"></item><item title="ExpectedPower" value="12"></item><item title="Power" value="12"></item><item title="TestType" value="Tx"></item><item title="EVM" value="-36,9511" result="PASS"></item><item title="FREQERR" value="-2,30202" result="PASS"></item><item title="SYMCLOCKERR" value="-1,75694" result="PASS"></item><item title="POWER" value="11,8685" result="PASS"></item><item title="LOLEAKAGE" value="-31,6594" result="PASS"></item><item title="SPECTRUMMASK" value="20,2586" result="PASS"></item><item title="SPECTRUMMARGIN" value="20,2586" result="PASS"></item></Record><Criteria><item title="Modulation" value="MCS9NSS1"></item><item title="Bandwidth" value="40"></item><item title="Antenna" value="0"></item><item title="Channel" value="149"></item><item title="RfIcTemperature" value="5032"></item><item title="CpuTemperature" value="60"></item><item title="ExpectedPower" value="13"></item><item title="EVM" Max="-32" Min="-100"></item><item title="FREQERR" Max="15" Min="-15"></item><item title="SYMCLOCKERR" Max="20" Min="-100"></item><item title="POWER" Max="14,5" Min="11,5" Avg="13"></item><item title="LOLEAKAGE" Max="-17" Min="-100"></item><item title="SPECTRUMMASK" Max="100" Min="0"></item><item title="SPECTRUMMARGIN" Max="1000" Min="0"></item></Criteria><Record><item title="Modulation" value="MCS9NSS1"></item><item title="Bandwidth" value="40"></item><item title="Channel" value="149"></item><item title="Antenna" value="0"></item><item title="ExpectedPower" value="13"></item><item title="Power" value="13"></item><item title="TestType" value="Tx"></item><item title="EVM" value="-34,7358" result="PASS"></item><item title="FREQERR" value="-2,30361" result="PASS"></item><item title="SYMCLOCKERR" value="-1,6255" result="PASS"></item><item title="POWER" value="12,9135" result="PASS"></item><item title="LOLEAKAGE" value="-36,1754" result="PASS"></item><item title="SPECTRUMMASK" value="20,6667" result="PASS"></item><item title="SPECTRUMMARGIN" value="20,6667" result="PASS"></item></Record><Criteria><item title="Modulation" value="MCS9NSS1"></item><item title="Bandwidth" value="40"></item><item title="Antenna" value="0"></item><item title="Channel" value="149"></item><item title="RfIcTemperature" value="5032"></item><item title="CpuTemperature" value="60"></item><item title="ExpectedPower" value="14"></item><item title="EVM" Max="-32" Min="-100"></item><item title="FREQERR" Max="15" Min="-15"></item><item title="SYMCLOCKERR" Max="20" Min="-100"></item><item title="POWER" Max="15,5" Min="12,5" Avg="14"></item><item title="LOLEAKAGE" Max="-17" Min="-100"></item><item title="SPECTRUMMASK" Max="100" Min="0"></item><item title="SPECTRUMMARGIN" Max="1000" Min="0"></item></Criteria><Record><item title="Modulation" value="MCS9NSS1"></item><item title="Bandwidth" value="40"></item><item title="Channel" value="149"></item><item title="Antenna" value="0"></item><item title="ExpectedPower" value="14"></item><item title="Power" value="14"></item><item title="TestType" value="Tx"></item><item title="EVM" value="-35,5581" result="PASS"></item><item title="FREQERR" value="-2,29847" result="PASS"></item><item title="SYMCLOCKERR" value="-1,40132" result="PASS"></item><item title="POWER" value="13,939" result="PASS"></item><item title="LOLEAKAGE" value="-36,6987" result="PASS"></item><item title="SPECTRUMMASK" value="21,018" result="PASS"></item><item title="SPECTRUMMARGIN" value="21,018" result="PASS"></item></Record><Criteria><item title="Modulation" value="MCS9NSS1"></item><item title="Bandwidth" value="40"></item><item title="Antenna" value="0"></item><item title="Channel" value="149"></item><item title="RfIcTemperature" value="5032"></item><item title="CpuTemperature" value="60"></item><item title="ExpectedPower" value="15"></item><item title="EVM" Max="-32" Min="-100"></item><item title="FREQERR" Max="15" Min="-15"></item><item title="SYMCLOCKERR" Max="20" Min="-100"></item><item title="POWER" Max="16,5" Min="13,5" Avg="15"></item><item title="LOLEAKAGE" Max="-17" Min="-100"></item><item title="SPECTRUMMASK" Max="100" Min="0"></item><item title="SPECTRUMMARGIN" Max="1000" Min="0"></item></Criteria><Record><item title="Modulation" value="MCS9NSS1"></item><item title="Bandwidth" value="40"></item><item title="Channel" value="149"></item><item title="Antenna" value="0"></item><item title="ExpectedPower" value="15"></item><item title="Power" value="15"></item><item title="TestType" value="Tx"></item><item title="EVM" value="-35,65" result="PASS"></item><item title="FREQERR" value="-2,29748" result="PASS"></item><item title="SYMCLOCKERR" value="-1,75913" result="PASS"></item><item title="POWER" value="14,7196" result="PASS"></item><item title="LOLEAKAGE" value="-36,9624" result="PASS"></item><item title="SPECTRUMMASK" value="20,6992" result="PASS"></item><item title="SPECTRUMMARGIN" value="20,6992" result="PASS"></item></Record><Criteria><item title="Modulation" value="MCS9NSS1"></item><item title="Bandwidth" value="40"></item><item title="Antenna" value="0"></item><item title="Channel" value="149"></item><item title="RfIcTemperature" value="5032"></item><item title="CpuTemperature" value="60"></item><item title="ExpectedPower" value="16"></item><item title="EVM" Max="-32" Min="-100"></item><item title="FREQERR" Max="15" Min="-15"></item><item title="SYMCLOCKERR" Max="20" Min="-100"></item><item title="POWER" Max="17,5" Min="14,5" Avg="16"></item><item title="LOLEAKAGE" Max="-17" Min="-100"></item><item title="SPECTRUMMASK" Max="100" Min="0"></item><item title="SPECTRUMMARGIN" Max="1000" Min="0"></item></Criteria><Record><item title="Modulation" value="MCS9NSS1"></item><item title="Bandwidth" value="40"></item><item title="Channel" value="149"></item><item title="Antenna" value="0"></item><item title="ExpectedPower" value="16"></item><item title="Power" value="16"></item><item title="TestType" value="Tx"></item><item title="EVM" value="-36,9348" result="PASS"></item><item title="FREQERR" value="-2,29266" result="PASS"></item><item title="SYMCLOCKERR" value="-1,81968" result="PASS"></item><item title="POWER" value="15,9192" result="PASS"></item><item title="LOLEAKAGE" value="-40,0049" result="PASS"></item><item title="SPECTRUMMASK" value="21,7947" result="PASS"></item><item title="SPECTRUMMARGIN" value="21,7947" result="PASS"></item></Record><Criteria><item title="Modulation" value="MCS9NSS1"></item><item title="Bandwidth" value="40"></item><item title="Antenna" value="0"></item><item title="Channel" value="149"></item><item title="RfIcTemperature" value="5032"></item><item title="CpuTemperature" value="60"></item><item title="ExpectedPower" value="17"></item><item title="EVM" Max="-32" Min="-100"></item><item title="FREQERR" Max="15" Min="-15"></item><item title="SYMCLOCKERR" Max="20" Min="-100"></item><item title="POWER" Max="18,5" Min="15,5" Avg="17"></item><item title="LOLEAKAGE" Max="-17" Min="-100"></item><item title="SPECTRUMMASK" Max="100" Min="0"></item><item title="SPECTRUMMARGIN" Max="1000" Min="0"></item></Criteria><Record><item title="Modulation" value="MCS9NSS1"></item><item title="Bandwidth" value="40"></item><item title="Channel" value="149"></item><item title="Antenna" value="0"></item><item title="ExpectedPower" value="17"></item><item title="Power" value="17"></item><item title="TestType" value="Tx"></item><item title="EVM" value="-35,6337" result="PASS"></item><item title="FREQERR" value="-2,29359" result="PASS"></item><item title="SYMCLOCKERR" value="-1,3571" result="PASS"></item><item title="POWER" value="16,6725" result="PASS"></item><item title="LOLEAKAGE" value="-43,5909" result="PASS"></item><item title="SPECTRUMMASK" value="21,0122" result="PASS"></item><item title="SPECTRUMMARGIN" value="21,0122" result="PASS"></item></Record><Criteria><item title="Modulation" value="MCS9NSS1"></item><item title="Bandwidth" value="40"></item><item title="Antenna" value="0"></item><item title="Channel" value="149"></item><item title="RfIcTemperature" value="5032"></item><item title="CpuTemperature" value="60"></item><item title="ExpectedPower" value="18"></item><item title="EVM" Max="-32" Min="-100"></item><item title="FREQERR" Max="15" Min="-15"></item><item title="SYMCLOCKERR" Max="20" Min="-100"></item><item title="POWER" Max="19,5" Min="16,5" Avg="18"></item><item title="LOLEAKAGE" Max="-17" Min="-100"></item><item title="SPECTRUMMASK" Max="100" Min="0"></item><item title="SPECTRUMMARGIN" Max="1000" Min="0"></item></Criteria><Record><item title="Modulation" value="MCS9NSS1"></item><item title="Bandwidth" value="40"></item><item title="Channel" value="149"></item><item title="Antenna" value="0"></item><item title="ExpectedPower" value="18"></item><item title="Power" value="18"></item><item title="TestType" value="Tx"></item><item title="EVM" value="-37,274" result="PASS"></item><item title="FREQERR" value="-2,29611" result="PASS"></item><item title="SYMCLOCKERR" value="-1,57708" result="PASS"></item><item title="POWER" value="17,8284" result="PASS"></item><item title="LOLEAKAGE" value="-45,1368" result="PASS"></item><item title="SPECTRUMMASK" value="19,8104" result="PASS"></item><item title="SPECTRUMMARGIN" value="19,8104" result="PASS"></item></Record><Criteria><item title="Modulation" value="MCS9NSS1"></item><item title="Bandwidth" value="40"></item><item title="Antenna" value="0"></item><item title="Channel" value="149"></item><item title="RfIcTemperature" value="5032"></item><item title="CpuTemperature" value="60"></item><item title="ExpectedPower" value="19"></item><item title="EVM" Max="-32" Min="-100"></item><item title="FREQERR" Max="15" Min="-15"></item><item title="SYMCLOCKERR" Max="20" Min="-100"></item><item title="POWER" Max="20,5" Min="17,5" Avg="19"></item><item title="LOLEAKAGE" Max="-17" Min="-100"></item><item title="SPECTRUMMASK" Max="100" Min="0"></item><item title="SPECTRUMMARGIN" Max="1000" Min="0"></item></Criteria><Record><item title="Modulation" value="MCS9NSS1"></item><item title="Bandwidth" value="40"></item><item title="Channel" value="149"></item><item title="Antenna" value="0"></item><item title="ExpectedPower" value="19"></item><item title="Power" value="19"></item><item title="TestType" value="Tx"></item><item title="EVM" value="-34,8775" result="PASS"></item><item title="FREQERR" value="-2,2947" result="PASS"></item><item title="SYMCLOCKERR" value="-1,0644" result="PASS"></item><item title="POWER" value="19,1546" result="PASS"></item><item title="LOLEAKAGE" value="-43,5068" result="PASS"></item><item title="SPECTRUMMASK" value="16,3896" result="PASS"></item><item title="SPECTRUMMARGIN" value="16,3896" result="PASS"></item></Record><Criteria><item title="Modulation" value="MCS9NSS1"></item><item title="Bandwidth" value="40"></item><item title="Antenna" value="0"></item><item title="Channel" value="149"></item><item title="RfIcTemperature" value="5032"></item><item title="CpuTemperature" value="60"></item><item title="ExpectedPower" value="20"></item><item title="EVM" Max="-32" Min="-100"></item><item title="FREQERR" Max="15" Min="-15"></item><item title="SYMCLOCKERR" Max="20" Min="-100"></item><item title="POWER" Max="21,5" Min="18,5" Avg="20"></item><item title="LOLEAKAGE" Max="-17" Min="-100"></item><item title="SPECTRUMMASK" Max="100" Min="0"></item><item title="SPECTRUMMARGIN" Max="1000" Min="0"></item></Criteria><Record><item title="Modulation" value="MCS9NSS1"></item><item title="Bandwidth" value="40"></item><item title="Channel" value="149"></item><item title="Antenna" value="0"></item><item title="ExpectedPower" value="20"></item><item title="Power" value="20"></item><item title="TestType" value="Tx"></item><item title="EVM" value="-34,0685" result="PASS"></item><item title="FREQERR" value="-2,29364" result="PASS"></item><item title="SYMCLOCKERR" value="-2,16986" result="PASS"></item><item title="POWER" value="19,7863" result="PASS"></item><item title="LOLEAKAGE" value="-48,2544" result="PASS"></item><item title="SPECTRUMMASK" value="15,0982" result="PASS"></item><item title="SPECTRUMMARGIN" value="15,0982" result="PASS"></item></Record><Criteria><item title="Modulation" value="MCS9NSS1"></item><item title="Bandwidth" value="40"></item><item title="Antenna" value="0"></item><item title="Channel" value="149"></item><item title="RfIcTemperature" value="5032"></item><item title="CpuTemperature" value="60"></item><item title="ExpectedPower" value="21"></item><item title="EVM" Max="-32" Min="-100"></item><item title="FREQERR" Max="15" Min="-15"></item><item title="SYMCLOCKERR" Max="20" Min="-100"></item><item title="POWER" Max="22,5" Min="19,5" Avg="21"></item><item title="LOLEAKAGE" Max="-17" Min="-100"></item><item title="SPECTRUMMASK" Max="100" Min="0"></item><item title="SPECTRUMMARGIN" Max="1000" Min="0"></item></Criteria><Record><item title="Modulation" value="MCS9NSS1"></item><item title="Bandwidth" value="40"></item><item title="Channel" value="149"></item><item title="Antenna" value="0"></item><item title="ExpectedPower" value="21"></item><item title="Power" value="21"></item><item title="TestType" value="Tx"></item><item title="EVM" value="-31,0221" result="FAIL"></item><item title="FREQERR" value="-2,29099" result="PASS"></item><item title="SYMCLOCKERR" value="-2,34487" result="PASS"></item><item title="POWER" value="20,8737" result="PASS"></item><item title="LOLEAKAGE" value="-54,9501" result="PASS"></item><item title="SPECTRUMMASK" value="9,52362" result="PASS"></item><item title="SPECTRUMMARGIN" value="9,52362" result="PASS"></item></Record><Criteria><item title="Modulation" value="MCS9NSS1"></item><item title="Bandwidth" value="40"></item><item title="Antenna" value="0"></item><item title="Channel" value="149"></item><item title="RfIcTemperature" value="5032"></item><item title="CpuTemperature" value="60"></item><item title="ExpectedPower" value="22"></item><item title="EVM" Max="-32" Min="-100"></item><item title="FREQERR" Max="15" Min="-15"></item><item title="SYMCLOCKERR" Max="20" Min="-100"></item><item title="POWER" Max="23,5" Min="20,5" Avg="22"></item><item title="LOLEAKAGE" Max="-17" Min="-100"></item><item title="SPECTRUMMASK" Max="100" Min="0"></item><item title="SPECTRUMMARGIN" Max="1000" Min="0"></item></Criteria><Record><item title="Modulation" value="MCS9NSS1"></item><item title="Bandwidth" value="40"></item><item title="Channel" value="149"></item><item title="Antenna" value="0"></item><item title="ExpectedPower" value="22"></item><item title="Power" value="22"></item><item title="TestType" value="Tx"></item><item title="EVM" value="-26,0869" result="FAIL"></item><item title="FREQERR" value="-2,29113" result="PASS"></item><item title="SYMCLOCKERR" value="-3,25719" result="PASS"></item><item title="POWER" value="21,8017" result="PASS"></item><item title="LOLEAKAGE" value="-47,3903" result="PASS"></item><item title="SPECTRUMMASK" value="5,8527" result="PASS"></item><item title="SPECTRUMMARGIN" value="5,8527" result="PASS"></item></Record><Criteria><item title="Modulation" value="MCS9NSS1"></item><item title="Bandwidth" value="40"></item><item title="Antenna" value="0"></item><item title="Channel" value="149"></item><item title="RfIcTemperature" value="5032"></item><item title="CpuTemperature" value="60"></item><item title="ExpectedPower" value="23"></item><item title="EVM" Max="-32" Min="-100"></item><item title="FREQERR" Max="15" Min="-15"></item><item title="SYMCLOCKERR" Max="20" Min="-100"></item><item title="POWER" Max="24,5" Min="21,5" Avg="23"></item><item title="LOLEAKAGE" Max="-17" Min="-100"></item><item title="SPECTRUMMASK" Max="100" Min="0"></item><item title="SPECTRUMMARGIN" Max="1000" Min="0"></item></Criteria><Record><item title="Modulation" value="MCS9NSS1"></item><item title="Bandwidth" value="40"></item><item title="Channel" value="149"></item><item title="Antenna" value="0"></item><item title="ExpectedPower" value="23"></item><item title="Power" value="23"></item><item title="TestType" value="Tx"></item><item title="EVM" value="-23,9513" result="FAIL"></item><item title="FREQERR" value="-2,29267" result="PASS"></item><item title="SYMCLOCKERR" value="-0,765326" result="PASS"></item><item title="POWER" value="22,734" result="PASS"></item><item title="LOLEAKAGE" value="-46,7411" result="PASS"></item><item title="SPECTRUMMASK" value="2,88821" result="PASS"></item><item title="SPECTRUMMARGIN" value="2,88821" result="PASS"></item></Record><Criteria><item title="Modulation" value="MCS9NSS1"></item><item title="Bandwidth" value="40"></item><item title="Antenna" value="0"></item><item title="Channel" value="149"></item><item title="RfIcTemperature" value="5032"></item><item title="CpuTemperature" value="60"></item><item title="ExpectedPower" value="24"></item><item title="EVM" Max="-32" Min="-100"></item><item title="FREQERR" Max="15" Min="-15"></item><item title="SYMCLOCKERR" Max="20" Min="-100"></item><item title="POWER" Max="25,5" Min="22,5" Avg="24"></item><item title="LOLEAKAGE" Max="-17" Min="-100"></item><item title="SPECTRUMMASK" Max="100" Min="0"></item><item title="SPECTRUMMARGIN" Max="1000" Min="0"></item></Criteria><Record><item title="Modulation" value="MCS9NSS1"></item><item title="Bandwidth" value="40"></item><item title="Channel" value="149"></item><item title="Antenna" value="0"></item><item title="ExpectedPower" value="24"></item><item title="Power" value="24"></item><item title="TestType" value="Tx"></item><item title="EVM" value="-23,3745" result="FAIL"></item><item title="FREQERR" value="-2,28257" result="PASS"></item><item title="SYMCLOCKERR" value="-4,46103" result="PASS"></item><item title="POWER" value="23,356" result="PASS"></item><item title="LOLEAKAGE" value="-43,3165" result="PASS"></item><item title="SPECTRUMMASK" value="1,1036" result="PASS"></item><item title="SPECTRUMMARGIN" value="1,1036" result="PASS"></item></Record><Criteria><item title="Modulation" value="MCS9NSS1"></item><item title="Bandwidth" value="40"></item><item title="Antenna" value="0"></item><item title="Channel" value="149"></item><item title="RfIcTemperature" value="5032"></item><item title="CpuTemperature" value="60"></item><item title="ExpectedPower" value="25"></item><item title="EVM" Max="-32" Min="-100"></item><item title="FREQERR" Max="15" Min="-15"></item><item title="SYMCLOCKERR" Max="20" Min="-100"></item><item title="POWER" Max="26,5" Min="23,5" Avg="25"></item><item title="LOLEAKAGE" Max="-17" Min="-100"></item><item title="SPECTRUMMASK" Max="100" Min="0"></item><item title="SPECTRUMMARGIN" Max="1000" Min="0"></item></Criteria><Record><item title="Modulation" value="MCS9NSS1"></item><item title="Bandwidth" value="40"></item><item title="Channel" value="149"></item><item title="Antenna" value="0"></item><item title="ExpectedPower" value="25"></item><item title="Power" value="25"></item><item title="TestType" value="Tx"></item><item title="EVM" value="-22,3069" result="FAIL"></item><item title="FREQERR" value="-2,28199" result="PASS"></item><item title="SYMCLOCKERR" value="0,569328" result="PASS"></item><item title="POWER" value="24,2577" result="PASS"></item><item title="LOLEAKAGE" value="-42,3589" result="PASS"></item><item title="SPECTRUMMASK" value="-2,04974" result="FAIL"></item><item title="SPECTRUMMARGIN" value="-2,04974" result="FAIL"></item></Record><Criteria><item title="Modulation" value="MCS9NSS1"></item><item title="Bandwidth" value="40"></item><item title="Antenna" value="1"></item><item title="Channel" value="149"></item><item title="RfIcTemperature" value="5032"></item><item title="CpuTemperature" value="60"></item><item title="ExpectedPower" value="10"></item><item title="EVM" Max="-32" Min="-100"></item><item title="FREQERR" Max="15" Min="-15"></item><item title="SYMCLOCKERR" Max="20" Min="-100"></item><item title="POWER" Max="11,5" Min="8,5" Avg="10"></item><item title="LOLEAKAGE" Max="-17" Min="-100"></item><item title="SPECTRUMMASK" Max="100" Min="0"></item><item title="SPECTRUMMARGIN" Max="1000" Min="0"></item></Criteria><Record><item title="Modulation" value="MCS9NSS1"></item><item title="Bandwidth" value="40"></item><item title="Channel" value="149"></item><item title="Antenna" value="1"></item><item title="ExpectedPower" value="10"></item><item title="Power" value="10"></item><item title="TestType" value="Tx"></item><item title="EVM" value="-37,0166" result="PASS"></item><item title="FREQERR" value="-2,29843" result="PASS"></item><item title="SYMCLOCKERR" value="-1,64724" result="PASS"></item><item title="POWER" value="8,61098" result="PASS"></item><item title="LOLEAKAGE" value="-30,3042" result="PASS"></item><item title="SPECTRUMMASK" value="20,8226" result="PASS"></item><item title="SPECTRUMMARGIN" value="20,8226" result="PASS"></item></Record><Criteria><item title="Modulation" value="MCS9NSS1"></item><item title="Bandwidth" value="40"></item><item title="Antenna" value="1"></item><item title="Channel" value="149"></item><item title="RfIcTemperature" value="5032"></item><item title="CpuTemperature" value="60"></item><item title="ExpectedPower" value="11"></item><item title="EVM" Max="-32" Min="-100"></item><item title="FREQERR" Max="15" Min="-15"></item><item title="SYMCLOCKERR" Max="20" Min="-100"></item><item title="POWER" Max="12,5" Min="9,5" Avg="11"></item><item title="LOLEAKAGE" Max="-17" Min="-100"></item><item title="SPECTRUMMASK" Max="100" Min="0"></item><item title="SPECTRUMMARGIN" Max="1000" Min="0"></item></Criteria><Record><item title="Modulation" value="MCS9NSS1"></item><item title="Bandwidth" value="40"></item><item title="Channel" value="149"></item><item title="Antenna" value="1"></item><item title="ExpectedPower" value="11"></item><item title="Power" value="11"></item><item title="TestType" value="Tx"></item><item title="EVM" value="-36,6417" result="PASS"></item><item title="FREQERR" value="-2,29832" result="PASS"></item><item title="SYMCLOCKERR" value="-1,37743" result="PASS"></item><item title="POWER" value="9,8502" result="PASS"></item><item title="LOLEAKAGE" value="-31,8749" result="PASS"></item><item title="SPECTRUMMASK" value="21,9084" result="PASS"></item><item title="SPECTRUMMARGIN" value="21,9084" result="PASS"></item></Record><Criteria><item title="Modulation" value="MCS9NSS1"></item><item title="Bandwidth" value="40"></item><item title="Antenna" value="1"></item><item title="Channel" value="149"></item><item title="RfIcTemperature" value="5032"></item><item title="CpuTemperature" value="60"></item><item title="ExpectedPower" value="12"></item><item title="EVM" Max="-32" Min="-100"></item><item title="FREQERR" Max="15" Min="-15"></item><item title="SYMCLOCKERR" Max="20" Min="-100"></item><item title="POWER" Max="13,5" Min="10,5" Avg="12"></item><item title="LOLEAKAGE" Max="-17" Min="-100"></item><item title="SPECTRUMMASK" Max="100" Min="0"></item><item title="SPECTRUMMARGIN" Max="1000" Min="0"></item></Criteria><Record><item title="Modulation" value="MCS9NSS1"></item><item title="Bandwidth" value="40"></item><item title="Channel" value="149"></item><item title="Antenna" value="1"></item><item title="ExpectedPower" value="12"></item><item title="Power" value="12"></item><item title="TestType" value="Tx"></item><item title="EVM" value="-36,5634" result="PASS"></item><item title="FREQERR" value="-2,29638" result="PASS"></item><item title="SYMCLOCKERR" value="-1,52198" result="PASS"></item><item title="POWER" value="11,0499" result="PASS"></item><item title="LOLEAKAGE" value="-31,7389" result="PASS"></item><item title="SPECTRUMMASK" value="20,5795" result="PASS"></item><item title="SPECTRUMMARGIN" value="20,5795" result="PASS"></item></Record><Criteria><item title="Modulation" value="MCS9NSS1"></item><item title="Bandwidth" value="40"></item><item title="Antenna" value="1"></item><item title="Channel" value="149"></item><item title="RfIcTemperature" value="5032"></item><item title="CpuTemperature" value="60"></item><item title="ExpectedPower" value="13"></item><item title="EVM" Max="-32" Min="-100"></item><item title="FREQERR" Max="15" Min="-15"></item><item title="SYMCLOCKERR" Max="20" Min="-100"></item><item title="POWER" Max="14,5" Min="11,5" Avg="13"></item><item title="LOLEAKAGE" Max="-17" Min="-100"></item><item title="SPECTRUMMASK" Max="100" Min="0"></item><item title="SPECTRUMMARGIN" Max="1000" Min="0"></item></Criteria><Record><item title="Modulation" value="MCS9NSS1"></item><item title="Bandwidth" value="40"></item><item title="Channel" value="149"></item><item title="Antenna" value="1"></item><item title="ExpectedPower" value="13"></item><item title="Power" value="13"></item><item title="TestType" value="Tx"></item><item title="EVM" value="-33,7135" result="PASS"></item><item title="FREQERR" value="-2,29534" result="PASS"></item><item title="SYMCLOCKERR" value="-2,41288" result="PASS"></item><item title="POWER" value="12,0769" result="PASS"></item><item title="LOLEAKAGE" value="-29,7919" result="PASS"></item><item title="SPECTRUMMASK" value="20,607" result="PASS"></item><item title="SPECTRUMMARGIN" value="20,607" result="PASS"></item></Record><Criteria><item title="Modulation" value="MCS9NSS1"></item><item title="Bandwidth" value="40"></item><item title="Antenna" value="1"></item><item title="Channel" value="149"></item><item title="RfIcTemperature" value="5032"></item><item title="CpuTemperature" value="60"></item><item title="ExpectedPower" value="14"></item><item title="EVM" Max="-32" Min="-100"></item><item title="FREQERR" Max="15" Min="-15"></item><item title="SYMCLOCKERR" Max="20" Min="-100"></item><item title="POWER" Max="15,5" Min="12,5" Avg="14"></item><item title="LOLEAKAGE" Max="-17" Min="-100"></item><item title="SPECTRUMMASK" Max="100" Min="0"></item><item title="SPECTRUMMARGIN" Max="1000" Min="0"></item></Criteria><Record><item title="Modulation" value="MCS9NSS1"></item><item title="Bandwidth" value="40"></item><item title="Channel" value="149"></item><item title="Antenna" value="1"></item><item title="ExpectedPower" value="14"></item><item title="Power" value="14"></item><item title="TestType" value="Tx"></item><item title="EVM" value="-37,7028" result="PASS"></item><item title="FREQERR" value="-2,29562" result="PASS"></item><item title="SYMCLOCKERR" value="-1,18767" result="PASS"></item><item title="POWER" value="13,144" result="PASS"></item><item title="LOLEAKAGE" value="-30,9578" result="PASS"></item><item title="SPECTRUMMASK" value="21,4095" result="PASS"></item><item title="SPECTRUMMARGIN" value="21,4095" result="PASS"></item></Record><Criteria><item title="Modulation" value="MCS9NSS1"></item><item title="Bandwidth" value="40"></item><item title="Antenna" value="1"></item><item title="Channel" value="149"></item><item title="RfIcTemperature" value="5032"></item><item title="CpuTemperature" value="60"></item><item title="ExpectedPower" value="15"></item><item title="EVM" Max="-32" Min="-100"></item><item title="FREQERR" Max="15" Min="-15"></item><item title="SYMCLOCKERR" Max="20" Min="-100"></item><item title="POWER" Max="16,5" Min="13,5" Avg="15"></item><item title="LOLEAKAGE" Max="-17" Min="-100"></item><item title="SPECTRUMMASK" Max="100" Min="0"></item><item title="SPECTRUMMARGIN" Max="1000" Min="0"></item></Criteria><Record><item title="Modulation" value="MCS9NSS1"></item><item title="Bandwidth" value="40"></item><item title="Channel" value="149"></item><item title="Antenna" value="1"></item><item title="ExpectedPower" value="15"></item><item title="Power" value="15"></item><item title="TestType" value="Tx"></item><item title="EVM" value="-34,6061" result="PASS"></item><item title="FREQERR" value="-2,29881" result="PASS"></item><item title="SYMCLOCKERR" value="-0,946137" result="PASS"></item><item title="POWER" value="14,13" result="PASS"></item><item title="LOLEAKAGE" value="-31,9577" result="PASS"></item><item title="SPECTRUMMASK" value="20,6763" result="PASS"></item><item title="SPECTRUMMARGIN" value="20,6763" result="PASS"></item></Record><Criteria><item title="Modulation" value="MCS9NSS1"></item><item title="Bandwidth" value="40"></item><item title="Antenna" value="1"></item><item title="Channel" value="149"></item><item title="RfIcTemperature" value="5032"></item><item title="CpuTemperature" value="60"></item><item title="ExpectedPower" value="16"></item><item title="EVM" Max="-32" Min="-100"></item><item title="FREQERR" Max="15" Min="-15"></item><item title="SYMCLOCKERR" Max="20" Min="-100"></item><item title="POWER" Max="17,5" Min="14,5" Avg="16"></item><item title="LOLEAKAGE" Max="-17" Min="-100"></item><item title="SPECTRUMMASK" Max="100" Min="0"></item><item title="SPECTRUMMARGIN" Max="1000" Min="0"></item></Criteria><Record><item title="Modulation" value="MCS9NSS1"></item><item title="Bandwidth" value="40"></item><item title="Channel" value="149"></item><item title="Antenna" value="1"></item><item title="ExpectedPower" value="16"></item><item title="Power" value="16"></item><item title="TestType" value="Tx"></item><item title="EVM" value="-35,8464" result="PASS"></item><item title="FREQERR" value="-2,29714" result="PASS"></item><item title="SYMCLOCKERR" value="-1,46892" result="PASS"></item><item title="POWER" value="15,1147" result="PASS"></item><item title="LOLEAKAGE" value="-35,2696" result="PASS"></item><item title="SPECTRUMMASK" value="19,4738" result="PASS"></item><item title="SPECTRUMMARGIN" value="19,4738" result="PASS"></item></Record><Criteria><item title="Modulation" value="MCS9NSS1"></item><item title="Bandwidth" value="40"></item><item title="Antenna" value="1"></item><item title="Channel" value="149"></item><item title="RfIcTemperature" value="5032"></item><item title="CpuTemperature" value="60"></item><item title="ExpectedPower" value="17"></item><item title="EVM" Max="-32" Min="-100"></item><item title="FREQERR" Max="15" Min="-15"></item><item title="SYMCLOCKERR" Max="20" Min="-100"></item><item title="POWER" Max="18,5" Min="15,5" Avg="17"></item><item title="LOLEAKAGE" Max="-17" Min="-100"></item><item title="SPECTRUMMASK" Max="100" Min="0"></item><item title="SPECTRUMMARGIN" Max="1000" Min="0"></item></Criteria><Record><item title="Modulation" value="MCS9NSS1"></item><item title="Bandwidth" value="40"></item><item title="Channel" value="149"></item><item title="Antenna" value="1"></item><item title="ExpectedPower" value="17"></item><item title="Power" value="17"></item><item title="TestType" value="Tx"></item><item title="EVM" value="-34,3688" result="PASS"></item><item title="FREQERR" value="-2,28987" result="PASS"></item><item title="SYMCLOCKERR" value="-0,921151" result="PASS"></item><item title="POWER" value="16,1989" result="PASS"></item><item title="LOLEAKAGE" value="-36,8509" result="PASS"></item><item title="SPECTRUMMASK" value="19,7722" result="PASS"></item><item title="SPECTRUMMARGIN" value="19,7722" result="PASS"></item></Record><Criteria><item title="Modulation" value="MCS9NSS1"></item><item title="Bandwidth" value="40"></item><item title="Antenna" value="1"></item><item title="Channel" value="149"></item><item title="RfIcTemperature" value="5032"></item><item title="CpuTemperature" value="60"></item><item title="ExpectedPower" value="18"></item><item title="EVM" Max="-32" Min="-100"></item><item title="FREQERR" Max="15" Min="-15"></item><item title="SYMCLOCKERR" Max="20" Min="-100"></item><item title="POWER" Max="19,5" Min="16,5" Avg="18"></item><item title="LOLEAKAGE" Max="-17" Min="-100"></item><item title="SPECTRUMMASK" Max="100" Min="0"></item><item title="SPECTRUMMARGIN" Max="1000" Min="0"></item></Criteria><Record><item title="Modulation" value="MCS9NSS1"></item><item title="Bandwidth" value="40"></item><item title="Channel" value="149"></item><item title="Antenna" value="1"></item><item title="ExpectedPower" value="18"></item><item title="Power" value="18"></item><item title="TestType" value="Tx"></item><item title="EVM" value="-36,5748" result="PASS"></item><item title="FREQERR" value="-2,29571" result="PASS"></item><item title="SYMCLOCKERR" value="-2,71496" result="PASS"></item><item title="POWER" value="16,8575" result="PASS"></item><item title="LOLEAKAGE" value="-37,4926" result="PASS"></item><item title="SPECTRUMMASK" value="19,1981" result="PASS"></item><item title="SPECTRUMMARGIN" value="19,1981" result="PASS"></item></Record><Criteria><item title="Modulation" value="MCS9NSS1"></item><item title="Bandwidth" value="40"></item><item title="Antenna" value="1"></item><item title="Channel" value="149"></item><item title="RfIcTemperature" value="5032"></item><item title="CpuTemperature" value="60"></item><item title="ExpectedPower" value="19"></item><item title="EVM" Max="-32" Min="-100"></item><item title="FREQERR" Max="15" Min="-15"></item><item title="SYMCLOCKERR" Max="20" Min="-100"></item><item title="POWER" Max="20,5" Min="17,5" Avg="19"></item><item title="LOLEAKAGE" Max="-17" Min="-100"></item><item title="SPECTRUMMASK" Max="100" Min="0"></item><item title="SPECTRUMMARGIN" Max="1000" Min="0"></item></Criteria><Record><item title="Modulation" value="MCS9NSS1"></item><item title="Bandwidth" value="40"></item><item title="Channel" value="149"></item><item title="Antenna" value="1"></item><item title="ExpectedPower" value="19"></item><item title="Power" value="19"></item><item title="TestType" value="Tx"></item><item title="EVM" value="-34,9885" result="PASS"></item><item title="FREQERR" value="-2,29586" result="PASS"></item><item title="SYMCLOCKERR" value="-1,25081" result="PASS"></item><item title="POWER" value="18,0224" result="PASS"></item><item title="LOLEAKAGE" value="-45,0161" result="PASS"></item><item title="SPECTRUMMASK" value="19,5777" result="PASS"></item><item title="SPECTRUMMARGIN" value="19,5777" result="PASS"></item></Record><Criteria><item title="Modulation" value="MCS9NSS1"></item><item title="Bandwidth" value="40"></item><item title="Antenna" value="1"></item><item title="Channel" value="149"></item><item title="RfIcTemperature" value="5032"></item><item title="CpuTemperature" value="60"></item><item title="ExpectedPower" value="20"></item><item title="EVM" Max="-32" Min="-100"></item><item title="FREQERR" Max="15" Min="-15"></item><item title="SYMCLOCKERR" Max="20" Min="-100"></item><item title="POWER" Max="21,5" Min="18,5" Avg="20"></item><item title="LOLEAKAGE" Max="-17" Min="-100"></item><item title="SPECTRUMMASK" Max="100" Min="0"></item><item title="SPECTRUMMARGIN" Max="1000" Min="0"></item></Criteria><Record><item title="Modulation" value="MCS9NSS1"></item><item title="Bandwidth" value="40"></item><item title="Channel" value="149"></item><item title="Antenna" value="1"></item><item title="ExpectedPower" value="20"></item><item title="Power" value="20"></item><item title="TestType" value="Tx"></item><item title="EVM" value="-35,2159" result="PASS"></item><item title="FREQERR" value="-2,29458" result="PASS"></item><item title="SYMCLOCKERR" value="-1,44283" result="PASS"></item><item title="POWER" value="19,0701" result="PASS"></item><item title="LOLEAKAGE" value="-42,9055" result="PASS"></item><item title="SPECTRUMMASK" value="15,6468" result="PASS"></item><item title="SPECTRUMMARGIN" value="15,6468" result="PASS"></item></Record><Criteria><item title="Modulation" value="MCS9NSS1"></item><item title="Bandwidth" value="40"></item><item title="Antenna" value="1"></item><item title="Channel" value="149"></item><item title="RfIcTemperature" value="5032"></item><item title="CpuTemperature" value="60"></item><item title="ExpectedPower" value="21"></item><item title="EVM" Max="-32" Min="-100"></item><item title="FREQERR" Max="15" Min="-15"></item><item title="SYMCLOCKERR" Max="20" Min="-100"></item><item title="POWER" Max="22,5" Min="19,5" Avg="21"></item><item title="LOLEAKAGE" Max="-17" Min="-100"></item><item title="SPECTRUMMASK" Max="100" Min="0"></item><item title="SPECTRUMMARGIN" Max="1000" Min="0"></item></Criteria><Record><item title="Modulation" value="MCS9NSS1"></item><item title="Bandwidth" value="40"></item><item title="Channel" value="149"></item><item title="Antenna" value="1"></item><item title="ExpectedPower" value="21"></item><item title="Power" value="21"></item><item title="TestType" value="Tx"></item><item title="EVM" value="-31,5761" result="FAIL"></item><item title="FREQERR" value="-2,29378" result="PASS"></item><item title="SYMCLOCKERR" value="-1,61698" result="PASS"></item><item title="POWER" value="20,0746" result="PASS"></item><item title="LOLEAKAGE" value="-44,2566" result="PASS"></item><item title="SPECTRUMMASK" value="12,282" result="PASS"></item><item title="SPECTRUMMARGIN" value="12,282" result="PASS"></item></Record><Criteria><item title="Modulation" value="MCS9NSS1"></item><item title="Bandwidth" value="40"></item><item title="Antenna" value="1"></item><item title="Channel" value="149"></item><item title="RfIcTemperature" value="5032"></item><item title="CpuTemperature" value="60"></item><item title="ExpectedPower" value="22"></item><item title="EVM" Max="-32" Min="-100"></item><item title="FREQERR" Max="15" Min="-15"></item><item title="SYMCLOCKERR" Max="20" Min="-100"></item><item title="POWER" Max="23,5" Min="20,5" Avg="22"></item><item title="LOLEAKAGE" Max="-17" Min="-100"></item><item title="SPECTRUMMASK" Max="100" Min="0"></item><item title="SPECTRUMMARGIN" Max="1000" Min="0"></item></Criteria><Record><item title="Modulation" value="MCS9NSS1"></item><item title="Bandwidth" value="40"></item><item title="Channel" value="149"></item><item title="Antenna" value="1"></item><item title="ExpectedPower" value="22"></item><item title="Power" value="22"></item><item title="TestType" value="Tx"></item><item title="EVM" value="-29,6092" result="FAIL"></item><item title="FREQERR" value="-2,29152" result="PASS"></item><item title="SYMCLOCKERR" value="-1,40818" result="PASS"></item><item title="POWER" value="20,8557" result="PASS"></item><item title="LOLEAKAGE" value="-53,542" result="PASS"></item><item title="SPECTRUMMASK" value="9,23487" result="PASS"></item><item title="SPECTRUMMARGIN" value="9,23487" result="PASS"></item></Record><Criteria><item title="Modulation" value="MCS9NSS1"></item><item title="Bandwidth" value="40"></item><item title="Antenna" value="1"></item><item title="Channel" value="149"></item><item title="RfIcTemperature" value="5032"></item><item title="CpuTemperature" value="60"></item><item title="ExpectedPower" value="23"></item><item title="EVM" Max="-32" Min="-100"></item><item title="FREQERR" Max="15" Min="-15"></item><item title="SYMCLOCKERR" Max="20" Min="-100"></item><item title="POWER" Max="24,5" Min="21,5" Avg="23"></item><item title="LOLEAKAGE" Max="-17" Min="-100"></item><item title="SPECTRUMMASK" Max="100" Min="0"></item><item title="SPECTRUMMARGIN" Max="1000" Min="0"></item></Criteria><Record><item title="Modulation" value="MCS9NSS1"></item><item title="Bandwidth" value="40"></item><item title="Channel" value="149"></item><item title="Antenna" value="1"></item><item title="ExpectedPower" value="23"></item><item title="Power" value="23"></item><item title="TestType" value="Tx"></item><item title="EVM" value="-26,5928" result="FAIL"></item><item title="FREQERR" value="-2,29711" result="PASS"></item><item title="SYMCLOCKERR" value="-1,10033" result="PASS"></item><item title="POWER" value="22,0137" result="PASS"></item><item title="LOLEAKAGE" value="-53,3143" result="PASS"></item><item title="SPECTRUMMASK" value="5,09842" result="PASS"></item><item title="SPECTRUMMARGIN" value="5,09842" result="PASS"></item></Record><Criteria><item title="Modulation" value="MCS9NSS1"></item><item title="Bandwidth" value="40"></item><item title="Antenna" value="1"></item><item title="Channel" value="149"></item><item title="RfIcTemperature" value="5032"></item><item title="CpuTemperature" value="60"></item><item title="ExpectedPower" value="24"></item><item title="EVM" Max="-32" Min="-100"></item><item title="FREQERR" Max="15" Min="-15"></item><item title="SYMCLOCKERR" Max="20" Min="-100"></item><item title="POWER" Max="25,5" Min="22,5" Avg="24"></item><item title="LOLEAKAGE" Max="-17" Min="-100"></item><item title="SPECTRUMMASK" Max="100" Min="0"></item><item title="SPECTRUMMARGIN" Max="1000" Min="0"></item></Criteria><Record><item title="Modulation" value="MCS9NSS1"></item><item title="Bandwidth" value="40"></item><item title="Channel" value="149"></item><item title="Antenna" value="1"></item><item title="ExpectedPower" value="24"></item><item title="Power" value="24"></item><item title="TestType" value="Tx"></item><item title="EVM" value="-23,6645" result="FAIL"></item><item title="FREQERR" value="-2,2874" result="PASS"></item><item title="SYMCLOCKERR" value="-1,32034" result="PASS"></item><item title="POWER" value="23,2243" result="PASS"></item><item title="LOLEAKAGE" value="-41,9928" result="PASS"></item><item title="SPECTRUMMASK" value="1,42402" result="PASS"></item><item title="SPECTRUMMARGIN" value="1,42402" result="PASS"></item></Record><Criteria><item title="Modulation" value="MCS9NSS1"></item><item title="Bandwidth" value="40"></item><item title="Antenna" value="1"></item><item title="Channel" value="149"></item><item title="RfIcTemperature" value="5032"></item><item title="CpuTemperature" value="60"></item><item title="ExpectedPower" value="25"></item><item title="EVM" Max="-32" Min="-100"></item><item title="FREQERR" Max="15" Min="-15"></item><item title="SYMCLOCKERR" Max="20" Min="-100"></item><item title="POWER" Max="26,5" Min="23,5" Avg="25"></item><item title="LOLEAKAGE" Max="-17" Min="-100"></item><item title="SPECTRUMMASK" Max="100" Min="0"></item><item title="SPECTRUMMARGIN" Max="1000" Min="0"></item></Criteria><Record><item title="Modulation" value="MCS9NSS1"></item><item title="Bandwidth" value="40"></item><item title="Channel" value="149"></item><item title="Antenna" value="1"></item><item title="ExpectedPower" value="25"></item><item title="Power" value="25"></item><item title="TestType" value="Tx"></item><item title="EVM" value="-22,6525" result="FAIL"></item><item title="FREQERR" value="-2,2755" result="PASS"></item><item title="SYMCLOCKERR" value="-1,27908" result="PASS"></item><item title="POWER" value="24,1989" result="PASS"></item><item title="LOLEAKAGE" value="-39,771" result="PASS"></item><item title="SPECTRUMMASK" value="-0,980076" result="FAIL"></item><item title="SPECTRUMMARGIN" value="-0,980076" result="FAIL"></item></Record><Criteria><item title="Modulation" value="MCS9NSS1"></item><item title="Bandwidth" value="40"></item><item title="Antenna" value="2"></item><item title="Channel" value="149"></item><item title="RfIcTemperature" value="5032"></item><item title="CpuTemperature" value="60"></item><item title="ExpectedPower" value="10"></item><item title="EVM" Max="-32" Min="-100"></item><item title="FREQERR" Max="15" Min="-15"></item><item title="SYMCLOCKERR" Max="20" Min="-100"></item><item title="POWER" Max="11,5" Min="8,5" Avg="10"></item><item title="LOLEAKAGE" Max="-17" Min="-100"></item><item title="SPECTRUMMASK" Max="100" Min="0"></item><item title="SPECTRUMMARGIN" Max="1000" Min="0"></item></Criteria><Record><item title="Modulation" value="MCS9NSS1"></item><item title="Bandwidth" value="40"></item><item title="Channel" value="149"></item><item title="Antenna" value="2"></item><item title="ExpectedPower" value="10"></item><item title="Power" value="10"></item><item title="TestType" value="Tx"></item><item title="EVM" value="-36,7058" result="PASS"></item><item title="FREQERR" value="-2,30011" result="PASS"></item><item title="SYMCLOCKERR" value="-1,28509" result="PASS"></item><item title="POWER" value="9,94355" result="PASS"></item><item title="LOLEAKAGE" value="-30,4066" result="PASS"></item><item title="SPECTRUMMASK" value="21,5214" result="PASS"></item><item title="SPECTRUMMARGIN" value="21,5214" result="PASS"></item></Record><Criteria><item title="Modulation" value="MCS9NSS1"></item><item title="Bandwidth" value="40"></item><item title="Antenna" value="2"></item><item title="Channel" value="149"></item><item title="RfIcTemperature" value="5032"></item><item title="CpuTemperature" value="60"></item><item title="ExpectedPower" value="11"></item><item title="EVM" Max="-32" Min="-100"></item><item title="FREQERR" Max="15" Min="-15"></item><item title="SYMCLOCKERR" Max="20" Min="-100"></item><item title="POWER" Max="12,5" Min="9,5" Avg="11"></item><item title="LOLEAKAGE" Max="-17" Min="-100"></item><item title="SPECTRUMMASK" Max="100" Min="0"></item><item title="SPECTRUMMARGIN" Max="1000" Min="0"></item></Criteria><Record><item title="Modulation" value="MCS9NSS1"></item><item title="Bandwidth" value="40"></item><item title="Channel" value="149"></item><item title="Antenna" value="2"></item><item title="ExpectedPower" value="11"></item><item title="Power" value="11"></item><item title="TestType" value="Tx"></item><item title="EVM" value="-36,9085" result="PASS"></item><item title="FREQERR" value="-2,28966" result="PASS"></item><item title="SYMCLOCKERR" value="-2,65932" result="PASS"></item><item title="POWER" value="10,8402" result="PASS"></item><item title="LOLEAKAGE" value="-32,3019" result="PASS"></item><item title="SPECTRUMMASK" value="20,4851" result="PASS"></item><item title="SPECTRUMMARGIN" value="20,4851" result="PASS"></item></Record><Criteria><item title="Modulation" value="MCS9NSS1"></item><item title="Bandwidth" value="40"></item><item title="Antenna" value="2"></item><item title="Channel" value="149"></item><item title="RfIcTemperature" value="5032"></item><item title="CpuTemperature" value="60"></item><item title="ExpectedPower" value="12"></item><item title="EVM" Max="-32" Min="-100"></item><item title="FREQERR" Max="15" Min="-15"></item><item title="SYMCLOCKERR" Max="20" Min="-100"></item><item title="POWER" Max="13,5" Min="10,5" Avg="12"></item><item title="LOLEAKAGE" Max="-17" Min="-100"></item><item title="SPECTRUMMASK" Max="100" Min="0"></item><item title="SPECTRUMMARGIN" Max="1000" Min="0"></item></Criteria><Record><item title="Modulation" value="MCS9NSS1"></item><item title="Bandwidth" value="40"></item><item title="Channel" value="149"></item><item title="Antenna" value="2"></item><item title="ExpectedPower" value="12"></item><item title="Power" value="12"></item><item title="TestType" value="Tx"></item><item title="EVM" value="-36,4642" result="PASS"></item><item title="FREQERR" value="-2,2923" result="PASS"></item><item title="SYMCLOCKERR" value="-1,78321" result="PASS"></item><item title="POWER" value="12,1222" result="PASS"></item><item title="LOLEAKAGE" value="-30,792" result="PASS"></item><item title="SPECTRUMMASK" value="20,4649" result="PASS"></item><item title="SPECTRUMMARGIN" value="20,4649" result="PASS"></item></Record><Criteria><item title="Modulation" value="MCS9NSS1"></item><item title="Bandwidth" value="40"></item><item title="Antenna" value="2"></item><item title="Channel" value="149"></item><item title="RfIcTemperature" value="5032"></item><item title="CpuTemperature" value="60"></item><item title="ExpectedPower" value="13"></item><item title="EVM" Max="-32" Min="-100"></item><item title="FREQERR" Max="15" Min="-15"></item><item title="SYMCLOCKERR" Max="20" Min="-100"></item><item title="POWER" Max="14,5" Min="11,5" Avg="13"></item><item title="LOLEAKAGE" Max="-17" Min="-100"></item><item title="SPECTRUMMASK" Max="100" Min="0"></item><item title="SPECTRUMMARGIN" Max="1000" Min="0"></item></Criteria><Record><item title="Modulation" value="MCS9NSS1"></item><item title="Bandwidth" value="40"></item><item title="Channel" value="149"></item><item title="Antenna" value="2"></item><item title="ExpectedPower" value="13"></item><item title="Power" value="13"></item><item title="TestType" value="Tx"></item><item title="EVM" value="-38,735" result="PASS"></item><item title="FREQERR" value="-2,2975" result="PASS"></item><item title="SYMCLOCKERR" value="-1,79982" result="PASS"></item><item title="POWER" value="12,8199" result="PASS"></item><item title="LOLEAKAGE" value="-31,5938" result="PASS"></item><item title="SPECTRUMMASK" value="20,3498" result="PASS"></item><item title="SPECTRUMMARGIN" value="20,3498" result="PASS"></item></Record><Criteria><item title="Modulation" value="MCS9NSS1"></item><item title="Bandwidth" value="40"></item><item title="Antenna" value="2"></item><item title="Channel" value="149"></item><item title="RfIcTemperature" value="5032"></item><item title="CpuTemperature" value="60"></item><item title="ExpectedPower" value="14"></item><item title="EVM" Max="-32" Min="-100"></item><item title="FREQERR" Max="15" Min="-15"></item><item title="SYMCLOCKERR" Max="20" Min="-100"></item><item title="POWER" Max="15,5" Min="12,5" Avg="14"></item><item title="LOLEAKAGE" Max="-17" Min="-100"></item><item title="SPECTRUMMASK" Max="100" Min="0"></item><item title="SPECTRUMMARGIN" Max="1000" Min="0"></item></Criteria><Record><item title="Modulation" value="MCS9NSS1"></item><item title="Bandwidth" value="40"></item><item title="Channel" value="149"></item><item title="Antenna" value="2"></item><item title="ExpectedPower" value="14"></item><item title="Power" value="14"></item><item title="TestType" value="Tx"></item><item title="EVM" value="-37,5954" result="PASS"></item><item title="FREQERR" value="-2,29157" result="PASS"></item><item title="SYMCLOCKERR" value="-2,08208" result="PASS"></item><item title="POWER" value="13,8768" result="PASS"></item><item title="LOLEAKAGE" value="-31,4207" result="PASS"></item><item title="SPECTRUMMASK" value="20,207" result="PASS"></item><item title="SPECTRUMMARGIN" value="20,207" result="PASS"></item></Record><Criteria><item title="Modulation" value="MCS9NSS1"></item><item title="Bandwidth" value="40"></item><item title="Antenna" value="2"></item><item title="Channel" value="149"></item><item title="RfIcTemperature" value="5032"></item><item title="CpuTemperature" value="60"></item><item title="ExpectedPower" value="15"></item><item title="EVM" Max="-32" Min="-100"></item><item title="FREQERR" Max="15" Min="-15"></item><item title="SYMCLOCKERR" Max="20" Min="-100"></item><item title="POWER" Max="16,5" Min="13,5" Avg="15"></item><item title="LOLEAKAGE" Max="-17" Min="-100"></item><item title="SPECTRUMMASK" Max="100" Min="0"></item><item title="SPECTRUMMARGIN" Max="1000" Min="0"></item></Criteria><Record><item title="Modulation" value="MCS9NSS1"></item><item title="Bandwidth" value="40"></item><item title="Channel" value="149"></item><item title="Antenna" value="2"></item><item title="ExpectedPower" value="15"></item><item title="Power" value="15"></item><item title="TestType" value="Tx"></item><item title="EVM" value="-37,4113" result="PASS"></item><item title="FREQERR" value="-2,29221" result="PASS"></item><item title="SYMCLOCKERR" value="-2,00671" result="PASS"></item><item title="POWER" value="14,8186" result="PASS"></item><item title="LOLEAKAGE" value="-31,9344" result="PASS"></item><item title="SPECTRUMMASK" value="20,8444" result="PASS"></item><item title="SPECTRUMMARGIN" value="20,8444" result="PASS"></item></Record><Criteria><item title="Modulation" value="MCS9NSS1"></item><item title="Bandwidth" value="40"></item><item title="Antenna" value="2"></item><item title="Channel" value="149"></item><item title="RfIcTemperature" value="5032"></item><item title="CpuTemperature" value="60"></item><item title="ExpectedPower" value="16"></item><item title="EVM" Max="-32" Min="-100"></item><item title="FREQERR" Max="15" Min="-15"></item><item title="SYMCLOCKERR" Max="20" Min="-100"></item><item title="POWER" Max="17,5" Min="14,5" Avg="16"></item><item title="LOLEAKAGE" Max="-17" Min="-100"></item><item title="SPECTRUMMASK" Max="100" Min="0"></item><item title="SPECTRUMMARGIN" Max="1000" Min="0"></item></Criteria><Record><item title="Modulation" value="MCS9NSS1"></item><item title="Bandwidth" value="40"></item><item title="Channel" value="149"></item><item title="Antenna" value="2"></item><item title="ExpectedPower" value="16"></item><item title="Power" value="16"></item><item title="TestType" value="Tx"></item><item title="EVM" value="-36,292" result="PASS"></item><item title="FREQERR" value="-2,29357" result="PASS"></item><item title="SYMCLOCKERR" value="-3,52491" result="PASS"></item><item title="POWER" value="15,9187" result="PASS"></item><item title="LOLEAKAGE" value="-36,3563" result="PASS"></item><item title="SPECTRUMMASK" value="20,4597" result="PASS"></item><item title="SPECTRUMMARGIN" value="20,4597" result="PASS"></item></Record><Criteria><item title="Modulation" value="MCS9NSS1"></item><item title="Bandwidth" value="40"></item><item title="Antenna" value="2"></item><item title="Channel" value="149"></item><item title="RfIcTemperature" value="5032"></item><item title="CpuTemperature" value="60"></item><item title="ExpectedPower" value="17"></item><item title="EVM" Max="-32" Min="-100"></item><item title="FREQERR" Max="15" Min="-15"></item><item title="SYMCLOCKERR" Max="20" Min="-100"></item><item title="POWER" Max="18,5" Min="15,5" Avg="17"></item><item title="LOLEAKAGE" Max="-17" Min="-100"></item><item title="SPECTRUMMASK" Max="100" Min="0"></item><item title="SPECTRUMMARGIN" Max="1000" Min="0"></item></Criteria><Record><item title="Modulation" value="MCS9NSS1"></item><item title="Bandwidth" value="40"></item><item title="Channel" value="149"></item><item title="Antenna" value="2"></item><item title="ExpectedPower" value="17"></item><item title="Power" value="17"></item><item title="TestType" value="Tx"></item><item title="EVM" value="-35,3864" result="PASS"></item><item title="FREQERR" value="-2,29098" result="PASS"></item><item title="SYMCLOCKERR" value="-1,88721" result="PASS"></item><item title="POWER" value="16,8718" result="PASS"></item><item title="LOLEAKAGE" value="-37,0915" result="PASS"></item><item title="SPECTRUMMASK" value="19,5859" result="PASS"></item><item title="SPECTRUMMARGIN" value="19,5859" result="PASS"></item></Record><Criteria><item title="Modulation" value="MCS9NSS1"></item><item title="Bandwidth" value="40"></item><item title="Antenna" value="2"></item><item title="Channel" value="149"></item><item title="RfIcTemperature" value="5032"></item><item title="CpuTemperature" value="60"></item><item title="ExpectedPower" value="18"></item><item title="EVM" Max="-32" Min="-100"></item><item title="FREQERR" Max="15" Min="-15"></item><item title="SYMCLOCKERR" Max="20" Min="-100"></item><item title="POWER" Max="19,5" Min="16,5" Avg="18"></item><item title="LOLEAKAGE" Max="-17" Min="-100"></item><item title="SPECTRUMMASK" Max="100" Min="0"></item><item title="SPECTRUMMARGIN" Max="1000" Min="0"></item></Criteria><Record><item title="Modulation" value="MCS9NSS1"></item><item title="Bandwidth" value="40"></item><item title="Channel" value="149"></item><item title="Antenna" value="2"></item><item title="ExpectedPower" value="18"></item><item title="Power" value="18"></item><item title="TestType" value="Tx"></item><item title="EVM" value="-35,8302" result="PASS"></item><item title="FREQERR" value="-2,29441" result="PASS"></item><item title="SYMCLOCKERR" value="-1,75712" result="PASS"></item><item title="POWER" value="17,9773" result="PASS"></item><item title="LOLEAKAGE" value="-37,6703" result="PASS"></item><item title="SPECTRUMMASK" value="19,6288" result="PASS"></item><item title="SPECTRUMMARGIN" value="19,6288" result="PASS"></item></Record><Criteria><item title="Modulation" value="MCS9NSS1"></item><item title="Bandwidth" value="40"></item><item title="Antenna" value="2"></item><item title="Channel" value="149"></item><item title="RfIcTemperature" value="5032"></item><item title="CpuTemperature" value="60"></item><item title="ExpectedPower" value="19"></item><item title="EVM" Max="-32" Min="-100"></item><item title="FREQERR" Max="15" Min="-15"></item><item title="SYMCLOCKERR" Max="20" Min="-100"></item><item title="POWER" Max="20,5" Min="17,5" Avg="19"></item><item title="LOLEAKAGE" Max="-17" Min="-100"></item><item title="SPECTRUMMASK" Max="100" Min="0"></item><item title="SPECTRUMMARGIN" Max="1000" Min="0"></item></Criteria><Record><item title="Modulation" value="MCS9NSS1"></item><item title="Bandwidth" value="40"></item><item title="Channel" value="149"></item><item title="Antenna" value="2"></item><item title="ExpectedPower" value="19"></item><item title="Power" value="19"></item><item title="TestType" value="Tx"></item><item title="EVM" value="-35,7404" result="PASS"></item><item title="FREQERR" value="-2,29386" result="PASS"></item><item title="SYMCLOCKERR" value="-2,29528" result="PASS"></item><item title="POWER" value="19,0822" result="PASS"></item><item title="LOLEAKAGE" value="-43,3666" result="PASS"></item><item title="SPECTRUMMASK" value="18,2321" result="PASS"></item><item title="SPECTRUMMARGIN" value="18,2321" result="PASS"></item></Record><Criteria><item title="Modulation" value="MCS9NSS1"></item><item title="Bandwidth" value="40"></item><item title="Antenna" value="2"></item><item title="Channel" value="149"></item><item title="RfIcTemperature" value="5032"></item><item title="CpuTemperature" value="60"></item><item title="ExpectedPower" value="20"></item><item title="EVM" Max="-32" Min="-100"></item><item title="FREQERR" Max="15" Min="-15"></item><item title="SYMCLOCKERR" Max="20" Min="-100"></item><item title="POWER" Max="21,5" Min="18,5" Avg="20"></item><item title="LOLEAKAGE" Max="-17" Min="-100"></item><item title="SPECTRUMMASK" Max="100" Min="0"></item><item title="SPECTRUMMARGIN" Max="1000" Min="0"></item></Criteria><Record><item title="Modulation" value="MCS9NSS1"></item><item title="Bandwidth" value="40"></item><item title="Channel" value="149"></item><item title="Antenna" value="2"></item><item title="ExpectedPower" value="20"></item><item title="Power" value="20"></item><item title="TestType" value="Tx"></item><item title="EVM" value="-35,162" result="PASS"></item><item title="FREQERR" value="-2,29144" result="PASS"></item><item title="SYMCLOCKERR" value="-1,67866" result="PASS"></item><item title="POWER" value="19,8887" result="PASS"></item><item title="LOLEAKAGE" value="-42,7494" result="PASS"></item><item title="SPECTRUMMASK" value="16,0537" result="PASS"></item><item title="SPECTRUMMARGIN" value="16,0537" result="PASS"></item></Record><Criteria><item title="Modulation" value="MCS9NSS1"></item><item title="Bandwidth" value="40"></item><item title="Antenna" value="2"></item><item title="Channel" value="149"></item><item title="RfIcTemperature" value="5032"></item><item title="CpuTemperature" value="60"></item><item title="ExpectedPower" value="21"></item><item title="EVM" Max="-32" Min="-100"></item><item title="FREQERR" Max="15" Min="-15"></item><item title="SYMCLOCKERR" Max="20" Min="-100"></item><item title="POWER" Max="22,5" Min="19,5" Avg="21"></item><item title="LOLEAKAGE" Max="-17" Min="-100"></item><item title="SPECTRUMMASK" Max="100" Min="0"></item><item title="SPECTRUMMARGIN" Max="1000" Min="0"></item></Criteria><Record><item title="Modulation" value="MCS9NSS1"></item><item title="Bandwidth" value="40"></item><item title="Channel" value="149"></item><item title="Antenna" value="2"></item><item title="ExpectedPower" value="21"></item><item title="Power" value="21"></item><item title="TestType" value="Tx"></item><item title="EVM" value="-30,6978" result="FAIL"></item><item title="FREQERR" value="-2,29484" result="PASS"></item><item title="SYMCLOCKERR" value="-2,18356" result="PASS"></item><item title="POWER" value="21,0407" result="PASS"></item><item title="LOLEAKAGE" value="-48,7411" result="PASS"></item><item title="SPECTRUMMASK" value="11,3674" result="PASS"></item><item title="SPECTRUMMARGIN" value="11,3674" result="PASS"></item></Record><Criteria><item title="Modulation" value="MCS9NSS1"></item><item title="Bandwidth" value="40"></item><item title="Antenna" value="2"></item><item title="Channel" value="149"></item><item title="RfIcTemperature" value="5032"></item><item title="CpuTemperature" value="60"></item><item title="ExpectedPower" value="22"></item><item title="EVM" Max="-32" Min="-100"></item><item title="FREQERR" Max="15" Min="-15"></item><item title="SYMCLOCKERR" Max="20" Min="-100"></item><item title="POWER" Max="23,5" Min="20,5" Avg="22"></item><item title="LOLEAKAGE" Max="-17" Min="-100"></item><item title="SPECTRUMMASK" Max="100" Min="0"></item><item title="SPECTRUMMARGIN" Max="1000" Min="0"></item></Criteria><Record><item title="Modulation" value="MCS9NSS1"></item><item title="Bandwidth" value="40"></item><item title="Channel" value="149"></item><item title="Antenna" value="2"></item><item title="ExpectedPower" value="22"></item><item title="Power" value="22"></item><item title="TestType" value="Tx"></item><item title="EVM" value="-29,6202" result="FAIL"></item><item title="FREQERR" value="-2,29645" result="PASS"></item><item title="SYMCLOCKERR" value="-2,3527" result="PASS"></item><item title="POWER" value="21,8752" result="PASS"></item><item title="LOLEAKAGE" value="-50,7656" result="PASS"></item><item title="SPECTRUMMASK" value="9,85645" result="PASS"></item><item title="SPECTRUMMARGIN" value="9,85645" result="PASS"></item></Record><Criteria><item title="Modulation" value="MCS9NSS1"></item><item title="Bandwidth" value="40"></item><item title="Antenna" value="2"></item><item title="Channel" value="149"></item><item title="RfIcTemperature" value="5032"></item><item title="CpuTemperature" value="60"></item><item title="ExpectedPower" value="23"></item><item title="EVM" Max="-32" Min="-100"></item><item title="FREQERR" Max="15" Min="-15"></item><item title="SYMCLOCKERR" Max="20" Min="-100"></item><item title="POWER" Max="24,5" Min="21,5" Avg="23"></item><item title="LOLEAKAGE" Max="-17" Min="-100"></item><item title="SPECTRUMMASK" Max="100" Min="0"></item><item title="SPECTRUMMARGIN" Max="1000" Min="0"></item></Criteria><Record><item title="Modulation" value="MCS9NSS1"></item><item title="Bandwidth" value="40"></item><item title="Channel" value="149"></item><item title="Antenna" value="2"></item><item title="ExpectedPower" value="23"></item><item title="Power" value="23"></item><item title="TestType" value="Tx"></item><item title="EVM" value="-26,4159" result="FAIL"></item><item title="FREQERR" value="-2,3017" result="PASS"></item><item title="SYMCLOCKERR" value="0,203992" result="PASS"></item><item title="POWER" value="22,7767" result="PASS"></item><item title="LOLEAKAGE" value="-48,9715" result="PASS"></item><item title="SPECTRUMMASK" value="6,50975" result="PASS"></item><item title="SPECTRUMMARGIN" value="6,50975" result="PASS"></item></Record><Criteria><item title="Modulation" value="MCS9NSS1"></item><item title="Bandwidth" value="40"></item><item title="Antenna" value="2"></item><item title="Channel" value="149"></item><item title="RfIcTemperature" value="5032"></item><item title="CpuTemperature" value="60"></item><item title="ExpectedPower" value="24"></item><item title="EVM" Max="-32" Min="-100"></item><item title="FREQERR" Max="15" Min="-15"></item><item title="SYMCLOCKERR" Max="20" Min="-100"></item><item title="POWER" Max="25,5" Min="22,5" Avg="24"></item><item title="LOLEAKAGE" Max="-17" Min="-100"></item><item title="SPECTRUMMASK" Max="100" Min="0"></item><item title="SPECTRUMMARGIN" Max="1000" Min="0"></item></Criteria><Record><item title="Modulation" value="MCS9NSS1"></item><item title="Bandwidth" value="40"></item><item title="Channel" value="149"></item><item title="Antenna" value="2"></item><item title="ExpectedPower" value="24"></item><item title="Power" value="24"></item><item title="TestType" value="Tx"></item><item title="EVM" value="-23,8443" result="FAIL"></item><item title="FREQERR" value="-2,3038" result="PASS"></item><item title="SYMCLOCKERR" value="3,83031" result="PASS"></item><item title="POWER" value="23,9274" result="PASS"></item><item title="LOLEAKAGE" value="-42,2754" result="PASS"></item><item title="SPECTRUMMASK" value="2,97983" result="PASS"></item><item title="SPECTRUMMARGIN" value="2,97983" result="PASS"></item></Record><Criteria><item title="Modulation" value="MCS9NSS1"></item><item title="Bandwidth" value="40"></item><item title="Antenna" value="2"></item><item title="Channel" value="149"></item><item title="RfIcTemperature" value="5032"></item><item title="CpuTemperature" value="60"></item><item title="ExpectedPower" value="25"></item><item title="EVM" Max="-32" Min="-100"></item><item title="FREQERR" Max="15" Min="-15"></item><item title="SYMCLOCKERR" Max="20" Min="-100"></item><item title="POWER" Max="26,5" Min="23,5" Avg="25"></item><item title="LOLEAKAGE" Max="-17" Min="-100"></item><item title="SPECTRUMMASK" Max="100" Min="0"></item><item title="SPECTRUMMARGIN" Max="1000" Min="0"></item></Criteria><Record><item title="Modulation" value="MCS9NSS1"></item><item title="Bandwidth" value="40"></item><item title="Channel" value="149"></item><item title="Antenna" value="2"></item><item title="ExpectedPower" value="25"></item><item title="Power" value="25"></item><item title="TestType" value="Tx"></item><item title="EVM" value="-23,1745" result="FAIL"></item><item title="FREQERR" value="-2,29479" result="PASS"></item><item title="SYMCLOCKERR" value="-0,568533" result="PASS"></item><item title="POWER" value="24,8158" result="PASS"></item><item title="LOLEAKAGE" value="-44,5936" result="PASS"></item><item title="SPECTRUMMASK" value="-0,787399" result="FAIL"></item><item title="SPECTRUMMARGIN" value="-0,787399" result="FAIL"></item></Record><Criteria><item title="Modulation" value="MCS9NSS1"></item><item title="Bandwidth" value="40"></item><item title="Antenna" value="3"></item><item title="Channel" value="149"></item><item title="RfIcTemperature" value="5032"></item><item title="CpuTemperature" value="60"></item><item title="ExpectedPower" value="10"></item><item title="EVM" Max="-32" Min="-100"></item><item title="FREQERR" Max="15" Min="-15"></item><item title="SYMCLOCKERR" Max="20" Min="-100"></item><item title="POWER" Max="11,5" Min="8,5" Avg="10"></item><item title="LOLEAKAGE" Max="-17" Min="-100"></item><item title="SPECTRUMMASK" Max="100" Min="0"></item><item title="SPECTRUMMARGIN" Max="1000" Min="0"></item></Criteria><Record><item title="Modulation" value="MCS9NSS1"></item><item title="Bandwidth" value="40"></item><item title="Channel" value="149"></item><item title="Antenna" value="3"></item><item title="ExpectedPower" value="10"></item><item title="Power" value="10"></item><item title="TestType" value="Tx"></item><item title="EVM" value="-37,6048" result="PASS"></item><item title="FREQERR" value="-2,29719" result="PASS"></item><item title="SYMCLOCKERR" value="-2,42106" result="PASS"></item><item title="POWER" value="9,00274" result="PASS"></item><item title="LOLEAKAGE" value="-29,4268" result="PASS"></item><item title="SPECTRUMMASK" value="21,5675" result="PASS"></item><item title="SPECTRUMMARGIN" value="21,5675" result="PASS"></item></Record><Criteria><item title="Modulation" value="MCS9NSS1"></item><item title="Bandwidth" value="40"></item><item title="Antenna" value="3"></item><item title="Channel" value="149"></item><item title="RfIcTemperature" value="5032"></item><item title="CpuTemperature" value="60"></item><item title="ExpectedPower" value="11"></item><item title="EVM" Max="-32" Min="-100"></item><item title="FREQERR" Max="15" Min="-15"></item><item title="SYMCLOCKERR" Max="20" Min="-100"></item><item title="POWER" Max="12,5" Min="9,5" Avg="11"></item><item title="LOLEAKAGE" Max="-17" Min="-100"></item><item title="SPECTRUMMASK" Max="100" Min="0"></item><item title="SPECTRUMMARGIN" Max="1000" Min="0"></item></Criteria><Record><item title="Modulation" value="MCS9NSS1"></item><item title="Bandwidth" value="40"></item><item title="Channel" value="149"></item><item title="Antenna" value="3"></item><item title="ExpectedPower" value="11"></item><item title="Power" value="11"></item><item title="TestType" value="Tx"></item><item title="EVM" value="-39,2165" result="PASS"></item><item title="FREQERR" value="-2,2915" result="PASS"></item><item title="SYMCLOCKERR" value="-2,17671" result="PASS"></item><item title="POWER" value="10,3068" result="PASS"></item><item title="LOLEAKAGE" value="-29,6186" result="PASS"></item><item title="SPECTRUMMASK" value="21,0346" result="PASS"></item><item title="SPECTRUMMARGIN" value="21,0346" result="PASS"></item></Record><Criteria><item title="Modulation" value="MCS9NSS1"></item><item title="Bandwidth" value="40"></item><item title="Antenna" value="3"></item><item title="Channel" value="149"></item><item title="RfIcTemperature" value="5032"></item><item title="CpuTemperature" value="60"></item><item title="ExpectedPower" value="12"></item><item title="EVM" Max="-32" Min="-100"></item><item title="FREQERR" Max="15" Min="-15"></item><item title="SYMCLOCKERR" Max="20" Min="-100"></item><item title="POWER" Max="13,5" Min="10,5" Avg="12"></item><item title="LOLEAKAGE" Max="-17" Min="-100"></item><item title="SPECTRUMMASK" Max="100" Min="0"></item><item title="SPECTRUMMARGIN" Max="1000" Min="0"></item></Criteria><Record><item title="Modulation" value="MCS9NSS1"></item><item title="Bandwidth" value="40"></item><item title="Channel" value="149"></item><item title="Antenna" value="3"></item><item title="ExpectedPower" value="12"></item><item title="Power" value="12"></item><item title="TestType" value="Tx"></item><item title="EVM" value="-35,8285" result="PASS"></item><item title="FREQERR" value="-2,29451" result="PASS"></item><item title="SYMCLOCKERR" value="-1,64932" result="PASS"></item><item title="POWER" value="11,4856" result="PASS"></item><item title="LOLEAKAGE" value="-30,7502" result="PASS"></item><item title="SPECTRUMMASK" value="20,9595" result="PASS"></item><item title="SPECTRUMMARGIN" value="20,9595" result="PASS"></item></Record><Criteria><item title="Modulation" value="MCS9NSS1"></item><item title="Bandwidth" value="40"></item><item title="Antenna" value="3"></item><item title="Channel" value="149"></item><item title="RfIcTemperature" value="5032"></item><item title="CpuTemperature" value="60"></item><item title="ExpectedPower" value="13"></item><item title="EVM" Max="-32" Min="-100"></item><item title="FREQERR" Max="15" Min="-15"></item><item title="SYMCLOCKERR" Max="20" Min="-100"></item><item title="POWER" Max="14,5" Min="11,5" Avg="13"></item><item title="LOLEAKAGE" Max="-17" Min="-100"></item><item title="SPECTRUMMASK" Max="100" Min="0"></item><item title="SPECTRUMMARGIN" Max="1000" Min="0"></item></Criteria><Record><item title="Modulation" value="MCS9NSS1"></item><item title="Bandwidth" value="40"></item><item title="Channel" value="149"></item><item title="Antenna" value="3"></item><item title="ExpectedPower" value="13"></item><item title="Power" value="13"></item><item title="TestType" value="Tx"></item><item title="EVM" value="-37,8821" result="PASS"></item><item title="FREQERR" value="-2,2948" result="PASS"></item><item title="SYMCLOCKERR" value="-1,72968" result="PASS"></item><item title="POWER" value="12,663" result="PASS"></item><item title="LOLEAKAGE" value="-30,5136" result="PASS"></item><item title="SPECTRUMMASK" value="22,1218" result="PASS"></item><item title="SPECTRUMMARGIN" value="22,1218" result="PASS"></item></Record><Criteria><item title="Modulation" value="MCS9NSS1"></item><item title="Bandwidth" value="40"></item><item title="Antenna" value="3"></item><item title="Channel" value="149"></item><item title="RfIcTemperature" value="5032"></item><item title="CpuTemperature" value="60"></item><item title="ExpectedPower" value="14"></item><item title="EVM" Max="-32" Min="-100"></item><item title="FREQERR" Max="15" Min="-15"></item><item title="SYMCLOCKERR" Max="20" Min="-100"></item><item title="POWER" Max="15,5" Min="12,5" Avg="14"></item><item title="LOLEAKAGE" Max="-17" Min="-100"></item><item title="SPECTRUMMASK" Max="100" Min="0"></item><item title="SPECTRUMMARGIN" Max="1000" Min="0"></item></Criteria><Record><item title="Modulation" value="MCS9NSS1"></item><item title="Bandwidth" value="40"></item><item title="Channel" value="149"></item><item title="Antenna" value="3"></item><item title="ExpectedPower" value="14"></item><item title="Power" value="14"></item><item title="TestType" value="Tx"></item><item title="EVM" value="-37,2594" result="PASS"></item><item title="FREQERR" value="-2,29232" result="PASS"></item><item title="SYMCLOCKERR" value="-2,04368" result="PASS"></item><item title="POWER" value="13,7562" result="PASS"></item><item title="LOLEAKAGE" value="-31,0668" result="PASS"></item><item title="SPECTRUMMASK" value="20,3352" result="PASS"></item><item title="SPECTRUMMARGIN" value="20,3352" result="PASS"></item></Record><Criteria><item title="Modulation" value="MCS9NSS1"></item><item title="Bandwidth" value="40"></item><item title="Antenna" value="3"></item><item title="Channel" value="149"></item><item title="RfIcTemperature" value="5032"></item><item title="CpuTemperature" value="60"></item><item title="ExpectedPower" value="15"></item><item title="EVM" Max="-32" Min="-100"></item><item title="FREQERR" Max="15" Min="-15"></item><item title="SYMCLOCKERR" Max="20" Min="-100"></item><item title="POWER" Max="16,5" Min="13,5" Avg="15"></item><item title="LOLEAKAGE" Max="-17" Min="-100"></item><item title="SPECTRUMMASK" Max="100" Min="0"></item><item title="SPECTRUMMARGIN" Max="1000" Min="0"></item></Criteria><Record><item title="Modulation" value="MCS9NSS1"></item><item title="Bandwidth" value="40"></item><item title="Channel" value="149"></item><item title="Antenna" value="3"></item><item title="ExpectedPower" value="15"></item><item title="Power" value="15"></item><item title="TestType" value="Tx"></item><item title="EVM" value="-37,6391" result="PASS"></item><item title="FREQERR" value="-2,29523" result="PASS"></item><item title="SYMCLOCKERR" value="-2,31957" result="PASS"></item><item title="POWER" value="14,8846" result="PASS"></item><item title="LOLEAKAGE" value="-30,6416" result="PASS"></item><item title="SPECTRUMMASK" value="21,4571" result="PASS"></item><item title="SPECTRUMMARGIN" value="21,4571" result="PASS"></item></Record><Criteria><item title="Modulation" value="MCS9NSS1"></item><item title="Bandwidth" value="40"></item><item title="Antenna" value="3"></item><item title="Channel" value="149"></item><item title="RfIcTemperature" value="5032"></item><item title="CpuTemperature" value="60"></item><item title="ExpectedPower" value="16"></item><item title="EVM" Max="-32" Min="-100"></item><item title="FREQERR" Max="15" Min="-15"></item><item title="SYMCLOCKERR" Max="20" Min="-100"></item><item title="POWER" Max="17,5" Min="14,5" Avg="16"></item><item title="LOLEAKAGE" Max="-17" Min="-100"></item><item title="SPECTRUMMASK" Max="100" Min="0"></item><item title="SPECTRUMMARGIN" Max="1000" Min="0"></item></Criteria><Record><item title="Modulation" value="MCS9NSS1"></item><item title="Bandwidth" value="40"></item><item title="Channel" value="149"></item><item title="Antenna" value="3"></item><item title="ExpectedPower" value="16"></item><item title="Power" value="16"></item><item title="TestType" value="Tx"></item><item title="EVM" value="-36,0774" result="PASS"></item><item title="FREQERR" value="-2,292" result="PASS"></item><item title="SYMCLOCKERR" value="-2,05872" result="PASS"></item><item title="POWER" value="16,0584" result="PASS"></item><item title="LOLEAKAGE" value="-33,4671" result="PASS"></item><item title="SPECTRUMMASK" value="21,3734" result="PASS"></item><item title="SPECTRUMMARGIN" value="21,3734" result="PASS"></item></Record><Criteria><item title="Modulation" value="MCS9NSS1"></item><item title="Bandwidth" value="40"></item><item title="Antenna" value="3"></item><item title="Channel" value="149"></item><item title="RfIcTemperature" value="5032"></item><item title="CpuTemperature" value="60"></item><item title="ExpectedPower" value="17"></item><item title="EVM" Max="-32" Min="-100"></item><item title="FREQERR" Max="15" Min="-15"></item><item title="SYMCLOCKERR" Max="20" Min="-100"></item><item title="POWER" Max="18,5" Min="15,5" Avg="17"></item><item title="LOLEAKAGE" Max="-17" Min="-100"></item><item title="SPECTRUMMASK" Max="100" Min="0"></item><item title="SPECTRUMMARGIN" Max="1000" Min="0"></item></Criteria><Record><item title="Modulation" value="MCS9NSS1"></item><item title="Bandwidth" value="40"></item><item title="Channel" value="149"></item><item title="Antenna" value="3"></item><item title="ExpectedPower" value="17"></item><item title="Power" value="17"></item><item title="TestType" value="Tx"></item><item title="EVM" value="-38,5544" result="PASS"></item><item title="FREQERR" value="-2,29008" result="PASS"></item><item title="SYMCLOCKERR" value="-2,19469" result="PASS"></item><item title="POWER" value="17,1345" result="PASS"></item><item title="LOLEAKAGE" value="-34,8415" result="PASS"></item><item title="SPECTRUMMASK" value="18,6735" result="PASS"></item><item title="SPECTRUMMARGIN" value="18,6735" result="PASS"></item></Record><Criteria><item title="Modulation" value="MCS9NSS1"></item><item title="Bandwidth" value="40"></item><item title="Antenna" value="3"></item><item title="Channel" value="149"></item><item title="RfIcTemperature" value="5032"></item><item title="CpuTemperature" value="60"></item><item title="ExpectedPower" value="18"></item><item title="EVM" Max="-32" Min="-100"></item><item title="FREQERR" Max="15" Min="-15"></item><item title="SYMCLOCKERR" Max="20" Min="-100"></item><item title="POWER" Max="19,5" Min="16,5" Avg="18"></item><item title="LOLEAKAGE" Max="-17" Min="-100"></item><item title="SPECTRUMMASK" Max="100" Min="0"></item><item title="SPECTRUMMARGIN" Max="1000" Min="0"></item></Criteria><Record><item title="Modulation" value="MCS9NSS1"></item><item title="Bandwidth" value="40"></item><item title="Channel" value="149"></item><item title="Antenna" value="3"></item><item title="ExpectedPower" value="18"></item><item title="Power" value="18"></item><item title="TestType" value="Tx"></item><item title="EVM" value="-36,4639" result="PASS"></item><item title="FREQERR" value="-2,29002" result="PASS"></item><item title="SYMCLOCKERR" value="-2,3108" result="PASS"></item><item title="POWER" value="17,8969" result="PASS"></item><item title="LOLEAKAGE" value="-36,305" result="PASS"></item><item title="SPECTRUMMASK" value="21,0073" result="PASS"></item><item title="SPECTRUMMARGIN" value="21,0073" result="PASS"></item></Record><Criteria><item title="Modulation" value="MCS9NSS1"></item><item title="Bandwidth" value="40"></item><item title="Antenna" value="3"></item><item title="Channel" value="149"></item><item title="RfIcTemperature" value="5032"></item><item title="CpuTemperature" value="60"></item><item title="ExpectedPower" value="19"></item><item title="EVM" Max="-32" Min="-100"></item><item title="FREQERR" Max="15" Min="-15"></item><item title="SYMCLOCKERR" Max="20" Min="-100"></item><item title="POWER" Max="20,5" Min="17,5" Avg="19"></item><item title="LOLEAKAGE" Max="-17" Min="-100"></item><item title="SPECTRUMMASK" Max="100" Min="0"></item><item title="SPECTRUMMARGIN" Max="1000" Min="0"></item></Criteria><Record><item title="Modulation" value="MCS9NSS1"></item><item title="Bandwidth" value="40"></item><item title="Channel" value="149"></item><item title="Antenna" value="3"></item><item title="ExpectedPower" value="19"></item><item title="Power" value="19"></item><item title="TestType" value="Tx"></item><item title="EVM" value="-35,1654" result="PASS"></item><item title="FREQERR" value="-2,28747" result="PASS"></item><item title="SYMCLOCKERR" value="-2,33533" result="PASS"></item><item title="POWER" value="19,0644" result="PASS"></item><item title="LOLEAKAGE" value="-38,2894" result="PASS"></item><item title="SPECTRUMMASK" value="18,4428" result="PASS"></item><item title="SPECTRUMMARGIN" value="18,4428" result="PASS"></item></Record><Criteria><item title="Modulation" value="MCS9NSS1"></item><item title="Bandwidth" value="40"></item><item title="Antenna" value="3"></item><item title="Channel" value="149"></item><item title="RfIcTemperature" value="5032"></item><item title="CpuTemperature" value="60"></item><item title="ExpectedPower" value="20"></item><item title="EVM" Max="-32" Min="-100"></item><item title="FREQERR" Max="15" Min="-15"></item><item title="SYMCLOCKERR" Max="20" Min="-100"></item><item title="POWER" Max="21,5" Min="18,5" Avg="20"></item><item title="LOLEAKAGE" Max="-17" Min="-100"></item><item title="SPECTRUMMASK" Max="100" Min="0"></item><item title="SPECTRUMMARGIN" Max="1000" Min="0"></item></Criteria><Record><item title="Modulation" value="MCS9NSS1"></item><item title="Bandwidth" value="40"></item><item title="Channel" value="149"></item><item title="Antenna" value="3"></item><item title="ExpectedPower" value="20"></item><item title="Power" value="20"></item><item title="TestType" value="Tx"></item><item title="EVM" value="-34,14" result="PASS"></item><item title="FREQERR" value="-2,28888" result="PASS"></item><item title="SYMCLOCKERR" value="-1,92747" result="PASS"></item><item title="POWER" value="20,0383" result="PASS"></item><item title="LOLEAKAGE" value="-48,3343" result="PASS"></item><item title="SPECTRUMMASK" value="12,6902" result="PASS"></item><item title="SPECTRUMMARGIN" value="12,6902" result="PASS"></item></Record><Criteria><item title="Modulation" value="MCS9NSS1"></item><item title="Bandwidth" value="40"></item><item title="Antenna" value="3"></item><item title="Channel" value="149"></item><item title="RfIcTemperature" value="5032"></item><item title="CpuTemperature" value="60"></item><item title="ExpectedPower" value="21"></item><item title="EVM" Max="-32" Min="-100"></item><item title="FREQERR" Max="15" Min="-15"></item><item title="SYMCLOCKERR" Max="20" Min="-100"></item><item title="POWER" Max="22,5" Min="19,5" Avg="21"></item><item title="LOLEAKAGE" Max="-17" Min="-100"></item><item title="SPECTRUMMASK" Max="100" Min="0"></item><item title="SPECTRUMMARGIN" Max="1000" Min="0"></item></Criteria><Record><item title="Modulation" value="MCS9NSS1"></item><item title="Bandwidth" value="40"></item><item title="Channel" value="149"></item><item title="Antenna" value="3"></item><item title="ExpectedPower" value="21"></item><item title="Power" value="21"></item><item title="TestType" value="Tx"></item><item title="EVM" value="-28,323" result="FAIL"></item><item title="FREQERR" value="-2,28664" result="PASS"></item><item title="SYMCLOCKERR" value="-2,0351" result="PASS"></item><item title="POWER" value="21,1246" result="PASS"></item><item title="LOLEAKAGE" value="-43,2492" result="PASS"></item><item title="SPECTRUMMASK" value="8,45767" result="PASS"></item><item title="SPECTRUMMARGIN" value="8,45767" result="PASS"></item></Record><Criteria><item title="Modulation" value="MCS9NSS1"></item><item title="Bandwidth" value="40"></item><item title="Antenna" value="3"></item><item title="Channel" value="149"></item><item title="RfIcTemperature" value="5032"></item><item title="CpuTemperature" value="60"></item><item title="ExpectedPower" value="22"></item><item title="EVM" Max="-32" Min="-100"></item><item title="FREQERR" Max="15" Min="-15"></item><item title="SYMCLOCKERR" Max="20" Min="-100"></item><item title="POWER" Max="23,5" Min="20,5" Avg="22"></item><item title="LOLEAKAGE" Max="-17" Min="-100"></item><item title="SPECTRUMMASK" Max="100" Min="0"></item><item title="SPECTRUMMARGIN" Max="1000" Min="0"></item></Criteria><Record><item title="Modulation" value="MCS9NSS1"></item><item title="Bandwidth" value="40"></item><item title="Channel" value="149"></item><item title="Antenna" value="3"></item><item title="ExpectedPower" value="22"></item><item title="Power" value="22"></item><item title="TestType" value="Tx"></item><item title="EVM" value="-27,1082" result="FAIL"></item><item title="FREQERR" value="-2,27936" result="PASS"></item><item title="SYMCLOCKERR" value="-3,25766" result="PASS"></item><item title="POWER" value="21,8292" result="PASS"></item><item title="LOLEAKAGE" value="-46,2142" result="PASS"></item><item title="SPECTRUMMASK" value="5,79084" result="PASS"></item><item title="SPECTRUMMARGIN" value="5,79084" result="PASS"></item></Record><Criteria><item title="Modulation" value="MCS9NSS1"></item><item title="Bandwidth" value="40"></item><item title="Antenna" value="3"></item><item title="Channel" value="149"></item><item title="RfIcTemperature" value="5032"></item><item title="CpuTemperature" value="60"></item><item title="ExpectedPower" value="23"></item><item title="EVM" Max="-32" Min="-100"></item><item title="FREQERR" Max="15" Min="-15"></item><item title="SYMCLOCKERR" Max="20" Min="-100"></item><item title="POWER" Max="24,5" Min="21,5" Avg="23"></item><item title="LOLEAKAGE" Max="-17" Min="-100"></item><item title="SPECTRUMMASK" Max="100" Min="0"></item><item title="SPECTRUMMARGIN" Max="1000" Min="0"></item></Criteria><Record><item title="Modulation" value="MCS9NSS1"></item><item title="Bandwidth" value="40"></item><item title="Channel" value="149"></item><item title="Antenna" value="3"></item><item title="ExpectedPower" value="23"></item><item title="Power" value="23"></item><item title="TestType" value="Tx"></item><item title="EVM" value="-24,0467" result="FAIL"></item><item title="FREQERR" value="-2,29862" result="PASS"></item><item title="SYMCLOCKERR" value="0,139471" result="PASS"></item><item title="POWER" value="22,8951" result="PASS"></item><item title="LOLEAKAGE" value="-43,1138" result="PASS"></item><item title="SPECTRUMMASK" value="2,97839" result="PASS"></item><item title="SPECTRUMMARGIN" value="2,97839" result="PASS"></item></Record><Criteria><item title="Modulation" value="MCS9NSS1"></item><item title="Bandwidth" value="40"></item><item title="Antenna" value="3"></item><item title="Channel" value="149"></item><item title="RfIcTemperature" value="5032"></item><item title="CpuTemperature" value="60"></item><item title="ExpectedPower" value="24"></item><item title="EVM" Max="-32" Min="-100"></item><item title="FREQERR" Max="15" Min="-15"></item><item title="SYMCLOCKERR" Max="20" Min="-100"></item><item title="POWER" Max="25,5" Min="22,5" Avg="24"></item><item title="LOLEAKAGE" Max="-17" Min="-100"></item><item title="SPECTRUMMASK" Max="100" Min="0"></item><item title="SPECTRUMMARGIN" Max="1000" Min="0"></item></Criteria><Record><item title="Modulation" value="MCS9NSS1"></item><item title="Bandwidth" value="40"></item><item title="Channel" value="149"></item><item title="Antenna" value="3"></item><item title="ExpectedPower" value="24"></item><item title="Power" value="24"></item><item title="TestType" value="Tx"></item><item title="EVM" value="-23,1916" result="FAIL"></item><item title="FREQERR" value="-2,27822" result="PASS"></item><item title="SYMCLOCKERR" value="-0,0270741" result="PASS"></item><item title="POWER" value="23,7903" result="PASS"></item><item title="LOLEAKAGE" value="-42,7252" result="PASS"></item><item title="SPECTRUMMASK" value="-0,381676" result="FAIL"></item><item title="SPECTRUMMARGIN" value="-0,381676" result="FAIL"></item></Record><Criteria><item title="Modulation" value="MCS9NSS1"></item><item title="Bandwidth" value="40"></item><item title="Antenna" value="3"></item><item title="Channel" value="149"></item><item title="RfIcTemperature" value="5032"></item><item title="CpuTemperature" value="60"></item><item title="ExpectedPower" value="25"></item><item title="EVM" Max="-32" Min="-100"></item><item title="FREQERR" Max="15" Min="-15"></item><item title="SYMCLOCKERR" Max="20" Min="-100"></item><item title="POWER" Max="26,5" Min="23,5" Avg="25"></item><item title="LOLEAKAGE" Max="-17" Min="-100"></item><item title="SPECTRUMMASK" Max="100" Min="0"></item><item title="SPECTRUMMARGIN" Max="1000" Min="0"></item></Criteria><Record><item title="Modulation" value="MCS9NSS1"></item><item title="Bandwidth" value="40"></item><item title="Channel" value="149"></item><item title="Antenna" value="3"></item><item title="ExpectedPower" value="25"></item><item title="Power" value="25"></item><item title="TestType" value="Tx"></item><item title="EVM" value="-22,136" result="FAIL"></item><item title="FREQERR" value="-2,27788" result="PASS"></item><item title="SYMCLOCKERR" value="-3,43494" result="PASS"></item><item title="POWER" value="24,5984" result="PASS"></item><item title="LOLEAKAGE" value="-40,2727" result="PASS"></item><item title="SPECTRUMMASK" value="-2,69559" result="FAIL"></item><item title="SPECTRUMMARGIN" value="-2,69559" result="FAIL"></item></Record><Criteria><item title="Modulation" value="MCS0NSS1"></item><item title="Bandwidth" value="20"></item><item title="Antenna" value="0"></item><item title="Channel" value="36"></item><item title="RfIcTemperature" value="46"></item><item title="CpuTemperature" value="60"></item><item title="ExpectedPower" value="10"></item><item title="EVM" Max="-5" Min="-100"></item><item title="FREQERR" Max="15" Min="-15"></item><item title="SYMCLOCKERR" Max="20" Min="-100"></item><item title="POWER" Max="11,5" Min="8,5" Avg="10"></item><item title="LOLEAKAGE" Max="-17" Min="-100"></item><item title="SPECTRUMMASK" Max="100" Min="0"></item><item title="SPECTRUMMARGIN" Max="1000" Min="0"></item></Criteria><Record><item title="Modulation" value="MCS0NSS1"></item><item title="Bandwidth" value="20"></item><item title="Channel" value="36"></item><item title="Antenna" value="0"></item><item title="ExpectedPower" value="10"></item><item title="Power" value="10"></item><item title="TestType" value="Tx"></item><item title="EVM" value="-18,4596" result="PASS"></item><item title="FREQERR" value="-2,29286" result="PASS"></item><item title="SYMCLOCKERR" value="-5,507" result="PASS"></item><item title="POWER" value="8,10949" result="FAIL"></item><item title="LOLEAKAGE" value="-32,894" result="PASS"></item><item title="SPECTRUMMASK" value="11,1718" result="PASS"></item><item title="SPECTRUMMARGIN" value="11,1718" result="PASS"></item></Record><Criteria><item title="Modulation" value="MCS0NSS1"></item><item title="Bandwidth" value="20"></item><item title="Antenna" value="0"></item><item title="Channel" value="36"></item><item title="RfIcTemperature" value="46"></item><item title="CpuTemperature" value="60"></item><item title="ExpectedPower" value="11"></item><item title="EVM" Max="-5" Min="-100"></item><item title="FREQERR" Max="15" Min="-15"></item><item title="SYMCLOCKERR" Max="20" Min="-100"></item><item title="POWER" Max="12,5" Min="9,5" Avg="11"></item><item title="LOLEAKAGE" Max="-17" Min="-100"></item><item title="SPECTRUMMASK" Max="100" Min="0"></item><item title="SPECTRUMMARGIN" Max="1000" Min="0"></item></Criteria><Record><item title="Modulation" value="MCS0NSS1"></item><item title="Bandwidth" value="20"></item><item title="Channel" value="36"></item><item title="Antenna" value="0"></item><item title="ExpectedPower" value="11"></item><item title="Power" value="11"></item><item title="TestType" value="Tx"></item><item title="EVM" value="-18,6427" result="PASS"></item><item title="FREQERR" value="-2,28485" result="PASS"></item><item title="SYMCLOCKERR" value="-11,0871" result="PASS"></item><item title="POWER" value="8,84892" result="FAIL"></item><item title="LOLEAKAGE" value="-34,5046" result="PASS"></item><item title="SPECTRUMMASK" value="11,0958" result="PASS"></item><item title="SPECTRUMMARGIN" value="11,0958" result="PASS"></item></Record><Criteria><item title="Modulation" value="MCS0NSS1"></item><item title="Bandwidth" value="20"></item><item title="Antenna" value="0"></item><item title="Channel" value="36"></item><item title="RfIcTemperature" value="46"></item><item title="CpuTemperature" value="60"></item><item title="ExpectedPower" value="12"></item><item title="EVM" Max="-5" Min="-100"></item><item title="FREQERR" Max="15" Min="-15"></item><item title="SYMCLOCKERR" Max="20" Min="-100"></item><item title="POWER" Max="13,5" Min="10,5" Avg="12"></item><item title="LOLEAKAGE" Max="-17" Min="-100"></item><item title="SPECTRUMMASK" Max="100" Min="0"></item><item title="SPECTRUMMARGIN" Max="1000" Min="0"></item></Criteria><Record><item title="Modulation" value="MCS0NSS1"></item><item title="Bandwidth" value="20"></item><item title="Channel" value="36"></item><item title="Antenna" value="0"></item><item title="ExpectedPower" value="12"></item><item title="Power" value="12"></item><item title="TestType" value="Tx"></item><item title="EVM" value="-19,7034" result="PASS"></item><item title="FREQERR" value="-2,2821" result="PASS"></item><item title="SYMCLOCKERR" value="3,00508" result="PASS"></item><item title="POWER" value="10,1068" result="FAIL"></item><item title="LOLEAKAGE" value="-34,3297" result="PASS"></item><item title="SPECTRUMMASK" value="12,3527" result="PASS"></item><item title="SPECTRUMMARGIN" value="12,3527" result="PASS"></item></Record><Criteria><item title="Modulation" value="MCS0NSS1"></item><item title="Bandwidth" value="20"></item><item title="Antenna" value="0"></item><item title="Channel" value="36"></item><item title="RfIcTemperature" value="46"></item><item title="CpuTemperature" value="60"></item><item title="ExpectedPower" value="13"></item><item title="EVM" Max="-5" Min="-100"></item><item title="FREQERR" Max="15" Min="-15"></item><item title="SYMCLOCKERR" Max="20" Min="-100"></item><item title="POWER" Max="14,5" Min="11,5" Avg="13"></item><item title="LOLEAKAGE" Max="-17" Min="-100"></item><item title="SPECTRUMMASK" Max="100" Min="0"></item><item title="SPECTRUMMARGIN" Max="1000" Min="0"></item></Criteria><Record><item title="Modulation" value="MCS0NSS1"></item><item title="Bandwidth" value="20"></item><item title="Channel" value="36"></item><item title="Antenna" value="0"></item><item title="ExpectedPower" value="13"></item><item title="Power" value="13"></item><item title="TestType" value="Tx"></item><item title="EVM" value="-18,7822" result="PASS"></item><item title="FREQERR" value="-2,28171" result="PASS"></item><item title="SYMCLOCKERR" value="-1,87223" result="PASS"></item><item title="POWER" value="11,0237" result="FAIL"></item><item title="LOLEAKAGE" value="-39,7722" result="PASS"></item><item title="SPECTRUMMASK" value="12,2141" result="PASS"></item><item title="SPECTRUMMARGIN" value="12,2141" result="PASS"></item></Record><Criteria><item title="Modulation" value="MCS0NSS1"></item><item title="Bandwidth" value="20"></item><item title="Antenna" value="0"></item><item title="Channel" value="36"></item><item title="RfIcTemperature" value="46"></item><item title="CpuTemperature" value="60"></item><item title="ExpectedPower" value="14"></item><item title="EVM" Max="-5" Min="-100"></item><item title="FREQERR" Max="15" Min="-15"></item><item title="SYMCLOCKERR" Max="20" Min="-100"></item><item title="POWER" Max="15,5" Min="12,5" Avg="14"></item><item title="LOLEAKAGE" Max="-17" Min="-100"></item><item title="SPECTRUMMASK" Max="100" Min="0"></item><item title="SPECTRUMMARGIN" Max="1000" Min="0"></item></Criteria><Record><item title="Modulation" value="MCS0NSS1"></item><item title="Bandwidth" value="20"></item><item title="Channel" value="36"></item><item title="Antenna" value="0"></item><item title="ExpectedPower" value="14"></item><item title="Power" value="14"></item><item title="TestType" value="Tx"></item><item title="EVM" value="-20,3185" result="PASS"></item><item title="FREQERR" value="-2,28332" result="PASS"></item><item title="SYMCLOCKERR" value="1,69437" result="PASS"></item><item title="POWER" value="11,9497" result="FAIL"></item><item title="LOLEAKAGE" value="-39,7727" result="PASS"></item><item title="SPECTRUMMASK" value="12,3904" result="PASS"></item><item title="SPECTRUMMARGIN" value="12,3904" result="PASS"></item></Record><Criteria><item title="Modulation" value="MCS0NSS1"></item><item title="Bandwidth" value="20"></item><item title="Antenna" value="0"></item><item title="Channel" value="36"></item><item title="RfIcTemperature" value="46"></item><item title="CpuTemperature" value="60"></item><item title="ExpectedPower" value="15"></item><item title="EVM" Max="-5" Min="-100"></item><item title="FREQERR" Max="15" Min="-15"></item><item title="SYMCLOCKERR" Max="20" Min="-100"></item><item title="POWER" Max="16,5" Min="13,5" Avg="15"></item><item title="LOLEAKAGE" Max="-17" Min="-100"></item><item title="SPECTRUMMASK" Max="100" Min="0"></item><item title="SPECTRUMMARGIN" Max="1000" Min="0"></item></Criteria><Record><item title="Modulation" value="MCS0NSS1"></item><item title="Bandwidth" value="20"></item><item title="Channel" value="36"></item><item title="Antenna" value="0"></item><item title="ExpectedPower" value="15"></item><item title="Power" value="15"></item><item title="TestType" value="Tx"></item><item title="EVM" value="-17,7185" result="PASS"></item><item title="FREQERR" value="-2,2698" result="PASS"></item><item title="SYMCLOCKERR" value="-9,54186" result="PASS"></item><item title="POWER" value="13,3914" result="FAIL"></item><item title="LOLEAKAGE" value="-41,8066" result="PASS"></item><item title="SPECTRUMMASK" value="13,3067" result="PASS"></item><item title="SPECTRUMMARGIN" value="13,3067" result="PASS"></item></Record><Criteria><item title="Modulation" value="MCS0NSS1"></item><item title="Bandwidth" value="20"></item><item title="Antenna" value="0"></item><item title="Channel" value="36"></item><item title="RfIcTemperature" value="46"></item><item title="CpuTemperature" value="60"></item><item title="ExpectedPower" value="16"></item><item title="EVM" Max="-5" Min="-100"></item><item title="FREQERR" Max="15" Min="-15"></item><item title="SYMCLOCKERR" Max="20" Min="-100"></item><item title="POWER" Max="17,5" Min="14,5" Avg="16"></item><item title="LOLEAKAGE" Max="-17" Min="-100"></item><item title="SPECTRUMMASK" Max="100" Min="0"></item><item title="SPECTRUMMARGIN" Max="1000" Min="0"></item></Criteria><Record><item title="Modulation" value="MCS0NSS1"></item><item title="Bandwidth" value="20"></item><item title="Channel" value="36"></item><item title="Antenna" value="0"></item><item title="ExpectedPower" value="16"></item><item title="Power" value="16"></item><item title="TestType" value="Tx"></item><item title="EVM" value="-17,518" result="PASS"></item><item title="FREQERR" value="-2,27263" result="PASS"></item><item title="SYMCLOCKERR" value="-1,52137" result="PASS"></item><item title="POWER" value="14,15" result="FAIL"></item><item title="LOLEAKAGE" value="-43,969" result="PASS"></item><item title="SPECTRUMMASK" value="10,6776" result="PASS"></item><item title="SPECTRUMMARGIN" value="10,6776" result="PASS"></item></Record><Criteria><item title="Modulation" value="MCS0NSS1"></item><item title="Bandwidth" value="20"></item><item title="Antenna" value="0"></item><item title="Channel" value="36"></item><item title="RfIcTemperature" value="46"></item><item title="CpuTemperature" value="60"></item><item title="ExpectedPower" value="17"></item><item title="EVM" Max="-5" Min="-100"></item><item title="FREQERR" Max="15" Min="-15"></item><item title="SYMCLOCKERR" Max="20" Min="-100"></item><item title="POWER" Max="18,5" Min="15,5" Avg="17"></item><item title="LOLEAKAGE" Max="-17" Min="-100"></item><item title="SPECTRUMMASK" Max="100" Min="0"></item><item title="SPECTRUMMARGIN" Max="1000" Min="0"></item></Criteria><Record><item title="Modulation" value="MCS0NSS1"></item><item title="Bandwidth" value="20"></item><item title="Channel" value="36"></item><item title="Antenna" value="0"></item><item title="ExpectedPower" value="17"></item><item title="Power" value="17"></item><item title="TestType" value="Tx"></item><item title="EVM" value="-17,3669" result="PASS"></item><item title="FREQERR" value="-2,26975" result="PASS"></item><item title="SYMCLOCKERR" value="7,53705" result="PASS"></item><item title="POWER" value="15,1235" result="FAIL"></item><item title="LOLEAKAGE" value="-47,1525" result="PASS"></item><item title="SPECTRUMMASK" value="10,7738" result="PASS"></item><item title="SPECTRUMMARGIN" value="10,7738" result="PASS"></item></Record><Criteria><item title="Modulation" value="MCS0NSS1"></item><item title="Bandwidth" value="20"></item><item title="Antenna" value="0"></item><item title="Channel" value="36"></item><item title="RfIcTemperature" value="46"></item><item title="CpuTemperature" value="60"></item><item title="ExpectedPower" value="18"></item><item title="EVM" Max="-5" Min="-100"></item><item title="FREQERR" Max="15" Min="-15"></item><item title="SYMCLOCKERR" Max="20" Min="-100"></item><item title="POWER" Max="19,5" Min="16,5" Avg="18"></item><item title="LOLEAKAGE" Max="-17" Min="-100"></item><item title="SPECTRUMMASK" Max="100" Min="0"></item><item title="SPECTRUMMARGIN" Max="1000" Min="0"></item></Criteria><Record><item title="Modulation" value="MCS0NSS1"></item><item title="Bandwidth" value="20"></item><item title="Channel" value="36"></item><item title="Antenna" value="0"></item><item title="ExpectedPower" value="18"></item><item title="Power" value="18"></item><item title="TestType" value="Tx"></item><item title="EVM" value="-17,727" result="PASS"></item><item title="FREQERR" value="-2,26736" result="PASS"></item><item title="SYMCLOCKERR" value="-9,71509" result="PASS"></item><item title="POWER" value="16,1467" result="FAIL"></item><item title="LOLEAKAGE" value="-48,204" result="PASS"></item><item title="SPECTRUMMASK" value="11,8244" result="PASS"></item><item title="SPECTRUMMARGIN" value="11,8244" result="PASS"></item></Record><Criteria><item title="Modulation" value="MCS0NSS1"></item><item title="Bandwidth" value="20"></item><item title="Antenna" value="0"></item><item title="Channel" value="36"></item><item title="RfIcTemperature" value="46"></item><item title="CpuTemperature" value="60"></item><item title="ExpectedPower" value="19"></item><item title="EVM" Max="-5" Min="-100"></item><item title="FREQERR" Max="15" Min="-15"></item><item title="SYMCLOCKERR" Max="20" Min="-100"></item><item title="POWER" Max="20,5" Min="17,5" Avg="19"></item><item title="LOLEAKAGE" Max="-17" Min="-100"></item><item title="SPECTRUMMASK" Max="100" Min="0"></item><item title="SPECTRUMMARGIN" Max="1000" Min="0"></item></Criteria><Record><item title="Modulation" value="MCS0NSS1"></item><item title="Bandwidth" value="20"></item><item title="Channel" value="36"></item><item title="Antenna" value="0"></item><item title="ExpectedPower" value="19"></item><item title="Power" value="19"></item><item title="TestType" value="Tx"></item><item title="EVM" value="-18,8953" result="PASS"></item><item title="FREQERR" value="-2,26657" result="PASS"></item><item title="SYMCLOCKERR" value="-1,23295" result="PASS"></item><item title="POWER" value="17,0582" result="FAIL"></item><item title="LOLEAKAGE" value="-57,1029" result="PASS"></item><item title="SPECTRUMMASK" value="11,1328" result="PASS"></item><item title="SPECTRUMMARGIN" value="11,1328" result="PASS"></item></Record><Criteria><item title="Modulation" value="MCS0NSS1"></item><item title="Bandwidth" value="20"></item><item title="Antenna" value="0"></item><item title="Channel" value="36"></item><item title="RfIcTemperature" value="46"></item><item title="CpuTemperature" value="60"></item><item title="ExpectedPower" value="20"></item><item title="EVM" Max="-5" Min="-100"></item><item title="FREQERR" Max="15" Min="-15"></item><item title="SYMCLOCKERR" Max="20" Min="-100"></item><item title="POWER" Max="21,5" Min="18,5" Avg="20"></item><item title="LOLEAKAGE" Max="-17" Min="-100"></item><item title="SPECTRUMMASK" Max="100" Min="0"></item><item title="SPECTRUMMARGIN" Max="1000" Min="0"></item></Criteria><Record><item title="Modulation" value="MCS0NSS1"></item><item title="Bandwidth" value="20"></item><item title="Channel" value="36"></item><item title="Antenna" value="0"></item><item title="ExpectedPower" value="20"></item><item title="Power" value="20"></item><item title="TestType" value="Tx"></item><item title="EVM" value="-18,2101" result="PASS"></item><item title="FREQERR" value="-2,25712" result="PASS"></item><item title="SYMCLOCKERR" value="0,342319" result="PASS"></item><item title="POWER" value="18,0446" result="FAIL"></item><item title="LOLEAKAGE" value="-49,9868" result="PASS"></item><item title="SPECTRUMMASK" value="12,1218" result="PASS"></item><item title="SPECTRUMMARGIN" value="12,1218" result="PASS"></item></Record><Criteria><item title="Modulation" value="MCS0NSS1"></item><item title="Bandwidth" value="20"></item><item title="Antenna" value="0"></item><item title="Channel" value="36"></item><item title="RfIcTemperature" value="46"></item><item title="CpuTemperature" value="60"></item><item title="ExpectedPower" value="21"></item><item title="EVM" Max="-5" Min="-100"></item><item title="FREQERR" Max="15" Min="-15"></item><item title="SYMCLOCKERR" Max="20" Min="-100"></item><item title="POWER" Max="22,5" Min="19,5" Avg="21"></item><item title="LOLEAKAGE" Max="-17" Min="-100"></item><item title="SPECTRUMMASK" Max="100" Min="0"></item><item title="SPECTRUMMARGIN" Max="1000" Min="0"></item></Criteria><Record><item title="Modulation" value="MCS0NSS1"></item><item title="Bandwidth" value="20"></item><item title="Channel" value="36"></item><item title="Antenna" value="0"></item><item title="ExpectedPower" value="21"></item><item title="Power" value="21"></item><item title="TestType" value="Tx"></item><item title="EVM" value="-20,6004" result="PASS"></item><item title="FREQERR" value="-2,25864" result="PASS"></item><item title="SYMCLOCKERR" value="3,68826" result="PASS"></item><item title="POWER" value="18,9065" result="FAIL"></item><item title="LOLEAKAGE" value="-66,8833" result="PASS"></item><item title="SPECTRUMMASK" value="11,3252" result="PASS"></item><item title="SPECTRUMMARGIN" value="11,3252" result="PASS"></item></Record><Criteria><item title="Modulation" value="MCS0NSS1"></item><item title="Bandwidth" value="20"></item><item title="Antenna" value="0"></item><item title="Channel" value="36"></item><item title="RfIcTemperature" value="46"></item><item title="CpuTemperature" value="60"></item><item title="ExpectedPower" value="22"></item><item title="EVM" Max="-5" Min="-100"></item><item title="FREQERR" Max="15" Min="-15"></item><item title="SYMCLOCKERR" Max="20" Min="-100"></item><item title="POWER" Max="23,5" Min="20,5" Avg="22"></item><item title="LOLEAKAGE" Max="-17" Min="-100"></item><item title="SPECTRUMMASK" Max="100" Min="0"></item><item title="SPECTRUMMARGIN" Max="1000" Min="0"></item></Criteria><Record><item title="Modulation" value="MCS0NSS1"></item><item title="Bandwidth" value="20"></item><item title="Channel" value="36"></item><item title="Antenna" value="0"></item><item title="ExpectedPower" value="22"></item><item title="Power" value="22"></item><item title="TestType" value="Tx"></item><item title="EVM" value="-19,7657" result="PASS"></item><item title="FREQERR" value="-2,26549" result="PASS"></item><item title="SYMCLOCKERR" value="-1,04646" result="PASS"></item><item title="POWER" value="20,0741" result="FAIL"></item><item title="LOLEAKAGE" value="-53,7581" result="PASS"></item><item title="SPECTRUMMASK" value="11,7833" result="PASS"></item><item title="SPECTRUMMARGIN" value="11,7833" result="PASS"></item></Record><Criteria><item title="Modulation" value="MCS0NSS1"></item><item title="Bandwidth" value="20"></item><item title="Antenna" value="0"></item><item title="Channel" value="36"></item><item title="RfIcTemperature" value="46"></item><item title="CpuTemperature" value="60"></item><item title="ExpectedPower" value="23"></item><item title="EVM" Max="-5" Min="-100"></item><item title="FREQERR" Max="15" Min="-15"></item><item title="SYMCLOCKERR" Max="20" Min="-100"></item><item title="POWER" Max="24,5" Min="21,5" Avg="23"></item><item title="LOLEAKAGE" Max="-17" Min="-100"></item><item title="SPECTRUMMASK" Max="100" Min="0"></item><item title="SPECTRUMMARGIN" Max="1000" Min="0"></item></Criteria><Record><item title="Modulation" value="MCS0NSS1"></item><item title="Bandwidth" value="20"></item><item title="Channel" value="36"></item><item title="Antenna" value="0"></item><item title="ExpectedPower" value="23"></item><item title="Power" value="23"></item><item title="TestType" value="Tx"></item><item title="EVM" value="-18,6535" result="PASS"></item><item title="FREQERR" value="-2,2721" result="PASS"></item><item title="SYMCLOCKERR" value="0,512685" result="PASS"></item><item title="POWER" value="21,1368" result="FAIL"></item><item title="LOLEAKAGE" value="-54,5523" result="PASS"></item><item title="SPECTRUMMASK" value="8,86592" result="PASS"></item><item title="SPECTRUMMARGIN" value="8,86592" result="PASS"></item></Record><Criteria><item title="Modulation" value="MCS0NSS1"></item><item title="Bandwidth" value="20"></item><item title="Antenna" value="0"></item><item title="Channel" value="36"></item><item title="RfIcTemperature" value="46"></item><item title="CpuTemperature" value="60"></item><item title="ExpectedPower" value="24"></item><item title="EVM" Max="-5" Min="-100"></item><item title="FREQERR" Max="15" Min="-15"></item><item title="SYMCLOCKERR" Max="20" Min="-100"></item><item title="POWER" Max="25,5" Min="22,5" Avg="24"></item><item title="LOLEAKAGE" Max="-17" Min="-100"></item><item title="SPECTRUMMASK" Max="100" Min="0"></item><item title="SPECTRUMMARGIN" Max="1000" Min="0"></item></Criteria><Record><item title="Modulation" value="MCS0NSS1"></item><item title="Bandwidth" value="20"></item><item title="Channel" value="36"></item><item title="Antenna" value="0"></item><item title="ExpectedPower" value="24"></item><item title="Power" value="24"></item><item title="TestType" value="Tx"></item><item title="EVM" value="-18,7431" result="PASS"></item><item title="FREQERR" value="-2,27168" result="PASS"></item><item title="SYMCLOCKERR" value="8,53753" result="PASS"></item><item title="POWER" value="22,1921" result="FAIL"></item><item title="LOLEAKAGE" value="-42,1683" result="PASS"></item><item title="SPECTRUMMASK" value="6,59036" result="PASS"></item><item title="SPECTRUMMARGIN" value="6,59036" result="PASS"></item></Record><Criteria><item title="Modulation" value="MCS0NSS1"></item><item title="Bandwidth" value="20"></item><item title="Antenna" value="0"></item><item title="Channel" value="36"></item><item title="RfIcTemperature" value="46"></item><item title="CpuTemperature" value="60"></item><item title="ExpectedPower" value="25"></item><item title="EVM" Max="-5" Min="-100"></item><item title="FREQERR" Max="15" Min="-15"></item><item title="SYMCLOCKERR" Max="20" Min="-100"></item><item title="POWER" Max="26,5" Min="23,5" Avg="25"></item><item title="LOLEAKAGE" Max="-17" Min="-100"></item><item title="SPECTRUMMASK" Max="100" Min="0"></item><item title="SPECTRUMMARGIN" Max="1000" Min="0"></item></Criteria><Record><item title="Modulation" value="MCS0NSS1"></item><item title="Bandwidth" value="20"></item><item title="Channel" value="36"></item><item title="Antenna" value="0"></item><item title="ExpectedPower" value="25"></item><item title="Power" value="25"></item><item title="TestType" value="Tx"></item><item title="EVM" value="-19,5589" result="PASS"></item><item title="FREQERR" value="-2,26599" result="PASS"></item><item title="SYMCLOCKERR" value="-3,11667" result="PASS"></item><item title="POWER" value="23,1789" result="FAIL"></item><item title="LOLEAKAGE" value="-41,2506" result="PASS"></item><item title="SPECTRUMMASK" value="4,80804" result="PASS"></item><item title="SPECTRUMMARGIN" value="4,80804" result="PASS"></item></Record><Criteria><item title="Modulation" value="MCS0NSS1"></item><item title="Bandwidth" value="20"></item><item title="Antenna" value="1"></item><item title="Channel" value="36"></item><item title="RfIcTemperature" value="46"></item><item title="CpuTemperature" value="60"></item><item title="ExpectedPower" value="10"></item><item title="EVM" Max="-5" Min="-100"></item><item title="FREQERR" Max="15" Min="-15"></item><item title="SYMCLOCKERR" Max="20" Min="-100"></item><item title="POWER" Max="11,5" Min="8,5" Avg="10"></item><item title="LOLEAKAGE" Max="-17" Min="-100"></item><item title="SPECTRUMMASK" Max="100" Min="0"></item><item title="SPECTRUMMARGIN" Max="1000" Min="0"></item></Criteria><Record><item title="Modulation" value="MCS0NSS1"></item><item title="Bandwidth" value="20"></item><item title="Channel" value="36"></item><item title="Antenna" value="1"></item><item title="ExpectedPower" value="10"></item><item title="Power" value="10"></item><item title="TestType" value="Tx"></item><item title="EVM" value="-19,1859" result="PASS"></item><item title="FREQERR" value="-2,27973" result="PASS"></item><item title="SYMCLOCKERR" value="-3,37161" result="PASS"></item><item title="POWER" value="8,28938" result="FAIL"></item><item title="LOLEAKAGE" value="-34,7214" result="PASS"></item><item title="SPECTRUMMASK" value="12,6785" result="PASS"></item><item title="SPECTRUMMARGIN" value="12,6785" result="PASS"></item></Record><Criteria><item title="Modulation" value="MCS0NSS1"></item><item title="Bandwidth" value="20"></item><item title="Antenna" value="1"></item><item title="Channel" value="36"></item><item title="RfIcTemperature" value="46"></item><item title="CpuTemperature" value="60"></item><item title="ExpectedPower" value="11"></item><item title="EVM" Max="-5" Min="-100"></item><item title="FREQERR" Max="15" Min="-15"></item><item title="SYMCLOCKERR" Max="20" Min="-100"></item><item title="POWER" Max="12,5" Min="9,5" Avg="11"></item><item title="LOLEAKAGE" Max="-17" Min="-100"></item><item title="SPECTRUMMASK" Max="100" Min="0"></item><item title="SPECTRUMMARGIN" Max="1000" Min="0"></item></Criteria><Record><item title="Modulation" value="MCS0NSS1"></item><item title="Bandwidth" value="20"></item><item title="Channel" value="36"></item><item title="Antenna" value="1"></item><item title="ExpectedPower" value="11"></item><item title="Power" value="11"></item><item title="TestType" value="Tx"></item><item title="EVM" value="-18,6166" result="PASS"></item><item title="FREQERR" value="-2,27325" result="PASS"></item><item title="SYMCLOCKERR" value="-4,6336" result="PASS"></item><item title="POWER" value="9,55934" result="PASS"></item><item title="LOLEAKAGE" value="-37,3759" result="PASS"></item><item title="SPECTRUMMASK" value="11,0866" result="PASS"></item><item title="SPECTRUMMARGIN" value="11,0866" result="PASS"></item></Record><Criteria><item title="Modulation" value="MCS0NSS1"></item><item title="Bandwidth" value="20"></item><item title="Antenna" value="1"></item><item title="Channel" value="36"></item><item title="RfIcTemperature" value="46"></item><item title="CpuTemperature" value="60"></item><item title="ExpectedPower" value="12"></item><item title="EVM" Max="-5" Min="-100"></item><item title="FREQERR" Max="15" Min="-15"></item><item title="SYMCLOCKERR" Max="20" Min="-100"></item><item title="POWER" Max="13,5" Min="10,5" Avg="12"></item><item title="LOLEAKAGE" Max="-17" Min="-100"></item><item title="SPECTRUMMASK" Max="100" Min="0"></item><item title="SPECTRUMMARGIN" Max="1000" Min="0"></item></Criteria><Record><item title="Modulation" value="MCS0NSS1"></item><item title="Bandwidth" value="20"></item><item title="Channel" value="36"></item><item title="Antenna" value="1"></item><item title="ExpectedPower" value="12"></item><item title="Power" value="12"></item><item title="TestType" value="Tx"></item><item title="EVM" value="-19,4111" result="PASS"></item><item title="FREQERR" value="-2,27967" result="PASS"></item><item title="SYMCLOCKERR" value="-0,456015" result="PASS"></item><item title="POWER" value="10,8344" result="PASS"></item><item title="LOLEAKAGE" value="-36,4604" result="PASS"></item><item title="SPECTRUMMASK" value="10,794" result="PASS"></item><item title="SPECTRUMMARGIN" value="10,794" result="PASS"></item></Record><Criteria><item title="Modulation" value="MCS0NSS1"></item><item title="Bandwidth" value="20"></item><item title="Antenna" value="1"></item><item title="Channel" value="36"></item><item title="RfIcTemperature" value="46"></item><item title="CpuTemperature" value="60"></item><item title="ExpectedPower" value="13"></item><item title="EVM" Max="-5" Min="-100"></item><item title="FREQERR" Max="15" Min="-15"></item><item title="SYMCLOCKERR" Max="20" Min="-100"></item><item title="POWER" Max="14,5" Min="11,5" Avg="13"></item><item title="LOLEAKAGE" Max="-17" Min="-100"></item><item title="SPECTRUMMASK" Max="100" Min="0"></item><item title="SPECTRUMMARGIN" Max="1000" Min="0"></item></Criteria><Record><item title="Modulation" value="MCS0NSS1"></item><item title="Bandwidth" value="20"></item><item title="Channel" value="36"></item><item title="Antenna" value="1"></item><item title="ExpectedPower" value="13"></item><item title="Power" value="13"></item><item title="TestType" value="Tx"></item><item title="EVM" value="-17,5438" result="PASS"></item><item title="FREQERR" value="-2,28064" result="PASS"></item><item title="SYMCLOCKERR" value="4,59159" result="PASS"></item><item title="POWER" value="11,5097" result="PASS"></item><item title="LOLEAKAGE" value="-38,025" result="PASS"></item><item title="SPECTRUMMASK" value="12,6791" result="PASS"></item><item title="SPECTRUMMARGIN" value="12,6791" result="PASS"></item></Record><Criteria><item title="Modulation" value="MCS0NSS1"></item><item title="Bandwidth" value="20"></item><item title="Antenna" value="1"></item><item title="Channel" value="36"></item><item title="RfIcTemperature" value="46"></item><item title="CpuTemperature" value="60"></item><item title="ExpectedPower" value="14"></item><item title="EVM" Max="-5" Min="-100"></item><item title="FREQERR" Max="15" Min="-15"></item><item title="SYMCLOCKERR" Max="20" Min="-100"></item><item title="POWER" Max="15,5" Min="12,5" Avg="14"></item><item title="LOLEAKAGE" Max="-17" Min="-100"></item><item title="SPECTRUMMASK" Max="100" Min="0"></item><item title="SPECTRUMMARGIN" Max="1000" Min="0"></item></Criteria><Record><item title="Modulation" value="MCS0NSS1"></item><item title="Bandwidth" value="20"></item><item title="Channel" value="36"></item><item title="Antenna" value="1"></item><item title="ExpectedPower" value="14"></item><item title="Power" value="14"></item><item title="TestType" value="Tx"></item><item title="EVM" value="-20,2083" result="PASS"></item><item title="FREQERR" value="-2,28092" result="PASS"></item><item title="SYMCLOCKERR" value="0,300053" result="PASS"></item><item title="POWER" value="12,5693" result="PASS"></item><item title="LOLEAKAGE" value="-41,0739" result="PASS"></item><item title="SPECTRUMMASK" value="12,8469" result="PASS"></item><item title="SPECTRUMMARGIN" value="12,8469" result="PASS"></item></Record><Criteria><item title="Modulation" value="MCS0NSS1"></item><item title="Bandwidth" value="20"></item><item title="Antenna" value="1"></item><item title="Channel" value="36"></item><item title="RfIcTemperature" value="46"></item><item title="CpuTemperature" value="60"></item><item title="ExpectedPower" value="15"></item><item title="EVM" Max="-5" Min="-100"></item><item title="FREQERR" Max="15" Min="-15"></item><item title="SYMCLOCKERR" Max="20" Min="-100"></item><item title="POWER" Max="16,5" Min="13,5" Avg="15"></item><item title="LOLEAKAGE" Max="-17" Min="-100"></item><item title="SPECTRUMMASK" Max="100" Min="0"></item><item title="SPECTRUMMARGIN" Max="1000" Min="0"></item></Criteria><Record><item title="Modulation" value="MCS0NSS1"></item><item title="Bandwidth" value="20"></item><item title="Channel" value="36"></item><item title="Antenna" value="1"></item><item title="ExpectedPower" value="15"></item><item title="Power" value="15"></item><item title="TestType" value="Tx"></item><item title="EVM" value="-19,5444" result="PASS"></item><item title="FREQERR" value="-2,27243" result="PASS"></item><item title="SYMCLOCKERR" value="-1,2109" result="PASS"></item><item title="POWER" value="13,3894" result="FAIL"></item><item title="LOLEAKAGE" value="-46,1011" result="PASS"></item><item title="SPECTRUMMASK" value="10,4387" result="PASS"></item><item title="SPECTRUMMARGIN" value="10,4387" result="PASS"></item></Record><Criteria><item title="Modulation" value="MCS0NSS1"></item><item title="Bandwidth" value="20"></item><item title="Antenna" value="1"></item><item title="Channel" value="36"></item><item title="RfIcTemperature" value="46"></item><item title="CpuTemperature" value="60"></item><item title="ExpectedPower" value="16"></item><item title="EVM" Max="-5" Min="-100"></item><item title="FREQERR" Max="15" Min="-15"></item><item title="SYMCLOCKERR" Max="20" Min="-100"></item><item title="POWER" Max="17,5" Min="14,5" Avg="16"></item><item title="LOLEAKAGE" Max="-17" Min="-100"></item><item title="SPECTRUMMASK" Max="100" Min="0"></item><item title="SPECTRUMMARGIN" Max="1000" Min="0"></item></Criteria><Record><item title="Modulation" value="MCS0NSS1"></item><item title="Bandwidth" value="20"></item><item title="Channel" value="36"></item><item title="Antenna" value="1"></item><item title="ExpectedPower" value="16"></item><item title="Power" value="16"></item><item title="TestType" value="Tx"></item><item title="EVM" value="-20,2845" result="PASS"></item><item title="FREQERR" value="-2,26901" result="PASS"></item><item title="SYMCLOCKERR" value="-2,44934" result="PASS"></item><item title="POWER" value="14,5123" result="PASS"></item><item title="LOLEAKAGE" value="-45,1904" result="PASS"></item><item title="SPECTRUMMASK" value="11,5397" result="PASS"></item><item title="SPECTRUMMARGIN" value="11,5397" result="PASS"></item></Record><Criteria><item title="Modulation" value="MCS0NSS1"></item><item title="Bandwidth" value="20"></item><item title="Antenna" value="1"></item><item title="Channel" value="36"></item><item title="RfIcTemperature" value="46"></item><item title="CpuTemperature" value="60"></item><item title="ExpectedPower" value="17"></item><item title="EVM" Max="-5" Min="-100"></item><item title="FREQERR" Max="15" Min="-15"></item><item title="SYMCLOCKERR" Max="20" Min="-100"></item><item title="POWER" Max="18,5" Min="15,5" Avg="17"></item><item title="LOLEAKAGE" Max="-17" Min="-100"></item><item title="SPECTRUMMASK" Max="100" Min="0"></item><item title="SPECTRUMMARGIN" Max="1000" Min="0"></item></Criteria><Record><item title="Modulation" value="MCS0NSS1"></item><item title="Bandwidth" value="20"></item><item title="Channel" value="36"></item><item title="Antenna" value="1"></item><item title="ExpectedPower" value="17"></item><item title="Power" value="17"></item><item title="TestType" value="Tx"></item><item title="EVM" value="-20,194" result="PASS"></item><item title="FREQERR" value="-2,27546" result="PASS"></item><item title="SYMCLOCKERR" value="4,14627" result="PASS"></item><item title="POWER" value="15,7228" result="PASS"></item><item title="LOLEAKAGE" value="-50,3814" result="PASS"></item><item title="SPECTRUMMASK" value="11,8266" result="PASS"></item><item title="SPECTRUMMARGIN" value="11,8266" result="PASS"></item></Record><Criteria><item title="Modulation" value="MCS0NSS1"></item><item title="Bandwidth" value="20"></item><item title="Antenna" value="1"></item><item title="Channel" value="36"></item><item title="RfIcTemperature" value="46"></item><item title="CpuTemperature" value="60"></item><item title="ExpectedPower" value="18"></item><item title="EVM" Max="-5" Min="-100"></item><item title="FREQERR" Max="15" Min="-15"></item><item title="SYMCLOCKERR" Max="20" Min="-100"></item><item title="POWER" Max="19,5" Min="16,5" Avg="18"></item><item title="LOLEAKAGE" Max="-17" Min="-100"></item><item title="SPECTRUMMASK" Max="100" Min="0"></item><item title="SPECTRUMMARGIN" Max="1000" Min="0"></item></Criteria><Record><item title="Modulation" value="MCS0NSS1"></item><item title="Bandwidth" value="20"></item><item title="Channel" value="36"></item><item title="Antenna" value="1"></item><item title="ExpectedPower" value="18"></item><item title="Power" value="18"></item><item title="TestType" value="Tx"></item><item title="EVM" value="-18,5913" result="PASS"></item><item title="FREQERR" value="-2,27848" result="PASS"></item><item title="SYMCLOCKERR" value="-2,50439" result="PASS"></item><item title="POWER" value="16,3703" result="FAIL"></item><item title="LOLEAKAGE" value="-58,8188" result="PASS"></item><item title="SPECTRUMMASK" value="11,3004" result="PASS"></item><item title="SPECTRUMMARGIN" value="11,3004" result="PASS"></item></Record><Criteria><item title="Modulation" value="MCS0NSS1"></item><item title="Bandwidth" value="20"></item><item title="Antenna" value="1"></item><item title="Channel" value="36"></item><item title="RfIcTemperature" value="46"></item><item title="CpuTemperature" value="60"></item><item title="ExpectedPower" value="19"></item><item title="EVM" Max="-5" Min="-100"></item><item title="FREQERR" Max="15" Min="-15"></item><item title="SYMCLOCKERR" Max="20" Min="-100"></item><item title="POWER" Max="20,5" Min="17,5" Avg="19"></item><item title="LOLEAKAGE" Max="-17" Min="-100"></item><item title="SPECTRUMMASK" Max="100" Min="0"></item><item title="SPECTRUMMARGIN" Max="1000" Min="0"></item></Criteria><Record><item title="Modulation" value="MCS0NSS1"></item><item title="Bandwidth" value="20"></item><item title="Channel" value="36"></item><item title="Antenna" value="1"></item><item title="ExpectedPower" value="19"></item><item title="Power" value="19"></item><item title="TestType" value="Tx"></item><item title="EVM" value="-18,3162" result="PASS"></item><item title="FREQERR" value="-2,27439" result="PASS"></item><item title="SYMCLOCKERR" value="1,31672" result="PASS"></item><item title="POWER" value="17,5382" result="PASS"></item><item title="LOLEAKAGE" value="-53,2451" result="PASS"></item><item title="SPECTRUMMASK" value="11,5772" result="PASS"></item><item title="SPECTRUMMARGIN" value="11,5772" result="PASS"></item></Record><Criteria><item title="Modulation" value="MCS0NSS1"></item><item title="Bandwidth" value="20"></item><item title="Antenna" value="1"></item><item title="Channel" value="36"></item><item title="RfIcTemperature" value="46"></item><item title="CpuTemperature" value="60"></item><item title="ExpectedPower" value="20"></item><item title="EVM" Max="-5" Min="-100"></item><item title="FREQERR" Max="15" Min="-15"></item><item title="SYMCLOCKERR" Max="20" Min="-100"></item><item title="POWER" Max="21,5" Min="18,5" Avg="20"></item><item title="LOLEAKAGE" Max="-17" Min="-100"></item><item title="SPECTRUMMASK" Max="100" Min="0"></item><item title="SPECTRUMMARGIN" Max="1000" Min="0"></item></Criteria><Record><item title="Modulation" value="MCS0NSS1"></item><item title="Bandwidth" value="20"></item><item title="Channel" value="36"></item><item title="Antenna" value="1"></item><item title="ExpectedPower" value="20"></item><item title="Power" value="20"></item><item title="TestType" value="Tx"></item><item title="EVM" value="-18,6807" result="PASS"></item><item title="FREQERR" value="-2,27329" result="PASS"></item><item title="SYMCLOCKERR" value="7,65219" result="PASS"></item><item title="POWER" value="18,2434" result="FAIL"></item><item title="LOLEAKAGE" value="-59,1369" result="PASS"></item><item title="SPECTRUMMASK" value="10,2976" result="PASS"></item><item title="SPECTRUMMARGIN" value="10,2976" result="PASS"></item></Record><Criteria><item title="Modulation" value="MCS0NSS1"></item><item title="Bandwidth" value="20"></item><item title="Antenna" value="1"></item><item title="Channel" value="36"></item><item title="RfIcTemperature" value="46"></item><item title="CpuTemperature" value="60"></item><item title="ExpectedPower" value="21"></item><item title="EVM" Max="-5" Min="-100"></item><item title="FREQERR" Max="15" Min="-15"></item><item title="SYMCLOCKERR" Max="20" Min="-100"></item><item title="POWER" Max="22,5" Min="19,5" Avg="21"></item><item title="LOLEAKAGE" Max="-17" Min="-100"></item><item title="SPECTRUMMASK" Max="100" Min="0"></item><item title="SPECTRUMMARGIN" Max="1000" Min="0"></item></Criteria><Record><item title="Modulation" value="MCS0NSS1"></item><item title="Bandwidth" value="20"></item><item title="Channel" value="36"></item><item title="Antenna" value="1"></item><item title="ExpectedPower" value="21"></item><item title="Power" value="21"></item><item title="TestType" value="Tx"></item><item title="EVM" value="-22,5584" result="PASS"></item><item title="FREQERR" value="-2,26937" result="PASS"></item><item title="SYMCLOCKERR" value="0,703686" result="PASS"></item><item title="POWER" value="19,3338" result="FAIL"></item><item title="LOLEAKAGE" value="-50,1895" result="PASS"></item><item title="SPECTRUMMASK" value="11,4532" result="PASS"></item><item title="SPECTRUMMARGIN" value="11,4532" result="PASS"></item></Record><Criteria><item title="Modulation" value="MCS0NSS1"></item><item title="Bandwidth" value="20"></item><item title="Antenna" value="1"></item><item title="Channel" value="36"></item><item title="RfIcTemperature" value="46"></item><item title="CpuTemperature" value="60"></item><item title="ExpectedPower" value="22"></item><item title="EVM" Max="-5" Min="-100"></item><item title="FREQERR" Max="15" Min="-15"></item><item title="SYMCLOCKERR" Max="20" Min="-100"></item><item title="POWER" Max="23,5" Min="20,5" Avg="22"></item><item title="LOLEAKAGE" Max="-17" Min="-100"></item><item title="SPECTRUMMASK" Max="100" Min="0"></item><item title="SPECTRUMMARGIN" Max="1000" Min="0"></item></Criteria><Record><item title="Modulation" value="MCS0NSS1"></item><item title="Bandwidth" value="20"></item><item title="Channel" value="36"></item><item title="Antenna" value="1"></item><item title="ExpectedPower" value="22"></item><item title="Power" value="22"></item><item title="TestType" value="Tx"></item><item title="EVM" value="-17,6907" result="PASS"></item><item title="FREQERR" value="-2,2696" result="PASS"></item><item title="SYMCLOCKERR" value="-4,8044" result="PASS"></item><item title="POWER" value="20,3006" result="FAIL"></item><item title="LOLEAKAGE" value="-61,8896" result="PASS"></item><item title="SPECTRUMMASK" value="7,99623" result="PASS"></item><item title="SPECTRUMMARGIN" value="7,99623" result="PASS"></item></Record><Criteria><item title="Modulation" value="MCS0NSS1"></item><item title="Bandwidth" value="20"></item><item title="Antenna" value="1"></item><item title="Channel" value="36"></item><item title="RfIcTemperature" value="46"></item><item title="CpuTemperature" value="60"></item><item title="ExpectedPower" value="23"></item><item title="EVM" Max="-5" Min="-100"></item><item title="FREQERR" Max="15" Min="-15"></item><item title="SYMCLOCKERR" Max="20" Min="-100"></item><item title="POWER" Max="24,5" Min="21,5" Avg="23"></item><item title="LOLEAKAGE" Max="-17" Min="-100"></item><item title="SPECTRUMMASK" Max="100" Min="0"></item><item title="SPECTRUMMARGIN" Max="1000" Min="0"></item></Criteria><Record><item title="Modulation" value="MCS0NSS1"></item><item title="Bandwidth" value="20"></item><item title="Channel" value="36"></item><item title="Antenna" value="1"></item><item title="ExpectedPower" value="23"></item><item title="Power" value="23"></item><item title="TestType" value="Tx"></item><item title="EVM" value="-21,4309" result="PASS"></item><item title="FREQERR" value="-2,27168" result="PASS"></item><item title="SYMCLOCKERR" value="4,0587" result="PASS"></item><item title="POWER" value="21,1826" result="FAIL"></item><item title="LOLEAKAGE" value="-62,6213" result="PASS"></item><item title="SPECTRUMMASK" value="9,05613" result="PASS"></item><item title="SPECTRUMMARGIN" value="9,05613" result="PASS"></item></Record><Criteria><item title="Modulation" value="MCS0NSS1"></item><item title="Bandwidth" value="20"></item><item title="Antenna" value="1"></item><item title="Channel" value="36"></item><item title="RfIcTemperature" value="46"></item><item title="CpuTemperature" value="60"></item><item title="ExpectedPower" value="24"></item><item title="EVM" Max="-5" Min="-100"></item><item title="FREQERR" Max="15" Min="-15"></item><item title="SYMCLOCKERR" Max="20" Min="-100"></item><item title="POWER" Max="25,5" Min="22,5" Avg="24"></item><item title="LOLEAKAGE" Max="-17" Min="-100"></item><item title="SPECTRUMMASK" Max="100" Min="0"></item><item title="SPECTRUMMARGIN" Max="1000" Min="0"></item></Criteria><Record><item title="Modulation" value="MCS0NSS1"></item><item title="Bandwidth" value="20"></item><item title="Channel" value="36"></item><item title="Antenna" value="1"></item><item title="ExpectedPower" value="24"></item><item title="Power" value="24"></item><item title="TestType" value="Tx"></item><item title="EVM" value="-17,4643" result="PASS"></item><item title="FREQERR" value="-2,2708" result="PASS"></item><item title="SYMCLOCKERR" value="3,85159" result="PASS"></item><item title="POWER" value="22,1597" result="FAIL"></item><item title="LOLEAKAGE" value="-42,1518" result="PASS"></item><item title="SPECTRUMMASK" value="2,65121" result="PASS"></item><item title="SPECTRUMMARGIN" value="2,65121" result="PASS"></item></Record><Criteria><item title="Modulation" value="MCS0NSS1"></item><item title="Bandwidth" value="20"></item><item title="Antenna" value="1"></item><item title="Channel" value="36"></item><item title="RfIcTemperature" value="46"></item><item title="CpuTemperature" value="60"></item><item title="ExpectedPower" value="25"></item><item title="EVM" Max="-5" Min="-100"></item><item title="FREQERR" Max="15" Min="-15"></item><item title="SYMCLOCKERR" Max="20" Min="-100"></item><item title="POWER" Max="26,5" Min="23,5" Avg="25"></item><item title="LOLEAKAGE" Max="-17" Min="-100"></item><item title="SPECTRUMMASK" Max="100" Min="0"></item><item title="SPECTRUMMARGIN" Max="1000" Min="0"></item></Criteria><Record><item title="Modulation" value="MCS0NSS1"></item><item title="Bandwidth" value="20"></item><item title="Channel" value="36"></item><item title="Antenna" value="1"></item><item title="ExpectedPower" value="25"></item><item title="Power" value="25"></item><item title="TestType" value="Tx"></item><item title="EVM" value="-17,5628" result="PASS"></item><item title="FREQERR" value="-2,27331" result="PASS"></item><item title="SYMCLOCKERR" value="0,258763" result="PASS"></item><item title="POWER" value="23,1325" result="FAIL"></item><item title="LOLEAKAGE" value="-37,7703" result="PASS"></item><item title="SPECTRUMMASK" value="1,53275" result="PASS"></item><item title="SPECTRUMMARGIN" value="1,53275" result="PASS"></item></Record><Criteria><item title="Modulation" value="MCS0NSS1"></item><item title="Bandwidth" value="20"></item><item title="Antenna" value="2"></item><item title="Channel" value="36"></item><item title="RfIcTemperature" value="46"></item><item title="CpuTemperature" value="60"></item><item title="ExpectedPower" value="10"></item><item title="EVM" Max="-5" Min="-100"></item><item title="FREQERR" Max="15" Min="-15"></item><item title="SYMCLOCKERR" Max="20" Min="-100"></item><item title="POWER" Max="11,5" Min="8,5" Avg="10"></item><item title="LOLEAKAGE" Max="-17" Min="-100"></item><item title="SPECTRUMMASK" Max="100" Min="0"></item><item title="SPECTRUMMARGIN" Max="1000" Min="0"></item></Criteria><Record><item title="Modulation" value="MCS0NSS1"></item><item title="Bandwidth" value="20"></item><item title="Channel" value="36"></item><item title="Antenna" value="2"></item><item title="ExpectedPower" value="10"></item><item title="Power" value="10"></item><item title="TestType" value="Tx"></item><item title="EVM" value="-17,5923" result="PASS"></item><item title="FREQERR" value="-2,27878" result="PASS"></item><item title="SYMCLOCKERR" value="-7,99798" result="PASS"></item><item title="POWER" value="8,16103" result="FAIL"></item><item title="LOLEAKAGE" value="-33,6199" result="PASS"></item><item title="SPECTRUMMASK" value="11,5265" result="PASS"></item><item title="SPECTRUMMARGIN" value="11,5265" result="PASS"></item></Record><Criteria><item title="Modulation" value="MCS0NSS1"></item><item title="Bandwidth" value="20"></item><item title="Antenna" value="2"></item><item title="Channel" value="36"></item><item title="RfIcTemperature" value="46"></item><item title="CpuTemperature" value="60"></item><item title="ExpectedPower" value="11"></item><item title="EVM" Max="-5" Min="-100"></item><item title="FREQERR" Max="15" Min="-15"></item><item title="SYMCLOCKERR" Max="20" Min="-100"></item><item title="POWER" Max="12,5" Min="9,5" Avg="11"></item><item title="LOLEAKAGE" Max="-17" Min="-100"></item><item title="SPECTRUMMASK" Max="100" Min="0"></item><item title="SPECTRUMMARGIN" Max="1000" Min="0"></item></Criteria><Record><item title="Modulation" value="MCS0NSS1"></item><item title="Bandwidth" value="20"></item><item title="Channel" value="36"></item><item title="Antenna" value="2"></item><item title="ExpectedPower" value="11"></item><item title="Power" value="11"></item><item title="TestType" value="Tx"></item><item title="EVM" value="-17,1627" result="PASS"></item><item title="FREQERR" value="-2,27231" result="PASS"></item><item title="SYMCLOCKERR" value="-8,29066" result="PASS"></item><item title="POWER" value="9,25665" result="FAIL"></item><item title="LOLEAKAGE" value="-37,2419" result="PASS"></item><item title="SPECTRUMMASK" value="11,2537" result="PASS"></item><item title="SPECTRUMMARGIN" value="11,2537" result="PASS"></item></Record><Criteria><item title="Modulation" value="MCS0NSS1"></item><item title="Bandwidth" value="20"></item><item title="Antenna" value="2"></item><item title="Channel" value="36"></item><item title="RfIcTemperature" value="46"></item><item title="CpuTemperature" value="60"></item><item title="ExpectedPower" value="12"></item><item title="EVM" Max="-5" Min="-100"></item><item title="FREQERR" Max="15" Min="-15"></item><item title="SYMCLOCKERR" Max="20" Min="-100"></item><item title="POWER" Max="13,5" Min="10,5" Avg="12"></item><item title="LOLEAKAGE" Max="-17" Min="-100"></item><item title="SPECTRUMMASK" Max="100" Min="0"></item><item title="SPECTRUMMARGIN" Max="1000" Min="0"></item></Criteria><Record><item title="Modulation" value="MCS0NSS1"></item><item title="Bandwidth" value="20"></item><item title="Channel" value="36"></item><item title="Antenna" value="2"></item><item title="ExpectedPower" value="12"></item><item title="Power" value="12"></item><item title="TestType" value="Tx"></item><item title="EVM" value="-19,287" result="PASS"></item><item title="FREQERR" value="-2,26849" result="PASS"></item><item title="SYMCLOCKERR" value="5,7194" result="PASS"></item><item title="POWER" value="10,4063" result="FAIL"></item><item title="LOLEAKAGE" value="-37,7821" result="PASS"></item><item title="SPECTRUMMASK" value="11,1185" result="PASS"></item><item title="SPECTRUMMARGIN" value="11,1185" result="PASS"></item></Record><Criteria><item title="Modulation" value="MCS0NSS1"></item><item title="Bandwidth" value="20"></item><item title="Antenna" value="2"></item><item title="Channel" value="36"></item><item title="RfIcTemperature" value="46"></item><item title="CpuTemperature" value="60"></item><item title="ExpectedPower" value="13"></item><item title="EVM" Max="-5" Min="-100"></item><item title="FREQERR" Max="15" Min="-15"></item><item title="SYMCLOCKERR" Max="20" Min="-100"></item><item title="POWER" Max="14,5" Min="11,5" Avg="13"></item><item title="LOLEAKAGE" Max="-17" Min="-100"></item><item title="SPECTRUMMASK" Max="100" Min="0"></item><item title="SPECTRUMMARGIN" Max="1000" Min="0"></item></Criteria><Record><item title="Modulation" value="MCS0NSS1"></item><item title="Bandwidth" value="20"></item><item title="Channel" value="36"></item><item title="Antenna" value="2"></item><item title="ExpectedPower" value="13"></item><item title="Power" value="13"></item><item title="TestType" value="Tx"></item><item title="EVM" value="-20,2456" result="PASS"></item><item title="FREQERR" value="-2,27019" result="PASS"></item><item title="SYMCLOCKERR" value="0,501173" result="PASS"></item><item title="POWER" value="11,5035" result="PASS"></item><item title="LOLEAKAGE" value="-39,9046" result="PASS"></item><item title="SPECTRUMMASK" value="10,5752" result="PASS"></item><item title="SPECTRUMMARGIN" value="10,5752" result="PASS"></item></Record><Criteria><item title="Modulation" value="MCS0NSS1"></item><item title="Bandwidth" value="20"></item><item title="Antenna" value="2"></item><item title="Channel" value="36"></item><item title="RfIcTemperature" value="46"></item><item title="CpuTemperature" value="60"></item><item title="ExpectedPower" value="14"></item><item title="EVM" Max="-5" Min="-100"></item><item title="FREQERR" Max="15" Min="-15"></item><item title="SYMCLOCKERR" Max="20" Min="-100"></item><item title="POWER" Max="15,5" Min="12,5" Avg="14"></item><item title="LOLEAKAGE" Max="-17" Min="-100"></item><item title="SPECTRUMMASK" Max="100" Min="0"></item><item title="SPECTRUMMARGIN" Max="1000" Min="0"></item></Criteria><Record><item title="Modulation" value="MCS0NSS1"></item><item title="Bandwidth" value="20"></item><item title="Channel" value="36"></item><item title="Antenna" value="2"></item><item title="ExpectedPower" value="14"></item><item title="Power" value="14"></item><item title="TestType" value="Tx"></item><item title="EVM" value="-20,1002" result="PASS"></item><item title="FREQERR" value="-2,26335" result="PASS"></item><item title="SYMCLOCKERR" value="3,33332" result="PASS"></item><item title="POWER" value="12,4081" result="FAIL"></item><item title="LOLEAKAGE" value="-42,1236" result="PASS"></item><item title="SPECTRUMMASK" value="11,9072" result="PASS"></item><item title="SPECTRUMMARGIN" value="11,9072" result="PASS"></item></Record><Criteria><item title="Modulation" value="MCS0NSS1"></item><item title="Bandwidth" value="20"></item><item title="Antenna" value="2"></item><item title="Channel" value="36"></item><item title="RfIcTemperature" value="46"></item><item title="CpuTemperature" value="60"></item><item title="ExpectedPower" value="15"></item><item title="EVM" Max="-5" Min="-100"></item><item title="FREQERR" Max="15" Min="-15"></item><item title="SYMCLOCKERR" Max="20" Min="-100"></item><item title="POWER" Max="16,5" Min="13,5" Avg="15"></item><item title="LOLEAKAGE" Max="-17" Min="-100"></item><item title="SPECTRUMMASK" Max="100" Min="0"></item><item title="SPECTRUMMARGIN" Max="1000" Min="0"></item></Criteria><Record><item title="Modulation" value="MCS0NSS1"></item><item title="Bandwidth" value="20"></item><item title="Channel" value="36"></item><item title="Antenna" value="2"></item><item title="ExpectedPower" value="15"></item><item title="Power" value="15"></item><item title="TestType" value="Tx"></item><item title="EVM" value="-22,1367" result="PASS"></item><item title="FREQERR" value="-2,27073" result="PASS"></item><item title="SYMCLOCKERR" value="-3,42523" result="PASS"></item><item title="POWER" value="13,3616" result="FAIL"></item><item title="LOLEAKAGE" value="-44,2286" result="PASS"></item><item title="SPECTRUMMASK" value="11,5108" result="PASS"></item><item title="SPECTRUMMARGIN" value="11,5108" result="PASS"></item></Record><Criteria><item title="Modulation" value="MCS0NSS1"></item><item title="Bandwidth" value="20"></item><item title="Antenna" value="2"></item><item title="Channel" value="36"></item><item title="RfIcTemperature" value="46"></item><item title="CpuTemperature" value="60"></item><item title="ExpectedPower" value="16"></item><item title="EVM" Max="-5" Min="-100"></item><item title="FREQERR" Max="15" Min="-15"></item><item title="SYMCLOCKERR" Max="20" Min="-100"></item><item title="POWER" Max="17,5" Min="14,5" Avg="16"></item><item title="LOLEAKAGE" Max="-17" Min="-100"></item><item title="SPECTRUMMASK" Max="100" Min="0"></item><item title="SPECTRUMMARGIN" Max="1000" Min="0"></item></Criteria><Record><item title="Modulation" value="MCS0NSS1"></item><item title="Bandwidth" value="20"></item><item title="Channel" value="36"></item><item title="Antenna" value="2"></item><item title="ExpectedPower" value="16"></item><item title="Power" value="16"></item><item title="TestType" value="Tx"></item><item title="EVM" value="-18,2279" result="PASS"></item><item title="FREQERR" value="-2,26595" result="PASS"></item><item title="SYMCLOCKERR" value="7,33738" result="PASS"></item><item title="POWER" value="14,5246" result="PASS"></item><item title="LOLEAKAGE" value="-46,2398" result="PASS"></item><item title="SPECTRUMMASK" value="11,8127" result="PASS"></item><item title="SPECTRUMMARGIN" value="11,8127" result="PASS"></item></Record><Criteria><item title="Modulation" value="MCS0NSS1"></item><item title="Bandwidth" value="20"></item><item title="Antenna" value="2"></item><item title="Channel" value="36"></item><item title="RfIcTemperature" value="46"></item><item title="CpuTemperature" value="60"></item><item title="ExpectedPower" value="17"></item><item title="EVM" Max="-5" Min="-100"></item><item title="FREQERR" Max="15" Min="-15"></item><item title="SYMCLOCKERR" Max="20" Min="-100"></item><item title="POWER" Max="18,5" Min="15,5" Avg="17"></item><item title="LOLEAKAGE" Max="-17" Min="-100"></item><item title="SPECTRUMMASK" Max="100" Min="0"></item><item title="SPECTRUMMARGIN" Max="1000" Min="0"></item></Criteria><Record><item title="Modulation" value="MCS0NSS1"></item><item title="Bandwidth" value="20"></item><item title="Channel" value="36"></item><item title="Antenna" value="2"></item><item title="ExpectedPower" value="17"></item><item title="Power" value="17"></item><item title="TestType" value="Tx"></item><item title="EVM" value="-17,9526" result="PASS"></item><item title="FREQERR" value="-2,2701" result="PASS"></item><item title="SYMCLOCKERR" value="1,32449" result="PASS"></item><item title="POWER" value="15,4533" result="FAIL"></item><item title="LOLEAKAGE" value="-45,1788" result="PASS"></item><item title="SPECTRUMMASK" value="11,9439" result="PASS"></item><item title="SPECTRUMMARGIN" value="11,9439" result="PASS"></item></Record><Criteria><item title="Modulation" value="MCS0NSS1"></item><item title="Bandwidth" value="20"></item><item title="Antenna" value="2"></item><item title="Channel" value="36"></item><item title="RfIcTemperature" value="46"></item><item title="CpuTemperature" value="60"></item><item title="ExpectedPower" value="18"></item><item title="EVM" Max="-5" Min="-100"></item><item title="FREQERR" Max="15" Min="-15"></item><item title="SYMCLOCKERR" Max="20" Min="-100"></item><item title="POWER" Max="19,5" Min="16,5" Avg="18"></item><item title="LOLEAKAGE" Max="-17" Min="-100"></item><item title="SPECTRUMMASK" Max="100" Min="0"></item><item title="SPECTRUMMARGIN" Max="1000" Min="0"></item></Criteria><Record><item title="Modulation" value="MCS0NSS1"></item><item title="Bandwidth" value="20"></item><item title="Channel" value="36"></item><item title="Antenna" value="2"></item><item title="ExpectedPower" value="18"></item><item title="Power" value="18"></item><item title="TestType" value="Tx"></item><item title="EVM" value="-20,7616" result="PASS"></item><item title="FREQERR" value="-2,26853" result="PASS"></item><item title="SYMCLOCKERR" value="2,74363" result="PASS"></item><item title="POWER" value="16,5986" result="PASS"></item><item title="LOLEAKAGE" value="-49,18" result="PASS"></item><item title="SPECTRUMMASK" value="10,9112" result="PASS"></item><item title="SPECTRUMMARGIN" value="10,9112" result="PASS"></item></Record><Criteria><item title="Modulation" value="MCS0NSS1"></item><item title="Bandwidth" value="20"></item><item title="Antenna" value="2"></item><item title="Channel" value="36"></item><item title="RfIcTemperature" value="46"></item><item title="CpuTemperature" value="60"></item><item title="ExpectedPower" value="19"></item><item title="EVM" Max="-5" Min="-100"></item><item title="FREQERR" Max="15" Min="-15"></item><item title="SYMCLOCKERR" Max="20" Min="-100"></item><item title="POWER" Max="20,5" Min="17,5" Avg="19"></item><item title="LOLEAKAGE" Max="-17" Min="-100"></item><item title="SPECTRUMMASK" Max="100" Min="0"></item><item title="SPECTRUMMARGIN" Max="1000" Min="0"></item></Criteria><Record><item title="Modulation" value="MCS0NSS1"></item><item title="Bandwidth" value="20"></item><item title="Channel" value="36"></item><item title="Antenna" value="2"></item><item title="ExpectedPower" value="19"></item><item title="Power" value="19"></item><item title="TestType" value="Tx"></item><item title="EVM" value="-18,8837" result="PASS"></item><item title="FREQERR" value="-2,26798" result="PASS"></item><item title="SYMCLOCKERR" value="9,30575" result="PASS"></item><item title="POWER" value="17,5951" result="PASS"></item><item title="LOLEAKAGE" value="-46,9125" result="PASS"></item><item title="SPECTRUMMASK" value="11,7552" result="PASS"></item><item title="SPECTRUMMARGIN" value="11,7552" result="PASS"></item></Record><Criteria><item title="Modulation" value="MCS0NSS1"></item><item title="Bandwidth" value="20"></item><item title="Antenna" value="2"></item><item title="Channel" value="36"></item><item title="RfIcTemperature" value="46"></item><item title="CpuTemperature" value="60"></item><item title="ExpectedPower" value="20"></item><item title="EVM" Max="-5" Min="-100"></item><item title="FREQERR" Max="15" Min="-15"></item><item title="SYMCLOCKERR" Max="20" Min="-100"></item><item title="POWER" Max="21,5" Min="18,5" Avg="20"></item><item title="LOLEAKAGE" Max="-17" Min="-100"></item><item title="SPECTRUMMASK" Max="100" Min="0"></item><item title="SPECTRUMMARGIN" Max="1000" Min="0"></item></Criteria><Record><item title="Modulation" value="MCS0NSS1"></item><item title="Bandwidth" value="20"></item><item title="Channel" value="36"></item><item title="Antenna" value="2"></item><item title="ExpectedPower" value="20"></item><item title="Power" value="20"></item><item title="TestType" value="Tx"></item><item title="EVM" value="-20,7267" result="PASS"></item><item title="FREQERR" value="-2,25834" result="PASS"></item><item title="SYMCLOCKERR" value="-2,52824" result="PASS"></item><item title="POWER" value="18,785" result="PASS"></item><item title="LOLEAKAGE" value="-49,2869" result="PASS"></item><item title="SPECTRUMMASK" value="12,2677" result="PASS"></item><item title="SPECTRUMMARGIN" value="12,2677" result="PASS"></item></Record><Criteria><item title="Modulation" value="MCS0NSS1"></item><item title="Bandwidth" value="20"></item><item title="Antenna" value="2"></item><item title="Channel" value="36"></item><item title="RfIcTemperature" value="46"></item><item title="CpuTemperature" value="60"></item><item title="ExpectedPower" value="21"></item><item title="EVM" Max="-5" Min="-100"></item><item title="FREQERR" Max="15" Min="-15"></item><item title="SYMCLOCKERR" Max="20" Min="-100"></item><item title="POWER" Max="22,5" Min="19,5" Avg="21"></item><item title="LOLEAKAGE" Max="-17" Min="-100"></item><item title="SPECTRUMMASK" Max="100" Min="0"></item><item title="SPECTRUMMARGIN" Max="1000" Min="0"></item></Criteria><Record><item title="Modulation" value="MCS0NSS1"></item><item title="Bandwidth" value="20"></item><item title="Channel" value="36"></item><item title="Antenna" value="2"></item><item title="ExpectedPower" value="21"></item><item title="Power" value="21"></item><item title="TestType" value="Tx"></item><item title="EVM" value="-18,8895" result="PASS"></item><item title="FREQERR" value="-2,25082" result="PASS"></item><item title="SYMCLOCKERR" value="0,705581" result="PASS"></item><item title="POWER" value="19,6401" result="PASS"></item><item title="LOLEAKAGE" value="-49,4318" result="PASS"></item><item title="SPECTRUMMASK" value="11,6491" result="PASS"></item><item title="SPECTRUMMARGIN" value="11,6491" result="PASS"></item></Record><Criteria><item title="Modulation" value="MCS0NSS1"></item><item title="Bandwidth" value="20"></item><item title="Antenna" value="2"></item><item title="Channel" value="36"></item><item title="RfIcTemperature" value="46"></item><item title="CpuTemperature" value="60"></item><item title="ExpectedPower" value="22"></item><item title="EVM" Max="-5" Min="-100"></item><item title="FREQERR" Max="15" Min="-15"></item><item title="SYMCLOCKERR" Max="20" Min="-100"></item><item title="POWER" Max="23,5" Min="20,5" Avg="22"></item><item title="LOLEAKAGE" Max="-17" Min="-100"></item><item title="SPECTRUMMASK" Max="100" Min="0"></item><item title="SPECTRUMMARGIN" Max="1000" Min="0"></item></Criteria><Record><item title="Modulation" value="MCS0NSS1"></item><item title="Bandwidth" value="20"></item><item title="Channel" value="36"></item><item title="Antenna" value="2"></item><item title="ExpectedPower" value="22"></item><item title="Power" value="22"></item><item title="TestType" value="Tx"></item><item title="EVM" value="-21,6423" result="PASS"></item><item title="FREQERR" value="-2,25762" result="PASS"></item><item title="SYMCLOCKERR" value="1,91" result="PASS"></item><item title="POWER" value="20,4206" result="FAIL"></item><item title="LOLEAKAGE" value="-46,9865" result="PASS"></item><item title="SPECTRUMMASK" value="10,8389" result="PASS"></item><item title="SPECTRUMMARGIN" value="10,8389" result="PASS"></item></Record><Criteria><item title="Modulation" value="MCS0NSS1"></item><item title="Bandwidth" value="20"></item><item title="Antenna" value="2"></item><item title="Channel" value="36"></item><item title="RfIcTemperature" value="46"></item><item title="CpuTemperature" value="60"></item><item title="ExpectedPower" value="23"></item><item title="EVM" Max="-5" Min="-100"></item><item title="FREQERR" Max="15" Min="-15"></item><item title="SYMCLOCKERR" Max="20" Min="-100"></item><item title="POWER" Max="24,5" Min="21,5" Avg="23"></item><item title="LOLEAKAGE" Max="-17" Min="-100"></item><item title="SPECTRUMMASK" Max="100" Min="0"></item><item title="SPECTRUMMARGIN" Max="1000" Min="0"></item></Criteria><Record><item title="Modulation" value="MCS0NSS1"></item><item title="Bandwidth" value="20"></item><item title="Channel" value="36"></item><item title="Antenna" value="2"></item><item title="ExpectedPower" value="23"></item><item title="Power" value="23"></item><item title="TestType" value="Tx"></item><item title="EVM" value="-20,4234" result="PASS"></item><item title="FREQERR" value="-2,25408" result="PASS"></item><item title="SYMCLOCKERR" value="-5,92058" result="PASS"></item><item title="POWER" value="21,4085" result="FAIL"></item><item title="LOLEAKAGE" value="-41,1242" result="PASS"></item><item title="SPECTRUMMASK" value="10,2701" result="PASS"></item><item title="SPECTRUMMARGIN" value="10,2701" result="PASS"></item></Record><Criteria><item title="Modulation" value="MCS0NSS1"></item><item title="Bandwidth" value="20"></item><item title="Antenna" value="2"></item><item title="Channel" value="36"></item><item title="RfIcTemperature" value="46"></item><item title="CpuTemperature" value="60"></item><item title="ExpectedPower" value="24"></item><item title="EVM" Max="-5" Min="-100"></item><item title="FREQERR" Max="15" Min="-15"></item><item title="SYMCLOCKERR" Max="20" Min="-100"></item><item title="POWER" Max="25,5" Min="22,5" Avg="24"></item><item title="LOLEAKAGE" Max="-17" Min="-100"></item><item title="SPECTRUMMASK" Max="100" Min="0"></item><item title="SPECTRUMMARGIN" Max="1000" Min="0"></item></Criteria><Record><item title="Modulation" value="MCS0NSS1"></item><item title="Bandwidth" value="20"></item><item title="Channel" value="36"></item><item title="Antenna" value="2"></item><item title="ExpectedPower" value="24"></item><item title="Power" value="24"></item><item title="TestType" value="Tx"></item><item title="EVM" value="-20,5578" result="PASS"></item><item title="FREQERR" value="-2,26156" result="PASS"></item><item title="SYMCLOCKERR" value="1,2813" result="PASS"></item><item title="POWER" value="22,3677" result="FAIL"></item><item title="LOLEAKAGE" value="-43,2983" result="PASS"></item><item title="SPECTRUMMASK" value="7,40294" result="PASS"></item><item title="SPECTRUMMARGIN" value="7,40294" result="PASS"></item></Record><Criteria><item title="Modulation" value="MCS0NSS1"></item><item title="Bandwidth" value="20"></item><item title="Antenna" value="2"></item><item title="Channel" value="36"></item><item title="RfIcTemperature" value="46"></item><item title="CpuTemperature" value="60"></item><item title="ExpectedPower" value="25"></item><item title="EVM" Max="-5" Min="-100"></item><item title="FREQERR" Max="15" Min="-15"></item><item title="SYMCLOCKERR" Max="20" Min="-100"></item><item title="POWER" Max="26,5" Min="23,5" Avg="25"></item><item title="LOLEAKAGE" Max="-17" Min="-100"></item><item title="SPECTRUMMASK" Max="100" Min="0"></item><item title="SPECTRUMMARGIN" Max="1000" Min="0"></item></Criteria><Record><item title="Modulation" value="MCS0NSS1"></item><item title="Bandwidth" value="20"></item><item title="Channel" value="36"></item><item title="Antenna" value="2"></item><item title="ExpectedPower" value="25"></item><item title="Power" value="25"></item><item title="TestType" value="Tx"></item><item title="EVM" value="-15,7733" result="PASS"></item><item title="FREQERR" value="-2,25572" result="PASS"></item><item title="SYMCLOCKERR" value="4,08979" result="PASS"></item><item title="POWER" value="23,3734" result="FAIL"></item><item title="LOLEAKAGE" value="-38,4464" result="PASS"></item><item title="SPECTRUMMASK" value="3,46181" result="PASS"></item><item title="SPECTRUMMARGIN" value="3,46181" result="PASS"></item></Record><Criteria><item title="Modulation" value="MCS0NSS1"></item><item title="Bandwidth" value="20"></item><item title="Antenna" value="3"></item><item title="Channel" value="36"></item><item title="RfIcTemperature" value="46"></item><item title="CpuTemperature" value="60"></item><item title="ExpectedPower" value="10"></item><item title="EVM" Max="-5" Min="-100"></item><item title="FREQERR" Max="15" Min="-15"></item><item title="SYMCLOCKERR" Max="20" Min="-100"></item><item title="POWER" Max="11,5" Min="8,5" Avg="10"></item><item title="LOLEAKAGE" Max="-17" Min="-100"></item><item title="SPECTRUMMASK" Max="100" Min="0"></item><item title="SPECTRUMMARGIN" Max="1000" Min="0"></item></Criteria><Record><item title="Modulation" value="MCS0NSS1"></item><item title="Bandwidth" value="20"></item><item title="Channel" value="36"></item><item title="Antenna" value="3"></item><item title="ExpectedPower" value="10"></item><item title="Power" value="10"></item><item title="TestType" value="Tx"></item><item title="EVM" value="-19,2939" result="PASS"></item><item title="FREQERR" value="-2,25732" result="PASS"></item><item title="SYMCLOCKERR" value="-2,74028" result="PASS"></item><item title="POWER" value="7,06676" result="FAIL"></item><item title="LOLEAKAGE" value="-27,0491" result="PASS"></item><item title="SPECTRUMMASK" value="11,8672" result="PASS"></item><item title="SPECTRUMMARGIN" value="11,8672" result="PASS"></item></Record><Criteria><item title="Modulation" value="MCS0NSS1"></item><item title="Bandwidth" value="20"></item><item title="Antenna" value="3"></item><item title="Channel" value="36"></item><item title="RfIcTemperature" value="46"></item><item title="CpuTemperature" value="60"></item><item title="ExpectedPower" value="11"></item><item title="EVM" Max="-5" Min="-100"></item><item title="FREQERR" Max="15" Min="-15"></item><item title="SYMCLOCKERR" Max="20" Min="-100"></item><item title="POWER" Max="12,5" Min="9,5" Avg="11"></item><item title="LOLEAKAGE" Max="-17" Min="-100"></item><item title="SPECTRUMMASK" Max="100" Min="0"></item><item title="SPECTRUMMARGIN" Max="1000" Min="0"></item></Criteria><Record><item title="Modulation" value="MCS0NSS1"></item><item title="Bandwidth" value="20"></item><item title="Channel" value="36"></item><item title="Antenna" value="3"></item><item title="ExpectedPower" value="11"></item><item title="Power" value="11"></item><item title="TestType" value="Tx"></item><item title="EVM" value="-19,5456" result="PASS"></item><item title="FREQERR" value="-2,25339" result="PASS"></item><item title="SYMCLOCKERR" value="-5,82265" result="PASS"></item><item title="POWER" value="8,23915" result="FAIL"></item><item title="LOLEAKAGE" value="-27,703" result="PASS"></item><item title="SPECTRUMMASK" value="9,9742" result="PASS"></item><item title="SPECTRUMMARGIN" value="9,9742" result="PASS"></item></Record><Criteria><item title="Modulation" value="MCS0NSS1"></item><item title="Bandwidth" value="20"></item><item title="Antenna" value="3"></item><item title="Channel" value="36"></item><item title="RfIcTemperature" value="46"></item><item title="CpuTemperature" value="60"></item><item title="ExpectedPower" value="12"></item><item title="EVM" Max="-5" Min="-100"></item><item title="FREQERR" Max="15" Min="-15"></item><item title="SYMCLOCKERR" Max="20" Min="-100"></item><item title="POWER" Max="13,5" Min="10,5" Avg="12"></item><item title="LOLEAKAGE" Max="-17" Min="-100"></item><item title="SPECTRUMMASK" Max="100" Min="0"></item><item title="SPECTRUMMARGIN" Max="1000" Min="0"></item></Criteria><Record><item title="Modulation" value="MCS0NSS1"></item><item title="Bandwidth" value="20"></item><item title="Channel" value="36"></item><item title="Antenna" value="3"></item><item title="ExpectedPower" value="12"></item><item title="Power" value="12"></item><item title="TestType" value="Tx"></item><item title="EVM" value="-20,9598" result="PASS"></item><item title="FREQERR" value="-2,25046" result="PASS"></item><item title="SYMCLOCKERR" value="1,04211" result="PASS"></item><item title="POWER" value="9,43712" result="FAIL"></item><item title="LOLEAKAGE" value="-31,5804" result="PASS"></item><item title="SPECTRUMMASK" value="12,5507" result="PASS"></item><item title="SPECTRUMMARGIN" value="12,5507" result="PASS"></item></Record><Criteria><item title="Modulation" value="MCS0NSS1"></item><item title="Bandwidth" value="20"></item><item title="Antenna" value="3"></item><item title="Channel" value="36"></item><item title="RfIcTemperature" value="46"></item><item title="CpuTemperature" value="60"></item><item title="ExpectedPower" value="13"></item><item title="EVM" Max="-5" Min="-100"></item><item title="FREQERR" Max="15" Min="-15"></item><item title="SYMCLOCKERR" Max="20" Min="-100"></item><item title="POWER" Max="14,5" Min="11,5" Avg="13"></item><item title="LOLEAKAGE" Max="-17" Min="-100"></item><item title="SPECTRUMMASK" Max="100" Min="0"></item><item title="SPECTRUMMARGIN" Max="1000" Min="0"></item></Criteria><Record><item title="Modulation" value="MCS0NSS1"></item><item title="Bandwidth" value="20"></item><item title="Channel" value="36"></item><item title="Antenna" value="3"></item><item title="ExpectedPower" value="13"></item><item title="Power" value="13"></item><item title="TestType" value="Tx"></item><item title="EVM" value="-20,0129" result="PASS"></item><item title="FREQERR" value="-2,24731" result="PASS"></item><item title="SYMCLOCKERR" value="-3,92085" result="PASS"></item><item title="POWER" value="10,9163" result="FAIL"></item><item title="LOLEAKAGE" value="-32,8" result="PASS"></item><item title="SPECTRUMMASK" value="11,2733" result="PASS"></item><item title="SPECTRUMMARGIN" value="11,2733" result="PASS"></item></Record><Criteria><item title="Modulation" value="MCS0NSS1"></item><item title="Bandwidth" value="20"></item><item title="Antenna" value="3"></item><item title="Channel" value="36"></item><item title="RfIcTemperature" value="46"></item><item title="CpuTemperature" value="60"></item><item title="ExpectedPower" value="14"></item><item title="EVM" Max="-5" Min="-100"></item><item title="FREQERR" Max="15" Min="-15"></item><item title="SYMCLOCKERR" Max="20" Min="-100"></item><item title="POWER" Max="15,5" Min="12,5" Avg="14"></item><item title="LOLEAKAGE" Max="-17" Min="-100"></item><item title="SPECTRUMMASK" Max="100" Min="0"></item><item title="SPECTRUMMARGIN" Max="1000" Min="0"></item></Criteria><Record><item title="Modulation" value="MCS0NSS1"></item><item title="Bandwidth" value="20"></item><item title="Channel" value="36"></item><item title="Antenna" value="3"></item><item title="ExpectedPower" value="14"></item><item title="Power" value="14"></item><item title="TestType" value="Tx"></item><item title="EVM" value="-19,0836" result="PASS"></item><item title="FREQERR" value="-2,24472" result="PASS"></item><item title="SYMCLOCKERR" value="-9,15222" result="PASS"></item><item title="POWER" value="11,9376" result="FAIL"></item><item title="LOLEAKAGE" value="-36,8335" result="PASS"></item><item title="SPECTRUMMASK" value="10,7478" result="PASS"></item><item title="SPECTRUMMARGIN" value="10,7478" result="PASS"></item></Record><Criteria><item title="Modulation" value="MCS0NSS1"></item><item title="Bandwidth" value="20"></item><item title="Antenna" value="3"></item><item title="Channel" value="36"></item><item title="RfIcTemperature" value="46"></item><item title="CpuTemperature" value="60"></item><item title="ExpectedPower" value="15"></item><item title="EVM" Max="-5" Min="-100"></item><item title="FREQERR" Max="15" Min="-15"></item><item title="SYMCLOCKERR" Max="20" Min="-100"></item><item title="POWER" Max="16,5" Min="13,5" Avg="15"></item><item title="LOLEAKAGE" Max="-17" Min="-100"></item><item title="SPECTRUMMASK" Max="100" Min="0"></item><item title="SPECTRUMMARGIN" Max="1000" Min="0"></item></Criteria><Record><item title="Modulation" value="MCS0NSS1"></item><item title="Bandwidth" value="20"></item><item title="Channel" value="36"></item><item title="Antenna" value="3"></item><item title="ExpectedPower" value="15"></item><item title="Power" value="15"></item><item title="TestType" value="Tx"></item><item title="EVM" value="-17,9584" result="PASS"></item><item title="FREQERR" value="-2,24566" result="PASS"></item><item title="SYMCLOCKERR" value="5,78033" result="PASS"></item><item title="POWER" value="12,8696" result="FAIL"></item><item title="LOLEAKAGE" value="-33,8292" result="PASS"></item><item title="SPECTRUMMASK" value="12,0416" result="PASS"></item><item title="SPECTRUMMARGIN" value="12,0416" result="PASS"></item></Record><Criteria><item title="Modulation" value="MCS0NSS1"></item><item title="Bandwidth" value="20"></item><item title="Antenna" value="3"></item><item title="Channel" value="36"></item><item title="RfIcTemperature" value="46"></item><item title="CpuTemperature" value="60"></item><item title="ExpectedPower" value="16"></item><item title="EVM" Max="-5" Min="-100"></item><item title="FREQERR" Max="15" Min="-15"></item><item title="SYMCLOCKERR" Max="20" Min="-100"></item><item title="POWER" Max="17,5" Min="14,5" Avg="16"></item><item title="LOLEAKAGE" Max="-17" Min="-100"></item><item title="SPECTRUMMASK" Max="100" Min="0"></item><item title="SPECTRUMMARGIN" Max="1000" Min="0"></item></Criteria><Record><item title="Modulation" value="MCS0NSS1"></item><item title="Bandwidth" value="20"></item><item title="Channel" value="36"></item><item title="Antenna" value="3"></item><item title="ExpectedPower" value="16"></item><item title="Power" value="16"></item><item title="TestType" value="Tx"></item><item title="EVM" value="-18,9517" result="PASS"></item><item title="FREQERR" value="-2,2424" result="PASS"></item><item title="SYMCLOCKERR" value="6,74097" result="PASS"></item><item title="POWER" value="14,3099" result="FAIL"></item><item title="LOLEAKAGE" value="-42,0065" result="PASS"></item><item title="SPECTRUMMASK" value="10,2636" result="PASS"></item><item title="SPECTRUMMARGIN" value="10,2636" result="PASS"></item></Record><Criteria><item title="Modulation" value="MCS0NSS1"></item><item title="Bandwidth" value="20"></item><item title="Antenna" value="3"></item><item title="Channel" value="36"></item><item title="RfIcTemperature" value="46"></item><item title="CpuTemperature" value="60"></item><item title="ExpectedPower" value="17"></item><item title="EVM" Max="-5" Min="-100"></item><item title="FREQERR" Max="15" Min="-15"></item><item title="SYMCLOCKERR" Max="20" Min="-100"></item><item title="POWER" Max="18,5" Min="15,5" Avg="17"></item><item title="LOLEAKAGE" Max="-17" Min="-100"></item><item title="SPECTRUMMASK" Max="100" Min="0"></item><item title="SPECTRUMMARGIN" Max="1000" Min="0"></item></Criteria><Record><item title="Modulation" value="MCS0NSS1"></item><item title="Bandwidth" value="20"></item><item title="Channel" value="36"></item><item title="Antenna" value="3"></item><item title="ExpectedPower" value="17"></item><item title="Power" value="17"></item><item title="TestType" value="Tx"></item><item title="EVM" value="-18,9074" result="PASS"></item><item title="FREQERR" value="-2,24565" result="PASS"></item><item title="SYMCLOCKERR" value="3,05559" result="PASS"></item><item title="POWER" value="14,9729" result="FAIL"></item><item title="LOLEAKAGE" value="-41,3678" result="PASS"></item><item title="SPECTRUMMASK" value="12,1414" result="PASS"></item><item title="SPECTRUMMARGIN" value="12,1414" result="PASS"></item></Record><Criteria><item title="Modulation" value="MCS0NSS1"></item><item title="Bandwidth" value="20"></item><item title="Antenna" value="3"></item><item title="Channel" value="36"></item><item title="RfIcTemperature" value="46"></item><item title="CpuTemperature" value="60"></item><item title="ExpectedPower" value="18"></item><item title="EVM" Max="-5" Min="-100"></item><item title="FREQERR" Max="15" Min="-15"></item><item title="SYMCLOCKERR" Max="20" Min="-100"></item><item title="POWER" Max="19,5" Min="16,5" Avg="18"></item><item title="LOLEAKAGE" Max="-17" Min="-100"></item><item title="SPECTRUMMASK" Max="100" Min="0"></item><item title="SPECTRUMMARGIN" Max="1000" Min="0"></item></Criteria><Record><item title="Modulation" value="MCS0NSS1"></item><item title="Bandwidth" value="20"></item><item title="Channel" value="36"></item><item title="Antenna" value="3"></item><item title="ExpectedPower" value="18"></item><item title="Power" value="18"></item><item title="TestType" value="Tx"></item><item title="EVM" value="-17,9399" result="PASS"></item><item title="FREQERR" value="-2,24355" result="PASS"></item><item title="SYMCLOCKERR" value="-2,15073" result="PASS"></item><item title="POWER" value="16,2591" result="FAIL"></item><item title="LOLEAKAGE" value="-43,9213" result="PASS"></item><item title="SPECTRUMMASK" value="11,7578" result="PASS"></item><item title="SPECTRUMMARGIN" value="11,7578" result="PASS"></item></Record><Criteria><item title="Modulation" value="MCS0NSS1"></item><item title="Bandwidth" value="20"></item><item title="Antenna" value="3"></item><item title="Channel" value="36"></item><item title="RfIcTemperature" value="46"></item><item title="CpuTemperature" value="60"></item><item title="ExpectedPower" value="19"></item><item title="EVM" Max="-5" Min="-100"></item><item title="FREQERR" Max="15" Min="-15"></item><item title="SYMCLOCKERR" Max="20" Min="-100"></item><item title="POWER" Max="20,5" Min="17,5" Avg="19"></item><item title="LOLEAKAGE" Max="-17" Min="-100"></item><item title="SPECTRUMMASK" Max="100" Min="0"></item><item title="SPECTRUMMARGIN" Max="1000" Min="0"></item></Criteria><Record><item title="Modulation" value="MCS0NSS1"></item><item title="Bandwidth" value="20"></item><item title="Channel" value="36"></item><item title="Antenna" value="3"></item><item title="ExpectedPower" value="19"></item><item title="Power" value="19"></item><item title="TestType" value="Tx"></item><item title="EVM" value="-19,1552" result="PASS"></item><item title="FREQERR" value="-2,24478" result="PASS"></item><item title="SYMCLOCKERR" value="4,69637" result="PASS"></item><item title="POWER" value="17,1471" result="FAIL"></item><item title="LOLEAKAGE" value="-57,0831" result="PASS"></item><item title="SPECTRUMMASK" value="10,8601" result="PASS"></item><item title="SPECTRUMMARGIN" value="10,8601" result="PASS"></item></Record><Criteria><item title="Modulation" value="MCS0NSS1"></item><item title="Bandwidth" value="20"></item><item title="Antenna" value="3"></item><item title="Channel" value="36"></item><item title="RfIcTemperature" value="46"></item><item title="CpuTemperature" value="60"></item><item title="ExpectedPower" value="20"></item><item title="EVM" Max="-5" Min="-100"></item><item title="FREQERR" Max="15" Min="-15"></item><item title="SYMCLOCKERR" Max="20" Min="-100"></item><item title="POWER" Max="21,5" Min="18,5" Avg="20"></item><item title="LOLEAKAGE" Max="-17" Min="-100"></item><item title="SPECTRUMMASK" Max="100" Min="0"></item><item title="SPECTRUMMARGIN" Max="1000" Min="0"></item></Criteria><Record><item title="Modulation" value="MCS0NSS1"></item><item title="Bandwidth" value="20"></item><item title="Channel" value="36"></item><item title="Antenna" value="3"></item><item title="ExpectedPower" value="20"></item><item title="Power" value="20"></item><item title="TestType" value="Tx"></item><item title="EVM" value="-18,7214" result="PASS"></item><item title="FREQERR" value="-2,24514" result="PASS"></item><item title="SYMCLOCKERR" value="-4,10399" result="PASS"></item><item title="POWER" value="18,3802" result="FAIL"></item><item title="LOLEAKAGE" value="-43,2093" result="PASS"></item><item title="SPECTRUMMASK" value="10,2702" result="PASS"></item><item title="SPECTRUMMARGIN" value="10,2702" result="PASS"></item></Record><Criteria><item title="Modulation" value="MCS0NSS1"></item><item title="Bandwidth" value="20"></item><item title="Antenna" value="3"></item><item title="Channel" value="36"></item><item title="RfIcTemperature" value="46"></item><item title="CpuTemperature" value="60"></item><item title="ExpectedPower" value="21"></item><item title="EVM" Max="-5" Min="-100"></item><item title="FREQERR" Max="15" Min="-15"></item><item title="SYMCLOCKERR" Max="20" Min="-100"></item><item title="POWER" Max="22,5" Min="19,5" Avg="21"></item><item title="LOLEAKAGE" Max="-17" Min="-100"></item><item title="SPECTRUMMASK" Max="100" Min="0"></item><item title="SPECTRUMMARGIN" Max="1000" Min="0"></item></Criteria><Record><item title="Modulation" value="MCS0NSS1"></item><item title="Bandwidth" value="20"></item><item title="Channel" value="36"></item><item title="Antenna" value="3"></item><item title="ExpectedPower" value="21"></item><item title="Power" value="21"></item><item title="TestType" value="Tx"></item><item title="EVM" value="-19,9999" result="PASS"></item><item title="FREQERR" value="-2,23883" result="PASS"></item><item title="SYMCLOCKERR" value="3,24469" result="PASS"></item><item title="POWER" value="19,2921" result="FAIL"></item><item title="LOLEAKAGE" value="-39,0058" result="PASS"></item><item title="SPECTRUMMASK" value="12,4844" result="PASS"></item><item title="SPECTRUMMARGIN" value="12,4844" result="PASS"></item></Record><Criteria><item title="Modulation" value="MCS0NSS1"></item><item title="Bandwidth" value="20"></item><item title="Antenna" value="3"></item><item title="Channel" value="36"></item><item title="RfIcTemperature" value="46"></item><item title="CpuTemperature" value="60"></item><item title="ExpectedPower" value="22"></item><item title="EVM" Max="-5" Min="-100"></item><item title="FREQERR" Max="15" Min="-15"></item><item title="SYMCLOCKERR" Max="20" Min="-100"></item><item title="POWER" Max="23,5" Min="20,5" Avg="22"></item><item title="LOLEAKAGE" Max="-17" Min="-100"></item><item title="SPECTRUMMASK" Max="100" Min="0"></item><item title="SPECTRUMMARGIN" Max="1000" Min="0"></item></Criteria><Record><item title="Modulation" value="MCS0NSS1"></item><item title="Bandwidth" value="20"></item><item title="Channel" value="36"></item><item title="Antenna" value="3"></item><item title="ExpectedPower" value="22"></item><item title="Power" value="22"></item><item title="TestType" value="Tx"></item><item title="EVM" value="-19,2323" result="PASS"></item><item title="FREQERR" value="-2,23774" result="PASS"></item><item title="SYMCLOCKERR" value="0,0645161" result="PASS"></item><item title="POWER" value="20,3525" result="FAIL"></item><item title="LOLEAKAGE" value="-42,7881" result="PASS"></item><item title="SPECTRUMMASK" value="10,6658" result="PASS"></item><item title="SPECTRUMMARGIN" value="10,6658" result="PASS"></item></Record><Criteria><item title="Modulation" value="MCS0NSS1"></item><item title="Bandwidth" value="20"></item><item title="Antenna" value="3"></item><item title="Channel" value="36"></item><item title="RfIcTemperature" value="46"></item><item title="CpuTemperature" value="60"></item><item title="ExpectedPower" value="23"></item><item title="EVM" Max="-5" Min="-100"></item><item title="FREQERR" Max="15" Min="-15"></item><item title="SYMCLOCKERR" Max="20" Min="-100"></item><item title="POWER" Max="24,5" Min="21,5" Avg="23"></item><item title="LOLEAKAGE" Max="-17" Min="-100"></item><item title="SPECTRUMMASK" Max="100" Min="0"></item><item title="SPECTRUMMARGIN" Max="1000" Min="0"></item></Criteria><Record><item title="Modulation" value="MCS0NSS1"></item><item title="Bandwidth" value="20"></item><item title="Channel" value="36"></item><item title="Antenna" value="3"></item><item title="ExpectedPower" value="23"></item><item title="Power" value="23"></item><item title="TestType" value="Tx"></item><item title="EVM" value="-18,2759" result="PASS"></item><item title="FREQERR" value="-2,24337" result="PASS"></item><item title="SYMCLOCKERR" value="2,3455" result="PASS"></item><item title="POWER" value="21,3493" result="FAIL"></item><item title="LOLEAKAGE" value="-37,8018" result="PASS"></item><item title="SPECTRUMMASK" value="9,70026" result="PASS"></item><item title="SPECTRUMMARGIN" value="9,70026" result="PASS"></item></Record><Criteria><item title="Modulation" value="MCS0NSS1"></item><item title="Bandwidth" value="20"></item><item title="Antenna" value="3"></item><item title="Channel" value="36"></item><item title="RfIcTemperature" value="46"></item><item title="CpuTemperature" value="60"></item><item title="ExpectedPower" value="24"></item><item title="EVM" Max="-5" Min="-100"></item><item title="FREQERR" Max="15" Min="-15"></item><item title="SYMCLOCKERR" Max="20" Min="-100"></item><item title="POWER" Max="25,5" Min="22,5" Avg="24"></item><item title="LOLEAKAGE" Max="-17" Min="-100"></item><item title="SPECTRUMMASK" Max="100" Min="0"></item><item title="SPECTRUMMARGIN" Max="1000" Min="0"></item></Criteria><Record><item title="Modulation" value="MCS0NSS1"></item><item title="Bandwidth" value="20"></item><item title="Channel" value="36"></item><item title="Antenna" value="3"></item><item title="ExpectedPower" value="24"></item><item title="Power" value="24"></item><item title="TestType" value="Tx"></item><item title="EVM" value="-18,7297" result="PASS"></item><item title="FREQERR" value="-2,2402" result="PASS"></item><item title="SYMCLOCKERR" value="-3,60353" result="PASS"></item><item title="POWER" value="22,3581" result="FAIL"></item><item title="LOLEAKAGE" value="-37,8187" result="PASS"></item><item title="SPECTRUMMASK" value="5,2572" result="PASS"></item><item title="SPECTRUMMARGIN" value="5,2572" result="PASS"></item></Record><Criteria><item title="Modulation" value="MCS0NSS1"></item><item title="Bandwidth" value="20"></item><item title="Antenna" value="3"></item><item title="Channel" value="36"></item><item title="RfIcTemperature" value="46"></item><item title="CpuTemperature" value="60"></item><item title="ExpectedPower" value="25"></item><item title="EVM" Max="-5" Min="-100"></item><item title="FREQERR" Max="15" Min="-15"></item><item title="SYMCLOCKERR" Max="20" Min="-100"></item><item title="POWER" Max="26,5" Min="23,5" Avg="25"></item><item title="LOLEAKAGE" Max="-17" Min="-100"></item><item title="SPECTRUMMASK" Max="100" Min="0"></item><item title="SPECTRUMMARGIN" Max="1000" Min="0"></item></Criteria><Record><item title="Modulation" value="MCS0NSS1"></item><item title="Bandwidth" value="20"></item><item title="Channel" value="36"></item><item title="Antenna" value="3"></item><item title="ExpectedPower" value="25"></item><item title="Power" value="25"></item><item title="TestType" value="Tx"></item><item title="EVM" value="-18,3664" result="PASS"></item><item title="FREQERR" value="-2,23808" result="PASS"></item><item title="SYMCLOCKERR" value="3,15819" result="PASS"></item><item title="POWER" value="23,2201" result="FAIL"></item><item title="LOLEAKAGE" value="-35,8963" result="PASS"></item><item title="SPECTRUMMASK" value="3,51926" result="PASS"></item><item title="SPECTRUMMARGIN" value="3,51926" result="PASS"></item></Record><Criteria><item title="Modulation" value="MCS0NSS1"></item><item title="Bandwidth" value="20"></item><item title="Antenna" value="0"></item><item title="Channel" value="52"></item><item title="RfIcTemperature" value="46"></item><item title="CpuTemperature" value="60"></item><item title="ExpectedPower" value="10"></item><item title="EVM" Max="-5" Min="-100"></item><item title="FREQERR" Max="15" Min="-15"></item><item title="SYMCLOCKERR" Max="20" Min="-100"></item><item title="POWER" Max="11,5" Min="8,5" Avg="10"></item><item title="LOLEAKAGE" Max="-17" Min="-100"></item><item title="SPECTRUMMASK" Max="100" Min="0"></item><item title="SPECTRUMMARGIN" Max="1000" Min="0"></item></Criteria><Record><item title="Modulation" value="MCS0NSS1"></item><item title="Bandwidth" value="20"></item><item title="Channel" value="52"></item><item title="Antenna" value="0"></item><item title="ExpectedPower" value="10"></item><item title="Power" value="10"></item><item title="TestType" value="Tx"></item><item title="EVM" value="-20,4354" result="PASS"></item><item title="FREQERR" value="-2,24854" result="PASS"></item><item title="SYMCLOCKERR" value="-0,357263" result="PASS"></item><item title="POWER" value="7,49969" result="FAIL"></item><item title="LOLEAKAGE" value="-31,3273" result="PASS"></item><item title="SPECTRUMMASK" value="12,0644" result="PASS"></item><item title="SPECTRUMMARGIN" value="12,0644" result="PASS"></item></Record><Criteria><item title="Modulation" value="MCS0NSS1"></item><item title="Bandwidth" value="20"></item><item title="Antenna" value="0"></item><item title="Channel" value="52"></item><item title="RfIcTemperature" value="46"></item><item title="CpuTemperature" value="60"></item><item title="ExpectedPower" value="11"></item><item title="EVM" Max="-5" Min="-100"></item><item title="FREQERR" Max="15" Min="-15"></item><item title="SYMCLOCKERR" Max="20" Min="-100"></item><item title="POWER" Max="12,5" Min="9,5" Avg="11"></item><item title="LOLEAKAGE" Max="-17" Min="-100"></item><item title="SPECTRUMMASK" Max="100" Min="0"></item><item title="SPECTRUMMARGIN" Max="1000" Min="0"></item></Criteria><Record><item title="Modulation" value="MCS0NSS1"></item><item title="Bandwidth" value="20"></item><item title="Channel" value="52"></item><item title="Antenna" value="0"></item><item title="ExpectedPower" value="11"></item><item title="Power" value="11"></item><item title="TestType" value="Tx"></item><item title="EVM" value="-18,0544" result="PASS"></item><item title="FREQERR" value="-2,2369" result="PASS"></item><item title="SYMCLOCKERR" value="-3,67425" result="PASS"></item><item title="POWER" value="8,81114" result="FAIL"></item><item title="LOLEAKAGE" value="-33,2742" result="PASS"></item><item title="SPECTRUMMASK" value="11,7375" result="PASS"></item><item title="SPECTRUMMARGIN" value="11,7375" result="PASS"></item></Record><Criteria><item title="Modulation" value="MCS0NSS1"></item><item title="Bandwidth" value="20"></item><item title="Antenna" value="0"></item><item title="Channel" value="52"></item><item title="RfIcTemperature" value="46"></item><item title="CpuTemperature" value="60"></item><item title="ExpectedPower" value="12"></item><item title="EVM" Max="-5" Min="-100"></item><item title="FREQERR" Max="15" Min="-15"></item><item title="SYMCLOCKERR" Max="20" Min="-100"></item><item title="POWER" Max="13,5" Min="10,5" Avg="12"></item><item title="LOLEAKAGE" Max="-17" Min="-100"></item><item title="SPECTRUMMASK" Max="100" Min="0"></item><item title="SPECTRUMMARGIN" Max="1000" Min="0"></item></Criteria><Record><item title="Modulation" value="MCS0NSS1"></item><item title="Bandwidth" value="20"></item><item title="Channel" value="52"></item><item title="Antenna" value="0"></item><item title="ExpectedPower" value="12"></item><item title="Power" value="12"></item><item title="TestType" value="Tx"></item><item title="EVM" value="-20,138" result="PASS"></item><item title="FREQERR" value="-2,24165" result="PASS"></item><item title="SYMCLOCKERR" value="4,94151" result="PASS"></item><item title="POWER" value="9,7909" result="FAIL"></item><item title="LOLEAKAGE" value="-35,0032" result="PASS"></item><item title="SPECTRUMMASK" value="11,9586" result="PASS"></item><item title="SPECTRUMMARGIN" value="11,9586" result="PASS"></item></Record><Criteria><item title="Modulation" value="MCS0NSS1"></item><item title="Bandwidth" value="20"></item><item title="Antenna" value="0"></item><item title="Channel" value="52"></item><item title="RfIcTemperature" value="46"></item><item title="CpuTemperature" value="60"></item><item title="ExpectedPower" value="13"></item><item title="EVM" Max="-5" Min="-100"></item><item title="FREQERR" Max="15" Min="-15"></item><item title="SYMCLOCKERR" Max="20" Min="-100"></item><item title="POWER" Max="14,5" Min="11,5" Avg="13"></item><item title="LOLEAKAGE" Max="-17" Min="-100"></item><item title="SPECTRUMMASK" Max="100" Min="0"></item><item title="SPECTRUMMARGIN" Max="1000" Min="0"></item></Criteria><Record><item title="Modulation" value="MCS0NSS1"></item><item title="Bandwidth" value="20"></item><item title="Channel" value="52"></item><item title="Antenna" value="0"></item><item title="ExpectedPower" value="13"></item><item title="Power" value="13"></item><item title="TestType" value="Tx"></item><item title="EVM" value="-19,8053" result="PASS"></item><item title="FREQERR" value="-2,24307" result="PASS"></item><item title="SYMCLOCKERR" value="0,249713" result="PASS"></item><item title="POWER" value="10,7176" result="FAIL"></item><item title="LOLEAKAGE" value="-36,2034" result="PASS"></item><item title="SPECTRUMMASK" value="11,3354" result="PASS"></item><item title="SPECTRUMMARGIN" value="11,3354" result="PASS"></item></Record><Criteria><item title="Modulation" value="MCS0NSS1"></item><item title="Bandwidth" value="20"></item><item title="Antenna" value="0"></item><item title="Channel" value="52"></item><item title="RfIcTemperature" value="46"></item><item title="CpuTemperature" value="60"></item><item title="ExpectedPower" value="14"></item><item title="EVM" Max="-5" Min="-100"></item><item title="FREQERR" Max="15" Min="-15"></item><item title="SYMCLOCKERR" Max="20" Min="-100"></item><item title="POWER" Max="15,5" Min="12,5" Avg="14"></item><item title="LOLEAKAGE" Max="-17" Min="-100"></item><item title="SPECTRUMMASK" Max="100" Min="0"></item><item title="SPECTRUMMARGIN" Max="1000" Min="0"></item></Criteria><Record><item title="Modulation" value="MCS0NSS1"></item><item title="Bandwidth" value="20"></item><item title="Channel" value="52"></item><item title="Antenna" value="0"></item><item title="ExpectedPower" value="14"></item><item title="Power" value="14"></item><item title="TestType" value="Tx"></item><item title="EVM" value="-19,918" result="PASS"></item><item title="FREQERR" value="-2,2438" result="PASS"></item><item title="SYMCLOCKERR" value="-2,54953" result="PASS"></item><item title="POWER" value="11,7639" result="FAIL"></item><item title="LOLEAKAGE" value="-36,4653" result="PASS"></item><item title="SPECTRUMMASK" value="12,2524" result="PASS"></item><item title="SPECTRUMMARGIN" value="12,2524" result="PASS"></item></Record><Criteria><item title="Modulation" value="MCS0NSS1"></item><item title="Bandwidth" value="20"></item><item title="Antenna" value="0"></item><item title="Channel" value="52"></item><item title="RfIcTemperature" value="46"></item><item title="CpuTemperature" value="60"></item><item title="ExpectedPower" value="15"></item><item title="EVM" Max="-5" Min="-100"></item><item title="FREQERR" Max="15" Min="-15"></item><item title="SYMCLOCKERR" Max="20" Min="-100"></item><item title="POWER" Max="16,5" Min="13,5" Avg="15"></item><item title="LOLEAKAGE" Max="-17" Min="-100"></item><item title="SPECTRUMMASK" Max="100" Min="0"></item><item title="SPECTRUMMARGIN" Max="1000" Min="0"></item></Criteria><Record><item title="Modulation" value="MCS0NSS1"></item><item title="Bandwidth" value="20"></item><item title="Channel" value="52"></item><item title="Antenna" value="0"></item><item title="ExpectedPower" value="15"></item><item title="Power" value="15"></item><item title="TestType" value="Tx"></item><item title="EVM" value="-19,9439" result="PASS"></item><item title="FREQERR" value="-2,24259" result="PASS"></item><item title="SYMCLOCKERR" value="-1,11336" result="PASS"></item><item title="POWER" value="12,5966" result="FAIL"></item><item title="LOLEAKAGE" value="-36,4777" result="PASS"></item><item title="SPECTRUMMASK" value="10,811" result="PASS"></item><item title="SPECTRUMMARGIN" value="10,811" result="PASS"></item></Record><Criteria><item title="Modulation" value="MCS0NSS1"></item><item title="Bandwidth" value="20"></item><item title="Antenna" value="0"></item><item title="Channel" value="52"></item><item title="RfIcTemperature" value="46"></item><item title="CpuTemperature" value="60"></item><item title="ExpectedPower" value="16"></item><item title="EVM" Max="-5" Min="-100"></item><item title="FREQERR" Max="15" Min="-15"></item><item title="SYMCLOCKERR" Max="20" Min="-100"></item><item title="POWER" Max="17,5" Min="14,5" Avg="16"></item><item title="LOLEAKAGE" Max="-17" Min="-100"></item><item title="SPECTRUMMASK" Max="100" Min="0"></item><item title="SPECTRUMMARGIN" Max="1000" Min="0"></item></Criteria><Record><item title="Modulation" value="MCS0NSS1"></item><item title="Bandwidth" value="20"></item><item title="Channel" value="52"></item><item title="Antenna" value="0"></item><item title="ExpectedPower" value="16"></item><item title="Power" value="16"></item><item title="TestType" value="Tx"></item><item title="EVM" value="-20,2328" result="PASS"></item><item title="FREQERR" value="-2,23979" result="PASS"></item><item title="SYMCLOCKERR" value="-2,43662" result="PASS"></item><item title="POWER" value="14,03" result="FAIL"></item><item title="LOLEAKAGE" value="-42,9557" result="PASS"></item><item title="SPECTRUMMASK" value="13,0645" result="PASS"></item><item title="SPECTRUMMARGIN" value="13,0645" result="PASS"></item></Record><Criteria><item title="Modulation" value="MCS0NSS1"></item><item title="Bandwidth" value="20"></item><item title="Antenna" value="0"></item><item title="Channel" value="52"></item><item title="RfIcTemperature" value="46"></item><item title="CpuTemperature" value="60"></item><item title="ExpectedPower" value="17"></item><item title="EVM" Max="-5" Min="-100"></item><item title="FREQERR" Max="15" Min="-15"></item><item title="SYMCLOCKERR" Max="20" Min="-100"></item><item title="POWER" Max="18,5" Min="15,5" Avg="17"></item><item title="LOLEAKAGE" Max="-17" Min="-100"></item><item title="SPECTRUMMASK" Max="100" Min="0"></item><item title="SPECTRUMMARGIN" Max="1000" Min="0"></item></Criteria><Record><item title="Modulation" value="MCS0NSS1"></item><item title="Bandwidth" value="20"></item><item title="Channel" value="52"></item><item title="Antenna" value="0"></item><item title="ExpectedPower" value="17"></item><item title="Power" value="17"></item><item title="TestType" value="Tx"></item><item title="EVM" value="-20,0491" result="PASS"></item><item title="FREQERR" value="-2,23839" result="PASS"></item><item title="SYMCLOCKERR" value="2,92056" result="PASS"></item><item title="POWER" value="15,0201" result="FAIL"></item><item title="LOLEAKAGE" value="-44,1626" result="PASS"></item><item title="SPECTRUMMASK" value="12,108" result="PASS"></item><item title="SPECTRUMMARGIN" value="12,108" result="PASS"></item></Record><Criteria><item title="Modulation" value="MCS0NSS1"></item><item title="Bandwidth" value="20"></item><item title="Antenna" value="0"></item><item title="Channel" value="52"></item><item title="RfIcTemperature" value="46"></item><item title="CpuTemperature" value="60"></item><item title="ExpectedPower" value="18"></item><item title="EVM" Max="-5" Min="-100"></item><item title="FREQERR" Max="15" Min="-15"></item><item title="SYMCLOCKERR" Max="20" Min="-100"></item><item title="POWER" Max="19,5" Min="16,5" Avg="18"></item><item title="LOLEAKAGE" Max="-17" Min="-100"></item><item title="SPECTRUMMASK" Max="100" Min="0"></item><item title="SPECTRUMMARGIN" Max="1000" Min="0"></item></Criteria><Record><item title="Modulation" value="MCS0NSS1"></item><item title="Bandwidth" value="20"></item><item title="Channel" value="52"></item><item title="Antenna" value="0"></item><item title="ExpectedPower" value="18"></item><item title="Power" value="18"></item><item title="TestType" value="Tx"></item><item title="EVM" value="-19,4525" result="PASS"></item><item title="FREQERR" value="-2,2482" result="PASS"></item><item title="SYMCLOCKERR" value="3,90013" result="PASS"></item><item title="POWER" value="15,8887" result="FAIL"></item><item title="LOLEAKAGE" value="-42,0555" result="PASS"></item><item title="SPECTRUMMASK" value="12,2785" result="PASS"></item><item title="SPECTRUMMARGIN" value="12,2785" result="PASS"></item></Record><Criteria><item title="Modulation" value="MCS0NSS1"></item><item title="Bandwidth" value="20"></item><item title="Antenna" value="0"></item><item title="Channel" value="52"></item><item title="RfIcTemperature" value="46"></item><item title="CpuTemperature" value="60"></item><item title="ExpectedPower" value="19"></item><item title="EVM" Max="-5" Min="-100"></item><item title="FREQERR" Max="15" Min="-15"></item><item title="SYMCLOCKERR" Max="20" Min="-100"></item><item title="POWER" Max="20,5" Min="17,5" Avg="19"></item><item title="LOLEAKAGE" Max="-17" Min="-100"></item><item title="SPECTRUMMASK" Max="100" Min="0"></item><item title="SPECTRUMMARGIN" Max="1000" Min="0"></item></Criteria><Record><item title="Modulation" value="MCS0NSS1"></item><item title="Bandwidth" value="20"></item><item title="Channel" value="52"></item><item title="Antenna" value="0"></item><item title="ExpectedPower" value="19"></item><item title="Power" value="19"></item><item title="TestType" value="Tx"></item><item title="EVM" value="-19,1652" result="PASS"></item><item title="FREQERR" value="-2,23748" result="PASS"></item><item title="SYMCLOCKERR" value="2,64262" result="PASS"></item><item title="POWER" value="16,7897" result="FAIL"></item><item title="LOLEAKAGE" value="-47,3853" result="PASS"></item><item title="SPECTRUMMASK" value="11,2562" result="PASS"></item><item title="SPECTRUMMARGIN" value="11,2562" result="PASS"></item></Record><Criteria><item title="Modulation" value="MCS0NSS1"></item><item title="Bandwidth" value="20"></item><item title="Antenna" value="0"></item><item title="Channel" value="52"></item><item title="RfIcTemperature" value="46"></item><item title="CpuTemperature" value="60"></item><item title="ExpectedPower" value="20"></item><item title="EVM" Max="-5" Min="-100"></item><item title="FREQERR" Max="15" Min="-15"></item><item title="SYMCLOCKERR" Max="20" Min="-100"></item><item title="POWER" Max="21,5" Min="18,5" Avg="20"></item><item title="LOLEAKAGE" Max="-17" Min="-100"></item><item title="SPECTRUMMASK" Max="100" Min="0"></item><item title="SPECTRUMMARGIN" Max="1000" Min="0"></item></Criteria><Record><item title="Modulation" value="MCS0NSS1"></item><item title="Bandwidth" value="20"></item><item title="Channel" value="52"></item><item title="Antenna" value="0"></item><item title="ExpectedPower" value="20"></item><item title="Power" value="20"></item><item title="TestType" value="Tx"></item><item title="EVM" value="-19,4228" result="PASS"></item><item title="FREQERR" value="-2,24757" result="PASS"></item><item title="SYMCLOCKERR" value="-6,98077" result="PASS"></item><item title="POWER" value="17,8728" result="FAIL"></item><item title="LOLEAKAGE" value="-46,2155" result="PASS"></item><item title="SPECTRUMMASK" value="10,8804" result="PASS"></item><item title="SPECTRUMMARGIN" value="10,8804" result="PASS"></item></Record><Criteria><item title="Modulation" value="MCS0NSS1"></item><item title="Bandwidth" value="20"></item><item title="Antenna" value="0"></item><item title="Channel" value="52"></item><item title="RfIcTemperature" value="46"></item><item title="CpuTemperature" value="60"></item><item title="ExpectedPower" value="21"></item><item title="EVM" Max="-5" Min="-100"></item><item title="FREQERR" Max="15" Min="-15"></item><item title="SYMCLOCKERR" Max="20" Min="-100"></item><item title="POWER" Max="22,5" Min="19,5" Avg="21"></item><item title="LOLEAKAGE" Max="-17" Min="-100"></item><item title="SPECTRUMMASK" Max="100" Min="0"></item><item title="SPECTRUMMARGIN" Max="1000" Min="0"></item></Criteria><Record><item title="Modulation" value="MCS0NSS1"></item><item title="Bandwidth" value="20"></item><item title="Channel" value="52"></item><item title="Antenna" value="0"></item><item title="ExpectedPower" value="21"></item><item title="Power" value="21"></item><item title="TestType" value="Tx"></item><item title="EVM" value="-18,0685" result="PASS"></item><item title="FREQERR" value="-2,23801" result="PASS"></item><item title="SYMCLOCKERR" value="-3,76611" result="PASS"></item><item title="POWER" value="18,9846" result="FAIL"></item><item title="LOLEAKAGE" value="-45,8007" result="PASS"></item><item title="SPECTRUMMASK" value="11,0911" result="PASS"></item><item title="SPECTRUMMARGIN" value="11,0911" result="PASS"></item></Record><Criteria><item title="Modulation" value="MCS0NSS1"></item><item title="Bandwidth" value="20"></item><item title="Antenna" value="0"></item><item title="Channel" value="52"></item><item title="RfIcTemperature" value="46"></item><item title="CpuTemperature" value="60"></item><item title="ExpectedPower" value="22"></item><item title="EVM" Max="-5" Min="-100"></item><item title="FREQERR" Max="15" Min="-15"></item><item title="SYMCLOCKERR" Max="20" Min="-100"></item><item title="POWER" Max="23,5" Min="20,5" Avg="22"></item><item title="LOLEAKAGE" Max="-17" Min="-100"></item><item title="SPECTRUMMASK" Max="100" Min="0"></item><item title="SPECTRUMMARGIN" Max="1000" Min="0"></item></Criteria><Record><item title="Modulation" value="MCS0NSS1"></item><item title="Bandwidth" value="20"></item><item title="Channel" value="52"></item><item title="Antenna" value="0"></item><item title="ExpectedPower" value="22"></item><item title="Power" value="22"></item><item title="TestType" value="Tx"></item><item title="EVM" value="-18,8996" result="PASS"></item><item title="FREQERR" value="-2,23826" result="PASS"></item><item title="SYMCLOCKERR" value="5,80208" result="PASS"></item><item title="POWER" value="19,9439" result="FAIL"></item><item title="LOLEAKAGE" value="-48,8157" result="PASS"></item><item title="SPECTRUMMASK" value="12,4834" result="PASS"></item><item title="SPECTRUMMARGIN" value="12,4834" result="PASS"></item></Record><Criteria><item title="Modulation" value="MCS0NSS1"></item><item title="Bandwidth" value="20"></item><item title="Antenna" value="0"></item><item title="Channel" value="52"></item><item title="RfIcTemperature" value="46"></item><item title="CpuTemperature" value="60"></item><item title="ExpectedPower" value="23"></item><item title="EVM" Max="-5" Min="-100"></item><item title="FREQERR" Max="15" Min="-15"></item><item title="SYMCLOCKERR" Max="20" Min="-100"></item><item title="POWER" Max="24,5" Min="21,5" Avg="23"></item><item title="LOLEAKAGE" Max="-17" Min="-100"></item><item title="SPECTRUMMASK" Max="100" Min="0"></item><item title="SPECTRUMMARGIN" Max="1000" Min="0"></item></Criteria><Record><item title="Modulation" value="MCS0NSS1"></item><item title="Bandwidth" value="20"></item><item title="Channel" value="52"></item><item title="Antenna" value="0"></item><item title="ExpectedPower" value="23"></item><item title="Power" value="23"></item><item title="TestType" value="Tx"></item><item title="EVM" value="-18,2714" result="PASS"></item><item title="FREQERR" value="-2,23281" result="PASS"></item><item title="SYMCLOCKERR" value="0,94583" result="PASS"></item><item title="POWER" value="20,793" result="FAIL"></item><item title="LOLEAKAGE" value="-45,1693" result="PASS"></item><item title="SPECTRUMMASK" value="9,52208" result="PASS"></item><item title="SPECTRUMMARGIN" value="9,52208" result="PASS"></item></Record><Criteria><item title="Modulation" value="MCS0NSS1"></item><item title="Bandwidth" value="20"></item><item title="Antenna" value="0"></item><item title="Channel" value="52"></item><item title="RfIcTemperature" value="46"></item><item title="CpuTemperature" value="60"></item><item title="ExpectedPower" value="24"></item><item title="EVM" Max="-5" Min="-100"></item><item title="FREQERR" Max="15" Min="-15"></item><item title="SYMCLOCKERR" Max="20" Min="-100"></item><item title="POWER" Max="25,5" Min="22,5" Avg="24"></item><item title="LOLEAKAGE" Max="-17" Min="-100"></item><item title="SPECTRUMMASK" Max="100" Min="0"></item><item title="SPECTRUMMARGIN" Max="1000" Min="0"></item></Criteria><Record><item title="Modulation" value="MCS0NSS1"></item><item title="Bandwidth" value="20"></item><item title="Channel" value="52"></item><item title="Antenna" value="0"></item><item title="ExpectedPower" value="24"></item><item title="Power" value="24"></item><item title="TestType" value="Tx"></item><item title="EVM" value="-18,5975" result="PASS"></item><item title="FREQERR" value="-2,24281" result="PASS"></item><item title="SYMCLOCKERR" value="-0,68659" result="PASS"></item><item title="POWER" value="21,7965" result="FAIL"></item><item title="LOLEAKAGE" value="-53,9888" result="PASS"></item><item title="SPECTRUMMASK" value="8,68496" result="PASS"></item><item title="SPECTRUMMARGIN" value="8,68496" result="PASS"></item></Record><Criteria><item title="Modulation" value="MCS0NSS1"></item><item title="Bandwidth" value="20"></item><item title="Antenna" value="0"></item><item title="Channel" value="52"></item><item title="RfIcTemperature" value="46"></item><item title="CpuTemperature" value="60"></item><item title="ExpectedPower" value="25"></item><item title="EVM" Max="-5" Min="-100"></item><item title="FREQERR" Max="15" Min="-15"></item><item title="SYMCLOCKERR" Max="20" Min="-100"></item><item title="POWER" Max="26,5" Min="23,5" Avg="25"></item><item title="LOLEAKAGE" Max="-17" Min="-100"></item><item title="SPECTRUMMASK" Max="100" Min="0"></item><item title="SPECTRUMMARGIN" Max="1000" Min="0"></item></Criteria><Record><item title="Modulation" value="MCS0NSS1"></item><item title="Bandwidth" value="20"></item><item title="Channel" value="52"></item><item title="Antenna" value="0"></item><item title="ExpectedPower" value="25"></item><item title="Power" value="25"></item><item title="TestType" value="Tx"></item><item title="EVM" value="-19,464" result="PASS"></item><item title="FREQERR" value="-2,2507" result="PASS"></item><item title="SYMCLOCKERR" value="-0,0603452" result="PASS"></item><item title="POWER" value="22,821" result="FAIL"></item><item title="LOLEAKAGE" value="-43,4998" result="PASS"></item><item title="SPECTRUMMASK" value="6,75774" result="PASS"></item><item title="SPECTRUMMARGIN" value="6,75774" result="PASS"></item></Record><Criteria><item title="Modulation" value="MCS0NSS1"></item><item title="Bandwidth" value="20"></item><item title="Antenna" value="1"></item><item title="Channel" value="52"></item><item title="RfIcTemperature" value="46"></item><item title="CpuTemperature" value="60"></item><item title="ExpectedPower" value="10"></item><item title="EVM" Max="-5" Min="-100"></item><item title="FREQERR" Max="15" Min="-15"></item><item title="SYMCLOCKERR" Max="20" Min="-100"></item><item title="POWER" Max="11,5" Min="8,5" Avg="10"></item><item title="LOLEAKAGE" Max="-17" Min="-100"></item><item title="SPECTRUMMASK" Max="100" Min="0"></item><item title="SPECTRUMMARGIN" Max="1000" Min="0"></item></Criteria><Record><item title="Modulation" value="MCS0NSS1"></item><item title="Bandwidth" value="20"></item><item title="Channel" value="52"></item><item title="Antenna" value="1"></item><item title="ExpectedPower" value="10"></item><item title="Power" value="10"></item><item title="TestType" value="Tx"></item><item title="EVM" value="-20,5232" result="PASS"></item><item title="FREQERR" value="-2,239" result="PASS"></item><item title="SYMCLOCKERR" value="-4,46137" result="PASS"></item><item title="POWER" value="7,83297" result="FAIL"></item><item title="LOLEAKAGE" value="-32,0376" result="PASS"></item><item title="SPECTRUMMASK" value="11,4208" result="PASS"></item><item title="SPECTRUMMARGIN" value="11,4208" result="PASS"></item></Record><Criteria><item title="Modulation" value="MCS0NSS1"></item><item title="Bandwidth" value="20"></item><item title="Antenna" value="1"></item><item title="Channel" value="52"></item><item title="RfIcTemperature" value="46"></item><item title="CpuTemperature" value="60"></item><item title="ExpectedPower" value="11"></item><item title="EVM" Max="-5" Min="-100"></item><item title="FREQERR" Max="15" Min="-15"></item><item title="SYMCLOCKERR" Max="20" Min="-100"></item><item title="POWER" Max="12,5" Min="9,5" Avg="11"></item><item title="LOLEAKAGE" Max="-17" Min="-100"></item><item title="SPECTRUMMASK" Max="100" Min="0"></item><item title="SPECTRUMMARGIN" Max="1000" Min="0"></item></Criteria><Record><item title="Modulation" value="MCS0NSS1"></item><item title="Bandwidth" value="20"></item><item title="Channel" value="52"></item><item title="Antenna" value="1"></item><item title="ExpectedPower" value="11"></item><item title="Power" value="11"></item><item title="TestType" value="Tx"></item><item title="EVM" value="-19,8717" result="PASS"></item><item title="FREQERR" value="-2,23179" result="PASS"></item><item title="SYMCLOCKERR" value="-1,24928" result="PASS"></item><item title="POWER" value="8,76684" result="FAIL"></item><item title="LOLEAKAGE" value="-32,7556" result="PASS"></item><item title="SPECTRUMMASK" value="12,0405" result="PASS"></item><item title="SPECTRUMMARGIN" value="12,0405" result="PASS"></item></Record><Criteria><item title="Modulation" value="MCS0NSS1"></item><item title="Bandwidth" value="20"></item><item title="Antenna" value="1"></item><item title="Channel" value="52"></item><item title="RfIcTemperature" value="46"></item><item title="CpuTemperature" value="60"></item><item title="ExpectedPower" value="12"></item><item title="EVM" Max="-5" Min="-100"></item><item title="FREQERR" Max="15" Min="-15"></item><item title="SYMCLOCKERR" Max="20" Min="-100"></item><item title="POWER" Max="13,5" Min="10,5" Avg="12"></item><item title="LOLEAKAGE" Max="-17" Min="-100"></item><item title="SPECTRUMMASK" Max="100" Min="0"></item><item title="SPECTRUMMARGIN" Max="1000" Min="0"></item></Criteria><Record><item title="Modulation" value="MCS0NSS1"></item><item title="Bandwidth" value="20"></item><item title="Channel" value="52"></item><item title="Antenna" value="1"></item><item title="ExpectedPower" value="12"></item><item title="Power" value="12"></item><item title="TestType" value="Tx"></item><item title="EVM" value="-17,0821" result="PASS"></item><item title="FREQERR" value="-2,23108" result="PASS"></item><item title="SYMCLOCKERR" value="15,2423" result="PASS"></item><item title="POWER" value="9,76765" result="FAIL"></item><item title="LOLEAKAGE" value="-34,5821" result="PASS"></item><item title="SPECTRUMMASK" value="11,8867" result="PASS"></item><item title="SPECTRUMMARGIN" value="11,8867" result="PASS"></item></Record><Criteria><item title="Modulation" value="MCS0NSS1"></item><item title="Bandwidth" value="20"></item><item title="Antenna" value="1"></item><item title="Channel" value="52"></item><item title="RfIcTemperature" value="46"></item><item title="CpuTemperature" value="60"></item><item title="ExpectedPower" value="13"></item><item title="EVM" Max="-5" Min="-100"></item><item title="FREQERR" Max="15" Min="-15"></item><item title="SYMCLOCKERR" Max="20" Min="-100"></item><item title="POWER" Max="14,5" Min="11,5" Avg="13"></item><item title="LOLEAKAGE" Max="-17" Min="-100"></item><item title="SPECTRUMMASK" Max="100" Min="0"></item><item title="SPECTRUMMARGIN" Max="1000" Min="0"></item></Criteria><Record><item title="Modulation" value="MCS0NSS1"></item><item title="Bandwidth" value="20"></item><item title="Channel" value="52"></item><item title="Antenna" value="1"></item><item title="ExpectedPower" value="13"></item><item title="Power" value="13"></item><item title="TestType" value="Tx"></item><item title="EVM" value="-20,9932" result="PASS"></item><item title="FREQERR" value="-2,22727" result="PASS"></item><item title="SYMCLOCKERR" value="3,1035" result="PASS"></item><item title="POWER" value="10,9317" result="FAIL"></item><item title="LOLEAKAGE" value="-35,8648" result="PASS"></item><item title="SPECTRUMMASK" value="11,8358" result="PASS"></item><item title="SPECTRUMMARGIN" value="11,8358" result="PASS"></item></Record><Criteria><item title="Modulation" value="MCS0NSS1"></item><item title="Bandwidth" value="20"></item><item title="Antenna" value="1"></item><item title="Channel" value="52"></item><item title="RfIcTemperature" value="46"></item><item title="CpuTemperature" value="60"></item><item title="ExpectedPower" value="14"></item><item title="EVM" Max="-5" Min="-100"></item><item title="FREQERR" Max="15" Min="-15"></item><item title="SYMCLOCKERR" Max="20" Min="-100"></item><item title="POWER" Max="15,5" Min="12,5" Avg="14"></item><item title="LOLEAKAGE" Max="-17" Min="-100"></item><item title="SPECTRUMMASK" Max="100" Min="0"></item><item title="SPECTRUMMARGIN" Max="1000" Min="0"></item></Criteria><Record><item title="Modulation" value="MCS0NSS1"></item><item title="Bandwidth" value="20"></item><item title="Channel" value="52"></item><item title="Antenna" value="1"></item><item title="ExpectedPower" value="14"></item><item title="Power" value="14"></item><item title="TestType" value="Tx"></item><item title="EVM" value="-19,49" result="PASS"></item><item title="FREQERR" value="-2,22065" result="PASS"></item><item title="SYMCLOCKERR" value="-8,46549" result="PASS"></item><item title="POWER" value="12,1675" result="FAIL"></item><item title="LOLEAKAGE" value="-43,6005" result="PASS"></item><item title="SPECTRUMMASK" value="9,80851" result="PASS"></item><item title="SPECTRUMMARGIN" value="9,80851" result="PASS"></item></Record><Criteria><item title="Modulation" value="MCS0NSS1"></item><item title="Bandwidth" value="20"></item><item title="Antenna" value="1"></item><item title="Channel" value="52"></item><item title="RfIcTemperature" value="46"></item><item title="CpuTemperature" value="60"></item><item title="ExpectedPower" value="15"></item><item title="EVM" Max="-5" Min="-100"></item><item title="FREQERR" Max="15" Min="-15"></item><item title="SYMCLOCKERR" Max="20" Min="-100"></item><item title="POWER" Max="16,5" Min="13,5" Avg="15"></item><item title="LOLEAKAGE" Max="-17" Min="-100"></item><item title="SPECTRUMMASK" Max="100" Min="0"></item><item title="SPECTRUMMARGIN" Max="1000" Min="0"></item></Criteria><Record><item title="Modulation" value="MCS0NSS1"></item><item title="Bandwidth" value="20"></item><item title="Channel" value="52"></item><item title="Antenna" value="1"></item><item title="ExpectedPower" value="15"></item><item title="Power" value="15"></item><item title="TestType" value="Tx"></item><item title="EVM" value="-20,0967" result="PASS"></item><item title="FREQERR" value="-2,23246" result="PASS"></item><item title="SYMCLOCKERR" value="-2,33217" result="PASS"></item><item title="POWER" value="12,9654" result="FAIL"></item><item title="LOLEAKAGE" value="-40,7722" result="PASS"></item><item title="SPECTRUMMASK" value="10,4832" result="PASS"></item><item title="SPECTRUMMARGIN" value="10,4832" result="PASS"></item></Record><Criteria><item title="Modulation" value="MCS0NSS1"></item><item title="Bandwidth" value="20"></item><item title="Antenna" value="1"></item><item title="Channel" value="52"></item><item title="RfIcTemperature" value="46"></item><item title="CpuTemperature" value="60"></item><item title="ExpectedPower" value="16"></item><item title="EVM" Max="-5" Min="-100"></item><item title="FREQERR" Max="15" Min="-15"></item><item title="SYMCLOCKERR" Max="20" Min="-100"></item><item title="POWER" Max="17,5" Min="14,5" Avg="16"></item><item title="LOLEAKAGE" Max="-17" Min="-100"></item><item title="SPECTRUMMASK" Max="100" Min="0"></item><item title="SPECTRUMMARGIN" Max="1000" Min="0"></item></Criteria><Record><item title="Modulation" value="MCS0NSS1"></item><item title="Bandwidth" value="20"></item><item title="Channel" value="52"></item><item title="Antenna" value="1"></item><item title="ExpectedPower" value="16"></item><item title="Power" value="16"></item><item title="TestType" value="Tx"></item><item title="EVM" value="-20,0651" result="PASS"></item><item title="FREQERR" value="-2,22794" result="PASS"></item><item title="SYMCLOCKERR" value="6,99217" result="PASS"></item><item title="POWER" value="13,9718" result="FAIL"></item><item title="LOLEAKAGE" value="-38,4681" result="PASS"></item><item title="SPECTRUMMASK" value="12,1069" result="PASS"></item><item title="SPECTRUMMARGIN" value="12,1069" result="PASS"></item></Record><Criteria><item title="Modulation" value="MCS0NSS1"></item><item title="Bandwidth" value="20"></item><item title="Antenna" value="1"></item><item title="Channel" value="52"></item><item title="RfIcTemperature" value="46"></item><item title="CpuTemperature" value="60"></item><item title="ExpectedPower" value="17"></item><item title="EVM" Max="-5" Min="-100"></item><item title="FREQERR" Max="15" Min="-15"></item><item title="SYMCLOCKERR" Max="20" Min="-100"></item><item title="POWER" Max="18,5" Min="15,5" Avg="17"></item><item title="LOLEAKAGE" Max="-17" Min="-100"></item><item title="SPECTRUMMASK" Max="100" Min="0"></item><item title="SPECTRUMMARGIN" Max="1000" Min="0"></item></Criteria><Record><item title="Modulation" value="MCS0NSS1"></item><item title="Bandwidth" value="20"></item><item title="Channel" value="52"></item><item title="Antenna" value="1"></item><item title="ExpectedPower" value="17"></item><item title="Power" value="17"></item><item title="TestType" value="Tx"></item><item title="EVM" value="-18,8848" result="PASS"></item><item title="FREQERR" value="-2,22644" result="PASS"></item><item title="SYMCLOCKERR" value="-5,34344" result="PASS"></item><item title="POWER" value="15,007" result="FAIL"></item><item title="LOLEAKAGE" value="-45,1357" result="PASS"></item><item title="SPECTRUMMASK" value="10,6091" result="PASS"></item><item title="SPECTRUMMARGIN" value="10,6091" result="PASS"></item></Record><Criteria><item title="Modulation" value="MCS0NSS1"></item><item title="Bandwidth" value="20"></item><item title="Antenna" value="1"></item><item title="Channel" value="52"></item><item title="RfIcTemperature" value="46"></item><item title="CpuTemperature" value="60"></item><item title="ExpectedPower" value="18"></item><item title="EVM" Max="-5" Min="-100"></item><item title="FREQERR" Max="15" Min="-15"></item><item title="SYMCLOCKERR" Max="20" Min="-100"></item><item title="POWER" Max="19,5" Min="16,5" Avg="18"></item><item title="LOLEAKAGE" Max="-17" Min="-100"></item><item title="SPECTRUMMASK" Max="100" Min="0"></item><item title="SPECTRUMMARGIN" Max="1000" Min="0"></item></Criteria><Record><item title="Modulation" value="MCS0NSS1"></item><item title="Bandwidth" value="20"></item><item title="Channel" value="52"></item><item title="Antenna" value="1"></item><item title="ExpectedPower" value="18"></item><item title="Power" value="18"></item><item title="TestType" value="Tx"></item><item title="EVM" value="-19,4013" result="PASS"></item><item title="FREQERR" value="-2,2314" result="PASS"></item><item title="SYMCLOCKERR" value="0,0996737" result="PASS"></item><item title="POWER" value="15,9927" result="FAIL"></item><item title="LOLEAKAGE" value="-42,6" result="PASS"></item><item title="SPECTRUMMASK" value="11,7898" result="PASS"></item><item title="SPECTRUMMARGIN" value="11,7898" result="PASS"></item></Record><Criteria><item title="Modulation" value="MCS0NSS1"></item><item title="Bandwidth" value="20"></item><item title="Antenna" value="1"></item><item title="Channel" value="52"></item><item title="RfIcTemperature" value="46"></item><item title="CpuTemperature" value="60"></item><item title="ExpectedPower" value="19"></item><item title="EVM" Max="-5" Min="-100"></item><item title="FREQERR" Max="15" Min="-15"></item><item title="SYMCLOCKERR" Max="20" Min="-100"></item><item title="POWER" Max="20,5" Min="17,5" Avg="19"></item><item title="LOLEAKAGE" Max="-17" Min="-100"></item><item title="SPECTRUMMASK" Max="100" Min="0"></item><item title="SPECTRUMMARGIN" Max="1000" Min="0"></item></Criteria><Record><item title="Modulation" value="MCS0NSS1"></item><item title="Bandwidth" value="20"></item><item title="Channel" value="52"></item><item title="Antenna" value="1"></item><item title="ExpectedPower" value="19"></item><item title="Power" value="19"></item><item title="TestType" value="Tx"></item><item title="EVM" value="-20,6053" result="PASS"></item><item title="FREQERR" value="-2,22817" result="PASS"></item><item title="SYMCLOCKERR" value="1,83831" result="PASS"></item><item title="POWER" value="17,0369" result="FAIL"></item><item title="LOLEAKAGE" value="-57,4497" result="PASS"></item><item title="SPECTRUMMASK" value="10,5009" result="PASS"></item><item title="SPECTRUMMARGIN" value="10,5009" result="PASS"></item></Record><Criteria><item title="Modulation" value="MCS0NSS1"></item><item title="Bandwidth" value="20"></item><item title="Antenna" value="1"></item><item title="Channel" value="52"></item><item title="RfIcTemperature" value="46"></item><item title="CpuTemperature" value="60"></item><item title="ExpectedPower" value="20"></item><item title="EVM" Max="-5" Min="-100"></item><item title="FREQERR" Max="15" Min="-15"></item><item title="SYMCLOCKERR" Max="20" Min="-100"></item><item title="POWER" Max="21,5" Min="18,5" Avg="20"></item><item title="LOLEAKAGE" Max="-17" Min="-100"></item><item title="SPECTRUMMASK" Max="100" Min="0"></item><item title="SPECTRUMMARGIN" Max="1000" Min="0"></item></Criteria><Record><item title="Modulation" value="MCS0NSS1"></item><item title="Bandwidth" value="20"></item><item title="Channel" value="52"></item><item title="Antenna" value="1"></item><item title="ExpectedPower" value="20"></item><item title="Power" value="20"></item><item title="TestType" value="Tx"></item><item title="EVM" value="-22,2535" result="PASS"></item><item title="FREQERR" value="-2,23004" result="PASS"></item><item title="SYMCLOCKERR" value="-2,08848" result="PASS"></item><item title="POWER" value="17,795" result="FAIL"></item><item title="LOLEAKAGE" value="-49,749" result="PASS"></item><item title="SPECTRUMMASK" value="11,1605" result="PASS"></item><item title="SPECTRUMMARGIN" value="11,1605" result="PASS"></item></Record><Criteria><item title="Modulation" value="MCS0NSS1"></item><item title="Bandwidth" value="20"></item><item title="Antenna" value="1"></item><item title="Channel" value="52"></item><item title="RfIcTemperature" value="46"></item><item title="CpuTemperature" value="60"></item><item title="ExpectedPower" value="21"></item><item title="EVM" Max="-5" Min="-100"></item><item title="FREQERR" Max="15" Min="-15"></item><item title="SYMCLOCKERR" Max="20" Min="-100"></item><item title="POWER" Max="22,5" Min="19,5" Avg="21"></item><item title="LOLEAKAGE" Max="-17" Min="-100"></item><item title="SPECTRUMMASK" Max="100" Min="0"></item><item title="SPECTRUMMARGIN" Max="1000" Min="0"></item></Criteria><Record><item title="Modulation" value="MCS0NSS1"></item><item title="Bandwidth" value="20"></item><item title="Channel" value="52"></item><item title="Antenna" value="1"></item><item title="ExpectedPower" value="21"></item><item title="Power" value="21"></item><item title="TestType" value="Tx"></item><item title="EVM" value="-19,6201" result="PASS"></item><item title="FREQERR" value="-2,2271" result="PASS"></item><item title="SYMCLOCKERR" value="0,352882" result="PASS"></item><item title="POWER" value="18,8504" result="FAIL"></item><item title="LOLEAKAGE" value="-62,9365" result="PASS"></item><item title="SPECTRUMMASK" value="11,5994" result="PASS"></item><item title="SPECTRUMMARGIN" value="11,5994" result="PASS"></item></Record><Criteria><item title="Modulation" value="MCS0NSS1"></item><item title="Bandwidth" value="20"></item><item title="Antenna" value="1"></item><item title="Channel" value="52"></item><item title="RfIcTemperature" value="46"></item><item title="CpuTemperature" value="60"></item><item title="ExpectedPower" value="22"></item><item title="EVM" Max="-5" Min="-100"></item><item title="FREQERR" Max="15" Min="-15"></item><item title="SYMCLOCKERR" Max="20" Min="-100"></item><item title="POWER" Max="23,5" Min="20,5" Avg="22"></item><item title="LOLEAKAGE" Max="-17" Min="-100"></item><item title="SPECTRUMMASK" Max="100" Min="0"></item><item title="SPECTRUMMARGIN" Max="1000" Min="0"></item></Criteria><Record><item title="Modulation" value="MCS0NSS1"></item><item title="Bandwidth" value="20"></item><item title="Channel" value="52"></item><item title="Antenna" value="1"></item><item title="ExpectedPower" value="22"></item><item title="Power" value="22"></item><item title="TestType" value="Tx"></item><item title="EVM" value="-19,2479" result="PASS"></item><item title="FREQERR" value="-2,22935" result="PASS"></item><item title="SYMCLOCKERR" value="2,51981" result="PASS"></item><item title="POWER" value="19,8636" result="FAIL"></item><item title="LOLEAKAGE" value="-50,414" result="PASS"></item><item title="SPECTRUMMASK" value="10,1871" result="PASS"></item><item title="SPECTRUMMARGIN" value="10,1871" result="PASS"></item></Record><Criteria><item title="Modulation" value="MCS0NSS1"></item><item title="Bandwidth" value="20"></item><item title="Antenna" value="1"></item><item title="Channel" value="52"></item><item title="RfIcTemperature" value="46"></item><item title="CpuTemperature" value="60"></item><item title="ExpectedPower" value="23"></item><item title="EVM" Max="-5" Min="-100"></item><item title="FREQERR" Max="15" Min="-15"></item><item title="SYMCLOCKERR" Max="20" Min="-100"></item><item title="POWER" Max="24,5" Min="21,5" Avg="23"></item><item title="LOLEAKAGE" Max="-17" Min="-100"></item><item title="SPECTRUMMASK" Max="100" Min="0"></item><item title="SPECTRUMMARGIN" Max="1000" Min="0"></item></Criteria><Record><item title="Modulation" value="MCS0NSS1"></item><item title="Bandwidth" value="20"></item><item title="Channel" value="52"></item><item title="Antenna" value="1"></item><item title="ExpectedPower" value="23"></item><item title="Power" value="23"></item><item title="TestType" value="Tx"></item><item title="EVM" value="-18,6678" result="PASS"></item><item title="FREQERR" value="-2,22742" result="PASS"></item><item title="SYMCLOCKERR" value="6,89683" result="PASS"></item><item title="POWER" value="20,9078" result="FAIL"></item><item title="LOLEAKAGE" value="-48,1569" result="PASS"></item><item title="SPECTRUMMASK" value="8,9408" result="PASS"></item><item title="SPECTRUMMARGIN" value="8,9408" result="PASS"></item></Record><Criteria><item title="Modulation" value="MCS0NSS1"></item><item title="Bandwidth" value="20"></item><item title="Antenna" value="1"></item><item title="Channel" value="52"></item><item title="RfIcTemperature" value="46"></item><item title="CpuTemperature" value="60"></item><item title="ExpectedPower" value="24"></item><item title="EVM" Max="-5" Min="-100"></item><item title="FREQERR" Max="15" Min="-15"></item><item title="SYMCLOCKERR" Max="20" Min="-100"></item><item title="POWER" Max="25,5" Min="22,5" Avg="24"></item><item title="LOLEAKAGE" Max="-17" Min="-100"></item><item title="SPECTRUMMASK" Max="100" Min="0"></item><item title="SPECTRUMMARGIN" Max="1000" Min="0"></item></Criteria><Record><item title="Modulation" value="MCS0NSS1"></item><item title="Bandwidth" value="20"></item><item title="Channel" value="52"></item><item title="Antenna" value="1"></item><item title="ExpectedPower" value="24"></item><item title="Power" value="24"></item><item title="TestType" value="Tx"></item><item title="EVM" value="-19,3977" result="PASS"></item><item title="FREQERR" value="-2,22459" result="PASS"></item><item title="SYMCLOCKERR" value="3,27286" result="PASS"></item><item title="POWER" value="21,7718" result="FAIL"></item><item title="LOLEAKAGE" value="-53,4029" result="PASS"></item><item title="SPECTRUMMASK" value="6,00314" result="PASS"></item><item title="SPECTRUMMARGIN" value="6,00314" result="PASS"></item></Record><Criteria><item title="Modulation" value="MCS0NSS1"></item><item title="Bandwidth" value="20"></item><item title="Antenna" value="1"></item><item title="Channel" value="52"></item><item title="RfIcTemperature" value="46"></item><item title="CpuTemperature" value="60"></item><item title="ExpectedPower" value="25"></item><item title="EVM" Max="-5" Min="-100"></item><item title="FREQERR" Max="15" Min="-15"></item><item title="SYMCLOCKERR" Max="20" Min="-100"></item><item title="POWER" Max="26,5" Min="23,5" Avg="25"></item><item title="LOLEAKAGE" Max="-17" Min="-100"></item><item title="SPECTRUMMASK" Max="100" Min="0"></item><item title="SPECTRUMMARGIN" Max="1000" Min="0"></item></Criteria><Record><item title="Modulation" value="MCS0NSS1"></item><item title="Bandwidth" value="20"></item><item title="Channel" value="52"></item><item title="Antenna" value="1"></item><item title="ExpectedPower" value="25"></item><item title="Power" value="25"></item><item title="TestType" value="Tx"></item><item title="EVM" value="-19,1954" result="PASS"></item><item title="FREQERR" value="-2,23579" result="PASS"></item><item title="SYMCLOCKERR" value="-2,44296" result="PASS"></item><item title="POWER" value="22,7609" result="FAIL"></item><item title="LOLEAKAGE" value="-43,7944" result="PASS"></item><item title="SPECTRUMMASK" value="4,29701" result="PASS"></item><item title="SPECTRUMMARGIN" value="4,29701" result="PASS"></item></Record><Criteria><item title="Modulation" value="MCS0NSS1"></item><item title="Bandwidth" value="20"></item><item title="Antenna" value="2"></item><item title="Channel" value="52"></item><item title="RfIcTemperature" value="46"></item><item title="CpuTemperature" value="60"></item><item title="ExpectedPower" value="10"></item><item title="EVM" Max="-5" Min="-100"></item><item title="FREQERR" Max="15" Min="-15"></item><item title="SYMCLOCKERR" Max="20" Min="-100"></item><item title="POWER" Max="11,5" Min="8,5" Avg="10"></item><item title="LOLEAKAGE" Max="-17" Min="-100"></item><item title="SPECTRUMMASK" Max="100" Min="0"></item><item title="SPECTRUMMARGIN" Max="1000" Min="0"></item></Criteria><Record><item title="Modulation" value="MCS0NSS1"></item><item title="Bandwidth" value="20"></item><item title="Channel" value="52"></item><item title="Antenna" value="2"></item><item title="ExpectedPower" value="10"></item><item title="Power" value="10"></item><item title="TestType" value="Tx"></item><item title="EVM" value="-17,52" result="PASS"></item><item title="FREQERR" value="-2,22148" result="PASS"></item><item title="SYMCLOCKERR" value="-6,55394" result="PASS"></item><item title="POWER" value="8,48653" result="FAIL"></item><item title="LOLEAKAGE" value="-31,4225" result="PASS"></item><item title="SPECTRUMMASK" value="10,4863" result="PASS"></item><item title="SPECTRUMMARGIN" value="10,4863" result="PASS"></item></Record><Criteria><item title="Modulation" value="MCS0NSS1"></item><item title="Bandwidth" value="20"></item><item title="Antenna" value="2"></item><item title="Channel" value="52"></item><item title="RfIcTemperature" value="46"></item><item title="CpuTemperature" value="60"></item><item title="ExpectedPower" value="11"></item><item title="EVM" Max="-5" Min="-100"></item><item title="FREQERR" Max="15" Min="-15"></item><item title="SYMCLOCKERR" Max="20" Min="-100"></item><item title="POWER" Max="12,5" Min="9,5" Avg="11"></item><item title="LOLEAKAGE" Max="-17" Min="-100"></item><item title="SPECTRUMMASK" Max="100" Min="0"></item><item title="SPECTRUMMARGIN" Max="1000" Min="0"></item></Criteria><Record><item title="Modulation" value="MCS0NSS1"></item><item title="Bandwidth" value="20"></item><item title="Channel" value="52"></item><item title="Antenna" value="2"></item><item title="ExpectedPower" value="11"></item><item title="Power" value="11"></item><item title="TestType" value="Tx"></item><item title="EVM" value="-18,6524" result="PASS"></item><item title="FREQERR" value="-2,21735" result="PASS"></item><item title="SYMCLOCKERR" value="5,08674" result="PASS"></item><item title="POWER" value="9,55743" result="PASS"></item><item title="LOLEAKAGE" value="-33,3502" result="PASS"></item><item title="SPECTRUMMASK" value="10,6225" result="PASS"></item><item title="SPECTRUMMARGIN" value="10,6225" result="PASS"></item></Record><Criteria><item title="Modulation" value="MCS0NSS1"></item><item title="Bandwidth" value="20"></item><item title="Antenna" value="2"></item><item title="Channel" value="52"></item><item title="RfIcTemperature" value="46"></item><item title="CpuTemperature" value="60"></item><item title="ExpectedPower" value="12"></item><item title="EVM" Max="-5" Min="-100"></item><item title="FREQERR" Max="15" Min="-15"></item><item title="SYMCLOCKERR" Max="20" Min="-100"></item><item title="POWER" Max="13,5" Min="10,5" Avg="12"></item><item title="LOLEAKAGE" Max="-17" Min="-100"></item><item title="SPECTRUMMASK" Max="100" Min="0"></item><item title="SPECTRUMMARGIN" Max="1000" Min="0"></item></Criteria><Record><item title="Modulation" value="MCS0NSS1"></item><item title="Bandwidth" value="20"></item><item title="Channel" value="52"></item><item title="Antenna" value="2"></item><item title="ExpectedPower" value="12"></item><item title="Power" value="12"></item><item title="TestType" value="Tx"></item><item title="EVM" value="-21,1273" result="PASS"></item><item title="FREQERR" value="-2,21806" result="PASS"></item><item title="SYMCLOCKERR" value="-4,94253" result="PASS"></item><item title="POWER" value="10,8744" result="PASS"></item><item title="LOLEAKAGE" value="-35,885" result="PASS"></item><item title="SPECTRUMMASK" value="12,0928" result="PASS"></item><item title="SPECTRUMMARGIN" value="12,0928" result="PASS"></item></Record><Criteria><item title="Modulation" value="MCS0NSS1"></item><item title="Bandwidth" value="20"></item><item title="Antenna" value="2"></item><item title="Channel" value="52"></item><item title="RfIcTemperature" value="46"></item><item title="CpuTemperature" value="60"></item><item title="ExpectedPower" value="13"></item><item title="EVM" Max="-5" Min="-100"></item><item title="FREQERR" Max="15" Min="-15"></item><item title="SYMCLOCKERR" Max="20" Min="-100"></item><item title="POWER" Max="14,5" Min="11,5" Avg="13"></item><item title="LOLEAKAGE" Max="-17" Min="-100"></item><item title="SPECTRUMMASK" Max="100" Min="0"></item><item title="SPECTRUMMARGIN" Max="1000" Min="0"></item></Criteria><Record><item title="Modulation" value="MCS0NSS1"></item><item title="Bandwidth" value="20"></item><item title="Channel" value="52"></item><item title="Antenna" value="2"></item><item title="ExpectedPower" value="13"></item><item title="Power" value="13"></item><item title="TestType" value="Tx"></item><item title="EVM" value="-18,2089" result="PASS"></item><item title="FREQERR" value="-2,21214" result="PASS"></item><item title="SYMCLOCKERR" value="7,13932" result="PASS"></item><item title="POWER" value="11,7302" result="PASS"></item><item title="LOLEAKAGE" value="-37,2394" result="PASS"></item><item title="SPECTRUMMASK" value="12,1219" result="PASS"></item><item title="SPECTRUMMARGIN" value="12,1219" result="PASS"></item></Record><Criteria><item title="Modulation" value="MCS0NSS1"></item><item title="Bandwidth" value="20"></item><item title="Antenna" value="2"></item><item title="Channel" value="52"></item><item title="RfIcTemperature" value="46"></item><item title="CpuTemperature" value="60"></item><item title="ExpectedPower" value="14"></item><item title="EVM" Max="-5" Min="-100"></item><item title="FREQERR" Max="15" Min="-15"></item><item title="SYMCLOCKERR" Max="20" Min="-100"></item><item title="POWER" Max="15,5" Min="12,5" Avg="14"></item><item title="LOLEAKAGE" Max="-17" Min="-100"></item><item title="SPECTRUMMASK" Max="100" Min="0"></item><item title="SPECTRUMMARGIN" Max="1000" Min="0"></item></Criteria><Record><item title="Modulation" value="MCS0NSS1"></item><item title="Bandwidth" value="20"></item><item title="Channel" value="52"></item><item title="Antenna" value="2"></item><item title="ExpectedPower" value="14"></item><item title="Power" value="14"></item><item title="TestType" value="Tx"></item><item title="EVM" value="-19,3711" result="PASS"></item><item title="FREQERR" value="-2,21708" result="PASS"></item><item title="SYMCLOCKERR" value="-3,14082" result="PASS"></item><item title="POWER" value="12,8237" result="PASS"></item><item title="LOLEAKAGE" value="-40,2391" result="PASS"></item><item title="SPECTRUMMASK" value="12,4523" result="PASS"></item><item title="SPECTRUMMARGIN" value="12,4523" result="PASS"></item></Record><Criteria><item title="Modulation" value="MCS0NSS1"></item><item title="Bandwidth" value="20"></item><item title="Antenna" value="2"></item><item title="Channel" value="52"></item><item title="RfIcTemperature" value="46"></item><item title="CpuTemperature" value="60"></item><item title="ExpectedPower" value="15"></item><item title="EVM" Max="-5" Min="-100"></item><item title="FREQERR" Max="15" Min="-15"></item><item title="SYMCLOCKERR" Max="20" Min="-100"></item><item title="POWER" Max="16,5" Min="13,5" Avg="15"></item><item title="LOLEAKAGE" Max="-17" Min="-100"></item><item title="SPECTRUMMASK" Max="100" Min="0"></item><item title="SPECTRUMMARGIN" Max="1000" Min="0"></item></Criteria><Record><item title="Modulation" value="MCS0NSS1"></item><item title="Bandwidth" value="20"></item><item title="Channel" value="52"></item><item title="Antenna" value="2"></item><item title="ExpectedPower" value="15"></item><item title="Power" value="15"></item><item title="TestType" value="Tx"></item><item title="EVM" value="-22,315" result="PASS"></item><item title="FREQERR" value="-2,2137" result="PASS"></item><item title="SYMCLOCKERR" value="1,26901" result="PASS"></item><item title="POWER" value="13,7195" result="PASS"></item><item title="LOLEAKAGE" value="-38,4659" result="PASS"></item><item title="SPECTRUMMASK" value="11,813" result="PASS"></item><item title="SPECTRUMMARGIN" value="11,813" result="PASS"></item></Record><Criteria><item title="Modulation" value="MCS0NSS1"></item><item title="Bandwidth" value="20"></item><item title="Antenna" value="2"></item><item title="Channel" value="52"></item><item title="RfIcTemperature" value="46"></item><item title="CpuTemperature" value="60"></item><item title="ExpectedPower" value="16"></item><item title="EVM" Max="-5" Min="-100"></item><item title="FREQERR" Max="15" Min="-15"></item><item title="SYMCLOCKERR" Max="20" Min="-100"></item><item title="POWER" Max="17,5" Min="14,5" Avg="16"></item><item title="LOLEAKAGE" Max="-17" Min="-100"></item><item title="SPECTRUMMASK" Max="100" Min="0"></item><item title="SPECTRUMMARGIN" Max="1000" Min="0"></item></Criteria><Record><item title="Modulation" value="MCS0NSS1"></item><item title="Bandwidth" value="20"></item><item title="Channel" value="52"></item><item title="Antenna" value="2"></item><item title="ExpectedPower" value="16"></item><item title="Power" value="16"></item><item title="TestType" value="Tx"></item><item title="EVM" value="-18,6618" result="PASS"></item><item title="FREQERR" value="-2,21799" result="PASS"></item><item title="SYMCLOCKERR" value="4,25114" result="PASS"></item><item title="POWER" value="14,8066" result="PASS"></item><item title="LOLEAKAGE" value="-39,55" result="PASS"></item><item title="SPECTRUMMASK" value="11,8577" result="PASS"></item><item title="SPECTRUMMARGIN" value="11,8577" result="PASS"></item></Record><Criteria><item title="Modulation" value="MCS0NSS1"></item><item title="Bandwidth" value="20"></item><item title="Antenna" value="2"></item><item title="Channel" value="52"></item><item title="RfIcTemperature" value="46"></item><item title="CpuTemperature" value="60"></item><item title="ExpectedPower" value="17"></item><item title="EVM" Max="-5" Min="-100"></item><item title="FREQERR" Max="15" Min="-15"></item><item title="SYMCLOCKERR" Max="20" Min="-100"></item><item title="POWER" Max="18,5" Min="15,5" Avg="17"></item><item title="LOLEAKAGE" Max="-17" Min="-100"></item><item title="SPECTRUMMASK" Max="100" Min="0"></item><item title="SPECTRUMMARGIN" Max="1000" Min="0"></item></Criteria><Record><item title="Modulation" value="MCS0NSS1"></item><item title="Bandwidth" value="20"></item><item title="Channel" value="52"></item><item title="Antenna" value="2"></item><item title="ExpectedPower" value="17"></item><item title="Power" value="17"></item><item title="TestType" value="Tx"></item><item title="EVM" value="-21,4481" result="PASS"></item><item title="FREQERR" value="-2,22654" result="PASS"></item><item title="SYMCLOCKERR" value="-0,78838" result="PASS"></item><item title="POWER" value="15,6133" result="PASS"></item><item title="LOLEAKAGE" value="-44,3492" result="PASS"></item><item title="SPECTRUMMASK" value="12,2989" result="PASS"></item><item title="SPECTRUMMARGIN" value="12,2989" result="PASS"></item></Record><Criteria><item title="Modulation" value="MCS0NSS1"></item><item title="Bandwidth" value="20"></item><item title="Antenna" value="2"></item><item title="Channel" value="52"></item><item title="RfIcTemperature" value="46"></item><item title="CpuTemperature" value="60"></item><item title="ExpectedPower" value="18"></item><item title="EVM" Max="-5" Min="-100"></item><item title="FREQERR" Max="15" Min="-15"></item><item title="SYMCLOCKERR" Max="20" Min="-100"></item><item title="POWER" Max="19,5" Min="16,5" Avg="18"></item><item title="LOLEAKAGE" Max="-17" Min="-100"></item><item title="SPECTRUMMASK" Max="100" Min="0"></item><item title="SPECTRUMMARGIN" Max="1000" Min="0"></item></Criteria><Record><item title="Modulation" value="MCS0NSS1"></item><item title="Bandwidth" value="20"></item><item title="Channel" value="52"></item><item title="Antenna" value="2"></item><item title="ExpectedPower" value="18"></item><item title="Power" value="18"></item><item title="TestType" value="Tx"></item><item title="EVM" value="-18,7144" result="PASS"></item><item title="FREQERR" value="-2,21391" result="PASS"></item><item title="SYMCLOCKERR" value="6,49193" result="PASS"></item><item title="POWER" value="16,8964" result="PASS"></item><item title="LOLEAKAGE" value="-43,4009" result="PASS"></item><item title="SPECTRUMMASK" value="10,7813" result="PASS"></item><item title="SPECTRUMMARGIN" value="10,7813" result="PASS"></item></Record><Criteria><item title="Modulation" value="MCS0NSS1"></item><item title="Bandwidth" value="20"></item><item title="Antenna" value="2"></item><item title="Channel" value="52"></item><item title="RfIcTemperature" value="46"></item><item title="CpuTemperature" value="60"></item><item title="ExpectedPower" value="19"></item><item title="EVM" Max="-5" Min="-100"></item><item title="FREQERR" Max="15" Min="-15"></item><item title="SYMCLOCKERR" Max="20" Min="-100"></item><item title="POWER" Max="20,5" Min="17,5" Avg="19"></item><item title="LOLEAKAGE" Max="-17" Min="-100"></item><item title="SPECTRUMMASK" Max="100" Min="0"></item><item title="SPECTRUMMARGIN" Max="1000" Min="0"></item></Criteria><Record><item title="Modulation" value="MCS0NSS1"></item><item title="Bandwidth" value="20"></item><item title="Channel" value="52"></item><item title="Antenna" value="2"></item><item title="ExpectedPower" value="19"></item><item title="Power" value="19"></item><item title="TestType" value="Tx"></item><item title="EVM" value="-18,6853" result="PASS"></item><item title="FREQERR" value="-2,2165" result="PASS"></item><item title="SYMCLOCKERR" value="3,2365" result="PASS"></item><item title="POWER" value="17,7271" result="PASS"></item><item title="LOLEAKAGE" value="-50,627" result="PASS"></item><item title="SPECTRUMMASK" value="10,5821" result="PASS"></item><item title="SPECTRUMMARGIN" value="10,5821" result="PASS"></item></Record><Criteria><item title="Modulation" value="MCS0NSS1"></item><item title="Bandwidth" value="20"></item><item title="Antenna" value="2"></item><item title="Channel" value="52"></item><item title="RfIcTemperature" value="46"></item><item title="CpuTemperature" value="60"></item><item title="ExpectedPower" value="20"></item><item title="EVM" Max="-5" Min="-100"></item><item title="FREQERR" Max="15" Min="-15"></item><item title="SYMCLOCKERR" Max="20" Min="-100"></item><item title="POWER" Max="21,5" Min="18,5" Avg="20"></item><item title="LOLEAKAGE" Max="-17" Min="-100"></item><item title="SPECTRUMMASK" Max="100" Min="0"></item><item title="SPECTRUMMARGIN" Max="1000" Min="0"></item></Criteria><Record><item title="Modulation" value="MCS0NSS1"></item><item title="Bandwidth" value="20"></item><item title="Channel" value="52"></item><item title="Antenna" value="2"></item><item title="ExpectedPower" value="20"></item><item title="Power" value="20"></item><item title="TestType" value="Tx"></item><item title="EVM" value="-19,1073" result="PASS"></item><item title="FREQERR" value="-2,21533" result="PASS"></item><item title="SYMCLOCKERR" value="5,18945" result="PASS"></item><item title="POWER" value="18,6219" result="PASS"></item><item title="LOLEAKAGE" value="-54,1862" result="PASS"></item><item title="SPECTRUMMASK" value="10,4557" result="PASS"></item><item title="SPECTRUMMARGIN" value="10,4557" result="PASS"></item></Record><Criteria><item title="Modulation" value="MCS0NSS1"></item><item title="Bandwidth" value="20"></item><item title="Antenna" value="2"></item><item title="Channel" value="52"></item><item title="RfIcTemperature" value="46"></item><item title="CpuTemperature" value="60"></item><item title="ExpectedPower" value="21"></item><item title="EVM" Max="-5" Min="-100"></item><item title="FREQERR" Max="15" Min="-15"></item><item title="SYMCLOCKERR" Max="20" Min="-100"></item><item title="POWER" Max="22,5" Min="19,5" Avg="21"></item><item title="LOLEAKAGE" Max="-17" Min="-100"></item><item title="SPECTRUMMASK" Max="100" Min="0"></item><item title="SPECTRUMMARGIN" Max="1000" Min="0"></item></Criteria><Record><item title="Modulation" value="MCS0NSS1"></item><item title="Bandwidth" value="20"></item><item title="Channel" value="52"></item><item title="Antenna" value="2"></item><item title="ExpectedPower" value="21"></item><item title="Power" value="21"></item><item title="TestType" value="Tx"></item><item title="EVM" value="-17,5592" result="PASS"></item><item title="FREQERR" value="-2,21616" result="PASS"></item><item title="SYMCLOCKERR" value="-11,6724" result="PASS"></item><item title="POWER" value="19,9034" result="PASS"></item><item title="LOLEAKAGE" value="-52,1309" result="PASS"></item><item title="SPECTRUMMASK" value="11,385" result="PASS"></item><item title="SPECTRUMMARGIN" value="11,385" result="PASS"></item></Record><Criteria><item title="Modulation" value="MCS0NSS1"></item><item title="Bandwidth" value="20"></item><item title="Antenna" value="2"></item><item title="Channel" value="52"></item><item title="RfIcTemperature" value="46"></item><item title="CpuTemperature" value="60"></item><item title="ExpectedPower" value="22"></item><item title="EVM" Max="-5" Min="-100"></item><item title="FREQERR" Max="15" Min="-15"></item><item title="SYMCLOCKERR" Max="20" Min="-100"></item><item title="POWER" Max="23,5" Min="20,5" Avg="22"></item><item title="LOLEAKAGE" Max="-17" Min="-100"></item><item title="SPECTRUMMASK" Max="100" Min="0"></item><item title="SPECTRUMMARGIN" Max="1000" Min="0"></item></Criteria><Record><item title="Modulation" value="MCS0NSS1"></item><item title="Bandwidth" value="20"></item><item title="Channel" value="52"></item><item title="Antenna" value="2"></item><item title="ExpectedPower" value="22"></item><item title="Power" value="22"></item><item title="TestType" value="Tx"></item><item title="EVM" value="-20,2593" result="PASS"></item><item title="FREQERR" value="-2,21978" result="PASS"></item><item title="SYMCLOCKERR" value="5,22708" result="PASS"></item><item title="POWER" value="20,5112" result="PASS"></item><item title="LOLEAKAGE" value="-44,4487" result="PASS"></item><item title="SPECTRUMMASK" value="10,5046" result="PASS"></item><item title="SPECTRUMMARGIN" value="10,5046" result="PASS"></item></Record><Criteria><item title="Modulation" value="MCS0NSS1"></item><item title="Bandwidth" value="20"></item><item title="Antenna" value="2"></item><item title="Channel" value="52"></item><item title="RfIcTemperature" value="46"></item><item title="CpuTemperature" value="60"></item><item title="ExpectedPower" value="23"></item><item title="EVM" Max="-5" Min="-100"></item><item title="FREQERR" Max="15" Min="-15"></item><item title="SYMCLOCKERR" Max="20" Min="-100"></item><item title="POWER" Max="24,5" Min="21,5" Avg="23"></item><item title="LOLEAKAGE" Max="-17" Min="-100"></item><item title="SPECTRUMMASK" Max="100" Min="0"></item><item title="SPECTRUMMARGIN" Max="1000" Min="0"></item></Criteria><Record><item title="Modulation" value="MCS0NSS1"></item><item title="Bandwidth" value="20"></item><item title="Channel" value="52"></item><item title="Antenna" value="2"></item><item title="ExpectedPower" value="23"></item><item title="Power" value="23"></item><item title="TestType" value="Tx"></item><item title="EVM" value="-17,6408" result="PASS"></item><item title="FREQERR" value="-2,19817" result="PASS"></item><item title="SYMCLOCKERR" value="-5,25968" result="PASS"></item><item title="POWER" value="21,7003" result="PASS"></item><item title="LOLEAKAGE" value="-47,0146" result="PASS"></item><item title="SPECTRUMMASK" value="8,73394" result="PASS"></item><item title="SPECTRUMMARGIN" value="8,73394" result="PASS"></item></Record><Criteria><item title="Modulation" value="MCS0NSS1"></item><item title="Bandwidth" value="20"></item><item title="Antenna" value="2"></item><item title="Channel" value="52"></item><item title="RfIcTemperature" value="46"></item><item title="CpuTemperature" value="60"></item><item title="ExpectedPower" value="24"></item><item title="EVM" Max="-5" Min="-100"></item><item title="FREQERR" Max="15" Min="-15"></item><item title="SYMCLOCKERR" Max="20" Min="-100"></item><item title="POWER" Max="25,5" Min="22,5" Avg="24"></item><item title="LOLEAKAGE" Max="-17" Min="-100"></item><item title="SPECTRUMMASK" Max="100" Min="0"></item><item title="SPECTRUMMARGIN" Max="1000" Min="0"></item></Criteria><Record><item title="Modulation" value="MCS0NSS1"></item><item title="Bandwidth" value="20"></item><item title="Channel" value="52"></item><item title="Antenna" value="2"></item><item title="ExpectedPower" value="24"></item><item title="Power" value="24"></item><item title="TestType" value="Tx"></item><item title="EVM" value="-18,8545" result="PASS"></item><item title="FREQERR" value="-2,20452" result="PASS"></item><item title="SYMCLOCKERR" value="-8,20313" result="PASS"></item><item title="POWER" value="22,5717" result="PASS"></item><item title="LOLEAKAGE" value="-44,0409" result="PASS"></item><item title="SPECTRUMMASK" value="7,1438" result="PASS"></item><item title="SPECTRUMMARGIN" value="7,1438" result="PASS"></item></Record><Criteria><item title="Modulation" value="MCS0NSS1"></item><item title="Bandwidth" value="20"></item><item title="Antenna" value="2"></item><item title="Channel" value="52"></item><item title="RfIcTemperature" value="46"></item><item title="CpuTemperature" value="60"></item><item title="ExpectedPower" value="25"></item><item title="EVM" Max="-5" Min="-100"></item><item title="FREQERR" Max="15" Min="-15"></item><item title="SYMCLOCKERR" Max="20" Min="-100"></item><item title="POWER" Max="26,5" Min="23,5" Avg="25"></item><item title="LOLEAKAGE" Max="-17" Min="-100"></item><item title="SPECTRUMMASK" Max="100" Min="0"></item><item title="SPECTRUMMARGIN" Max="1000" Min="0"></item></Criteria><Record><item title="Modulation" value="MCS0NSS1"></item><item title="Bandwidth" value="20"></item><item title="Channel" value="52"></item><item title="Antenna" value="2"></item><item title="ExpectedPower" value="25"></item><item title="Power" value="25"></item><item title="TestType" value="Tx"></item><item title="EVM" value="-18,0101" result="PASS"></item><item title="FREQERR" value="-2,21567" result="PASS"></item><item title="SYMCLOCKERR" value="1,27682" result="PASS"></item><item title="POWER" value="23,574" result="PASS"></item><item title="LOLEAKAGE" value="-41,9955" result="PASS"></item><item title="SPECTRUMMASK" value="4,35576" result="PASS"></item><item title="SPECTRUMMARGIN" value="4,35576" result="PASS"></item></Record><Criteria><item title="Modulation" value="MCS0NSS1"></item><item title="Bandwidth" value="20"></item><item title="Antenna" value="3"></item><item title="Channel" value="52"></item><item title="RfIcTemperature" value="46"></item><item title="CpuTemperature" value="60"></item><item title="ExpectedPower" value="10"></item><item title="EVM" Max="-5" Min="-100"></item><item title="FREQERR" Max="15" Min="-15"></item><item title="SYMCLOCKERR" Max="20" Min="-100"></item><item title="POWER" Max="11,5" Min="8,5" Avg="10"></item><item title="LOLEAKAGE" Max="-17" Min="-100"></item><item title="SPECTRUMMASK" Max="100" Min="0"></item><item title="SPECTRUMMARGIN" Max="1000" Min="0"></item></Criteria><Record><item title="Modulation" value="MCS0NSS1"></item><item title="Bandwidth" value="20"></item><item title="Channel" value="52"></item><item title="Antenna" value="3"></item><item title="ExpectedPower" value="10"></item><item title="Power" value="10"></item><item title="TestType" value="Tx"></item><item title="EVM" value="-21,2641" result="PASS"></item><item title="FREQERR" value="-2,21079" result="PASS"></item><item title="SYMCLOCKERR" value="3,77682" result="PASS"></item><item title="POWER" value="7,15177" result="FAIL"></item><item title="LOLEAKAGE" value="-27,5641" result="PASS"></item><item title="SPECTRUMMASK" value="11,7814" result="PASS"></item><item title="SPECTRUMMARGIN" value="11,7814" result="PASS"></item></Record><Criteria><item title="Modulation" value="MCS0NSS1"></item><item title="Bandwidth" value="20"></item><item title="Antenna" value="3"></item><item title="Channel" value="52"></item><item title="RfIcTemperature" value="46"></item><item title="CpuTemperature" value="60"></item><item title="ExpectedPower" value="11"></item><item title="EVM" Max="-5" Min="-100"></item><item title="FREQERR" Max="15" Min="-15"></item><item title="SYMCLOCKERR" Max="20" Min="-100"></item><item title="POWER" Max="12,5" Min="9,5" Avg="11"></item><item title="LOLEAKAGE" Max="-17" Min="-100"></item><item title="SPECTRUMMASK" Max="100" Min="0"></item><item title="SPECTRUMMARGIN" Max="1000" Min="0"></item></Criteria><Record><item title="Modulation" value="MCS0NSS1"></item><item title="Bandwidth" value="20"></item><item title="Channel" value="52"></item><item title="Antenna" value="3"></item><item title="ExpectedPower" value="11"></item><item title="Power" value="11"></item><item title="TestType" value="Tx"></item><item title="EVM" value="-20,1326" result="PASS"></item><item title="FREQERR" value="-2,21202" result="PASS"></item><item title="SYMCLOCKERR" value="-1,93832" result="PASS"></item><item title="POWER" value="8,36494" result="FAIL"></item><item title="LOLEAKAGE" value="-27,2284" result="PASS"></item><item title="SPECTRUMMASK" value="11,1553" result="PASS"></item><item title="SPECTRUMMARGIN" value="11,1553" result="PASS"></item></Record><Criteria><item title="Modulation" value="MCS0NSS1"></item><item title="Bandwidth" value="20"></item><item title="Antenna" value="3"></item><item title="Channel" value="52"></item><item title="RfIcTemperature" value="46"></item><item title="CpuTemperature" value="60"></item><item title="ExpectedPower" value="12"></item><item title="EVM" Max="-5" Min="-100"></item><item title="FREQERR" Max="15" Min="-15"></item><item title="SYMCLOCKERR" Max="20" Min="-100"></item><item title="POWER" Max="13,5" Min="10,5" Avg="12"></item><item title="LOLEAKAGE" Max="-17" Min="-100"></item><item title="SPECTRUMMASK" Max="100" Min="0"></item><item title="SPECTRUMMARGIN" Max="1000" Min="0"></item></Criteria><Record><item title="Modulation" value="MCS0NSS1"></item><item title="Bandwidth" value="20"></item><item title="Channel" value="52"></item><item title="Antenna" value="3"></item><item title="ExpectedPower" value="12"></item><item title="Power" value="12"></item><item title="TestType" value="Tx"></item><item title="EVM" value="-17,9187" result="PASS"></item><item title="FREQERR" value="-2,2083" result="PASS"></item><item title="SYMCLOCKERR" value="7,30967" result="PASS"></item><item title="POWER" value="9,64477" result="FAIL"></item><item title="LOLEAKAGE" value="-30,5592" result="PASS"></item><item title="SPECTRUMMASK" value="12,0972" result="PASS"></item><item title="SPECTRUMMARGIN" value="12,0972" result="PASS"></item></Record><Criteria><item title="Modulation" value="MCS0NSS1"></item><item title="Bandwidth" value="20"></item><item title="Antenna" value="3"></item><item title="Channel" value="52"></item><item title="RfIcTemperature" value="46"></item><item title="CpuTemperature" value="60"></item><item title="ExpectedPower" value="13"></item><item title="EVM" Max="-5" Min="-100"></item><item title="FREQERR" Max="15" Min="-15"></item><item title="SYMCLOCKERR" Max="20" Min="-100"></item><item title="POWER" Max="14,5" Min="11,5" Avg="13"></item><item title="LOLEAKAGE" Max="-17" Min="-100"></item><item title="SPECTRUMMASK" Max="100" Min="0"></item><item title="SPECTRUMMARGIN" Max="1000" Min="0"></item></Criteria><Record><item title="Modulation" value="MCS0NSS1"></item><item title="Bandwidth" value="20"></item><item title="Channel" value="52"></item><item title="Antenna" value="3"></item><item title="ExpectedPower" value="13"></item><item title="Power" value="13"></item><item title="TestType" value="Tx"></item><item title="EVM" value="-19,4067" result="PASS"></item><item title="FREQERR" value="-2,2165" result="PASS"></item><item title="SYMCLOCKERR" value="-0,0482156" result="PASS"></item><item title="POWER" value="10,8796" result="FAIL"></item><item title="LOLEAKAGE" value="-31,8109" result="PASS"></item><item title="SPECTRUMMASK" value="12,242" result="PASS"></item><item title="SPECTRUMMARGIN" value="12,242" result="PASS"></item></Record><Criteria><item title="Modulation" value="MCS0NSS1"></item><item title="Bandwidth" value="20"></item><item title="Antenna" value="3"></item><item title="Channel" value="52"></item><item title="RfIcTemperature" value="46"></item><item title="CpuTemperature" value="60"></item><item title="ExpectedPower" value="14"></item><item title="EVM" Max="-5" Min="-100"></item><item title="FREQERR" Max="15" Min="-15"></item><item title="SYMCLOCKERR" Max="20" Min="-100"></item><item title="POWER" Max="15,5" Min="12,5" Avg="14"></item><item title="LOLEAKAGE" Max="-17" Min="-100"></item><item title="SPECTRUMMASK" Max="100" Min="0"></item><item title="SPECTRUMMARGIN" Max="1000" Min="0"></item></Criteria><Record><item title="Modulation" value="MCS0NSS1"></item><item title="Bandwidth" value="20"></item><item title="Channel" value="52"></item><item title="Antenna" value="3"></item><item title="ExpectedPower" value="14"></item><item title="Power" value="14"></item><item title="TestType" value="Tx"></item><item title="EVM" value="-19,1294" result="PASS"></item><item title="FREQERR" value="-2,21273" result="PASS"></item><item title="SYMCLOCKERR" value="5,10325" result="PASS"></item><item title="POWER" value="11,9982" result="FAIL"></item><item title="LOLEAKAGE" value="-33,6793" result="PASS"></item><item title="SPECTRUMMASK" value="12,2532" result="PASS"></item><item title="SPECTRUMMARGIN" value="12,2532" result="PASS"></item></Record><Criteria><item title="Modulation" value="MCS0NSS1"></item><item title="Bandwidth" value="20"></item><item title="Antenna" value="3"></item><item title="Channel" value="52"></item><item title="RfIcTemperature" value="46"></item><item title="CpuTemperature" value="60"></item><item title="ExpectedPower" value="15"></item><item title="EVM" Max="-5" Min="-100"></item><item title="FREQERR" Max="15" Min="-15"></item><item title="SYMCLOCKERR" Max="20" Min="-100"></item><item title="POWER" Max="16,5" Min="13,5" Avg="15"></item><item title="LOLEAKAGE" Max="-17" Min="-100"></item><item title="SPECTRUMMASK" Max="100" Min="0"></item><item title="SPECTRUMMARGIN" Max="1000" Min="0"></item></Criteria><Record><item title="Modulation" value="MCS0NSS1"></item><item title="Bandwidth" value="20"></item><item title="Channel" value="52"></item><item title="Antenna" value="3"></item><item title="ExpectedPower" value="15"></item><item title="Power" value="15"></item><item title="TestType" value="Tx"></item><item title="EVM" value="-17,8932" result="PASS"></item><item title="FREQERR" value="-2,2129" result="PASS"></item><item title="SYMCLOCKERR" value="-4,77994" result="PASS"></item><item title="POWER" value="13,1813" result="FAIL"></item><item title="LOLEAKAGE" value="-37,3763" result="PASS"></item><item title="SPECTRUMMASK" value="10,8003" result="PASS"></item><item title="SPECTRUMMARGIN" value="10,8003" result="PASS"></item></Record><Criteria><item title="Modulation" value="MCS0NSS1"></item><item title="Bandwidth" value="20"></item><item title="Antenna" value="3"></item><item title="Channel" value="52"></item><item title="RfIcTemperature" value="46"></item><item title="CpuTemperature" value="60"></item><item title="ExpectedPower" value="16"></item><item title="EVM" Max="-5" Min="-100"></item><item title="FREQERR" Max="15" Min="-15"></item><item title="SYMCLOCKERR" Max="20" Min="-100"></item><item title="POWER" Max="17,5" Min="14,5" Avg="16"></item><item title="LOLEAKAGE" Max="-17" Min="-100"></item><item title="SPECTRUMMASK" Max="100" Min="0"></item><item title="SPECTRUMMARGIN" Max="1000" Min="0"></item></Criteria><Record><item title="Modulation" value="MCS0NSS1"></item><item title="Bandwidth" value="20"></item><item title="Channel" value="52"></item><item title="Antenna" value="3"></item><item title="ExpectedPower" value="16"></item><item title="Power" value="16"></item><item title="TestType" value="Tx"></item><item title="EVM" value="-19,2974" result="PASS"></item><item title="FREQERR" value="-2,20587" result="PASS"></item><item title="SYMCLOCKERR" value="6,6926" result="PASS"></item><item title="POWER" value="14,1699" result="FAIL"></item><item title="LOLEAKAGE" value="-35,6963" result="PASS"></item><item title="SPECTRUMMASK" value="11,2084" result="PASS"></item><item title="SPECTRUMMARGIN" value="11,2084" result="PASS"></item></Record><Criteria><item title="Modulation" value="MCS0NSS1"></item><item title="Bandwidth" value="20"></item><item title="Antenna" value="3"></item><item title="Channel" value="52"></item><item title="RfIcTemperature" value="46"></item><item title="CpuTemperature" value="60"></item><item title="ExpectedPower" value="17"></item><item title="EVM" Max="-5" Min="-100"></item><item title="FREQERR" Max="15" Min="-15"></item><item title="SYMCLOCKERR" Max="20" Min="-100"></item><item title="POWER" Max="18,5" Min="15,5" Avg="17"></item><item title="LOLEAKAGE" Max="-17" Min="-100"></item><item title="SPECTRUMMASK" Max="100" Min="0"></item><item title="SPECTRUMMARGIN" Max="1000" Min="0"></item></Criteria><Record><item title="Modulation" value="MCS0NSS1"></item><item title="Bandwidth" value="20"></item><item title="Channel" value="52"></item><item title="Antenna" value="3"></item><item title="ExpectedPower" value="17"></item><item title="Power" value="17"></item><item title="TestType" value="Tx"></item><item title="EVM" value="-21,2094" result="PASS"></item><item title="FREQERR" value="-2,20562" result="PASS"></item><item title="SYMCLOCKERR" value="-1,27808" result="PASS"></item><item title="POWER" value="15,1175" result="FAIL"></item><item title="LOLEAKAGE" value="-42,5672" result="PASS"></item><item title="SPECTRUMMASK" value="12,7258" result="PASS"></item><item title="SPECTRUMMARGIN" value="12,7258" result="PASS"></item></Record><Criteria><item title="Modulation" value="MCS0NSS1"></item><item title="Bandwidth" value="20"></item><item title="Antenna" value="3"></item><item title="Channel" value="52"></item><item title="RfIcTemperature" value="46"></item><item title="CpuTemperature" value="60"></item><item title="ExpectedPower" value="18"></item><item title="EVM" Max="-5" Min="-100"></item><item title="FREQERR" Max="15" Min="-15"></item><item title="SYMCLOCKERR" Max="20" Min="-100"></item><item title="POWER" Max="19,5" Min="16,5" Avg="18"></item><item title="LOLEAKAGE" Max="-17" Min="-100"></item><item title="SPECTRUMMASK" Max="100" Min="0"></item><item title="SPECTRUMMARGIN" Max="1000" Min="0"></item></Criteria><Record><item title="Modulation" value="MCS0NSS1"></item><item title="Bandwidth" value="20"></item><item title="Channel" value="52"></item><item title="Antenna" value="3"></item><item title="ExpectedPower" value="18"></item><item title="Power" value="18"></item><item title="TestType" value="Tx"></item><item title="EVM" value="-18,5737" result="PASS"></item><item title="FREQERR" value="-2,20203" result="PASS"></item><item title="SYMCLOCKERR" value="6,20417" result="PASS"></item><item title="POWER" value="16,4651" result="FAIL"></item><item title="LOLEAKAGE" value="-44,422" result="PASS"></item><item title="SPECTRUMMASK" value="12,1852" result="PASS"></item><item title="SPECTRUMMARGIN" value="12,1852" result="PASS"></item></Record><Criteria><item title="Modulation" value="MCS0NSS1"></item><item title="Bandwidth" value="20"></item><item title="Antenna" value="3"></item><item title="Channel" value="52"></item><item title="RfIcTemperature" value="46"></item><item title="CpuTemperature" value="60"></item><item title="ExpectedPower" value="19"></item><item title="EVM" Max="-5" Min="-100"></item><item title="FREQERR" Max="15" Min="-15"></item><item title="SYMCLOCKERR" Max="20" Min="-100"></item><item title="POWER" Max="20,5" Min="17,5" Avg="19"></item><item title="LOLEAKAGE" Max="-17" Min="-100"></item><item title="SPECTRUMMASK" Max="100" Min="0"></item><item title="SPECTRUMMARGIN" Max="1000" Min="0"></item></Criteria><Record><item title="Modulation" value="MCS0NSS1"></item><item title="Bandwidth" value="20"></item><item title="Channel" value="52"></item><item title="Antenna" value="3"></item><item title="ExpectedPower" value="19"></item><item title="Power" value="19"></item><item title="TestType" value="Tx"></item><item title="EVM" value="-18,6321" result="PASS"></item><item title="FREQERR" value="-2,19984" result="PASS"></item><item title="SYMCLOCKERR" value="-2,8148" result="PASS"></item><item title="POWER" value="17,4375" result="FAIL"></item><item title="LOLEAKAGE" value="-43,6669" result="PASS"></item><item title="SPECTRUMMASK" value="11,0183" result="PASS"></item><item title="SPECTRUMMARGIN" value="11,0183" result="PASS"></item></Record><Criteria><item title="Modulation" value="MCS0NSS1"></item><item title="Bandwidth" value="20"></item><item title="Antenna" value="3"></item><item title="Channel" value="52"></item><item title="RfIcTemperature" value="46"></item><item title="CpuTemperature" value="60"></item><item title="ExpectedPower" value="20"></item><item title="EVM" Max="-5" Min="-100"></item><item title="FREQERR" Max="15" Min="-15"></item><item title="SYMCLOCKERR" Max="20" Min="-100"></item><item title="POWER" Max="21,5" Min="18,5" Avg="20"></item><item title="LOLEAKAGE" Max="-17" Min="-100"></item><item title="SPECTRUMMASK" Max="100" Min="0"></item><item title="SPECTRUMMARGIN" Max="1000" Min="0"></item></Criteria><Record><item title="Modulation" value="MCS0NSS1"></item><item title="Bandwidth" value="20"></item><item title="Channel" value="52"></item><item title="Antenna" value="3"></item><item title="ExpectedPower" value="20"></item><item title="Power" value="20"></item><item title="TestType" value="Tx"></item><item title="EVM" value="-21,9523" result="PASS"></item><item title="FREQERR" value="-2,2019" result="PASS"></item><item title="SYMCLOCKERR" value="-1,12516" result="PASS"></item><item title="POWER" value="18,4772" result="FAIL"></item><item title="LOLEAKAGE" value="-47,6009" result="PASS"></item><item title="SPECTRUMMASK" value="11,1287" result="PASS"></item><item title="SPECTRUMMARGIN" value="11,1287" result="PASS"></item></Record><Criteria><item title="Modulation" value="MCS0NSS1"></item><item title="Bandwidth" value="20"></item><item title="Antenna" value="3"></item><item title="Channel" value="52"></item><item title="RfIcTemperature" value="46"></item><item title="CpuTemperature" value="60"></item><item title="ExpectedPower" value="21"></item><item title="EVM" Max="-5" Min="-100"></item><item title="FREQERR" Max="15" Min="-15"></item><item title="SYMCLOCKERR" Max="20" Min="-100"></item><item title="POWER" Max="22,5" Min="19,5" Avg="21"></item><item title="LOLEAKAGE" Max="-17" Min="-100"></item><item title="SPECTRUMMASK" Max="100" Min="0"></item><item title="SPECTRUMMARGIN" Max="1000" Min="0"></item></Criteria><Record><item title="Modulation" value="MCS0NSS1"></item><item title="Bandwidth" value="20"></item><item title="Channel" value="52"></item><item title="Antenna" value="3"></item><item title="ExpectedPower" value="21"></item><item title="Power" value="21"></item><item title="TestType" value="Tx"></item><item title="EVM" value="-20,4695" result="PASS"></item><item title="FREQERR" value="-2,19956" result="PASS"></item><item title="SYMCLOCKERR" value="-2,10994" result="PASS"></item><item title="POWER" value="19,3079" result="FAIL"></item><item title="LOLEAKAGE" value="-46,6671" result="PASS"></item><item title="SPECTRUMMASK" value="11,5567" result="PASS"></item><item title="SPECTRUMMARGIN" value="11,5567" result="PASS"></item></Record><Criteria><item title="Modulation" value="MCS0NSS1"></item><item title="Bandwidth" value="20"></item><item title="Antenna" value="3"></item><item title="Channel" value="52"></item><item title="RfIcTemperature" value="46"></item><item title="CpuTemperature" value="60"></item><item title="ExpectedPower" value="22"></item><item title="EVM" Max="-5" Min="-100"></item><item title="FREQERR" Max="15" Min="-15"></item><item title="SYMCLOCKERR" Max="20" Min="-100"></item><item title="POWER" Max="23,5" Min="20,5" Avg="22"></item><item title="LOLEAKAGE" Max="-17" Min="-100"></item><item title="SPECTRUMMASK" Max="100" Min="0"></item><item title="SPECTRUMMARGIN" Max="1000" Min="0"></item></Criteria><Record><item title="Modulation" value="MCS0NSS1"></item><item title="Bandwidth" value="20"></item><item title="Channel" value="52"></item><item title="Antenna" value="3"></item><item title="ExpectedPower" value="22"></item><item title="Power" value="22"></item><item title="TestType" value="Tx"></item><item title="EVM" value="-19,2538" result="PASS"></item><item title="FREQERR" value="-2,19185" result="PASS"></item><item title="SYMCLOCKERR" value="-8,20719" result="PASS"></item><item title="POWER" value="20,6718" result="PASS"></item><item title="LOLEAKAGE" value="-39,895" result="PASS"></item><item title="SPECTRUMMASK" value="11,4927" result="PASS"></item><item title="SPECTRUMMARGIN" value="11,4927" result="PASS"></item></Record><Criteria><item title="Modulation" value="MCS0NSS1"></item><item title="Bandwidth" value="20"></item><item title="Antenna" value="3"></item><item title="Channel" value="52"></item><item title="RfIcTemperature" value="46"></item><item title="CpuTemperature" value="60"></item><item title="ExpectedPower" value="23"></item><item title="EVM" Max="-5" Min="-100"></item><item title="FREQERR" Max="15" Min="-15"></item><item title="SYMCLOCKERR" Max="20" Min="-100"></item><item title="POWER" Max="24,5" Min="21,5" Avg="23"></item><item title="LOLEAKAGE" Max="-17" Min="-100"></item><item title="SPECTRUMMASK" Max="100" Min="0"></item><item title="SPECTRUMMARGIN" Max="1000" Min="0"></item></Criteria><Record><item title="Modulation" value="MCS0NSS1"></item><item title="Bandwidth" value="20"></item><item title="Channel" value="52"></item><item title="Antenna" value="3"></item><item title="ExpectedPower" value="23"></item><item title="Power" value="23"></item><item title="TestType" value="Tx"></item><item title="EVM" value="-20,0157" result="PASS"></item><item title="FREQERR" value="-2,19159" result="PASS"></item><item title="SYMCLOCKERR" value="0,204567" result="PASS"></item><item title="POWER" value="21,3776" result="FAIL"></item><item title="LOLEAKAGE" value="-41,4212" result="PASS"></item><item title="SPECTRUMMASK" value="10,1901" result="PASS"></item><item title="SPECTRUMMARGIN" value="10,1901" result="PASS"></item></Record><Criteria><item title="Modulation" value="MCS0NSS1"></item><item title="Bandwidth" value="20"></item><item title="Antenna" value="3"></item><item title="Channel" value="52"></item><item title="RfIcTemperature" value="46"></item><item title="CpuTemperature" value="60"></item><item title="ExpectedPower" value="24"></item><item title="EVM" Max="-5" Min="-100"></item><item title="FREQERR" Max="15" Min="-15"></item><item title="SYMCLOCKERR" Max="20" Min="-100"></item><item title="POWER" Max="25,5" Min="22,5" Avg="24"></item><item title="LOLEAKAGE" Max="-17" Min="-100"></item><item title="SPECTRUMMASK" Max="100" Min="0"></item><item title="SPECTRUMMARGIN" Max="1000" Min="0"></item></Criteria><Record><item title="Modulation" value="MCS0NSS1"></item><item title="Bandwidth" value="20"></item><item title="Channel" value="52"></item><item title="Antenna" value="3"></item><item title="ExpectedPower" value="24"></item><item title="Power" value="24"></item><item title="TestType" value="Tx"></item><item title="EVM" value="-20,7945" result="PASS"></item><item title="FREQERR" value="-2,19597" result="PASS"></item><item title="SYMCLOCKERR" value="4,46843" result="PASS"></item><item title="POWER" value="22,4405" result="FAIL"></item><item title="LOLEAKAGE" value="-41,3997" result="PASS"></item><item title="SPECTRUMMASK" value="8,4983" result="PASS"></item><item title="SPECTRUMMARGIN" value="8,4983" result="PASS"></item></Record><Criteria><item title="Modulation" value="MCS0NSS1"></item><item title="Bandwidth" value="20"></item><item title="Antenna" value="3"></item><item title="Channel" value="52"></item><item title="RfIcTemperature" value="46"></item><item title="CpuTemperature" value="60"></item><item title="ExpectedPower" value="25"></item><item title="EVM" Max="-5" Min="-100"></item><item title="FREQERR" Max="15" Min="-15"></item><item title="SYMCLOCKERR" Max="20" Min="-100"></item><item title="POWER" Max="26,5" Min="23,5" Avg="25"></item><item title="LOLEAKAGE" Max="-17" Min="-100"></item><item title="SPECTRUMMASK" Max="100" Min="0"></item><item title="SPECTRUMMARGIN" Max="1000" Min="0"></item></Criteria><Record><item title="Modulation" value="MCS0NSS1"></item><item title="Bandwidth" value="20"></item><item title="Channel" value="52"></item><item title="Antenna" value="3"></item><item title="ExpectedPower" value="25"></item><item title="Power" value="25"></item><item title="TestType" value="Tx"></item><item title="EVM" value="-18,6143" result="PASS"></item><item title="FREQERR" value="-2,19062" result="PASS"></item><item title="SYMCLOCKERR" value="-1,52841" result="PASS"></item><item title="POWER" value="23,4064" result="FAIL"></item><item title="LOLEAKAGE" value="-39,3943" result="PASS"></item><item title="SPECTRUMMASK" value="5,18835" result="PASS"></item><item title="SPECTRUMMARGIN" value="5,18835" result="PASS"></item></Record><Criteria><item title="Modulation" value="MCS0NSS1"></item><item title="Bandwidth" value="20"></item><item title="Antenna" value="0"></item><item title="Channel" value="100"></item><item title="RfIcTemperature" value="46"></item><item title="CpuTemperature" value="60"></item><item title="ExpectedPower" value="10"></item><item title="EVM" Max="-5" Min="-100"></item><item title="FREQERR" Max="15" Min="-15"></item><item title="SYMCLOCKERR" Max="20" Min="-100"></item><item title="POWER" Max="11,5" Min="8,5" Avg="10"></item><item title="LOLEAKAGE" Max="-17" Min="-100"></item><item title="SPECTRUMMASK" Max="100" Min="0"></item><item title="SPECTRUMMARGIN" Max="1000" Min="0"></item></Criteria><Record><item title="Modulation" value="MCS0NSS1"></item><item title="Bandwidth" value="20"></item><item title="Channel" value="100"></item><item title="Antenna" value="0"></item><item title="ExpectedPower" value="10"></item><item title="Power" value="10"></item><item title="TestType" value="Tx"></item><item title="EVM" value="-19,0933" result="PASS"></item><item title="FREQERR" value="1,25328" result="PASS"></item><item title="SYMCLOCKERR" value="-0,895894" result="PASS"></item><item title="POWER" value="8,51482" result="PASS"></item><item title="LOLEAKAGE" value="-31,1719" result="PASS"></item><item title="SPECTRUMMASK" value="11,8456" result="PASS"></item><item title="SPECTRUMMARGIN" value="11,8456" result="PASS"></item></Record><Criteria><item title="Modulation" value="MCS0NSS1"></item><item title="Bandwidth" value="20"></item><item title="Antenna" value="0"></item><item title="Channel" value="100"></item><item title="RfIcTemperature" value="46"></item><item title="CpuTemperature" value="60"></item><item title="ExpectedPower" value="11"></item><item title="EVM" Max="-5" Min="-100"></item><item title="FREQERR" Max="15" Min="-15"></item><item title="SYMCLOCKERR" Max="20" Min="-100"></item><item title="POWER" Max="12,5" Min="9,5" Avg="11"></item><item title="LOLEAKAGE" Max="-17" Min="-100"></item><item title="SPECTRUMMASK" Max="100" Min="0"></item><item title="SPECTRUMMARGIN" Max="1000" Min="0"></item></Criteria><Record><item title="Modulation" value="MCS0NSS1"></item><item title="Bandwidth" value="20"></item><item title="Channel" value="100"></item><item title="Antenna" value="0"></item><item title="ExpectedPower" value="11"></item><item title="Power" value="11"></item><item title="TestType" value="Tx"></item><item title="EVM" value="-18,3346" result="PASS"></item><item title="FREQERR" value="1,2581" result="PASS"></item><item title="SYMCLOCKERR" value="13,3203" result="PASS"></item><item title="POWER" value="9,43948" result="FAIL"></item><item title="LOLEAKAGE" value="-31,2851" result="PASS"></item><item title="SPECTRUMMASK" value="12,0391" result="PASS"></item><item title="SPECTRUMMARGIN" value="12,0391" result="PASS"></item></Record><Criteria><item title="Modulation" value="MCS0NSS1"></item><item title="Bandwidth" value="20"></item><item title="Antenna" value="0"></item><item title="Channel" value="100"></item><item title="RfIcTemperature" value="46"></item><item title="CpuTemperature" value="60"></item><item title="ExpectedPower" value="12"></item><item title="EVM" Max="-5" Min="-100"></item><item title="FREQERR" Max="15" Min="-15"></item><item title="SYMCLOCKERR" Max="20" Min="-100"></item><item title="POWER" Max="13,5" Min="10,5" Avg="12"></item><item title="LOLEAKAGE" Max="-17" Min="-100"></item><item title="SPECTRUMMASK" Max="100" Min="0"></item><item title="SPECTRUMMARGIN" Max="1000" Min="0"></item></Criteria><Record><item title="Modulation" value="MCS0NSS1"></item><item title="Bandwidth" value="20"></item><item title="Channel" value="100"></item><item title="Antenna" value="0"></item><item title="ExpectedPower" value="12"></item><item title="Power" value="12"></item><item title="TestType" value="Tx"></item><item title="EVM" value="-20,4333" result="PASS"></item><item title="FREQERR" value="1,25896" result="PASS"></item><item title="SYMCLOCKERR" value="0,650606" result="PASS"></item><item title="POWER" value="10,6301" result="PASS"></item><item title="LOLEAKAGE" value="-32,4636" result="PASS"></item><item title="SPECTRUMMASK" value="11,7334" result="PASS"></item><item title="SPECTRUMMARGIN" value="11,7334" result="PASS"></item></Record><Criteria><item title="Modulation" value="MCS0NSS1"></item><item title="Bandwidth" value="20"></item><item title="Antenna" value="0"></item><item title="Channel" value="100"></item><item title="RfIcTemperature" value="46"></item><item title="CpuTemperature" value="60"></item><item title="ExpectedPower" value="13"></item><item title="EVM" Max="-5" Min="-100"></item><item title="FREQERR" Max="15" Min="-15"></item><item title="SYMCLOCKERR" Max="20" Min="-100"></item><item title="POWER" Max="14,5" Min="11,5" Avg="13"></item><item title="LOLEAKAGE" Max="-17" Min="-100"></item><item title="SPECTRUMMASK" Max="100" Min="0"></item><item title="SPECTRUMMARGIN" Max="1000" Min="0"></item></Criteria><Record><item title="Modulation" value="MCS0NSS1"></item><item title="Bandwidth" value="20"></item><item title="Channel" value="100"></item><item title="Antenna" value="0"></item><item title="ExpectedPower" value="13"></item><item title="Power" value="13"></item><item title="TestType" value="Tx"></item><item title="EVM" value="-18,4988" result="PASS"></item><item title="FREQERR" value="1,26325" result="PASS"></item><item title="SYMCLOCKERR" value="-2,50316" result="PASS"></item><item title="POWER" value="11,5334" result="PASS"></item><item title="LOLEAKAGE" value="-35,1217" result="PASS"></item><item title="SPECTRUMMASK" value="11,7997" result="PASS"></item><item title="SPECTRUMMARGIN" value="11,7997" result="PASS"></item></Record><Criteria><item title="Modulation" value="MCS0NSS1"></item><item title="Bandwidth" value="20"></item><item title="Antenna" value="0"></item><item title="Channel" value="100"></item><item title="RfIcTemperature" value="46"></item><item title="CpuTemperature" value="60"></item><item title="ExpectedPower" value="14"></item><item title="EVM" Max="-5" Min="-100"></item><item title="FREQERR" Max="15" Min="-15"></item><item title="SYMCLOCKERR" Max="20" Min="-100"></item><item title="POWER" Max="15,5" Min="12,5" Avg="14"></item><item title="LOLEAKAGE" Max="-17" Min="-100"></item><item title="SPECTRUMMASK" Max="100" Min="0"></item><item title="SPECTRUMMARGIN" Max="1000" Min="0"></item></Criteria><Record><item title="Modulation" value="MCS0NSS1"></item><item title="Bandwidth" value="20"></item><item title="Channel" value="100"></item><item title="Antenna" value="0"></item><item title="ExpectedPower" value="14"></item><item title="Power" value="14"></item><item title="TestType" value="Tx"></item><item title="EVM" value="-19,6685" result="PASS"></item><item title="FREQERR" value="1,2655" result="PASS"></item><item title="SYMCLOCKERR" value="-4,05187" result="PASS"></item><item title="POWER" value="12,6113" result="PASS"></item><item title="LOLEAKAGE" value="-34,3362" result="PASS"></item><item title="SPECTRUMMASK" value="12,2915" result="PASS"></item><item title="SPECTRUMMARGIN" value="12,2915" result="PASS"></item></Record><Criteria><item title="Modulation" value="MCS0NSS1"></item><item title="Bandwidth" value="20"></item><item title="Antenna" value="0"></item><item title="Channel" value="100"></item><item title="RfIcTemperature" value="46"></item><item title="CpuTemperature" value="60"></item><item title="ExpectedPower" value="15"></item><item title="EVM" Max="-5" Min="-100"></item><item title="FREQERR" Max="15" Min="-15"></item><item title="SYMCLOCKERR" Max="20" Min="-100"></item><item title="POWER" Max="16,5" Min="13,5" Avg="15"></item><item title="LOLEAKAGE" Max="-17" Min="-100"></item><item title="SPECTRUMMASK" Max="100" Min="0"></item><item title="SPECTRUMMARGIN" Max="1000" Min="0"></item></Criteria><Record><item title="Modulation" value="MCS0NSS1"></item><item title="Bandwidth" value="20"></item><item title="Channel" value="100"></item><item title="Antenna" value="0"></item><item title="ExpectedPower" value="15"></item><item title="Power" value="15"></item><item title="TestType" value="Tx"></item><item title="EVM" value="-19,2828" result="PASS"></item><item title="FREQERR" value="1,25584" result="PASS"></item><item title="SYMCLOCKERR" value="2,69245" result="PASS"></item><item title="POWER" value="13,829" result="PASS"></item><item title="LOLEAKAGE" value="-38,3686" result="PASS"></item><item title="SPECTRUMMASK" value="11,4256" result="PASS"></item><item title="SPECTRUMMARGIN" value="11,4256" result="PASS"></item></Record><Criteria><item title="Modulation" value="MCS0NSS1"></item><item title="Bandwidth" value="20"></item><item title="Antenna" value="0"></item><item title="Channel" value="100"></item><item title="RfIcTemperature" value="46"></item><item title="CpuTemperature" value="60"></item><item title="ExpectedPower" value="16"></item><item title="EVM" Max="-5" Min="-100"></item><item title="FREQERR" Max="15" Min="-15"></item><item title="SYMCLOCKERR" Max="20" Min="-100"></item><item title="POWER" Max="17,5" Min="14,5" Avg="16"></item><item title="LOLEAKAGE" Max="-17" Min="-100"></item><item title="SPECTRUMMASK" Max="100" Min="0"></item><item title="SPECTRUMMARGIN" Max="1000" Min="0"></item></Criteria><Record><item title="Modulation" value="MCS0NSS1"></item><item title="Bandwidth" value="20"></item><item title="Channel" value="100"></item><item title="Antenna" value="0"></item><item title="ExpectedPower" value="16"></item><item title="Power" value="16"></item><item title="TestType" value="Tx"></item><item title="EVM" value="-18,7906" result="PASS"></item><item title="FREQERR" value="1,2565" result="PASS"></item><item title="SYMCLOCKERR" value="10,4452" result="PASS"></item><item title="POWER" value="14,7124" result="PASS"></item><item title="LOLEAKAGE" value="-39,645" result="PASS"></item><item title="SPECTRUMMASK" value="12,4225" result="PASS"></item><item title="SPECTRUMMARGIN" value="12,4225" result="PASS"></item></Record><Criteria><item title="Modulation" value="MCS0NSS1"></item><item title="Bandwidth" value="20"></item><item title="Antenna" value="0"></item><item title="Channel" value="100"></item><item title="RfIcTemperature" value="46"></item><item title="CpuTemperature" value="60"></item><item title="ExpectedPower" value="17"></item><item title="EVM" Max="-5" Min="-100"></item><item title="FREQERR" Max="15" Min="-15"></item><item title="SYMCLOCKERR" Max="20" Min="-100"></item><item title="POWER" Max="18,5" Min="15,5" Avg="17"></item><item title="LOLEAKAGE" Max="-17" Min="-100"></item><item title="SPECTRUMMASK" Max="100" Min="0"></item><item title="SPECTRUMMARGIN" Max="1000" Min="0"></item></Criteria><Record><item title="Modulation" value="MCS0NSS1"></item><item title="Bandwidth" value="20"></item><item title="Channel" value="100"></item><item title="Antenna" value="0"></item><item title="ExpectedPower" value="17"></item><item title="Power" value="17"></item><item title="TestType" value="Tx"></item><item title="EVM" value="-20,0939" result="PASS"></item><item title="FREQERR" value="1,26423" result="PASS"></item><item title="SYMCLOCKERR" value="-0,118566" result="PASS"></item><item title="POWER" value="15,6874" result="PASS"></item><item title="LOLEAKAGE" value="-41,1118" result="PASS"></item><item title="SPECTRUMMASK" value="11,9139" result="PASS"></item><item title="SPECTRUMMARGIN" value="11,9139" result="PASS"></item></Record><Criteria><item title="Modulation" value="MCS0NSS1"></item><item title="Bandwidth" value="20"></item><item title="Antenna" value="0"></item><item title="Channel" value="100"></item><item title="RfIcTemperature" value="46"></item><item title="CpuTemperature" value="60"></item><item title="ExpectedPower" value="18"></item><item title="EVM" Max="-5" Min="-100"></item><item title="FREQERR" Max="15" Min="-15"></item><item title="SYMCLOCKERR" Max="20" Min="-100"></item><item title="POWER" Max="19,5" Min="16,5" Avg="18"></item><item title="LOLEAKAGE" Max="-17" Min="-100"></item><item title="SPECTRUMMASK" Max="100" Min="0"></item><item title="SPECTRUMMARGIN" Max="1000" Min="0"></item></Criteria><Record><item title="Modulation" value="MCS0NSS1"></item><item title="Bandwidth" value="20"></item><item title="Channel" value="100"></item><item title="Antenna" value="0"></item><item title="ExpectedPower" value="18"></item><item title="Power" value="18"></item><item title="TestType" value="Tx"></item><item title="EVM" value="-18,801" result="PASS"></item><item title="FREQERR" value="1,26429" result="PASS"></item><item title="SYMCLOCKERR" value="7,19903" result="PASS"></item><item title="POWER" value="16,8796" result="PASS"></item><item title="LOLEAKAGE" value="-41,4842" result="PASS"></item><item title="SPECTRUMMASK" value="11,6183" result="PASS"></item><item title="SPECTRUMMARGIN" value="11,6183" result="PASS"></item></Record><Criteria><item title="Modulation" value="MCS0NSS1"></item><item title="Bandwidth" value="20"></item><item title="Antenna" value="0"></item><item title="Channel" value="100"></item><item title="RfIcTemperature" value="46"></item><item title="CpuTemperature" value="60"></item><item title="ExpectedPower" value="19"></item><item title="EVM" Max="-5" Min="-100"></item><item title="FREQERR" Max="15" Min="-15"></item><item title="SYMCLOCKERR" Max="20" Min="-100"></item><item title="POWER" Max="20,5" Min="17,5" Avg="19"></item><item title="LOLEAKAGE" Max="-17" Min="-100"></item><item title="SPECTRUMMASK" Max="100" Min="0"></item><item title="SPECTRUMMARGIN" Max="1000" Min="0"></item></Criteria><Record><item title="Modulation" value="MCS0NSS1"></item><item title="Bandwidth" value="20"></item><item title="Channel" value="100"></item><item title="Antenna" value="0"></item><item title="ExpectedPower" value="19"></item><item title="Power" value="19"></item><item title="TestType" value="Tx"></item><item title="EVM" value="-19,1513" result="PASS"></item><item title="FREQERR" value="1,25911" result="PASS"></item><item title="SYMCLOCKERR" value="5,67729" result="PASS"></item><item title="POWER" value="17,8451" result="PASS"></item><item title="LOLEAKAGE" value="-41,988" result="PASS"></item><item title="SPECTRUMMASK" value="11,0253" result="PASS"></item><item title="SPECTRUMMARGIN" value="11,0253" result="PASS"></item></Record><Criteria><item title="Modulation" value="MCS0NSS1"></item><item title="Bandwidth" value="20"></item><item title="Antenna" value="0"></item><item title="Channel" value="100"></item><item title="RfIcTemperature" value="46"></item><item title="CpuTemperature" value="60"></item><item title="ExpectedPower" value="20"></item><item title="EVM" Max="-5" Min="-100"></item><item title="FREQERR" Max="15" Min="-15"></item><item title="SYMCLOCKERR" Max="20" Min="-100"></item><item title="POWER" Max="21,5" Min="18,5" Avg="20"></item><item title="LOLEAKAGE" Max="-17" Min="-100"></item><item title="SPECTRUMMASK" Max="100" Min="0"></item><item title="SPECTRUMMARGIN" Max="1000" Min="0"></item></Criteria><Record><item title="Modulation" value="MCS0NSS1"></item><item title="Bandwidth" value="20"></item><item title="Channel" value="100"></item><item title="Antenna" value="0"></item><item title="ExpectedPower" value="20"></item><item title="Power" value="20"></item><item title="TestType" value="Tx"></item><item title="EVM" value="-17,7051" result="PASS"></item><item title="FREQERR" value="1,26259" result="PASS"></item><item title="SYMCLOCKERR" value="-1,59181" result="PASS"></item><item title="POWER" value="18,7165" result="PASS"></item><item title="LOLEAKAGE" value="-48,9399" result="PASS"></item><item title="SPECTRUMMASK" value="10,3749" result="PASS"></item><item title="SPECTRUMMARGIN" value="10,3749" result="PASS"></item></Record><Criteria><item title="Modulation" value="MCS0NSS1"></item><item title="Bandwidth" value="20"></item><item title="Antenna" value="0"></item><item title="Channel" value="100"></item><item title="RfIcTemperature" value="46"></item><item title="CpuTemperature" value="60"></item><item title="ExpectedPower" value="21"></item><item title="EVM" Max="-5" Min="-100"></item><item title="FREQERR" Max="15" Min="-15"></item><item title="SYMCLOCKERR" Max="20" Min="-100"></item><item title="POWER" Max="22,5" Min="19,5" Avg="21"></item><item title="LOLEAKAGE" Max="-17" Min="-100"></item><item title="SPECTRUMMASK" Max="100" Min="0"></item><item title="SPECTRUMMARGIN" Max="1000" Min="0"></item></Criteria><Record><item title="Modulation" value="MCS0NSS1"></item><item title="Bandwidth" value="20"></item><item title="Channel" value="100"></item><item title="Antenna" value="0"></item><item title="ExpectedPower" value="21"></item><item title="Power" value="21"></item><item title="TestType" value="Tx"></item><item title="EVM" value="-20,1708" result="PASS"></item><item title="FREQERR" value="1,25663" result="PASS"></item><item title="SYMCLOCKERR" value="6,70767" result="PASS"></item><item title="POWER" value="19,8052" result="PASS"></item><item title="LOLEAKAGE" value="-46,0192" result="PASS"></item><item title="SPECTRUMMASK" value="11,4929" result="PASS"></item><item title="SPECTRUMMARGIN" value="11,4929" result="PASS"></item></Record><Criteria><item title="Modulation" value="MCS0NSS1"></item><item title="Bandwidth" value="20"></item><item title="Antenna" value="0"></item><item title="Channel" value="100"></item><item title="RfIcTemperature" value="46"></item><item title="CpuTemperature" value="60"></item><item title="ExpectedPower" value="22"></item><item title="EVM" Max="-5" Min="-100"></item><item title="FREQERR" Max="15" Min="-15"></item><item title="SYMCLOCKERR" Max="20" Min="-100"></item><item title="POWER" Max="23,5" Min="20,5" Avg="22"></item><item title="LOLEAKAGE" Max="-17" Min="-100"></item><item title="SPECTRUMMASK" Max="100" Min="0"></item><item title="SPECTRUMMARGIN" Max="1000" Min="0"></item></Criteria><Record><item title="Modulation" value="MCS0NSS1"></item><item title="Bandwidth" value="20"></item><item title="Channel" value="100"></item><item title="Antenna" value="0"></item><item title="ExpectedPower" value="22"></item><item title="Power" value="22"></item><item title="TestType" value="Tx"></item><item title="EVM" value="-20,9168" result="PASS"></item><item title="FREQERR" value="1,27002" result="PASS"></item><item title="SYMCLOCKERR" value="3,82399" result="PASS"></item><item title="POWER" value="20,5803" result="PASS"></item><item title="LOLEAKAGE" value="-51,996" result="PASS"></item><item title="SPECTRUMMASK" value="10,7596" result="PASS"></item><item title="SPECTRUMMARGIN" value="10,7596" result="PASS"></item></Record><Criteria><item title="Modulation" value="MCS0NSS1"></item><item title="Bandwidth" value="20"></item><item title="Antenna" value="0"></item><item title="Channel" value="100"></item><item title="RfIcTemperature" value="46"></item><item title="CpuTemperature" value="60"></item><item title="ExpectedPower" value="23"></item><item title="EVM" Max="-5" Min="-100"></item><item title="FREQERR" Max="15" Min="-15"></item><item title="SYMCLOCKERR" Max="20" Min="-100"></item><item title="POWER" Max="24,5" Min="21,5" Avg="23"></item><item title="LOLEAKAGE" Max="-17" Min="-100"></item><item title="SPECTRUMMASK" Max="100" Min="0"></item><item title="SPECTRUMMARGIN" Max="1000" Min="0"></item></Criteria><Record><item title="Modulation" value="MCS0NSS1"></item><item title="Bandwidth" value="20"></item><item title="Channel" value="100"></item><item title="Antenna" value="0"></item><item title="ExpectedPower" value="23"></item><item title="Power" value="23"></item><item title="TestType" value="Tx"></item><item title="EVM" value="-21,5772" result="PASS"></item><item title="FREQERR" value="1,26634" result="PASS"></item><item title="SYMCLOCKERR" value="2,42063" result="PASS"></item><item title="POWER" value="21,5536" result="PASS"></item><item title="LOLEAKAGE" value="-47,7948" result="PASS"></item><item title="SPECTRUMMASK" value="11,3207" result="PASS"></item><item title="SPECTRUMMARGIN" value="11,3207" result="PASS"></item></Record><Criteria><item title="Modulation" value="MCS0NSS1"></item><item title="Bandwidth" value="20"></item><item title="Antenna" value="0"></item><item title="Channel" value="100"></item><item title="RfIcTemperature" value="46"></item><item title="CpuTemperature" value="60"></item><item title="ExpectedPower" value="24"></item><item title="EVM" Max="-5" Min="-100"></item><item title="FREQERR" Max="15" Min="-15"></item><item title="SYMCLOCKERR" Max="20" Min="-100"></item><item title="POWER" Max="25,5" Min="22,5" Avg="24"></item><item title="LOLEAKAGE" Max="-17" Min="-100"></item><item title="SPECTRUMMASK" Max="100" Min="0"></item><item title="SPECTRUMMARGIN" Max="1000" Min="0"></item></Criteria><Record><item title="Modulation" value="MCS0NSS1"></item><item title="Bandwidth" value="20"></item><item title="Channel" value="100"></item><item title="Antenna" value="0"></item><item title="ExpectedPower" value="24"></item><item title="Power" value="24"></item><item title="TestType" value="Tx"></item><item title="EVM" value="-18,6548" result="PASS"></item><item title="FREQERR" value="1,26155" result="PASS"></item><item title="SYMCLOCKERR" value="2,13765" result="PASS"></item><item title="POWER" value="22,4806" result="FAIL"></item><item title="LOLEAKAGE" value="-48,6555" result="PASS"></item><item title="SPECTRUMMASK" value="7,38002" result="PASS"></item><item title="SPECTRUMMARGIN" value="7,38002" result="PASS"></item></Record><Criteria><item title="Modulation" value="MCS0NSS1"></item><item title="Bandwidth" value="20"></item><item title="Antenna" value="0"></item><item title="Channel" value="100"></item><item title="RfIcTemperature" value="46"></item><item title="CpuTemperature" value="60"></item><item title="ExpectedPower" value="25"></item><item title="EVM" Max="-5" Min="-100"></item><item title="FREQERR" Max="15" Min="-15"></item><item title="SYMCLOCKERR" Max="20" Min="-100"></item><item title="POWER" Max="26,5" Min="23,5" Avg="25"></item><item title="LOLEAKAGE" Max="-17" Min="-100"></item><item title="SPECTRUMMASK" Max="100" Min="0"></item><item title="SPECTRUMMARGIN" Max="1000" Min="0"></item></Criteria><Record><item title="Modulation" value="MCS0NSS1"></item><item title="Bandwidth" value="20"></item><item title="Channel" value="100"></item><item title="Antenna" value="0"></item><item title="ExpectedPower" value="25"></item><item title="Power" value="25"></item><item title="TestType" value="Tx"></item><item title="EVM" value="-19,8202" result="PASS"></item><item title="FREQERR" value="1,26251" result="PASS"></item><item title="SYMCLOCKERR" value="3,15923" result="PASS"></item><item title="POWER" value="23,3583" result="FAIL"></item><item title="LOLEAKAGE" value="-43,6888" result="PASS"></item><item title="SPECTRUMMASK" value="6,47869" result="PASS"></item><item title="SPECTRUMMARGIN" value="6,47869" result="PASS"></item></Record><Criteria><item title="Modulation" value="MCS0NSS1"></item><item title="Bandwidth" value="20"></item><item title="Antenna" value="1"></item><item title="Channel" value="100"></item><item title="RfIcTemperature" value="46"></item><item title="CpuTemperature" value="60"></item><item title="ExpectedPower" value="10"></item><item title="EVM" Max="-5" Min="-100"></item><item title="FREQERR" Max="15" Min="-15"></item><item title="SYMCLOCKERR" Max="20" Min="-100"></item><item title="POWER" Max="11,5" Min="8,5" Avg="10"></item><item title="LOLEAKAGE" Max="-17" Min="-100"></item><item title="SPECTRUMMASK" Max="100" Min="0"></item><item title="SPECTRUMMARGIN" Max="1000" Min="0"></item></Criteria><Record><item title="Modulation" value="MCS0NSS1"></item><item title="Bandwidth" value="20"></item><item title="Channel" value="100"></item><item title="Antenna" value="1"></item><item title="ExpectedPower" value="10"></item><item title="Power" value="10"></item><item title="TestType" value="Tx"></item><item title="EVM" value="-17,9455" result="PASS"></item><item title="FREQERR" value="1,27566" result="PASS"></item><item title="SYMCLOCKERR" value="4,85056" result="PASS"></item><item title="POWER" value="8,6288" result="PASS"></item><item title="LOLEAKAGE" value="-30,725" result="PASS"></item><item title="SPECTRUMMASK" value="11,6041" result="PASS"></item><item title="SPECTRUMMARGIN" value="11,6041" result="PASS"></item></Record><Criteria><item title="Modulation" value="MCS0NSS1"></item><item title="Bandwidth" value="20"></item><item title="Antenna" value="1"></item><item title="Channel" value="100"></item><item title="RfIcTemperature" value="46"></item><item title="CpuTemperature" value="60"></item><item title="ExpectedPower" value="11"></item><item title="EVM" Max="-5" Min="-100"></item><item title="FREQERR" Max="15" Min="-15"></item><item title="SYMCLOCKERR" Max="20" Min="-100"></item><item title="POWER" Max="12,5" Min="9,5" Avg="11"></item><item title="LOLEAKAGE" Max="-17" Min="-100"></item><item title="SPECTRUMMASK" Max="100" Min="0"></item><item title="SPECTRUMMARGIN" Max="1000" Min="0"></item></Criteria><Record><item title="Modulation" value="MCS0NSS1"></item><item title="Bandwidth" value="20"></item><item title="Channel" value="100"></item><item title="Antenna" value="1"></item><item title="ExpectedPower" value="11"></item><item title="Power" value="11"></item><item title="TestType" value="Tx"></item><item title="EVM" value="-20,386" result="PASS"></item><item title="FREQERR" value="1,27173" result="PASS"></item><item title="SYMCLOCKERR" value="3,12589" result="PASS"></item><item title="POWER" value="9,89414" result="PASS"></item><item title="LOLEAKAGE" value="-30,4062" result="PASS"></item><item title="SPECTRUMMASK" value="11,0662" result="PASS"></item><item title="SPECTRUMMARGIN" value="11,0662" result="PASS"></item></Record><Criteria><item title="Modulation" value="MCS0NSS1"></item><item title="Bandwidth" value="20"></item><item title="Antenna" value="1"></item><item title="Channel" value="100"></item><item title="RfIcTemperature" value="46"></item><item title="CpuTemperature" value="60"></item><item title="ExpectedPower" value="12"></item><item title="EVM" Max="-5" Min="-100"></item><item title="FREQERR" Max="15" Min="-15"></item><item title="SYMCLOCKERR" Max="20" Min="-100"></item><item title="POWER" Max="13,5" Min="10,5" Avg="12"></item><item title="LOLEAKAGE" Max="-17" Min="-100"></item><item title="SPECTRUMMASK" Max="100" Min="0"></item><item title="SPECTRUMMARGIN" Max="1000" Min="0"></item></Criteria><Record><item title="Modulation" value="MCS0NSS1"></item><item title="Bandwidth" value="20"></item><item title="Channel" value="100"></item><item title="Antenna" value="1"></item><item title="ExpectedPower" value="12"></item><item title="Power" value="12"></item><item title="TestType" value="Tx"></item><item title="EVM" value="-19,0979" result="PASS"></item><item title="FREQERR" value="1,27267" result="PASS"></item><item title="SYMCLOCKERR" value="5,03038" result="PASS"></item><item title="POWER" value="11,0083" result="PASS"></item><item title="LOLEAKAGE" value="-30,8346" result="PASS"></item><item title="SPECTRUMMASK" value="12,5821" result="PASS"></item><item title="SPECTRUMMARGIN" value="12,5821" result="PASS"></item></Record><Criteria><item title="Modulation" value="MCS0NSS1"></item><item title="Bandwidth" value="20"></item><item title="Antenna" value="1"></item><item title="Channel" value="100"></item><item title="RfIcTemperature" value="46"></item><item title="CpuTemperature" value="60"></item><item title="ExpectedPower" value="13"></item><item title="EVM" Max="-5" Min="-100"></item><item title="FREQERR" Max="15" Min="-15"></item><item title="SYMCLOCKERR" Max="20" Min="-100"></item><item title="POWER" Max="14,5" Min="11,5" Avg="13"></item><item title="LOLEAKAGE" Max="-17" Min="-100"></item><item title="SPECTRUMMASK" Max="100" Min="0"></item><item title="SPECTRUMMARGIN" Max="1000" Min="0"></item></Criteria><Record><item title="Modulation" value="MCS0NSS1"></item><item title="Bandwidth" value="20"></item><item title="Channel" value="100"></item><item title="Antenna" value="1"></item><item title="ExpectedPower" value="13"></item><item title="Power" value="13"></item><item title="TestType" value="Tx"></item><item title="EVM" value="-20,6221" result="PASS"></item><item title="FREQERR" value="1,27781" result="PASS"></item><item title="SYMCLOCKERR" value="3,44783" result="PASS"></item><item title="POWER" value="11,8978" result="PASS"></item><item title="LOLEAKAGE" value="-31,2857" result="PASS"></item><item title="SPECTRUMMASK" value="11,8657" result="PASS"></item><item title="SPECTRUMMARGIN" value="11,8657" result="PASS"></item></Record><Criteria><item title="Modulation" value="MCS0NSS1"></item><item title="Bandwidth" value="20"></item><item title="Antenna" value="1"></item><item title="Channel" value="100"></item><item title="RfIcTemperature" value="46"></item><item title="CpuTemperature" value="60"></item><item title="ExpectedPower" value="14"></item><item title="EVM" Max="-5" Min="-100"></item><item title="FREQERR" Max="15" Min="-15"></item><item title="SYMCLOCKERR" Max="20" Min="-100"></item><item title="POWER" Max="15,5" Min="12,5" Avg="14"></item><item title="LOLEAKAGE" Max="-17" Min="-100"></item><item title="SPECTRUMMASK" Max="100" Min="0"></item><item title="SPECTRUMMARGIN" Max="1000" Min="0"></item></Criteria><Record><item title="Modulation" value="MCS0NSS1"></item><item title="Bandwidth" value="20"></item><item title="Channel" value="100"></item><item title="Antenna" value="1"></item><item title="ExpectedPower" value="14"></item><item title="Power" value="14"></item><item title="TestType" value="Tx"></item><item title="EVM" value="-18,7894" result="PASS"></item><item title="FREQERR" value="1,28256" result="PASS"></item><item title="SYMCLOCKERR" value="0,41751" result="PASS"></item><item title="POWER" value="13,0515" result="PASS"></item><item title="LOLEAKAGE" value="-36,0379" result="PASS"></item><item title="SPECTRUMMASK" value="11,4046" result="PASS"></item><item title="SPECTRUMMARGIN" value="11,4046" result="PASS"></item></Record><Criteria><item title="Modulation" value="MCS0NSS1"></item><item title="Bandwidth" value="20"></item><item title="Antenna" value="1"></item><item title="Channel" value="100"></item><item title="RfIcTemperature" value="46"></item><item title="CpuTemperature" value="60"></item><item title="ExpectedPower" value="15"></item><item title="EVM" Max="-5" Min="-100"></item><item title="FREQERR" Max="15" Min="-15"></item><item title="SYMCLOCKERR" Max="20" Min="-100"></item><item title="POWER" Max="16,5" Min="13,5" Avg="15"></item><item title="LOLEAKAGE" Max="-17" Min="-100"></item><item title="SPECTRUMMASK" Max="100" Min="0"></item><item title="SPECTRUMMARGIN" Max="1000" Min="0"></item></Criteria><Record><item title="Modulation" value="MCS0NSS1"></item><item title="Bandwidth" value="20"></item><item title="Channel" value="100"></item><item title="Antenna" value="1"></item><item title="ExpectedPower" value="15"></item><item title="Power" value="15"></item><item title="TestType" value="Tx"></item><item title="EVM" value="-18,1275" result="PASS"></item><item title="FREQERR" value="1,28451" result="PASS"></item><item title="SYMCLOCKERR" value="1,80039" result="PASS"></item><item title="POWER" value="13,9463" result="PASS"></item><item title="LOLEAKAGE" value="-38,6219" result="PASS"></item><item title="SPECTRUMMASK" value="11,2159" result="PASS"></item><item title="SPECTRUMMARGIN" value="11,2159" result="PASS"></item></Record><Criteria><item title="Modulation" value="MCS0NSS1"></item><item title="Bandwidth" value="20"></item><item title="Antenna" value="1"></item><item title="Channel" value="100"></item><item title="RfIcTemperature" value="46"></item><item title="CpuTemperature" value="60"></item><item title="ExpectedPower" value="16"></item><item title="EVM" Max="-5" Min="-100"></item><item title="FREQERR" Max="15" Min="-15"></item><item title="SYMCLOCKERR" Max="20" Min="-100"></item><item title="POWER" Max="17,5" Min="14,5" Avg="16"></item><item title="LOLEAKAGE" Max="-17" Min="-100"></item><item title="SPECTRUMMASK" Max="100" Min="0"></item><item title="SPECTRUMMARGIN" Max="1000" Min="0"></item></Criteria><Record><item title="Modulation" value="MCS0NSS1"></item><item title="Bandwidth" value="20"></item><item title="Channel" value="100"></item><item title="Antenna" value="1"></item><item title="ExpectedPower" value="16"></item><item title="Power" value="16"></item><item title="TestType" value="Tx"></item><item title="EVM" value="-18,4933" result="PASS"></item><item title="FREQERR" value="1,2793" result="PASS"></item><item title="SYMCLOCKERR" value="7,43265" result="PASS"></item><item title="POWER" value="14,8039" result="PASS"></item><item title="LOLEAKAGE" value="-37,6334" result="PASS"></item><item title="SPECTRUMMASK" value="12,9042" result="PASS"></item><item title="SPECTRUMMARGIN" value="12,9042" result="PASS"></item></Record><Criteria><item title="Modulation" value="MCS0NSS1"></item><item title="Bandwidth" value="20"></item><item title="Antenna" value="1"></item><item title="Channel" value="100"></item><item title="RfIcTemperature" value="46"></item><item title="CpuTemperature" value="60"></item><item title="ExpectedPower" value="17"></item><item title="EVM" Max="-5" Min="-100"></item><item title="FREQERR" Max="15" Min="-15"></item><item title="SYMCLOCKERR" Max="20" Min="-100"></item><item title="POWER" Max="18,5" Min="15,5" Avg="17"></item><item title="LOLEAKAGE" Max="-17" Min="-100"></item><item title="SPECTRUMMASK" Max="100" Min="0"></item><item title="SPECTRUMMARGIN" Max="1000" Min="0"></item></Criteria><Record><item title="Modulation" value="MCS0NSS1"></item><item title="Bandwidth" value="20"></item><item title="Channel" value="100"></item><item title="Antenna" value="1"></item><item title="ExpectedPower" value="17"></item><item title="Power" value="17"></item><item title="TestType" value="Tx"></item><item title="EVM" value="-20,5911" result="PASS"></item><item title="FREQERR" value="1,27689" result="PASS"></item><item title="SYMCLOCKERR" value="2,02315" result="PASS"></item><item title="POWER" value="15,9344" result="PASS"></item><item title="LOLEAKAGE" value="-37,6538" result="PASS"></item><item title="SPECTRUMMASK" value="12,853" result="PASS"></item><item title="SPECTRUMMARGIN" value="12,853" result="PASS"></item></Record><Criteria><item title="Modulation" value="MCS0NSS1"></item><item title="Bandwidth" value="20"></item><item title="Antenna" value="1"></item><item title="Channel" value="100"></item><item title="RfIcTemperature" value="46"></item><item title="CpuTemperature" value="60"></item><item title="ExpectedPower" value="18"></item><item title="EVM" Max="-5" Min="-100"></item><item title="FREQERR" Max="15" Min="-15"></item><item title="SYMCLOCKERR" Max="20" Min="-100"></item><item title="POWER" Max="19,5" Min="16,5" Avg="18"></item><item title="LOLEAKAGE" Max="-17" Min="-100"></item><item title="SPECTRUMMASK" Max="100" Min="0"></item><item title="SPECTRUMMARGIN" Max="1000" Min="0"></item></Criteria><Record><item title="Modulation" value="MCS0NSS1"></item><item title="Bandwidth" value="20"></item><item title="Channel" value="100"></item><item title="Antenna" value="1"></item><item title="ExpectedPower" value="18"></item><item title="Power" value="18"></item><item title="TestType" value="Tx"></item><item title="EVM" value="-18,3534" result="PASS"></item><item title="FREQERR" value="1,28331" result="PASS"></item><item title="SYMCLOCKERR" value="0,954202" result="PASS"></item><item title="POWER" value="16,7175" result="PASS"></item><item title="LOLEAKAGE" value="-43,4601" result="PASS"></item><item title="SPECTRUMMASK" value="11,1613" result="PASS"></item><item title="SPECTRUMMARGIN" value="11,1613" result="PASS"></item></Record><Criteria><item title="Modulation" value="MCS0NSS1"></item><item title="Bandwidth" value="20"></item><item title="Antenna" value="1"></item><item title="Channel" value="100"></item><item title="RfIcTemperature" value="46"></item><item title="CpuTemperature" value="60"></item><item title="ExpectedPower" value="19"></item><item title="EVM" Max="-5" Min="-100"></item><item title="FREQERR" Max="15" Min="-15"></item><item title="SYMCLOCKERR" Max="20" Min="-100"></item><item title="POWER" Max="20,5" Min="17,5" Avg="19"></item><item title="LOLEAKAGE" Max="-17" Min="-100"></item><item title="SPECTRUMMASK" Max="100" Min="0"></item><item title="SPECTRUMMARGIN" Max="1000" Min="0"></item></Criteria><Record><item title="Modulation" value="MCS0NSS1"></item><item title="Bandwidth" value="20"></item><item title="Channel" value="100"></item><item title="Antenna" value="1"></item><item title="ExpectedPower" value="19"></item><item title="Power" value="19"></item><item title="TestType" value="Tx"></item><item title="EVM" value="-18,0435" result="PASS"></item><item title="FREQERR" value="1,27486" result="PASS"></item><item title="SYMCLOCKERR" value="10,0768" result="PASS"></item><item title="POWER" value="17,9906" result="PASS"></item><item title="LOLEAKAGE" value="-42,1295" result="PASS"></item><item title="SPECTRUMMASK" value="11,9242" result="PASS"></item><item title="SPECTRUMMARGIN" value="11,9242" result="PASS"></item></Record><Criteria><item title="Modulation" value="MCS0NSS1"></item><item title="Bandwidth" value="20"></item><item title="Antenna" value="1"></item><item title="Channel" value="100"></item><item title="RfIcTemperature" value="46"></item><item title="CpuTemperature" value="60"></item><item title="ExpectedPower" value="20"></item><item title="EVM" Max="-5" Min="-100"></item><item title="FREQERR" Max="15" Min="-15"></item><item title="SYMCLOCKERR" Max="20" Min="-100"></item><item title="POWER" Max="21,5" Min="18,5" Avg="20"></item><item title="LOLEAKAGE" Max="-17" Min="-100"></item><item title="SPECTRUMMASK" Max="100" Min="0"></item><item title="SPECTRUMMARGIN" Max="1000" Min="0"></item></Criteria><Record><item title="Modulation" value="MCS0NSS1"></item><item title="Bandwidth" value="20"></item><item title="Channel" value="100"></item><item title="Antenna" value="1"></item><item title="ExpectedPower" value="20"></item><item title="Power" value="20"></item><item title="TestType" value="Tx"></item><item title="EVM" value="-19,8119" result="PASS"></item><item title="FREQERR" value="1,28381" result="PASS"></item><item title="SYMCLOCKERR" value="-3,33904" result="PASS"></item><item title="POWER" value="18,8747" result="PASS"></item><item title="LOLEAKAGE" value="-52,0038" result="PASS"></item><item title="SPECTRUMMASK" value="10,7307" result="PASS"></item><item title="SPECTRUMMARGIN" value="10,7307" result="PASS"></item></Record><Criteria><item title="Modulation" value="MCS0NSS1"></item><item title="Bandwidth" value="20"></item><item title="Antenna" value="1"></item><item title="Channel" value="100"></item><item title="RfIcTemperature" value="46"></item><item title="CpuTemperature" value="60"></item><item title="ExpectedPower" value="21"></item><item title="EVM" Max="-5" Min="-100"></item><item title="FREQERR" Max="15" Min="-15"></item><item title="SYMCLOCKERR" Max="20" Min="-100"></item><item title="POWER" Max="22,5" Min="19,5" Avg="21"></item><item title="LOLEAKAGE" Max="-17" Min="-100"></item><item title="SPECTRUMMASK" Max="100" Min="0"></item><item title="SPECTRUMMARGIN" Max="1000" Min="0"></item></Criteria><Record><item title="Modulation" value="MCS0NSS1"></item><item title="Bandwidth" value="20"></item><item title="Channel" value="100"></item><item title="Antenna" value="1"></item><item title="ExpectedPower" value="21"></item><item title="Power" value="21"></item><item title="TestType" value="Tx"></item><item title="EVM" value="-19,016" result="PASS"></item><item title="FREQERR" value="1,27644" result="PASS"></item><item title="SYMCLOCKERR" value="-1,86945" result="PASS"></item><item title="POWER" value="19,9805" result="PASS"></item><item title="LOLEAKAGE" value="-44,9753" result="PASS"></item><item title="SPECTRUMMASK" value="11,1295" result="PASS"></item><item title="SPECTRUMMARGIN" value="11,1295" result="PASS"></item></Record><Criteria><item title="Modulation" value="MCS0NSS1"></item><item title="Bandwidth" value="20"></item><item title="Antenna" value="1"></item><item title="Channel" value="100"></item><item title="RfIcTemperature" value="46"></item><item title="CpuTemperature" value="60"></item><item title="ExpectedPower" value="22"></item><item title="EVM" Max="-5" Min="-100"></item><item title="FREQERR" Max="15" Min="-15"></item><item title="SYMCLOCKERR" Max="20" Min="-100"></item><item title="POWER" Max="23,5" Min="20,5" Avg="22"></item><item title="LOLEAKAGE" Max="-17" Min="-100"></item><item title="SPECTRUMMASK" Max="100" Min="0"></item><item title="SPECTRUMMARGIN" Max="1000" Min="0"></item></Criteria><Record><item title="Modulation" value="MCS0NSS1"></item><item title="Bandwidth" value="20"></item><item title="Channel" value="100"></item><item title="Antenna" value="1"></item><item title="ExpectedPower" value="22"></item><item title="Power" value="22"></item><item title="TestType" value="Tx"></item><item title="EVM" value="-18,5089" result="PASS"></item><item title="FREQERR" value="1,27998" result="PASS"></item><item title="SYMCLOCKERR" value="-2,54175" result="PASS"></item><item title="POWER" value="20,9419" result="PASS"></item><item title="LOLEAKAGE" value="-57,4387" result="PASS"></item><item title="SPECTRUMMASK" value="8,55524" result="PASS"></item><item title="SPECTRUMMARGIN" value="8,55524" result="PASS"></item></Record><Criteria><item title="Modulation" value="MCS0NSS1"></item><item title="Bandwidth" value="20"></item><item title="Antenna" value="1"></item><item title="Channel" value="100"></item><item title="RfIcTemperature" value="46"></item><item title="CpuTemperature" value="60"></item><item title="ExpectedPower" value="23"></item><item title="EVM" Max="-5" Min="-100"></item><item title="FREQERR" Max="15" Min="-15"></item><item title="SYMCLOCKERR" Max="20" Min="-100"></item><item title="POWER" Max="24,5" Min="21,5" Avg="23"></item><item title="LOLEAKAGE" Max="-17" Min="-100"></item><item title="SPECTRUMMASK" Max="100" Min="0"></item><item title="SPECTRUMMARGIN" Max="1000" Min="0"></item></Criteria><Record><item title="Modulation" value="MCS0NSS1"></item><item title="Bandwidth" value="20"></item><item title="Channel" value="100"></item><item title="Antenna" value="1"></item><item title="ExpectedPower" value="23"></item><item title="Power" value="23"></item><item title="TestType" value="Tx"></item><item title="EVM" value="-20,1415" result="PASS"></item><item title="FREQERR" value="1,27708" result="PASS"></item><item title="SYMCLOCKERR" value="5,40612" result="PASS"></item><item title="POWER" value="21,786" result="PASS"></item><item title="LOLEAKAGE" value="-49,6566" result="PASS"></item><item title="SPECTRUMMASK" value="6,54321" result="PASS"></item><item title="SPECTRUMMARGIN" value="6,54321" result="PASS"></item></Record><Criteria><item title="Modulation" value="MCS0NSS1"></item><item title="Bandwidth" value="20"></item><item title="Antenna" value="1"></item><item title="Channel" value="100"></item><item title="RfIcTemperature" value="46"></item><item title="CpuTemperature" value="60"></item><item title="ExpectedPower" value="24"></item><item title="EVM" Max="-5" Min="-100"></item><item title="FREQERR" Max="15" Min="-15"></item><item title="SYMCLOCKERR" Max="20" Min="-100"></item><item title="POWER" Max="25,5" Min="22,5" Avg="24"></item><item title="LOLEAKAGE" Max="-17" Min="-100"></item><item title="SPECTRUMMASK" Max="100" Min="0"></item><item title="SPECTRUMMARGIN" Max="1000" Min="0"></item></Criteria><Record><item title="Modulation" value="MCS0NSS1"></item><item title="Bandwidth" value="20"></item><item title="Channel" value="100"></item><item title="Antenna" value="1"></item><item title="ExpectedPower" value="24"></item><item title="Power" value="24"></item><item title="TestType" value="Tx"></item><item title="EVM" value="-18,4012" result="PASS"></item><item title="FREQERR" value="1,27859" result="PASS"></item><item title="SYMCLOCKERR" value="-3,79961" result="PASS"></item><item title="POWER" value="22,6982" result="PASS"></item><item title="LOLEAKAGE" value="-54,821" result="PASS"></item><item title="SPECTRUMMASK" value="3,45394" result="PASS"></item><item title="SPECTRUMMARGIN" value="3,45394" result="PASS"></item></Record><Criteria><item title="Modulation" value="MCS0NSS1"></item><item title="Bandwidth" value="20"></item><item title="Antenna" value="1"></item><item title="Channel" value="100"></item><item title="RfIcTemperature" value="46"></item><item title="CpuTemperature" value="60"></item><item title="ExpectedPower" value="25"></item><item title="EVM" Max="-5" Min="-100"></item><item title="FREQERR" Max="15" Min="-15"></item><item title="SYMCLOCKERR" Max="20" Min="-100"></item><item title="POWER" Max="26,5" Min="23,5" Avg="25"></item><item title="LOLEAKAGE" Max="-17" Min="-100"></item><item title="SPECTRUMMASK" Max="100" Min="0"></item><item title="SPECTRUMMARGIN" Max="1000" Min="0"></item></Criteria><Record><item title="Modulation" value="MCS0NSS1"></item><item title="Bandwidth" value="20"></item><item title="Channel" value="100"></item><item title="Antenna" value="1"></item><item title="ExpectedPower" value="25"></item><item title="Power" value="25"></item><item title="TestType" value="Tx"></item><item title="EVM" value="-17,6103" result="PASS"></item><item title="FREQERR" value="1,28053" result="PASS"></item><item title="SYMCLOCKERR" value="-4,54412" result="PASS"></item><item title="POWER" value="23,4953" result="FAIL"></item><item title="LOLEAKAGE" value="-44,5859" result="PASS"></item><item title="SPECTRUMMASK" value="2,04866" result="PASS"></item><item title="SPECTRUMMARGIN" value="2,04866" result="PASS"></item></Record><Criteria><item title="Modulation" value="MCS0NSS1"></item><item title="Bandwidth" value="20"></item><item title="Antenna" value="2"></item><item title="Channel" value="100"></item><item title="RfIcTemperature" value="47"></item><item title="CpuTemperature" value="60"></item><item title="ExpectedPower" value="10"></item><item title="EVM" Max="-5" Min="-100"></item><item title="FREQERR" Max="15" Min="-15"></item><item title="SYMCLOCKERR" Max="20" Min="-100"></item><item title="POWER" Max="11,5" Min="8,5" Avg="10"></item><item title="LOLEAKAGE" Max="-17" Min="-100"></item><item title="SPECTRUMMASK" Max="100" Min="0"></item><item title="SPECTRUMMARGIN" Max="1000" Min="0"></item></Criteria><Record><item title="Modulation" value="MCS0NSS1"></item><item title="Bandwidth" value="20"></item><item title="Channel" value="100"></item><item title="Antenna" value="2"></item><item title="ExpectedPower" value="10"></item><item title="Power" value="10"></item><item title="TestType" value="Tx"></item><item title="EVM" value="-17,2195" result="PASS"></item><item title="FREQERR" value="1,28136" result="PASS"></item><item title="SYMCLOCKERR" value="-3,3753" result="PASS"></item><item title="POWER" value="9,18322" result="PASS"></item><item title="LOLEAKAGE" value="-29,5555" result="PASS"></item><item title="SPECTRUMMASK" value="11,7089" result="PASS"></item><item title="SPECTRUMMARGIN" value="11,7089" result="PASS"></item></Record><Criteria><item title="Modulation" value="MCS0NSS1"></item><item title="Bandwidth" value="20"></item><item title="Antenna" value="2"></item><item title="Channel" value="100"></item><item title="RfIcTemperature" value="47"></item><item title="CpuTemperature" value="60"></item><item title="ExpectedPower" value="11"></item><item title="EVM" Max="-5" Min="-100"></item><item title="FREQERR" Max="15" Min="-15"></item><item title="SYMCLOCKERR" Max="20" Min="-100"></item><item title="POWER" Max="12,5" Min="9,5" Avg="11"></item><item title="LOLEAKAGE" Max="-17" Min="-100"></item><item title="SPECTRUMMASK" Max="100" Min="0"></item><item title="SPECTRUMMARGIN" Max="1000" Min="0"></item></Criteria><Record><item title="Modulation" value="MCS0NSS1"></item><item title="Bandwidth" value="20"></item><item title="Channel" value="100"></item><item title="Antenna" value="2"></item><item title="ExpectedPower" value="11"></item><item title="Power" value="11"></item><item title="TestType" value="Tx"></item><item title="EVM" value="-20,8671" result="PASS"></item><item title="FREQERR" value="1,2766" result="PASS"></item><item title="SYMCLOCKERR" value="3,52145" result="PASS"></item><item title="POWER" value="10,4085" result="PASS"></item><item title="LOLEAKAGE" value="-32,0204" result="PASS"></item><item title="SPECTRUMMASK" value="11,4282" result="PASS"></item><item title="SPECTRUMMARGIN" value="11,4282" result="PASS"></item></Record><Criteria><item title="Modulation" value="MCS0NSS1"></item><item title="Bandwidth" value="20"></item><item title="Antenna" value="2"></item><item title="Channel" value="100"></item><item title="RfIcTemperature" value="47"></item><item title="CpuTemperature" value="60"></item><item title="ExpectedPower" value="12"></item><item title="EVM" Max="-5" Min="-100"></item><item title="FREQERR" Max="15" Min="-15"></item><item title="SYMCLOCKERR" Max="20" Min="-100"></item><item title="POWER" Max="13,5" Min="10,5" Avg="12"></item><item title="LOLEAKAGE" Max="-17" Min="-100"></item><item title="SPECTRUMMASK" Max="100" Min="0"></item><item title="SPECTRUMMARGIN" Max="1000" Min="0"></item></Criteria><Record><item title="Modulation" value="MCS0NSS1"></item><item title="Bandwidth" value="20"></item><item title="Channel" value="100"></item><item title="Antenna" value="2"></item><item title="ExpectedPower" value="12"></item><item title="Power" value="12"></item><item title="TestType" value="Tx"></item><item title="EVM" value="-18,8507" result="PASS"></item><item title="FREQERR" value="1,28405" result="PASS"></item><item title="SYMCLOCKERR" value="10,6634" result="PASS"></item><item title="POWER" value="11,443" result="PASS"></item><item title="LOLEAKAGE" value="-33,2953" result="PASS"></item><item title="SPECTRUMMASK" value="12,1887" result="PASS"></item><item title="SPECTRUMMARGIN" value="12,1887" result="PASS"></item></Record><Criteria><item title="Modulation" value="MCS0NSS1"></item><item title="Bandwidth" value="20"></item><item title="Antenna" value="2"></item><item title="Channel" value="100"></item><item title="RfIcTemperature" value="47"></item><item title="CpuTemperature" value="60"></item><item title="ExpectedPower" value="13"></item><item title="EVM" Max="-5" Min="-100"></item><item title="FREQERR" Max="15" Min="-15"></item><item title="SYMCLOCKERR" Max="20" Min="-100"></item><item title="POWER" Max="14,5" Min="11,5" Avg="13"></item><item title="LOLEAKAGE" Max="-17" Min="-100"></item><item title="SPECTRUMMASK" Max="100" Min="0"></item><item title="SPECTRUMMARGIN" Max="1000" Min="0"></item></Criteria><Record><item title="Modulation" value="MCS0NSS1"></item><item title="Bandwidth" value="20"></item><item title="Channel" value="100"></item><item title="Antenna" value="2"></item><item title="ExpectedPower" value="13"></item><item title="Power" value="13"></item><item title="TestType" value="Tx"></item><item title="EVM" value="-20,6792" result="PASS"></item><item title="FREQERR" value="1,28141" result="PASS"></item><item title="SYMCLOCKERR" value="-0,704894" result="PASS"></item><item title="POWER" value="12,3804" result="PASS"></item><item title="LOLEAKAGE" value="-34,2662" result="PASS"></item><item title="SPECTRUMMASK" value="11,3504" result="PASS"></item><item title="SPECTRUMMARGIN" value="11,3504" result="PASS"></item></Record><Criteria><item title="Modulation" value="MCS0NSS1"></item><item title="Bandwidth" value="20"></item><item title="Antenna" value="2"></item><item title="Channel" value="100"></item><item title="RfIcTemperature" value="47"></item><item title="CpuTemperature" value="60"></item><item title="ExpectedPower" value="14"></item><item title="EVM" Max="-5" Min="-100"></item><item title="FREQERR" Max="15" Min="-15"></item><item title="SYMCLOCKERR" Max="20" Min="-100"></item><item title="POWER" Max="15,5" Min="12,5" Avg="14"></item><item title="LOLEAKAGE" Max="-17" Min="-100"></item><item title="SPECTRUMMASK" Max="100" Min="0"></item><item title="SPECTRUMMARGIN" Max="1000" Min="0"></item></Criteria><Record><item title="Modulation" value="MCS0NSS1"></item><item title="Bandwidth" value="20"></item><item title="Channel" value="100"></item><item title="Antenna" value="2"></item><item title="ExpectedPower" value="14"></item><item title="Power" value="14"></item><item title="TestType" value="Tx"></item><item title="EVM" value="-21,4662" result="PASS"></item><item title="FREQERR" value="1,28265" result="PASS"></item><item title="SYMCLOCKERR" value="1,34382" result="PASS"></item><item title="POWER" value="13,2342" result="PASS"></item><item title="LOLEAKAGE" value="-35,9182" result="PASS"></item><item title="SPECTRUMMASK" value="12,4977" result="PASS"></item><item title="SPECTRUMMARGIN" value="12,4977" result="PASS"></item></Record><Criteria><item title="Modulation" value="MCS0NSS1"></item><item title="Bandwidth" value="20"></item><item title="Antenna" value="2"></item><item title="Channel" value="100"></item><item title="RfIcTemperature" value="47"></item><item title="CpuTemperature" value="60"></item><item title="ExpectedPower" value="15"></item><item title="EVM" Max="-5" Min="-100"></item><item title="FREQERR" Max="15" Min="-15"></item><item title="SYMCLOCKERR" Max="20" Min="-100"></item><item title="POWER" Max="16,5" Min="13,5" Avg="15"></item><item title="LOLEAKAGE" Max="-17" Min="-100"></item><item title="SPECTRUMMASK" Max="100" Min="0"></item><item title="SPECTRUMMARGIN" Max="1000" Min="0"></item></Criteria><Record><item title="Modulation" value="MCS0NSS1"></item><item title="Bandwidth" value="20"></item><item title="Channel" value="100"></item><item title="Antenna" value="2"></item><item title="ExpectedPower" value="15"></item><item title="Power" value="15"></item><item title="TestType" value="Tx"></item><item title="EVM" value="-18,599" result="PASS"></item><item title="FREQERR" value="1,28729" result="PASS"></item><item title="SYMCLOCKERR" value="0,89186" result="PASS"></item><item title="POWER" value="14,4039" result="PASS"></item><item title="LOLEAKAGE" value="-35,3121" result="PASS"></item><item title="SPECTRUMMASK" value="9,9739" result="PASS"></item><item title="SPECTRUMMARGIN" value="9,9739" result="PASS"></item></Record><Criteria><item title="Modulation" value="MCS0NSS1"></item><item title="Bandwidth" value="20"></item><item title="Antenna" value="2"></item><item title="Channel" value="100"></item><item title="RfIcTemperature" value="47"></item><item title="CpuTemperature" value="60"></item><item title="ExpectedPower" value="16"></item><item title="EVM" Max="-5" Min="-100"></item><item title="FREQERR" Max="15" Min="-15"></item><item title="SYMCLOCKERR" Max="20" Min="-100"></item><item title="POWER" Max="17,5" Min="14,5" Avg="16"></item><item title="LOLEAKAGE" Max="-17" Min="-100"></item><item title="SPECTRUMMASK" Max="100" Min="0"></item><item title="SPECTRUMMARGIN" Max="1000" Min="0"></item></Criteria><Record><item title="Modulation" value="MCS0NSS1"></item><item title="Bandwidth" value="20"></item><item title="Channel" value="100"></item><item title="Antenna" value="2"></item><item title="ExpectedPower" value="16"></item><item title="Power" value="16"></item><item title="TestType" value="Tx"></item><item title="EVM" value="-19,5" result="PASS"></item><item title="FREQERR" value="1,28403" result="PASS"></item><item title="SYMCLOCKERR" value="2,33713" result="PASS"></item><item title="POWER" value="15,3515" result="PASS"></item><item title="LOLEAKAGE" value="-36,8998" result="PASS"></item><item title="SPECTRUMMASK" value="12,2589" result="PASS"></item><item title="SPECTRUMMARGIN" value="12,2589" result="PASS"></item></Record><Criteria><item title="Modulation" value="MCS0NSS1"></item><item title="Bandwidth" value="20"></item><item title="Antenna" value="2"></item><item title="Channel" value="100"></item><item title="RfIcTemperature" value="47"></item><item title="CpuTemperature" value="60"></item><item title="ExpectedPower" value="17"></item><item title="EVM" Max="-5" Min="-100"></item><item title="FREQERR" Max="15" Min="-15"></item><item title="SYMCLOCKERR" Max="20" Min="-100"></item><item title="POWER" Max="18,5" Min="15,5" Avg="17"></item><item title="LOLEAKAGE" Max="-17" Min="-100"></item><item title="SPECTRUMMASK" Max="100" Min="0"></item><item title="SPECTRUMMARGIN" Max="1000" Min="0"></item></Criteria><Record><item title="Modulation" value="MCS0NSS1"></item><item title="Bandwidth" value="20"></item><item title="Channel" value="100"></item><item title="Antenna" value="2"></item><item title="ExpectedPower" value="17"></item><item title="Power" value="17"></item><item title="TestType" value="Tx"></item><item title="EVM" value="-20,9508" result="PASS"></item><item title="FREQERR" value="1,28713" result="PASS"></item><item title="SYMCLOCKERR" value="8,23275" result="PASS"></item><item title="POWER" value="16,5348" result="PASS"></item><item title="LOLEAKAGE" value="-41,6677" result="PASS"></item><item title="SPECTRUMMASK" value="13,0765" result="PASS"></item><item title="SPECTRUMMARGIN" value="13,0765" result="PASS"></item></Record><Criteria><item title="Modulation" value="MCS0NSS1"></item><item title="Bandwidth" value="20"></item><item title="Antenna" value="2"></item><item title="Channel" value="100"></item><item title="RfIcTemperature" value="47"></item><item title="CpuTemperature" value="60"></item><item title="ExpectedPower" value="18"></item><item title="EVM" Max="-5" Min="-100"></item><item title="FREQERR" Max="15" Min="-15"></item><item title="SYMCLOCKERR" Max="20" Min="-100"></item><item title="POWER" Max="19,5" Min="16,5" Avg="18"></item><item title="LOLEAKAGE" Max="-17" Min="-100"></item><item title="SPECTRUMMASK" Max="100" Min="0"></item><item title="SPECTRUMMARGIN" Max="1000" Min="0"></item></Criteria><Record><item title="Modulation" value="MCS0NSS1"></item><item title="Bandwidth" value="20"></item><item title="Channel" value="100"></item><item title="Antenna" value="2"></item><item title="ExpectedPower" value="18"></item><item title="Power" value="18"></item><item title="TestType" value="Tx"></item><item title="EVM" value="-18,975" result="PASS"></item><item title="FREQERR" value="1,28185" result="PASS"></item><item title="SYMCLOCKERR" value="0,203098" result="PASS"></item><item title="POWER" value="17,2883" result="PASS"></item><item title="LOLEAKAGE" value="-43,5764" result="PASS"></item><item title="SPECTRUMMASK" value="11,2471" result="PASS"></item><item title="SPECTRUMMARGIN" value="11,2471" result="PASS"></item></Record><Criteria><item title="Modulation" value="MCS0NSS1"></item><item title="Bandwidth" value="20"></item><item title="Antenna" value="2"></item><item title="Channel" value="100"></item><item title="RfIcTemperature" value="47"></item><item title="CpuTemperature" value="60"></item><item title="ExpectedPower" value="19"></item><item title="EVM" Max="-5" Min="-100"></item><item title="FREQERR" Max="15" Min="-15"></item><item title="SYMCLOCKERR" Max="20" Min="-100"></item><item title="POWER" Max="20,5" Min="17,5" Avg="19"></item><item title="LOLEAKAGE" Max="-17" Min="-100"></item><item title="SPECTRUMMASK" Max="100" Min="0"></item><item title="SPECTRUMMARGIN" Max="1000" Min="0"></item></Criteria><Record><item title="Modulation" value="MCS0NSS1"></item><item title="Bandwidth" value="20"></item><item title="Channel" value="100"></item><item title="Antenna" value="2"></item><item title="ExpectedPower" value="19"></item><item title="Power" value="19"></item><item title="TestType" value="Tx"></item><item title="EVM" value="-19,8722" result="PASS"></item><item title="FREQERR" value="1,27974" result="PASS"></item><item title="SYMCLOCKERR" value="-2,35496" result="PASS"></item><item title="POWER" value="18,3597" result="PASS"></item><item title="LOLEAKAGE" value="-48,4886" result="PASS"></item><item title="SPECTRUMMASK" value="12,4373" result="PASS"></item><item title="SPECTRUMMARGIN" value="12,4373" result="PASS"></item></Record><Criteria><item title="Modulation" value="MCS0NSS1"></item><item title="Bandwidth" value="20"></item><item title="Antenna" value="2"></item><item title="Channel" value="100"></item><item title="RfIcTemperature" value="47"></item><item title="CpuTemperature" value="60"></item><item title="ExpectedPower" value="20"></item><item title="EVM" Max="-5" Min="-100"></item><item title="FREQERR" Max="15" Min="-15"></item><item title="SYMCLOCKERR" Max="20" Min="-100"></item><item title="POWER" Max="21,5" Min="18,5" Avg="20"></item><item title="LOLEAKAGE" Max="-17" Min="-100"></item><item title="SPECTRUMMASK" Max="100" Min="0"></item><item title="SPECTRUMMARGIN" Max="1000" Min="0"></item></Criteria><Record><item title="Modulation" value="MCS0NSS1"></item><item title="Bandwidth" value="20"></item><item title="Channel" value="100"></item><item title="Antenna" value="2"></item><item title="ExpectedPower" value="20"></item><item title="Power" value="20"></item><item title="TestType" value="Tx"></item><item title="EVM" value="-19,5945" result="PASS"></item><item title="FREQERR" value="1,28489" result="PASS"></item><item title="SYMCLOCKERR" value="5,44293" result="PASS"></item><item title="POWER" value="19,3486" result="PASS"></item><item title="LOLEAKAGE" value="-48,9868" result="PASS"></item><item title="SPECTRUMMASK" value="10,418" result="PASS"></item><item title="SPECTRUMMARGIN" value="10,418" result="PASS"></item></Record><Criteria><item title="Modulation" value="MCS0NSS1"></item><item title="Bandwidth" value="20"></item><item title="Antenna" value="2"></item><item title="Channel" value="100"></item><item title="RfIcTemperature" value="47"></item><item title="CpuTemperature" value="60"></item><item title="ExpectedPower" value="21"></item><item title="EVM" Max="-5" Min="-100"></item><item title="FREQERR" Max="15" Min="-15"></item><item title="SYMCLOCKERR" Max="20" Min="-100"></item><item title="POWER" Max="22,5" Min="19,5" Avg="21"></item><item title="LOLEAKAGE" Max="-17" Min="-100"></item><item title="SPECTRUMMASK" Max="100" Min="0"></item><item title="SPECTRUMMARGIN" Max="1000" Min="0"></item></Criteria><Record><item title="Modulation" value="MCS0NSS1"></item><item title="Bandwidth" value="20"></item><item title="Channel" value="100"></item><item title="Antenna" value="2"></item><item title="ExpectedPower" value="21"></item><item title="Power" value="21"></item><item title="TestType" value="Tx"></item><item title="EVM" value="-18,0564" result="PASS"></item><item title="FREQERR" value="1,28428" result="PASS"></item><item title="SYMCLOCKERR" value="6,78841" result="PASS"></item><item title="POWER" value="20,4657" result="PASS"></item><item title="LOLEAKAGE" value="-52,3457" result="PASS"></item><item title="SPECTRUMMASK" value="12,0221" result="PASS"></item><item title="SPECTRUMMARGIN" value="12,0221" result="PASS"></item></Record><Criteria><item title="Modulation" value="MCS0NSS1"></item><item title="Bandwidth" value="20"></item><item title="Antenna" value="2"></item><item title="Channel" value="100"></item><item title="RfIcTemperature" value="47"></item><item title="CpuTemperature" value="60"></item><item title="ExpectedPower" value="22"></item><item title="EVM" Max="-5" Min="-100"></item><item title="FREQERR" Max="15" Min="-15"></item><item title="SYMCLOCKERR" Max="20" Min="-100"></item><item title="POWER" Max="23,5" Min="20,5" Avg="22"></item><item title="LOLEAKAGE" Max="-17" Min="-100"></item><item title="SPECTRUMMASK" Max="100" Min="0"></item><item title="SPECTRUMMARGIN" Max="1000" Min="0"></item></Criteria><Record><item title="Modulation" value="MCS0NSS1"></item><item title="Bandwidth" value="20"></item><item title="Channel" value="100"></item><item title="Antenna" value="2"></item><item title="ExpectedPower" value="22"></item><item title="Power" value="22"></item><item title="TestType" value="Tx"></item><item title="EVM" value="-18,6272" result="PASS"></item><item title="FREQERR" value="1,27424" result="PASS"></item><item title="SYMCLOCKERR" value="6,61547" result="PASS"></item><item title="POWER" value="21,24" result="PASS"></item><item title="LOLEAKAGE" value="-58,2064" result="PASS"></item><item title="SPECTRUMMASK" value="11,3998" result="PASS"></item><item title="SPECTRUMMARGIN" value="11,3998" result="PASS"></item></Record><Criteria><item title="Modulation" value="MCS0NSS1"></item><item title="Bandwidth" value="20"></item><item title="Antenna" value="2"></item><item title="Channel" value="100"></item><item title="RfIcTemperature" value="47"></item><item title="CpuTemperature" value="60"></item><item title="ExpectedPower" value="23"></item><item title="EVM" Max="-5" Min="-100"></item><item title="FREQERR" Max="15" Min="-15"></item><item title="SYMCLOCKERR" Max="20" Min="-100"></item><item title="POWER" Max="24,5" Min="21,5" Avg="23"></item><item title="LOLEAKAGE" Max="-17" Min="-100"></item><item title="SPECTRUMMASK" Max="100" Min="0"></item><item title="SPECTRUMMARGIN" Max="1000" Min="0"></item></Criteria><Record><item title="Modulation" value="MCS0NSS1"></item><item title="Bandwidth" value="20"></item><item title="Channel" value="100"></item><item title="Antenna" value="2"></item><item title="ExpectedPower" value="23"></item><item title="Power" value="23"></item><item title="TestType" value="Tx"></item><item title="EVM" value="-18,4571" result="PASS"></item><item title="FREQERR" value="1,28064" result="PASS"></item><item title="SYMCLOCKERR" value="-2,89406" result="PASS"></item><item title="POWER" value="22,3704" result="PASS"></item><item title="LOLEAKAGE" value="-54,3343" result="PASS"></item><item title="SPECTRUMMASK" value="9,30039" result="PASS"></item><item title="SPECTRUMMARGIN" value="9,30039" result="PASS"></item></Record><Criteria><item title="Modulation" value="MCS0NSS1"></item><item title="Bandwidth" value="20"></item><item title="Antenna" value="2"></item><item title="Channel" value="100"></item><item title="RfIcTemperature" value="47"></item><item title="CpuTemperature" value="60"></item><item title="ExpectedPower" value="24"></item><item title="EVM" Max="-5" Min="-100"></item><item title="FREQERR" Max="15" Min="-15"></item><item title="SYMCLOCKERR" Max="20" Min="-100"></item><item title="POWER" Max="25,5" Min="22,5" Avg="24"></item><item title="LOLEAKAGE" Max="-17" Min="-100"></item><item title="SPECTRUMMASK" Max="100" Min="0"></item><item title="SPECTRUMMARGIN" Max="1000" Min="0"></item></Criteria><Record><item title="Modulation" value="MCS0NSS1"></item><item title="Bandwidth" value="20"></item><item title="Channel" value="100"></item><item title="Antenna" value="2"></item><item title="ExpectedPower" value="24"></item><item title="Power" value="24"></item><item title="TestType" value="Tx"></item><item title="EVM" value="-19,9641" result="PASS"></item><item title="FREQERR" value="1,27851" result="PASS"></item><item title="SYMCLOCKERR" value="5,52101" result="PASS"></item><item title="POWER" value="23,4021" result="PASS"></item><item title="LOLEAKAGE" value="-45,8136" result="PASS"></item><item title="SPECTRUMMASK" value="6,42747" result="PASS"></item><item title="SPECTRUMMARGIN" value="6,42747" result="PASS"></item></Record><Criteria><item title="Modulation" value="MCS0NSS1"></item><item title="Bandwidth" value="20"></item><item title="Antenna" value="2"></item><item title="Channel" value="100"></item><item title="RfIcTemperature" value="47"></item><item title="CpuTemperature" value="60"></item><item title="ExpectedPower" value="25"></item><item title="EVM" Max="-5" Min="-100"></item><item title="FREQERR" Max="15" Min="-15"></item><item title="SYMCLOCKERR" Max="20" Min="-100"></item><item title="POWER" Max="26,5" Min="23,5" Avg="25"></item><item title="LOLEAKAGE" Max="-17" Min="-100"></item><item title="SPECTRUMMASK" Max="100" Min="0"></item><item title="SPECTRUMMARGIN" Max="1000" Min="0"></item></Criteria><Record><item title="Modulation" value="MCS0NSS1"></item><item title="Bandwidth" value="20"></item><item title="Channel" value="100"></item><item title="Antenna" value="2"></item><item title="ExpectedPower" value="25"></item><item title="Power" value="25"></item><item title="TestType" value="Tx"></item><item title="EVM" value="-18,5591" result="PASS"></item><item title="FREQERR" value="1,2768" result="PASS"></item><item title="SYMCLOCKERR" value="0,95776" result="PASS"></item><item title="POWER" value="24,17" result="PASS"></item><item title="LOLEAKAGE" value="-43,4499" result="PASS"></item><item title="SPECTRUMMASK" value="4,89279" result="PASS"></item><item title="SPECTRUMMARGIN" value="4,89279" result="PASS"></item></Record><Criteria><item title="Modulation" value="MCS0NSS1"></item><item title="Bandwidth" value="20"></item><item title="Antenna" value="3"></item><item title="Channel" value="100"></item><item title="RfIcTemperature" value="46"></item><item title="CpuTemperature" value="60"></item><item title="ExpectedPower" value="10"></item><item title="EVM" Max="-5" Min="-100"></item><item title="FREQERR" Max="15" Min="-15"></item><item title="SYMCLOCKERR" Max="20" Min="-100"></item><item title="POWER" Max="11,5" Min="8,5" Avg="10"></item><item title="LOLEAKAGE" Max="-17" Min="-100"></item><item title="SPECTRUMMASK" Max="100" Min="0"></item><item title="SPECTRUMMARGIN" Max="1000" Min="0"></item></Criteria><Record><item title="Modulation" value="MCS0NSS1"></item><item title="Bandwidth" value="20"></item><item title="Channel" value="100"></item><item title="Antenna" value="3"></item><item title="ExpectedPower" value="10"></item><item title="Power" value="10"></item><item title="TestType" value="Tx"></item><item title="EVM" value="-23,0701" result="PASS"></item><item title="FREQERR" value="1,27036" result="PASS"></item><item title="SYMCLOCKERR" value="0,940062" result="PASS"></item><item title="POWER" value="8,06925" result="FAIL"></item><item title="LOLEAKAGE" value="-28,2724" result="PASS"></item><item title="SPECTRUMMASK" value="11,6093" result="PASS"></item><item title="SPECTRUMMARGIN" value="11,6093" result="PASS"></item></Record><Criteria><item title="Modulation" value="MCS0NSS1"></item><item title="Bandwidth" value="20"></item><item title="Antenna" value="3"></item><item title="Channel" value="100"></item><item title="RfIcTemperature" value="46"></item><item title="CpuTemperature" value="60"></item><item title="ExpectedPower" value="11"></item><item title="EVM" Max="-5" Min="-100"></item><item title="FREQERR" Max="15" Min="-15"></item><item title="SYMCLOCKERR" Max="20" Min="-100"></item><item title="POWER" Max="12,5" Min="9,5" Avg="11"></item><item title="LOLEAKAGE" Max="-17" Min="-100"></item><item title="SPECTRUMMASK" Max="100" Min="0"></item><item title="SPECTRUMMARGIN" Max="1000" Min="0"></item></Criteria><Record><item title="Modulation" value="MCS0NSS1"></item><item title="Bandwidth" value="20"></item><item title="Channel" value="100"></item><item title="Antenna" value="3"></item><item title="ExpectedPower" value="11"></item><item title="Power" value="11"></item><item title="TestType" value="Tx"></item><item title="EVM" value="-18,6108" result="PASS"></item><item title="FREQERR" value="1,27795" result="PASS"></item><item title="SYMCLOCKERR" value="5,45358" result="PASS"></item><item title="POWER" value="9,52846" result="PASS"></item><item title="LOLEAKAGE" value="-28,2654" result="PASS"></item><item title="SPECTRUMMASK" value="10,8739" result="PASS"></item><item title="SPECTRUMMARGIN" value="10,8739" result="PASS"></item></Record><Criteria><item title="Modulation" value="MCS0NSS1"></item><item title="Bandwidth" value="20"></item><item title="Antenna" value="3"></item><item title="Channel" value="100"></item><item title="RfIcTemperature" value="46"></item><item title="CpuTemperature" value="60"></item><item title="ExpectedPower" value="12"></item><item title="EVM" Max="-5" Min="-100"></item><item title="FREQERR" Max="15" Min="-15"></item><item title="SYMCLOCKERR" Max="20" Min="-100"></item><item title="POWER" Max="13,5" Min="10,5" Avg="12"></item><item title="LOLEAKAGE" Max="-17" Min="-100"></item><item title="SPECTRUMMASK" Max="100" Min="0"></item><item title="SPECTRUMMARGIN" Max="1000" Min="0"></item></Criteria><Record><item title="Modulation" value="MCS0NSS1"></item><item title="Bandwidth" value="20"></item><item title="Channel" value="100"></item><item title="Antenna" value="3"></item><item title="ExpectedPower" value="12"></item><item title="Power" value="12"></item><item title="TestType" value="Tx"></item><item title="EVM" value="-19,241" result="PASS"></item><item title="FREQERR" value="1,2824" result="PASS"></item><item title="SYMCLOCKERR" value="4,49363" result="PASS"></item><item title="POWER" value="10,8782" result="PASS"></item><item title="LOLEAKAGE" value="-28,7956" result="PASS"></item><item title="SPECTRUMMASK" value="12,6266" result="PASS"></item><item title="SPECTRUMMARGIN" value="12,6266" result="PASS"></item></Record><Criteria><item title="Modulation" value="MCS0NSS1"></item><item title="Bandwidth" value="20"></item><item title="Antenna" value="3"></item><item title="Channel" value="100"></item><item title="RfIcTemperature" value="46"></item><item title="CpuTemperature" value="60"></item><item title="ExpectedPower" value="13"></item><item title="EVM" Max="-5" Min="-100"></item><item title="FREQERR" Max="15" Min="-15"></item><item title="SYMCLOCKERR" Max="20" Min="-100"></item><item title="POWER" Max="14,5" Min="11,5" Avg="13"></item><item title="LOLEAKAGE" Max="-17" Min="-100"></item><item title="SPECTRUMMASK" Max="100" Min="0"></item><item title="SPECTRUMMARGIN" Max="1000" Min="0"></item></Criteria><Record><item title="Modulation" value="MCS0NSS1"></item><item title="Bandwidth" value="20"></item><item title="Channel" value="100"></item><item title="Antenna" value="3"></item><item title="ExpectedPower" value="13"></item><item title="Power" value="13"></item><item title="TestType" value="Tx"></item><item title="EVM" value="-20,0112" result="PASS"></item><item title="FREQERR" value="1,28352" result="PASS"></item><item title="SYMCLOCKERR" value="8,08049" result="PASS"></item><item title="POWER" value="11,7792" result="PASS"></item><item title="LOLEAKAGE" value="-28,5314" result="PASS"></item><item title="SPECTRUMMASK" value="10,5006" result="PASS"></item><item title="SPECTRUMMARGIN" value="10,5006" result="PASS"></item></Record><Criteria><item title="Modulation" value="MCS0NSS1"></item><item title="Bandwidth" value="20"></item><item title="Antenna" value="3"></item><item title="Channel" value="100"></item><item title="RfIcTemperature" value="46"></item><item title="CpuTemperature" value="60"></item><item title="ExpectedPower" value="14"></item><item title="EVM" Max="-5" Min="-100"></item><item title="FREQERR" Max="15" Min="-15"></item><item title="SYMCLOCKERR" Max="20" Min="-100"></item><item title="POWER" Max="15,5" Min="12,5" Avg="14"></item><item title="LOLEAKAGE" Max="-17" Min="-100"></item><item title="SPECTRUMMASK" Max="100" Min="0"></item><item title="SPECTRUMMARGIN" Max="1000" Min="0"></item></Criteria><Record><item title="Modulation" value="MCS0NSS1"></item><item title="Bandwidth" value="20"></item><item title="Channel" value="100"></item><item title="Antenna" value="3"></item><item title="ExpectedPower" value="14"></item><item title="Power" value="14"></item><item title="TestType" value="Tx"></item><item title="EVM" value="-20,3657" result="PASS"></item><item title="FREQERR" value="1,28791" result="PASS"></item><item title="SYMCLOCKERR" value="-2,20876" result="PASS"></item><item title="POWER" value="13,2435" result="PASS"></item><item title="LOLEAKAGE" value="-30,4374" result="PASS"></item><item title="SPECTRUMMASK" value="12,5216" result="PASS"></item><item title="SPECTRUMMARGIN" value="12,5216" result="PASS"></item></Record><Criteria><item title="Modulation" value="MCS0NSS1"></item><item title="Bandwidth" value="20"></item><item title="Antenna" value="3"></item><item title="Channel" value="100"></item><item title="RfIcTemperature" value="46"></item><item title="CpuTemperature" value="60"></item><item title="ExpectedPower" value="15"></item><item title="EVM" Max="-5" Min="-100"></item><item title="FREQERR" Max="15" Min="-15"></item><item title="SYMCLOCKERR" Max="20" Min="-100"></item><item title="POWER" Max="16,5" Min="13,5" Avg="15"></item><item title="LOLEAKAGE" Max="-17" Min="-100"></item><item title="SPECTRUMMASK" Max="100" Min="0"></item><item title="SPECTRUMMARGIN" Max="1000" Min="0"></item></Criteria><Record><item title="Modulation" value="MCS0NSS1"></item><item title="Bandwidth" value="20"></item><item title="Channel" value="100"></item><item title="Antenna" value="3"></item><item title="ExpectedPower" value="15"></item><item title="Power" value="15"></item><item title="TestType" value="Tx"></item><item title="EVM" value="-19,1854" result="PASS"></item><item title="FREQERR" value="1,28519" result="PASS"></item><item title="SYMCLOCKERR" value="6,36402" result="PASS"></item><item title="POWER" value="14,1567" result="PASS"></item><item title="LOLEAKAGE" value="-33,9226" result="PASS"></item><item title="SPECTRUMMASK" value="11,3219" result="PASS"></item><item title="SPECTRUMMARGIN" value="11,3219" result="PASS"></item></Record><Criteria><item title="Modulation" value="MCS0NSS1"></item><item title="Bandwidth" value="20"></item><item title="Antenna" value="3"></item><item title="Channel" value="100"></item><item title="RfIcTemperature" value="46"></item><item title="CpuTemperature" value="60"></item><item title="ExpectedPower" value="16"></item><item title="EVM" Max="-5" Min="-100"></item><item title="FREQERR" Max="15" Min="-15"></item><item title="SYMCLOCKERR" Max="20" Min="-100"></item><item title="POWER" Max="17,5" Min="14,5" Avg="16"></item><item title="LOLEAKAGE" Max="-17" Min="-100"></item><item title="SPECTRUMMASK" Max="100" Min="0"></item><item title="SPECTRUMMARGIN" Max="1000" Min="0"></item></Criteria><Record><item title="Modulation" value="MCS0NSS1"></item><item title="Bandwidth" value="20"></item><item title="Channel" value="100"></item><item title="Antenna" value="3"></item><item title="ExpectedPower" value="16"></item><item title="Power" value="16"></item><item title="TestType" value="Tx"></item><item title="EVM" value="-18,3411" result="PASS"></item><item title="FREQERR" value="1,2867" result="PASS"></item><item title="SYMCLOCKERR" value="12,0216" result="PASS"></item><item title="POWER" value="15,2021" result="PASS"></item><item title="LOLEAKAGE" value="-35,2224" result="PASS"></item><item title="SPECTRUMMASK" value="12,0722" result="PASS"></item><item title="SPECTRUMMARGIN" value="12,0722" result="PASS"></item></Record><Criteria><item title="Modulation" value="MCS0NSS1"></item><item title="Bandwidth" value="20"></item><item title="Antenna" value="3"></item><item title="Channel" value="100"></item><item title="RfIcTemperature" value="46"></item><item title="CpuTemperature" value="60"></item><item title="ExpectedPower" value="17"></item><item title="EVM" Max="-5" Min="-100"></item><item title="FREQERR" Max="15" Min="-15"></item><item title="SYMCLOCKERR" Max="20" Min="-100"></item><item title="POWER" Max="18,5" Min="15,5" Avg="17"></item><item title="LOLEAKAGE" Max="-17" Min="-100"></item><item title="SPECTRUMMASK" Max="100" Min="0"></item><item title="SPECTRUMMARGIN" Max="1000" Min="0"></item></Criteria><Record><item title="Modulation" value="MCS0NSS1"></item><item title="Bandwidth" value="20"></item><item title="Channel" value="100"></item><item title="Antenna" value="3"></item><item title="ExpectedPower" value="17"></item><item title="Power" value="17"></item><item title="TestType" value="Tx"></item><item title="EVM" value="-18,9456" result="PASS"></item><item title="FREQERR" value="1,28337" result="PASS"></item><item title="SYMCLOCKERR" value="3,32638" result="PASS"></item><item title="POWER" value="16,3841" result="PASS"></item><item title="LOLEAKAGE" value="-34,6493" result="PASS"></item><item title="SPECTRUMMASK" value="12,5094" result="PASS"></item><item title="SPECTRUMMARGIN" value="12,5094" result="PASS"></item></Record><Criteria><item title="Modulation" value="MCS0NSS1"></item><item title="Bandwidth" value="20"></item><item title="Antenna" value="3"></item><item title="Channel" value="100"></item><item title="RfIcTemperature" value="46"></item><item title="CpuTemperature" value="60"></item><item title="ExpectedPower" value="18"></item><item title="EVM" Max="-5" Min="-100"></item><item title="FREQERR" Max="15" Min="-15"></item><item title="SYMCLOCKERR" Max="20" Min="-100"></item><item title="POWER" Max="19,5" Min="16,5" Avg="18"></item><item title="LOLEAKAGE" Max="-17" Min="-100"></item><item title="SPECTRUMMASK" Max="100" Min="0"></item><item title="SPECTRUMMARGIN" Max="1000" Min="0"></item></Criteria><Record><item title="Modulation" value="MCS0NSS1"></item><item title="Bandwidth" value="20"></item><item title="Channel" value="100"></item><item title="Antenna" value="3"></item><item title="ExpectedPower" value="18"></item><item title="Power" value="18"></item><item title="TestType" value="Tx"></item><item title="EVM" value="-18,4371" result="PASS"></item><item title="FREQERR" value="1,29124" result="PASS"></item><item title="SYMCLOCKERR" value="-1,42121" result="PASS"></item><item title="POWER" value="17,8305" result="PASS"></item><item title="LOLEAKAGE" value="-39,6085" result="PASS"></item><item title="SPECTRUMMASK" value="11,3709" result="PASS"></item><item title="SPECTRUMMARGIN" value="11,3709" result="PASS"></item></Record><Criteria><item title="Modulation" value="MCS0NSS1"></item><item title="Bandwidth" value="20"></item><item title="Antenna" value="3"></item><item title="Channel" value="100"></item><item title="RfIcTemperature" value="46"></item><item title="CpuTemperature" value="60"></item><item title="ExpectedPower" value="19"></item><item title="EVM" Max="-5" Min="-100"></item><item title="FREQERR" Max="15" Min="-15"></item><item title="SYMCLOCKERR" Max="20" Min="-100"></item><item title="POWER" Max="20,5" Min="17,5" Avg="19"></item><item title="LOLEAKAGE" Max="-17" Min="-100"></item><item title="SPECTRUMMASK" Max="100" Min="0"></item><item title="SPECTRUMMARGIN" Max="1000" Min="0"></item></Criteria><Record><item title="Modulation" value="MCS0NSS1"></item><item title="Bandwidth" value="20"></item><item title="Channel" value="100"></item><item title="Antenna" value="3"></item><item title="ExpectedPower" value="19"></item><item title="Power" value="19"></item><item title="TestType" value="Tx"></item><item title="EVM" value="-20,1749" result="PASS"></item><item title="FREQERR" value="1,29211" result="PASS"></item><item title="SYMCLOCKERR" value="12,8582" result="PASS"></item><item title="POWER" value="18,3676" result="PASS"></item><item title="LOLEAKAGE" value="-44,7785" result="PASS"></item><item title="SPECTRUMMASK" value="12,2135" result="PASS"></item><item title="SPECTRUMMARGIN" value="12,2135" result="PASS"></item></Record><Criteria><item title="Modulation" value="MCS0NSS1"></item><item title="Bandwidth" value="20"></item><item title="Antenna" value="3"></item><item title="Channel" value="100"></item><item title="RfIcTemperature" value="46"></item><item title="CpuTemperature" value="60"></item><item title="ExpectedPower" value="20"></item><item title="EVM" Max="-5" Min="-100"></item><item title="FREQERR" Max="15" Min="-15"></item><item title="SYMCLOCKERR" Max="20" Min="-100"></item><item title="POWER" Max="21,5" Min="18,5" Avg="20"></item><item title="LOLEAKAGE" Max="-17" Min="-100"></item><item title="SPECTRUMMASK" Max="100" Min="0"></item><item title="SPECTRUMMARGIN" Max="1000" Min="0"></item></Criteria><Record><item title="Modulation" value="MCS0NSS1"></item><item title="Bandwidth" value="20"></item><item title="Channel" value="100"></item><item title="Antenna" value="3"></item><item title="ExpectedPower" value="20"></item><item title="Power" value="20"></item><item title="TestType" value="Tx"></item><item title="EVM" value="-18,418" result="PASS"></item><item title="FREQERR" value="1,28803" result="PASS"></item><item title="SYMCLOCKERR" value="-5,09906" result="PASS"></item><item title="POWER" value="18,9581" result="PASS"></item><item title="LOLEAKAGE" value="-43,7016" result="PASS"></item><item title="SPECTRUMMASK" value="11,6916" result="PASS"></item><item title="SPECTRUMMARGIN" value="11,6916" result="PASS"></item></Record><Criteria><item title="Modulation" value="MCS0NSS1"></item><item title="Bandwidth" value="20"></item><item title="Antenna" value="3"></item><item title="Channel" value="100"></item><item title="RfIcTemperature" value="46"></item><item title="CpuTemperature" value="60"></item><item title="ExpectedPower" value="21"></item><item title="EVM" Max="-5" Min="-100"></item><item title="FREQERR" Max="15" Min="-15"></item><item title="SYMCLOCKERR" Max="20" Min="-100"></item><item title="POWER" Max="22,5" Min="19,5" Avg="21"></item><item title="LOLEAKAGE" Max="-17" Min="-100"></item><item title="SPECTRUMMASK" Max="100" Min="0"></item><item title="SPECTRUMMARGIN" Max="1000" Min="0"></item></Criteria><Record><item title="Modulation" value="MCS0NSS1"></item><item title="Bandwidth" value="20"></item><item title="Channel" value="100"></item><item title="Antenna" value="3"></item><item title="ExpectedPower" value="21"></item><item title="Power" value="21"></item><item title="TestType" value="Tx"></item><item title="EVM" value="-19,6574" result="PASS"></item><item title="FREQERR" value="1,28259" result="PASS"></item><item title="SYMCLOCKERR" value="4,72458" result="PASS"></item><item title="POWER" value="20,0748" result="PASS"></item><item title="LOLEAKAGE" value="-47,2015" result="PASS"></item><item title="SPECTRUMMASK" value="12,2353" result="PASS"></item><item title="SPECTRUMMARGIN" value="12,2353" result="PASS"></item></Record><Criteria><item title="Modulation" value="MCS0NSS1"></item><item title="Bandwidth" value="20"></item><item title="Antenna" value="3"></item><item title="Channel" value="100"></item><item title="RfIcTemperature" value="46"></item><item title="CpuTemperature" value="60"></item><item title="ExpectedPower" value="22"></item><item title="EVM" Max="-5" Min="-100"></item><item title="FREQERR" Max="15" Min="-15"></item><item title="SYMCLOCKERR" Max="20" Min="-100"></item><item title="POWER" Max="23,5" Min="20,5" Avg="22"></item><item title="LOLEAKAGE" Max="-17" Min="-100"></item><item title="SPECTRUMMASK" Max="100" Min="0"></item><item title="SPECTRUMMARGIN" Max="1000" Min="0"></item></Criteria><Record><item title="Modulation" value="MCS0NSS1"></item><item title="Bandwidth" value="20"></item><item title="Channel" value="100"></item><item title="Antenna" value="3"></item><item title="ExpectedPower" value="22"></item><item title="Power" value="22"></item><item title="TestType" value="Tx"></item><item title="EVM" value="-19,5356" result="PASS"></item><item title="FREQERR" value="1,28683" result="PASS"></item><item title="SYMCLOCKERR" value="0,0965655" result="PASS"></item><item title="POWER" value="21,0611" result="PASS"></item><item title="LOLEAKAGE" value="-46,5524" result="PASS"></item><item title="SPECTRUMMASK" value="10,3429" result="PASS"></item><item title="SPECTRUMMARGIN" value="10,3429" result="PASS"></item></Record><Criteria><item title="Modulation" value="MCS0NSS1"></item><item title="Bandwidth" value="20"></item><item title="Antenna" value="3"></item><item title="Channel" value="100"></item><item title="RfIcTemperature" value="46"></item><item title="CpuTemperature" value="60"></item><item title="ExpectedPower" value="23"></item><item title="EVM" Max="-5" Min="-100"></item><item title="FREQERR" Max="15" Min="-15"></item><item title="SYMCLOCKERR" Max="20" Min="-100"></item><item title="POWER" Max="24,5" Min="21,5" Avg="23"></item><item title="LOLEAKAGE" Max="-17" Min="-100"></item><item title="SPECTRUMMASK" Max="100" Min="0"></item><item title="SPECTRUMMARGIN" Max="1000" Min="0"></item></Criteria><Record><item title="Modulation" value="MCS0NSS1"></item><item title="Bandwidth" value="20"></item><item title="Channel" value="100"></item><item title="Antenna" value="3"></item><item title="ExpectedPower" value="23"></item><item title="Power" value="23"></item><item title="TestType" value="Tx"></item><item title="EVM" value="-20,3841" result="PASS"></item><item title="FREQERR" value="1,28423" result="PASS"></item><item title="SYMCLOCKERR" value="0,162444" result="PASS"></item><item title="POWER" value="21,9957" result="PASS"></item><item title="LOLEAKAGE" value="-53,7649" result="PASS"></item><item title="SPECTRUMMASK" value="10,8506" result="PASS"></item><item title="SPECTRUMMARGIN" value="10,8506" result="PASS"></item></Record><Criteria><item title="Modulation" value="MCS0NSS1"></item><item title="Bandwidth" value="20"></item><item title="Antenna" value="3"></item><item title="Channel" value="100"></item><item title="RfIcTemperature" value="46"></item><item title="CpuTemperature" value="60"></item><item title="ExpectedPower" value="24"></item><item title="EVM" Max="-5" Min="-100"></item><item title="FREQERR" Max="15" Min="-15"></item><item title="SYMCLOCKERR" Max="20" Min="-100"></item><item title="POWER" Max="25,5" Min="22,5" Avg="24"></item><item title="LOLEAKAGE" Max="-17" Min="-100"></item><item title="SPECTRUMMASK" Max="100" Min="0"></item><item title="SPECTRUMMARGIN" Max="1000" Min="0"></item></Criteria><Record><item title="Modulation" value="MCS0NSS1"></item><item title="Bandwidth" value="20"></item><item title="Channel" value="100"></item><item title="Antenna" value="3"></item><item title="ExpectedPower" value="24"></item><item title="Power" value="24"></item><item title="TestType" value="Tx"></item><item title="EVM" value="-19,0732" result="PASS"></item><item title="FREQERR" value="1,29196" result="PASS"></item><item title="SYMCLOCKERR" value="11,365" result="PASS"></item><item title="POWER" value="23,0746" result="PASS"></item><item title="LOLEAKAGE" value="-52,2358" result="PASS"></item><item title="SPECTRUMMASK" value="5,97165" result="PASS"></item><item title="SPECTRUMMARGIN" value="5,97165" result="PASS"></item></Record><Criteria><item title="Modulation" value="MCS0NSS1"></item><item title="Bandwidth" value="20"></item><item title="Antenna" value="3"></item><item title="Channel" value="100"></item><item title="RfIcTemperature" value="46"></item><item title="CpuTemperature" value="60"></item><item title="ExpectedPower" value="25"></item><item title="EVM" Max="-5" Min="-100"></item><item title="FREQERR" Max="15" Min="-15"></item><item title="SYMCLOCKERR" Max="20" Min="-100"></item><item title="POWER" Max="26,5" Min="23,5" Avg="25"></item><item title="LOLEAKAGE" Max="-17" Min="-100"></item><item title="SPECTRUMMASK" Max="100" Min="0"></item><item title="SPECTRUMMARGIN" Max="1000" Min="0"></item></Criteria><Record><item title="Modulation" value="MCS0NSS1"></item><item title="Bandwidth" value="20"></item><item title="Channel" value="100"></item><item title="Antenna" value="3"></item><item title="ExpectedPower" value="25"></item><item title="Power" value="25"></item><item title="TestType" value="Tx"></item><item title="EVM" value="-17,2512" result="PASS"></item><item title="FREQERR" value="1,29031" result="PASS"></item><item title="SYMCLOCKERR" value="4,21316" result="PASS"></item><item title="POWER" value="24,1009" result="PASS"></item><item title="LOLEAKAGE" value="-44,3401" result="PASS"></item><item title="SPECTRUMMASK" value="4,38012" result="PASS"></item><item title="SPECTRUMMARGIN" value="4,38012" result="PASS"></item></Record><Criteria><item title="Modulation" value="MCS0NSS1"></item><item title="Bandwidth" value="20"></item><item title="Antenna" value="0"></item><item title="Channel" value="132"></item><item title="RfIcTemperature" value="47"></item><item title="CpuTemperature" value="60"></item><item title="ExpectedPower" value="10"></item><item title="EVM" Max="-5" Min="-100"></item><item title="FREQERR" Max="15" Min="-15"></item><item title="SYMCLOCKERR" Max="20" Min="-100"></item><item title="POWER" Max="11,5" Min="8,5" Avg="10"></item><item title="LOLEAKAGE" Max="-17" Min="-100"></item><item title="SPECTRUMMASK" Max="100" Min="0"></item><item title="SPECTRUMMARGIN" Max="1000" Min="0"></item></Criteria><Record><item title="Modulation" value="MCS0NSS1"></item><item title="Bandwidth" value="20"></item><item title="Channel" value="132"></item><item title="Antenna" value="0"></item><item title="ExpectedPower" value="10"></item><item title="Power" value="10"></item><item title="TestType" value="Tx"></item><item title="EVM" value="-19,6803" result="PASS"></item><item title="FREQERR" value="1,24998" result="PASS"></item><item title="SYMCLOCKERR" value="-5,98172" result="PASS"></item><item title="POWER" value="10,0673" result="PASS"></item><item title="LOLEAKAGE" value="-31,1073" result="PASS"></item><item title="SPECTRUMMASK" value="11,9643" result="PASS"></item><item title="SPECTRUMMARGIN" value="11,9643" result="PASS"></item></Record><Criteria><item title="Modulation" value="MCS0NSS1"></item><item title="Bandwidth" value="20"></item><item title="Antenna" value="0"></item><item title="Channel" value="132"></item><item title="RfIcTemperature" value="47"></item><item title="CpuTemperature" value="60"></item><item title="ExpectedPower" value="11"></item><item title="EVM" Max="-5" Min="-100"></item><item title="FREQERR" Max="15" Min="-15"></item><item title="SYMCLOCKERR" Max="20" Min="-100"></item><item title="POWER" Max="12,5" Min="9,5" Avg="11"></item><item title="LOLEAKAGE" Max="-17" Min="-100"></item><item title="SPECTRUMMASK" Max="100" Min="0"></item><item title="SPECTRUMMARGIN" Max="1000" Min="0"></item></Criteria><Record><item title="Modulation" value="MCS0NSS1"></item><item title="Bandwidth" value="20"></item><item title="Channel" value="132"></item><item title="Antenna" value="0"></item><item title="ExpectedPower" value="11"></item><item title="Power" value="11"></item><item title="TestType" value="Tx"></item><item title="EVM" value="-18,8421" result="PASS"></item><item title="FREQERR" value="1,27068" result="PASS"></item><item title="SYMCLOCKERR" value="-0,498905" result="PASS"></item><item title="POWER" value="11,0402" result="PASS"></item><item title="LOLEAKAGE" value="-31,4835" result="PASS"></item><item title="SPECTRUMMASK" value="11,2844" result="PASS"></item><item title="SPECTRUMMARGIN" value="11,2844" result="PASS"></item></Record><Criteria><item title="Modulation" value="MCS0NSS1"></item><item title="Bandwidth" value="20"></item><item title="Antenna" value="0"></item><item title="Channel" value="132"></item><item title="RfIcTemperature" value="47"></item><item title="CpuTemperature" value="60"></item><item title="ExpectedPower" value="12"></item><item title="EVM" Max="-5" Min="-100"></item><item title="FREQERR" Max="15" Min="-15"></item><item title="SYMCLOCKERR" Max="20" Min="-100"></item><item title="POWER" Max="13,5" Min="10,5" Avg="12"></item><item title="LOLEAKAGE" Max="-17" Min="-100"></item><item title="SPECTRUMMASK" Max="100" Min="0"></item><item title="SPECTRUMMARGIN" Max="1000" Min="0"></item></Criteria><Record><item title="Modulation" value="MCS0NSS1"></item><item title="Bandwidth" value="20"></item><item title="Channel" value="132"></item><item title="Antenna" value="0"></item><item title="ExpectedPower" value="12"></item><item title="Power" value="12"></item><item title="TestType" value="Tx"></item><item title="EVM" value="-19,3566" result="PASS"></item><item title="FREQERR" value="1,27569" result="PASS"></item><item title="SYMCLOCKERR" value="-4,20228" result="PASS"></item><item title="POWER" value="11,958" result="PASS"></item><item title="LOLEAKAGE" value="-32,7688" result="PASS"></item><item title="SPECTRUMMASK" value="12,1771" result="PASS"></item><item title="SPECTRUMMARGIN" value="12,1771" result="PASS"></item></Record><Criteria><item title="Modulation" value="MCS0NSS1"></item><item title="Bandwidth" value="20"></item><item title="Antenna" value="0"></item><item title="Channel" value="132"></item><item title="RfIcTemperature" value="47"></item><item title="CpuTemperature" value="60"></item><item title="ExpectedPower" value="13"></item><item title="EVM" Max="-5" Min="-100"></item><item title="FREQERR" Max="15" Min="-15"></item><item title="SYMCLOCKERR" Max="20" Min="-100"></item><item title="POWER" Max="14,5" Min="11,5" Avg="13"></item><item title="LOLEAKAGE" Max="-17" Min="-100"></item><item title="SPECTRUMMASK" Max="100" Min="0"></item><item title="SPECTRUMMARGIN" Max="1000" Min="0"></item></Criteria><Record><item title="Modulation" value="MCS0NSS1"></item><item title="Bandwidth" value="20"></item><item title="Channel" value="132"></item><item title="Antenna" value="0"></item><item title="ExpectedPower" value="13"></item><item title="Power" value="13"></item><item title="TestType" value="Tx"></item><item title="EVM" value="-20,3821" result="PASS"></item><item title="FREQERR" value="1,27596" result="PASS"></item><item title="SYMCLOCKERR" value="3,17493" result="PASS"></item><item title="POWER" value="13,162" result="PASS"></item><item title="LOLEAKAGE" value="-36,1363" result="PASS"></item><item title="SPECTRUMMASK" value="11,5435" result="PASS"></item><item title="SPECTRUMMARGIN" value="11,5435" result="PASS"></item></Record><Criteria><item title="Modulation" value="MCS0NSS1"></item><item title="Bandwidth" value="20"></item><item title="Antenna" value="0"></item><item title="Channel" value="132"></item><item title="RfIcTemperature" value="47"></item><item title="CpuTemperature" value="60"></item><item title="ExpectedPower" value="14"></item><item title="EVM" Max="-5" Min="-100"></item><item title="FREQERR" Max="15" Min="-15"></item><item title="SYMCLOCKERR" Max="20" Min="-100"></item><item title="POWER" Max="15,5" Min="12,5" Avg="14"></item><item title="LOLEAKAGE" Max="-17" Min="-100"></item><item title="SPECTRUMMASK" Max="100" Min="0"></item><item title="SPECTRUMMARGIN" Max="1000" Min="0"></item></Criteria><Record><item title="Modulation" value="MCS0NSS1"></item><item title="Bandwidth" value="20"></item><item title="Channel" value="132"></item><item title="Antenna" value="0"></item><item title="ExpectedPower" value="14"></item><item title="Power" value="14"></item><item title="TestType" value="Tx"></item><item title="EVM" value="-17,604" result="PASS"></item><item title="FREQERR" value="1,27627" result="PASS"></item><item title="SYMCLOCKERR" value="-10,5566" result="PASS"></item><item title="POWER" value="13,9699" result="PASS"></item><item title="LOLEAKAGE" value="-37,2806" result="PASS"></item><item title="SPECTRUMMASK" value="11,6333" result="PASS"></item><item title="SPECTRUMMARGIN" value="11,6333" result="PASS"></item></Record><Criteria><item title="Modulation" value="MCS0NSS1"></item><item title="Bandwidth" value="20"></item><item title="Antenna" value="0"></item><item title="Channel" value="132"></item><item title="RfIcTemperature" value="47"></item><item title="CpuTemperature" value="60"></item><item title="ExpectedPower" value="15"></item><item title="EVM" Max="-5" Min="-100"></item><item title="FREQERR" Max="15" Min="-15"></item><item title="SYMCLOCKERR" Max="20" Min="-100"></item><item title="POWER" Max="16,5" Min="13,5" Avg="15"></item><item title="LOLEAKAGE" Max="-17" Min="-100"></item><item title="SPECTRUMMASK" Max="100" Min="0"></item><item title="SPECTRUMMARGIN" Max="1000" Min="0"></item></Criteria><Record><item title="Modulation" value="MCS0NSS1"></item><item title="Bandwidth" value="20"></item><item title="Channel" value="132"></item><item title="Antenna" value="0"></item><item title="ExpectedPower" value="15"></item><item title="Power" value="15"></item><item title="TestType" value="Tx"></item><item title="EVM" value="-17,8371" result="PASS"></item><item title="FREQERR" value="1,27415" result="PASS"></item><item title="SYMCLOCKERR" value="-7,61025" result="PASS"></item><item title="POWER" value="15,155" result="PASS"></item><item title="LOLEAKAGE" value="-41,7893" result="PASS"></item><item title="SPECTRUMMASK" value="12,0978" result="PASS"></item><item title="SPECTRUMMARGIN" value="12,0978" result="PASS"></item></Record><Criteria><item title="Modulation" value="MCS0NSS1"></item><item title="Bandwidth" value="20"></item><item title="Antenna" value="0"></item><item title="Channel" value="132"></item><item title="RfIcTemperature" value="47"></item><item title="CpuTemperature" value="60"></item><item title="ExpectedPower" value="16"></item><item title="EVM" Max="-5" Min="-100"></item><item title="FREQERR" Max="15" Min="-15"></item><item title="SYMCLOCKERR" Max="20" Min="-100"></item><item title="POWER" Max="17,5" Min="14,5" Avg="16"></item><item title="LOLEAKAGE" Max="-17" Min="-100"></item><item title="SPECTRUMMASK" Max="100" Min="0"></item><item title="SPECTRUMMARGIN" Max="1000" Min="0"></item></Criteria><Record><item title="Modulation" value="MCS0NSS1"></item><item title="Bandwidth" value="20"></item><item title="Channel" value="132"></item><item title="Antenna" value="0"></item><item title="ExpectedPower" value="16"></item><item title="Power" value="16"></item><item title="TestType" value="Tx"></item><item title="EVM" value="-21,0329" result="PASS"></item><item title="FREQERR" value="1,27615" result="PASS"></item><item title="SYMCLOCKERR" value="-0,228345" result="PASS"></item><item title="POWER" value="16,2625" result="PASS"></item><item title="LOLEAKAGE" value="-40,2281" result="PASS"></item><item title="SPECTRUMMASK" value="11,6484" result="PASS"></item><item title="SPECTRUMMARGIN" value="11,6484" result="PASS"></item></Record><Criteria><item title="Modulation" value="MCS0NSS1"></item><item title="Bandwidth" value="20"></item><item title="Antenna" value="0"></item><item title="Channel" value="132"></item><item title="RfIcTemperature" value="47"></item><item title="CpuTemperature" value="60"></item><item title="ExpectedPower" value="17"></item><item title="EVM" Max="-5" Min="-100"></item><item title="FREQERR" Max="15" Min="-15"></item><item title="SYMCLOCKERR" Max="20" Min="-100"></item><item title="POWER" Max="18,5" Min="15,5" Avg="17"></item><item title="LOLEAKAGE" Max="-17" Min="-100"></item><item title="SPECTRUMMASK" Max="100" Min="0"></item><item title="SPECTRUMMARGIN" Max="1000" Min="0"></item></Criteria><Record><item title="Modulation" value="MCS0NSS1"></item><item title="Bandwidth" value="20"></item><item title="Channel" value="132"></item><item title="Antenna" value="0"></item><item title="ExpectedPower" value="17"></item><item title="Power" value="17"></item><item title="TestType" value="Tx"></item><item title="EVM" value="-16,839" result="PASS"></item><item title="FREQERR" value="1,27498" result="PASS"></item><item title="SYMCLOCKERR" value="-5,96244" result="PASS"></item><item title="POWER" value="17,0905" result="PASS"></item><item title="LOLEAKAGE" value="-41,5828" result="PASS"></item><item title="SPECTRUMMASK" value="11,7853" result="PASS"></item><item title="SPECTRUMMARGIN" value="11,7853" result="PASS"></item></Record><Criteria><item title="Modulation" value="MCS0NSS1"></item><item title="Bandwidth" value="20"></item><item title="Antenna" value="0"></item><item title="Channel" value="132"></item><item title="RfIcTemperature" value="47"></item><item title="CpuTemperature" value="60"></item><item title="ExpectedPower" value="18"></item><item title="EVM" Max="-5" Min="-100"></item><item title="FREQERR" Max="15" Min="-15"></item><item title="SYMCLOCKERR" Max="20" Min="-100"></item><item title="POWER" Max="19,5" Min="16,5" Avg="18"></item><item title="LOLEAKAGE" Max="-17" Min="-100"></item><item title="SPECTRUMMASK" Max="100" Min="0"></item><item title="SPECTRUMMARGIN" Max="1000" Min="0"></item></Criteria><Record><item title="Modulation" value="MCS0NSS1"></item><item title="Bandwidth" value="20"></item><item title="Channel" value="132"></item><item title="Antenna" value="0"></item><item title="ExpectedPower" value="18"></item><item title="Power" value="18"></item><item title="TestType" value="Tx"></item><item title="EVM" value="-19,1012" result="PASS"></item><item title="FREQERR" value="1,26244" result="PASS"></item><item title="SYMCLOCKERR" value="12,2035" result="PASS"></item><item title="POWER" value="17,7196" result="PASS"></item><item title="LOLEAKAGE" value="-45,8432" result="PASS"></item><item title="SPECTRUMMASK" value="12,8819" result="PASS"></item><item title="SPECTRUMMARGIN" value="12,8819" result="PASS"></item></Record><Criteria><item title="Modulation" value="MCS0NSS1"></item><item title="Bandwidth" value="20"></item><item title="Antenna" value="0"></item><item title="Channel" value="132"></item><item title="RfIcTemperature" value="47"></item><item title="CpuTemperature" value="60"></item><item title="ExpectedPower" value="19"></item><item title="EVM" Max="-5" Min="-100"></item><item title="FREQERR" Max="15" Min="-15"></item><item title="SYMCLOCKERR" Max="20" Min="-100"></item><item title="POWER" Max="20,5" Min="17,5" Avg="19"></item><item title="LOLEAKAGE" Max="-17" Min="-100"></item><item title="SPECTRUMMASK" Max="100" Min="0"></item><item title="SPECTRUMMARGIN" Max="1000" Min="0"></item></Criteria><Record><item title="Modulation" value="MCS0NSS1"></item><item title="Bandwidth" value="20"></item><item title="Channel" value="132"></item><item title="Antenna" value="0"></item><item title="ExpectedPower" value="19"></item><item title="Power" value="19"></item><item title="TestType" value="Tx"></item><item title="EVM" value="-20,4964" result="PASS"></item><item title="FREQERR" value="1,26974" result="PASS"></item><item title="SYMCLOCKERR" value="3,49716" result="PASS"></item><item title="POWER" value="19,0635" result="PASS"></item><item title="LOLEAKAGE" value="-47,8058" result="PASS"></item><item title="SPECTRUMMASK" value="11,0498" result="PASS"></item><item title="SPECTRUMMARGIN" value="11,0498" result="PASS"></item></Record><Criteria><item title="Modulation" value="MCS0NSS1"></item><item title="Bandwidth" value="20"></item><item title="Antenna" value="0"></item><item title="Channel" value="132"></item><item title="RfIcTemperature" value="47"></item><item title="CpuTemperature" value="60"></item><item title="ExpectedPower" value="20"></item><item title="EVM" Max="-5" Min="-100"></item><item title="FREQERR" Max="15" Min="-15"></item><item title="SYMCLOCKERR" Max="20" Min="-100"></item><item title="POWER" Max="21,5" Min="18,5" Avg="20"></item><item title="LOLEAKAGE" Max="-17" Min="-100"></item><item title="SPECTRUMMASK" Max="100" Min="0"></item><item title="SPECTRUMMARGIN" Max="1000" Min="0"></item></Criteria><Record><item title="Modulation" value="MCS0NSS1"></item><item title="Bandwidth" value="20"></item><item title="Channel" value="132"></item><item title="Antenna" value="0"></item><item title="ExpectedPower" value="20"></item><item title="Power" value="20"></item><item title="TestType" value="Tx"></item><item title="EVM" value="-21,1835" result="PASS"></item><item title="FREQERR" value="1,26966" result="PASS"></item><item title="SYMCLOCKERR" value="1,50885" result="PASS"></item><item title="POWER" value="20,0374" result="PASS"></item><item title="LOLEAKAGE" value="-50,1045" result="PASS"></item><item title="SPECTRUMMASK" value="10,8258" result="PASS"></item><item title="SPECTRUMMARGIN" value="10,8258" result="PASS"></item></Record><Criteria><item title="Modulation" value="MCS0NSS1"></item><item title="Bandwidth" value="20"></item><item title="Antenna" value="0"></item><item title="Channel" value="132"></item><item title="RfIcTemperature" value="47"></item><item title="CpuTemperature" value="60"></item><item title="ExpectedPower" value="21"></item><item title="EVM" Max="-5" Min="-100"></item><item title="FREQERR" Max="15" Min="-15"></item><item title="SYMCLOCKERR" Max="20" Min="-100"></item><item title="POWER" Max="22,5" Min="19,5" Avg="21"></item><item title="LOLEAKAGE" Max="-17" Min="-100"></item><item title="SPECTRUMMASK" Max="100" Min="0"></item><item title="SPECTRUMMARGIN" Max="1000" Min="0"></item></Criteria><Record><item title="Modulation" value="MCS0NSS1"></item><item title="Bandwidth" value="20"></item><item title="Channel" value="132"></item><item title="Antenna" value="0"></item><item title="ExpectedPower" value="21"></item><item title="Power" value="21"></item><item title="TestType" value="Tx"></item><item title="EVM" value="-18,3036" result="PASS"></item><item title="FREQERR" value="1,26876" result="PASS"></item><item title="SYMCLOCKERR" value="9,3329" result="PASS"></item><item title="POWER" value="20,8288" result="PASS"></item><item title="LOLEAKAGE" value="-50,2335" result="PASS"></item><item title="SPECTRUMMASK" value="6,74562" result="PASS"></item><item title="SPECTRUMMARGIN" value="6,74562" result="PASS"></item></Record><Criteria><item title="Modulation" value="MCS0NSS1"></item><item title="Bandwidth" value="20"></item><item title="Antenna" value="0"></item><item title="Channel" value="132"></item><item title="RfIcTemperature" value="47"></item><item title="CpuTemperature" value="60"></item><item title="ExpectedPower" value="22"></item><item title="EVM" Max="-5" Min="-100"></item><item title="FREQERR" Max="15" Min="-15"></item><item title="SYMCLOCKERR" Max="20" Min="-100"></item><item title="POWER" Max="23,5" Min="20,5" Avg="22"></item><item title="LOLEAKAGE" Max="-17" Min="-100"></item><item title="SPECTRUMMASK" Max="100" Min="0"></item><item title="SPECTRUMMARGIN" Max="1000" Min="0"></item></Criteria><Record><item title="Modulation" value="MCS0NSS1"></item><item title="Bandwidth" value="20"></item><item title="Channel" value="132"></item><item title="Antenna" value="0"></item><item title="ExpectedPower" value="22"></item><item title="Power" value="22"></item><item title="TestType" value="Tx"></item><item title="EVM" value="-17,7559" result="PASS"></item><item title="FREQERR" value="1,26412" result="PASS"></item><item title="SYMCLOCKERR" value="2,94852" result="PASS"></item><item title="POWER" value="21,5835" result="PASS"></item><item title="LOLEAKAGE" value="-58,4403" result="PASS"></item><item title="SPECTRUMMASK" value="3,79398" result="PASS"></item><item title="SPECTRUMMARGIN" value="3,79398" result="PASS"></item></Record><Criteria><item title="Modulation" value="MCS0NSS1"></item><item title="Bandwidth" value="20"></item><item title="Antenna" value="0"></item><item title="Channel" value="132"></item><item title="RfIcTemperature" value="47"></item><item title="CpuTemperature" value="60"></item><item title="ExpectedPower" value="23"></item><item title="EVM" Max="-5" Min="-100"></item><item title="FREQERR" Max="15" Min="-15"></item><item title="SYMCLOCKERR" Max="20" Min="-100"></item><item title="POWER" Max="24,5" Min="21,5" Avg="23"></item><item title="LOLEAKAGE" Max="-17" Min="-100"></item><item title="SPECTRUMMASK" Max="100" Min="0"></item><item title="SPECTRUMMARGIN" Max="1000" Min="0"></item></Criteria><Record><item title="Modulation" value="MCS0NSS1"></item><item title="Bandwidth" value="20"></item><item title="Channel" value="132"></item><item title="Antenna" value="0"></item><item title="ExpectedPower" value="23"></item><item title="Power" value="23"></item><item title="TestType" value="Tx"></item><item title="EVM" value="-16,0341" result="PASS"></item><item title="FREQERR" value="1,27177" result="PASS"></item><item title="SYMCLOCKERR" value="0,989252" result="PASS"></item><item title="POWER" value="22,7588" result="PASS"></item><item title="LOLEAKAGE" value="-43,4391" result="PASS"></item><item title="SPECTRUMMASK" value="1,83543" result="PASS"></item><item title="SPECTRUMMARGIN" value="1,83543" result="PASS"></item></Record><Criteria><item title="Modulation" value="MCS0NSS1"></item><item title="Bandwidth" value="20"></item><item title="Antenna" value="0"></item><item title="Channel" value="132"></item><item title="RfIcTemperature" value="47"></item><item title="CpuTemperature" value="60"></item><item title="ExpectedPower" value="24"></item><item title="EVM" Max="-5" Min="-100"></item><item title="FREQERR" Max="15" Min="-15"></item><item title="SYMCLOCKERR" Max="20" Min="-100"></item><item title="POWER" Max="25,5" Min="22,5" Avg="24"></item><item title="LOLEAKAGE" Max="-17" Min="-100"></item><item title="SPECTRUMMASK" Max="100" Min="0"></item><item title="SPECTRUMMARGIN" Max="1000" Min="0"></item></Criteria><Record><item title="Modulation" value="MCS0NSS1"></item><item title="Bandwidth" value="20"></item><item title="Channel" value="132"></item><item title="Antenna" value="0"></item><item title="ExpectedPower" value="24"></item><item title="Power" value="24"></item><item title="TestType" value="Tx"></item><item title="EVM" value="-17,6805" result="PASS"></item><item title="FREQERR" value="1,2753" result="PASS"></item><item title="SYMCLOCKERR" value="-6,55391" result="PASS"></item><item title="POWER" value="23,5798" result="PASS"></item><item title="LOLEAKAGE" value="-41,2214" result="PASS"></item><item title="SPECTRUMMASK" value="0,346752" result="PASS"></item><item title="SPECTRUMMARGIN" value="0,346752" result="PASS"></item></Record><Criteria><item title="Modulation" value="MCS0NSS1"></item><item title="Bandwidth" value="20"></item><item title="Antenna" value="0"></item><item title="Channel" value="132"></item><item title="RfIcTemperature" value="47"></item><item title="CpuTemperature" value="60"></item><item title="ExpectedPower" value="25"></item><item title="EVM" Max="-5" Min="-100"></item><item title="FREQERR" Max="15" Min="-15"></item><item title="SYMCLOCKERR" Max="20" Min="-100"></item><item title="POWER" Max="26,5" Min="23,5" Avg="25"></item><item title="LOLEAKAGE" Max="-17" Min="-100"></item><item title="SPECTRUMMASK" Max="100" Min="0"></item><item title="SPECTRUMMARGIN" Max="1000" Min="0"></item></Criteria><Record><item title="Modulation" value="MCS0NSS1"></item><item title="Bandwidth" value="20"></item><item title="Channel" value="132"></item><item title="Antenna" value="0"></item><item title="ExpectedPower" value="25"></item><item title="Power" value="25"></item><item title="TestType" value="Tx"></item><item title="EVM" value="-13,1072" result="PASS"></item><item title="FREQERR" value="1,26718" result="PASS"></item><item title="SYMCLOCKERR" value="17,0912" result="PASS"></item><item title="POWER" value="24,5228" result="PASS"></item><item title="LOLEAKAGE" value="-34,534" result="PASS"></item><item title="SPECTRUMMASK" value="-2,54237" result="FAIL"></item><item title="SPECTRUMMARGIN" value="-2,54237" result="FAIL"></item></Record><Criteria><item title="Modulation" value="MCS0NSS1"></item><item title="Bandwidth" value="20"></item><item title="Antenna" value="1"></item><item title="Channel" value="132"></item><item title="RfIcTemperature" value="47"></item><item title="CpuTemperature" value="60"></item><item title="ExpectedPower" value="10"></item><item title="EVM" Max="-5" Min="-100"></item><item title="FREQERR" Max="15" Min="-15"></item><item title="SYMCLOCKERR" Max="20" Min="-100"></item><item title="POWER" Max="11,5" Min="8,5" Avg="10"></item><item title="LOLEAKAGE" Max="-17" Min="-100"></item><item title="SPECTRUMMASK" Max="100" Min="0"></item><item title="SPECTRUMMARGIN" Max="1000" Min="0"></item></Criteria><Record><item title="Modulation" value="MCS0NSS1"></item><item title="Bandwidth" value="20"></item><item title="Channel" value="132"></item><item title="Antenna" value="1"></item><item title="ExpectedPower" value="10"></item><item title="Power" value="10"></item><item title="TestType" value="Tx"></item><item title="EVM" value="-18,2658" result="PASS"></item><item title="FREQERR" value="1,25897" result="PASS"></item><item title="SYMCLOCKERR" value="0,0768086" result="PASS"></item><item title="POWER" value="9,70828" result="PASS"></item><item title="LOLEAKAGE" value="-30,6612" result="PASS"></item><item title="SPECTRUMMASK" value="13,0198" result="PASS"></item><item title="SPECTRUMMARGIN" value="13,0198" result="PASS"></item></Record><Criteria><item title="Modulation" value="MCS0NSS1"></item><item title="Bandwidth" value="20"></item><item title="Antenna" value="1"></item><item title="Channel" value="132"></item><item title="RfIcTemperature" value="47"></item><item title="CpuTemperature" value="60"></item><item title="ExpectedPower" value="11"></item><item title="EVM" Max="-5" Min="-100"></item><item title="FREQERR" Max="15" Min="-15"></item><item title="SYMCLOCKERR" Max="20" Min="-100"></item><item title="POWER" Max="12,5" Min="9,5" Avg="11"></item><item title="LOLEAKAGE" Max="-17" Min="-100"></item><item title="SPECTRUMMASK" Max="100" Min="0"></item><item title="SPECTRUMMARGIN" Max="1000" Min="0"></item></Criteria><Record><item title="Modulation" value="MCS0NSS1"></item><item title="Bandwidth" value="20"></item><item title="Channel" value="132"></item><item title="Antenna" value="1"></item><item title="ExpectedPower" value="11"></item><item title="Power" value="11"></item><item title="TestType" value="Tx"></item><item title="EVM" value="-19,7451" result="PASS"></item><item title="FREQERR" value="1,25399" result="PASS"></item><item title="SYMCLOCKERR" value="4,52369" result="PASS"></item><item title="POWER" value="10,7258" result="PASS"></item><item title="LOLEAKAGE" value="-31,1286" result="PASS"></item><item title="SPECTRUMMASK" value="12,187" result="PASS"></item><item title="SPECTRUMMARGIN" value="12,187" result="PASS"></item></Record><Criteria><item title="Modulation" value="MCS0NSS1"></item><item title="Bandwidth" value="20"></item><item title="Antenna" value="1"></item><item title="Channel" value="132"></item><item title="RfIcTemperature" value="47"></item><item title="CpuTemperature" value="60"></item><item title="ExpectedPower" value="12"></item><item title="EVM" Max="-5" Min="-100"></item><item title="FREQERR" Max="15" Min="-15"></item><item title="SYMCLOCKERR" Max="20" Min="-100"></item><item title="POWER" Max="13,5" Min="10,5" Avg="12"></item><item title="LOLEAKAGE" Max="-17" Min="-100"></item><item title="SPECTRUMMASK" Max="100" Min="0"></item><item title="SPECTRUMMARGIN" Max="1000" Min="0"></item></Criteria><Record><item title="Modulation" value="MCS0NSS1"></item><item title="Bandwidth" value="20"></item><item title="Channel" value="132"></item><item title="Antenna" value="1"></item><item title="ExpectedPower" value="12"></item><item title="Power" value="12"></item><item title="TestType" value="Tx"></item><item title="EVM" value="-20,5599" result="PASS"></item><item title="FREQERR" value="1,26275" result="PASS"></item><item title="SYMCLOCKERR" value="5,29191" result="PASS"></item><item title="POWER" value="11,6996" result="PASS"></item><item title="LOLEAKAGE" value="-31,0541" result="PASS"></item><item title="SPECTRUMMASK" value="12,809" result="PASS"></item><item title="SPECTRUMMARGIN" value="12,809" result="PASS"></item></Record><Criteria><item title="Modulation" value="MCS0NSS1"></item><item title="Bandwidth" value="20"></item><item title="Antenna" value="1"></item><item title="Channel" value="132"></item><item title="RfIcTemperature" value="47"></item><item title="CpuTemperature" value="60"></item><item title="ExpectedPower" value="13"></item><item title="EVM" Max="-5" Min="-100"></item><item title="FREQERR" Max="15" Min="-15"></item><item title="SYMCLOCKERR" Max="20" Min="-100"></item><item title="POWER" Max="14,5" Min="11,5" Avg="13"></item><item title="LOLEAKAGE" Max="-17" Min="-100"></item><item title="SPECTRUMMASK" Max="100" Min="0"></item><item title="SPECTRUMMARGIN" Max="1000" Min="0"></item></Criteria><Record><item title="Modulation" value="MCS0NSS1"></item><item title="Bandwidth" value="20"></item><item title="Channel" value="132"></item><item title="Antenna" value="1"></item><item title="ExpectedPower" value="13"></item><item title="Power" value="13"></item><item title="TestType" value="Tx"></item><item title="EVM" value="-20,414" result="PASS"></item><item title="FREQERR" value="1,26189" result="PASS"></item><item title="SYMCLOCKERR" value="2,10056" result="PASS"></item><item title="POWER" value="12,6654" result="PASS"></item><item title="LOLEAKAGE" value="-31,5835" result="PASS"></item><item title="SPECTRUMMASK" value="12,5153" result="PASS"></item><item title="SPECTRUMMARGIN" value="12,5153" result="PASS"></item></Record><Criteria><item title="Modulation" value="MCS0NSS1"></item><item title="Bandwidth" value="20"></item><item title="Antenna" value="1"></item><item title="Channel" value="132"></item><item title="RfIcTemperature" value="47"></item><item title="CpuTemperature" value="60"></item><item title="ExpectedPower" value="14"></item><item title="EVM" Max="-5" Min="-100"></item><item title="FREQERR" Max="15" Min="-15"></item><item title="SYMCLOCKERR" Max="20" Min="-100"></item><item title="POWER" Max="15,5" Min="12,5" Avg="14"></item><item title="LOLEAKAGE" Max="-17" Min="-100"></item><item title="SPECTRUMMASK" Max="100" Min="0"></item><item title="SPECTRUMMARGIN" Max="1000" Min="0"></item></Criteria><Record><item title="Modulation" value="MCS0NSS1"></item><item title="Bandwidth" value="20"></item><item title="Channel" value="132"></item><item title="Antenna" value="1"></item><item title="ExpectedPower" value="14"></item><item title="Power" value="14"></item><item title="TestType" value="Tx"></item><item title="EVM" value="-19,0614" result="PASS"></item><item title="FREQERR" value="1,2519" result="PASS"></item><item title="SYMCLOCKERR" value="-0,946684" result="PASS"></item><item title="POWER" value="13,583" result="PASS"></item><item title="LOLEAKAGE" value="-32,7334" result="PASS"></item><item title="SPECTRUMMASK" value="12,5969" result="PASS"></item><item title="SPECTRUMMARGIN" value="12,5969" result="PASS"></item></Record><Criteria><item title="Modulation" value="MCS0NSS1"></item><item title="Bandwidth" value="20"></item><item title="Antenna" value="1"></item><item title="Channel" value="132"></item><item title="RfIcTemperature" value="47"></item><item title="CpuTemperature" value="60"></item><item title="ExpectedPower" value="15"></item><item title="EVM" Max="-5" Min="-100"></item><item title="FREQERR" Max="15" Min="-15"></item><item title="SYMCLOCKERR" Max="20" Min="-100"></item><item title="POWER" Max="16,5" Min="13,5" Avg="15"></item><item title="LOLEAKAGE" Max="-17" Min="-100"></item><item title="SPECTRUMMASK" Max="100" Min="0"></item><item title="SPECTRUMMARGIN" Max="1000" Min="0"></item></Criteria><Record><item title="Modulation" value="MCS0NSS1"></item><item title="Bandwidth" value="20"></item><item title="Channel" value="132"></item><item title="Antenna" value="1"></item><item title="ExpectedPower" value="15"></item><item title="Power" value="15"></item><item title="TestType" value="Tx"></item><item title="EVM" value="-19,964" result="PASS"></item><item title="FREQERR" value="1,26424" result="PASS"></item><item title="SYMCLOCKERR" value="6,82403" result="PASS"></item><item title="POWER" value="14,5085" result="PASS"></item><item title="LOLEAKAGE" value="-35,7426" result="PASS"></item><item title="SPECTRUMMASK" value="10,4118" result="PASS"></item><item title="SPECTRUMMARGIN" value="10,4118" result="PASS"></item></Record><Criteria><item title="Modulation" value="MCS0NSS1"></item><item title="Bandwidth" value="20"></item><item title="Antenna" value="1"></item><item title="Channel" value="132"></item><item title="RfIcTemperature" value="47"></item><item title="CpuTemperature" value="60"></item><item title="ExpectedPower" value="16"></item><item title="EVM" Max="-5" Min="-100"></item><item title="FREQERR" Max="15" Min="-15"></item><item title="SYMCLOCKERR" Max="20" Min="-100"></item><item title="POWER" Max="17,5" Min="14,5" Avg="16"></item><item title="LOLEAKAGE" Max="-17" Min="-100"></item><item title="SPECTRUMMASK" Max="100" Min="0"></item><item title="SPECTRUMMARGIN" Max="1000" Min="0"></item></Criteria><Record><item title="Modulation" value="MCS0NSS1"></item><item title="Bandwidth" value="20"></item><item title="Channel" value="132"></item><item title="Antenna" value="1"></item><item title="ExpectedPower" value="16"></item><item title="Power" value="16"></item><item title="TestType" value="Tx"></item><item title="EVM" value="-21,3132" result="PASS"></item><item title="FREQERR" value="1,26467" result="PASS"></item><item title="SYMCLOCKERR" value="5,79062" result="PASS"></item><item title="POWER" value="15,5752" result="PASS"></item><item title="LOLEAKAGE" value="-37,914" result="PASS"></item><item title="SPECTRUMMASK" value="11,5395" result="PASS"></item><item title="SPECTRUMMARGIN" value="11,5395" result="PASS"></item></Record><Criteria><item title="Modulation" value="MCS0NSS1"></item><item title="Bandwidth" value="20"></item><item title="Antenna" value="1"></item><item title="Channel" value="132"></item><item title="RfIcTemperature" value="47"></item><item title="CpuTemperature" value="60"></item><item title="ExpectedPower" value="17"></item><item title="EVM" Max="-5" Min="-100"></item><item title="FREQERR" Max="15" Min="-15"></item><item title="SYMCLOCKERR" Max="20" Min="-100"></item><item title="POWER" Max="18,5" Min="15,5" Avg="17"></item><item title="LOLEAKAGE" Max="-17" Min="-100"></item><item title="SPECTRUMMASK" Max="100" Min="0"></item><item title="SPECTRUMMARGIN" Max="1000" Min="0"></item></Criteria><Record><item title="Modulation" value="MCS0NSS1"></item><item title="Bandwidth" value="20"></item><item title="Channel" value="132"></item><item title="Antenna" value="1"></item><item title="ExpectedPower" value="17"></item><item title="Power" value="17"></item><item title="TestType" value="Tx"></item><item title="EVM" value="-19,8195" result="PASS"></item><item title="FREQERR" value="1,25235" result="PASS"></item><item title="SYMCLOCKERR" value="5,02104" result="PASS"></item><item title="POWER" value="16,5783" result="PASS"></item><item title="LOLEAKAGE" value="-38,6307" result="PASS"></item><item title="SPECTRUMMASK" value="11,8362" result="PASS"></item><item title="SPECTRUMMARGIN" value="11,8362" result="PASS"></item></Record><Criteria><item title="Modulation" value="MCS0NSS1"></item><item title="Bandwidth" value="20"></item><item title="Antenna" value="1"></item><item title="Channel" value="132"></item><item title="RfIcTemperature" value="47"></item><item title="CpuTemperature" value="60"></item><item title="ExpectedPower" value="18"></item><item title="EVM" Max="-5" Min="-100"></item><item title="FREQERR" Max="15" Min="-15"></item><item title="SYMCLOCKERR" Max="20" Min="-100"></item><item title="POWER" Max="19,5" Min="16,5" Avg="18"></item><item title="LOLEAKAGE" Max="-17" Min="-100"></item><item title="SPECTRUMMASK" Max="100" Min="0"></item><item title="SPECTRUMMARGIN" Max="1000" Min="0"></item></Criteria><Record><item title="Modulation" value="MCS0NSS1"></item><item title="Bandwidth" value="20"></item><item title="Channel" value="132"></item><item title="Antenna" value="1"></item><item title="ExpectedPower" value="18"></item><item title="Power" value="18"></item><item title="TestType" value="Tx"></item><item title="EVM" value="-17,3312" result="PASS"></item><item title="FREQERR" value="1,26436" result="PASS"></item><item title="SYMCLOCKERR" value="10,0035" result="PASS"></item><item title="POWER" value="17,5797" result="PASS"></item><item title="LOLEAKAGE" value="-40,2759" result="PASS"></item><item title="SPECTRUMMASK" value="10,7538" result="PASS"></item><item title="SPECTRUMMARGIN" value="10,7538" result="PASS"></item></Record><Criteria><item title="Modulation" value="MCS0NSS1"></item><item title="Bandwidth" value="20"></item><item title="Antenna" value="1"></item><item title="Channel" value="132"></item><item title="RfIcTemperature" value="47"></item><item title="CpuTemperature" value="60"></item><item title="ExpectedPower" value="19"></item><item title="EVM" Max="-5" Min="-100"></item><item title="FREQERR" Max="15" Min="-15"></item><item title="SYMCLOCKERR" Max="20" Min="-100"></item><item title="POWER" Max="20,5" Min="17,5" Avg="19"></item><item title="LOLEAKAGE" Max="-17" Min="-100"></item><item title="SPECTRUMMASK" Max="100" Min="0"></item><item title="SPECTRUMMARGIN" Max="1000" Min="0"></item></Criteria><Record><item title="Modulation" value="MCS0NSS1"></item><item title="Bandwidth" value="20"></item><item title="Channel" value="132"></item><item title="Antenna" value="1"></item><item title="ExpectedPower" value="19"></item><item title="Power" value="19"></item><item title="TestType" value="Tx"></item><item title="EVM" value="-19,5911" result="PASS"></item><item title="FREQERR" value="1,25359" result="PASS"></item><item title="SYMCLOCKERR" value="8,85426" result="PASS"></item><item title="POWER" value="18,8359" result="PASS"></item><item title="LOLEAKAGE" value="-45,3442" result="PASS"></item><item title="SPECTRUMMASK" value="10,6862" result="PASS"></item><item title="SPECTRUMMARGIN" value="10,6862" result="PASS"></item></Record><Criteria><item title="Modulation" value="MCS0NSS1"></item><item title="Bandwidth" value="20"></item><item title="Antenna" value="1"></item><item title="Channel" value="132"></item><item title="RfIcTemperature" value="47"></item><item title="CpuTemperature" value="60"></item><item title="ExpectedPower" value="20"></item><item title="EVM" Max="-5" Min="-100"></item><item title="FREQERR" Max="15" Min="-15"></item><item title="SYMCLOCKERR" Max="20" Min="-100"></item><item title="POWER" Max="21,5" Min="18,5" Avg="20"></item><item title="LOLEAKAGE" Max="-17" Min="-100"></item><item title="SPECTRUMMASK" Max="100" Min="0"></item><item title="SPECTRUMMARGIN" Max="1000" Min="0"></item></Criteria><Record><item title="Modulation" value="MCS0NSS1"></item><item title="Bandwidth" value="20"></item><item title="Channel" value="132"></item><item title="Antenna" value="1"></item><item title="ExpectedPower" value="20"></item><item title="Power" value="20"></item><item title="TestType" value="Tx"></item><item title="EVM" value="-20,1859" result="PASS"></item><item title="FREQERR" value="1,25604" result="PASS"></item><item title="SYMCLOCKERR" value="-1,83096" result="PASS"></item><item title="POWER" value="19,3698" result="PASS"></item><item title="LOLEAKAGE" value="-45,0125" result="PASS"></item><item title="SPECTRUMMASK" value="11,7808" result="PASS"></item><item title="SPECTRUMMARGIN" value="11,7808" result="PASS"></item></Record><Criteria><item title="Modulation" value="MCS0NSS1"></item><item title="Bandwidth" value="20"></item><item title="Antenna" value="1"></item><item title="Channel" value="132"></item><item title="RfIcTemperature" value="47"></item><item title="CpuTemperature" value="60"></item><item title="ExpectedPower" value="21"></item><item title="EVM" Max="-5" Min="-100"></item><item title="FREQERR" Max="15" Min="-15"></item><item title="SYMCLOCKERR" Max="20" Min="-100"></item><item title="POWER" Max="22,5" Min="19,5" Avg="21"></item><item title="LOLEAKAGE" Max="-17" Min="-100"></item><item title="SPECTRUMMASK" Max="100" Min="0"></item><item title="SPECTRUMMARGIN" Max="1000" Min="0"></item></Criteria><Record><item title="Modulation" value="MCS0NSS1"></item><item title="Bandwidth" value="20"></item><item title="Channel" value="132"></item><item title="Antenna" value="1"></item><item title="ExpectedPower" value="21"></item><item title="Power" value="21"></item><item title="TestType" value="Tx"></item><item title="EVM" value="-18,5685" result="PASS"></item><item title="FREQERR" value="1,25714" result="PASS"></item><item title="SYMCLOCKERR" value="7,77846" result="PASS"></item><item title="POWER" value="20,454" result="PASS"></item><item title="LOLEAKAGE" value="-47,2425" result="PASS"></item><item title="SPECTRUMMASK" value="7,04315" result="PASS"></item><item title="SPECTRUMMARGIN" value="7,04315" result="PASS"></item></Record><Criteria><item title="Modulation" value="MCS0NSS1"></item><item title="Bandwidth" value="20"></item><item title="Antenna" value="1"></item><item title="Channel" value="132"></item><item title="RfIcTemperature" value="47"></item><item title="CpuTemperature" value="60"></item><item title="ExpectedPower" value="22"></item><item title="EVM" Max="-5" Min="-100"></item><item title="FREQERR" Max="15" Min="-15"></item><item title="SYMCLOCKERR" Max="20" Min="-100"></item><item title="POWER" Max="23,5" Min="20,5" Avg="22"></item><item title="LOLEAKAGE" Max="-17" Min="-100"></item><item title="SPECTRUMMASK" Max="100" Min="0"></item><item title="SPECTRUMMARGIN" Max="1000" Min="0"></item></Criteria><Record><item title="Modulation" value="MCS0NSS1"></item><item title="Bandwidth" value="20"></item><item title="Channel" value="132"></item><item title="Antenna" value="1"></item><item title="ExpectedPower" value="22"></item><item title="Power" value="22"></item><item title="TestType" value="Tx"></item><item title="EVM" value="-20,4268" result="PASS"></item><item title="FREQERR" value="1,26179" result="PASS"></item><item title="SYMCLOCKERR" value="1,28594" result="PASS"></item><item title="POWER" value="21,2913" result="PASS"></item><item title="LOLEAKAGE" value="-52,5085" result="PASS"></item><item title="SPECTRUMMASK" value="5,92914" result="PASS"></item><item title="SPECTRUMMARGIN" value="5,92914" result="PASS"></item></Record><Criteria><item title="Modulation" value="MCS0NSS1"></item><item title="Bandwidth" value="20"></item><item title="Antenna" value="1"></item><item title="Channel" value="132"></item><item title="RfIcTemperature" value="47"></item><item title="CpuTemperature" value="60"></item><item title="ExpectedPower" value="23"></item><item title="EVM" Max="-5" Min="-100"></item><item title="FREQERR" Max="15" Min="-15"></item><item title="SYMCLOCKERR" Max="20" Min="-100"></item><item title="POWER" Max="24,5" Min="21,5" Avg="23"></item><item title="LOLEAKAGE" Max="-17" Min="-100"></item><item title="SPECTRUMMASK" Max="100" Min="0"></item><item title="SPECTRUMMARGIN" Max="1000" Min="0"></item></Criteria><Record><item title="Modulation" value="MCS0NSS1"></item><item title="Bandwidth" value="20"></item><item title="Channel" value="132"></item><item title="Antenna" value="1"></item><item title="ExpectedPower" value="23"></item><item title="Power" value="23"></item><item title="TestType" value="Tx"></item><item title="EVM" value="-18,7893" result="PASS"></item><item title="FREQERR" value="1,2575" result="PASS"></item><item title="SYMCLOCKERR" value="2,07856" result="PASS"></item><item title="POWER" value="22,1781" result="PASS"></item><item title="LOLEAKAGE" value="-55,9893" result="PASS"></item><item title="SPECTRUMMASK" value="2,94451" result="PASS"></item><item title="SPECTRUMMARGIN" value="2,94451" result="PASS"></item></Record><Criteria><item title="Modulation" value="MCS0NSS1"></item><item title="Bandwidth" value="20"></item><item title="Antenna" value="1"></item><item title="Channel" value="132"></item><item title="RfIcTemperature" value="47"></item><item title="CpuTemperature" value="60"></item><item title="ExpectedPower" value="24"></item><item title="EVM" Max="-5" Min="-100"></item><item title="FREQERR" Max="15" Min="-15"></item><item title="SYMCLOCKERR" Max="20" Min="-100"></item><item title="POWER" Max="25,5" Min="22,5" Avg="24"></item><item title="LOLEAKAGE" Max="-17" Min="-100"></item><item title="SPECTRUMMASK" Max="100" Min="0"></item><item title="SPECTRUMMARGIN" Max="1000" Min="0"></item></Criteria><Record><item title="Modulation" value="MCS0NSS1"></item><item title="Bandwidth" value="20"></item><item title="Channel" value="132"></item><item title="Antenna" value="1"></item><item title="ExpectedPower" value="24"></item><item title="Power" value="24"></item><item title="TestType" value="Tx"></item><item title="EVM" value="-15,377" result="PASS"></item><item title="FREQERR" value="1,2651" result="PASS"></item><item title="SYMCLOCKERR" value="-1,49246" result="PASS"></item><item title="POWER" value="23,1403" result="PASS"></item><item title="LOLEAKAGE" value="-47,0929" result="PASS"></item><item title="SPECTRUMMASK" value="-0,278366" result="FAIL"></item><item title="SPECTRUMMARGIN" value="-0,278366" result="FAIL"></item></Record><Criteria><item title="Modulation" value="MCS0NSS1"></item><item title="Bandwidth" value="20"></item><item title="Antenna" value="1"></item><item title="Channel" value="132"></item><item title="RfIcTemperature" value="47"></item><item title="CpuTemperature" value="60"></item><item title="ExpectedPower" value="25"></item><item title="EVM" Max="-5" Min="-100"></item><item title="FREQERR" Max="15" Min="-15"></item><item title="SYMCLOCKERR" Max="20" Min="-100"></item><item title="POWER" Max="26,5" Min="23,5" Avg="25"></item><item title="LOLEAKAGE" Max="-17" Min="-100"></item><item title="SPECTRUMMASK" Max="100" Min="0"></item><item title="SPECTRUMMARGIN" Max="1000" Min="0"></item></Criteria><Record><item title="Modulation" value="MCS0NSS1"></item><item title="Bandwidth" value="20"></item><item title="Channel" value="132"></item><item title="Antenna" value="1"></item><item title="ExpectedPower" value="25"></item><item title="Power" value="25"></item><item title="TestType" value="Tx"></item><item title="EVM" value="-14,5888" result="PASS"></item><item title="FREQERR" value="1,26216" result="PASS"></item><item title="SYMCLOCKERR" value="5,54868" result="PASS"></item><item title="POWER" value="24,0016" result="PASS"></item><item title="LOLEAKAGE" value="-37,5404" result="PASS"></item><item title="SPECTRUMMASK" value="-2,41561" result="FAIL"></item><item title="SPECTRUMMARGIN" value="-2,41561" result="FAIL"></item></Record><Criteria><item title="Modulation" value="MCS0NSS1"></item><item title="Bandwidth" value="20"></item><item title="Antenna" value="2"></item><item title="Channel" value="132"></item><item title="RfIcTemperature" value="47"></item><item title="CpuTemperature" value="60"></item><item title="ExpectedPower" value="10"></item><item title="EVM" Max="-5" Min="-100"></item><item title="FREQERR" Max="15" Min="-15"></item><item title="SYMCLOCKERR" Max="20" Min="-100"></item><item title="POWER" Max="11,5" Min="8,5" Avg="10"></item><item title="LOLEAKAGE" Max="-17" Min="-100"></item><item title="SPECTRUMMASK" Max="100" Min="0"></item><item title="SPECTRUMMARGIN" Max="1000" Min="0"></item></Criteria><Record><item title="Modulation" value="MCS0NSS1"></item><item title="Bandwidth" value="20"></item><item title="Channel" value="132"></item><item title="Antenna" value="2"></item><item title="ExpectedPower" value="10"></item><item title="Power" value="10"></item><item title="TestType" value="Tx"></item><item title="EVM" value="-21,4034" result="PASS"></item><item title="FREQERR" value="1,25285" result="PASS"></item><item title="SYMCLOCKERR" value="7,74696" result="PASS"></item><item title="POWER" value="9,70309" result="PASS"></item><item title="LOLEAKAGE" value="-31,8929" result="PASS"></item><item title="SPECTRUMMASK" value="11,4733" result="PASS"></item><item title="SPECTRUMMARGIN" value="11,4733" result="PASS"></item></Record><Criteria><item title="Modulation" value="MCS0NSS1"></item><item title="Bandwidth" value="20"></item><item title="Antenna" value="2"></item><item title="Channel" value="132"></item><item title="RfIcTemperature" value="47"></item><item title="CpuTemperature" value="60"></item><item title="ExpectedPower" value="11"></item><item title="EVM" Max="-5" Min="-100"></item><item title="FREQERR" Max="15" Min="-15"></item><item title="SYMCLOCKERR" Max="20" Min="-100"></item><item title="POWER" Max="12,5" Min="9,5" Avg="11"></item><item title="LOLEAKAGE" Max="-17" Min="-100"></item><item title="SPECTRUMMASK" Max="100" Min="0"></item><item title="SPECTRUMMARGIN" Max="1000" Min="0"></item></Criteria><Record><item title="Modulation" value="MCS0NSS1"></item><item title="Bandwidth" value="20"></item><item title="Channel" value="132"></item><item title="Antenna" value="2"></item><item title="ExpectedPower" value="11"></item><item title="Power" value="11"></item><item title="TestType" value="Tx"></item><item title="EVM" value="-19,7336" result="PASS"></item><item title="FREQERR" value="1,25827" result="PASS"></item><item title="SYMCLOCKERR" value="8,64381" result="PASS"></item><item title="POWER" value="11,0031" result="PASS"></item><item title="LOLEAKAGE" value="-30,2028" result="PASS"></item><item title="SPECTRUMMASK" value="11,9615" result="PASS"></item><item title="SPECTRUMMARGIN" value="11,9615" result="PASS"></item></Record><Criteria><item title="Modulation" value="MCS0NSS1"></item><item title="Bandwidth" value="20"></item><item title="Antenna" value="2"></item><item title="Channel" value="132"></item><item title="RfIcTemperature" value="47"></item><item title="CpuTemperature" value="60"></item><item title="ExpectedPower" value="12"></item><item title="EVM" Max="-5" Min="-100"></item><item title="FREQERR" Max="15" Min="-15"></item><item title="SYMCLOCKERR" Max="20" Min="-100"></item><item title="POWER" Max="13,5" Min="10,5" Avg="12"></item><item title="LOLEAKAGE" Max="-17" Min="-100"></item><item title="SPECTRUMMASK" Max="100" Min="0"></item><item title="SPECTRUMMARGIN" Max="1000" Min="0"></item></Criteria><Record><item title="Modulation" value="MCS0NSS1"></item><item title="Bandwidth" value="20"></item><item title="Channel" value="132"></item><item title="Antenna" value="2"></item><item title="ExpectedPower" value="12"></item><item title="Power" value="12"></item><item title="TestType" value="Tx"></item><item title="EVM" value="-18,5648" result="PASS"></item><item title="FREQERR" value="1,27021" result="PASS"></item><item title="SYMCLOCKERR" value="-0,566554" result="PASS"></item><item title="POWER" value="11,9317" result="PASS"></item><item title="LOLEAKAGE" value="-32,4263" result="PASS"></item><item title="SPECTRUMMASK" value="10,8969" result="PASS"></item><item title="SPECTRUMMARGIN" value="10,8969" result="PASS"></item></Record><Criteria><item title="Modulation" value="MCS0NSS1"></item><item title="Bandwidth" value="20"></item><item title="Antenna" value="2"></item><item title="Channel" value="132"></item><item title="RfIcTemperature" value="47"></item><item title="CpuTemperature" value="60"></item><item title="ExpectedPower" value="13"></item><item title="EVM" Max="-5" Min="-100"></item><item title="FREQERR" Max="15" Min="-15"></item><item title="SYMCLOCKERR" Max="20" Min="-100"></item><item title="POWER" Max="14,5" Min="11,5" Avg="13"></item><item title="LOLEAKAGE" Max="-17" Min="-100"></item><item title="SPECTRUMMASK" Max="100" Min="0"></item><item title="SPECTRUMMARGIN" Max="1000" Min="0"></item></Criteria><Record><item title="Modulation" value="MCS0NSS1"></item><item title="Bandwidth" value="20"></item><item title="Channel" value="132"></item><item title="Antenna" value="2"></item><item title="ExpectedPower" value="13"></item><item title="Power" value="13"></item><item title="TestType" value="Tx"></item><item title="EVM" value="-18,3173" result="PASS"></item><item title="FREQERR" value="1,26631" result="PASS"></item><item title="SYMCLOCKERR" value="-4,73661" result="PASS"></item><item title="POWER" value="12,8591" result="PASS"></item><item title="LOLEAKAGE" value="-32,3585" result="PASS"></item><item title="SPECTRUMMASK" value="11,41" result="PASS"></item><item title="SPECTRUMMARGIN" value="11,41" result="PASS"></item></Record><Criteria><item title="Modulation" value="MCS0NSS1"></item><item title="Bandwidth" value="20"></item><item title="Antenna" value="2"></item><item title="Channel" value="132"></item><item title="RfIcTemperature" value="47"></item><item title="CpuTemperature" value="60"></item><item title="ExpectedPower" value="14"></item><item title="EVM" Max="-5" Min="-100"></item><item title="FREQERR" Max="15" Min="-15"></item><item title="SYMCLOCKERR" Max="20" Min="-100"></item><item title="POWER" Max="15,5" Min="12,5" Avg="14"></item><item title="LOLEAKAGE" Max="-17" Min="-100"></item><item title="SPECTRUMMASK" Max="100" Min="0"></item><item title="SPECTRUMMARGIN" Max="1000" Min="0"></item></Criteria><Record><item title="Modulation" value="MCS0NSS1"></item><item title="Bandwidth" value="20"></item><item title="Channel" value="132"></item><item title="Antenna" value="2"></item><item title="ExpectedPower" value="14"></item><item title="Power" value="14"></item><item title="TestType" value="Tx"></item><item title="EVM" value="-20,2831" result="PASS"></item><item title="FREQERR" value="1,26116" result="PASS"></item><item title="SYMCLOCKERR" value="5,07274" result="PASS"></item><item title="POWER" value="13,8828" result="PASS"></item><item title="LOLEAKAGE" value="-35,514" result="PASS"></item><item title="SPECTRUMMASK" value="12,3113" result="PASS"></item><item title="SPECTRUMMARGIN" value="12,3113" result="PASS"></item></Record><Criteria><item title="Modulation" value="MCS0NSS1"></item><item title="Bandwidth" value="20"></item><item title="Antenna" value="2"></item><item title="Channel" value="132"></item><item title="RfIcTemperature" value="47"></item><item title="CpuTemperature" value="60"></item><item title="ExpectedPower" value="15"></item><item title="EVM" Max="-5" Min="-100"></item><item title="FREQERR" Max="15" Min="-15"></item><item title="SYMCLOCKERR" Max="20" Min="-100"></item><item title="POWER" Max="16,5" Min="13,5" Avg="15"></item><item title="LOLEAKAGE" Max="-17" Min="-100"></item><item title="SPECTRUMMASK" Max="100" Min="0"></item><item title="SPECTRUMMARGIN" Max="1000" Min="0"></item></Criteria><Record><item title="Modulation" value="MCS0NSS1"></item><item title="Bandwidth" value="20"></item><item title="Channel" value="132"></item><item title="Antenna" value="2"></item><item title="ExpectedPower" value="15"></item><item title="Power" value="15"></item><item title="TestType" value="Tx"></item><item title="EVM" value="-18,8617" result="PASS"></item><item title="FREQERR" value="1,2593" result="PASS"></item><item title="SYMCLOCKERR" value="1,5682" result="PASS"></item><item title="POWER" value="15,0009" result="PASS"></item><item title="LOLEAKAGE" value="-35,3668" result="PASS"></item><item title="SPECTRUMMASK" value="10,9892" result="PASS"></item><item title="SPECTRUMMARGIN" value="10,9892" result="PASS"></item></Record><Criteria><item title="Modulation" value="MCS0NSS1"></item><item title="Bandwidth" value="20"></item><item title="Antenna" value="2"></item><item title="Channel" value="132"></item><item title="RfIcTemperature" value="47"></item><item title="CpuTemperature" value="60"></item><item title="ExpectedPower" value="16"></item><item title="EVM" Max="-5" Min="-100"></item><item title="FREQERR" Max="15" Min="-15"></item><item title="SYMCLOCKERR" Max="20" Min="-100"></item><item title="POWER" Max="17,5" Min="14,5" Avg="16"></item><item title="LOLEAKAGE" Max="-17" Min="-100"></item><item title="SPECTRUMMASK" Max="100" Min="0"></item><item title="SPECTRUMMARGIN" Max="1000" Min="0"></item></Criteria><Record><item title="Modulation" value="MCS0NSS1"></item><item title="Bandwidth" value="20"></item><item title="Channel" value="132"></item><item title="Antenna" value="2"></item><item title="ExpectedPower" value="16"></item><item title="Power" value="16"></item><item title="TestType" value="Tx"></item><item title="EVM" value="-19,8194" result="PASS"></item><item title="FREQERR" value="1,26803" result="PASS"></item><item title="SYMCLOCKERR" value="8,24436" result="PASS"></item><item title="POWER" value="15,9819" result="PASS"></item><item title="LOLEAKAGE" value="-35,9409" result="PASS"></item><item title="SPECTRUMMASK" value="11,4777" result="PASS"></item><item title="SPECTRUMMARGIN" value="11,4777" result="PASS"></item></Record><Criteria><item title="Modulation" value="MCS0NSS1"></item><item title="Bandwidth" value="20"></item><item title="Antenna" value="2"></item><item title="Channel" value="132"></item><item title="RfIcTemperature" value="47"></item><item title="CpuTemperature" value="60"></item><item title="ExpectedPower" value="17"></item><item title="EVM" Max="-5" Min="-100"></item><item title="FREQERR" Max="15" Min="-15"></item><item title="SYMCLOCKERR" Max="20" Min="-100"></item><item title="POWER" Max="18,5" Min="15,5" Avg="17"></item><item title="LOLEAKAGE" Max="-17" Min="-100"></item><item title="SPECTRUMMASK" Max="100" Min="0"></item><item title="SPECTRUMMARGIN" Max="1000" Min="0"></item></Criteria><Record><item title="Modulation" value="MCS0NSS1"></item><item title="Bandwidth" value="20"></item><item title="Channel" value="132"></item><item title="Antenna" value="2"></item><item title="ExpectedPower" value="17"></item><item title="Power" value="17"></item><item title="TestType" value="Tx"></item><item title="EVM" value="-19,5717" result="PASS"></item><item title="FREQERR" value="1,27266" result="PASS"></item><item title="SYMCLOCKERR" value="3,50527" result="PASS"></item><item title="POWER" value="17,0542" result="PASS"></item><item title="LOLEAKAGE" value="-41,125" result="PASS"></item><item title="SPECTRUMMASK" value="10,8028" result="PASS"></item><item title="SPECTRUMMARGIN" value="10,8028" result="PASS"></item></Record><Criteria><item title="Modulation" value="MCS0NSS1"></item><item title="Bandwidth" value="20"></item><item title="Antenna" value="2"></item><item title="Channel" value="132"></item><item title="RfIcTemperature" value="47"></item><item title="CpuTemperature" value="60"></item><item title="ExpectedPower" value="18"></item><item title="EVM" Max="-5" Min="-100"></item><item title="FREQERR" Max="15" Min="-15"></item><item title="SYMCLOCKERR" Max="20" Min="-100"></item><item title="POWER" Max="19,5" Min="16,5" Avg="18"></item><item title="LOLEAKAGE" Max="-17" Min="-100"></item><item title="SPECTRUMMASK" Max="100" Min="0"></item><item title="SPECTRUMMARGIN" Max="1000" Min="0"></item></Criteria><Record><item title="Modulation" value="MCS0NSS1"></item><item title="Bandwidth" value="20"></item><item title="Channel" value="132"></item><item title="Antenna" value="2"></item><item title="ExpectedPower" value="18"></item><item title="Power" value="18"></item><item title="TestType" value="Tx"></item><item title="EVM" value="-20,7937" result="PASS"></item><item title="FREQERR" value="1,26377" result="PASS"></item><item title="SYMCLOCKERR" value="0,933945" result="PASS"></item><item title="POWER" value="17,9239" result="PASS"></item><item title="LOLEAKAGE" value="-40,6031" result="PASS"></item><item title="SPECTRUMMASK" value="11,9333" result="PASS"></item><item title="SPECTRUMMARGIN" value="11,9333" result="PASS"></item></Record><Criteria><item title="Modulation" value="MCS0NSS1"></item><item title="Bandwidth" value="20"></item><item title="Antenna" value="2"></item><item title="Channel" value="132"></item><item title="RfIcTemperature" value="47"></item><item title="CpuTemperature" value="60"></item><item title="ExpectedPower" value="19"></item><item title="EVM" Max="-5" Min="-100"></item><item title="FREQERR" Max="15" Min="-15"></item><item title="SYMCLOCKERR" Max="20" Min="-100"></item><item title="POWER" Max="20,5" Min="17,5" Avg="19"></item><item title="LOLEAKAGE" Max="-17" Min="-100"></item><item title="SPECTRUMMASK" Max="100" Min="0"></item><item title="SPECTRUMMARGIN" Max="1000" Min="0"></item></Criteria><Record><item title="Modulation" value="MCS0NSS1"></item><item title="Bandwidth" value="20"></item><item title="Channel" value="132"></item><item title="Antenna" value="2"></item><item title="ExpectedPower" value="19"></item><item title="Power" value="19"></item><item title="TestType" value="Tx"></item><item title="EVM" value="-19,641" result="PASS"></item><item title="FREQERR" value="1,26554" result="PASS"></item><item title="SYMCLOCKERR" value="-1,05847" result="PASS"></item><item title="POWER" value="18,8184" result="PASS"></item><item title="LOLEAKAGE" value="-41,2164" result="PASS"></item><item title="SPECTRUMMASK" value="11,3374" result="PASS"></item><item title="SPECTRUMMARGIN" value="11,3374" result="PASS"></item></Record><Criteria><item title="Modulation" value="MCS0NSS1"></item><item title="Bandwidth" value="20"></item><item title="Antenna" value="2"></item><item title="Channel" value="132"></item><item title="RfIcTemperature" value="47"></item><item title="CpuTemperature" value="60"></item><item title="ExpectedPower" value="20"></item><item title="EVM" Max="-5" Min="-100"></item><item title="FREQERR" Max="15" Min="-15"></item><item title="SYMCLOCKERR" Max="20" Min="-100"></item><item title="POWER" Max="21,5" Min="18,5" Avg="20"></item><item title="LOLEAKAGE" Max="-17" Min="-100"></item><item title="SPECTRUMMASK" Max="100" Min="0"></item><item title="SPECTRUMMARGIN" Max="1000" Min="0"></item></Criteria><Record><item title="Modulation" value="MCS0NSS1"></item><item title="Bandwidth" value="20"></item><item title="Channel" value="132"></item><item title="Antenna" value="2"></item><item title="ExpectedPower" value="20"></item><item title="Power" value="20"></item><item title="TestType" value="Tx"></item><item title="EVM" value="-20,4543" result="PASS"></item><item title="FREQERR" value="1,26834" result="PASS"></item><item title="SYMCLOCKERR" value="12,8454" result="PASS"></item><item title="POWER" value="20,073" result="PASS"></item><item title="LOLEAKAGE" value="-53,4511" result="PASS"></item><item title="SPECTRUMMASK" value="11,6195" result="PASS"></item><item title="SPECTRUMMARGIN" value="11,6195" result="PASS"></item></Record><Criteria><item title="Modulation" value="MCS0NSS1"></item><item title="Bandwidth" value="20"></item><item title="Antenna" value="2"></item><item title="Channel" value="132"></item><item title="RfIcTemperature" value="47"></item><item title="CpuTemperature" value="60"></item><item title="ExpectedPower" value="21"></item><item title="EVM" Max="-5" Min="-100"></item><item title="FREQERR" Max="15" Min="-15"></item><item title="SYMCLOCKERR" Max="20" Min="-100"></item><item title="POWER" Max="22,5" Min="19,5" Avg="21"></item><item title="LOLEAKAGE" Max="-17" Min="-100"></item><item title="SPECTRUMMASK" Max="100" Min="0"></item><item title="SPECTRUMMARGIN" Max="1000" Min="0"></item></Criteria><Record><item title="Modulation" value="MCS0NSS1"></item><item title="Bandwidth" value="20"></item><item title="Channel" value="132"></item><item title="Antenna" value="2"></item><item title="ExpectedPower" value="21"></item><item title="Power" value="21"></item><item title="TestType" value="Tx"></item><item title="EVM" value="-19,6085" result="PASS"></item><item title="FREQERR" value="1,26722" result="PASS"></item><item title="SYMCLOCKERR" value="4,39085" result="PASS"></item><item title="POWER" value="20,8021" result="PASS"></item><item title="LOLEAKAGE" value="-54,3404" result="PASS"></item><item title="SPECTRUMMASK" value="11,1052" result="PASS"></item><item title="SPECTRUMMARGIN" value="11,1052" result="PASS"></item></Record><Criteria><item title="Modulation" value="MCS0NSS1"></item><item title="Bandwidth" value="20"></item><item title="Antenna" value="2"></item><item title="Channel" value="132"></item><item title="RfIcTemperature" value="47"></item><item title="CpuTemperature" value="60"></item><item title="ExpectedPower" value="22"></item><item title="EVM" Max="-5" Min="-100"></item><item title="FREQERR" Max="15" Min="-15"></item><item title="SYMCLOCKERR" Max="20" Min="-100"></item><item title="POWER" Max="23,5" Min="20,5" Avg="22"></item><item title="LOLEAKAGE" Max="-17" Min="-100"></item><item title="SPECTRUMMASK" Max="100" Min="0"></item><item title="SPECTRUMMARGIN" Max="1000" Min="0"></item></Criteria><Record><item title="Modulation" value="MCS0NSS1"></item><item title="Bandwidth" value="20"></item><item title="Channel" value="132"></item><item title="Antenna" value="2"></item><item title="ExpectedPower" value="22"></item><item title="Power" value="22"></item><item title="TestType" value="Tx"></item><item title="EVM" value="-17,3147" result="PASS"></item><item title="FREQERR" value="1,26175" result="PASS"></item><item title="SYMCLOCKERR" value="2,64099" result="PASS"></item><item title="POWER" value="21,7732" result="PASS"></item><item title="LOLEAKAGE" value="-63,5417" result="PASS"></item><item title="SPECTRUMMASK" value="9,33897" result="PASS"></item><item title="SPECTRUMMARGIN" value="9,33897" result="PASS"></item></Record><Criteria><item title="Modulation" value="MCS0NSS1"></item><item title="Bandwidth" value="20"></item><item title="Antenna" value="2"></item><item title="Channel" value="132"></item><item title="RfIcTemperature" value="47"></item><item title="CpuTemperature" value="60"></item><item title="ExpectedPower" value="23"></item><item title="EVM" Max="-5" Min="-100"></item><item title="FREQERR" Max="15" Min="-15"></item><item title="SYMCLOCKERR" Max="20" Min="-100"></item><item title="POWER" Max="24,5" Min="21,5" Avg="23"></item><item title="LOLEAKAGE" Max="-17" Min="-100"></item><item title="SPECTRUMMASK" Max="100" Min="0"></item><item title="SPECTRUMMARGIN" Max="1000" Min="0"></item></Criteria><Record><item title="Modulation" value="MCS0NSS1"></item><item title="Bandwidth" value="20"></item><item title="Channel" value="132"></item><item title="Antenna" value="2"></item><item title="ExpectedPower" value="23"></item><item title="Power" value="23"></item><item title="TestType" value="Tx"></item><item title="EVM" value="-19,9367" result="PASS"></item><item title="FREQERR" value="1,2656" result="PASS"></item><item title="SYMCLOCKERR" value="1,91607" result="PASS"></item><item title="POWER" value="22,7272" result="PASS"></item><item title="LOLEAKAGE" value="-53,0851" result="PASS"></item><item title="SPECTRUMMASK" value="6,18141" result="PASS"></item><item title="SPECTRUMMARGIN" value="6,18141" result="PASS"></item></Record><Criteria><item title="Modulation" value="MCS0NSS1"></item><item title="Bandwidth" value="20"></item><item title="Antenna" value="2"></item><item title="Channel" value="132"></item><item title="RfIcTemperature" value="47"></item><item title="CpuTemperature" value="60"></item><item title="ExpectedPower" value="24"></item><item title="EVM" Max="-5" Min="-100"></item><item title="FREQERR" Max="15" Min="-15"></item><item title="SYMCLOCKERR" Max="20" Min="-100"></item><item title="POWER" Max="25,5" Min="22,5" Avg="24"></item><item title="LOLEAKAGE" Max="-17" Min="-100"></item><item title="SPECTRUMMASK" Max="100" Min="0"></item><item title="SPECTRUMMARGIN" Max="1000" Min="0"></item></Criteria><Record><item title="Modulation" value="MCS0NSS1"></item><item title="Bandwidth" value="20"></item><item title="Channel" value="132"></item><item title="Antenna" value="2"></item><item title="ExpectedPower" value="24"></item><item title="Power" value="24"></item><item title="TestType" value="Tx"></item><item title="EVM" value="-17,5618" result="PASS"></item><item title="FREQERR" value="1,27941" result="PASS"></item><item title="SYMCLOCKERR" value="-3,72089" result="PASS"></item><item title="POWER" value="23,843" result="PASS"></item><item title="LOLEAKAGE" value="-44,3282" result="PASS"></item><item title="SPECTRUMMASK" value="3,13625" result="PASS"></item><item title="SPECTRUMMARGIN" value="3,13625" result="PASS"></item></Record><Criteria><item title="Modulation" value="MCS0NSS1"></item><item title="Bandwidth" value="20"></item><item title="Antenna" value="2"></item><item title="Channel" value="132"></item><item title="RfIcTemperature" value="47"></item><item title="CpuTemperature" value="60"></item><item title="ExpectedPower" value="25"></item><item title="EVM" Max="-5" Min="-100"></item><item title="FREQERR" Max="15" Min="-15"></item><item title="SYMCLOCKERR" Max="20" Min="-100"></item><item title="POWER" Max="26,5" Min="23,5" Avg="25"></item><item title="LOLEAKAGE" Max="-17" Min="-100"></item><item title="SPECTRUMMASK" Max="100" Min="0"></item><item title="SPECTRUMMARGIN" Max="1000" Min="0"></item></Criteria><Record><item title="Modulation" value="MCS0NSS1"></item><item title="Bandwidth" value="20"></item><item title="Channel" value="132"></item><item title="Antenna" value="2"></item><item title="ExpectedPower" value="25"></item><item title="Power" value="25"></item><item title="TestType" value="Tx"></item><item title="EVM" value="-15,1072" result="PASS"></item><item title="FREQERR" value="1,26145" result="PASS"></item><item title="SYMCLOCKERR" value="0,733753" result="PASS"></item><item title="POWER" value="24,8948" result="PASS"></item><item title="LOLEAKAGE" value="-40,8766" result="PASS"></item><item title="SPECTRUMMASK" value="0,5228" result="PASS"></item><item title="SPECTRUMMARGIN" value="0,5228" result="PASS"></item></Record><Criteria><item title="Modulation" value="MCS0NSS1"></item><item title="Bandwidth" value="20"></item><item title="Antenna" value="3"></item><item title="Channel" value="132"></item><item title="RfIcTemperature" value="47"></item><item title="CpuTemperature" value="60"></item><item title="ExpectedPower" value="10"></item><item title="EVM" Max="-5" Min="-100"></item><item title="FREQERR" Max="15" Min="-15"></item><item title="SYMCLOCKERR" Max="20" Min="-100"></item><item title="POWER" Max="11,5" Min="8,5" Avg="10"></item><item title="LOLEAKAGE" Max="-17" Min="-100"></item><item title="SPECTRUMMASK" Max="100" Min="0"></item><item title="SPECTRUMMARGIN" Max="1000" Min="0"></item></Criteria><Record><item title="Modulation" value="MCS0NSS1"></item><item title="Bandwidth" value="20"></item><item title="Channel" value="132"></item><item title="Antenna" value="3"></item><item title="ExpectedPower" value="10"></item><item title="Power" value="10"></item><item title="TestType" value="Tx"></item><item title="EVM" value="-21,5342" result="PASS"></item><item title="FREQERR" value="1,25987" result="PASS"></item><item title="SYMCLOCKERR" value="5,34149" result="PASS"></item><item title="POWER" value="8,64614" result="PASS"></item><item title="LOLEAKAGE" value="-30,1789" result="PASS"></item><item title="SPECTRUMMASK" value="12,5198" result="PASS"></item><item title="SPECTRUMMARGIN" value="12,5198" result="PASS"></item></Record><Criteria><item title="Modulation" value="MCS0NSS1"></item><item title="Bandwidth" value="20"></item><item title="Antenna" value="3"></item><item title="Channel" value="132"></item><item title="RfIcTemperature" value="47"></item><item title="CpuTemperature" value="60"></item><item title="ExpectedPower" value="11"></item><item title="EVM" Max="-5" Min="-100"></item><item title="FREQERR" Max="15" Min="-15"></item><item title="SYMCLOCKERR" Max="20" Min="-100"></item><item title="POWER" Max="12,5" Min="9,5" Avg="11"></item><item title="LOLEAKAGE" Max="-17" Min="-100"></item><item title="SPECTRUMMASK" Max="100" Min="0"></item><item title="SPECTRUMMARGIN" Max="1000" Min="0"></item></Criteria><Record><item title="Modulation" value="MCS0NSS1"></item><item title="Bandwidth" value="20"></item><item title="Channel" value="132"></item><item title="Antenna" value="3"></item><item title="ExpectedPower" value="11"></item><item title="Power" value="11"></item><item title="TestType" value="Tx"></item><item title="EVM" value="-19,1368" result="PASS"></item><item title="FREQERR" value="1,25735" result="PASS"></item><item title="SYMCLOCKERR" value="0,722393" result="PASS"></item><item title="POWER" value="9,92748" result="PASS"></item><item title="LOLEAKAGE" value="-29,5172" result="PASS"></item><item title="SPECTRUMMASK" value="13,0862" result="PASS"></item><item title="SPECTRUMMARGIN" value="13,0862" result="PASS"></item></Record><Criteria><item title="Modulation" value="MCS0NSS1"></item><item title="Bandwidth" value="20"></item><item title="Antenna" value="3"></item><item title="Channel" value="132"></item><item title="RfIcTemperature" value="47"></item><item title="CpuTemperature" value="60"></item><item title="ExpectedPower" value="12"></item><item title="EVM" Max="-5" Min="-100"></item><item title="FREQERR" Max="15" Min="-15"></item><item title="SYMCLOCKERR" Max="20" Min="-100"></item><item title="POWER" Max="13,5" Min="10,5" Avg="12"></item><item title="LOLEAKAGE" Max="-17" Min="-100"></item><item title="SPECTRUMMASK" Max="100" Min="0"></item><item title="SPECTRUMMARGIN" Max="1000" Min="0"></item></Criteria><Record><item title="Modulation" value="MCS0NSS1"></item><item title="Bandwidth" value="20"></item><item title="Channel" value="132"></item><item title="Antenna" value="3"></item><item title="ExpectedPower" value="12"></item><item title="Power" value="12"></item><item title="TestType" value="Tx"></item><item title="EVM" value="-21,1226" result="PASS"></item><item title="FREQERR" value="1,26578" result="PASS"></item><item title="SYMCLOCKERR" value="5,22138" result="PASS"></item><item title="POWER" value="11,299" result="PASS"></item><item title="LOLEAKAGE" value="-29,0696" result="PASS"></item><item title="SPECTRUMMASK" value="11,5714" result="PASS"></item><item title="SPECTRUMMARGIN" value="11,5714" result="PASS"></item></Record><Criteria><item title="Modulation" value="MCS0NSS1"></item><item title="Bandwidth" value="20"></item><item title="Antenna" value="3"></item><item title="Channel" value="132"></item><item title="RfIcTemperature" value="47"></item><item title="CpuTemperature" value="60"></item><item title="ExpectedPower" value="13"></item><item title="EVM" Max="-5" Min="-100"></item><item title="FREQERR" Max="15" Min="-15"></item><item title="SYMCLOCKERR" Max="20" Min="-100"></item><item title="POWER" Max="14,5" Min="11,5" Avg="13"></item><item title="LOLEAKAGE" Max="-17" Min="-100"></item><item title="SPECTRUMMASK" Max="100" Min="0"></item><item title="SPECTRUMMARGIN" Max="1000" Min="0"></item></Criteria><Record><item title="Modulation" value="MCS0NSS1"></item><item title="Bandwidth" value="20"></item><item title="Channel" value="132"></item><item title="Antenna" value="3"></item><item title="ExpectedPower" value="13"></item><item title="Power" value="13"></item><item title="TestType" value="Tx"></item><item title="EVM" value="-22,5118" result="PASS"></item><item title="FREQERR" value="1,26625" result="PASS"></item><item title="SYMCLOCKERR" value="8,10741" result="PASS"></item><item title="POWER" value="12,2104" result="PASS"></item><item title="LOLEAKAGE" value="-30,1576" result="PASS"></item><item title="SPECTRUMMASK" value="11,0759" result="PASS"></item><item title="SPECTRUMMARGIN" value="11,0759" result="PASS"></item></Record><Criteria><item title="Modulation" value="MCS0NSS1"></item><item title="Bandwidth" value="20"></item><item title="Antenna" value="3"></item><item title="Channel" value="132"></item><item title="RfIcTemperature" value="47"></item><item title="CpuTemperature" value="60"></item><item title="ExpectedPower" value="14"></item><item title="EVM" Max="-5" Min="-100"></item><item title="FREQERR" Max="15" Min="-15"></item><item title="SYMCLOCKERR" Max="20" Min="-100"></item><item title="POWER" Max="15,5" Min="12,5" Avg="14"></item><item title="LOLEAKAGE" Max="-17" Min="-100"></item><item title="SPECTRUMMASK" Max="100" Min="0"></item><item title="SPECTRUMMARGIN" Max="1000" Min="0"></item></Criteria><Record><item title="Modulation" value="MCS0NSS1"></item><item title="Bandwidth" value="20"></item><item title="Channel" value="132"></item><item title="Antenna" value="3"></item><item title="ExpectedPower" value="14"></item><item title="Power" value="14"></item><item title="TestType" value="Tx"></item><item title="EVM" value="-19,6239" result="PASS"></item><item title="FREQERR" value="1,26051" result="PASS"></item><item title="SYMCLOCKERR" value="3,58596" result="PASS"></item><item title="POWER" value="13,3639" result="PASS"></item><item title="LOLEAKAGE" value="-29,67" result="PASS"></item><item title="SPECTRUMMASK" value="12,0194" result="PASS"></item><item title="SPECTRUMMARGIN" value="12,0194" result="PASS"></item></Record><Criteria><item title="Modulation" value="MCS0NSS1"></item><item title="Bandwidth" value="20"></item><item title="Antenna" value="3"></item><item title="Channel" value="132"></item><item title="RfIcTemperature" value="47"></item><item title="CpuTemperature" value="60"></item><item title="ExpectedPower" value="15"></item><item title="EVM" Max="-5" Min="-100"></item><item title="FREQERR" Max="15" Min="-15"></item><item title="SYMCLOCKERR" Max="20" Min="-100"></item><item title="POWER" Max="16,5" Min="13,5" Avg="15"></item><item title="LOLEAKAGE" Max="-17" Min="-100"></item><item title="SPECTRUMMASK" Max="100" Min="0"></item><item title="SPECTRUMMARGIN" Max="1000" Min="0"></item></Criteria><Record><item title="Modulation" value="MCS0NSS1"></item><item title="Bandwidth" value="20"></item><item title="Channel" value="132"></item><item title="Antenna" value="3"></item><item title="ExpectedPower" value="15"></item><item title="Power" value="15"></item><item title="TestType" value="Tx"></item><item title="EVM" value="-18,4246" result="PASS"></item><item title="FREQERR" value="1,2699" result="PASS"></item><item title="SYMCLOCKERR" value="1,5543" result="PASS"></item><item title="POWER" value="14,3602" result="PASS"></item><item title="LOLEAKAGE" value="-30,9406" result="PASS"></item><item title="SPECTRUMMASK" value="10,7003" result="PASS"></item><item title="SPECTRUMMARGIN" value="10,7003" result="PASS"></item></Record><Criteria><item title="Modulation" value="MCS0NSS1"></item><item title="Bandwidth" value="20"></item><item title="Antenna" value="3"></item><item title="Channel" value="132"></item><item title="RfIcTemperature" value="47"></item><item title="CpuTemperature" value="60"></item><item title="ExpectedPower" value="16"></item><item title="EVM" Max="-5" Min="-100"></item><item title="FREQERR" Max="15" Min="-15"></item><item title="SYMCLOCKERR" Max="20" Min="-100"></item><item title="POWER" Max="17,5" Min="14,5" Avg="16"></item><item title="LOLEAKAGE" Max="-17" Min="-100"></item><item title="SPECTRUMMASK" Max="100" Min="0"></item><item title="SPECTRUMMARGIN" Max="1000" Min="0"></item></Criteria><Record><item title="Modulation" value="MCS0NSS1"></item><item title="Bandwidth" value="20"></item><item title="Channel" value="132"></item><item title="Antenna" value="3"></item><item title="ExpectedPower" value="16"></item><item title="Power" value="16"></item><item title="TestType" value="Tx"></item><item title="EVM" value="-18,7386" result="PASS"></item><item title="FREQERR" value="1,27636" result="PASS"></item><item title="SYMCLOCKERR" value="-1,58099" result="PASS"></item><item title="POWER" value="15,5346" result="PASS"></item><item title="LOLEAKAGE" value="-36,6179" result="PASS"></item><item title="SPECTRUMMASK" value="12,1952" result="PASS"></item><item title="SPECTRUMMARGIN" value="12,1952" result="PASS"></item></Record><Criteria><item title="Modulation" value="MCS0NSS1"></item><item title="Bandwidth" value="20"></item><item title="Antenna" value="3"></item><item title="Channel" value="132"></item><item title="RfIcTemperature" value="47"></item><item title="CpuTemperature" value="60"></item><item title="ExpectedPower" value="17"></item><item title="EVM" Max="-5" Min="-100"></item><item title="FREQERR" Max="15" Min="-15"></item><item title="SYMCLOCKERR" Max="20" Min="-100"></item><item title="POWER" Max="18,5" Min="15,5" Avg="17"></item><item title="LOLEAKAGE" Max="-17" Min="-100"></item><item title="SPECTRUMMASK" Max="100" Min="0"></item><item title="SPECTRUMMARGIN" Max="1000" Min="0"></item></Criteria><Record><item title="Modulation" value="MCS0NSS1"></item><item title="Bandwidth" value="20"></item><item title="Channel" value="132"></item><item title="Antenna" value="3"></item><item title="ExpectedPower" value="17"></item><item title="Power" value="17"></item><item title="TestType" value="Tx"></item><item title="EVM" value="-19,4675" result="PASS"></item><item title="FREQERR" value="1,27271" result="PASS"></item><item title="SYMCLOCKERR" value="5,20871" result="PASS"></item><item title="POWER" value="16,4734" result="PASS"></item><item title="LOLEAKAGE" value="-37,3934" result="PASS"></item><item title="SPECTRUMMASK" value="10,7356" result="PASS"></item><item title="SPECTRUMMARGIN" value="10,7356" result="PASS"></item></Record><Criteria><item title="Modulation" value="MCS0NSS1"></item><item title="Bandwidth" value="20"></item><item title="Antenna" value="3"></item><item title="Channel" value="132"></item><item title="RfIcTemperature" value="47"></item><item title="CpuTemperature" value="60"></item><item title="ExpectedPower" value="18"></item><item title="EVM" Max="-5" Min="-100"></item><item title="FREQERR" Max="15" Min="-15"></item><item title="SYMCLOCKERR" Max="20" Min="-100"></item><item title="POWER" Max="19,5" Min="16,5" Avg="18"></item><item title="LOLEAKAGE" Max="-17" Min="-100"></item><item title="SPECTRUMMASK" Max="100" Min="0"></item><item title="SPECTRUMMARGIN" Max="1000" Min="0"></item></Criteria><Record><item title="Modulation" value="MCS0NSS1"></item><item title="Bandwidth" value="20"></item><item title="Channel" value="132"></item><item title="Antenna" value="3"></item><item title="ExpectedPower" value="18"></item><item title="Power" value="18"></item><item title="TestType" value="Tx"></item><item title="EVM" value="-20,4992" result="PASS"></item><item title="FREQERR" value="1,26861" result="PASS"></item><item title="SYMCLOCKERR" value="4,85746" result="PASS"></item><item title="POWER" value="17,4046" result="PASS"></item><item title="LOLEAKAGE" value="-35,3297" result="PASS"></item><item title="SPECTRUMMASK" value="12,4799" result="PASS"></item><item title="SPECTRUMMARGIN" value="12,4799" result="PASS"></item></Record><Criteria><item title="Modulation" value="MCS0NSS1"></item><item title="Bandwidth" value="20"></item><item title="Antenna" value="3"></item><item title="Channel" value="132"></item><item title="RfIcTemperature" value="47"></item><item title="CpuTemperature" value="60"></item><item title="ExpectedPower" value="19"></item><item title="EVM" Max="-5" Min="-100"></item><item title="FREQERR" Max="15" Min="-15"></item><item title="SYMCLOCKERR" Max="20" Min="-100"></item><item title="POWER" Max="20,5" Min="17,5" Avg="19"></item><item title="LOLEAKAGE" Max="-17" Min="-100"></item><item title="SPECTRUMMASK" Max="100" Min="0"></item><item title="SPECTRUMMARGIN" Max="1000" Min="0"></item></Criteria><Record><item title="Modulation" value="MCS0NSS1"></item><item title="Bandwidth" value="20"></item><item title="Channel" value="132"></item><item title="Antenna" value="3"></item><item title="ExpectedPower" value="19"></item><item title="Power" value="19"></item><item title="TestType" value="Tx"></item><item title="EVM" value="-21,2373" result="PASS"></item><item title="FREQERR" value="1,27658" result="PASS"></item><item title="SYMCLOCKERR" value="0,822344" result="PASS"></item><item title="POWER" value="18,4851" result="PASS"></item><item title="LOLEAKAGE" value="-42,7347" result="PASS"></item><item title="SPECTRUMMASK" value="12,081" result="PASS"></item><item title="SPECTRUMMARGIN" value="12,081" result="PASS"></item></Record><Criteria><item title="Modulation" value="MCS0NSS1"></item><item title="Bandwidth" value="20"></item><item title="Antenna" value="3"></item><item title="Channel" value="132"></item><item title="RfIcTemperature" value="47"></item><item title="CpuTemperature" value="60"></item><item title="ExpectedPower" value="20"></item><item title="EVM" Max="-5" Min="-100"></item><item title="FREQERR" Max="15" Min="-15"></item><item title="SYMCLOCKERR" Max="20" Min="-100"></item><item title="POWER" Max="21,5" Min="18,5" Avg="20"></item><item title="LOLEAKAGE" Max="-17" Min="-100"></item><item title="SPECTRUMMASK" Max="100" Min="0"></item><item title="SPECTRUMMARGIN" Max="1000" Min="0"></item></Criteria><Record><item title="Modulation" value="MCS0NSS1"></item><item title="Bandwidth" value="20"></item><item title="Channel" value="132"></item><item title="Antenna" value="3"></item><item title="ExpectedPower" value="20"></item><item title="Power" value="20"></item><item title="TestType" value="Tx"></item><item title="EVM" value="-18,4042" result="PASS"></item><item title="FREQERR" value="1,27009" result="PASS"></item><item title="SYMCLOCKERR" value="10,428" result="PASS"></item><item title="POWER" value="19,3849" result="PASS"></item><item title="LOLEAKAGE" value="-41,9839" result="PASS"></item><item title="SPECTRUMMASK" value="10,4691" result="PASS"></item><item title="SPECTRUMMARGIN" value="10,4691" result="PASS"></item></Record><Criteria><item title="Modulation" value="MCS0NSS1"></item><item title="Bandwidth" value="20"></item><item title="Antenna" value="3"></item><item title="Channel" value="132"></item><item title="RfIcTemperature" value="47"></item><item title="CpuTemperature" value="60"></item><item title="ExpectedPower" value="21"></item><item title="EVM" Max="-5" Min="-100"></item><item title="FREQERR" Max="15" Min="-15"></item><item title="SYMCLOCKERR" Max="20" Min="-100"></item><item title="POWER" Max="22,5" Min="19,5" Avg="21"></item><item title="LOLEAKAGE" Max="-17" Min="-100"></item><item title="SPECTRUMMASK" Max="100" Min="0"></item><item title="SPECTRUMMARGIN" Max="1000" Min="0"></item></Criteria><Record><item title="Modulation" value="MCS0NSS1"></item><item title="Bandwidth" value="20"></item><item title="Channel" value="132"></item><item title="Antenna" value="3"></item><item title="ExpectedPower" value="21"></item><item title="Power" value="21"></item><item title="TestType" value="Tx"></item><item title="EVM" value="-21,8981" result="PASS"></item><item title="FREQERR" value="1,27371" result="PASS"></item><item title="SYMCLOCKERR" value="5,2278" result="PASS"></item><item title="POWER" value="20,4316" result="PASS"></item><item title="LOLEAKAGE" value="-59,8854" result="PASS"></item><item title="SPECTRUMMASK" value="10,0881" result="PASS"></item><item title="SPECTRUMMARGIN" value="10,0881" result="PASS"></item></Record><Criteria><item title="Modulation" value="MCS0NSS1"></item><item title="Bandwidth" value="20"></item><item title="Antenna" value="3"></item><item title="Channel" value="132"></item><item title="RfIcTemperature" value="47"></item><item title="CpuTemperature" value="60"></item><item title="ExpectedPower" value="22"></item><item title="EVM" Max="-5" Min="-100"></item><item title="FREQERR" Max="15" Min="-15"></item><item title="SYMCLOCKERR" Max="20" Min="-100"></item><item title="POWER" Max="23,5" Min="20,5" Avg="22"></item><item title="LOLEAKAGE" Max="-17" Min="-100"></item><item title="SPECTRUMMASK" Max="100" Min="0"></item><item title="SPECTRUMMARGIN" Max="1000" Min="0"></item></Criteria><Record><item title="Modulation" value="MCS0NSS1"></item><item title="Bandwidth" value="20"></item><item title="Channel" value="132"></item><item title="Antenna" value="3"></item><item title="ExpectedPower" value="22"></item><item title="Power" value="22"></item><item title="TestType" value="Tx"></item><item title="EVM" value="-18,2158" result="PASS"></item><item title="FREQERR" value="1,26468" result="PASS"></item><item title="SYMCLOCKERR" value="0,841054" result="PASS"></item><item title="POWER" value="21,2821" result="PASS"></item><item title="LOLEAKAGE" value="-57,2099" result="PASS"></item><item title="SPECTRUMMASK" value="4,89025" result="PASS"></item><item title="SPECTRUMMARGIN" value="4,89025" result="PASS"></item></Record><Criteria><item title="Modulation" value="MCS0NSS1"></item><item title="Bandwidth" value="20"></item><item title="Antenna" value="3"></item><item title="Channel" value="132"></item><item title="RfIcTemperature" value="47"></item><item title="CpuTemperature" value="60"></item><item title="ExpectedPower" value="23"></item><item title="EVM" Max="-5" Min="-100"></item><item title="FREQERR" Max="15" Min="-15"></item><item title="SYMCLOCKERR" Max="20" Min="-100"></item><item title="POWER" Max="24,5" Min="21,5" Avg="23"></item><item title="LOLEAKAGE" Max="-17" Min="-100"></item><item title="SPECTRUMMASK" Max="100" Min="0"></item><item title="SPECTRUMMARGIN" Max="1000" Min="0"></item></Criteria><Record><item title="Modulation" value="MCS0NSS1"></item><item title="Bandwidth" value="20"></item><item title="Channel" value="132"></item><item title="Antenna" value="3"></item><item title="ExpectedPower" value="23"></item><item title="Power" value="23"></item><item title="TestType" value="Tx"></item><item title="EVM" value="-19,4461" result="PASS"></item><item title="FREQERR" value="1,27222" result="PASS"></item><item title="SYMCLOCKERR" value="8,06376" result="PASS"></item><item title="POWER" value="22,1388" result="PASS"></item><item title="LOLEAKAGE" value="-48,4918" result="PASS"></item><item title="SPECTRUMMASK" value="4,9786" result="PASS"></item><item title="SPECTRUMMARGIN" value="4,9786" result="PASS"></item></Record><Criteria><item title="Modulation" value="MCS0NSS1"></item><item title="Bandwidth" value="20"></item><item title="Antenna" value="3"></item><item title="Channel" value="132"></item><item title="RfIcTemperature" value="47"></item><item title="CpuTemperature" value="60"></item><item title="ExpectedPower" value="24"></item><item title="EVM" Max="-5" Min="-100"></item><item title="FREQERR" Max="15" Min="-15"></item><item title="SYMCLOCKERR" Max="20" Min="-100"></item><item title="POWER" Max="25,5" Min="22,5" Avg="24"></item><item title="LOLEAKAGE" Max="-17" Min="-100"></item><item title="SPECTRUMMASK" Max="100" Min="0"></item><item title="SPECTRUMMARGIN" Max="1000" Min="0"></item></Criteria><Record><item title="Modulation" value="MCS0NSS1"></item><item title="Bandwidth" value="20"></item><item title="Channel" value="132"></item><item title="Antenna" value="3"></item><item title="ExpectedPower" value="24"></item><item title="Power" value="24"></item><item title="TestType" value="Tx"></item><item title="EVM" value="-16,3336" result="PASS"></item><item title="FREQERR" value="1,27188" result="PASS"></item><item title="SYMCLOCKERR" value="0,855193" result="PASS"></item><item title="POWER" value="23,3645" result="PASS"></item><item title="LOLEAKAGE" value="-42,8712" result="PASS"></item><item title="SPECTRUMMASK" value="0,956066" result="PASS"></item><item title="SPECTRUMMARGIN" value="0,956066" result="PASS"></item></Record><Criteria><item title="Modulation" value="MCS0NSS1"></item><item title="Bandwidth" value="20"></item><item title="Antenna" value="3"></item><item title="Channel" value="132"></item><item title="RfIcTemperature" value="47"></item><item title="CpuTemperature" value="60"></item><item title="ExpectedPower" value="25"></item><item title="EVM" Max="-5" Min="-100"></item><item title="FREQERR" Max="15" Min="-15"></item><item title="SYMCLOCKERR" Max="20" Min="-100"></item><item title="POWER" Max="26,5" Min="23,5" Avg="25"></item><item title="LOLEAKAGE" Max="-17" Min="-100"></item><item title="SPECTRUMMASK" Max="100" Min="0"></item><item title="SPECTRUMMARGIN" Max="1000" Min="0"></item></Criteria><Record><item title="Modulation" value="MCS0NSS1"></item><item title="Bandwidth" value="20"></item><item title="Channel" value="132"></item><item title="Antenna" value="3"></item><item title="ExpectedPower" value="25"></item><item title="Power" value="25"></item><item title="TestType" value="Tx"></item><item title="EVM" value="-14,2771" result="PASS"></item><item title="FREQERR" value="1,27155" result="PASS"></item><item title="SYMCLOCKERR" value="-0,13734" result="PASS"></item><item title="POWER" value="24,3098" result="PASS"></item><item title="LOLEAKAGE" value="-35,7188" result="PASS"></item><item title="SPECTRUMMASK" value="-0,850716" result="FAIL"></item><item title="SPECTRUMMARGIN" value="-0,850716" result="FAIL"></item></Record><Criteria><item title="Modulation" value="MCS0NSS1"></item><item title="Bandwidth" value="20"></item><item title="Antenna" value="0"></item><item title="Channel" value="149"></item><item title="RfIcTemperature" value="47"></item><item title="CpuTemperature" value="60"></item><item title="ExpectedPower" value="10"></item><item title="EVM" Max="-5" Min="-100"></item><item title="FREQERR" Max="15" Min="-15"></item><item title="SYMCLOCKERR" Max="20" Min="-100"></item><item title="POWER" Max="11,5" Min="8,5" Avg="10"></item><item title="LOLEAKAGE" Max="-17" Min="-100"></item><item title="SPECTRUMMASK" Max="100" Min="0"></item><item title="SPECTRUMMARGIN" Max="1000" Min="0"></item></Criteria><Record><item title="Modulation" value="MCS0NSS1"></item><item title="Bandwidth" value="20"></item><item title="Channel" value="149"></item><item title="Antenna" value="0"></item><item title="ExpectedPower" value="10"></item><item title="Power" value="10"></item><item title="TestType" value="Tx"></item><item title="EVM" value="-19,9877" result="PASS"></item><item title="FREQERR" value="-2,21222" result="PASS"></item><item title="SYMCLOCKERR" value="-5,47822" result="PASS"></item><item title="POWER" value="9,91112" result="PASS"></item><item title="LOLEAKAGE" value="-31,5211" result="PASS"></item><item title="SPECTRUMMASK" value="11,9152" result="PASS"></item><item title="SPECTRUMMARGIN" value="11,9152" result="PASS"></item></Record><Criteria><item title="Modulation" value="MCS0NSS1"></item><item title="Bandwidth" value="20"></item><item title="Antenna" value="0"></item><item title="Channel" value="149"></item><item title="RfIcTemperature" value="47"></item><item title="CpuTemperature" value="60"></item><item title="ExpectedPower" value="11"></item><item title="EVM" Max="-5" Min="-100"></item><item title="FREQERR" Max="15" Min="-15"></item><item title="SYMCLOCKERR" Max="20" Min="-100"></item><item title="POWER" Max="12,5" Min="9,5" Avg="11"></item><item title="LOLEAKAGE" Max="-17" Min="-100"></item><item title="SPECTRUMMASK" Max="100" Min="0"></item><item title="SPECTRUMMARGIN" Max="1000" Min="0"></item></Criteria><Record><item title="Modulation" value="MCS0NSS1"></item><item title="Bandwidth" value="20"></item><item title="Channel" value="149"></item><item title="Antenna" value="0"></item><item title="ExpectedPower" value="11"></item><item title="Power" value="11"></item><item title="TestType" value="Tx"></item><item title="EVM" value="-20,9389" result="PASS"></item><item title="FREQERR" value="-2,19433" result="PASS"></item><item title="SYMCLOCKERR" value="-5,44497" result="PASS"></item><item title="POWER" value="11,0696" result="PASS"></item><item title="LOLEAKAGE" value="-32,3979" result="PASS"></item><item title="SPECTRUMMASK" value="11,2706" result="PASS"></item><item title="SPECTRUMMARGIN" value="11,2706" result="PASS"></item></Record><Criteria><item title="Modulation" value="MCS0NSS1"></item><item title="Bandwidth" value="20"></item><item title="Antenna" value="0"></item><item title="Channel" value="149"></item><item title="RfIcTemperature" value="47"></item><item title="CpuTemperature" value="60"></item><item title="ExpectedPower" value="12"></item><item title="EVM" Max="-5" Min="-100"></item><item title="FREQERR" Max="15" Min="-15"></item><item title="SYMCLOCKERR" Max="20" Min="-100"></item><item title="POWER" Max="13,5" Min="10,5" Avg="12"></item><item title="LOLEAKAGE" Max="-17" Min="-100"></item><item title="SPECTRUMMASK" Max="100" Min="0"></item><item title="SPECTRUMMARGIN" Max="1000" Min="0"></item></Criteria><Record><item title="Modulation" value="MCS0NSS1"></item><item title="Bandwidth" value="20"></item><item title="Channel" value="149"></item><item title="Antenna" value="0"></item><item title="ExpectedPower" value="12"></item><item title="Power" value="12"></item><item title="TestType" value="Tx"></item><item title="EVM" value="-19,5137" result="PASS"></item><item title="FREQERR" value="-2,19234" result="PASS"></item><item title="SYMCLOCKERR" value="0,0940528" result="PASS"></item><item title="POWER" value="12,1041" result="PASS"></item><item title="LOLEAKAGE" value="-33,2041" result="PASS"></item><item title="SPECTRUMMASK" value="10,8685" result="PASS"></item><item title="SPECTRUMMARGIN" value="10,8685" result="PASS"></item></Record><Criteria><item title="Modulation" value="MCS0NSS1"></item><item title="Bandwidth" value="20"></item><item title="Antenna" value="0"></item><item title="Channel" value="149"></item><item title="RfIcTemperature" value="47"></item><item title="CpuTemperature" value="60"></item><item title="ExpectedPower" value="13"></item><item title="EVM" Max="-5" Min="-100"></item><item title="FREQERR" Max="15" Min="-15"></item><item title="SYMCLOCKERR" Max="20" Min="-100"></item><item title="POWER" Max="14,5" Min="11,5" Avg="13"></item><item title="LOLEAKAGE" Max="-17" Min="-100"></item><item title="SPECTRUMMASK" Max="100" Min="0"></item><item title="SPECTRUMMARGIN" Max="1000" Min="0"></item></Criteria><Record><item title="Modulation" value="MCS0NSS1"></item><item title="Bandwidth" value="20"></item><item title="Channel" value="149"></item><item title="Antenna" value="0"></item><item title="ExpectedPower" value="13"></item><item title="Power" value="13"></item><item title="TestType" value="Tx"></item><item title="EVM" value="-19,1239" result="PASS"></item><item title="FREQERR" value="-2,20065" result="PASS"></item><item title="SYMCLOCKERR" value="4,354" result="PASS"></item><item title="POWER" value="12,9742" result="PASS"></item><item title="LOLEAKAGE" value="-35,2822" result="PASS"></item><item title="SPECTRUMMASK" value="11,14" result="PASS"></item><item title="SPECTRUMMARGIN" value="11,14" result="PASS"></item></Record><Criteria><item title="Modulation" value="MCS0NSS1"></item><item title="Bandwidth" value="20"></item><item title="Antenna" value="0"></item><item title="Channel" value="149"></item><item title="RfIcTemperature" value="47"></item><item title="CpuTemperature" value="60"></item><item title="ExpectedPower" value="14"></item><item title="EVM" Max="-5" Min="-100"></item><item title="FREQERR" Max="15" Min="-15"></item><item title="SYMCLOCKERR" Max="20" Min="-100"></item><item title="POWER" Max="15,5" Min="12,5" Avg="14"></item><item title="LOLEAKAGE" Max="-17" Min="-100"></item><item title="SPECTRUMMASK" Max="100" Min="0"></item><item title="SPECTRUMMARGIN" Max="1000" Min="0"></item></Criteria><Record><item title="Modulation" value="MCS0NSS1"></item><item title="Bandwidth" value="20"></item><item title="Channel" value="149"></item><item title="Antenna" value="0"></item><item title="ExpectedPower" value="14"></item><item title="Power" value="14"></item><item title="TestType" value="Tx"></item><item title="EVM" value="-21,2744" result="PASS"></item><item title="FREQERR" value="-2,19502" result="PASS"></item><item title="SYMCLOCKERR" value="3,68455" result="PASS"></item><item title="POWER" value="13,7691" result="PASS"></item><item title="LOLEAKAGE" value="-35,7677" result="PASS"></item><item title="SPECTRUMMASK" value="11,5851" result="PASS"></item><item title="SPECTRUMMARGIN" value="11,5851" result="PASS"></item></Record><Criteria><item title="Modulation" value="MCS0NSS1"></item><item title="Bandwidth" value="20"></item><item title="Antenna" value="0"></item><item title="Channel" value="149"></item><item title="RfIcTemperature" value="47"></item><item title="CpuTemperature" value="60"></item><item title="ExpectedPower" value="15"></item><item title="EVM" Max="-5" Min="-100"></item><item title="FREQERR" Max="15" Min="-15"></item><item title="SYMCLOCKERR" Max="20" Min="-100"></item><item title="POWER" Max="16,5" Min="13,5" Avg="15"></item><item title="LOLEAKAGE" Max="-17" Min="-100"></item><item title="SPECTRUMMASK" Max="100" Min="0"></item><item title="SPECTRUMMARGIN" Max="1000" Min="0"></item></Criteria><Record><item title="Modulation" value="MCS0NSS1"></item><item title="Bandwidth" value="20"></item><item title="Channel" value="149"></item><item title="Antenna" value="0"></item><item title="ExpectedPower" value="15"></item><item title="Power" value="15"></item><item title="TestType" value="Tx"></item><item title="EVM" value="-17,9152" result="PASS"></item><item title="FREQERR" value="-2,18663" result="PASS"></item><item title="SYMCLOCKERR" value="-2,24151" result="PASS"></item><item title="POWER" value="14,944" result="PASS"></item><item title="LOLEAKAGE" value="-35,8417" result="PASS"></item><item title="SPECTRUMMASK" value="11,2269" result="PASS"></item><item title="SPECTRUMMARGIN" value="11,2269" result="PASS"></item></Record><Criteria><item title="Modulation" value="MCS0NSS1"></item><item title="Bandwidth" value="20"></item><item title="Antenna" value="0"></item><item title="Channel" value="149"></item><item title="RfIcTemperature" value="47"></item><item title="CpuTemperature" value="60"></item><item title="ExpectedPower" value="16"></item><item title="EVM" Max="-5" Min="-100"></item><item title="FREQERR" Max="15" Min="-15"></item><item title="SYMCLOCKERR" Max="20" Min="-100"></item><item title="POWER" Max="17,5" Min="14,5" Avg="16"></item><item title="LOLEAKAGE" Max="-17" Min="-100"></item><item title="SPECTRUMMASK" Max="100" Min="0"></item><item title="SPECTRUMMARGIN" Max="1000" Min="0"></item></Criteria><Record><item title="Modulation" value="MCS0NSS1"></item><item title="Bandwidth" value="20"></item><item title="Channel" value="149"></item><item title="Antenna" value="0"></item><item title="ExpectedPower" value="16"></item><item title="Power" value="16"></item><item title="TestType" value="Tx"></item><item title="EVM" value="-19,6236" result="PASS"></item><item title="FREQERR" value="-2,19313" result="PASS"></item><item title="SYMCLOCKERR" value="-3,64857" result="PASS"></item><item title="POWER" value="16,0804" result="PASS"></item><item title="LOLEAKAGE" value="-38,2419" result="PASS"></item><item title="SPECTRUMMASK" value="11,3429" result="PASS"></item><item title="SPECTRUMMARGIN" value="11,3429" result="PASS"></item></Record><Criteria><item title="Modulation" value="MCS0NSS1"></item><item title="Bandwidth" value="20"></item><item title="Antenna" value="0"></item><item title="Channel" value="149"></item><item title="RfIcTemperature" value="47"></item><item title="CpuTemperature" value="60"></item><item title="ExpectedPower" value="17"></item><item title="EVM" Max="-5" Min="-100"></item><item title="FREQERR" Max="15" Min="-15"></item><item title="SYMCLOCKERR" Max="20" Min="-100"></item><item title="POWER" Max="18,5" Min="15,5" Avg="17"></item><item title="LOLEAKAGE" Max="-17" Min="-100"></item><item title="SPECTRUMMASK" Max="100" Min="0"></item><item title="SPECTRUMMARGIN" Max="1000" Min="0"></item></Criteria><Record><item title="Modulation" value="MCS0NSS1"></item><item title="Bandwidth" value="20"></item><item title="Channel" value="149"></item><item title="Antenna" value="0"></item><item title="ExpectedPower" value="17"></item><item title="Power" value="17"></item><item title="TestType" value="Tx"></item><item title="EVM" value="-18,7266" result="PASS"></item><item title="FREQERR" value="-2,1923" result="PASS"></item><item title="SYMCLOCKERR" value="-7,6293" result="PASS"></item><item title="POWER" value="17,2507" result="PASS"></item><item title="LOLEAKAGE" value="-41,0932" result="PASS"></item><item title="SPECTRUMMASK" value="12,1432" result="PASS"></item><item title="SPECTRUMMARGIN" value="12,1432" result="PASS"></item></Record><Criteria><item title="Modulation" value="MCS0NSS1"></item><item title="Bandwidth" value="20"></item><item title="Antenna" value="0"></item><item title="Channel" value="149"></item><item title="RfIcTemperature" value="47"></item><item title="CpuTemperature" value="60"></item><item title="ExpectedPower" value="18"></item><item title="EVM" Max="-5" Min="-100"></item><item title="FREQERR" Max="15" Min="-15"></item><item title="SYMCLOCKERR" Max="20" Min="-100"></item><item title="POWER" Max="19,5" Min="16,5" Avg="18"></item><item title="LOLEAKAGE" Max="-17" Min="-100"></item><item title="SPECTRUMMASK" Max="100" Min="0"></item><item title="SPECTRUMMARGIN" Max="1000" Min="0"></item></Criteria><Record><item title="Modulation" value="MCS0NSS1"></item><item title="Bandwidth" value="20"></item><item title="Channel" value="149"></item><item title="Antenna" value="0"></item><item title="ExpectedPower" value="18"></item><item title="Power" value="18"></item><item title="TestType" value="Tx"></item><item title="EVM" value="-19,0872" result="PASS"></item><item title="FREQERR" value="-2,19858" result="PASS"></item><item title="SYMCLOCKERR" value="3,00007" result="PASS"></item><item title="POWER" value="18,0138" result="PASS"></item><item title="LOLEAKAGE" value="-43,545" result="PASS"></item><item title="SPECTRUMMASK" value="12,4632" result="PASS"></item><item title="SPECTRUMMARGIN" value="12,4632" result="PASS"></item></Record><Criteria><item title="Modulation" value="MCS0NSS1"></item><item title="Bandwidth" value="20"></item><item title="Antenna" value="0"></item><item title="Channel" value="149"></item><item title="RfIcTemperature" value="47"></item><item title="CpuTemperature" value="60"></item><item title="ExpectedPower" value="19"></item><item title="EVM" Max="-5" Min="-100"></item><item title="FREQERR" Max="15" Min="-15"></item><item title="SYMCLOCKERR" Max="20" Min="-100"></item><item title="POWER" Max="20,5" Min="17,5" Avg="19"></item><item title="LOLEAKAGE" Max="-17" Min="-100"></item><item title="SPECTRUMMASK" Max="100" Min="0"></item><item title="SPECTRUMMARGIN" Max="1000" Min="0"></item></Criteria><Record><item title="Modulation" value="MCS0NSS1"></item><item title="Bandwidth" value="20"></item><item title="Channel" value="149"></item><item title="Antenna" value="0"></item><item title="ExpectedPower" value="19"></item><item title="Power" value="19"></item><item title="TestType" value="Tx"></item><item title="EVM" value="-19,246" result="PASS"></item><item title="FREQERR" value="-2,1985" result="PASS"></item><item title="SYMCLOCKERR" value="4,90625" result="PASS"></item><item title="POWER" value="19,2666" result="PASS"></item><item title="LOLEAKAGE" value="-44,8386" result="PASS"></item><item title="SPECTRUMMASK" value="11,1144" result="PASS"></item><item title="SPECTRUMMARGIN" value="11,1144" result="PASS"></item></Record><Criteria><item title="Modulation" value="MCS0NSS1"></item><item title="Bandwidth" value="20"></item><item title="Antenna" value="0"></item><item title="Channel" value="149"></item><item title="RfIcTemperature" value="47"></item><item title="CpuTemperature" value="60"></item><item title="ExpectedPower" value="20"></item><item title="EVM" Max="-5" Min="-100"></item><item title="FREQERR" Max="15" Min="-15"></item><item title="SYMCLOCKERR" Max="20" Min="-100"></item><item title="POWER" Max="21,5" Min="18,5" Avg="20"></item><item title="LOLEAKAGE" Max="-17" Min="-100"></item><item title="SPECTRUMMASK" Max="100" Min="0"></item><item title="SPECTRUMMARGIN" Max="1000" Min="0"></item></Criteria><Record><item title="Modulation" value="MCS0NSS1"></item><item title="Bandwidth" value="20"></item><item title="Channel" value="149"></item><item title="Antenna" value="0"></item><item title="ExpectedPower" value="20"></item><item title="Power" value="20"></item><item title="TestType" value="Tx"></item><item title="EVM" value="-19,0397" result="PASS"></item><item title="FREQERR" value="-2,20314" result="PASS"></item><item title="SYMCLOCKERR" value="-4,30917" result="PASS"></item><item title="POWER" value="19,8568" result="PASS"></item><item title="LOLEAKAGE" value="-45,3498" result="PASS"></item><item title="SPECTRUMMASK" value="10,7369" result="PASS"></item><item title="SPECTRUMMARGIN" value="10,7369" result="PASS"></item></Record><Criteria><item title="Modulation" value="MCS0NSS1"></item><item title="Bandwidth" value="20"></item><item title="Antenna" value="0"></item><item title="Channel" value="149"></item><item title="RfIcTemperature" value="47"></item><item title="CpuTemperature" value="60"></item><item title="ExpectedPower" value="21"></item><item title="EVM" Max="-5" Min="-100"></item><item title="FREQERR" Max="15" Min="-15"></item><item title="SYMCLOCKERR" Max="20" Min="-100"></item><item title="POWER" Max="22,5" Min="19,5" Avg="21"></item><item title="LOLEAKAGE" Max="-17" Min="-100"></item><item title="SPECTRUMMASK" Max="100" Min="0"></item><item title="SPECTRUMMARGIN" Max="1000" Min="0"></item></Criteria><Record><item title="Modulation" value="MCS0NSS1"></item><item title="Bandwidth" value="20"></item><item title="Channel" value="149"></item><item title="Antenna" value="0"></item><item title="ExpectedPower" value="21"></item><item title="Power" value="21"></item><item title="TestType" value="Tx"></item><item title="EVM" value="-18,9266" result="PASS"></item><item title="FREQERR" value="-2,19129" result="PASS"></item><item title="SYMCLOCKERR" value="-6,44154" result="PASS"></item><item title="POWER" value="20,9542" result="PASS"></item><item title="LOLEAKAGE" value="-50,5202" result="PASS"></item><item title="SPECTRUMMASK" value="8,09817" result="PASS"></item><item title="SPECTRUMMARGIN" value="8,09817" result="PASS"></item></Record><Criteria><item title="Modulation" value="MCS0NSS1"></item><item title="Bandwidth" value="20"></item><item title="Antenna" value="0"></item><item title="Channel" value="149"></item><item title="RfIcTemperature" value="47"></item><item title="CpuTemperature" value="60"></item><item title="ExpectedPower" value="22"></item><item title="EVM" Max="-5" Min="-100"></item><item title="FREQERR" Max="15" Min="-15"></item><item title="SYMCLOCKERR" Max="20" Min="-100"></item><item title="POWER" Max="23,5" Min="20,5" Avg="22"></item><item title="LOLEAKAGE" Max="-17" Min="-100"></item><item title="SPECTRUMMASK" Max="100" Min="0"></item><item title="SPECTRUMMARGIN" Max="1000" Min="0"></item></Criteria><Record><item title="Modulation" value="MCS0NSS1"></item><item title="Bandwidth" value="20"></item><item title="Channel" value="149"></item><item title="Antenna" value="0"></item><item title="ExpectedPower" value="22"></item><item title="Power" value="22"></item><item title="TestType" value="Tx"></item><item title="EVM" value="-17,6735" result="PASS"></item><item title="FREQERR" value="-2,19335" result="PASS"></item><item title="SYMCLOCKERR" value="-8,22764" result="PASS"></item><item title="POWER" value="21,7804" result="PASS"></item><item title="LOLEAKAGE" value="-49,1914" result="PASS"></item><item title="SPECTRUMMASK" value="5,75891" result="PASS"></item><item title="SPECTRUMMARGIN" value="5,75891" result="PASS"></item></Record><Criteria><item title="Modulation" value="MCS0NSS1"></item><item title="Bandwidth" value="20"></item><item title="Antenna" value="0"></item><item title="Channel" value="149"></item><item title="RfIcTemperature" value="47"></item><item title="CpuTemperature" value="60"></item><item title="ExpectedPower" value="23"></item><item title="EVM" Max="-5" Min="-100"></item><item title="FREQERR" Max="15" Min="-15"></item><item title="SYMCLOCKERR" Max="20" Min="-100"></item><item title="POWER" Max="24,5" Min="21,5" Avg="23"></item><item title="LOLEAKAGE" Max="-17" Min="-100"></item><item title="SPECTRUMMASK" Max="100" Min="0"></item><item title="SPECTRUMMARGIN" Max="1000" Min="0"></item></Criteria><Record><item title="Modulation" value="MCS0NSS1"></item><item title="Bandwidth" value="20"></item><item title="Channel" value="149"></item><item title="Antenna" value="0"></item><item title="ExpectedPower" value="23"></item><item title="Power" value="23"></item><item title="TestType" value="Tx"></item><item title="EVM" value="-16,5982" result="PASS"></item><item title="FREQERR" value="-2,18976" result="PASS"></item><item title="SYMCLOCKERR" value="-11,3765" result="PASS"></item><item title="POWER" value="22,6073" result="PASS"></item><item title="LOLEAKAGE" value="-57,1054" result="PASS"></item><item title="SPECTRUMMASK" value="3,58177" result="PASS"></item><item title="SPECTRUMMARGIN" value="3,58177" result="PASS"></item></Record><Criteria><item title="Modulation" value="MCS0NSS1"></item><item title="Bandwidth" value="20"></item><item title="Antenna" value="0"></item><item title="Channel" value="149"></item><item title="RfIcTemperature" value="47"></item><item title="CpuTemperature" value="60"></item><item title="ExpectedPower" value="24"></item><item title="EVM" Max="-5" Min="-100"></item><item title="FREQERR" Max="15" Min="-15"></item><item title="SYMCLOCKERR" Max="20" Min="-100"></item><item title="POWER" Max="25,5" Min="22,5" Avg="24"></item><item title="LOLEAKAGE" Max="-17" Min="-100"></item><item title="SPECTRUMMASK" Max="100" Min="0"></item><item title="SPECTRUMMARGIN" Max="1000" Min="0"></item></Criteria><Record><item title="Modulation" value="MCS0NSS1"></item><item title="Bandwidth" value="20"></item><item title="Channel" value="149"></item><item title="Antenna" value="0"></item><item title="ExpectedPower" value="24"></item><item title="Power" value="24"></item><item title="TestType" value="Tx"></item><item title="EVM" value="-16,6211" result="PASS"></item><item title="FREQERR" value="-2,20326" result="PASS"></item><item title="SYMCLOCKERR" value="0,360529" result="PASS"></item><item title="POWER" value="23,2615" result="PASS"></item><item title="LOLEAKAGE" value="-48,9108" result="PASS"></item><item title="SPECTRUMMASK" value="2,06608" result="PASS"></item><item title="SPECTRUMMARGIN" value="2,06608" result="PASS"></item></Record><Criteria><item title="Modulation" value="MCS0NSS1"></item><item title="Bandwidth" value="20"></item><item title="Antenna" value="0"></item><item title="Channel" value="149"></item><item title="RfIcTemperature" value="47"></item><item title="CpuTemperature" value="60"></item><item title="ExpectedPower" value="25"></item><item title="EVM" Max="-5" Min="-100"></item><item title="FREQERR" Max="15" Min="-15"></item><item title="SYMCLOCKERR" Max="20" Min="-100"></item><item title="POWER" Max="26,5" Min="23,5" Avg="25"></item><item title="LOLEAKAGE" Max="-17" Min="-100"></item><item title="SPECTRUMMASK" Max="100" Min="0"></item><item title="SPECTRUMMARGIN" Max="1000" Min="0"></item></Criteria><Record><item title="Modulation" value="MCS0NSS1"></item><item title="Bandwidth" value="20"></item><item title="Channel" value="149"></item><item title="Antenna" value="0"></item><item title="ExpectedPower" value="25"></item><item title="Power" value="25"></item><item title="TestType" value="Tx"></item><item title="EVM" value="-14,5412" result="PASS"></item><item title="FREQERR" value="-2,19935" result="PASS"></item><item title="SYMCLOCKERR" value="-1,30356" result="PASS"></item><item title="POWER" value="24,1526" result="PASS"></item><item title="LOLEAKAGE" value="-41,89" result="PASS"></item><item title="SPECTRUMMASK" value="-0,288074" result="FAIL"></item><item title="SPECTRUMMARGIN" value="-0,288074" result="FAIL"></item></Record><Criteria><item title="Modulation" value="MCS0NSS1"></item><item title="Bandwidth" value="20"></item><item title="Antenna" value="1"></item><item title="Channel" value="149"></item><item title="RfIcTemperature" value="47"></item><item title="CpuTemperature" value="60"></item><item title="ExpectedPower" value="10"></item><item title="EVM" Max="-5" Min="-100"></item><item title="FREQERR" Max="15" Min="-15"></item><item title="SYMCLOCKERR" Max="20" Min="-100"></item><item title="POWER" Max="11,5" Min="8,5" Avg="10"></item><item title="LOLEAKAGE" Max="-17" Min="-100"></item><item title="SPECTRUMMASK" Max="100" Min="0"></item><item title="SPECTRUMMARGIN" Max="1000" Min="0"></item></Criteria><Record><item title="Modulation" value="MCS0NSS1"></item><item title="Bandwidth" value="20"></item><item title="Channel" value="149"></item><item title="Antenna" value="1"></item><item title="ExpectedPower" value="10"></item><item title="Power" value="10"></item><item title="TestType" value="Tx"></item><item title="EVM" value="-19,7262" result="PASS"></item><item title="FREQERR" value="-2,20696" result="PASS"></item><item title="SYMCLOCKERR" value="1,47731" result="PASS"></item><item title="POWER" value="8,83332" result="PASS"></item><item title="LOLEAKAGE" value="-29,975" result="PASS"></item><item title="SPECTRUMMASK" value="11,4598" result="PASS"></item><item title="SPECTRUMMARGIN" value="11,4598" result="PASS"></item></Record><Criteria><item title="Modulation" value="MCS0NSS1"></item><item title="Bandwidth" value="20"></item><item title="Antenna" value="1"></item><item title="Channel" value="149"></item><item title="RfIcTemperature" value="47"></item><item title="CpuTemperature" value="60"></item><item title="ExpectedPower" value="11"></item><item title="EVM" Max="-5" Min="-100"></item><item title="FREQERR" Max="15" Min="-15"></item><item title="SYMCLOCKERR" Max="20" Min="-100"></item><item title="POWER" Max="12,5" Min="9,5" Avg="11"></item><item title="LOLEAKAGE" Max="-17" Min="-100"></item><item title="SPECTRUMMASK" Max="100" Min="0"></item><item title="SPECTRUMMARGIN" Max="1000" Min="0"></item></Criteria><Record><item title="Modulation" value="MCS0NSS1"></item><item title="Bandwidth" value="20"></item><item title="Channel" value="149"></item><item title="Antenna" value="1"></item><item title="ExpectedPower" value="11"></item><item title="Power" value="11"></item><item title="TestType" value="Tx"></item><item title="EVM" value="-19,3851" result="PASS"></item><item title="FREQERR" value="-2,19261" result="PASS"></item><item title="SYMCLOCKERR" value="-4,77577" result="PASS"></item><item title="POWER" value="9,92598" result="PASS"></item><item title="LOLEAKAGE" value="-31,0998" result="PASS"></item><item title="SPECTRUMMASK" value="10,8783" result="PASS"></item><item title="SPECTRUMMARGIN" value="10,8783" result="PASS"></item></Record><Criteria><item title="Modulation" value="MCS0NSS1"></item><item title="Bandwidth" value="20"></item><item title="Antenna" value="1"></item><item title="Channel" value="149"></item><item title="RfIcTemperature" value="47"></item><item title="CpuTemperature" value="60"></item><item title="ExpectedPower" value="12"></item><item title="EVM" Max="-5" Min="-100"></item><item title="FREQERR" Max="15" Min="-15"></item><item title="SYMCLOCKERR" Max="20" Min="-100"></item><item title="POWER" Max="13,5" Min="10,5" Avg="12"></item><item title="LOLEAKAGE" Max="-17" Min="-100"></item><item title="SPECTRUMMASK" Max="100" Min="0"></item><item title="SPECTRUMMARGIN" Max="1000" Min="0"></item></Criteria><Record><item title="Modulation" value="MCS0NSS1"></item><item title="Bandwidth" value="20"></item><item title="Channel" value="149"></item><item title="Antenna" value="1"></item><item title="ExpectedPower" value="12"></item><item title="Power" value="12"></item><item title="TestType" value="Tx"></item><item title="EVM" value="-19,043" result="PASS"></item><item title="FREQERR" value="-2,20358" result="PASS"></item><item title="SYMCLOCKERR" value="7,61489" result="PASS"></item><item title="POWER" value="11,1348" result="PASS"></item><item title="LOLEAKAGE" value="-32,3506" result="PASS"></item><item title="SPECTRUMMASK" value="11,829" result="PASS"></item><item title="SPECTRUMMARGIN" value="11,829" result="PASS"></item></Record><Criteria><item title="Modulation" value="MCS0NSS1"></item><item title="Bandwidth" value="20"></item><item title="Antenna" value="1"></item><item title="Channel" value="149"></item><item title="RfIcTemperature" value="47"></item><item title="CpuTemperature" value="60"></item><item title="ExpectedPower" value="13"></item><item title="EVM" Max="-5" Min="-100"></item><item title="FREQERR" Max="15" Min="-15"></item><item title="SYMCLOCKERR" Max="20" Min="-100"></item><item title="POWER" Max="14,5" Min="11,5" Avg="13"></item><item title="LOLEAKAGE" Max="-17" Min="-100"></item><item title="SPECTRUMMASK" Max="100" Min="0"></item><item title="SPECTRUMMARGIN" Max="1000" Min="0"></item></Criteria><Record><item title="Modulation" value="MCS0NSS1"></item><item title="Bandwidth" value="20"></item><item title="Channel" value="149"></item><item title="Antenna" value="1"></item><item title="ExpectedPower" value="13"></item><item title="Power" value="13"></item><item title="TestType" value="Tx"></item><item title="EVM" value="-21,9937" result="PASS"></item><item title="FREQERR" value="-2,19107" result="PASS"></item><item title="SYMCLOCKERR" value="0,47" result="PASS"></item><item title="POWER" value="11,8026" result="PASS"></item><item title="LOLEAKAGE" value="-32,0038" result="PASS"></item><item title="SPECTRUMMASK" value="11,7788" result="PASS"></item><item title="SPECTRUMMARGIN" value="11,7788" result="PASS"></item></Record><Criteria><item title="Modulation" value="MCS0NSS1"></item><item title="Bandwidth" value="20"></item><item title="Antenna" value="1"></item><item title="Channel" value="149"></item><item title="RfIcTemperature" value="47"></item><item title="CpuTemperature" value="60"></item><item title="ExpectedPower" value="14"></item><item title="EVM" Max="-5" Min="-100"></item><item title="FREQERR" Max="15" Min="-15"></item><item title="SYMCLOCKERR" Max="20" Min="-100"></item><item title="POWER" Max="15,5" Min="12,5" Avg="14"></item><item title="LOLEAKAGE" Max="-17" Min="-100"></item><item title="SPECTRUMMASK" Max="100" Min="0"></item><item title="SPECTRUMMARGIN" Max="1000" Min="0"></item></Criteria><Record><item title="Modulation" value="MCS0NSS1"></item><item title="Bandwidth" value="20"></item><item title="Channel" value="149"></item><item title="Antenna" value="1"></item><item title="ExpectedPower" value="14"></item><item title="Power" value="14"></item><item title="TestType" value="Tx"></item><item title="EVM" value="-19,0157" result="PASS"></item><item title="FREQERR" value="-2,18945" result="PASS"></item><item title="SYMCLOCKERR" value="7,13325" result="PASS"></item><item title="POWER" value="12,9428" result="PASS"></item><item title="LOLEAKAGE" value="-32,871" result="PASS"></item><item title="SPECTRUMMASK" value="12,0339" result="PASS"></item><item title="SPECTRUMMARGIN" value="12,0339" result="PASS"></item></Record><Criteria><item title="Modulation" value="MCS0NSS1"></item><item title="Bandwidth" value="20"></item><item title="Antenna" value="1"></item><item title="Channel" value="149"></item><item title="RfIcTemperature" value="47"></item><item title="CpuTemperature" value="60"></item><item title="ExpectedPower" value="15"></item><item title="EVM" Max="-5" Min="-100"></item><item title="FREQERR" Max="15" Min="-15"></item><item title="SYMCLOCKERR" Max="20" Min="-100"></item><item title="POWER" Max="16,5" Min="13,5" Avg="15"></item><item title="LOLEAKAGE" Max="-17" Min="-100"></item><item title="SPECTRUMMASK" Max="100" Min="0"></item><item title="SPECTRUMMARGIN" Max="1000" Min="0"></item></Criteria><Record><item title="Modulation" value="MCS0NSS1"></item><item title="Bandwidth" value="20"></item><item title="Channel" value="149"></item><item title="Antenna" value="1"></item><item title="ExpectedPower" value="15"></item><item title="Power" value="15"></item><item title="TestType" value="Tx"></item><item title="EVM" value="-19,5093" result="PASS"></item><item title="FREQERR" value="-2,19897" result="PASS"></item><item title="SYMCLOCKERR" value="4,40076" result="PASS"></item><item title="POWER" value="13,7022" result="PASS"></item><item title="LOLEAKAGE" value="-31,9483" result="PASS"></item><item title="SPECTRUMMASK" value="11,4492" result="PASS"></item><item title="SPECTRUMMARGIN" value="11,4492" result="PASS"></item></Record><Criteria><item title="Modulation" value="MCS0NSS1"></item><item title="Bandwidth" value="20"></item><item title="Antenna" value="1"></item><item title="Channel" value="149"></item><item title="RfIcTemperature" value="47"></item><item title="CpuTemperature" value="60"></item><item title="ExpectedPower" value="16"></item><item title="EVM" Max="-5" Min="-100"></item><item title="FREQERR" Max="15" Min="-15"></item><item title="SYMCLOCKERR" Max="20" Min="-100"></item><item title="POWER" Max="17,5" Min="14,5" Avg="16"></item><item title="LOLEAKAGE" Max="-17" Min="-100"></item><item title="SPECTRUMMASK" Max="100" Min="0"></item><item title="SPECTRUMMARGIN" Max="1000" Min="0"></item></Criteria><Record><item title="Modulation" value="MCS0NSS1"></item><item title="Bandwidth" value="20"></item><item title="Channel" value="149"></item><item title="Antenna" value="1"></item><item title="ExpectedPower" value="16"></item><item title="Power" value="16"></item><item title="TestType" value="Tx"></item><item title="EVM" value="-19,7055" result="PASS"></item><item title="FREQERR" value="-2,19349" result="PASS"></item><item title="SYMCLOCKERR" value="-4,25523" result="PASS"></item><item title="POWER" value="14,9501" result="PASS"></item><item title="LOLEAKAGE" value="-34,3936" result="PASS"></item><item title="SPECTRUMMASK" value="10,3616" result="PASS"></item><item title="SPECTRUMMARGIN" value="10,3616" result="PASS"></item></Record><Criteria><item title="Modulation" value="MCS0NSS1"></item><item title="Bandwidth" value="20"></item><item title="Antenna" value="1"></item><item title="Channel" value="149"></item><item title="RfIcTemperature" value="47"></item><item title="CpuTemperature" value="60"></item><item title="ExpectedPower" value="17"></item><item title="EVM" Max="-5" Min="-100"></item><item title="FREQERR" Max="15" Min="-15"></item><item title="SYMCLOCKERR" Max="20" Min="-100"></item><item title="POWER" Max="18,5" Min="15,5" Avg="17"></item><item title="LOLEAKAGE" Max="-17" Min="-100"></item><item title="SPECTRUMMASK" Max="100" Min="0"></item><item title="SPECTRUMMARGIN" Max="1000" Min="0"></item></Criteria><Record><item title="Modulation" value="MCS0NSS1"></item><item title="Bandwidth" value="20"></item><item title="Channel" value="149"></item><item title="Antenna" value="1"></item><item title="ExpectedPower" value="17"></item><item title="Power" value="17"></item><item title="TestType" value="Tx"></item><item title="EVM" value="-18,9009" result="PASS"></item><item title="FREQERR" value="-2,19346" result="PASS"></item><item title="SYMCLOCKERR" value="6,34527" result="PASS"></item><item title="POWER" value="16,0183" result="PASS"></item><item title="LOLEAKAGE" value="-36,6577" result="PASS"></item><item title="SPECTRUMMASK" value="11,4792" result="PASS"></item><item title="SPECTRUMMARGIN" value="11,4792" result="PASS"></item></Record><Criteria><item title="Modulation" value="MCS0NSS1"></item><item title="Bandwidth" value="20"></item><item title="Antenna" value="1"></item><item title="Channel" value="149"></item><item title="RfIcTemperature" value="47"></item><item title="CpuTemperature" value="60"></item><item title="ExpectedPower" value="18"></item><item title="EVM" Max="-5" Min="-100"></item><item title="FREQERR" Max="15" Min="-15"></item><item title="SYMCLOCKERR" Max="20" Min="-100"></item><item title="POWER" Max="19,5" Min="16,5" Avg="18"></item><item title="LOLEAKAGE" Max="-17" Min="-100"></item><item title="SPECTRUMMASK" Max="100" Min="0"></item><item title="SPECTRUMMARGIN" Max="1000" Min="0"></item></Criteria><Record><item title="Modulation" value="MCS0NSS1"></item><item title="Bandwidth" value="20"></item><item title="Channel" value="149"></item><item title="Antenna" value="1"></item><item title="ExpectedPower" value="18"></item><item title="Power" value="18"></item><item title="TestType" value="Tx"></item><item title="EVM" value="-21,2278" result="PASS"></item><item title="FREQERR" value="-2,19669" result="PASS"></item><item title="SYMCLOCKERR" value="-2,88709" result="PASS"></item><item title="POWER" value="16,6655" result="PASS"></item><item title="LOLEAKAGE" value="-36,7992" result="PASS"></item><item title="SPECTRUMMASK" value="13,1502" result="PASS"></item><item title="SPECTRUMMARGIN" value="13,1502" result="PASS"></item></Record><Criteria><item title="Modulation" value="MCS0NSS1"></item><item title="Bandwidth" value="20"></item><item title="Antenna" value="1"></item><item title="Channel" value="149"></item><item title="RfIcTemperature" value="47"></item><item title="CpuTemperature" value="60"></item><item title="ExpectedPower" value="19"></item><item title="EVM" Max="-5" Min="-100"></item><item title="FREQERR" Max="15" Min="-15"></item><item title="SYMCLOCKERR" Max="20" Min="-100"></item><item title="POWER" Max="20,5" Min="17,5" Avg="19"></item><item title="LOLEAKAGE" Max="-17" Min="-100"></item><item title="SPECTRUMMASK" Max="100" Min="0"></item><item title="SPECTRUMMARGIN" Max="1000" Min="0"></item></Criteria><Record><item title="Modulation" value="MCS0NSS1"></item><item title="Bandwidth" value="20"></item><item title="Channel" value="149"></item><item title="Antenna" value="1"></item><item title="ExpectedPower" value="19"></item><item title="Power" value="19"></item><item title="TestType" value="Tx"></item><item title="EVM" value="-20,7851" result="PASS"></item><item title="FREQERR" value="-2,19341" result="PASS"></item><item title="SYMCLOCKERR" value="-0,675221" result="PASS"></item><item title="POWER" value="17,9215" result="PASS"></item><item title="LOLEAKAGE" value="-41,087" result="PASS"></item><item title="SPECTRUMMASK" value="12,5346" result="PASS"></item><item title="SPECTRUMMARGIN" value="12,5346" result="PASS"></item></Record><Criteria><item title="Modulation" value="MCS0NSS1"></item><item title="Bandwidth" value="20"></item><item title="Antenna" value="1"></item><item title="Channel" value="149"></item><item title="RfIcTemperature" value="47"></item><item title="CpuTemperature" value="60"></item><item title="ExpectedPower" value="20"></item><item title="EVM" Max="-5" Min="-100"></item><item title="FREQERR" Max="15" Min="-15"></item><item title="SYMCLOCKERR" Max="20" Min="-100"></item><item title="POWER" Max="21,5" Min="18,5" Avg="20"></item><item title="LOLEAKAGE" Max="-17" Min="-100"></item><item title="SPECTRUMMASK" Max="100" Min="0"></item><item title="SPECTRUMMARGIN" Max="1000" Min="0"></item></Criteria><Record><item title="Modulation" value="MCS0NSS1"></item><item title="Bandwidth" value="20"></item><item title="Channel" value="149"></item><item title="Antenna" value="1"></item><item title="ExpectedPower" value="20"></item><item title="Power" value="20"></item><item title="TestType" value="Tx"></item><item title="EVM" value="-20,1193" result="PASS"></item><item title="FREQERR" value="-2,20226" result="PASS"></item><item title="SYMCLOCKERR" value="-1,58034" result="PASS"></item><item title="POWER" value="18,8113" result="PASS"></item><item title="LOLEAKAGE" value="-40,3093" result="PASS"></item><item title="SPECTRUMMASK" value="10,7719" result="PASS"></item><item title="SPECTRUMMARGIN" value="10,7719" result="PASS"></item></Record><Criteria><item title="Modulation" value="MCS0NSS1"></item><item title="Bandwidth" value="20"></item><item title="Antenna" value="1"></item><item title="Channel" value="149"></item><item title="RfIcTemperature" value="47"></item><item title="CpuTemperature" value="60"></item><item title="ExpectedPower" value="21"></item><item title="EVM" Max="-5" Min="-100"></item><item title="FREQERR" Max="15" Min="-15"></item><item title="SYMCLOCKERR" Max="20" Min="-100"></item><item title="POWER" Max="22,5" Min="19,5" Avg="21"></item><item title="LOLEAKAGE" Max="-17" Min="-100"></item><item title="SPECTRUMMASK" Max="100" Min="0"></item><item title="SPECTRUMMARGIN" Max="1000" Min="0"></item></Criteria><Record><item title="Modulation" value="MCS0NSS1"></item><item title="Bandwidth" value="20"></item><item title="Channel" value="149"></item><item title="Antenna" value="1"></item><item title="ExpectedPower" value="21"></item><item title="Power" value="21"></item><item title="TestType" value="Tx"></item><item title="EVM" value="-20,3302" result="PASS"></item><item title="FREQERR" value="-2,20011" result="PASS"></item><item title="SYMCLOCKERR" value="3,37357" result="PASS"></item><item title="POWER" value="20,0642" result="PASS"></item><item title="LOLEAKAGE" value="-42,01" result="PASS"></item><item title="SPECTRUMMASK" value="10,7284" result="PASS"></item><item title="SPECTRUMMARGIN" value="10,7284" result="PASS"></item></Record><Criteria><item title="Modulation" value="MCS0NSS1"></item><item title="Bandwidth" value="20"></item><item title="Antenna" value="1"></item><item title="Channel" value="149"></item><item title="RfIcTemperature" value="47"></item><item title="CpuTemperature" value="60"></item><item title="ExpectedPower" value="22"></item><item title="EVM" Max="-5" Min="-100"></item><item title="FREQERR" Max="15" Min="-15"></item><item title="SYMCLOCKERR" Max="20" Min="-100"></item><item title="POWER" Max="23,5" Min="20,5" Avg="22"></item><item title="LOLEAKAGE" Max="-17" Min="-100"></item><item title="SPECTRUMMASK" Max="100" Min="0"></item><item title="SPECTRUMMARGIN" Max="1000" Min="0"></item></Criteria><Record><item title="Modulation" value="MCS0NSS1"></item><item title="Bandwidth" value="20"></item><item title="Channel" value="149"></item><item title="Antenna" value="1"></item><item title="ExpectedPower" value="22"></item><item title="Power" value="22"></item><item title="TestType" value="Tx"></item><item title="EVM" value="-20,3144" result="PASS"></item><item title="FREQERR" value="-2,19973" result="PASS"></item><item title="SYMCLOCKERR" value="-6,02004" result="PASS"></item><item title="POWER" value="20,9414" result="PASS"></item><item title="LOLEAKAGE" value="-46,0775" result="PASS"></item><item title="SPECTRUMMASK" value="9,30244" result="PASS"></item><item title="SPECTRUMMARGIN" value="9,30244" result="PASS"></item></Record><Criteria><item title="Modulation" value="MCS0NSS1"></item><item title="Bandwidth" value="20"></item><item title="Antenna" value="1"></item><item title="Channel" value="149"></item><item title="RfIcTemperature" value="47"></item><item title="CpuTemperature" value="60"></item><item title="ExpectedPower" value="23"></item><item title="EVM" Max="-5" Min="-100"></item><item title="FREQERR" Max="15" Min="-15"></item><item title="SYMCLOCKERR" Max="20" Min="-100"></item><item title="POWER" Max="24,5" Min="21,5" Avg="23"></item><item title="LOLEAKAGE" Max="-17" Min="-100"></item><item title="SPECTRUMMASK" Max="100" Min="0"></item><item title="SPECTRUMMARGIN" Max="1000" Min="0"></item></Criteria><Record><item title="Modulation" value="MCS0NSS1"></item><item title="Bandwidth" value="20"></item><item title="Channel" value="149"></item><item title="Antenna" value="1"></item><item title="ExpectedPower" value="23"></item><item title="Power" value="23"></item><item title="TestType" value="Tx"></item><item title="EVM" value="-18,4118" result="PASS"></item><item title="FREQERR" value="-2,19141" result="PASS"></item><item title="SYMCLOCKERR" value="0,22247" result="PASS"></item><item title="POWER" value="21,9212" result="PASS"></item><item title="LOLEAKAGE" value="-50,6224" result="PASS"></item><item title="SPECTRUMMASK" value="7,07353" result="PASS"></item><item title="SPECTRUMMARGIN" value="7,07353" result="PASS"></item></Record><Criteria><item title="Modulation" value="MCS0NSS1"></item><item title="Bandwidth" value="20"></item><item title="Antenna" value="1"></item><item title="Channel" value="149"></item><item title="RfIcTemperature" value="47"></item><item title="CpuTemperature" value="60"></item><item title="ExpectedPower" value="24"></item><item title="EVM" Max="-5" Min="-100"></item><item title="FREQERR" Max="15" Min="-15"></item><item title="SYMCLOCKERR" Max="20" Min="-100"></item><item title="POWER" Max="25,5" Min="22,5" Avg="24"></item><item title="LOLEAKAGE" Max="-17" Min="-100"></item><item title="SPECTRUMMASK" Max="100" Min="0"></item><item title="SPECTRUMMARGIN" Max="1000" Min="0"></item></Criteria><Record><item title="Modulation" value="MCS0NSS1"></item><item title="Bandwidth" value="20"></item><item title="Channel" value="149"></item><item title="Antenna" value="1"></item><item title="ExpectedPower" value="24"></item><item title="Power" value="24"></item><item title="TestType" value="Tx"></item><item title="EVM" value="-16,9272" result="PASS"></item><item title="FREQERR" value="-2,19366" result="PASS"></item><item title="SYMCLOCKERR" value="0,740173" result="PASS"></item><item title="POWER" value="22,824" result="PASS"></item><item title="LOLEAKAGE" value="-50,608" result="PASS"></item><item title="SPECTRUMMASK" value="3,5361" result="PASS"></item><item title="SPECTRUMMARGIN" value="3,5361" result="PASS"></item></Record><Criteria><item title="Modulation" value="MCS0NSS1"></item><item title="Bandwidth" value="20"></item><item title="Antenna" value="1"></item><item title="Channel" value="149"></item><item title="RfIcTemperature" value="47"></item><item title="CpuTemperature" value="60"></item><item title="ExpectedPower" value="25"></item><item title="EVM" Max="-5" Min="-100"></item><item title="FREQERR" Max="15" Min="-15"></item><item title="SYMCLOCKERR" Max="20" Min="-100"></item><item title="POWER" Max="26,5" Min="23,5" Avg="25"></item><item title="LOLEAKAGE" Max="-17" Min="-100"></item><item title="SPECTRUMMASK" Max="100" Min="0"></item><item title="SPECTRUMMARGIN" Max="1000" Min="0"></item></Criteria><Record><item title="Modulation" value="MCS0NSS1"></item><item title="Bandwidth" value="20"></item><item title="Channel" value="149"></item><item title="Antenna" value="1"></item><item title="ExpectedPower" value="25"></item><item title="Power" value="25"></item><item title="TestType" value="Tx"></item><item title="EVM" value="-15,6353" result="PASS"></item><item title="FREQERR" value="-2,1876" result="PASS"></item><item title="SYMCLOCKERR" value="-5,83257" result="PASS"></item><item title="POWER" value="23,9186" result="PASS"></item><item title="LOLEAKAGE" value="-47,9016" result="PASS"></item><item title="SPECTRUMMASK" value="0,614189" result="PASS"></item><item title="SPECTRUMMARGIN" value="0,614189" result="PASS"></item></Record><Criteria><item title="Modulation" value="MCS0NSS1"></item><item title="Bandwidth" value="20"></item><item title="Antenna" value="2"></item><item title="Channel" value="149"></item><item title="RfIcTemperature" value="47"></item><item title="CpuTemperature" value="60"></item><item title="ExpectedPower" value="10"></item><item title="EVM" Max="-5" Min="-100"></item><item title="FREQERR" Max="15" Min="-15"></item><item title="SYMCLOCKERR" Max="20" Min="-100"></item><item title="POWER" Max="11,5" Min="8,5" Avg="10"></item><item title="LOLEAKAGE" Max="-17" Min="-100"></item><item title="SPECTRUMMASK" Max="100" Min="0"></item><item title="SPECTRUMMARGIN" Max="1000" Min="0"></item></Criteria><Record><item title="Modulation" value="MCS0NSS1"></item><item title="Bandwidth" value="20"></item><item title="Channel" value="149"></item><item title="Antenna" value="2"></item><item title="ExpectedPower" value="10"></item><item title="Power" value="10"></item><item title="TestType" value="Tx"></item><item title="EVM" value="-21,0385" result="PASS"></item><item title="FREQERR" value="-2,19144" result="PASS"></item><item title="SYMCLOCKERR" value="1,81085" result="PASS"></item><item title="POWER" value="10,0944" result="PASS"></item><item title="LOLEAKAGE" value="-31,0119" result="PASS"></item><item title="SPECTRUMMASK" value="12,3162" result="PASS"></item><item title="SPECTRUMMARGIN" value="12,3162" result="PASS"></item></Record><Criteria><item title="Modulation" value="MCS0NSS1"></item><item title="Bandwidth" value="20"></item><item title="Antenna" value="2"></item><item title="Channel" value="149"></item><item title="RfIcTemperature" value="47"></item><item title="CpuTemperature" value="60"></item><item title="ExpectedPower" value="11"></item><item title="EVM" Max="-5" Min="-100"></item><item title="FREQERR" Max="15" Min="-15"></item><item title="SYMCLOCKERR" Max="20" Min="-100"></item><item title="POWER" Max="12,5" Min="9,5" Avg="11"></item><item title="LOLEAKAGE" Max="-17" Min="-100"></item><item title="SPECTRUMMASK" Max="100" Min="0"></item><item title="SPECTRUMMARGIN" Max="1000" Min="0"></item></Criteria><Record><item title="Modulation" value="MCS0NSS1"></item><item title="Bandwidth" value="20"></item><item title="Channel" value="149"></item><item title="Antenna" value="2"></item><item title="ExpectedPower" value="11"></item><item title="Power" value="11"></item><item title="TestType" value="Tx"></item><item title="EVM" value="-20,4074" result="PASS"></item><item title="FREQERR" value="-2,19985" result="PASS"></item><item title="SYMCLOCKERR" value="-3,12785" result="PASS"></item><item title="POWER" value="10,9727" result="PASS"></item><item title="LOLEAKAGE" value="-30,8813" result="PASS"></item><item title="SPECTRUMMASK" value="12,6011" result="PASS"></item><item title="SPECTRUMMARGIN" value="12,6011" result="PASS"></item></Record><Criteria><item title="Modulation" value="MCS0NSS1"></item><item title="Bandwidth" value="20"></item><item title="Antenna" value="2"></item><item title="Channel" value="149"></item><item title="RfIcTemperature" value="47"></item><item title="CpuTemperature" value="60"></item><item title="ExpectedPower" value="12"></item><item title="EVM" Max="-5" Min="-100"></item><item title="FREQERR" Max="15" Min="-15"></item><item title="SYMCLOCKERR" Max="20" Min="-100"></item><item title="POWER" Max="13,5" Min="10,5" Avg="12"></item><item title="LOLEAKAGE" Max="-17" Min="-100"></item><item title="SPECTRUMMASK" Max="100" Min="0"></item><item title="SPECTRUMMARGIN" Max="1000" Min="0"></item></Criteria><Record><item title="Modulation" value="MCS0NSS1"></item><item title="Bandwidth" value="20"></item><item title="Channel" value="149"></item><item title="Antenna" value="2"></item><item title="ExpectedPower" value="12"></item><item title="Power" value="12"></item><item title="TestType" value="Tx"></item><item title="EVM" value="-19,5214" result="PASS"></item><item title="FREQERR" value="-2,19282" result="PASS"></item><item title="SYMCLOCKERR" value="9,15751" result="PASS"></item><item title="POWER" value="12,3613" result="PASS"></item><item title="LOLEAKAGE" value="-31,8125" result="PASS"></item><item title="SPECTRUMMASK" value="11,5718" result="PASS"></item><item title="SPECTRUMMARGIN" value="11,5718" result="PASS"></item></Record><Criteria><item title="Modulation" value="MCS0NSS1"></item><item title="Bandwidth" value="20"></item><item title="Antenna" value="2"></item><item title="Channel" value="149"></item><item title="RfIcTemperature" value="47"></item><item title="CpuTemperature" value="60"></item><item title="ExpectedPower" value="13"></item><item title="EVM" Max="-5" Min="-100"></item><item title="FREQERR" Max="15" Min="-15"></item><item title="SYMCLOCKERR" Max="20" Min="-100"></item><item title="POWER" Max="14,5" Min="11,5" Avg="13"></item><item title="LOLEAKAGE" Max="-17" Min="-100"></item><item title="SPECTRUMMASK" Max="100" Min="0"></item><item title="SPECTRUMMARGIN" Max="1000" Min="0"></item></Criteria><Record><item title="Modulation" value="MCS0NSS1"></item><item title="Bandwidth" value="20"></item><item title="Channel" value="149"></item><item title="Antenna" value="2"></item><item title="ExpectedPower" value="13"></item><item title="Power" value="13"></item><item title="TestType" value="Tx"></item><item title="EVM" value="-20,989" result="PASS"></item><item title="FREQERR" value="-2,18763" result="PASS"></item><item title="SYMCLOCKERR" value="-2,42449" result="PASS"></item><item title="POWER" value="13,0265" result="PASS"></item><item title="LOLEAKAGE" value="-31,4626" result="PASS"></item><item title="SPECTRUMMASK" value="11,8027" result="PASS"></item><item title="SPECTRUMMARGIN" value="11,8027" result="PASS"></item></Record><Criteria><item title="Modulation" value="MCS0NSS1"></item><item title="Bandwidth" value="20"></item><item title="Antenna" value="2"></item><item title="Channel" value="149"></item><item title="RfIcTemperature" value="47"></item><item title="CpuTemperature" value="60"></item><item title="ExpectedPower" value="14"></item><item title="EVM" Max="-5" Min="-100"></item><item title="FREQERR" Max="15" Min="-15"></item><item title="SYMCLOCKERR" Max="20" Min="-100"></item><item title="POWER" Max="15,5" Min="12,5" Avg="14"></item><item title="LOLEAKAGE" Max="-17" Min="-100"></item><item title="SPECTRUMMASK" Max="100" Min="0"></item><item title="SPECTRUMMARGIN" Max="1000" Min="0"></item></Criteria><Record><item title="Modulation" value="MCS0NSS1"></item><item title="Bandwidth" value="20"></item><item title="Channel" value="149"></item><item title="Antenna" value="2"></item><item title="ExpectedPower" value="14"></item><item title="Power" value="14"></item><item title="TestType" value="Tx"></item><item title="EVM" value="-21,0587" result="PASS"></item><item title="FREQERR" value="-2,19123" result="PASS"></item><item title="SYMCLOCKERR" value="-3,20285" result="PASS"></item><item title="POWER" value="14,0934" result="PASS"></item><item title="LOLEAKAGE" value="-31,8512" result="PASS"></item><item title="SPECTRUMMASK" value="11,654" result="PASS"></item><item title="SPECTRUMMARGIN" value="11,654" result="PASS"></item></Record><Criteria><item title="Modulation" value="MCS0NSS1"></item><item title="Bandwidth" value="20"></item><item title="Antenna" value="2"></item><item title="Channel" value="149"></item><item title="RfIcTemperature" value="47"></item><item title="CpuTemperature" value="60"></item><item title="ExpectedPower" value="15"></item><item title="EVM" Max="-5" Min="-100"></item><item title="FREQERR" Max="15" Min="-15"></item><item title="SYMCLOCKERR" Max="20" Min="-100"></item><item title="POWER" Max="16,5" Min="13,5" Avg="15"></item><item title="LOLEAKAGE" Max="-17" Min="-100"></item><item title="SPECTRUMMASK" Max="100" Min="0"></item><item title="SPECTRUMMARGIN" Max="1000" Min="0"></item></Criteria><Record><item title="Modulation" value="MCS0NSS1"></item><item title="Bandwidth" value="20"></item><item title="Channel" value="149"></item><item title="Antenna" value="2"></item><item title="ExpectedPower" value="15"></item><item title="Power" value="15"></item><item title="TestType" value="Tx"></item><item title="EVM" value="-18,0697" result="PASS"></item><item title="FREQERR" value="-2,18859" result="PASS"></item><item title="SYMCLOCKERR" value="-6,46845" result="PASS"></item><item title="POWER" value="15,0846" result="PASS"></item><item title="LOLEAKAGE" value="-32,8889" result="PASS"></item><item title="SPECTRUMMASK" value="12,0613" result="PASS"></item><item title="SPECTRUMMARGIN" value="12,0613" result="PASS"></item></Record><Criteria><item title="Modulation" value="MCS0NSS1"></item><item title="Bandwidth" value="20"></item><item title="Antenna" value="2"></item><item title="Channel" value="149"></item><item title="RfIcTemperature" value="47"></item><item title="CpuTemperature" value="60"></item><item title="ExpectedPower" value="16"></item><item title="EVM" Max="-5" Min="-100"></item><item title="FREQERR" Max="15" Min="-15"></item><item title="SYMCLOCKERR" Max="20" Min="-100"></item><item title="POWER" Max="17,5" Min="14,5" Avg="16"></item><item title="LOLEAKAGE" Max="-17" Min="-100"></item><item title="SPECTRUMMASK" Max="100" Min="0"></item><item title="SPECTRUMMARGIN" Max="1000" Min="0"></item></Criteria><Record><item title="Modulation" value="MCS0NSS1"></item><item title="Bandwidth" value="20"></item><item title="Channel" value="149"></item><item title="Antenna" value="2"></item><item title="ExpectedPower" value="16"></item><item title="Power" value="16"></item><item title="TestType" value="Tx"></item><item title="EVM" value="-18,8697" result="PASS"></item><item title="FREQERR" value="-2,18981" result="PASS"></item><item title="SYMCLOCKERR" value="-3,90994" result="PASS"></item><item title="POWER" value="16,3703" result="PASS"></item><item title="LOLEAKAGE" value="-37,2606" result="PASS"></item><item title="SPECTRUMMASK" value="12,5228" result="PASS"></item><item title="SPECTRUMMARGIN" value="12,5228" result="PASS"></item></Record><Criteria><item title="Modulation" value="MCS0NSS1"></item><item title="Bandwidth" value="20"></item><item title="Antenna" value="2"></item><item title="Channel" value="149"></item><item title="RfIcTemperature" value="47"></item><item title="CpuTemperature" value="60"></item><item title="ExpectedPower" value="17"></item><item title="EVM" Max="-5" Min="-100"></item><item title="FREQERR" Max="15" Min="-15"></item><item title="SYMCLOCKERR" Max="20" Min="-100"></item><item title="POWER" Max="18,5" Min="15,5" Avg="17"></item><item title="LOLEAKAGE" Max="-17" Min="-100"></item><item title="SPECTRUMMASK" Max="100" Min="0"></item><item title="SPECTRUMMARGIN" Max="1000" Min="0"></item></Criteria><Record><item title="Modulation" value="MCS0NSS1"></item><item title="Bandwidth" value="20"></item><item title="Channel" value="149"></item><item title="Antenna" value="2"></item><item title="ExpectedPower" value="17"></item><item title="Power" value="17"></item><item title="TestType" value="Tx"></item><item title="EVM" value="-20,7969" result="PASS"></item><item title="FREQERR" value="-2,19347" result="PASS"></item><item title="SYMCLOCKERR" value="-2,99658" result="PASS"></item><item title="POWER" value="17,0982" result="PASS"></item><item title="LOLEAKAGE" value="-36,342" result="PASS"></item><item title="SPECTRUMMASK" value="12,7981" result="PASS"></item><item title="SPECTRUMMARGIN" value="12,7981" result="PASS"></item></Record><Criteria><item title="Modulation" value="MCS0NSS1"></item><item title="Bandwidth" value="20"></item><item title="Antenna" value="2"></item><item title="Channel" value="149"></item><item title="RfIcTemperature" value="47"></item><item title="CpuTemperature" value="60"></item><item title="ExpectedPower" value="18"></item><item title="EVM" Max="-5" Min="-100"></item><item title="FREQERR" Max="15" Min="-15"></item><item title="SYMCLOCKERR" Max="20" Min="-100"></item><item title="POWER" Max="19,5" Min="16,5" Avg="18"></item><item title="LOLEAKAGE" Max="-17" Min="-100"></item><item title="SPECTRUMMASK" Max="100" Min="0"></item><item title="SPECTRUMMARGIN" Max="1000" Min="0"></item></Criteria><Record><item title="Modulation" value="MCS0NSS1"></item><item title="Bandwidth" value="20"></item><item title="Channel" value="149"></item><item title="Antenna" value="2"></item><item title="ExpectedPower" value="18"></item><item title="Power" value="18"></item><item title="TestType" value="Tx"></item><item title="EVM" value="-19,1132" result="PASS"></item><item title="FREQERR" value="-2,19191" result="PASS"></item><item title="SYMCLOCKERR" value="3,83508" result="PASS"></item><item title="POWER" value="18,3316" result="PASS"></item><item title="LOLEAKAGE" value="-37,565" result="PASS"></item><item title="SPECTRUMMASK" value="12,4883" result="PASS"></item><item title="SPECTRUMMARGIN" value="12,4883" result="PASS"></item></Record><Criteria><item title="Modulation" value="MCS0NSS1"></item><item title="Bandwidth" value="20"></item><item title="Antenna" value="2"></item><item title="Channel" value="149"></item><item title="RfIcTemperature" value="47"></item><item title="CpuTemperature" value="60"></item><item title="ExpectedPower" value="19"></item><item title="EVM" Max="-5" Min="-100"></item><item title="FREQERR" Max="15" Min="-15"></item><item title="SYMCLOCKERR" Max="20" Min="-100"></item><item title="POWER" Max="20,5" Min="17,5" Avg="19"></item><item title="LOLEAKAGE" Max="-17" Min="-100"></item><item title="SPECTRUMMASK" Max="100" Min="0"></item><item title="SPECTRUMMARGIN" Max="1000" Min="0"></item></Criteria><Record><item title="Modulation" value="MCS0NSS1"></item><item title="Bandwidth" value="20"></item><item title="Channel" value="149"></item><item title="Antenna" value="2"></item><item title="ExpectedPower" value="19"></item><item title="Power" value="19"></item><item title="TestType" value="Tx"></item><item title="EVM" value="-21,355" result="PASS"></item><item title="FREQERR" value="-2,19399" result="PASS"></item><item title="SYMCLOCKERR" value="0,585388" result="PASS"></item><item title="POWER" value="18,9045" result="PASS"></item><item title="LOLEAKAGE" value="-41,7177" result="PASS"></item><item title="SPECTRUMMASK" value="12,1109" result="PASS"></item><item title="SPECTRUMMARGIN" value="12,1109" result="PASS"></item></Record><Criteria><item title="Modulation" value="MCS0NSS1"></item><item title="Bandwidth" value="20"></item><item title="Antenna" value="2"></item><item title="Channel" value="149"></item><item title="RfIcTemperature" value="47"></item><item title="CpuTemperature" value="60"></item><item title="ExpectedPower" value="20"></item><item title="EVM" Max="-5" Min="-100"></item><item title="FREQERR" Max="15" Min="-15"></item><item title="SYMCLOCKERR" Max="20" Min="-100"></item><item title="POWER" Max="21,5" Min="18,5" Avg="20"></item><item title="LOLEAKAGE" Max="-17" Min="-100"></item><item title="SPECTRUMMASK" Max="100" Min="0"></item><item title="SPECTRUMMARGIN" Max="1000" Min="0"></item></Criteria><Record><item title="Modulation" value="MCS0NSS1"></item><item title="Bandwidth" value="20"></item><item title="Channel" value="149"></item><item title="Antenna" value="2"></item><item title="ExpectedPower" value="20"></item><item title="Power" value="20"></item><item title="TestType" value="Tx"></item><item title="EVM" value="-20,5005" result="PASS"></item><item title="FREQERR" value="-2,18449" result="PASS"></item><item title="SYMCLOCKERR" value="8,96518" result="PASS"></item><item title="POWER" value="20,0725" result="PASS"></item><item title="LOLEAKAGE" value="-43,4717" result="PASS"></item><item title="SPECTRUMMASK" value="12,4995" result="PASS"></item><item title="SPECTRUMMARGIN" value="12,4995" result="PASS"></item></Record><Criteria><item title="Modulation" value="MCS0NSS1"></item><item title="Bandwidth" value="20"></item><item title="Antenna" value="2"></item><item title="Channel" value="149"></item><item title="RfIcTemperature" value="47"></item><item title="CpuTemperature" value="60"></item><item title="ExpectedPower" value="21"></item><item title="EVM" Max="-5" Min="-100"></item><item title="FREQERR" Max="15" Min="-15"></item><item title="SYMCLOCKERR" Max="20" Min="-100"></item><item title="POWER" Max="22,5" Min="19,5" Avg="21"></item><item title="LOLEAKAGE" Max="-17" Min="-100"></item><item title="SPECTRUMMASK" Max="100" Min="0"></item><item title="SPECTRUMMARGIN" Max="1000" Min="0"></item></Criteria><Record><item title="Modulation" value="MCS0NSS1"></item><item title="Bandwidth" value="20"></item><item title="Channel" value="149"></item><item title="Antenna" value="2"></item><item title="ExpectedPower" value="21"></item><item title="Power" value="21"></item><item title="TestType" value="Tx"></item><item title="EVM" value="-19,9906" result="PASS"></item><item title="FREQERR" value="-2,19079" result="PASS"></item><item title="SYMCLOCKERR" value="-0,910317" result="PASS"></item><item title="POWER" value="20,9691" result="PASS"></item><item title="LOLEAKAGE" value="-50,7321" result="PASS"></item><item title="SPECTRUMMASK" value="11,5253" result="PASS"></item><item title="SPECTRUMMARGIN" value="11,5253" result="PASS"></item></Record><Criteria><item title="Modulation" value="MCS0NSS1"></item><item title="Bandwidth" value="20"></item><item title="Antenna" value="2"></item><item title="Channel" value="149"></item><item title="RfIcTemperature" value="47"></item><item title="CpuTemperature" value="60"></item><item title="ExpectedPower" value="22"></item><item title="EVM" Max="-5" Min="-100"></item><item title="FREQERR" Max="15" Min="-15"></item><item title="SYMCLOCKERR" Max="20" Min="-100"></item><item title="POWER" Max="23,5" Min="20,5" Avg="22"></item><item title="LOLEAKAGE" Max="-17" Min="-100"></item><item title="SPECTRUMMASK" Max="100" Min="0"></item><item title="SPECTRUMMARGIN" Max="1000" Min="0"></item></Criteria><Record><item title="Modulation" value="MCS0NSS1"></item><item title="Bandwidth" value="20"></item><item title="Channel" value="149"></item><item title="Antenna" value="2"></item><item title="ExpectedPower" value="22"></item><item title="Power" value="22"></item><item title="TestType" value="Tx"></item><item title="EVM" value="-19,907" result="PASS"></item><item title="FREQERR" value="-2,17473" result="PASS"></item><item title="SYMCLOCKERR" value="-7,1122" result="PASS"></item><item title="POWER" value="21,9979" result="PASS"></item><item title="LOLEAKAGE" value="-47,2695" result="PASS"></item><item title="SPECTRUMMASK" value="10,2658" result="PASS"></item><item title="SPECTRUMMARGIN" value="10,2658" result="PASS"></item></Record><Criteria><item title="Modulation" value="MCS0NSS1"></item><item title="Bandwidth" value="20"></item><item title="Antenna" value="2"></item><item title="Channel" value="149"></item><item title="RfIcTemperature" value="47"></item><item title="CpuTemperature" value="60"></item><item title="ExpectedPower" value="23"></item><item title="EVM" Max="-5" Min="-100"></item><item title="FREQERR" Max="15" Min="-15"></item><item title="SYMCLOCKERR" Max="20" Min="-100"></item><item title="POWER" Max="24,5" Min="21,5" Avg="23"></item><item title="LOLEAKAGE" Max="-17" Min="-100"></item><item title="SPECTRUMMASK" Max="100" Min="0"></item><item title="SPECTRUMMARGIN" Max="1000" Min="0"></item></Criteria><Record><item title="Modulation" value="MCS0NSS1"></item><item title="Bandwidth" value="20"></item><item title="Channel" value="149"></item><item title="Antenna" value="2"></item><item title="ExpectedPower" value="23"></item><item title="Power" value="23"></item><item title="TestType" value="Tx"></item><item title="EVM" value="-20,8491" result="PASS"></item><item title="FREQERR" value="-2,1898" result="PASS"></item><item title="SYMCLOCKERR" value="-1,29343" result="PASS"></item><item title="POWER" value="23,164" result="PASS"></item><item title="LOLEAKAGE" value="-55,9013" result="PASS"></item><item title="SPECTRUMMASK" value="6,43035" result="PASS"></item><item title="SPECTRUMMARGIN" value="6,43035" result="PASS"></item></Record><Criteria><item title="Modulation" value="MCS0NSS1"></item><item title="Bandwidth" value="20"></item><item title="Antenna" value="2"></item><item title="Channel" value="149"></item><item title="RfIcTemperature" value="47"></item><item title="CpuTemperature" value="60"></item><item title="ExpectedPower" value="24"></item><item title="EVM" Max="-5" Min="-100"></item><item title="FREQERR" Max="15" Min="-15"></item><item title="SYMCLOCKERR" Max="20" Min="-100"></item><item title="POWER" Max="25,5" Min="22,5" Avg="24"></item><item title="LOLEAKAGE" Max="-17" Min="-100"></item><item title="SPECTRUMMASK" Max="100" Min="0"></item><item title="SPECTRUMMARGIN" Max="1000" Min="0"></item></Criteria><Record><item title="Modulation" value="MCS0NSS1"></item><item title="Bandwidth" value="20"></item><item title="Channel" value="149"></item><item title="Antenna" value="2"></item><item title="ExpectedPower" value="24"></item><item title="Power" value="24"></item><item title="TestType" value="Tx"></item><item title="EVM" value="-19,6141" result="PASS"></item><item title="FREQERR" value="-2,19192" result="PASS"></item><item title="SYMCLOCKERR" value="0,572078" result="PASS"></item><item title="POWER" value="24,0446" result="PASS"></item><item title="LOLEAKAGE" value="-61,5038" result="PASS"></item><item title="SPECTRUMMASK" value="3,69973" result="PASS"></item><item title="SPECTRUMMARGIN" value="3,69973" result="PASS"></item></Record><Criteria><item title="Modulation" value="MCS0NSS1"></item><item title="Bandwidth" value="20"></item><item title="Antenna" value="2"></item><item title="Channel" value="149"></item><item title="RfIcTemperature" value="47"></item><item title="CpuTemperature" value="60"></item><item title="ExpectedPower" value="25"></item><item title="EVM" Max="-5" Min="-100"></item><item title="FREQERR" Max="15" Min="-15"></item><item title="SYMCLOCKERR" Max="20" Min="-100"></item><item title="POWER" Max="26,5" Min="23,5" Avg="25"></item><item title="LOLEAKAGE" Max="-17" Min="-100"></item><item title="SPECTRUMMASK" Max="100" Min="0"></item><item title="SPECTRUMMARGIN" Max="1000" Min="0"></item></Criteria><Record><item title="Modulation" value="MCS0NSS1"></item><item title="Bandwidth" value="20"></item><item title="Channel" value="149"></item><item title="Antenna" value="2"></item><item title="ExpectedPower" value="25"></item><item title="Power" value="25"></item><item title="TestType" value="Tx"></item><item title="EVM" value="-15,146" result="PASS"></item><item title="FREQERR" value="-2,18833" result="PASS"></item><item title="SYMCLOCKERR" value="-7,8327" result="PASS"></item><item title="POWER" value="25,1957" result="PASS"></item><item title="LOLEAKAGE" value="-41,3304" result="PASS"></item><item title="SPECTRUMMASK" value="-0,0550652" result="FAIL"></item><item title="SPECTRUMMARGIN" value="-0,0550652" result="FAIL"></item></Record><Criteria><item title="Modulation" value="MCS0NSS1"></item><item title="Bandwidth" value="20"></item><item title="Antenna" value="3"></item><item title="Channel" value="149"></item><item title="RfIcTemperature" value="47"></item><item title="CpuTemperature" value="60"></item><item title="ExpectedPower" value="10"></item><item title="EVM" Max="-5" Min="-100"></item><item title="FREQERR" Max="15" Min="-15"></item><item title="SYMCLOCKERR" Max="20" Min="-100"></item><item title="POWER" Max="11,5" Min="8,5" Avg="10"></item><item title="LOLEAKAGE" Max="-17" Min="-100"></item><item title="SPECTRUMMASK" Max="100" Min="0"></item><item title="SPECTRUMMARGIN" Max="1000" Min="0"></item></Criteria><Record><item title="Modulation" value="MCS0NSS1"></item><item title="Bandwidth" value="20"></item><item title="Channel" value="149"></item><item title="Antenna" value="3"></item><item title="ExpectedPower" value="10"></item><item title="Power" value="10"></item><item title="TestType" value="Tx"></item><item title="EVM" value="-18,4224" result="PASS"></item><item title="FREQERR" value="-2,19093" result="PASS"></item><item title="SYMCLOCKERR" value="-8,72826" result="PASS"></item><item title="POWER" value="9,36146" result="PASS"></item><item title="LOLEAKAGE" value="-30,3547" result="PASS"></item><item title="SPECTRUMMASK" value="12,8596" result="PASS"></item><item title="SPECTRUMMARGIN" value="12,8596" result="PASS"></item></Record><Criteria><item title="Modulation" value="MCS0NSS1"></item><item title="Bandwidth" value="20"></item><item title="Antenna" value="3"></item><item title="Channel" value="149"></item><item title="RfIcTemperature" value="47"></item><item title="CpuTemperature" value="60"></item><item title="ExpectedPower" value="11"></item><item title="EVM" Max="-5" Min="-100"></item><item title="FREQERR" Max="15" Min="-15"></item><item title="SYMCLOCKERR" Max="20" Min="-100"></item><item title="POWER" Max="12,5" Min="9,5" Avg="11"></item><item title="LOLEAKAGE" Max="-17" Min="-100"></item><item title="SPECTRUMMASK" Max="100" Min="0"></item><item title="SPECTRUMMARGIN" Max="1000" Min="0"></item></Criteria><Record><item title="Modulation" value="MCS0NSS1"></item><item title="Bandwidth" value="20"></item><item title="Channel" value="149"></item><item title="Antenna" value="3"></item><item title="ExpectedPower" value="11"></item><item title="Power" value="11"></item><item title="TestType" value="Tx"></item><item title="EVM" value="-21,4471" result="PASS"></item><item title="FREQERR" value="-2,18844" result="PASS"></item><item title="SYMCLOCKERR" value="4,74221" result="PASS"></item><item title="POWER" value="10,7895" result="PASS"></item><item title="LOLEAKAGE" value="-29,3381" result="PASS"></item><item title="SPECTRUMMASK" value="12,5481" result="PASS"></item><item title="SPECTRUMMARGIN" value="12,5481" result="PASS"></item></Record><Criteria><item title="Modulation" value="MCS0NSS1"></item><item title="Bandwidth" value="20"></item><item title="Antenna" value="3"></item><item title="Channel" value="149"></item><item title="RfIcTemperature" value="47"></item><item title="CpuTemperature" value="60"></item><item title="ExpectedPower" value="12"></item><item title="EVM" Max="-5" Min="-100"></item><item title="FREQERR" Max="15" Min="-15"></item><item title="SYMCLOCKERR" Max="20" Min="-100"></item><item title="POWER" Max="13,5" Min="10,5" Avg="12"></item><item title="LOLEAKAGE" Max="-17" Min="-100"></item><item title="SPECTRUMMASK" Max="100" Min="0"></item><item title="SPECTRUMMARGIN" Max="1000" Min="0"></item></Criteria><Record><item title="Modulation" value="MCS0NSS1"></item><item title="Bandwidth" value="20"></item><item title="Channel" value="149"></item><item title="Antenna" value="3"></item><item title="ExpectedPower" value="12"></item><item title="Power" value="12"></item><item title="TestType" value="Tx"></item><item title="EVM" value="-20,1635" result="PASS"></item><item title="FREQERR" value="-2,18295" result="PASS"></item><item title="SYMCLOCKERR" value="4,43002" result="PASS"></item><item title="POWER" value="12,0754" result="PASS"></item><item title="LOLEAKAGE" value="-30,3126" result="PASS"></item><item title="SPECTRUMMASK" value="12,0185" result="PASS"></item><item title="SPECTRUMMARGIN" value="12,0185" result="PASS"></item></Record><Criteria><item title="Modulation" value="MCS0NSS1"></item><item title="Bandwidth" value="20"></item><item title="Antenna" value="3"></item><item title="Channel" value="149"></item><item title="RfIcTemperature" value="47"></item><item title="CpuTemperature" value="60"></item><item title="ExpectedPower" value="13"></item><item title="EVM" Max="-5" Min="-100"></item><item title="FREQERR" Max="15" Min="-15"></item><item title="SYMCLOCKERR" Max="20" Min="-100"></item><item title="POWER" Max="14,5" Min="11,5" Avg="13"></item><item title="LOLEAKAGE" Max="-17" Min="-100"></item><item title="SPECTRUMMASK" Max="100" Min="0"></item><item title="SPECTRUMMARGIN" Max="1000" Min="0"></item></Criteria><Record><item title="Modulation" value="MCS0NSS1"></item><item title="Bandwidth" value="20"></item><item title="Channel" value="149"></item><item title="Antenna" value="3"></item><item title="ExpectedPower" value="13"></item><item title="Power" value="13"></item><item title="TestType" value="Tx"></item><item title="EVM" value="-19,8968" result="PASS"></item><item title="FREQERR" value="-2,17869" result="PASS"></item><item title="SYMCLOCKERR" value="-0,57338" result="PASS"></item><item title="POWER" value="12,8321" result="PASS"></item><item title="LOLEAKAGE" value="-30,3923" result="PASS"></item><item title="SPECTRUMMASK" value="12,0487" result="PASS"></item><item title="SPECTRUMMARGIN" value="12,0487" result="PASS"></item></Record><Criteria><item title="Modulation" value="MCS0NSS1"></item><item title="Bandwidth" value="20"></item><item title="Antenna" value="3"></item><item title="Channel" value="149"></item><item title="RfIcTemperature" value="47"></item><item title="CpuTemperature" value="60"></item><item title="ExpectedPower" value="14"></item><item title="EVM" Max="-5" Min="-100"></item><item title="FREQERR" Max="15" Min="-15"></item><item title="SYMCLOCKERR" Max="20" Min="-100"></item><item title="POWER" Max="15,5" Min="12,5" Avg="14"></item><item title="LOLEAKAGE" Max="-17" Min="-100"></item><item title="SPECTRUMMASK" Max="100" Min="0"></item><item title="SPECTRUMMARGIN" Max="1000" Min="0"></item></Criteria><Record><item title="Modulation" value="MCS0NSS1"></item><item title="Bandwidth" value="20"></item><item title="Channel" value="149"></item><item title="Antenna" value="3"></item><item title="ExpectedPower" value="14"></item><item title="Power" value="14"></item><item title="TestType" value="Tx"></item><item title="EVM" value="-20,1428" result="PASS"></item><item title="FREQERR" value="-2,1724" result="PASS"></item><item title="SYMCLOCKERR" value="3,44062" result="PASS"></item><item title="POWER" value="14,14" result="PASS"></item><item title="LOLEAKAGE" value="-31,3587" result="PASS"></item><item title="SPECTRUMMASK" value="11,9353" result="PASS"></item><item title="SPECTRUMMARGIN" value="11,9353" result="PASS"></item></Record><Criteria><item title="Modulation" value="MCS0NSS1"></item><item title="Bandwidth" value="20"></item><item title="Antenna" value="3"></item><item title="Channel" value="149"></item><item title="RfIcTemperature" value="47"></item><item title="CpuTemperature" value="60"></item><item title="ExpectedPower" value="15"></item><item title="EVM" Max="-5" Min="-100"></item><item title="FREQERR" Max="15" Min="-15"></item><item title="SYMCLOCKERR" Max="20" Min="-100"></item><item title="POWER" Max="16,5" Min="13,5" Avg="15"></item><item title="LOLEAKAGE" Max="-17" Min="-100"></item><item title="SPECTRUMMASK" Max="100" Min="0"></item><item title="SPECTRUMMARGIN" Max="1000" Min="0"></item></Criteria><Record><item title="Modulation" value="MCS0NSS1"></item><item title="Bandwidth" value="20"></item><item title="Channel" value="149"></item><item title="Antenna" value="3"></item><item title="ExpectedPower" value="15"></item><item title="Power" value="15"></item><item title="TestType" value="Tx"></item><item title="EVM" value="-19,367" result="PASS"></item><item title="FREQERR" value="-2,1772" result="PASS"></item><item title="SYMCLOCKERR" value="3,12325" result="PASS"></item><item title="POWER" value="15,0794" result="PASS"></item><item title="LOLEAKAGE" value="-32,0558" result="PASS"></item><item title="SPECTRUMMASK" value="11,4857" result="PASS"></item><item title="SPECTRUMMARGIN" value="11,4857" result="PASS"></item></Record><Criteria><item title="Modulation" value="MCS0NSS1"></item><item title="Bandwidth" value="20"></item><item title="Antenna" value="3"></item><item title="Channel" value="149"></item><item title="RfIcTemperature" value="47"></item><item title="CpuTemperature" value="60"></item><item title="ExpectedPower" value="16"></item><item title="EVM" Max="-5" Min="-100"></item><item title="FREQERR" Max="15" Min="-15"></item><item title="SYMCLOCKERR" Max="20" Min="-100"></item><item title="POWER" Max="17,5" Min="14,5" Avg="16"></item><item title="LOLEAKAGE" Max="-17" Min="-100"></item><item title="SPECTRUMMASK" Max="100" Min="0"></item><item title="SPECTRUMMARGIN" Max="1000" Min="0"></item></Criteria><Record><item title="Modulation" value="MCS0NSS1"></item><item title="Bandwidth" value="20"></item><item title="Channel" value="149"></item><item title="Antenna" value="3"></item><item title="ExpectedPower" value="16"></item><item title="Power" value="16"></item><item title="TestType" value="Tx"></item><item title="EVM" value="-19,9258" result="PASS"></item><item title="FREQERR" value="-2,18696" result="PASS"></item><item title="SYMCLOCKERR" value="-0,832925" result="PASS"></item><item title="POWER" value="15,9697" result="PASS"></item><item title="LOLEAKAGE" value="-36,6338" result="PASS"></item><item title="SPECTRUMMASK" value="11,5542" result="PASS"></item><item title="SPECTRUMMARGIN" value="11,5542" result="PASS"></item></Record><Criteria><item title="Modulation" value="MCS0NSS1"></item><item title="Bandwidth" value="20"></item><item title="Antenna" value="3"></item><item title="Channel" value="149"></item><item title="RfIcTemperature" value="47"></item><item title="CpuTemperature" value="60"></item><item title="ExpectedPower" value="17"></item><item title="EVM" Max="-5" Min="-100"></item><item title="FREQERR" Max="15" Min="-15"></item><item title="SYMCLOCKERR" Max="20" Min="-100"></item><item title="POWER" Max="18,5" Min="15,5" Avg="17"></item><item title="LOLEAKAGE" Max="-17" Min="-100"></item><item title="SPECTRUMMASK" Max="100" Min="0"></item><item title="SPECTRUMMARGIN" Max="1000" Min="0"></item></Criteria><Record><item title="Modulation" value="MCS0NSS1"></item><item title="Bandwidth" value="20"></item><item title="Channel" value="149"></item><item title="Antenna" value="3"></item><item title="ExpectedPower" value="17"></item><item title="Power" value="17"></item><item title="TestType" value="Tx"></item><item title="EVM" value="-18,8886" result="PASS"></item><item title="FREQERR" value="-2,18489" result="PASS"></item><item title="SYMCLOCKERR" value="0,688534" result="PASS"></item><item title="POWER" value="17,3505" result="PASS"></item><item title="LOLEAKAGE" value="-35,9574" result="PASS"></item><item title="SPECTRUMMASK" value="12,4163" result="PASS"></item><item title="SPECTRUMMARGIN" value="12,4163" result="PASS"></item></Record><Criteria><item title="Modulation" value="MCS0NSS1"></item><item title="Bandwidth" value="20"></item><item title="Antenna" value="3"></item><item title="Channel" value="149"></item><item title="RfIcTemperature" value="47"></item><item title="CpuTemperature" value="60"></item><item title="ExpectedPower" value="18"></item><item title="EVM" Max="-5" Min="-100"></item><item title="FREQERR" Max="15" Min="-15"></item><item title="SYMCLOCKERR" Max="20" Min="-100"></item><item title="POWER" Max="19,5" Min="16,5" Avg="18"></item><item title="LOLEAKAGE" Max="-17" Min="-100"></item><item title="SPECTRUMMASK" Max="100" Min="0"></item><item title="SPECTRUMMARGIN" Max="1000" Min="0"></item></Criteria><Record><item title="Modulation" value="MCS0NSS1"></item><item title="Bandwidth" value="20"></item><item title="Channel" value="149"></item><item title="Antenna" value="3"></item><item title="ExpectedPower" value="18"></item><item title="Power" value="18"></item><item title="TestType" value="Tx"></item><item title="EVM" value="-19,0182" result="PASS"></item><item title="FREQERR" value="-2,18213" result="PASS"></item><item title="SYMCLOCKERR" value="7,28723" result="PASS"></item><item title="POWER" value="18,3566" result="PASS"></item><item title="LOLEAKAGE" value="-36,5607" result="PASS"></item><item title="SPECTRUMMASK" value="12,0986" result="PASS"></item><item title="SPECTRUMMARGIN" value="12,0986" result="PASS"></item></Record><Criteria><item title="Modulation" value="MCS0NSS1"></item><item title="Bandwidth" value="20"></item><item title="Antenna" value="3"></item><item title="Channel" value="149"></item><item title="RfIcTemperature" value="47"></item><item title="CpuTemperature" value="60"></item><item title="ExpectedPower" value="19"></item><item title="EVM" Max="-5" Min="-100"></item><item title="FREQERR" Max="15" Min="-15"></item><item title="SYMCLOCKERR" Max="20" Min="-100"></item><item title="POWER" Max="20,5" Min="17,5" Avg="19"></item><item title="LOLEAKAGE" Max="-17" Min="-100"></item><item title="SPECTRUMMASK" Max="100" Min="0"></item><item title="SPECTRUMMARGIN" Max="1000" Min="0"></item></Criteria><Record><item title="Modulation" value="MCS0NSS1"></item><item title="Bandwidth" value="20"></item><item title="Channel" value="149"></item><item title="Antenna" value="3"></item><item title="ExpectedPower" value="19"></item><item title="Power" value="19"></item><item title="TestType" value="Tx"></item><item title="EVM" value="-20,6662" result="PASS"></item><item title="FREQERR" value="-2,18983" result="PASS"></item><item title="SYMCLOCKERR" value="-0,365022" result="PASS"></item><item title="POWER" value="18,9049" result="PASS"></item><item title="LOLEAKAGE" value="-37,2118" result="PASS"></item><item title="SPECTRUMMASK" value="11,8323" result="PASS"></item><item title="SPECTRUMMARGIN" value="11,8323" result="PASS"></item></Record><Criteria><item title="Modulation" value="MCS0NSS1"></item><item title="Bandwidth" value="20"></item><item title="Antenna" value="3"></item><item title="Channel" value="149"></item><item title="RfIcTemperature" value="47"></item><item title="CpuTemperature" value="60"></item><item title="ExpectedPower" value="20"></item><item title="EVM" Max="-5" Min="-100"></item><item title="FREQERR" Max="15" Min="-15"></item><item title="SYMCLOCKERR" Max="20" Min="-100"></item><item title="POWER" Max="21,5" Min="18,5" Avg="20"></item><item title="LOLEAKAGE" Max="-17" Min="-100"></item><item title="SPECTRUMMASK" Max="100" Min="0"></item><item title="SPECTRUMMARGIN" Max="1000" Min="0"></item></Criteria><Record><item title="Modulation" value="MCS0NSS1"></item><item title="Bandwidth" value="20"></item><item title="Channel" value="149"></item><item title="Antenna" value="3"></item><item title="ExpectedPower" value="20"></item><item title="Power" value="20"></item><item title="TestType" value="Tx"></item><item title="EVM" value="-22,289" result="PASS"></item><item title="FREQERR" value="-2,18487" result="PASS"></item><item title="SYMCLOCKERR" value="-1,66299" result="PASS"></item><item title="POWER" value="20,2134" result="PASS"></item><item title="LOLEAKAGE" value="-44,9486" result="PASS"></item><item title="SPECTRUMMASK" value="10,0547" result="PASS"></item><item title="SPECTRUMMARGIN" value="10,0547" result="PASS"></item></Record><Criteria><item title="Modulation" value="MCS0NSS1"></item><item title="Bandwidth" value="20"></item><item title="Antenna" value="3"></item><item title="Channel" value="149"></item><item title="RfIcTemperature" value="47"></item><item title="CpuTemperature" value="60"></item><item title="ExpectedPower" value="21"></item><item title="EVM" Max="-5" Min="-100"></item><item title="FREQERR" Max="15" Min="-15"></item><item title="SYMCLOCKERR" Max="20" Min="-100"></item><item title="POWER" Max="22,5" Min="19,5" Avg="21"></item><item title="LOLEAKAGE" Max="-17" Min="-100"></item><item title="SPECTRUMMASK" Max="100" Min="0"></item><item title="SPECTRUMMARGIN" Max="1000" Min="0"></item></Criteria><Record><item title="Modulation" value="MCS0NSS1"></item><item title="Bandwidth" value="20"></item><item title="Channel" value="149"></item><item title="Antenna" value="3"></item><item title="ExpectedPower" value="21"></item><item title="Power" value="21"></item><item title="TestType" value="Tx"></item><item title="EVM" value="-18,0052" result="PASS"></item><item title="FREQERR" value="-2,18333" result="PASS"></item><item title="SYMCLOCKERR" value="-3,53925" result="PASS"></item><item title="POWER" value="21,0554" result="PASS"></item><item title="LOLEAKAGE" value="-51,0152" result="PASS"></item><item title="SPECTRUMMASK" value="9,59306" result="PASS"></item><item title="SPECTRUMMARGIN" value="9,59306" result="PASS"></item></Record><Criteria><item title="Modulation" value="MCS0NSS1"></item><item title="Bandwidth" value="20"></item><item title="Antenna" value="3"></item><item title="Channel" value="149"></item><item title="RfIcTemperature" value="47"></item><item title="CpuTemperature" value="60"></item><item title="ExpectedPower" value="22"></item><item title="EVM" Max="-5" Min="-100"></item><item title="FREQERR" Max="15" Min="-15"></item><item title="SYMCLOCKERR" Max="20" Min="-100"></item><item title="POWER" Max="23,5" Min="20,5" Avg="22"></item><item title="LOLEAKAGE" Max="-17" Min="-100"></item><item title="SPECTRUMMASK" Max="100" Min="0"></item><item title="SPECTRUMMARGIN" Max="1000" Min="0"></item></Criteria><Record><item title="Modulation" value="MCS0NSS1"></item><item title="Bandwidth" value="20"></item><item title="Channel" value="149"></item><item title="Antenna" value="3"></item><item title="ExpectedPower" value="22"></item><item title="Power" value="22"></item><item title="TestType" value="Tx"></item><item title="EVM" value="-22,1943" result="PASS"></item><item title="FREQERR" value="-2,177" result="PASS"></item><item title="SYMCLOCKERR" value="-0,280906" result="PASS"></item><item title="POWER" value="22,2372" result="PASS"></item><item title="LOLEAKAGE" value="-50,4076" result="PASS"></item><item title="SPECTRUMMASK" value="7,98014" result="PASS"></item><item title="SPECTRUMMARGIN" value="7,98014" result="PASS"></item></Record><Criteria><item title="Modulation" value="MCS0NSS1"></item><item title="Bandwidth" value="20"></item><item title="Antenna" value="3"></item><item title="Channel" value="149"></item><item title="RfIcTemperature" value="47"></item><item title="CpuTemperature" value="60"></item><item title="ExpectedPower" value="23"></item><item title="EVM" Max="-5" Min="-100"></item><item title="FREQERR" Max="15" Min="-15"></item><item title="SYMCLOCKERR" Max="20" Min="-100"></item><item title="POWER" Max="24,5" Min="21,5" Avg="23"></item><item title="LOLEAKAGE" Max="-17" Min="-100"></item><item title="SPECTRUMMASK" Max="100" Min="0"></item><item title="SPECTRUMMARGIN" Max="1000" Min="0"></item></Criteria><Record><item title="Modulation" value="MCS0NSS1"></item><item title="Bandwidth" value="20"></item><item title="Channel" value="149"></item><item title="Antenna" value="3"></item><item title="ExpectedPower" value="23"></item><item title="Power" value="23"></item><item title="TestType" value="Tx"></item><item title="EVM" value="-19,7595" result="PASS"></item><item title="FREQERR" value="-2,17945" result="PASS"></item><item title="SYMCLOCKERR" value="1,60782" result="PASS"></item><item title="POWER" value="22,9714" result="PASS"></item><item title="LOLEAKAGE" value="-46,172" result="PASS"></item><item title="SPECTRUMMASK" value="4,93053" result="PASS"></item><item title="SPECTRUMMARGIN" value="4,93053" result="PASS"></item></Record><Criteria><item title="Modulation" value="MCS0NSS1"></item><item title="Bandwidth" value="20"></item><item title="Antenna" value="3"></item><item title="Channel" value="149"></item><item title="RfIcTemperature" value="47"></item><item title="CpuTemperature" value="60"></item><item title="ExpectedPower" value="24"></item><item title="EVM" Max="-5" Min="-100"></item><item title="FREQERR" Max="15" Min="-15"></item><item title="SYMCLOCKERR" Max="20" Min="-100"></item><item title="POWER" Max="25,5" Min="22,5" Avg="24"></item><item title="LOLEAKAGE" Max="-17" Min="-100"></item><item title="SPECTRUMMASK" Max="100" Min="0"></item><item title="SPECTRUMMARGIN" Max="1000" Min="0"></item></Criteria><Record><item title="Modulation" value="MCS0NSS1"></item><item title="Bandwidth" value="20"></item><item title="Channel" value="149"></item><item title="Antenna" value="3"></item><item title="ExpectedPower" value="24"></item><item title="Power" value="24"></item><item title="TestType" value="Tx"></item><item title="EVM" value="-15,5567" result="PASS"></item><item title="FREQERR" value="-2,19113" result="PASS"></item><item title="SYMCLOCKERR" value="-8,31779" result="PASS"></item><item title="POWER" value="23,8959" result="PASS"></item><item title="LOLEAKAGE" value="-42,1064" result="PASS"></item><item title="SPECTRUMMASK" value="0,516384" result="PASS"></item><item title="SPECTRUMMARGIN" value="0,516384" result="PASS"></item></Record><Criteria><item title="Modulation" value="MCS0NSS1"></item><item title="Bandwidth" value="20"></item><item title="Antenna" value="3"></item><item title="Channel" value="149"></item><item title="RfIcTemperature" value="47"></item><item title="CpuTemperature" value="60"></item><item title="ExpectedPower" value="25"></item><item title="EVM" Max="-5" Min="-100"></item><item title="FREQERR" Max="15" Min="-15"></item><item title="SYMCLOCKERR" Max="20" Min="-100"></item><item title="POWER" Max="26,5" Min="23,5" Avg="25"></item><item title="LOLEAKAGE" Max="-17" Min="-100"></item><item title="SPECTRUMMASK" Max="100" Min="0"></item><item title="SPECTRUMMARGIN" Max="1000" Min="0"></item></Criteria><Record><item title="Modulation" value="MCS0NSS1"></item><item title="Bandwidth" value="20"></item><item title="Channel" value="149"></item><item title="Antenna" value="3"></item><item title="ExpectedPower" value="25"></item><item title="Power" value="25"></item><item title="TestType" value="Tx"></item><item title="EVM" value="-14,5847" result="PASS"></item><item title="FREQERR" value="-2,16827" result="PASS"></item><item title="SYMCLOCKERR" value="8,74535" result="PASS"></item><item title="POWER" value="24,7743" result="PASS"></item><item title="LOLEAKAGE" value="-37,6134" result="PASS"></item><item title="SPECTRUMMASK" value="-1,90614" result="FAIL"></item><item title="SPECTRUMMARGIN" value="-1,90614" result="FAIL"></item></Record><Criteria><item title="Modulation" value="MCS0NSS1"></item><item title="Bandwidth" value="40"></item><item title="Antenna" value="0"></item><item title="Channel" value="36"></item><item title="RfIcTemperature" value="5032"></item><item title="CpuTemperature" value="60"></item><item title="ExpectedPower" value="10"></item><item title="EVM" Max="-5" Min="-100"></item><item title="FREQERR" Max="15" Min="-15"></item><item title="SYMCLOCKERR" Max="20" Min="-100"></item><item title="POWER" Max="11,5" Min="8,5" Avg="10"></item><item title="LOLEAKAGE" Max="-17" Min="-100"></item><item title="SPECTRUMMASK" Max="100" Min="0"></item><item title="SPECTRUMMARGIN" Max="1000" Min="0"></item></Criteria><Record><item title="Modulation" value="MCS0NSS1"></item><item title="Bandwidth" value="40"></item><item title="Channel" value="36"></item><item title="Antenna" value="0"></item><item title="ExpectedPower" value="10"></item><item title="Power" value="10"></item><item title="TestType" value="Tx"></item><item title="EVM" value="-19,3056" result="PASS"></item><item title="FREQERR" value="1,28679" result="PASS"></item><item title="SYMCLOCKERR" value="-0,321196" result="PASS"></item><item title="POWER" value="7,72922" result="FAIL"></item><item title="LOLEAKAGE" value="-35,2769" result="PASS"></item><item title="SPECTRUMMASK" value="19,845" result="PASS"></item><item title="SPECTRUMMARGIN" value="19,845" result="PASS"></item></Record><Criteria><item title="Modulation" value="MCS0NSS1"></item><item title="Bandwidth" value="40"></item><item title="Antenna" value="0"></item><item title="Channel" value="36"></item><item title="RfIcTemperature" value="5032"></item><item title="CpuTemperature" value="60"></item><item title="ExpectedPower" value="11"></item><item title="EVM" Max="-5" Min="-100"></item><item title="FREQERR" Max="15" Min="-15"></item><item title="SYMCLOCKERR" Max="20" Min="-100"></item><item title="POWER" Max="12,5" Min="9,5" Avg="11"></item><item title="LOLEAKAGE" Max="-17" Min="-100"></item><item title="SPECTRUMMASK" Max="100" Min="0"></item><item title="SPECTRUMMARGIN" Max="1000" Min="0"></item></Criteria><Record><item title="Modulation" value="MCS0NSS1"></item><item title="Bandwidth" value="40"></item><item title="Channel" value="36"></item><item title="Antenna" value="0"></item><item title="ExpectedPower" value="11"></item><item title="Power" value="11"></item><item title="TestType" value="Tx"></item><item title="EVM" value="-19,393" result="PASS"></item><item title="FREQERR" value="1,2774" result="PASS"></item><item title="SYMCLOCKERR" value="1,60593" result="PASS"></item><item title="POWER" value="9,01326" result="FAIL"></item><item title="LOLEAKAGE" value="-35,4684" result="PASS"></item><item title="SPECTRUMMASK" value="19,2803" result="PASS"></item><item title="SPECTRUMMARGIN" value="19,2803" result="PASS"></item></Record><Criteria><item title="Modulation" value="MCS0NSS1"></item><item title="Bandwidth" value="40"></item><item title="Antenna" value="0"></item><item title="Channel" value="36"></item><item title="RfIcTemperature" value="5032"></item><item title="CpuTemperature" value="60"></item><item title="ExpectedPower" value="12"></item><item title="EVM" Max="-5" Min="-100"></item><item title="FREQERR" Max="15" Min="-15"></item><item title="SYMCLOCKERR" Max="20" Min="-100"></item><item title="POWER" Max="13,5" Min="10,5" Avg="12"></item><item title="LOLEAKAGE" Max="-17" Min="-100"></item><item title="SPECTRUMMASK" Max="100" Min="0"></item><item title="SPECTRUMMARGIN" Max="1000" Min="0"></item></Criteria><Record><item title="Modulation" value="MCS0NSS1"></item><item title="Bandwidth" value="40"></item><item title="Channel" value="36"></item><item title="Antenna" value="0"></item><item title="ExpectedPower" value="12"></item><item title="Power" value="12"></item><item title="TestType" value="Tx"></item><item title="EVM" value="-18,9918" result="PASS"></item><item title="FREQERR" value="1,28451" result="PASS"></item><item title="SYMCLOCKERR" value="2,00725" result="PASS"></item><item title="POWER" value="9,84226" result="FAIL"></item><item title="LOLEAKAGE" value="-38,5917" result="PASS"></item><item title="SPECTRUMMASK" value="20,8245" result="PASS"></item><item title="SPECTRUMMARGIN" value="20,8245" result="PASS"></item></Record><Criteria><item title="Modulation" value="MCS0NSS1"></item><item title="Bandwidth" value="40"></item><item title="Antenna" value="0"></item><item title="Channel" value="36"></item><item title="RfIcTemperature" value="5032"></item><item title="CpuTemperature" value="60"></item><item title="ExpectedPower" value="13"></item><item title="EVM" Max="-5" Min="-100"></item><item title="FREQERR" Max="15" Min="-15"></item><item title="SYMCLOCKERR" Max="20" Min="-100"></item><item title="POWER" Max="14,5" Min="11,5" Avg="13"></item><item title="LOLEAKAGE" Max="-17" Min="-100"></item><item title="SPECTRUMMASK" Max="100" Min="0"></item><item title="SPECTRUMMARGIN" Max="1000" Min="0"></item></Criteria><Record><item title="Modulation" value="MCS0NSS1"></item><item title="Bandwidth" value="40"></item><item title="Channel" value="36"></item><item title="Antenna" value="0"></item><item title="ExpectedPower" value="13"></item><item title="Power" value="13"></item><item title="TestType" value="Tx"></item><item title="EVM" value="-19,0524" result="PASS"></item><item title="FREQERR" value="1,27747" result="PASS"></item><item title="SYMCLOCKERR" value="-1,35424" result="PASS"></item><item title="POWER" value="11,2599" result="FAIL"></item><item title="LOLEAKAGE" value="-38,1268" result="PASS"></item><item title="SPECTRUMMASK" value="19,8081" result="PASS"></item><item title="SPECTRUMMARGIN" value="19,8081" result="PASS"></item></Record><Criteria><item title="Modulation" value="MCS0NSS1"></item><item title="Bandwidth" value="40"></item><item title="Antenna" value="0"></item><item title="Channel" value="36"></item><item title="RfIcTemperature" value="5032"></item><item title="CpuTemperature" value="60"></item><item title="ExpectedPower" value="14"></item><item title="EVM" Max="-5" Min="-100"></item><item title="FREQERR" Max="15" Min="-15"></item><item title="SYMCLOCKERR" Max="20" Min="-100"></item><item title="POWER" Max="15,5" Min="12,5" Avg="14"></item><item title="LOLEAKAGE" Max="-17" Min="-100"></item><item title="SPECTRUMMASK" Max="100" Min="0"></item><item title="SPECTRUMMARGIN" Max="1000" Min="0"></item></Criteria><Record><item title="Modulation" value="MCS0NSS1"></item><item title="Bandwidth" value="40"></item><item title="Channel" value="36"></item><item title="Antenna" value="0"></item><item title="ExpectedPower" value="14"></item><item title="Power" value="14"></item><item title="TestType" value="Tx"></item><item title="EVM" value="-19,9929" result="PASS"></item><item title="FREQERR" value="1,28333" result="PASS"></item><item title="SYMCLOCKERR" value="4,73382" result="PASS"></item><item title="POWER" value="12,1621" result="FAIL"></item><item title="LOLEAKAGE" value="-43,211" result="PASS"></item><item title="SPECTRUMMASK" value="19,6389" result="PASS"></item><item title="SPECTRUMMARGIN" value="19,6389" result="PASS"></item></Record><Criteria><item title="Modulation" value="MCS0NSS1"></item><item title="Bandwidth" value="40"></item><item title="Antenna" value="0"></item><item title="Channel" value="36"></item><item title="RfIcTemperature" value="5032"></item><item title="CpuTemperature" value="60"></item><item title="ExpectedPower" value="15"></item><item title="EVM" Max="-5" Min="-100"></item><item title="FREQERR" Max="15" Min="-15"></item><item title="SYMCLOCKERR" Max="20" Min="-100"></item><item title="POWER" Max="16,5" Min="13,5" Avg="15"></item><item title="LOLEAKAGE" Max="-17" Min="-100"></item><item title="SPECTRUMMASK" Max="100" Min="0"></item><item title="SPECTRUMMARGIN" Max="1000" Min="0"></item></Criteria><Record><item title="Modulation" value="MCS0NSS1"></item><item title="Bandwidth" value="40"></item><item title="Channel" value="36"></item><item title="Antenna" value="0"></item><item title="ExpectedPower" value="15"></item><item title="Power" value="15"></item><item title="TestType" value="Tx"></item><item title="EVM" value="-20,4045" result="PASS"></item><item title="FREQERR" value="1,2752" result="PASS"></item><item title="SYMCLOCKERR" value="1,11213" result="PASS"></item><item title="POWER" value="13,1897" result="FAIL"></item><item title="LOLEAKAGE" value="-43,1792" result="PASS"></item><item title="SPECTRUMMASK" value="20,1539" result="PASS"></item><item title="SPECTRUMMARGIN" value="20,1539" result="PASS"></item></Record><Criteria><item title="Modulation" value="MCS0NSS1"></item><item title="Bandwidth" value="40"></item><item title="Antenna" value="0"></item><item title="Channel" value="36"></item><item title="RfIcTemperature" value="5032"></item><item title="CpuTemperature" value="60"></item><item title="ExpectedPower" value="16"></item><item title="EVM" Max="-5" Min="-100"></item><item title="FREQERR" Max="15" Min="-15"></item><item title="SYMCLOCKERR" Max="20" Min="-100"></item><item title="POWER" Max="17,5" Min="14,5" Avg="16"></item><item title="LOLEAKAGE" Max="-17" Min="-100"></item><item title="SPECTRUMMASK" Max="100" Min="0"></item><item title="SPECTRUMMARGIN" Max="1000" Min="0"></item></Criteria><Record><item title="Modulation" value="MCS0NSS1"></item><item title="Bandwidth" value="40"></item><item title="Channel" value="36"></item><item title="Antenna" value="0"></item><item title="ExpectedPower" value="16"></item><item title="Power" value="16"></item><item title="TestType" value="Tx"></item><item title="EVM" value="-18,4117" result="PASS"></item><item title="FREQERR" value="1,27638" result="PASS"></item><item title="SYMCLOCKERR" value="1,19235" result="PASS"></item><item title="POWER" value="14,0155" result="FAIL"></item><item title="LOLEAKAGE" value="-42,5775" result="PASS"></item><item title="SPECTRUMMASK" value="19,4491" result="PASS"></item><item title="SPECTRUMMARGIN" value="19,4491" result="PASS"></item></Record><Criteria><item title="Modulation" value="MCS0NSS1"></item><item title="Bandwidth" value="40"></item><item title="Antenna" value="0"></item><item title="Channel" value="36"></item><item title="RfIcTemperature" value="5032"></item><item title="CpuTemperature" value="60"></item><item title="ExpectedPower" value="17"></item><item title="EVM" Max="-5" Min="-100"></item><item title="FREQERR" Max="15" Min="-15"></item><item title="SYMCLOCKERR" Max="20" Min="-100"></item><item title="POWER" Max="18,5" Min="15,5" Avg="17"></item><item title="LOLEAKAGE" Max="-17" Min="-100"></item><item title="SPECTRUMMASK" Max="100" Min="0"></item><item title="SPECTRUMMARGIN" Max="1000" Min="0"></item></Criteria><Record><item title="Modulation" value="MCS0NSS1"></item><item title="Bandwidth" value="40"></item><item title="Channel" value="36"></item><item title="Antenna" value="0"></item><item title="ExpectedPower" value="17"></item><item title="Power" value="17"></item><item title="TestType" value="Tx"></item><item title="EVM" value="-18,432" result="PASS"></item><item title="FREQERR" value="1,27" result="PASS"></item><item title="SYMCLOCKERR" value="0,490776" result="PASS"></item><item title="POWER" value="15,2745" result="FAIL"></item><item title="LOLEAKAGE" value="-47,9529" result="PASS"></item><item title="SPECTRUMMASK" value="18,3162" result="PASS"></item><item title="SPECTRUMMARGIN" value="18,3162" result="PASS"></item></Record><Criteria><item title="Modulation" value="MCS0NSS1"></item><item title="Bandwidth" value="40"></item><item title="Antenna" value="0"></item><item title="Channel" value="36"></item><item title="RfIcTemperature" value="5032"></item><item title="CpuTemperature" value="60"></item><item title="ExpectedPower" value="18"></item><item title="EVM" Max="-5" Min="-100"></item><item title="FREQERR" Max="15" Min="-15"></item><item title="SYMCLOCKERR" Max="20" Min="-100"></item><item title="POWER" Max="19,5" Min="16,5" Avg="18"></item><item title="LOLEAKAGE" Max="-17" Min="-100"></item><item title="SPECTRUMMASK" Max="100" Min="0"></item><item title="SPECTRUMMARGIN" Max="1000" Min="0"></item></Criteria><Record><item title="Modulation" value="MCS0NSS1"></item><item title="Bandwidth" value="40"></item><item title="Channel" value="36"></item><item title="Antenna" value="0"></item><item title="ExpectedPower" value="18"></item><item title="Power" value="18"></item><item title="TestType" value="Tx"></item><item title="EVM" value="-18,885" result="PASS"></item><item title="FREQERR" value="1,27537" result="PASS"></item><item title="SYMCLOCKERR" value="-2,792" result="PASS"></item><item title="POWER" value="16,1723" result="FAIL"></item><item title="LOLEAKAGE" value="-46,7733" result="PASS"></item><item title="SPECTRUMMASK" value="17,7352" result="PASS"></item><item title="SPECTRUMMARGIN" value="17,7352" result="PASS"></item></Record><Criteria><item title="Modulation" value="MCS0NSS1"></item><item title="Bandwidth" value="40"></item><item title="Antenna" value="0"></item><item title="Channel" value="36"></item><item title="RfIcTemperature" value="5032"></item><item title="CpuTemperature" value="60"></item><item title="ExpectedPower" value="19"></item><item title="EVM" Max="-5" Min="-100"></item><item title="FREQERR" Max="15" Min="-15"></item><item title="SYMCLOCKERR" Max="20" Min="-100"></item><item title="POWER" Max="20,5" Min="17,5" Avg="19"></item><item title="LOLEAKAGE" Max="-17" Min="-100"></item><item title="SPECTRUMMASK" Max="100" Min="0"></item><item title="SPECTRUMMARGIN" Max="1000" Min="0"></item></Criteria><Record><item title="Modulation" value="MCS0NSS1"></item><item title="Bandwidth" value="40"></item><item title="Channel" value="36"></item><item title="Antenna" value="0"></item><item title="ExpectedPower" value="19"></item><item title="Power" value="19"></item><item title="TestType" value="Tx"></item><item title="EVM" value="-18,1022" result="PASS"></item><item title="FREQERR" value="1,27521" result="PASS"></item><item title="SYMCLOCKERR" value="-0,954217" result="PASS"></item><item title="POWER" value="17,3012" result="FAIL"></item><item title="LOLEAKAGE" value="-49,4167" result="PASS"></item><item title="SPECTRUMMASK" value="15,5892" result="PASS"></item><item title="SPECTRUMMARGIN" value="15,5892" result="PASS"></item></Record><Criteria><item title="Modulation" value="MCS0NSS1"></item><item title="Bandwidth" value="40"></item><item title="Antenna" value="0"></item><item title="Channel" value="36"></item><item title="RfIcTemperature" value="5032"></item><item title="CpuTemperature" value="60"></item><item title="ExpectedPower" value="20"></item><item title="EVM" Max="-5" Min="-100"></item><item title="FREQERR" Max="15" Min="-15"></item><item title="SYMCLOCKERR" Max="20" Min="-100"></item><item title="POWER" Max="21,5" Min="18,5" Avg="20"></item><item title="LOLEAKAGE" Max="-17" Min="-100"></item><item title="SPECTRUMMASK" Max="100" Min="0"></item><item title="SPECTRUMMARGIN" Max="1000" Min="0"></item></Criteria><Record><item title="Modulation" value="MCS0NSS1"></item><item title="Bandwidth" value="40"></item><item title="Channel" value="36"></item><item title="Antenna" value="0"></item><item title="ExpectedPower" value="20"></item><item title="Power" value="20"></item><item title="TestType" value="Tx"></item><item title="EVM" value="-19,2883" result="PASS"></item><item title="FREQERR" value="1,27437" result="PASS"></item><item title="SYMCLOCKERR" value="1,6409" result="PASS"></item><item title="POWER" value="18,1547" result="FAIL"></item><item title="LOLEAKAGE" value="-49,5334" result="PASS"></item><item title="SPECTRUMMASK" value="13,4591" result="PASS"></item><item title="SPECTRUMMARGIN" value="13,4591" result="PASS"></item></Record><Criteria><item title="Modulation" value="MCS0NSS1"></item><item title="Bandwidth" value="40"></item><item title="Antenna" value="0"></item><item title="Channel" value="36"></item><item title="RfIcTemperature" value="5032"></item><item title="CpuTemperature" value="60"></item><item title="ExpectedPower" value="21"></item><item title="EVM" Max="-5" Min="-100"></item><item title="FREQERR" Max="15" Min="-15"></item><item title="SYMCLOCKERR" Max="20" Min="-100"></item><item title="POWER" Max="22,5" Min="19,5" Avg="21"></item><item title="LOLEAKAGE" Max="-17" Min="-100"></item><item title="SPECTRUMMASK" Max="100" Min="0"></item><item title="SPECTRUMMARGIN" Max="1000" Min="0"></item></Criteria><Record><item title="Modulation" value="MCS0NSS1"></item><item title="Bandwidth" value="40"></item><item title="Channel" value="36"></item><item title="Antenna" value="0"></item><item title="ExpectedPower" value="21"></item><item title="Power" value="21"></item><item title="TestType" value="Tx"></item><item title="EVM" value="-18,6298" result="PASS"></item><item title="FREQERR" value="1,26842" result="PASS"></item><item title="SYMCLOCKERR" value="0,266893" result="PASS"></item><item title="POWER" value="19,0319" result="FAIL"></item><item title="LOLEAKAGE" value="-46,2673" result="PASS"></item><item title="SPECTRUMMASK" value="13,6883" result="PASS"></item><item title="SPECTRUMMARGIN" value="13,6883" result="PASS"></item></Record><Criteria><item title="Modulation" value="MCS0NSS1"></item><item title="Bandwidth" value="40"></item><item title="Antenna" value="0"></item><item title="Channel" value="36"></item><item title="RfIcTemperature" value="5032"></item><item title="CpuTemperature" value="60"></item><item title="ExpectedPower" value="22"></item><item title="EVM" Max="-5" Min="-100"></item><item title="FREQERR" Max="15" Min="-15"></item><item title="SYMCLOCKERR" Max="20" Min="-100"></item><item title="POWER" Max="23,5" Min="20,5" Avg="22"></item><item title="LOLEAKAGE" Max="-17" Min="-100"></item><item title="SPECTRUMMASK" Max="100" Min="0"></item><item title="SPECTRUMMARGIN" Max="1000" Min="0"></item></Criteria><Record><item title="Modulation" value="MCS0NSS1"></item><item title="Bandwidth" value="40"></item><item title="Channel" value="36"></item><item title="Antenna" value="0"></item><item title="ExpectedPower" value="22"></item><item title="Power" value="22"></item><item title="TestType" value="Tx"></item><item title="EVM" value="-18,8651" result="PASS"></item><item title="FREQERR" value="1,27137" result="PASS"></item><item title="SYMCLOCKERR" value="1,58438" result="PASS"></item><item title="POWER" value="20,0974" result="FAIL"></item><item title="LOLEAKAGE" value="-50,725" result="PASS"></item><item title="SPECTRUMMASK" value="11,5788" result="PASS"></item><item title="SPECTRUMMARGIN" value="11,5788" result="PASS"></item></Record><Criteria><item title="Modulation" value="MCS0NSS1"></item><item title="Bandwidth" value="40"></item><item title="Antenna" value="0"></item><item title="Channel" value="36"></item><item title="RfIcTemperature" value="5032"></item><item title="CpuTemperature" value="60"></item><item title="ExpectedPower" value="23"></item><item title="EVM" Max="-5" Min="-100"></item><item title="FREQERR" Max="15" Min="-15"></item><item title="SYMCLOCKERR" Max="20" Min="-100"></item><item title="POWER" Max="24,5" Min="21,5" Avg="23"></item><item title="LOLEAKAGE" Max="-17" Min="-100"></item><item title="SPECTRUMMASK" Max="100" Min="0"></item><item title="SPECTRUMMARGIN" Max="1000" Min="0"></item></Criteria><Record><item title="Modulation" value="MCS0NSS1"></item><item title="Bandwidth" value="40"></item><item title="Channel" value="36"></item><item title="Antenna" value="0"></item><item title="ExpectedPower" value="23"></item><item title="Power" value="23"></item><item title="TestType" value="Tx"></item><item title="EVM" value="-19,2602" result="PASS"></item><item title="FREQERR" value="1,27399" result="PASS"></item><item title="SYMCLOCKERR" value="0,735742" result="PASS"></item><item title="POWER" value="21,0687" result="FAIL"></item><item title="LOLEAKAGE" value="-49,9715" result="PASS"></item><item title="SPECTRUMMASK" value="8,82007" result="PASS"></item><item title="SPECTRUMMARGIN" value="8,82007" result="PASS"></item></Record><Criteria><item title="Modulation" value="MCS0NSS1"></item><item title="Bandwidth" value="40"></item><item title="Antenna" value="0"></item><item title="Channel" value="36"></item><item title="RfIcTemperature" value="5032"></item><item title="CpuTemperature" value="60"></item><item title="ExpectedPower" value="24"></item><item title="EVM" Max="-5" Min="-100"></item><item title="FREQERR" Max="15" Min="-15"></item><item title="SYMCLOCKERR" Max="20" Min="-100"></item><item title="POWER" Max="25,5" Min="22,5" Avg="24"></item><item title="LOLEAKAGE" Max="-17" Min="-100"></item><item title="SPECTRUMMASK" Max="100" Min="0"></item><item title="SPECTRUMMARGIN" Max="1000" Min="0"></item></Criteria><Record><item title="Modulation" value="MCS0NSS1"></item><item title="Bandwidth" value="40"></item><item title="Channel" value="36"></item><item title="Antenna" value="0"></item><item title="ExpectedPower" value="24"></item><item title="Power" value="24"></item><item title="TestType" value="Tx"></item><item title="EVM" value="-19,488" result="PASS"></item><item title="FREQERR" value="1,26522" result="PASS"></item><item title="SYMCLOCKERR" value="-0,0331455" result="PASS"></item><item title="POWER" value="22,2596" result="FAIL"></item><item title="LOLEAKAGE" value="-50,4504" result="PASS"></item><item title="SPECTRUMMASK" value="5,4389" result="PASS"></item><item title="SPECTRUMMARGIN" value="5,4389" result="PASS"></item></Record><Criteria><item title="Modulation" value="MCS0NSS1"></item><item title="Bandwidth" value="40"></item><item title="Antenna" value="0"></item><item title="Channel" value="36"></item><item title="RfIcTemperature" value="5032"></item><item title="CpuTemperature" value="60"></item><item title="ExpectedPower" value="25"></item><item title="EVM" Max="-5" Min="-100"></item><item title="FREQERR" Max="15" Min="-15"></item><item title="SYMCLOCKERR" Max="20" Min="-100"></item><item title="POWER" Max="26,5" Min="23,5" Avg="25"></item><item title="LOLEAKAGE" Max="-17" Min="-100"></item><item title="SPECTRUMMASK" Max="100" Min="0"></item><item title="SPECTRUMMARGIN" Max="1000" Min="0"></item></Criteria><Record><item title="Modulation" value="MCS0NSS1"></item><item title="Bandwidth" value="40"></item><item title="Channel" value="36"></item><item title="Antenna" value="0"></item><item title="ExpectedPower" value="25"></item><item title="Power" value="25"></item><item title="TestType" value="Tx"></item><item title="EVM" value="-17,4034" result="PASS"></item><item title="FREQERR" value="1,26235" result="PASS"></item><item title="SYMCLOCKERR" value="0,0630438" result="PASS"></item><item title="POWER" value="23,3434" result="FAIL"></item><item title="LOLEAKAGE" value="-50,5092" result="PASS"></item><item title="SPECTRUMMASK" value="2,0067" result="PASS"></item><item title="SPECTRUMMARGIN" value="2,0067" result="PASS"></item></Record><Criteria><item title="Modulation" value="MCS8NSS1"></item><item title="Bandwidth" value="20"></item><item title="Antenna" value="0"></item><item title="Channel" value="36"></item><item title="RfIcTemperature" value="46"></item><item title="CpuTemperature" value="60"></item><item title="ExpectedPower" value="10"></item><item title="EVM" Max="-30" Min="-100"></item><item title="FREQERR" Max="15" Min="-15"></item><item title="SYMCLOCKERR" Max="20" Min="-100"></item><item title="POWER" Max="11,5" Min="8,5" Avg="10"></item><item title="LOLEAKAGE" Max="-17" Min="-100"></item><item title="SPECTRUMMASK" Max="100" Min="0"></item><item title="SPECTRUMMARGIN" Max="1000" Min="0"></item></Criteria><Record><item title="Modulation" value="MCS8NSS1"></item><item title="Bandwidth" value="20"></item><item title="Channel" value="36"></item><item title="Antenna" value="0"></item><item title="ExpectedPower" value="10"></item><item title="Power" value="10"></item><item title="TestType" value="Tx"></item><item title="EVM" value="-36,83" result="PASS"></item><item title="FREQERR" value="-2,24191" result="PASS"></item><item title="SYMCLOCKERR" value="-2,93083" result="PASS"></item><item title="POWER" value="7,68458" result="FAIL"></item><item title="LOLEAKAGE" value="-33,1111" result="PASS"></item><item title="SPECTRUMMASK" value="12,0721" result="PASS"></item><item title="SPECTRUMMARGIN" value="12,0721" result="PASS"></item></Record><Criteria><item title="Modulation" value="MCS8NSS1"></item><item title="Bandwidth" value="20"></item><item title="Antenna" value="0"></item><item title="Channel" value="36"></item><item title="RfIcTemperature" value="46"></item><item title="CpuTemperature" value="60"></item><item title="ExpectedPower" value="11"></item><item title="EVM" Max="-30" Min="-100"></item><item title="FREQERR" Max="15" Min="-15"></item><item title="SYMCLOCKERR" Max="20" Min="-100"></item><item title="POWER" Max="12,5" Min="9,5" Avg="11"></item><item title="LOLEAKAGE" Max="-17" Min="-100"></item><item title="SPECTRUMMASK" Max="100" Min="0"></item><item title="SPECTRUMMARGIN" Max="1000" Min="0"></item></Criteria><Record><item title="Modulation" value="MCS8NSS1"></item><item title="Bandwidth" value="20"></item><item title="Channel" value="36"></item><item title="Antenna" value="0"></item><item title="ExpectedPower" value="11"></item><item title="Power" value="11"></item><item title="TestType" value="Tx"></item><item title="EVM" value="-36,2868" result="PASS"></item><item title="FREQERR" value="-2,23707" result="PASS"></item><item title="SYMCLOCKERR" value="-2,96997" result="PASS"></item><item title="POWER" value="8,78192" result="FAIL"></item><item title="LOLEAKAGE" value="-34,3789" result="PASS"></item><item title="SPECTRUMMASK" value="11,4552" result="PASS"></item><item title="SPECTRUMMARGIN" value="11,4552" result="PASS"></item></Record><Criteria><item title="Modulation" value="MCS8NSS1"></item><item title="Bandwidth" value="20"></item><item title="Antenna" value="0"></item><item title="Channel" value="36"></item><item title="RfIcTemperature" value="46"></item><item title="CpuTemperature" value="60"></item><item title="ExpectedPower" value="12"></item><item title="EVM" Max="-30" Min="-100"></item><item title="FREQERR" Max="15" Min="-15"></item><item title="SYMCLOCKERR" Max="20" Min="-100"></item><item title="POWER" Max="13,5" Min="10,5" Avg="12"></item><item title="LOLEAKAGE" Max="-17" Min="-100"></item><item title="SPECTRUMMASK" Max="100" Min="0"></item><item title="SPECTRUMMARGIN" Max="1000" Min="0"></item></Criteria><Record><item title="Modulation" value="MCS8NSS1"></item><item title="Bandwidth" value="20"></item><item title="Channel" value="36"></item><item title="Antenna" value="0"></item><item title="ExpectedPower" value="12"></item><item title="Power" value="12"></item><item title="TestType" value="Tx"></item><item title="EVM" value="-37,4335" result="PASS"></item><item title="FREQERR" value="-2,22898" result="PASS"></item><item title="SYMCLOCKERR" value="-2,67977" result="PASS"></item><item title="POWER" value="9,64133" result="FAIL"></item><item title="LOLEAKAGE" value="-33,93" result="PASS"></item><item title="SPECTRUMMASK" value="11,2959" result="PASS"></item><item title="SPECTRUMMARGIN" value="11,2959" result="PASS"></item></Record><Criteria><item title="Modulation" value="MCS8NSS1"></item><item title="Bandwidth" value="20"></item><item title="Antenna" value="0"></item><item title="Channel" value="36"></item><item title="RfIcTemperature" value="46"></item><item title="CpuTemperature" value="60"></item><item title="ExpectedPower" value="13"></item><item title="EVM" Max="-30" Min="-100"></item><item title="FREQERR" Max="15" Min="-15"></item><item title="SYMCLOCKERR" Max="20" Min="-100"></item><item title="POWER" Max="14,5" Min="11,5" Avg="13"></item><item title="LOLEAKAGE" Max="-17" Min="-100"></item><item title="SPECTRUMMASK" Max="100" Min="0"></item><item title="SPECTRUMMARGIN" Max="1000" Min="0"></item></Criteria><Record><item title="Modulation" value="MCS8NSS1"></item><item title="Bandwidth" value="20"></item><item title="Channel" value="36"></item><item title="Antenna" value="0"></item><item title="ExpectedPower" value="13"></item><item title="Power" value="13"></item><item title="TestType" value="Tx"></item><item title="EVM" value="-34,5221" result="PASS"></item><item title="FREQERR" value="-2,22279" result="PASS"></item><item title="SYMCLOCKERR" value="-3,09534" result="PASS"></item><item title="POWER" value="10,7815" result="FAIL"></item><item title="LOLEAKAGE" value="-38,3485" result="PASS"></item><item title="SPECTRUMMASK" value="11,3285" result="PASS"></item><item title="SPECTRUMMARGIN" value="11,3285" result="PASS"></item></Record><Criteria><item title="Modulation" value="MCS8NSS1"></item><item title="Bandwidth" value="20"></item><item title="Antenna" value="0"></item><item title="Channel" value="36"></item><item title="RfIcTemperature" value="46"></item><item title="CpuTemperature" value="60"></item><item title="ExpectedPower" value="14"></item><item title="EVM" Max="-30" Min="-100"></item><item title="FREQERR" Max="15" Min="-15"></item><item title="SYMCLOCKERR" Max="20" Min="-100"></item><item title="POWER" Max="15,5" Min="12,5" Avg="14"></item><item title="LOLEAKAGE" Max="-17" Min="-100"></item><item title="SPECTRUMMASK" Max="100" Min="0"></item><item title="SPECTRUMMARGIN" Max="1000" Min="0"></item></Criteria><Record><item title="Modulation" value="MCS8NSS1"></item><item title="Bandwidth" value="20"></item><item title="Channel" value="36"></item><item title="Antenna" value="0"></item><item title="ExpectedPower" value="14"></item><item title="Power" value="14"></item><item title="TestType" value="Tx"></item><item title="EVM" value="-35,2385" result="PASS"></item><item title="FREQERR" value="-2,21846" result="PASS"></item><item title="SYMCLOCKERR" value="-2,78242" result="PASS"></item><item title="POWER" value="11,8994" result="FAIL"></item><item title="LOLEAKAGE" value="-38,9712" result="PASS"></item><item title="SPECTRUMMASK" value="11,5339" result="PASS"></item><item title="SPECTRUMMARGIN" value="11,5339" result="PASS"></item></Record><Criteria><item title="Modulation" value="MCS8NSS1"></item><item title="Bandwidth" value="20"></item><item title="Antenna" value="0"></item><item title="Channel" value="36"></item><item title="RfIcTemperature" value="46"></item><item title="CpuTemperature" value="60"></item><item title="ExpectedPower" value="15"></item><item title="EVM" Max="-30" Min="-100"></item><item title="FREQERR" Max="15" Min="-15"></item><item title="SYMCLOCKERR" Max="20" Min="-100"></item><item title="POWER" Max="16,5" Min="13,5" Avg="15"></item><item title="LOLEAKAGE" Max="-17" Min="-100"></item><item title="SPECTRUMMASK" Max="100" Min="0"></item><item title="SPECTRUMMARGIN" Max="1000" Min="0"></item></Criteria><Record><item title="Modulation" value="MCS8NSS1"></item><item title="Bandwidth" value="20"></item><item title="Channel" value="36"></item><item title="Antenna" value="0"></item><item title="ExpectedPower" value="15"></item><item title="Power" value="15"></item><item title="TestType" value="Tx"></item><item title="EVM" value="-35,3189" result="PASS"></item><item title="FREQERR" value="-2,21876" result="PASS"></item><item title="SYMCLOCKERR" value="-3,35482" result="PASS"></item><item title="POWER" value="12,8507" result="FAIL"></item><item title="LOLEAKAGE" value="-49,199" result="PASS"></item><item title="SPECTRUMMASK" value="10,9715" result="PASS"></item><item title="SPECTRUMMARGIN" value="10,9715" result="PASS"></item></Record><Criteria><item title="Modulation" value="MCS8NSS1"></item><item title="Bandwidth" value="20"></item><item title="Antenna" value="0"></item><item title="Channel" value="36"></item><item title="RfIcTemperature" value="46"></item><item title="CpuTemperature" value="60"></item><item title="ExpectedPower" value="16"></item><item title="EVM" Max="-30" Min="-100"></item><item title="FREQERR" Max="15" Min="-15"></item><item title="SYMCLOCKERR" Max="20" Min="-100"></item><item title="POWER" Max="17,5" Min="14,5" Avg="16"></item><item title="LOLEAKAGE" Max="-17" Min="-100"></item><item title="SPECTRUMMASK" Max="100" Min="0"></item><item title="SPECTRUMMARGIN" Max="1000" Min="0"></item></Criteria><Record><item title="Modulation" value="MCS8NSS1"></item><item title="Bandwidth" value="20"></item><item title="Channel" value="36"></item><item title="Antenna" value="0"></item><item title="ExpectedPower" value="16"></item><item title="Power" value="16"></item><item title="TestType" value="Tx"></item><item title="EVM" value="-34,4078" result="PASS"></item><item title="FREQERR" value="-2,21892" result="PASS"></item><item title="SYMCLOCKERR" value="-1,90682" result="PASS"></item><item title="POWER" value="14,0746" result="FAIL"></item><item title="LOLEAKAGE" value="-40,5604" result="PASS"></item><item title="SPECTRUMMASK" value="12,3651" result="PASS"></item><item title="SPECTRUMMARGIN" value="12,3651" result="PASS"></item></Record><Criteria><item title="Modulation" value="MCS8NSS1"></item><item title="Bandwidth" value="20"></item><item title="Antenna" value="0"></item><item title="Channel" value="36"></item><item title="RfIcTemperature" value="46"></item><item title="CpuTemperature" value="60"></item><item title="ExpectedPower" value="17"></item><item title="EVM" Max="-30" Min="-100"></item><item title="FREQERR" Max="15" Min="-15"></item><item title="SYMCLOCKERR" Max="20" Min="-100"></item><item title="POWER" Max="18,5" Min="15,5" Avg="17"></item><item title="LOLEAKAGE" Max="-17" Min="-100"></item><item title="SPECTRUMMASK" Max="100" Min="0"></item><item title="SPECTRUMMARGIN" Max="1000" Min="0"></item></Criteria><Record><item title="Modulation" value="MCS8NSS1"></item><item title="Bandwidth" value="20"></item><item title="Channel" value="36"></item><item title="Antenna" value="0"></item><item title="ExpectedPower" value="17"></item><item title="Power" value="17"></item><item title="TestType" value="Tx"></item><item title="EVM" value="-34,7132" result="PASS"></item><item title="FREQERR" value="-2,21125" result="PASS"></item><item title="SYMCLOCKERR" value="-3,11824" result="PASS"></item><item title="POWER" value="15,0273" result="FAIL"></item><item title="LOLEAKAGE" value="-48,0942" result="PASS"></item><item title="SPECTRUMMASK" value="11,9451" result="PASS"></item><item title="SPECTRUMMARGIN" value="11,9451" result="PASS"></item></Record><Criteria><item title="Modulation" value="MCS8NSS1"></item><item title="Bandwidth" value="20"></item><item title="Antenna" value="0"></item><item title="Channel" value="36"></item><item title="RfIcTemperature" value="46"></item><item title="CpuTemperature" value="60"></item><item title="ExpectedPower" value="18"></item><item title="EVM" Max="-30" Min="-100"></item><item title="FREQERR" Max="15" Min="-15"></item><item title="SYMCLOCKERR" Max="20" Min="-100"></item><item title="POWER" Max="19,5" Min="16,5" Avg="18"></item><item title="LOLEAKAGE" Max="-17" Min="-100"></item><item title="SPECTRUMMASK" Max="100" Min="0"></item><item title="SPECTRUMMARGIN" Max="1000" Min="0"></item></Criteria><Record><item title="Modulation" value="MCS8NSS1"></item><item title="Bandwidth" value="20"></item><item title="Channel" value="36"></item><item title="Antenna" value="0"></item><item title="ExpectedPower" value="18"></item><item title="Power" value="18"></item><item title="TestType" value="Tx"></item><item title="EVM" value="-33,5441" result="PASS"></item><item title="FREQERR" value="-2,21641" result="PASS"></item><item title="SYMCLOCKERR" value="-3,17363" result="PASS"></item><item title="POWER" value="16,1061" result="FAIL"></item><item title="LOLEAKAGE" value="-44,8227" result="PASS"></item><item title="SPECTRUMMASK" value="11,7282" result="PASS"></item><item title="SPECTRUMMARGIN" value="11,7282" result="PASS"></item></Record><Criteria><item title="Modulation" value="MCS8NSS1"></item><item title="Bandwidth" value="20"></item><item title="Antenna" value="0"></item><item title="Channel" value="36"></item><item title="RfIcTemperature" value="46"></item><item title="CpuTemperature" value="60"></item><item title="ExpectedPower" value="19"></item><item title="EVM" Max="-30" Min="-100"></item><item title="FREQERR" Max="15" Min="-15"></item><item title="SYMCLOCKERR" Max="20" Min="-100"></item><item title="POWER" Max="20,5" Min="17,5" Avg="19"></item><item title="LOLEAKAGE" Max="-17" Min="-100"></item><item title="SPECTRUMMASK" Max="100" Min="0"></item><item title="SPECTRUMMARGIN" Max="1000" Min="0"></item></Criteria><Record><item title="Modulation" value="MCS8NSS1"></item><item title="Bandwidth" value="20"></item><item title="Channel" value="36"></item><item title="Antenna" value="0"></item><item title="ExpectedPower" value="19"></item><item title="Power" value="19"></item><item title="TestType" value="Tx"></item><item title="EVM" value="-32,7331" result="PASS"></item><item title="FREQERR" value="-2,21189" result="PASS"></item><item title="SYMCLOCKERR" value="-3,68958" result="PASS"></item><item title="POWER" value="17,0518" result="FAIL"></item><item title="LOLEAKAGE" value="-51,1237" result="PASS"></item><item title="SPECTRUMMASK" value="11,5599" result="PASS"></item><item title="SPECTRUMMARGIN" value="11,5599" result="PASS"></item></Record><Criteria><item title="Modulation" value="MCS8NSS1"></item><item title="Bandwidth" value="20"></item><item title="Antenna" value="0"></item><item title="Channel" value="36"></item><item title="RfIcTemperature" value="46"></item><item title="CpuTemperature" value="60"></item><item title="ExpectedPower" value="20"></item><item title="EVM" Max="-30" Min="-100"></item><item title="FREQERR" Max="15" Min="-15"></item><item title="SYMCLOCKERR" Max="20" Min="-100"></item><item title="POWER" Max="21,5" Min="18,5" Avg="20"></item><item title="LOLEAKAGE" Max="-17" Min="-100"></item><item title="SPECTRUMMASK" Max="100" Min="0"></item><item title="SPECTRUMMARGIN" Max="1000" Min="0"></item></Criteria><Record><item title="Modulation" value="MCS8NSS1"></item><item title="Bandwidth" value="20"></item><item title="Channel" value="36"></item><item title="Antenna" value="0"></item><item title="ExpectedPower" value="20"></item><item title="Power" value="20"></item><item title="TestType" value="Tx"></item><item title="EVM" value="-33,663" result="PASS"></item><item title="FREQERR" value="-2,21048" result="PASS"></item><item title="SYMCLOCKERR" value="-2,18657" result="PASS"></item><item title="POWER" value="17,9269" result="FAIL"></item><item title="LOLEAKAGE" value="-45,2764" result="PASS"></item><item title="SPECTRUMMASK" value="11,8953" result="PASS"></item><item title="SPECTRUMMARGIN" value="11,8953" result="PASS"></item></Record><Criteria><item title="Modulation" value="MCS8NSS1"></item><item title="Bandwidth" value="20"></item><item title="Antenna" value="0"></item><item title="Channel" value="36"></item><item title="RfIcTemperature" value="46"></item><item title="CpuTemperature" value="60"></item><item title="ExpectedPower" value="21"></item><item title="EVM" Max="-30" Min="-100"></item><item title="FREQERR" Max="15" Min="-15"></item><item title="SYMCLOCKERR" Max="20" Min="-100"></item><item title="POWER" Max="22,5" Min="19,5" Avg="21"></item><item title="LOLEAKAGE" Max="-17" Min="-100"></item><item title="SPECTRUMMASK" Max="100" Min="0"></item><item title="SPECTRUMMARGIN" Max="1000" Min="0"></item></Criteria><Record><item title="Modulation" value="MCS8NSS1"></item><item title="Bandwidth" value="20"></item><item title="Channel" value="36"></item><item title="Antenna" value="0"></item><item title="ExpectedPower" value="21"></item><item title="Power" value="21"></item><item title="TestType" value="Tx"></item><item title="EVM" value="-34,0041" result="PASS"></item><item title="FREQERR" value="-2,20859" result="PASS"></item><item title="SYMCLOCKERR" value="-2,64312" result="PASS"></item><item title="POWER" value="19,0832" result="FAIL"></item><item title="LOLEAKAGE" value="-48,6516" result="PASS"></item><item title="SPECTRUMMASK" value="11,2656" result="PASS"></item><item title="SPECTRUMMARGIN" value="11,2656" result="PASS"></item></Record><Criteria><item title="Modulation" value="MCS8NSS1"></item><item title="Bandwidth" value="20"></item><item title="Antenna" value="0"></item><item title="Channel" value="36"></item><item title="RfIcTemperature" value="46"></item><item title="CpuTemperature" value="60"></item><item title="ExpectedPower" value="22"></item><item title="EVM" Max="-30" Min="-100"></item><item title="FREQERR" Max="15" Min="-15"></item><item title="SYMCLOCKERR" Max="20" Min="-100"></item><item title="POWER" Max="23,5" Min="20,5" Avg="22"></item><item title="LOLEAKAGE" Max="-17" Min="-100"></item><item title="SPECTRUMMASK" Max="100" Min="0"></item><item title="SPECTRUMMARGIN" Max="1000" Min="0"></item></Criteria><Record><item title="Modulation" value="MCS8NSS1"></item><item title="Bandwidth" value="20"></item><item title="Channel" value="36"></item><item title="Antenna" value="0"></item><item title="ExpectedPower" value="22"></item><item title="Power" value="22"></item><item title="TestType" value="Tx"></item><item title="EVM" value="-32,7842" result="PASS"></item><item title="FREQERR" value="-2,20897" result="PASS"></item><item title="SYMCLOCKERR" value="-3,25828" result="PASS"></item><item title="POWER" value="19,8657" result="FAIL"></item><item title="LOLEAKAGE" value="-46,7793" result="PASS"></item><item title="SPECTRUMMASK" value="11,8673" result="PASS"></item><item title="SPECTRUMMARGIN" value="11,8673" result="PASS"></item></Record><Criteria><item title="Modulation" value="MCS8NSS1"></item><item title="Bandwidth" value="20"></item><item title="Antenna" value="0"></item><item title="Channel" value="36"></item><item title="RfIcTemperature" value="46"></item><item title="CpuTemperature" value="60"></item><item title="ExpectedPower" value="23"></item><item title="EVM" Max="-30" Min="-100"></item><item title="FREQERR" Max="15" Min="-15"></item><item title="SYMCLOCKERR" Max="20" Min="-100"></item><item title="POWER" Max="24,5" Min="21,5" Avg="23"></item><item title="LOLEAKAGE" Max="-17" Min="-100"></item><item title="SPECTRUMMASK" Max="100" Min="0"></item><item title="SPECTRUMMARGIN" Max="1000" Min="0"></item></Criteria><Record><item title="Modulation" value="MCS8NSS1"></item><item title="Bandwidth" value="20"></item><item title="Channel" value="36"></item><item title="Antenna" value="0"></item><item title="ExpectedPower" value="23"></item><item title="Power" value="23"></item><item title="TestType" value="Tx"></item><item title="EVM" value="-29,3442" result="FAIL"></item><item title="FREQERR" value="-2,2128" result="PASS"></item><item title="SYMCLOCKERR" value="-4,17827" result="PASS"></item><item title="POWER" value="21,0255" result="FAIL"></item><item title="LOLEAKAGE" value="-63,7489" result="PASS"></item><item title="SPECTRUMMASK" value="10,8023" result="PASS"></item><item title="SPECTRUMMARGIN" value="10,8023" result="PASS"></item></Record><Criteria><item title="Modulation" value="MCS8NSS1"></item><item title="Bandwidth" value="20"></item><item title="Antenna" value="0"></item><item title="Channel" value="36"></item><item title="RfIcTemperature" value="46"></item><item title="CpuTemperature" value="60"></item><item title="ExpectedPower" value="24"></item><item title="EVM" Max="-30" Min="-100"></item><item title="FREQERR" Max="15" Min="-15"></item><item title="SYMCLOCKERR" Max="20" Min="-100"></item><item title="POWER" Max="25,5" Min="22,5" Avg="24"></item><item title="LOLEAKAGE" Max="-17" Min="-100"></item><item title="SPECTRUMMASK" Max="100" Min="0"></item><item title="SPECTRUMMARGIN" Max="1000" Min="0"></item></Criteria><Record><item title="Modulation" value="MCS8NSS1"></item><item title="Bandwidth" value="20"></item><item title="Channel" value="36"></item><item title="Antenna" value="0"></item><item title="ExpectedPower" value="24"></item><item title="Power" value="24"></item><item title="TestType" value="Tx"></item><item title="EVM" value="-26,896" result="FAIL"></item><item title="FREQERR" value="-2,20774" result="PASS"></item><item title="SYMCLOCKERR" value="-1,02125" result="PASS"></item><item title="POWER" value="21,8712" result="FAIL"></item><item title="LOLEAKAGE" value="-49,7048" result="PASS"></item><item title="SPECTRUMMASK" value="10,4631" result="PASS"></item><item title="SPECTRUMMARGIN" value="10,4631" result="PASS"></item></Record><Criteria><item title="Modulation" value="MCS8NSS1"></item><item title="Bandwidth" value="20"></item><item title="Antenna" value="0"></item><item title="Channel" value="36"></item><item title="RfIcTemperature" value="46"></item><item title="CpuTemperature" value="60"></item><item title="ExpectedPower" value="25"></item><item title="EVM" Max="-30" Min="-100"></item><item title="FREQERR" Max="15" Min="-15"></item><item title="SYMCLOCKERR" Max="20" Min="-100"></item><item title="POWER" Max="26,5" Min="23,5" Avg="25"></item><item title="LOLEAKAGE" Max="-17" Min="-100"></item><item title="SPECTRUMMASK" Max="100" Min="0"></item><item title="SPECTRUMMARGIN" Max="1000" Min="0"></item></Criteria><Record><item title="Modulation" value="MCS8NSS1"></item><item title="Bandwidth" value="20"></item><item title="Channel" value="36"></item><item title="Antenna" value="0"></item><item title="ExpectedPower" value="25"></item><item title="Power" value="25"></item><item title="TestType" value="Tx"></item><item title="EVM" value="-24,0309" result="FAIL"></item><item title="FREQERR" value="-2,20642" result="PASS"></item><item title="SYMCLOCKERR" value="-2,30144" result="PASS"></item><item title="POWER" value="23,1746" result="FAIL"></item><item title="LOLEAKAGE" value="-41,1875" result="PASS"></item><item title="SPECTRUMMASK" value="6,41806" result="PASS"></item><item title="SPECTRUMMARGIN" value="6,41806" result="PASS"></item></Record><Criteria><item title="Modulation" value="MCS8NSS1"></item><item title="Bandwidth" value="20"></item><item title="Antenna" value="1"></item><item title="Channel" value="36"></item><item title="RfIcTemperature" value="46"></item><item title="CpuTemperature" value="60"></item><item title="ExpectedPower" value="10"></item><item title="EVM" Max="-30" Min="-100"></item><item title="FREQERR" Max="15" Min="-15"></item><item title="SYMCLOCKERR" Max="20" Min="-100"></item><item title="POWER" Max="11,5" Min="8,5" Avg="10"></item><item title="LOLEAKAGE" Max="-17" Min="-100"></item><item title="SPECTRUMMASK" Max="100" Min="0"></item><item title="SPECTRUMMARGIN" Max="1000" Min="0"></item></Criteria><Record><item title="Modulation" value="MCS8NSS1"></item><item title="Bandwidth" value="20"></item><item title="Channel" value="36"></item><item title="Antenna" value="1"></item><item title="ExpectedPower" value="10"></item><item title="Power" value="10"></item><item title="TestType" value="Tx"></item><item title="EVM" value="-37,5029" result="PASS"></item><item title="FREQERR" value="-2,22412" result="PASS"></item><item title="SYMCLOCKERR" value="-2,97799" result="PASS"></item><item title="POWER" value="8,34363" result="FAIL"></item><item title="LOLEAKAGE" value="-33,3346" result="PASS"></item><item title="SPECTRUMMASK" value="11,6558" result="PASS"></item><item title="SPECTRUMMARGIN" value="11,6558" result="PASS"></item></Record><Criteria><item title="Modulation" value="MCS8NSS1"></item><item title="Bandwidth" value="20"></item><item title="Antenna" value="1"></item><item title="Channel" value="36"></item><item title="RfIcTemperature" value="46"></item><item title="CpuTemperature" value="60"></item><item title="ExpectedPower" value="11"></item><item title="EVM" Max="-30" Min="-100"></item><item title="FREQERR" Max="15" Min="-15"></item><item title="SYMCLOCKERR" Max="20" Min="-100"></item><item title="POWER" Max="12,5" Min="9,5" Avg="11"></item><item title="LOLEAKAGE" Max="-17" Min="-100"></item><item title="SPECTRUMMASK" Max="100" Min="0"></item><item title="SPECTRUMMARGIN" Max="1000" Min="0"></item></Criteria><Record><item title="Modulation" value="MCS8NSS1"></item><item title="Bandwidth" value="20"></item><item title="Channel" value="36"></item><item title="Antenna" value="1"></item><item title="ExpectedPower" value="11"></item><item title="Power" value="11"></item><item title="TestType" value="Tx"></item><item title="EVM" value="-37,2012" result="PASS"></item><item title="FREQERR" value="-2,22223" result="PASS"></item><item title="SYMCLOCKERR" value="-2,55673" result="PASS"></item><item title="POWER" value="9,38807" result="FAIL"></item><item title="LOLEAKAGE" value="-35,8027" result="PASS"></item><item title="SPECTRUMMASK" value="11,0059" result="PASS"></item><item title="SPECTRUMMARGIN" value="11,0059" result="PASS"></item></Record><Criteria><item title="Modulation" value="MCS8NSS1"></item><item title="Bandwidth" value="20"></item><item title="Antenna" value="1"></item><item title="Channel" value="36"></item><item title="RfIcTemperature" value="46"></item><item title="CpuTemperature" value="60"></item><item title="ExpectedPower" value="12"></item><item title="EVM" Max="-30" Min="-100"></item><item title="FREQERR" Max="15" Min="-15"></item><item title="SYMCLOCKERR" Max="20" Min="-100"></item><item title="POWER" Max="13,5" Min="10,5" Avg="12"></item><item title="LOLEAKAGE" Max="-17" Min="-100"></item><item title="SPECTRUMMASK" Max="100" Min="0"></item><item title="SPECTRUMMARGIN" Max="1000" Min="0"></item></Criteria><Record><item title="Modulation" value="MCS8NSS1"></item><item title="Bandwidth" value="20"></item><item title="Channel" value="36"></item><item title="Antenna" value="1"></item><item title="ExpectedPower" value="12"></item><item title="Power" value="12"></item><item title="TestType" value="Tx"></item><item title="EVM" value="-38,2118" result="PASS"></item><item title="FREQERR" value="-2,2249" result="PASS"></item><item title="SYMCLOCKERR" value="-2,78934" result="PASS"></item><item title="POWER" value="10,6561" result="PASS"></item><item title="LOLEAKAGE" value="-36,4906" result="PASS"></item><item title="SPECTRUMMASK" value="13,2575" result="PASS"></item><item title="SPECTRUMMARGIN" value="13,2575" result="PASS"></item></Record><Criteria><item title="Modulation" value="MCS8NSS1"></item><item title="Bandwidth" value="20"></item><item title="Antenna" value="1"></item><item title="Channel" value="36"></item><item title="RfIcTemperature" value="46"></item><item title="CpuTemperature" value="60"></item><item title="ExpectedPower" value="13"></item><item title="EVM" Max="-30" Min="-100"></item><item title="FREQERR" Max="15" Min="-15"></item><item title="SYMCLOCKERR" Max="20" Min="-100"></item><item title="POWER" Max="14,5" Min="11,5" Avg="13"></item><item title="LOLEAKAGE" Max="-17" Min="-100"></item><item title="SPECTRUMMASK" Max="100" Min="0"></item><item title="SPECTRUMMARGIN" Max="1000" Min="0"></item></Criteria><Record><item title="Modulation" value="MCS8NSS1"></item><item title="Bandwidth" value="20"></item><item title="Channel" value="36"></item><item title="Antenna" value="1"></item><item title="ExpectedPower" value="13"></item><item title="Power" value="13"></item><item title="TestType" value="Tx"></item><item title="EVM" value="-37,3622" result="PASS"></item><item title="FREQERR" value="-2,22224" result="PASS"></item><item title="SYMCLOCKERR" value="-3,04323" result="PASS"></item><item title="POWER" value="11,4821" result="FAIL"></item><item title="LOLEAKAGE" value="-41,2794" result="PASS"></item><item title="SPECTRUMMASK" value="12,3561" result="PASS"></item><item title="SPECTRUMMARGIN" value="12,3561" result="PASS"></item></Record><Criteria><item title="Modulation" value="MCS8NSS1"></item><item title="Bandwidth" value="20"></item><item title="Antenna" value="1"></item><item title="Channel" value="36"></item><item title="RfIcTemperature" value="46"></item><item title="CpuTemperature" value="60"></item><item title="ExpectedPower" value="14"></item><item title="EVM" Max="-30" Min="-100"></item><item title="FREQERR" Max="15" Min="-15"></item><item title="SYMCLOCKERR" Max="20" Min="-100"></item><item title="POWER" Max="15,5" Min="12,5" Avg="14"></item><item title="LOLEAKAGE" Max="-17" Min="-100"></item><item title="SPECTRUMMASK" Max="100" Min="0"></item><item title="SPECTRUMMARGIN" Max="1000" Min="0"></item></Criteria><Record><item title="Modulation" value="MCS8NSS1"></item><item title="Bandwidth" value="20"></item><item title="Channel" value="36"></item><item title="Antenna" value="1"></item><item title="ExpectedPower" value="14"></item><item title="Power" value="14"></item><item title="TestType" value="Tx"></item><item title="EVM" value="-37,0216" result="PASS"></item><item title="FREQERR" value="-2,2218" result="PASS"></item><item title="SYMCLOCKERR" value="-2,65369" result="PASS"></item><item title="POWER" value="12,469" result="FAIL"></item><item title="LOLEAKAGE" value="-37,4231" result="PASS"></item><item title="SPECTRUMMASK" value="10,638" result="PASS"></item><item title="SPECTRUMMARGIN" value="10,638" result="PASS"></item></Record><Criteria><item title="Modulation" value="MCS8NSS1"></item><item title="Bandwidth" value="20"></item><item title="Antenna" value="1"></item><item title="Channel" value="36"></item><item title="RfIcTemperature" value="46"></item><item title="CpuTemperature" value="60"></item><item title="ExpectedPower" value="15"></item><item title="EVM" Max="-30" Min="-100"></item><item title="FREQERR" Max="15" Min="-15"></item><item title="SYMCLOCKERR" Max="20" Min="-100"></item><item title="POWER" Max="16,5" Min="13,5" Avg="15"></item><item title="LOLEAKAGE" Max="-17" Min="-100"></item><item title="SPECTRUMMASK" Max="100" Min="0"></item><item title="SPECTRUMMARGIN" Max="1000" Min="0"></item></Criteria><Record><item title="Modulation" value="MCS8NSS1"></item><item title="Bandwidth" value="20"></item><item title="Channel" value="36"></item><item title="Antenna" value="1"></item><item title="ExpectedPower" value="15"></item><item title="Power" value="15"></item><item title="TestType" value="Tx"></item><item title="EVM" value="-38,5579" result="PASS"></item><item title="FREQERR" value="-2,2236" result="PASS"></item><item title="SYMCLOCKERR" value="-2,9302" result="PASS"></item><item title="POWER" value="13,2898" result="FAIL"></item><item title="LOLEAKAGE" value="-43,3028" result="PASS"></item><item title="SPECTRUMMASK" value="11,2119" result="PASS"></item><item title="SPECTRUMMARGIN" value="11,2119" result="PASS"></item></Record><Criteria><item title="Modulation" value="MCS8NSS1"></item><item title="Bandwidth" value="20"></item><item title="Antenna" value="1"></item><item title="Channel" value="36"></item><item title="RfIcTemperature" value="46"></item><item title="CpuTemperature" value="60"></item><item title="ExpectedPower" value="16"></item><item title="EVM" Max="-30" Min="-100"></item><item title="FREQERR" Max="15" Min="-15"></item><item title="SYMCLOCKERR" Max="20" Min="-100"></item><item title="POWER" Max="17,5" Min="14,5" Avg="16"></item><item title="LOLEAKAGE" Max="-17" Min="-100"></item><item title="SPECTRUMMASK" Max="100" Min="0"></item><item title="SPECTRUMMARGIN" Max="1000" Min="0"></item></Criteria><Record><item title="Modulation" value="MCS8NSS1"></item><item title="Bandwidth" value="20"></item><item title="Channel" value="36"></item><item title="Antenna" value="1"></item><item title="ExpectedPower" value="16"></item><item title="Power" value="16"></item><item title="TestType" value="Tx"></item><item title="EVM" value="-38,3482" result="PASS"></item><item title="FREQERR" value="-2,22182" result="PASS"></item><item title="SYMCLOCKERR" value="-2,79789" result="PASS"></item><item title="POWER" value="14,3514" result="FAIL"></item><item title="LOLEAKAGE" value="-45,6742" result="PASS"></item><item title="SPECTRUMMASK" value="11,8705" result="PASS"></item><item title="SPECTRUMMARGIN" value="11,8705" result="PASS"></item></Record><Criteria><item title="Modulation" value="MCS8NSS1"></item><item title="Bandwidth" value="20"></item><item title="Antenna" value="1"></item><item title="Channel" value="36"></item><item title="RfIcTemperature" value="46"></item><item title="CpuTemperature" value="60"></item><item title="ExpectedPower" value="17"></item><item title="EVM" Max="-30" Min="-100"></item><item title="FREQERR" Max="15" Min="-15"></item><item title="SYMCLOCKERR" Max="20" Min="-100"></item><item title="POWER" Max="18,5" Min="15,5" Avg="17"></item><item title="LOLEAKAGE" Max="-17" Min="-100"></item><item title="SPECTRUMMASK" Max="100" Min="0"></item><item title="SPECTRUMMARGIN" Max="1000" Min="0"></item></Criteria><Record><item title="Modulation" value="MCS8NSS1"></item><item title="Bandwidth" value="20"></item><item title="Channel" value="36"></item><item title="Antenna" value="1"></item><item title="ExpectedPower" value="17"></item><item title="Power" value="17"></item><item title="TestType" value="Tx"></item><item title="EVM" value="-36,8593" result="PASS"></item><item title="FREQERR" value="-2,22155" result="PASS"></item><item title="SYMCLOCKERR" value="-2,84096" result="PASS"></item><item title="POWER" value="15,6738" result="PASS"></item><item title="LOLEAKAGE" value="-49,0339" result="PASS"></item><item title="SPECTRUMMASK" value="11,8527" result="PASS"></item><item title="SPECTRUMMARGIN" value="11,8527" result="PASS"></item></Record><Criteria><item title="Modulation" value="MCS8NSS1"></item><item title="Bandwidth" value="20"></item><item title="Antenna" value="1"></item><item title="Channel" value="36"></item><item title="RfIcTemperature" value="46"></item><item title="CpuTemperature" value="60"></item><item title="ExpectedPower" value="18"></item><item title="EVM" Max="-30" Min="-100"></item><item title="FREQERR" Max="15" Min="-15"></item><item title="SYMCLOCKERR" Max="20" Min="-100"></item><item title="POWER" Max="19,5" Min="16,5" Avg="18"></item><item title="LOLEAKAGE" Max="-17" Min="-100"></item><item title="SPECTRUMMASK" Max="100" Min="0"></item><item title="SPECTRUMMARGIN" Max="1000" Min="0"></item></Criteria><Record><item title="Modulation" value="MCS8NSS1"></item><item title="Bandwidth" value="20"></item><item title="Channel" value="36"></item><item title="Antenna" value="1"></item><item title="ExpectedPower" value="18"></item><item title="Power" value="18"></item><item title="TestType" value="Tx"></item><item title="EVM" value="-36,5131" result="PASS"></item><item title="FREQERR" value="-2,21996" result="PASS"></item><item title="SYMCLOCKERR" value="-2,76134" result="PASS"></item><item title="POWER" value="16,5586" result="PASS"></item><item title="LOLEAKAGE" value="-49,8776" result="PASS"></item><item title="SPECTRUMMASK" value="10,3213" result="PASS"></item><item title="SPECTRUMMARGIN" value="10,3213" result="PASS"></item></Record><Criteria><item title="Modulation" value="MCS8NSS1"></item><item title="Bandwidth" value="20"></item><item title="Antenna" value="1"></item><item title="Channel" value="36"></item><item title="RfIcTemperature" value="46"></item><item title="CpuTemperature" value="60"></item><item title="ExpectedPower" value="19"></item><item title="EVM" Max="-30" Min="-100"></item><item title="FREQERR" Max="15" Min="-15"></item><item title="SYMCLOCKERR" Max="20" Min="-100"></item><item title="POWER" Max="20,5" Min="17,5" Avg="19"></item><item title="LOLEAKAGE" Max="-17" Min="-100"></item><item title="SPECTRUMMASK" Max="100" Min="0"></item><item title="SPECTRUMMARGIN" Max="1000" Min="0"></item></Criteria><Record><item title="Modulation" value="MCS8NSS1"></item><item title="Bandwidth" value="20"></item><item title="Channel" value="36"></item><item title="Antenna" value="1"></item><item title="ExpectedPower" value="19"></item><item title="Power" value="19"></item><item title="TestType" value="Tx"></item><item title="EVM" value="-38,3817" result="PASS"></item><item title="FREQERR" value="-2,21923" result="PASS"></item><item title="SYMCLOCKERR" value="-1,97211" result="PASS"></item><item title="POWER" value="17,3907" result="FAIL"></item><item title="LOLEAKAGE" value="-51,8492" result="PASS"></item><item title="SPECTRUMMASK" value="11,3459" result="PASS"></item><item title="SPECTRUMMARGIN" value="11,3459" result="PASS"></item></Record><Criteria><item title="Modulation" value="MCS8NSS1"></item><item title="Bandwidth" value="20"></item><item title="Antenna" value="1"></item><item title="Channel" value="36"></item><item title="RfIcTemperature" value="46"></item><item title="CpuTemperature" value="60"></item><item title="ExpectedPower" value="20"></item><item title="EVM" Max="-30" Min="-100"></item><item title="FREQERR" Max="15" Min="-15"></item><item title="SYMCLOCKERR" Max="20" Min="-100"></item><item title="POWER" Max="21,5" Min="18,5" Avg="20"></item><item title="LOLEAKAGE" Max="-17" Min="-100"></item><item title="SPECTRUMMASK" Max="100" Min="0"></item><item title="SPECTRUMMARGIN" Max="1000" Min="0"></item></Criteria><Record><item title="Modulation" value="MCS8NSS1"></item><item title="Bandwidth" value="20"></item><item title="Channel" value="36"></item><item title="Antenna" value="1"></item><item title="ExpectedPower" value="20"></item><item title="Power" value="20"></item><item title="TestType" value="Tx"></item><item title="EVM" value="-37,8553" result="PASS"></item><item title="FREQERR" value="-2,22181" result="PASS"></item><item title="SYMCLOCKERR" value="-2,03643" result="PASS"></item><item title="POWER" value="18,1959" result="FAIL"></item><item title="LOLEAKAGE" value="-53,565" result="PASS"></item><item title="SPECTRUMMASK" value="12,0631" result="PASS"></item><item title="SPECTRUMMARGIN" value="12,0631" result="PASS"></item></Record><Criteria><item title="Modulation" value="MCS8NSS1"></item><item title="Bandwidth" value="20"></item><item title="Antenna" value="1"></item><item title="Channel" value="36"></item><item title="RfIcTemperature" value="46"></item><item title="CpuTemperature" value="60"></item><item title="ExpectedPower" value="21"></item><item title="EVM" Max="-30" Min="-100"></item><item title="FREQERR" Max="15" Min="-15"></item><item title="SYMCLOCKERR" Max="20" Min="-100"></item><item title="POWER" Max="22,5" Min="19,5" Avg="21"></item><item title="LOLEAKAGE" Max="-17" Min="-100"></item><item title="SPECTRUMMASK" Max="100" Min="0"></item><item title="SPECTRUMMARGIN" Max="1000" Min="0"></item></Criteria><Record><item title="Modulation" value="MCS8NSS1"></item><item title="Bandwidth" value="20"></item><item title="Channel" value="36"></item><item title="Antenna" value="1"></item><item title="ExpectedPower" value="21"></item><item title="Power" value="21"></item><item title="TestType" value="Tx"></item><item title="EVM" value="-34,5846" result="PASS"></item><item title="FREQERR" value="-2,21995" result="PASS"></item><item title="SYMCLOCKERR" value="-2,35505" result="PASS"></item><item title="POWER" value="19,3349" result="FAIL"></item><item title="LOLEAKAGE" value="-59,0813" result="PASS"></item><item title="SPECTRUMMASK" value="11,6722" result="PASS"></item><item title="SPECTRUMMARGIN" value="11,6722" result="PASS"></item></Record><Criteria><item title="Modulation" value="MCS8NSS1"></item><item title="Bandwidth" value="20"></item><item title="Antenna" value="1"></item><item title="Channel" value="36"></item><item title="RfIcTemperature" value="46"></item><item title="CpuTemperature" value="60"></item><item title="ExpectedPower" value="22"></item><item title="EVM" Max="-30" Min="-100"></item><item title="FREQERR" Max="15" Min="-15"></item><item title="SYMCLOCKERR" Max="20" Min="-100"></item><item title="POWER" Max="23,5" Min="20,5" Avg="22"></item><item title="LOLEAKAGE" Max="-17" Min="-100"></item><item title="SPECTRUMMASK" Max="100" Min="0"></item><item title="SPECTRUMMARGIN" Max="1000" Min="0"></item></Criteria><Record><item title="Modulation" value="MCS8NSS1"></item><item title="Bandwidth" value="20"></item><item title="Channel" value="36"></item><item title="Antenna" value="1"></item><item title="ExpectedPower" value="22"></item><item title="Power" value="22"></item><item title="TestType" value="Tx"></item><item title="EVM" value="-30,1062" result="PASS"></item><item title="FREQERR" value="-2,21898" result="PASS"></item><item title="SYMCLOCKERR" value="-1,34219" result="PASS"></item><item title="POWER" value="20,1623" result="FAIL"></item><item title="LOLEAKAGE" value="-54,1872" result="PASS"></item><item title="SPECTRUMMASK" value="10,785" result="PASS"></item><item title="SPECTRUMMARGIN" value="10,785" result="PASS"></item></Record><Criteria><item title="Modulation" value="MCS8NSS1"></item><item title="Bandwidth" value="20"></item><item title="Antenna" value="1"></item><item title="Channel" value="36"></item><item title="RfIcTemperature" value="46"></item><item title="CpuTemperature" value="60"></item><item title="ExpectedPower" value="23"></item><item title="EVM" Max="-30" Min="-100"></item><item title="FREQERR" Max="15" Min="-15"></item><item title="SYMCLOCKERR" Max="20" Min="-100"></item><item title="POWER" Max="24,5" Min="21,5" Avg="23"></item><item title="LOLEAKAGE" Max="-17" Min="-100"></item><item title="SPECTRUMMASK" Max="100" Min="0"></item><item title="SPECTRUMMARGIN" Max="1000" Min="0"></item></Criteria><Record><item title="Modulation" value="MCS8NSS1"></item><item title="Bandwidth" value="20"></item><item title="Channel" value="36"></item><item title="Antenna" value="1"></item><item title="ExpectedPower" value="23"></item><item title="Power" value="23"></item><item title="TestType" value="Tx"></item><item title="EVM" value="-25,9639" result="FAIL"></item><item title="FREQERR" value="-2,21238" result="PASS"></item><item title="SYMCLOCKERR" value="-1,2757" result="PASS"></item><item title="POWER" value="21,2782" result="FAIL"></item><item title="LOLEAKAGE" value="-44,8764" result="PASS"></item><item title="SPECTRUMMASK" value="8,82878" result="PASS"></item><item title="SPECTRUMMARGIN" value="8,82878" result="PASS"></item></Record><Criteria><item title="Modulation" value="MCS8NSS1"></item><item title="Bandwidth" value="20"></item><item title="Antenna" value="1"></item><item title="Channel" value="36"></item><item title="RfIcTemperature" value="46"></item><item title="CpuTemperature" value="60"></item><item title="ExpectedPower" value="24"></item><item title="EVM" Max="-30" Min="-100"></item><item title="FREQERR" Max="15" Min="-15"></item><item title="SYMCLOCKERR" Max="20" Min="-100"></item><item title="POWER" Max="25,5" Min="22,5" Avg="24"></item><item title="LOLEAKAGE" Max="-17" Min="-100"></item><item title="SPECTRUMMASK" Max="100" Min="0"></item><item title="SPECTRUMMARGIN" Max="1000" Min="0"></item></Criteria><Record><item title="Modulation" value="MCS8NSS1"></item><item title="Bandwidth" value="20"></item><item title="Channel" value="36"></item><item title="Antenna" value="1"></item><item title="ExpectedPower" value="24"></item><item title="Power" value="24"></item><item title="TestType" value="Tx"></item><item title="EVM" value="-23,6622" result="FAIL"></item><item title="FREQERR" value="-2,21731" result="PASS"></item><item title="SYMCLOCKERR" value="-1,05886" result="PASS"></item><item title="POWER" value="22,2407" result="FAIL"></item><item title="LOLEAKAGE" value="-43,5599" result="PASS"></item><item title="SPECTRUMMASK" value="4,76503" result="PASS"></item><item title="SPECTRUMMARGIN" value="4,76503" result="PASS"></item></Record><Criteria><item title="Modulation" value="MCS8NSS1"></item><item title="Bandwidth" value="20"></item><item title="Antenna" value="1"></item><item title="Channel" value="36"></item><item title="RfIcTemperature" value="46"></item><item title="CpuTemperature" value="60"></item><item title="ExpectedPower" value="25"></item><item title="EVM" Max="-30" Min="-100"></item><item title="FREQERR" Max="15" Min="-15"></item><item title="SYMCLOCKERR" Max="20" Min="-100"></item><item title="POWER" Max="26,5" Min="23,5" Avg="25"></item><item title="LOLEAKAGE" Max="-17" Min="-100"></item><item title="SPECTRUMMASK" Max="100" Min="0"></item><item title="SPECTRUMMARGIN" Max="1000" Min="0"></item></Criteria><Record><item title="Modulation" value="MCS8NSS1"></item><item title="Bandwidth" value="20"></item><item title="Channel" value="36"></item><item title="Antenna" value="1"></item><item title="ExpectedPower" value="25"></item><item title="Power" value="25"></item><item title="TestType" value="Tx"></item><item title="EVM" value="-22,8541" result="FAIL"></item><item title="FREQERR" value="-2,22156" result="PASS"></item><item title="SYMCLOCKERR" value="-8,46023" result="PASS"></item><item title="POWER" value="23,0769" result="FAIL"></item><item title="LOLEAKAGE" value="-40,2775" result="PASS"></item><item title="SPECTRUMMASK" value="2,23626" result="PASS"></item><item title="SPECTRUMMARGIN" value="2,23626" result="PASS"></item></Record><Criteria><item title="Modulation" value="MCS8NSS1"></item><item title="Bandwidth" value="20"></item><item title="Antenna" value="2"></item><item title="Channel" value="36"></item><item title="RfIcTemperature" value="46"></item><item title="CpuTemperature" value="60"></item><item title="ExpectedPower" value="10"></item><item title="EVM" Max="-30" Min="-100"></item><item title="FREQERR" Max="15" Min="-15"></item><item title="SYMCLOCKERR" Max="20" Min="-100"></item><item title="POWER" Max="11,5" Min="8,5" Avg="10"></item><item title="LOLEAKAGE" Max="-17" Min="-100"></item><item title="SPECTRUMMASK" Max="100" Min="0"></item><item title="SPECTRUMMARGIN" Max="1000" Min="0"></item></Criteria><Record><item title="Modulation" value="MCS8NSS1"></item><item title="Bandwidth" value="20"></item><item title="Channel" value="36"></item><item title="Antenna" value="2"></item><item title="ExpectedPower" value="10"></item><item title="Power" value="10"></item><item title="TestType" value="Tx"></item><item title="EVM" value="-35,4409" result="PASS"></item><item title="FREQERR" value="-2,23054" result="PASS"></item><item title="SYMCLOCKERR" value="-1,43102" result="PASS"></item><item title="POWER" value="8,02306" result="FAIL"></item><item title="LOLEAKAGE" value="-35,5819" result="PASS"></item><item title="SPECTRUMMASK" value="11,7262" result="PASS"></item><item title="SPECTRUMMARGIN" value="11,7262" result="PASS"></item></Record><Criteria><item title="Modulation" value="MCS8NSS1"></item><item title="Bandwidth" value="20"></item><item title="Antenna" value="2"></item><item title="Channel" value="36"></item><item title="RfIcTemperature" value="46"></item><item title="CpuTemperature" value="60"></item><item title="ExpectedPower" value="11"></item><item title="EVM" Max="-30" Min="-100"></item><item title="FREQERR" Max="15" Min="-15"></item><item title="SYMCLOCKERR" Max="20" Min="-100"></item><item title="POWER" Max="12,5" Min="9,5" Avg="11"></item><item title="LOLEAKAGE" Max="-17" Min="-100"></item><item title="SPECTRUMMASK" Max="100" Min="0"></item><item title="SPECTRUMMARGIN" Max="1000" Min="0"></item></Criteria><Record><item title="Modulation" value="MCS8NSS1"></item><item title="Bandwidth" value="20"></item><item title="Channel" value="36"></item><item title="Antenna" value="2"></item><item title="ExpectedPower" value="11"></item><item title="Power" value="11"></item><item title="TestType" value="Tx"></item><item title="EVM" value="-35,5143" result="PASS"></item><item title="FREQERR" value="-2,22757" result="PASS"></item><item title="SYMCLOCKERR" value="-1,53075" result="PASS"></item><item title="POWER" value="9,09585" result="FAIL"></item><item title="LOLEAKAGE" value="-34,7188" result="PASS"></item><item title="SPECTRUMMASK" value="11,0276" result="PASS"></item><item title="SPECTRUMMARGIN" value="11,0276" result="PASS"></item></Record><Criteria><item title="Modulation" value="MCS8NSS1"></item><item title="Bandwidth" value="20"></item><item title="Antenna" value="2"></item><item title="Channel" value="36"></item><item title="RfIcTemperature" value="46"></item><item title="CpuTemperature" value="60"></item><item title="ExpectedPower" value="12"></item><item title="EVM" Max="-30" Min="-100"></item><item title="FREQERR" Max="15" Min="-15"></item><item title="SYMCLOCKERR" Max="20" Min="-100"></item><item title="POWER" Max="13,5" Min="10,5" Avg="12"></item><item title="LOLEAKAGE" Max="-17" Min="-100"></item><item title="SPECTRUMMASK" Max="100" Min="0"></item><item title="SPECTRUMMARGIN" Max="1000" Min="0"></item></Criteria><Record><item title="Modulation" value="MCS8NSS1"></item><item title="Bandwidth" value="20"></item><item title="Channel" value="36"></item><item title="Antenna" value="2"></item><item title="ExpectedPower" value="12"></item><item title="Power" value="12"></item><item title="TestType" value="Tx"></item><item title="EVM" value="-34,6158" result="PASS"></item><item title="FREQERR" value="-2,22499" result="PASS"></item><item title="SYMCLOCKERR" value="-1,49584" result="PASS"></item><item title="POWER" value="10,3568" result="FAIL"></item><item title="LOLEAKAGE" value="-38,3232" result="PASS"></item><item title="SPECTRUMMASK" value="11,5761" result="PASS"></item><item title="SPECTRUMMARGIN" value="11,5761" result="PASS"></item></Record><Criteria><item title="Modulation" value="MCS8NSS1"></item><item title="Bandwidth" value="20"></item><item title="Antenna" value="2"></item><item title="Channel" value="36"></item><item title="RfIcTemperature" value="46"></item><item title="CpuTemperature" value="60"></item><item title="ExpectedPower" value="13"></item><item title="EVM" Max="-30" Min="-100"></item><item title="FREQERR" Max="15" Min="-15"></item><item title="SYMCLOCKERR" Max="20" Min="-100"></item><item title="POWER" Max="14,5" Min="11,5" Avg="13"></item><item title="LOLEAKAGE" Max="-17" Min="-100"></item><item title="SPECTRUMMASK" Max="100" Min="0"></item><item title="SPECTRUMMARGIN" Max="1000" Min="0"></item></Criteria><Record><item title="Modulation" value="MCS8NSS1"></item><item title="Bandwidth" value="20"></item><item title="Channel" value="36"></item><item title="Antenna" value="2"></item><item title="ExpectedPower" value="13"></item><item title="Power" value="13"></item><item title="TestType" value="Tx"></item><item title="EVM" value="-35,3842" result="PASS"></item><item title="FREQERR" value="-2,22395" result="PASS"></item><item title="SYMCLOCKERR" value="-1,5251" result="PASS"></item><item title="POWER" value="11,5184" result="PASS"></item><item title="LOLEAKAGE" value="-40,4754" result="PASS"></item><item title="SPECTRUMMASK" value="11,8278" result="PASS"></item><item title="SPECTRUMMARGIN" value="11,8278" result="PASS"></item></Record><Criteria><item title="Modulation" value="MCS8NSS1"></item><item title="Bandwidth" value="20"></item><item title="Antenna" value="2"></item><item title="Channel" value="36"></item><item title="RfIcTemperature" value="46"></item><item title="CpuTemperature" value="60"></item><item title="ExpectedPower" value="14"></item><item title="EVM" Max="-30" Min="-100"></item><item title="FREQERR" Max="15" Min="-15"></item><item title="SYMCLOCKERR" Max="20" Min="-100"></item><item title="POWER" Max="15,5" Min="12,5" Avg="14"></item><item title="LOLEAKAGE" Max="-17" Min="-100"></item><item title="SPECTRUMMASK" Max="100" Min="0"></item><item title="SPECTRUMMARGIN" Max="1000" Min="0"></item></Criteria><Record><item title="Modulation" value="MCS8NSS1"></item><item title="Bandwidth" value="20"></item><item title="Channel" value="36"></item><item title="Antenna" value="2"></item><item title="ExpectedPower" value="14"></item><item title="Power" value="14"></item><item title="TestType" value="Tx"></item><item title="EVM" value="-34,8983" result="PASS"></item><item title="FREQERR" value="-2,2183" result="PASS"></item><item title="SYMCLOCKERR" value="-1,71716" result="PASS"></item><item title="POWER" value="12,4721" result="FAIL"></item><item title="LOLEAKAGE" value="-42,4009" result="PASS"></item><item title="SPECTRUMMASK" value="11,856" result="PASS"></item><item title="SPECTRUMMARGIN" value="11,856" result="PASS"></item></Record><Criteria><item title="Modulation" value="MCS8NSS1"></item><item title="Bandwidth" value="20"></item><item title="Antenna" value="2"></item><item title="Channel" value="36"></item><item title="RfIcTemperature" value="46"></item><item title="CpuTemperature" value="60"></item><item title="ExpectedPower" value="15"></item><item title="EVM" Max="-30" Min="-100"></item><item title="FREQERR" Max="15" Min="-15"></item><item title="SYMCLOCKERR" Max="20" Min="-100"></item><item title="POWER" Max="16,5" Min="13,5" Avg="15"></item><item title="LOLEAKAGE" Max="-17" Min="-100"></item><item title="SPECTRUMMASK" Max="100" Min="0"></item><item title="SPECTRUMMARGIN" Max="1000" Min="0"></item></Criteria><Record><item title="Modulation" value="MCS8NSS1"></item><item title="Bandwidth" value="20"></item><item title="Channel" value="36"></item><item title="Antenna" value="2"></item><item title="ExpectedPower" value="15"></item><item title="Power" value="15"></item><item title="TestType" value="Tx"></item><item title="EVM" value="-35,2389" result="PASS"></item><item title="FREQERR" value="-2,22298" result="PASS"></item><item title="SYMCLOCKERR" value="-1,27861" result="PASS"></item><item title="POWER" value="13,4657" result="FAIL"></item><item title="LOLEAKAGE" value="-42,9681" result="PASS"></item><item title="SPECTRUMMASK" value="10,8551" result="PASS"></item><item title="SPECTRUMMARGIN" value="10,8551" result="PASS"></item></Record><Criteria><item title="Modulation" value="MCS8NSS1"></item><item title="Bandwidth" value="20"></item><item title="Antenna" value="2"></item><item title="Channel" value="36"></item><item title="RfIcTemperature" value="46"></item><item title="CpuTemperature" value="60"></item><item title="ExpectedPower" value="16"></item><item title="EVM" Max="-30" Min="-100"></item><item title="FREQERR" Max="15" Min="-15"></item><item title="SYMCLOCKERR" Max="20" Min="-100"></item><item title="POWER" Max="17,5" Min="14,5" Avg="16"></item><item title="LOLEAKAGE" Max="-17" Min="-100"></item><item title="SPECTRUMMASK" Max="100" Min="0"></item><item title="SPECTRUMMARGIN" Max="1000" Min="0"></item></Criteria><Record><item title="Modulation" value="MCS8NSS1"></item><item title="Bandwidth" value="20"></item><item title="Channel" value="36"></item><item title="Antenna" value="2"></item><item title="ExpectedPower" value="16"></item><item title="Power" value="16"></item><item title="TestType" value="Tx"></item><item title="EVM" value="-34,5033" result="PASS"></item><item title="FREQERR" value="-2,22306" result="PASS"></item><item title="SYMCLOCKERR" value="-1,68422" result="PASS"></item><item title="POWER" value="14,512" result="PASS"></item><item title="LOLEAKAGE" value="-49,9137" result="PASS"></item><item title="SPECTRUMMASK" value="12,1303" result="PASS"></item><item title="SPECTRUMMARGIN" value="12,1303" result="PASS"></item></Record><Criteria><item title="Modulation" value="MCS8NSS1"></item><item title="Bandwidth" value="20"></item><item title="Antenna" value="2"></item><item title="Channel" value="36"></item><item title="RfIcTemperature" value="46"></item><item title="CpuTemperature" value="60"></item><item title="ExpectedPower" value="17"></item><item title="EVM" Max="-30" Min="-100"></item><item title="FREQERR" Max="15" Min="-15"></item><item title="SYMCLOCKERR" Max="20" Min="-100"></item><item title="POWER" Max="18,5" Min="15,5" Avg="17"></item><item title="LOLEAKAGE" Max="-17" Min="-100"></item><item title="SPECTRUMMASK" Max="100" Min="0"></item><item title="SPECTRUMMARGIN" Max="1000" Min="0"></item></Criteria><Record><item title="Modulation" value="MCS8NSS1"></item><item title="Bandwidth" value="20"></item><item title="Channel" value="36"></item><item title="Antenna" value="2"></item><item title="ExpectedPower" value="17"></item><item title="Power" value="17"></item><item title="TestType" value="Tx"></item><item title="EVM" value="-33,9077" result="PASS"></item><item title="FREQERR" value="-2,22162" result="PASS"></item><item title="SYMCLOCKERR" value="-0,866874" result="PASS"></item><item title="POWER" value="15,42" result="FAIL"></item><item title="LOLEAKAGE" value="-49,8553" result="PASS"></item><item title="SPECTRUMMASK" value="11,3345" result="PASS"></item><item title="SPECTRUMMARGIN" value="11,3345" result="PASS"></item></Record><Criteria><item title="Modulation" value="MCS8NSS1"></item><item title="Bandwidth" value="20"></item><item title="Antenna" value="2"></item><item title="Channel" value="36"></item><item title="RfIcTemperature" value="46"></item><item title="CpuTemperature" value="60"></item><item title="ExpectedPower" value="18"></item><item title="EVM" Max="-30" Min="-100"></item><item title="FREQERR" Max="15" Min="-15"></item><item title="SYMCLOCKERR" Max="20" Min="-100"></item><item title="POWER" Max="19,5" Min="16,5" Avg="18"></item><item title="LOLEAKAGE" Max="-17" Min="-100"></item><item title="SPECTRUMMASK" Max="100" Min="0"></item><item title="SPECTRUMMARGIN" Max="1000" Min="0"></item></Criteria><Record><item title="Modulation" value="MCS8NSS1"></item><item title="Bandwidth" value="20"></item><item title="Channel" value="36"></item><item title="Antenna" value="2"></item><item title="ExpectedPower" value="18"></item><item title="Power" value="18"></item><item title="TestType" value="Tx"></item><item title="EVM" value="-33,2603" result="PASS"></item><item title="FREQERR" value="-2,21855" result="PASS"></item><item title="SYMCLOCKERR" value="-1,5138" result="PASS"></item><item title="POWER" value="16,5715" result="PASS"></item><item title="LOLEAKAGE" value="-50,8872" result="PASS"></item><item title="SPECTRUMMASK" value="12,1323" result="PASS"></item><item title="SPECTRUMMARGIN" value="12,1323" result="PASS"></item></Record><Criteria><item title="Modulation" value="MCS8NSS1"></item><item title="Bandwidth" value="20"></item><item title="Antenna" value="2"></item><item title="Channel" value="36"></item><item title="RfIcTemperature" value="46"></item><item title="CpuTemperature" value="60"></item><item title="ExpectedPower" value="19"></item><item title="EVM" Max="-30" Min="-100"></item><item title="FREQERR" Max="15" Min="-15"></item><item title="SYMCLOCKERR" Max="20" Min="-100"></item><item title="POWER" Max="20,5" Min="17,5" Avg="19"></item><item title="LOLEAKAGE" Max="-17" Min="-100"></item><item title="SPECTRUMMASK" Max="100" Min="0"></item><item title="SPECTRUMMARGIN" Max="1000" Min="0"></item></Criteria><Record><item title="Modulation" value="MCS8NSS1"></item><item title="Bandwidth" value="20"></item><item title="Channel" value="36"></item><item title="Antenna" value="2"></item><item title="ExpectedPower" value="19"></item><item title="Power" value="19"></item><item title="TestType" value="Tx"></item><item title="EVM" value="-32,7311" result="PASS"></item><item title="FREQERR" value="-2,21651" result="PASS"></item><item title="SYMCLOCKERR" value="-1,25871" result="PASS"></item><item title="POWER" value="17,5351" result="PASS"></item><item title="LOLEAKAGE" value="-69,0662" result="PASS"></item><item title="SPECTRUMMASK" value="11,7553" result="PASS"></item><item title="SPECTRUMMARGIN" value="11,7553" result="PASS"></item></Record><Criteria><item title="Modulation" value="MCS8NSS1"></item><item title="Bandwidth" value="20"></item><item title="Antenna" value="2"></item><item title="Channel" value="36"></item><item title="RfIcTemperature" value="46"></item><item title="CpuTemperature" value="60"></item><item title="ExpectedPower" value="20"></item><item title="EVM" Max="-30" Min="-100"></item><item title="FREQERR" Max="15" Min="-15"></item><item title="SYMCLOCKERR" Max="20" Min="-100"></item><item title="POWER" Max="21,5" Min="18,5" Avg="20"></item><item title="LOLEAKAGE" Max="-17" Min="-100"></item><item title="SPECTRUMMASK" Max="100" Min="0"></item><item title="SPECTRUMMARGIN" Max="1000" Min="0"></item></Criteria><Record><item title="Modulation" value="MCS8NSS1"></item><item title="Bandwidth" value="20"></item><item title="Channel" value="36"></item><item title="Antenna" value="2"></item><item title="ExpectedPower" value="20"></item><item title="Power" value="20"></item><item title="TestType" value="Tx"></item><item title="EVM" value="-31,7294" result="PASS"></item><item title="FREQERR" value="-2,22114" result="PASS"></item><item title="SYMCLOCKERR" value="0,0521065" result="PASS"></item><item title="POWER" value="18,4712" result="FAIL"></item><item title="LOLEAKAGE" value="-50,3811" result="PASS"></item><item title="SPECTRUMMASK" value="11,7724" result="PASS"></item><item title="SPECTRUMMARGIN" value="11,7724" result="PASS"></item></Record><Criteria><item title="Modulation" value="MCS8NSS1"></item><item title="Bandwidth" value="20"></item><item title="Antenna" value="2"></item><item title="Channel" value="36"></item><item title="RfIcTemperature" value="46"></item><item title="CpuTemperature" value="60"></item><item title="ExpectedPower" value="21"></item><item title="EVM" Max="-30" Min="-100"></item><item title="FREQERR" Max="15" Min="-15"></item><item title="SYMCLOCKERR" Max="20" Min="-100"></item><item title="POWER" Max="22,5" Min="19,5" Avg="21"></item><item title="LOLEAKAGE" Max="-17" Min="-100"></item><item title="SPECTRUMMASK" Max="100" Min="0"></item><item title="SPECTRUMMARGIN" Max="1000" Min="0"></item></Criteria><Record><item title="Modulation" value="MCS8NSS1"></item><item title="Bandwidth" value="20"></item><item title="Channel" value="36"></item><item title="Antenna" value="2"></item><item title="ExpectedPower" value="21"></item><item title="Power" value="21"></item><item title="TestType" value="Tx"></item><item title="EVM" value="-31,4824" result="PASS"></item><item title="FREQERR" value="-2,2282" result="PASS"></item><item title="SYMCLOCKERR" value="-1,13343" result="PASS"></item><item title="POWER" value="19,3053" result="FAIL"></item><item title="LOLEAKAGE" value="-44,476" result="PASS"></item><item title="SPECTRUMMASK" value="10,4986" result="PASS"></item><item title="SPECTRUMMARGIN" value="10,4986" result="PASS"></item></Record><Criteria><item title="Modulation" value="MCS8NSS1"></item><item title="Bandwidth" value="20"></item><item title="Antenna" value="2"></item><item title="Channel" value="36"></item><item title="RfIcTemperature" value="46"></item><item title="CpuTemperature" value="60"></item><item title="ExpectedPower" value="22"></item><item title="EVM" Max="-30" Min="-100"></item><item title="FREQERR" Max="15" Min="-15"></item><item title="SYMCLOCKERR" Max="20" Min="-100"></item><item title="POWER" Max="23,5" Min="20,5" Avg="22"></item><item title="LOLEAKAGE" Max="-17" Min="-100"></item><item title="SPECTRUMMASK" Max="100" Min="0"></item><item title="SPECTRUMMARGIN" Max="1000" Min="0"></item></Criteria><Record><item title="Modulation" value="MCS8NSS1"></item><item title="Bandwidth" value="20"></item><item title="Channel" value="36"></item><item title="Antenna" value="2"></item><item title="ExpectedPower" value="22"></item><item title="Power" value="22"></item><item title="TestType" value="Tx"></item><item title="EVM" value="-29,0162" result="FAIL"></item><item title="FREQERR" value="-2,22082" result="PASS"></item><item title="SYMCLOCKERR" value="0,00736443" result="PASS"></item><item title="POWER" value="20,3483" result="FAIL"></item><item title="LOLEAKAGE" value="-49,7438" result="PASS"></item><item title="SPECTRUMMASK" value="11,1954" result="PASS"></item><item title="SPECTRUMMARGIN" value="11,1954" result="PASS"></item></Record><Criteria><item title="Modulation" value="MCS8NSS1"></item><item title="Bandwidth" value="20"></item><item title="Antenna" value="2"></item><item title="Channel" value="36"></item><item title="RfIcTemperature" value="46"></item><item title="CpuTemperature" value="60"></item><item title="ExpectedPower" value="23"></item><item title="EVM" Max="-30" Min="-100"></item><item title="FREQERR" Max="15" Min="-15"></item><item title="SYMCLOCKERR" Max="20" Min="-100"></item><item title="POWER" Max="24,5" Min="21,5" Avg="23"></item><item title="LOLEAKAGE" Max="-17" Min="-100"></item><item title="SPECTRUMMASK" Max="100" Min="0"></item><item title="SPECTRUMMARGIN" Max="1000" Min="0"></item></Criteria><Record><item title="Modulation" value="MCS8NSS1"></item><item title="Bandwidth" value="20"></item><item title="Channel" value="36"></item><item title="Antenna" value="2"></item><item title="ExpectedPower" value="23"></item><item title="Power" value="23"></item><item title="TestType" value="Tx"></item><item title="EVM" value="-25,8846" result="FAIL"></item><item title="FREQERR" value="-2,2189" result="PASS"></item><item title="SYMCLOCKERR" value="-2,41342" result="PASS"></item><item title="POWER" value="21,4085" result="FAIL"></item><item title="LOLEAKAGE" value="-48,1582" result="PASS"></item><item title="SPECTRUMMASK" value="11,1779" result="PASS"></item><item title="SPECTRUMMARGIN" value="11,1779" result="PASS"></item></Record><Criteria><item title="Modulation" value="MCS8NSS1"></item><item title="Bandwidth" value="20"></item><item title="Antenna" value="2"></item><item title="Channel" value="36"></item><item title="RfIcTemperature" value="46"></item><item title="CpuTemperature" value="60"></item><item title="ExpectedPower" value="24"></item><item title="EVM" Max="-30" Min="-100"></item><item title="FREQERR" Max="15" Min="-15"></item><item title="SYMCLOCKERR" Max="20" Min="-100"></item><item title="POWER" Max="25,5" Min="22,5" Avg="24"></item><item title="LOLEAKAGE" Max="-17" Min="-100"></item><item title="SPECTRUMMASK" Max="100" Min="0"></item><item title="SPECTRUMMARGIN" Max="1000" Min="0"></item></Criteria><Record><item title="Modulation" value="MCS8NSS1"></item><item title="Bandwidth" value="20"></item><item title="Channel" value="36"></item><item title="Antenna" value="2"></item><item title="ExpectedPower" value="24"></item><item title="Power" value="24"></item><item title="TestType" value="Tx"></item><item title="EVM" value="-24,2349" result="FAIL"></item><item title="FREQERR" value="-2,22197" result="PASS"></item><item title="SYMCLOCKERR" value="-0,215578" result="PASS"></item><item title="POWER" value="22,3525" result="FAIL"></item><item title="LOLEAKAGE" value="-41,093" result="PASS"></item><item title="SPECTRUMMASK" value="7,42962" result="PASS"></item><item title="SPECTRUMMARGIN" value="7,42962" result="PASS"></item></Record><Criteria><item title="Modulation" value="MCS8NSS1"></item><item title="Bandwidth" value="20"></item><item title="Antenna" value="2"></item><item title="Channel" value="36"></item><item title="RfIcTemperature" value="46"></item><item title="CpuTemperature" value="60"></item><item title="ExpectedPower" value="25"></item><item title="EVM" Max="-30" Min="-100"></item><item title="FREQERR" Max="15" Min="-15"></item><item title="SYMCLOCKERR" Max="20" Min="-100"></item><item title="POWER" Max="26,5" Min="23,5" Avg="25"></item><item title="LOLEAKAGE" Max="-17" Min="-100"></item><item title="SPECTRUMMASK" Max="100" Min="0"></item><item title="SPECTRUMMARGIN" Max="1000" Min="0"></item></Criteria><Record><item title="Modulation" value="MCS8NSS1"></item><item title="Bandwidth" value="20"></item><item title="Channel" value="36"></item><item title="Antenna" value="2"></item><item title="ExpectedPower" value="25"></item><item title="Power" value="25"></item><item title="TestType" value="Tx"></item><item title="EVM" value="-22,9911" result="FAIL"></item><item title="FREQERR" value="-2,22499" result="PASS"></item><item title="SYMCLOCKERR" value="-1,96213" result="PASS"></item><item title="POWER" value="23,3938" result="FAIL"></item><item title="LOLEAKAGE" value="-39,1751" result="PASS"></item><item title="SPECTRUMMASK" value="4,62672" result="PASS"></item><item title="SPECTRUMMARGIN" value="4,62672" result="PASS"></item></Record><Criteria><item title="Modulation" value="MCS8NSS1"></item><item title="Bandwidth" value="20"></item><item title="Antenna" value="3"></item><item title="Channel" value="36"></item><item title="RfIcTemperature" value="46"></item><item title="CpuTemperature" value="60"></item><item title="ExpectedPower" value="10"></item><item title="EVM" Max="-30" Min="-100"></item><item title="FREQERR" Max="15" Min="-15"></item><item title="SYMCLOCKERR" Max="20" Min="-100"></item><item title="POWER" Max="11,5" Min="8,5" Avg="10"></item><item title="LOLEAKAGE" Max="-17" Min="-100"></item><item title="SPECTRUMMASK" Max="100" Min="0"></item><item title="SPECTRUMMARGIN" Max="1000" Min="0"></item></Criteria><Record><item title="Modulation" value="MCS8NSS1"></item><item title="Bandwidth" value="20"></item><item title="Channel" value="36"></item><item title="Antenna" value="3"></item><item title="ExpectedPower" value="10"></item><item title="Power" value="10"></item><item title="TestType" value="Tx"></item><item title="EVM" value="-38,0275" result="PASS"></item><item title="FREQERR" value="-2,21745" result="PASS"></item><item title="SYMCLOCKERR" value="-2,51944" result="PASS"></item><item title="POWER" value="7,13899" result="FAIL"></item><item title="LOLEAKAGE" value="-26,4948" result="PASS"></item><item title="SPECTRUMMASK" value="11,3551" result="PASS"></item><item title="SPECTRUMMARGIN" value="11,3551" result="PASS"></item></Record><Criteria><item title="Modulation" value="MCS8NSS1"></item><item title="Bandwidth" value="20"></item><item title="Antenna" value="3"></item><item title="Channel" value="36"></item><item title="RfIcTemperature" value="46"></item><item title="CpuTemperature" value="60"></item><item title="ExpectedPower" value="11"></item><item title="EVM" Max="-30" Min="-100"></item><item title="FREQERR" Max="15" Min="-15"></item><item title="SYMCLOCKERR" Max="20" Min="-100"></item><item title="POWER" Max="12,5" Min="9,5" Avg="11"></item><item title="LOLEAKAGE" Max="-17" Min="-100"></item><item title="SPECTRUMMASK" Max="100" Min="0"></item><item title="SPECTRUMMARGIN" Max="1000" Min="0"></item></Criteria><Record><item title="Modulation" value="MCS8NSS1"></item><item title="Bandwidth" value="20"></item><item title="Channel" value="36"></item><item title="Antenna" value="3"></item><item title="ExpectedPower" value="11"></item><item title="Power" value="11"></item><item title="TestType" value="Tx"></item><item title="EVM" value="-35,7261" result="PASS"></item><item title="FREQERR" value="-2,21498" result="PASS"></item><item title="SYMCLOCKERR" value="-2,05674" result="PASS"></item><item title="POWER" value="8,24619" result="FAIL"></item><item title="LOLEAKAGE" value="-29,3394" result="PASS"></item><item title="SPECTRUMMASK" value="10,8836" result="PASS"></item><item title="SPECTRUMMARGIN" value="10,8836" result="PASS"></item></Record><Criteria><item title="Modulation" value="MCS8NSS1"></item><item title="Bandwidth" value="20"></item><item title="Antenna" value="3"></item><item title="Channel" value="36"></item><item title="RfIcTemperature" value="46"></item><item title="CpuTemperature" value="60"></item><item title="ExpectedPower" value="12"></item><item title="EVM" Max="-30" Min="-100"></item><item title="FREQERR" Max="15" Min="-15"></item><item title="SYMCLOCKERR" Max="20" Min="-100"></item><item title="POWER" Max="13,5" Min="10,5" Avg="12"></item><item title="LOLEAKAGE" Max="-17" Min="-100"></item><item title="SPECTRUMMASK" Max="100" Min="0"></item><item title="SPECTRUMMARGIN" Max="1000" Min="0"></item></Criteria><Record><item title="Modulation" value="MCS8NSS1"></item><item title="Bandwidth" value="20"></item><item title="Channel" value="36"></item><item title="Antenna" value="3"></item><item title="ExpectedPower" value="12"></item><item title="Power" value="12"></item><item title="TestType" value="Tx"></item><item title="EVM" value="-36,5427" result="PASS"></item><item title="FREQERR" value="-2,21255" result="PASS"></item><item title="SYMCLOCKERR" value="-2,54909" result="PASS"></item><item title="POWER" value="9,43236" result="FAIL"></item><item title="LOLEAKAGE" value="-30,7485" result="PASS"></item><item title="SPECTRUMMASK" value="12,151" result="PASS"></item><item title="SPECTRUMMARGIN" value="12,151" result="PASS"></item></Record><Criteria><item title="Modulation" value="MCS8NSS1"></item><item title="Bandwidth" value="20"></item><item title="Antenna" value="3"></item><item title="Channel" value="36"></item><item title="RfIcTemperature" value="46"></item><item title="CpuTemperature" value="60"></item><item title="ExpectedPower" value="13"></item><item title="EVM" Max="-30" Min="-100"></item><item title="FREQERR" Max="15" Min="-15"></item><item title="SYMCLOCKERR" Max="20" Min="-100"></item><item title="POWER" Max="14,5" Min="11,5" Avg="13"></item><item title="LOLEAKAGE" Max="-17" Min="-100"></item><item title="SPECTRUMMASK" Max="100" Min="0"></item><item title="SPECTRUMMARGIN" Max="1000" Min="0"></item></Criteria><Record><item title="Modulation" value="MCS8NSS1"></item><item title="Bandwidth" value="20"></item><item title="Channel" value="36"></item><item title="Antenna" value="3"></item><item title="ExpectedPower" value="13"></item><item title="Power" value="13"></item><item title="TestType" value="Tx"></item><item title="EVM" value="-37,4626" result="PASS"></item><item title="FREQERR" value="-2,21333" result="PASS"></item><item title="SYMCLOCKERR" value="-2,74928" result="PASS"></item><item title="POWER" value="10,4716" result="FAIL"></item><item title="LOLEAKAGE" value="-32,3268" result="PASS"></item><item title="SPECTRUMMASK" value="11,0517" result="PASS"></item><item title="SPECTRUMMARGIN" value="11,0517" result="PASS"></item></Record><Criteria><item title="Modulation" value="MCS8NSS1"></item><item title="Bandwidth" value="20"></item><item title="Antenna" value="3"></item><item title="Channel" value="36"></item><item title="RfIcTemperature" value="46"></item><item title="CpuTemperature" value="60"></item><item title="ExpectedPower" value="14"></item><item title="EVM" Max="-30" Min="-100"></item><item title="FREQERR" Max="15" Min="-15"></item><item title="SYMCLOCKERR" Max="20" Min="-100"></item><item title="POWER" Max="15,5" Min="12,5" Avg="14"></item><item title="LOLEAKAGE" Max="-17" Min="-100"></item><item title="SPECTRUMMASK" Max="100" Min="0"></item><item title="SPECTRUMMARGIN" Max="1000" Min="0"></item></Criteria><Record><item title="Modulation" value="MCS8NSS1"></item><item title="Bandwidth" value="20"></item><item title="Channel" value="36"></item><item title="Antenna" value="3"></item><item title="ExpectedPower" value="14"></item><item title="Power" value="14"></item><item title="TestType" value="Tx"></item><item title="EVM" value="-37,0575" result="PASS"></item><item title="FREQERR" value="-2,21328" result="PASS"></item><item title="SYMCLOCKERR" value="-2,05297" result="PASS"></item><item title="POWER" value="11,6856" result="FAIL"></item><item title="LOLEAKAGE" value="-38,1028" result="PASS"></item><item title="SPECTRUMMASK" value="11,7257" result="PASS"></item><item title="SPECTRUMMARGIN" value="11,7257" result="PASS"></item></Record><Criteria><item title="Modulation" value="MCS8NSS1"></item><item title="Bandwidth" value="20"></item><item title="Antenna" value="3"></item><item title="Channel" value="36"></item><item title="RfIcTemperature" value="46"></item><item title="CpuTemperature" value="60"></item><item title="ExpectedPower" value="15"></item><item title="EVM" Max="-30" Min="-100"></item><item title="FREQERR" Max="15" Min="-15"></item><item title="SYMCLOCKERR" Max="20" Min="-100"></item><item title="POWER" Max="16,5" Min="13,5" Avg="15"></item><item title="LOLEAKAGE" Max="-17" Min="-100"></item><item title="SPECTRUMMASK" Max="100" Min="0"></item><item title="SPECTRUMMARGIN" Max="1000" Min="0"></item></Criteria><Record><item title="Modulation" value="MCS8NSS1"></item><item title="Bandwidth" value="20"></item><item title="Channel" value="36"></item><item title="Antenna" value="3"></item><item title="ExpectedPower" value="15"></item><item title="Power" value="15"></item><item title="TestType" value="Tx"></item><item title="EVM" value="-37,2007" result="PASS"></item><item title="FREQERR" value="-2,21476" result="PASS"></item><item title="SYMCLOCKERR" value="-2,6584" result="PASS"></item><item title="POWER" value="12,87" result="FAIL"></item><item title="LOLEAKAGE" value="-37,5788" result="PASS"></item><item title="SPECTRUMMASK" value="12,235" result="PASS"></item><item title="SPECTRUMMARGIN" value="12,235" result="PASS"></item></Record><Criteria><item title="Modulation" value="MCS8NSS1"></item><item title="Bandwidth" value="20"></item><item title="Antenna" value="3"></item><item title="Channel" value="36"></item><item title="RfIcTemperature" value="46"></item><item title="CpuTemperature" value="60"></item><item title="ExpectedPower" value="16"></item><item title="EVM" Max="-30" Min="-100"></item><item title="FREQERR" Max="15" Min="-15"></item><item title="SYMCLOCKERR" Max="20" Min="-100"></item><item title="POWER" Max="17,5" Min="14,5" Avg="16"></item><item title="LOLEAKAGE" Max="-17" Min="-100"></item><item title="SPECTRUMMASK" Max="100" Min="0"></item><item title="SPECTRUMMARGIN" Max="1000" Min="0"></item></Criteria><Record><item title="Modulation" value="MCS8NSS1"></item><item title="Bandwidth" value="20"></item><item title="Channel" value="36"></item><item title="Antenna" value="3"></item><item title="ExpectedPower" value="16"></item><item title="Power" value="16"></item><item title="TestType" value="Tx"></item><item title="EVM" value="-37,6345" result="PASS"></item><item title="FREQERR" value="-2,20985" result="PASS"></item><item title="SYMCLOCKERR" value="-1,89751" result="PASS"></item><item title="POWER" value="14,2257" result="FAIL"></item><item title="LOLEAKAGE" value="-43,6058" result="PASS"></item><item title="SPECTRUMMASK" value="11,9124" result="PASS"></item><item title="SPECTRUMMARGIN" value="11,9124" result="PASS"></item></Record><Criteria><item title="Modulation" value="MCS8NSS1"></item><item title="Bandwidth" value="20"></item><item title="Antenna" value="3"></item><item title="Channel" value="36"></item><item title="RfIcTemperature" value="46"></item><item title="CpuTemperature" value="60"></item><item title="ExpectedPower" value="17"></item><item title="EVM" Max="-30" Min="-100"></item><item title="FREQERR" Max="15" Min="-15"></item><item title="SYMCLOCKERR" Max="20" Min="-100"></item><item title="POWER" Max="18,5" Min="15,5" Avg="17"></item><item title="LOLEAKAGE" Max="-17" Min="-100"></item><item title="SPECTRUMMASK" Max="100" Min="0"></item><item title="SPECTRUMMARGIN" Max="1000" Min="0"></item></Criteria><Record><item title="Modulation" value="MCS8NSS1"></item><item title="Bandwidth" value="20"></item><item title="Channel" value="36"></item><item title="Antenna" value="3"></item><item title="ExpectedPower" value="17"></item><item title="Power" value="17"></item><item title="TestType" value="Tx"></item><item title="EVM" value="-37,2136" result="PASS"></item><item title="FREQERR" value="-2,2087" result="PASS"></item><item title="SYMCLOCKERR" value="-2,39954" result="PASS"></item><item title="POWER" value="14,8813" result="FAIL"></item><item title="LOLEAKAGE" value="-37,5804" result="PASS"></item><item title="SPECTRUMMASK" value="11,5912" result="PASS"></item><item title="SPECTRUMMARGIN" value="11,5912" result="PASS"></item></Record><Criteria><item title="Modulation" value="MCS8NSS1"></item><item title="Bandwidth" value="20"></item><item title="Antenna" value="3"></item><item title="Channel" value="36"></item><item title="RfIcTemperature" value="46"></item><item title="CpuTemperature" value="60"></item><item title="ExpectedPower" value="18"></item><item title="EVM" Max="-30" Min="-100"></item><item title="FREQERR" Max="15" Min="-15"></item><item title="SYMCLOCKERR" Max="20" Min="-100"></item><item title="POWER" Max="19,5" Min="16,5" Avg="18"></item><item title="LOLEAKAGE" Max="-17" Min="-100"></item><item title="SPECTRUMMASK" Max="100" Min="0"></item><item title="SPECTRUMMARGIN" Max="1000" Min="0"></item></Criteria><Record><item title="Modulation" value="MCS8NSS1"></item><item title="Bandwidth" value="20"></item><item title="Channel" value="36"></item><item title="Antenna" value="3"></item><item title="ExpectedPower" value="18"></item><item title="Power" value="18"></item><item title="TestType" value="Tx"></item><item title="EVM" value="-35,8149" result="PASS"></item><item title="FREQERR" value="-2,21088" result="PASS"></item><item title="SYMCLOCKERR" value="-2,59971" result="PASS"></item><item title="POWER" value="16,2276" result="FAIL"></item><item title="LOLEAKAGE" value="-39,8248" result="PASS"></item><item title="SPECTRUMMASK" value="11,3659" result="PASS"></item><item title="SPECTRUMMARGIN" value="11,3659" result="PASS"></item></Record><Criteria><item title="Modulation" value="MCS8NSS1"></item><item title="Bandwidth" value="20"></item><item title="Antenna" value="3"></item><item title="Channel" value="36"></item><item title="RfIcTemperature" value="46"></item><item title="CpuTemperature" value="60"></item><item title="ExpectedPower" value="19"></item><item title="EVM" Max="-30" Min="-100"></item><item title="FREQERR" Max="15" Min="-15"></item><item title="SYMCLOCKERR" Max="20" Min="-100"></item><item title="POWER" Max="20,5" Min="17,5" Avg="19"></item><item title="LOLEAKAGE" Max="-17" Min="-100"></item><item title="SPECTRUMMASK" Max="100" Min="0"></item><item title="SPECTRUMMARGIN" Max="1000" Min="0"></item></Criteria><Record><item title="Modulation" value="MCS8NSS1"></item><item title="Bandwidth" value="20"></item><item title="Channel" value="36"></item><item title="Antenna" value="3"></item><item title="ExpectedPower" value="19"></item><item title="Power" value="19"></item><item title="TestType" value="Tx"></item><item title="EVM" value="-36,3449" result="PASS"></item><item title="FREQERR" value="-2,2055" result="PASS"></item><item title="SYMCLOCKERR" value="-2,34907" result="PASS"></item><item title="POWER" value="16,9106" result="FAIL"></item><item title="LOLEAKAGE" value="-47,6595" result="PASS"></item><item title="SPECTRUMMASK" value="11,5332" result="PASS"></item><item title="SPECTRUMMARGIN" value="11,5332" result="PASS"></item></Record><Criteria><item title="Modulation" value="MCS8NSS1"></item><item title="Bandwidth" value="20"></item><item title="Antenna" value="3"></item><item title="Channel" value="36"></item><item title="RfIcTemperature" value="46"></item><item title="CpuTemperature" value="60"></item><item title="ExpectedPower" value="20"></item><item title="EVM" Max="-30" Min="-100"></item><item title="FREQERR" Max="15" Min="-15"></item><item title="SYMCLOCKERR" Max="20" Min="-100"></item><item title="POWER" Max="21,5" Min="18,5" Avg="20"></item><item title="LOLEAKAGE" Max="-17" Min="-100"></item><item title="SPECTRUMMASK" Max="100" Min="0"></item><item title="SPECTRUMMARGIN" Max="1000" Min="0"></item></Criteria><Record><item title="Modulation" value="MCS8NSS1"></item><item title="Bandwidth" value="20"></item><item title="Channel" value="36"></item><item title="Antenna" value="3"></item><item title="ExpectedPower" value="20"></item><item title="Power" value="20"></item><item title="TestType" value="Tx"></item><item title="EVM" value="-33,4295" result="PASS"></item><item title="FREQERR" value="-2,20445" result="PASS"></item><item title="SYMCLOCKERR" value="-2,42992" result="PASS"></item><item title="POWER" value="17,9218" result="FAIL"></item><item title="LOLEAKAGE" value="-44,4232" result="PASS"></item><item title="SPECTRUMMASK" value="11,8708" result="PASS"></item><item title="SPECTRUMMARGIN" value="11,8708" result="PASS"></item></Record><Criteria><item title="Modulation" value="MCS8NSS1"></item><item title="Bandwidth" value="20"></item><item title="Antenna" value="3"></item><item title="Channel" value="36"></item><item title="RfIcTemperature" value="46"></item><item title="CpuTemperature" value="60"></item><item title="ExpectedPower" value="21"></item><item title="EVM" Max="-30" Min="-100"></item><item title="FREQERR" Max="15" Min="-15"></item><item title="SYMCLOCKERR" Max="20" Min="-100"></item><item title="POWER" Max="22,5" Min="19,5" Avg="21"></item><item title="LOLEAKAGE" Max="-17" Min="-100"></item><item title="SPECTRUMMASK" Max="100" Min="0"></item><item title="SPECTRUMMARGIN" Max="1000" Min="0"></item></Criteria><Record><item title="Modulation" value="MCS8NSS1"></item><item title="Bandwidth" value="20"></item><item title="Channel" value="36"></item><item title="Antenna" value="3"></item><item title="ExpectedPower" value="21"></item><item title="Power" value="21"></item><item title="TestType" value="Tx"></item><item title="EVM" value="-33,575" result="PASS"></item><item title="FREQERR" value="-2,20999" result="PASS"></item><item title="SYMCLOCKERR" value="-2,04709" result="PASS"></item><item title="POWER" value="19,2179" result="FAIL"></item><item title="LOLEAKAGE" value="-38,5199" result="PASS"></item><item title="SPECTRUMMASK" value="10,4745" result="PASS"></item><item title="SPECTRUMMARGIN" value="10,4745" result="PASS"></item></Record><Criteria><item title="Modulation" value="MCS8NSS1"></item><item title="Bandwidth" value="20"></item><item title="Antenna" value="3"></item><item title="Channel" value="36"></item><item title="RfIcTemperature" value="46"></item><item title="CpuTemperature" value="60"></item><item title="ExpectedPower" value="22"></item><item title="EVM" Max="-30" Min="-100"></item><item title="FREQERR" Max="15" Min="-15"></item><item title="SYMCLOCKERR" Max="20" Min="-100"></item><item title="POWER" Max="23,5" Min="20,5" Avg="22"></item><item title="LOLEAKAGE" Max="-17" Min="-100"></item><item title="SPECTRUMMASK" Max="100" Min="0"></item><item title="SPECTRUMMARGIN" Max="1000" Min="0"></item></Criteria><Record><item title="Modulation" value="MCS8NSS1"></item><item title="Bandwidth" value="20"></item><item title="Channel" value="36"></item><item title="Antenna" value="3"></item><item title="ExpectedPower" value="22"></item><item title="Power" value="22"></item><item title="TestType" value="Tx"></item><item title="EVM" value="-30,3357" result="PASS"></item><item title="FREQERR" value="-2,20679" result="PASS"></item><item title="SYMCLOCKERR" value="-0,76839" result="PASS"></item><item title="POWER" value="20,2977" result="FAIL"></item><item title="LOLEAKAGE" value="-45,4029" result="PASS"></item><item title="SPECTRUMMASK" value="11,7953" result="PASS"></item><item title="SPECTRUMMARGIN" value="11,7953" result="PASS"></item></Record><Criteria><item title="Modulation" value="MCS8NSS1"></item><item title="Bandwidth" value="20"></item><item title="Antenna" value="3"></item><item title="Channel" value="36"></item><item title="RfIcTemperature" value="46"></item><item title="CpuTemperature" value="60"></item><item title="ExpectedPower" value="23"></item><item title="EVM" Max="-30" Min="-100"></item><item title="FREQERR" Max="15" Min="-15"></item><item title="SYMCLOCKERR" Max="20" Min="-100"></item><item title="POWER" Max="24,5" Min="21,5" Avg="23"></item><item title="LOLEAKAGE" Max="-17" Min="-100"></item><item title="SPECTRUMMASK" Max="100" Min="0"></item><item title="SPECTRUMMARGIN" Max="1000" Min="0"></item></Criteria><Record><item title="Modulation" value="MCS8NSS1"></item><item title="Bandwidth" value="20"></item><item title="Channel" value="36"></item><item title="Antenna" value="3"></item><item title="ExpectedPower" value="23"></item><item title="Power" value="23"></item><item title="TestType" value="Tx"></item><item title="EVM" value="-27,7988" result="FAIL"></item><item title="FREQERR" value="-2,20854" result="PASS"></item><item title="SYMCLOCKERR" value="-1,55639" result="PASS"></item><item title="POWER" value="21,1843" result="FAIL"></item><item title="LOLEAKAGE" value="-35,3238" result="PASS"></item><item title="SPECTRUMMASK" value="11,5959" result="PASS"></item><item title="SPECTRUMMARGIN" value="11,5959" result="PASS"></item></Record><Criteria><item title="Modulation" value="MCS8NSS1"></item><item title="Bandwidth" value="20"></item><item title="Antenna" value="3"></item><item title="Channel" value="36"></item><item title="RfIcTemperature" value="46"></item><item title="CpuTemperature" value="60"></item><item title="ExpectedPower" value="24"></item><item title="EVM" Max="-30" Min="-100"></item><item title="FREQERR" Max="15" Min="-15"></item><item title="SYMCLOCKERR" Max="20" Min="-100"></item><item title="POWER" Max="25,5" Min="22,5" Avg="24"></item><item title="LOLEAKAGE" Max="-17" Min="-100"></item><item title="SPECTRUMMASK" Max="100" Min="0"></item><item title="SPECTRUMMARGIN" Max="1000" Min="0"></item></Criteria><Record><item title="Modulation" value="MCS8NSS1"></item><item title="Bandwidth" value="20"></item><item title="Channel" value="36"></item><item title="Antenna" value="3"></item><item title="ExpectedPower" value="24"></item><item title="Power" value="24"></item><item title="TestType" value="Tx"></item><item title="EVM" value="-24,895" result="FAIL"></item><item title="FREQERR" value="-2,20405" result="PASS"></item><item title="SYMCLOCKERR" value="0,999178" result="PASS"></item><item title="POWER" value="22,3301" result="FAIL"></item><item title="LOLEAKAGE" value="-41,4106" result="PASS"></item><item title="SPECTRUMMASK" value="7,25555" result="PASS"></item><item title="SPECTRUMMARGIN" value="7,25555" result="PASS"></item></Record><Criteria><item title="Modulation" value="MCS8NSS1"></item><item title="Bandwidth" value="20"></item><item title="Antenna" value="3"></item><item title="Channel" value="36"></item><item title="RfIcTemperature" value="46"></item><item title="CpuTemperature" value="60"></item><item title="ExpectedPower" value="25"></item><item title="EVM" Max="-30" Min="-100"></item><item title="FREQERR" Max="15" Min="-15"></item><item title="SYMCLOCKERR" Max="20" Min="-100"></item><item title="POWER" Max="26,5" Min="23,5" Avg="25"></item><item title="LOLEAKAGE" Max="-17" Min="-100"></item><item title="SPECTRUMMASK" Max="100" Min="0"></item><item title="SPECTRUMMARGIN" Max="1000" Min="0"></item></Criteria><Record><item title="Modulation" value="MCS8NSS1"></item><item title="Bandwidth" value="20"></item><item title="Channel" value="36"></item><item title="Antenna" value="3"></item><item title="ExpectedPower" value="25"></item><item title="Power" value="25"></item><item title="TestType" value="Tx"></item><item title="EVM" value="-23,2034" result="FAIL"></item><item title="FREQERR" value="-2,21638" result="PASS"></item><item title="SYMCLOCKERR" value="0,0415396" result="PASS"></item><item title="POWER" value="23,3065" result="FAIL"></item><item title="LOLEAKAGE" value="-35,524" result="PASS"></item><item title="SPECTRUMMASK" value="5,18652" result="PASS"></item><item title="SPECTRUMMARGIN" value="5,18652" result="PASS"></item></Record><Criteria><item title="Modulation" value="MCS8NSS1"></item><item title="Bandwidth" value="20"></item><item title="Antenna" value="0"></item><item title="Channel" value="52"></item><item title="RfIcTemperature" value="46"></item><item title="CpuTemperature" value="60"></item><item title="ExpectedPower" value="10"></item><item title="EVM" Max="-30" Min="-100"></item><item title="FREQERR" Max="15" Min="-15"></item><item title="SYMCLOCKERR" Max="20" Min="-100"></item><item title="POWER" Max="11,5" Min="8,5" Avg="10"></item><item title="LOLEAKAGE" Max="-17" Min="-100"></item><item title="SPECTRUMMASK" Max="100" Min="0"></item><item title="SPECTRUMMARGIN" Max="1000" Min="0"></item></Criteria><Record><item title="Modulation" value="MCS8NSS1"></item><item title="Bandwidth" value="20"></item><item title="Channel" value="52"></item><item title="Antenna" value="0"></item><item title="ExpectedPower" value="10"></item><item title="Power" value="10"></item><item title="TestType" value="Tx"></item><item title="EVM" value="-36,7725" result="PASS"></item><item title="FREQERR" value="-2,21934" result="PASS"></item><item title="SYMCLOCKERR" value="-3,01794" result="PASS"></item><item title="POWER" value="7,50347" result="FAIL"></item><item title="LOLEAKAGE" value="-31,0114" result="PASS"></item><item title="SPECTRUMMASK" value="12,0133" result="PASS"></item><item title="SPECTRUMMARGIN" value="12,0133" result="PASS"></item></Record><Criteria><item title="Modulation" value="MCS8NSS1"></item><item title="Bandwidth" value="20"></item><item title="Antenna" value="0"></item><item title="Channel" value="52"></item><item title="RfIcTemperature" value="46"></item><item title="CpuTemperature" value="60"></item><item title="ExpectedPower" value="11"></item><item title="EVM" Max="-30" Min="-100"></item><item title="FREQERR" Max="15" Min="-15"></item><item title="SYMCLOCKERR" Max="20" Min="-100"></item><item title="POWER" Max="12,5" Min="9,5" Avg="11"></item><item title="LOLEAKAGE" Max="-17" Min="-100"></item><item title="SPECTRUMMASK" Max="100" Min="0"></item><item title="SPECTRUMMARGIN" Max="1000" Min="0"></item></Criteria><Record><item title="Modulation" value="MCS8NSS1"></item><item title="Bandwidth" value="20"></item><item title="Channel" value="52"></item><item title="Antenna" value="0"></item><item title="ExpectedPower" value="11"></item><item title="Power" value="11"></item><item title="TestType" value="Tx"></item><item title="EVM" value="-35,287" result="PASS"></item><item title="FREQERR" value="-2,21308" result="PASS"></item><item title="SYMCLOCKERR" value="-2,60542" result="PASS"></item><item title="POWER" value="8,68535" result="FAIL"></item><item title="LOLEAKAGE" value="-34,3895" result="PASS"></item><item title="SPECTRUMMASK" value="11,6984" result="PASS"></item><item title="SPECTRUMMARGIN" value="11,6984" result="PASS"></item></Record><Criteria><item title="Modulation" value="MCS8NSS1"></item><item title="Bandwidth" value="20"></item><item title="Antenna" value="0"></item><item title="Channel" value="52"></item><item title="RfIcTemperature" value="46"></item><item title="CpuTemperature" value="60"></item><item title="ExpectedPower" value="12"></item><item title="EVM" Max="-30" Min="-100"></item><item title="FREQERR" Max="15" Min="-15"></item><item title="SYMCLOCKERR" Max="20" Min="-100"></item><item title="POWER" Max="13,5" Min="10,5" Avg="12"></item><item title="LOLEAKAGE" Max="-17" Min="-100"></item><item title="SPECTRUMMASK" Max="100" Min="0"></item><item title="SPECTRUMMARGIN" Max="1000" Min="0"></item></Criteria><Record><item title="Modulation" value="MCS8NSS1"></item><item title="Bandwidth" value="20"></item><item title="Channel" value="52"></item><item title="Antenna" value="0"></item><item title="ExpectedPower" value="12"></item><item title="Power" value="12"></item><item title="TestType" value="Tx"></item><item title="EVM" value="-35,7567" result="PASS"></item><item title="FREQERR" value="-2,21131" result="PASS"></item><item title="SYMCLOCKERR" value="-3,01311" result="PASS"></item><item title="POWER" value="9,66394" result="FAIL"></item><item title="LOLEAKAGE" value="-34,9417" result="PASS"></item><item title="SPECTRUMMASK" value="11,0593" result="PASS"></item><item title="SPECTRUMMARGIN" value="11,0593" result="PASS"></item></Record><Criteria><item title="Modulation" value="MCS8NSS1"></item><item title="Bandwidth" value="20"></item><item title="Antenna" value="0"></item><item title="Channel" value="52"></item><item title="RfIcTemperature" value="46"></item><item title="CpuTemperature" value="60"></item><item title="ExpectedPower" value="13"></item><item title="EVM" Max="-30" Min="-100"></item><item title="FREQERR" Max="15" Min="-15"></item><item title="SYMCLOCKERR" Max="20" Min="-100"></item><item title="POWER" Max="14,5" Min="11,5" Avg="13"></item><item title="LOLEAKAGE" Max="-17" Min="-100"></item><item title="SPECTRUMMASK" Max="100" Min="0"></item><item title="SPECTRUMMARGIN" Max="1000" Min="0"></item></Criteria><Record><item title="Modulation" value="MCS8NSS1"></item><item title="Bandwidth" value="20"></item><item title="Channel" value="52"></item><item title="Antenna" value="0"></item><item title="ExpectedPower" value="13"></item><item title="Power" value="13"></item><item title="TestType" value="Tx"></item><item title="EVM" value="-32,8199" result="PASS"></item><item title="FREQERR" value="-2,21205" result="PASS"></item><item title="SYMCLOCKERR" value="-2,3709" result="PASS"></item><item title="POWER" value="10,7419" result="FAIL"></item><item title="LOLEAKAGE" value="-35,6091" result="PASS"></item><item title="SPECTRUMMASK" value="10,9355" result="PASS"></item><item title="SPECTRUMMARGIN" value="10,9355" result="PASS"></item></Record><Criteria><item title="Modulation" value="MCS8NSS1"></item><item title="Bandwidth" value="20"></item><item title="Antenna" value="0"></item><item title="Channel" value="52"></item><item title="RfIcTemperature" value="46"></item><item title="CpuTemperature" value="60"></item><item title="ExpectedPower" value="14"></item><item title="EVM" Max="-30" Min="-100"></item><item title="FREQERR" Max="15" Min="-15"></item><item title="SYMCLOCKERR" Max="20" Min="-100"></item><item title="POWER" Max="15,5" Min="12,5" Avg="14"></item><item title="LOLEAKAGE" Max="-17" Min="-100"></item><item title="SPECTRUMMASK" Max="100" Min="0"></item><item title="SPECTRUMMARGIN" Max="1000" Min="0"></item></Criteria><Record><item title="Modulation" value="MCS8NSS1"></item><item title="Bandwidth" value="20"></item><item title="Channel" value="52"></item><item title="Antenna" value="0"></item><item title="ExpectedPower" value="14"></item><item title="Power" value="14"></item><item title="TestType" value="Tx"></item><item title="EVM" value="-35,7565" result="PASS"></item><item title="FREQERR" value="-2,20803" result="PASS"></item><item title="SYMCLOCKERR" value="-2,6392" result="PASS"></item><item title="POWER" value="11,6029" result="FAIL"></item><item title="LOLEAKAGE" value="-38,1388" result="PASS"></item><item title="SPECTRUMMASK" value="11,9546" result="PASS"></item><item title="SPECTRUMMARGIN" value="11,9546" result="PASS"></item></Record><Criteria><item title="Modulation" value="MCS8NSS1"></item><item title="Bandwidth" value="20"></item><item title="Antenna" value="0"></item><item title="Channel" value="52"></item><item title="RfIcTemperature" value="46"></item><item title="CpuTemperature" value="60"></item><item title="ExpectedPower" value="15"></item><item title="EVM" Max="-30" Min="-100"></item><item title="FREQERR" Max="15" Min="-15"></item><item title="SYMCLOCKERR" Max="20" Min="-100"></item><item title="POWER" Max="16,5" Min="13,5" Avg="15"></item><item title="LOLEAKAGE" Max="-17" Min="-100"></item><item title="SPECTRUMMASK" Max="100" Min="0"></item><item title="SPECTRUMMARGIN" Max="1000" Min="0"></item></Criteria><Record><item title="Modulation" value="MCS8NSS1"></item><item title="Bandwidth" value="20"></item><item title="Channel" value="52"></item><item title="Antenna" value="0"></item><item title="ExpectedPower" value="15"></item><item title="Power" value="15"></item><item title="TestType" value="Tx"></item><item title="EVM" value="-34,7861" result="PASS"></item><item title="FREQERR" value="-2,21163" result="PASS"></item><item title="SYMCLOCKERR" value="-2,07858" result="PASS"></item><item title="POWER" value="12,5532" result="FAIL"></item><item title="LOLEAKAGE" value="-41,0827" result="PASS"></item><item title="SPECTRUMMASK" value="11,4321" result="PASS"></item><item title="SPECTRUMMARGIN" value="11,4321" result="PASS"></item></Record><Criteria><item title="Modulation" value="MCS8NSS1"></item><item title="Bandwidth" value="20"></item><item title="Antenna" value="0"></item><item title="Channel" value="52"></item><item title="RfIcTemperature" value="46"></item><item title="CpuTemperature" value="60"></item><item title="ExpectedPower" value="16"></item><item title="EVM" Max="-30" Min="-100"></item><item title="FREQERR" Max="15" Min="-15"></item><item title="SYMCLOCKERR" Max="20" Min="-100"></item><item title="POWER" Max="17,5" Min="14,5" Avg="16"></item><item title="LOLEAKAGE" Max="-17" Min="-100"></item><item title="SPECTRUMMASK" Max="100" Min="0"></item><item title="SPECTRUMMARGIN" Max="1000" Min="0"></item></Criteria><Record><item title="Modulation" value="MCS8NSS1"></item><item title="Bandwidth" value="20"></item><item title="Channel" value="52"></item><item title="Antenna" value="0"></item><item title="ExpectedPower" value="16"></item><item title="Power" value="16"></item><item title="TestType" value="Tx"></item><item title="EVM" value="-35,9478" result="PASS"></item><item title="FREQERR" value="-2,21374" result="PASS"></item><item title="SYMCLOCKERR" value="-3,34054" result="PASS"></item><item title="POWER" value="13,5279" result="FAIL"></item><item title="LOLEAKAGE" value="-39,3313" result="PASS"></item><item title="SPECTRUMMASK" value="12,2219" result="PASS"></item><item title="SPECTRUMMARGIN" value="12,2219" result="PASS"></item></Record><Criteria><item title="Modulation" value="MCS8NSS1"></item><item title="Bandwidth" value="20"></item><item title="Antenna" value="0"></item><item title="Channel" value="52"></item><item title="RfIcTemperature" value="46"></item><item title="CpuTemperature" value="60"></item><item title="ExpectedPower" value="17"></item><item title="EVM" Max="-30" Min="-100"></item><item title="FREQERR" Max="15" Min="-15"></item><item title="SYMCLOCKERR" Max="20" Min="-100"></item><item title="POWER" Max="18,5" Min="15,5" Avg="17"></item><item title="LOLEAKAGE" Max="-17" Min="-100"></item><item title="SPECTRUMMASK" Max="100" Min="0"></item><item title="SPECTRUMMARGIN" Max="1000" Min="0"></item></Criteria><Record><item title="Modulation" value="MCS8NSS1"></item><item title="Bandwidth" value="20"></item><item title="Channel" value="52"></item><item title="Antenna" value="0"></item><item title="ExpectedPower" value="17"></item><item title="Power" value="17"></item><item title="TestType" value="Tx"></item><item title="EVM" value="-35,0719" result="PASS"></item><item title="FREQERR" value="-2,2132" result="PASS"></item><item title="SYMCLOCKERR" value="-2,24391" result="PASS"></item><item title="POWER" value="14,9127" result="FAIL"></item><item title="LOLEAKAGE" value="-42,8427" result="PASS"></item><item title="SPECTRUMMASK" value="12,1244" result="PASS"></item><item title="SPECTRUMMARGIN" value="12,1244" result="PASS"></item></Record><Criteria><item title="Modulation" value="MCS8NSS1"></item><item title="Bandwidth" value="20"></item><item title="Antenna" value="0"></item><item title="Channel" value="52"></item><item title="RfIcTemperature" value="46"></item><item title="CpuTemperature" value="60"></item><item title="ExpectedPower" value="18"></item><item title="EVM" Max="-30" Min="-100"></item><item title="FREQERR" Max="15" Min="-15"></item><item title="SYMCLOCKERR" Max="20" Min="-100"></item><item title="POWER" Max="19,5" Min="16,5" Avg="18"></item><item title="LOLEAKAGE" Max="-17" Min="-100"></item><item title="SPECTRUMMASK" Max="100" Min="0"></item><item title="SPECTRUMMARGIN" Max="1000" Min="0"></item></Criteria><Record><item title="Modulation" value="MCS8NSS1"></item><item title="Bandwidth" value="20"></item><item title="Channel" value="52"></item><item title="Antenna" value="0"></item><item title="ExpectedPower" value="18"></item><item title="Power" value="18"></item><item title="TestType" value="Tx"></item><item title="EVM" value="-35,9063" result="PASS"></item><item title="FREQERR" value="-2,21119" result="PASS"></item><item title="SYMCLOCKERR" value="-2,87914" result="PASS"></item><item title="POWER" value="15,6167" result="FAIL"></item><item title="LOLEAKAGE" value="-47,0768" result="PASS"></item><item title="SPECTRUMMASK" value="11,2644" result="PASS"></item><item title="SPECTRUMMARGIN" value="11,2644" result="PASS"></item></Record><Criteria><item title="Modulation" value="MCS8NSS1"></item><item title="Bandwidth" value="20"></item><item title="Antenna" value="0"></item><item title="Channel" value="52"></item><item title="RfIcTemperature" value="46"></item><item title="CpuTemperature" value="60"></item><item title="ExpectedPower" value="19"></item><item title="EVM" Max="-30" Min="-100"></item><item title="FREQERR" Max="15" Min="-15"></item><item title="SYMCLOCKERR" Max="20" Min="-100"></item><item title="POWER" Max="20,5" Min="17,5" Avg="19"></item><item title="LOLEAKAGE" Max="-17" Min="-100"></item><item title="SPECTRUMMASK" Max="100" Min="0"></item><item title="SPECTRUMMARGIN" Max="1000" Min="0"></item></Criteria><Record><item title="Modulation" value="MCS8NSS1"></item><item title="Bandwidth" value="20"></item><item title="Channel" value="52"></item><item title="Antenna" value="0"></item><item title="ExpectedPower" value="19"></item><item title="Power" value="19"></item><item title="TestType" value="Tx"></item><item title="EVM" value="-34,8131" result="PASS"></item><item title="FREQERR" value="-2,21056" result="PASS"></item><item title="SYMCLOCKERR" value="-2,27955" result="PASS"></item><item title="POWER" value="16,693" result="FAIL"></item><item title="LOLEAKAGE" value="-47,2552" result="PASS"></item><item title="SPECTRUMMASK" value="11,0251" result="PASS"></item><item title="SPECTRUMMARGIN" value="11,0251" result="PASS"></item></Record><Criteria><item title="Modulation" value="MCS8NSS1"></item><item title="Bandwidth" value="20"></item><item title="Antenna" value="0"></item><item title="Channel" value="52"></item><item title="RfIcTemperature" value="46"></item><item title="CpuTemperature" value="60"></item><item title="ExpectedPower" value="20"></item><item title="EVM" Max="-30" Min="-100"></item><item title="FREQERR" Max="15" Min="-15"></item><item title="SYMCLOCKERR" Max="20" Min="-100"></item><item title="POWER" Max="21,5" Min="18,5" Avg="20"></item><item title="LOLEAKAGE" Max="-17" Min="-100"></item><item title="SPECTRUMMASK" Max="100" Min="0"></item><item title="SPECTRUMMARGIN" Max="1000" Min="0"></item></Criteria><Record><item title="Modulation" value="MCS8NSS1"></item><item title="Bandwidth" value="20"></item><item title="Channel" value="52"></item><item title="Antenna" value="0"></item><item title="ExpectedPower" value="20"></item><item title="Power" value="20"></item><item title="TestType" value="Tx"></item><item title="EVM" value="-35,6319" result="PASS"></item><item title="FREQERR" value="-2,2066" result="PASS"></item><item title="SYMCLOCKERR" value="-2,63796" result="PASS"></item><item title="POWER" value="17,9571" result="FAIL"></item><item title="LOLEAKAGE" value="-61,1981" result="PASS"></item><item title="SPECTRUMMASK" value="11,1455" result="PASS"></item><item title="SPECTRUMMARGIN" value="11,1455" result="PASS"></item></Record><Criteria><item title="Modulation" value="MCS8NSS1"></item><item title="Bandwidth" value="20"></item><item title="Antenna" value="0"></item><item title="Channel" value="52"></item><item title="RfIcTemperature" value="46"></item><item title="CpuTemperature" value="60"></item><item title="ExpectedPower" value="21"></item><item title="EVM" Max="-30" Min="-100"></item><item title="FREQERR" Max="15" Min="-15"></item><item title="SYMCLOCKERR" Max="20" Min="-100"></item><item title="POWER" Max="22,5" Min="19,5" Avg="21"></item><item title="LOLEAKAGE" Max="-17" Min="-100"></item><item title="SPECTRUMMASK" Max="100" Min="0"></item><item title="SPECTRUMMARGIN" Max="1000" Min="0"></item></Criteria><Record><item title="Modulation" value="MCS8NSS1"></item><item title="Bandwidth" value="20"></item><item title="Channel" value="52"></item><item title="Antenna" value="0"></item><item title="ExpectedPower" value="21"></item><item title="Power" value="21"></item><item title="TestType" value="Tx"></item><item title="EVM" value="-35,1872" result="PASS"></item><item title="FREQERR" value="-2,21199" result="PASS"></item><item title="SYMCLOCKERR" value="-1,80927" result="PASS"></item><item title="POWER" value="18,7023" result="FAIL"></item><item title="LOLEAKAGE" value="-71,7416" result="PASS"></item><item title="SPECTRUMMASK" value="11,8301" result="PASS"></item><item title="SPECTRUMMARGIN" value="11,8301" result="PASS"></item></Record><Criteria><item title="Modulation" value="MCS8NSS1"></item><item title="Bandwidth" value="20"></item><item title="Antenna" value="0"></item><item title="Channel" value="52"></item><item title="RfIcTemperature" value="46"></item><item title="CpuTemperature" value="60"></item><item title="ExpectedPower" value="22"></item><item title="EVM" Max="-30" Min="-100"></item><item title="FREQERR" Max="15" Min="-15"></item><item title="SYMCLOCKERR" Max="20" Min="-100"></item><item title="POWER" Max="23,5" Min="20,5" Avg="22"></item><item title="LOLEAKAGE" Max="-17" Min="-100"></item><item title="SPECTRUMMASK" Max="100" Min="0"></item><item title="SPECTRUMMARGIN" Max="1000" Min="0"></item></Criteria><Record><item title="Modulation" value="MCS8NSS1"></item><item title="Bandwidth" value="20"></item><item title="Channel" value="52"></item><item title="Antenna" value="0"></item><item title="ExpectedPower" value="22"></item><item title="Power" value="22"></item><item title="TestType" value="Tx"></item><item title="EVM" value="-35,3932" result="PASS"></item><item title="FREQERR" value="-2,2126" result="PASS"></item><item title="SYMCLOCKERR" value="-2,71155" result="PASS"></item><item title="POWER" value="19,7385" result="FAIL"></item><item title="LOLEAKAGE" value="-49,3487" result="PASS"></item><item title="SPECTRUMMASK" value="12,0464" result="PASS"></item><item title="SPECTRUMMARGIN" value="12,0464" result="PASS"></item></Record><Criteria><item title="Modulation" value="MCS8NSS1"></item><item title="Bandwidth" value="20"></item><item title="Antenna" value="0"></item><item title="Channel" value="52"></item><item title="RfIcTemperature" value="46"></item><item title="CpuTemperature" value="60"></item><item title="ExpectedPower" value="23"></item><item title="EVM" Max="-30" Min="-100"></item><item title="FREQERR" Max="15" Min="-15"></item><item title="SYMCLOCKERR" Max="20" Min="-100"></item><item title="POWER" Max="24,5" Min="21,5" Avg="23"></item><item title="LOLEAKAGE" Max="-17" Min="-100"></item><item title="SPECTRUMMASK" Max="100" Min="0"></item><item title="SPECTRUMMARGIN" Max="1000" Min="0"></item></Criteria><Record><item title="Modulation" value="MCS8NSS1"></item><item title="Bandwidth" value="20"></item><item title="Channel" value="52"></item><item title="Antenna" value="0"></item><item title="ExpectedPower" value="23"></item><item title="Power" value="23"></item><item title="TestType" value="Tx"></item><item title="EVM" value="-32,8562" result="PASS"></item><item title="FREQERR" value="-2,20969" result="PASS"></item><item title="SYMCLOCKERR" value="-2,88149" result="PASS"></item><item title="POWER" value="20,9819" result="FAIL"></item><item title="LOLEAKAGE" value="-60,3975" result="PASS"></item><item title="SPECTRUMMASK" value="11,9062" result="PASS"></item><item title="SPECTRUMMARGIN" value="11,9062" result="PASS"></item></Record><Criteria><item title="Modulation" value="MCS8NSS1"></item><item title="Bandwidth" value="20"></item><item title="Antenna" value="0"></item><item title="Channel" value="52"></item><item title="RfIcTemperature" value="46"></item><item title="CpuTemperature" value="60"></item><item title="ExpectedPower" value="24"></item><item title="EVM" Max="-30" Min="-100"></item><item title="FREQERR" Max="15" Min="-15"></item><item title="SYMCLOCKERR" Max="20" Min="-100"></item><item title="POWER" Max="25,5" Min="22,5" Avg="24"></item><item title="LOLEAKAGE" Max="-17" Min="-100"></item><item title="SPECTRUMMASK" Max="100" Min="0"></item><item title="SPECTRUMMARGIN" Max="1000" Min="0"></item></Criteria><Record><item title="Modulation" value="MCS8NSS1"></item><item title="Bandwidth" value="20"></item><item title="Channel" value="52"></item><item title="Antenna" value="0"></item><item title="ExpectedPower" value="24"></item><item title="Power" value="24"></item><item title="TestType" value="Tx"></item><item title="EVM" value="-28,9984" result="FAIL"></item><item title="FREQERR" value="-2,2135" result="PASS"></item><item title="SYMCLOCKERR" value="-3,85995" result="PASS"></item><item title="POWER" value="21,8475" result="FAIL"></item><item title="LOLEAKAGE" value="-45,9785" result="PASS"></item><item title="SPECTRUMMASK" value="10,8015" result="PASS"></item><item title="SPECTRUMMARGIN" value="10,8015" result="PASS"></item></Record><Criteria><item title="Modulation" value="MCS8NSS1"></item><item title="Bandwidth" value="20"></item><item title="Antenna" value="0"></item><item title="Channel" value="52"></item><item title="RfIcTemperature" value="46"></item><item title="CpuTemperature" value="60"></item><item title="ExpectedPower" value="25"></item><item title="EVM" Max="-30" Min="-100"></item><item title="FREQERR" Max="15" Min="-15"></item><item title="SYMCLOCKERR" Max="20" Min="-100"></item><item title="POWER" Max="26,5" Min="23,5" Avg="25"></item><item title="LOLEAKAGE" Max="-17" Min="-100"></item><item title="SPECTRUMMASK" Max="100" Min="0"></item><item title="SPECTRUMMARGIN" Max="1000" Min="0"></item></Criteria><Record><item title="Modulation" value="MCS8NSS1"></item><item title="Bandwidth" value="20"></item><item title="Channel" value="52"></item><item title="Antenna" value="0"></item><item title="ExpectedPower" value="25"></item><item title="Power" value="25"></item><item title="TestType" value="Tx"></item><item title="EVM" value="-25,9585" result="FAIL"></item><item title="FREQERR" value="-2,21093" result="PASS"></item><item title="SYMCLOCKERR" value="-3,45754" result="PASS"></item><item title="POWER" value="22,8995" result="FAIL"></item><item title="LOLEAKAGE" value="-41,0736" result="PASS"></item><item title="SPECTRUMMASK" value="7,90343" result="PASS"></item><item title="SPECTRUMMARGIN" value="7,90343" result="PASS"></item></Record><Criteria><item title="Modulation" value="MCS8NSS1"></item><item title="Bandwidth" value="20"></item><item title="Antenna" value="1"></item><item title="Channel" value="52"></item><item title="RfIcTemperature" value="46"></item><item title="CpuTemperature" value="60"></item><item title="ExpectedPower" value="10"></item><item title="EVM" Max="-30" Min="-100"></item><item title="FREQERR" Max="15" Min="-15"></item><item title="SYMCLOCKERR" Max="20" Min="-100"></item><item title="POWER" Max="11,5" Min="8,5" Avg="10"></item><item title="LOLEAKAGE" Max="-17" Min="-100"></item><item title="SPECTRUMMASK" Max="100" Min="0"></item><item title="SPECTRUMMARGIN" Max="1000" Min="0"></item></Criteria><Record><item title="Modulation" value="MCS8NSS1"></item><item title="Bandwidth" value="20"></item><item title="Channel" value="52"></item><item title="Antenna" value="1"></item><item title="ExpectedPower" value="10"></item><item title="Power" value="10"></item><item title="TestType" value="Tx"></item><item title="EVM" value="-38,4803" result="PASS"></item><item title="FREQERR" value="-2,20697" result="PASS"></item><item title="SYMCLOCKERR" value="-2,0411" result="PASS"></item><item title="POWER" value="7,9155" result="FAIL"></item><item title="LOLEAKAGE" value="-31,1445" result="PASS"></item><item title="SPECTRUMMASK" value="11,8388" result="PASS"></item><item title="SPECTRUMMARGIN" value="11,8388" result="PASS"></item></Record><Criteria><item title="Modulation" value="MCS8NSS1"></item><item title="Bandwidth" value="20"></item><item title="Antenna" value="1"></item><item title="Channel" value="52"></item><item title="RfIcTemperature" value="46"></item><item title="CpuTemperature" value="60"></item><item title="ExpectedPower" value="11"></item><item title="EVM" Max="-30" Min="-100"></item><item title="FREQERR" Max="15" Min="-15"></item><item title="SYMCLOCKERR" Max="20" Min="-100"></item><item title="POWER" Max="12,5" Min="9,5" Avg="11"></item><item title="LOLEAKAGE" Max="-17" Min="-100"></item><item title="SPECTRUMMASK" Max="100" Min="0"></item><item title="SPECTRUMMARGIN" Max="1000" Min="0"></item></Criteria><Record><item title="Modulation" value="MCS8NSS1"></item><item title="Bandwidth" value="20"></item><item title="Channel" value="52"></item><item title="Antenna" value="1"></item><item title="ExpectedPower" value="11"></item><item title="Power" value="11"></item><item title="TestType" value="Tx"></item><item title="EVM" value="-36,0637" result="PASS"></item><item title="FREQERR" value="-2,20333" result="PASS"></item><item title="SYMCLOCKERR" value="-1,90239" result="PASS"></item><item title="POWER" value="9,01912" result="FAIL"></item><item title="LOLEAKAGE" value="-31,6974" result="PASS"></item><item title="SPECTRUMMASK" value="10,857" result="PASS"></item><item title="SPECTRUMMARGIN" value="10,857" result="PASS"></item></Record><Criteria><item title="Modulation" value="MCS8NSS1"></item><item title="Bandwidth" value="20"></item><item title="Antenna" value="1"></item><item title="Channel" value="52"></item><item title="RfIcTemperature" value="46"></item><item title="CpuTemperature" value="60"></item><item title="ExpectedPower" value="12"></item><item title="EVM" Max="-30" Min="-100"></item><item title="FREQERR" Max="15" Min="-15"></item><item title="SYMCLOCKERR" Max="20" Min="-100"></item><item title="POWER" Max="13,5" Min="10,5" Avg="12"></item><item title="LOLEAKAGE" Max="-17" Min="-100"></item><item title="SPECTRUMMASK" Max="100" Min="0"></item><item title="SPECTRUMMARGIN" Max="1000" Min="0"></item></Criteria><Record><item title="Modulation" value="MCS8NSS1"></item><item title="Bandwidth" value="20"></item><item title="Channel" value="52"></item><item title="Antenna" value="1"></item><item title="ExpectedPower" value="12"></item><item title="Power" value="12"></item><item title="TestType" value="Tx"></item><item title="EVM" value="-36,5631" result="PASS"></item><item title="FREQERR" value="-2,20181" result="PASS"></item><item title="SYMCLOCKERR" value="-2,00319" result="PASS"></item><item title="POWER" value="9,81769" result="FAIL"></item><item title="LOLEAKAGE" value="-35,4796" result="PASS"></item><item title="SPECTRUMMASK" value="11,3295" result="PASS"></item><item title="SPECTRUMMARGIN" value="11,3295" result="PASS"></item></Record><Criteria><item title="Modulation" value="MCS8NSS1"></item><item title="Bandwidth" value="20"></item><item title="Antenna" value="1"></item><item title="Channel" value="52"></item><item title="RfIcTemperature" value="46"></item><item title="CpuTemperature" value="60"></item><item title="ExpectedPower" value="13"></item><item title="EVM" Max="-30" Min="-100"></item><item title="FREQERR" Max="15" Min="-15"></item><item title="SYMCLOCKERR" Max="20" Min="-100"></item><item title="POWER" Max="14,5" Min="11,5" Avg="13"></item><item title="LOLEAKAGE" Max="-17" Min="-100"></item><item title="SPECTRUMMASK" Max="100" Min="0"></item><item title="SPECTRUMMARGIN" Max="1000" Min="0"></item></Criteria><Record><item title="Modulation" value="MCS8NSS1"></item><item title="Bandwidth" value="20"></item><item title="Channel" value="52"></item><item title="Antenna" value="1"></item><item title="ExpectedPower" value="13"></item><item title="Power" value="13"></item><item title="TestType" value="Tx"></item><item title="EVM" value="-38,947" result="PASS"></item><item title="FREQERR" value="-2,20492" result="PASS"></item><item title="SYMCLOCKERR" value="-2,46823" result="PASS"></item><item title="POWER" value="11,454" result="FAIL"></item><item title="LOLEAKAGE" value="-36,4403" result="PASS"></item><item title="SPECTRUMMASK" value="10,8857" result="PASS"></item><item title="SPECTRUMMARGIN" value="10,8857" result="PASS"></item></Record><Criteria><item title="Modulation" value="MCS8NSS1"></item><item title="Bandwidth" value="20"></item><item title="Antenna" value="1"></item><item title="Channel" value="52"></item><item title="RfIcTemperature" value="46"></item><item title="CpuTemperature" value="60"></item><item title="ExpectedPower" value="14"></item><item title="EVM" Max="-30" Min="-100"></item><item title="FREQERR" Max="15" Min="-15"></item><item title="SYMCLOCKERR" Max="20" Min="-100"></item><item title="POWER" Max="15,5" Min="12,5" Avg="14"></item><item title="LOLEAKAGE" Max="-17" Min="-100"></item><item title="SPECTRUMMASK" Max="100" Min="0"></item><item title="SPECTRUMMARGIN" Max="1000" Min="0"></item></Criteria><Record><item title="Modulation" value="MCS8NSS1"></item><item title="Bandwidth" value="20"></item><item title="Channel" value="52"></item><item title="Antenna" value="1"></item><item title="ExpectedPower" value="14"></item><item title="Power" value="14"></item><item title="TestType" value="Tx"></item><item title="EVM" value="-37,7193" result="PASS"></item><item title="FREQERR" value="-2,20453" result="PASS"></item><item title="SYMCLOCKERR" value="-2,34144" result="PASS"></item><item title="POWER" value="12,0697" result="FAIL"></item><item title="LOLEAKAGE" value="-39,5897" result="PASS"></item><item title="SPECTRUMMASK" value="11,6333" result="PASS"></item><item title="SPECTRUMMARGIN" value="11,6333" result="PASS"></item></Record><Criteria><item title="Modulation" value="MCS8NSS1"></item><item title="Bandwidth" value="20"></item><item title="Antenna" value="1"></item><item title="Channel" value="52"></item><item title="RfIcTemperature" value="46"></item><item title="CpuTemperature" value="60"></item><item title="ExpectedPower" value="15"></item><item title="EVM" Max="-30" Min="-100"></item><item title="FREQERR" Max="15" Min="-15"></item><item title="SYMCLOCKERR" Max="20" Min="-100"></item><item title="POWER" Max="16,5" Min="13,5" Avg="15"></item><item title="LOLEAKAGE" Max="-17" Min="-100"></item><item title="SPECTRUMMASK" Max="100" Min="0"></item><item title="SPECTRUMMARGIN" Max="1000" Min="0"></item></Criteria><Record><item title="Modulation" value="MCS8NSS1"></item><item title="Bandwidth" value="20"></item><item title="Channel" value="52"></item><item title="Antenna" value="1"></item><item title="ExpectedPower" value="15"></item><item title="Power" value="15"></item><item title="TestType" value="Tx"></item><item title="EVM" value="-37,7941" result="PASS"></item><item title="FREQERR" value="-2,20475" result="PASS"></item><item title="SYMCLOCKERR" value="-2,28332" result="PASS"></item><item title="POWER" value="12,8764" result="FAIL"></item><item title="LOLEAKAGE" value="-40,9042" result="PASS"></item><item title="SPECTRUMMASK" value="11,3075" result="PASS"></item><item title="SPECTRUMMARGIN" value="11,3075" result="PASS"></item></Record><Criteria><item title="Modulation" value="MCS8NSS1"></item><item title="Bandwidth" value="20"></item><item title="Antenna" value="1"></item><item title="Channel" value="52"></item><item title="RfIcTemperature" value="46"></item><item title="CpuTemperature" value="60"></item><item title="ExpectedPower" value="16"></item><item title="EVM" Max="-30" Min="-100"></item><item title="FREQERR" Max="15" Min="-15"></item><item title="SYMCLOCKERR" Max="20" Min="-100"></item><item title="POWER" Max="17,5" Min="14,5" Avg="16"></item><item title="LOLEAKAGE" Max="-17" Min="-100"></item><item title="SPECTRUMMASK" Max="100" Min="0"></item><item title="SPECTRUMMARGIN" Max="1000" Min="0"></item></Criteria><Record><item title="Modulation" value="MCS8NSS1"></item><item title="Bandwidth" value="20"></item><item title="Channel" value="52"></item><item title="Antenna" value="1"></item><item title="ExpectedPower" value="16"></item><item title="Power" value="16"></item><item title="TestType" value="Tx"></item><item title="EVM" value="-38,7204" result="PASS"></item><item title="FREQERR" value="-2,20564" result="PASS"></item><item title="SYMCLOCKERR" value="-2,85958" result="PASS"></item><item title="POWER" value="13,7379" result="FAIL"></item><item title="LOLEAKAGE" value="-40,5229" result="PASS"></item><item title="SPECTRUMMASK" value="12,776" result="PASS"></item><item title="SPECTRUMMARGIN" value="12,776" result="PASS"></item></Record><Criteria><item title="Modulation" value="MCS8NSS1"></item><item title="Bandwidth" value="20"></item><item title="Antenna" value="1"></item><item title="Channel" value="52"></item><item title="RfIcTemperature" value="46"></item><item title="CpuTemperature" value="60"></item><item title="ExpectedPower" value="17"></item><item title="EVM" Max="-30" Min="-100"></item><item title="FREQERR" Max="15" Min="-15"></item><item title="SYMCLOCKERR" Max="20" Min="-100"></item><item title="POWER" Max="18,5" Min="15,5" Avg="17"></item><item title="LOLEAKAGE" Max="-17" Min="-100"></item><item title="SPECTRUMMASK" Max="100" Min="0"></item><item title="SPECTRUMMARGIN" Max="1000" Min="0"></item></Criteria><Record><item title="Modulation" value="MCS8NSS1"></item><item title="Bandwidth" value="20"></item><item title="Channel" value="52"></item><item title="Antenna" value="1"></item><item title="ExpectedPower" value="17"></item><item title="Power" value="17"></item><item title="TestType" value="Tx"></item><item title="EVM" value="-38,3242" result="PASS"></item><item title="FREQERR" value="-2,20207" result="PASS"></item><item title="SYMCLOCKERR" value="-2,06505" result="PASS"></item><item title="POWER" value="14,7098" result="FAIL"></item><item title="LOLEAKAGE" value="-45,3618" result="PASS"></item><item title="SPECTRUMMASK" value="10,4534" result="PASS"></item><item title="SPECTRUMMARGIN" value="10,4534" result="PASS"></item></Record><Criteria><item title="Modulation" value="MCS8NSS1"></item><item title="Bandwidth" value="20"></item><item title="Antenna" value="1"></item><item title="Channel" value="52"></item><item title="RfIcTemperature" value="46"></item><item title="CpuTemperature" value="60"></item><item title="ExpectedPower" value="18"></item><item title="EVM" Max="-30" Min="-100"></item><item title="FREQERR" Max="15" Min="-15"></item><item title="SYMCLOCKERR" Max="20" Min="-100"></item><item title="POWER" Max="19,5" Min="16,5" Avg="18"></item><item title="LOLEAKAGE" Max="-17" Min="-100"></item><item title="SPECTRUMMASK" Max="100" Min="0"></item><item title="SPECTRUMMARGIN" Max="1000" Min="0"></item></Criteria><Record><item title="Modulation" value="MCS8NSS1"></item><item title="Bandwidth" value="20"></item><item title="Channel" value="52"></item><item title="Antenna" value="1"></item><item title="ExpectedPower" value="18"></item><item title="Power" value="18"></item><item title="TestType" value="Tx"></item><item title="EVM" value="-36,847" result="PASS"></item><item title="FREQERR" value="-2,2037" result="PASS"></item><item title="SYMCLOCKERR" value="-2,16929" result="PASS"></item><item title="POWER" value="16,0168" result="FAIL"></item><item title="LOLEAKAGE" value="-48,8321" result="PASS"></item><item title="SPECTRUMMASK" value="12,35" result="PASS"></item><item title="SPECTRUMMARGIN" value="12,35" result="PASS"></item></Record><Criteria><item title="Modulation" value="MCS8NSS1"></item><item title="Bandwidth" value="20"></item><item title="Antenna" value="1"></item><item title="Channel" value="52"></item><item title="RfIcTemperature" value="46"></item><item title="CpuTemperature" value="60"></item><item title="ExpectedPower" value="19"></item><item title="EVM" Max="-30" Min="-100"></item><item title="FREQERR" Max="15" Min="-15"></item><item title="SYMCLOCKERR" Max="20" Min="-100"></item><item title="POWER" Max="20,5" Min="17,5" Avg="19"></item><item title="LOLEAKAGE" Max="-17" Min="-100"></item><item title="SPECTRUMMASK" Max="100" Min="0"></item><item title="SPECTRUMMARGIN" Max="1000" Min="0"></item></Criteria><Record><item title="Modulation" value="MCS8NSS1"></item><item title="Bandwidth" value="20"></item><item title="Channel" value="52"></item><item title="Antenna" value="1"></item><item title="ExpectedPower" value="19"></item><item title="Power" value="19"></item><item title="TestType" value="Tx"></item><item title="EVM" value="-36,7557" result="PASS"></item><item title="FREQERR" value="-2,20248" result="PASS"></item><item title="SYMCLOCKERR" value="-1,98304" result="PASS"></item><item title="POWER" value="17,0008" result="FAIL"></item><item title="LOLEAKAGE" value="-51,135" result="PASS"></item><item title="SPECTRUMMASK" value="11,4186" result="PASS"></item><item title="SPECTRUMMARGIN" value="11,4186" result="PASS"></item></Record><Criteria><item title="Modulation" value="MCS8NSS1"></item><item title="Bandwidth" value="20"></item><item title="Antenna" value="1"></item><item title="Channel" value="52"></item><item title="RfIcTemperature" value="46"></item><item title="CpuTemperature" value="60"></item><item title="ExpectedPower" value="20"></item><item title="EVM" Max="-30" Min="-100"></item><item title="FREQERR" Max="15" Min="-15"></item><item title="SYMCLOCKERR" Max="20" Min="-100"></item><item title="POWER" Max="21,5" Min="18,5" Avg="20"></item><item title="LOLEAKAGE" Max="-17" Min="-100"></item><item title="SPECTRUMMASK" Max="100" Min="0"></item><item title="SPECTRUMMARGIN" Max="1000" Min="0"></item></Criteria><Record><item title="Modulation" value="MCS8NSS1"></item><item title="Bandwidth" value="20"></item><item title="Channel" value="52"></item><item title="Antenna" value="1"></item><item title="ExpectedPower" value="20"></item><item title="Power" value="20"></item><item title="TestType" value="Tx"></item><item title="EVM" value="-38,3976" result="PASS"></item><item title="FREQERR" value="-2,19969" result="PASS"></item><item title="SYMCLOCKERR" value="-2,08694" result="PASS"></item><item title="POWER" value="17,5321" result="FAIL"></item><item title="LOLEAKAGE" value="-46,6535" result="PASS"></item><item title="SPECTRUMMASK" value="11,6687" result="PASS"></item><item title="SPECTRUMMARGIN" value="11,6687" result="PASS"></item></Record><Criteria><item title="Modulation" value="MCS8NSS1"></item><item title="Bandwidth" value="20"></item><item title="Antenna" value="1"></item><item title="Channel" value="52"></item><item title="RfIcTemperature" value="46"></item><item title="CpuTemperature" value="60"></item><item title="ExpectedPower" value="21"></item><item title="EVM" Max="-30" Min="-100"></item><item title="FREQERR" Max="15" Min="-15"></item><item title="SYMCLOCKERR" Max="20" Min="-100"></item><item title="POWER" Max="22,5" Min="19,5" Avg="21"></item><item title="LOLEAKAGE" Max="-17" Min="-100"></item><item title="SPECTRUMMASK" Max="100" Min="0"></item><item title="SPECTRUMMARGIN" Max="1000" Min="0"></item></Criteria><Record><item title="Modulation" value="MCS8NSS1"></item><item title="Bandwidth" value="20"></item><item title="Channel" value="52"></item><item title="Antenna" value="1"></item><item title="ExpectedPower" value="21"></item><item title="Power" value="21"></item><item title="TestType" value="Tx"></item><item title="EVM" value="-37,1134" result="PASS"></item><item title="FREQERR" value="-2,20472" result="PASS"></item><item title="SYMCLOCKERR" value="-1,65451" result="PASS"></item><item title="POWER" value="18,8172" result="FAIL"></item><item title="LOLEAKAGE" value="-52,9377" result="PASS"></item><item title="SPECTRUMMASK" value="10,6587" result="PASS"></item><item title="SPECTRUMMARGIN" value="10,6587" result="PASS"></item></Record><Criteria><item title="Modulation" value="MCS8NSS1"></item><item title="Bandwidth" value="20"></item><item title="Antenna" value="1"></item><item title="Channel" value="52"></item><item title="RfIcTemperature" value="46"></item><item title="CpuTemperature" value="60"></item><item title="ExpectedPower" value="22"></item><item title="EVM" Max="-30" Min="-100"></item><item title="FREQERR" Max="15" Min="-15"></item><item title="SYMCLOCKERR" Max="20" Min="-100"></item><item title="POWER" Max="23,5" Min="20,5" Avg="22"></item><item title="LOLEAKAGE" Max="-17" Min="-100"></item><item title="SPECTRUMMASK" Max="100" Min="0"></item><item title="SPECTRUMMARGIN" Max="1000" Min="0"></item></Criteria><Record><item title="Modulation" value="MCS8NSS1"></item><item title="Bandwidth" value="20"></item><item title="Channel" value="52"></item><item title="Antenna" value="1"></item><item title="ExpectedPower" value="22"></item><item title="Power" value="22"></item><item title="TestType" value="Tx"></item><item title="EVM" value="-33,4863" result="PASS"></item><item title="FREQERR" value="-2,20311" result="PASS"></item><item title="SYMCLOCKERR" value="-2,6055" result="PASS"></item><item title="POWER" value="19,7913" result="FAIL"></item><item title="LOLEAKAGE" value="-49,6099" result="PASS"></item><item title="SPECTRUMMASK" value="12,0905" result="PASS"></item><item title="SPECTRUMMARGIN" value="12,0905" result="PASS"></item></Record><Criteria><item title="Modulation" value="MCS8NSS1"></item><item title="Bandwidth" value="20"></item><item title="Antenna" value="1"></item><item title="Channel" value="52"></item><item title="RfIcTemperature" value="46"></item><item title="CpuTemperature" value="60"></item><item title="ExpectedPower" value="23"></item><item title="EVM" Max="-30" Min="-100"></item><item title="FREQERR" Max="15" Min="-15"></item><item title="SYMCLOCKERR" Max="20" Min="-100"></item><item title="POWER" Max="24,5" Min="21,5" Avg="23"></item><item title="LOLEAKAGE" Max="-17" Min="-100"></item><item title="SPECTRUMMASK" Max="100" Min="0"></item><item title="SPECTRUMMARGIN" Max="1000" Min="0"></item></Criteria><Record><item title="Modulation" value="MCS8NSS1"></item><item title="Bandwidth" value="20"></item><item title="Channel" value="52"></item><item title="Antenna" value="1"></item><item title="ExpectedPower" value="23"></item><item title="Power" value="23"></item><item title="TestType" value="Tx"></item><item title="EVM" value="-29,6965" result="FAIL"></item><item title="FREQERR" value="-2,2026" result="PASS"></item><item title="SYMCLOCKERR" value="-2,52082" result="PASS"></item><item title="POWER" value="20,6314" result="FAIL"></item><item title="LOLEAKAGE" value="-52,5073" result="PASS"></item><item title="SPECTRUMMASK" value="10,8244" result="PASS"></item><item title="SPECTRUMMARGIN" value="10,8244" result="PASS"></item></Record><Criteria><item title="Modulation" value="MCS8NSS1"></item><item title="Bandwidth" value="20"></item><item title="Antenna" value="1"></item><item title="Channel" value="52"></item><item title="RfIcTemperature" value="46"></item><item title="CpuTemperature" value="60"></item><item title="ExpectedPower" value="24"></item><item title="EVM" Max="-30" Min="-100"></item><item title="FREQERR" Max="15" Min="-15"></item><item title="SYMCLOCKERR" Max="20" Min="-100"></item><item title="POWER" Max="25,5" Min="22,5" Avg="24"></item><item title="LOLEAKAGE" Max="-17" Min="-100"></item><item title="SPECTRUMMASK" Max="100" Min="0"></item><item title="SPECTRUMMARGIN" Max="1000" Min="0"></item></Criteria><Record><item title="Modulation" value="MCS8NSS1"></item><item title="Bandwidth" value="20"></item><item title="Channel" value="52"></item><item title="Antenna" value="1"></item><item title="ExpectedPower" value="24"></item><item title="Power" value="24"></item><item title="TestType" value="Tx"></item><item title="EVM" value="-26,1714" result="FAIL"></item><item title="FREQERR" value="-2,20436" result="PASS"></item><item title="SYMCLOCKERR" value="-1,84745" result="PASS"></item><item title="POWER" value="21,6398" result="FAIL"></item><item title="LOLEAKAGE" value="-48,5125" result="PASS"></item><item title="SPECTRUMMASK" value="8,78204" result="PASS"></item><item title="SPECTRUMMARGIN" value="8,78204" result="PASS"></item></Record><Criteria><item title="Modulation" value="MCS8NSS1"></item><item title="Bandwidth" value="20"></item><item title="Antenna" value="1"></item><item title="Channel" value="52"></item><item title="RfIcTemperature" value="46"></item><item title="CpuTemperature" value="60"></item><item title="ExpectedPower" value="25"></item><item title="EVM" Max="-30" Min="-100"></item><item title="FREQERR" Max="15" Min="-15"></item><item title="SYMCLOCKERR" Max="20" Min="-100"></item><item title="POWER" Max="26,5" Min="23,5" Avg="25"></item><item title="LOLEAKAGE" Max="-17" Min="-100"></item><item title="SPECTRUMMASK" Max="100" Min="0"></item><item title="SPECTRUMMARGIN" Max="1000" Min="0"></item></Criteria><Record><item title="Modulation" value="MCS8NSS1"></item><item title="Bandwidth" value="20"></item><item title="Channel" value="52"></item><item title="Antenna" value="1"></item><item title="ExpectedPower" value="25"></item><item title="Power" value="25"></item><item title="TestType" value="Tx"></item><item title="EVM" value="-23,8991" result="FAIL"></item><item title="FREQERR" value="-2,20516" result="PASS"></item><item title="SYMCLOCKERR" value="-4,03202" result="PASS"></item><item title="POWER" value="22,6585" result="FAIL"></item><item title="LOLEAKAGE" value="-46,0989" result="PASS"></item><item title="SPECTRUMMASK" value="4,88361" result="PASS"></item><item title="SPECTRUMMARGIN" value="4,88361" result="PASS"></item></Record><Criteria><item title="Modulation" value="MCS8NSS1"></item><item title="Bandwidth" value="20"></item><item title="Antenna" value="2"></item><item title="Channel" value="52"></item><item title="RfIcTemperature" value="46"></item><item title="CpuTemperature" value="60"></item><item title="ExpectedPower" value="10"></item><item title="EVM" Max="-30" Min="-100"></item><item title="FREQERR" Max="15" Min="-15"></item><item title="SYMCLOCKERR" Max="20" Min="-100"></item><item title="POWER" Max="11,5" Min="8,5" Avg="10"></item><item title="LOLEAKAGE" Max="-17" Min="-100"></item><item title="SPECTRUMMASK" Max="100" Min="0"></item><item title="SPECTRUMMARGIN" Max="1000" Min="0"></item></Criteria><Record><item title="Modulation" value="MCS8NSS1"></item><item title="Bandwidth" value="20"></item><item title="Channel" value="52"></item><item title="Antenna" value="2"></item><item title="ExpectedPower" value="10"></item><item title="Power" value="10"></item><item title="TestType" value="Tx"></item><item title="EVM" value="-38,5655" result="PASS"></item><item title="FREQERR" value="-2,19667" result="PASS"></item><item title="SYMCLOCKERR" value="-2,08237" result="PASS"></item><item title="POWER" value="8,41362" result="FAIL"></item><item title="LOLEAKAGE" value="-30,0289" result="PASS"></item><item title="SPECTRUMMASK" value="11,1331" result="PASS"></item><item title="SPECTRUMMARGIN" value="11,1331" result="PASS"></item></Record><Criteria><item title="Modulation" value="MCS8NSS1"></item><item title="Bandwidth" value="20"></item><item title="Antenna" value="2"></item><item title="Channel" value="52"></item><item title="RfIcTemperature" value="46"></item><item title="CpuTemperature" value="60"></item><item title="ExpectedPower" value="11"></item><item title="EVM" Max="-30" Min="-100"></item><item title="FREQERR" Max="15" Min="-15"></item><item title="SYMCLOCKERR" Max="20" Min="-100"></item><item title="POWER" Max="12,5" Min="9,5" Avg="11"></item><item title="LOLEAKAGE" Max="-17" Min="-100"></item><item title="SPECTRUMMASK" Max="100" Min="0"></item><item title="SPECTRUMMARGIN" Max="1000" Min="0"></item></Criteria><Record><item title="Modulation" value="MCS8NSS1"></item><item title="Bandwidth" value="20"></item><item title="Channel" value="52"></item><item title="Antenna" value="2"></item><item title="ExpectedPower" value="11"></item><item title="Power" value="11"></item><item title="TestType" value="Tx"></item><item title="EVM" value="-38,2431" result="PASS"></item><item title="FREQERR" value="-2,19685" result="PASS"></item><item title="SYMCLOCKERR" value="-1,90443" result="PASS"></item><item title="POWER" value="9,47231" result="FAIL"></item><item title="LOLEAKAGE" value="-35,8951" result="PASS"></item><item title="SPECTRUMMASK" value="11,3092" result="PASS"></item><item title="SPECTRUMMARGIN" value="11,3092" result="PASS"></item></Record><Criteria><item title="Modulation" value="MCS8NSS1"></item><item title="Bandwidth" value="20"></item><item title="Antenna" value="2"></item><item title="Channel" value="52"></item><item title="RfIcTemperature" value="46"></item><item title="CpuTemperature" value="60"></item><item title="ExpectedPower" value="12"></item><item title="EVM" Max="-30" Min="-100"></item><item title="FREQERR" Max="15" Min="-15"></item><item title="SYMCLOCKERR" Max="20" Min="-100"></item><item title="POWER" Max="13,5" Min="10,5" Avg="12"></item><item title="LOLEAKAGE" Max="-17" Min="-100"></item><item title="SPECTRUMMASK" Max="100" Min="0"></item><item title="SPECTRUMMARGIN" Max="1000" Min="0"></item></Criteria><Record><item title="Modulation" value="MCS8NSS1"></item><item title="Bandwidth" value="20"></item><item title="Channel" value="52"></item><item title="Antenna" value="2"></item><item title="ExpectedPower" value="12"></item><item title="Power" value="12"></item><item title="TestType" value="Tx"></item><item title="EVM" value="-38,1135" result="PASS"></item><item title="FREQERR" value="-2,19492" result="PASS"></item><item title="SYMCLOCKERR" value="-1,9697" result="PASS"></item><item title="POWER" value="10,3566" result="FAIL"></item><item title="LOLEAKAGE" value="-36,5739" result="PASS"></item><item title="SPECTRUMMASK" value="11,746" result="PASS"></item><item title="SPECTRUMMARGIN" value="11,746" result="PASS"></item></Record><Criteria><item title="Modulation" value="MCS8NSS1"></item><item title="Bandwidth" value="20"></item><item title="Antenna" value="2"></item><item title="Channel" value="52"></item><item title="RfIcTemperature" value="46"></item><item title="CpuTemperature" value="60"></item><item title="ExpectedPower" value="13"></item><item title="EVM" Max="-30" Min="-100"></item><item title="FREQERR" Max="15" Min="-15"></item><item title="SYMCLOCKERR" Max="20" Min="-100"></item><item title="POWER" Max="14,5" Min="11,5" Avg="13"></item><item title="LOLEAKAGE" Max="-17" Min="-100"></item><item title="SPECTRUMMASK" Max="100" Min="0"></item><item title="SPECTRUMMARGIN" Max="1000" Min="0"></item></Criteria><Record><item title="Modulation" value="MCS8NSS1"></item><item title="Bandwidth" value="20"></item><item title="Channel" value="52"></item><item title="Antenna" value="2"></item><item title="ExpectedPower" value="13"></item><item title="Power" value="13"></item><item title="TestType" value="Tx"></item><item title="EVM" value="-36,9578" result="PASS"></item><item title="FREQERR" value="-2,19381" result="PASS"></item><item title="SYMCLOCKERR" value="-1,80192" result="PASS"></item><item title="POWER" value="11,5421" result="PASS"></item><item title="LOLEAKAGE" value="-35,1853" result="PASS"></item><item title="SPECTRUMMASK" value="11,4805" result="PASS"></item><item title="SPECTRUMMARGIN" value="11,4805" result="PASS"></item></Record><Criteria><item title="Modulation" value="MCS8NSS1"></item><item title="Bandwidth" value="20"></item><item title="Antenna" value="2"></item><item title="Channel" value="52"></item><item title="RfIcTemperature" value="46"></item><item title="CpuTemperature" value="60"></item><item title="ExpectedPower" value="14"></item><item title="EVM" Max="-30" Min="-100"></item><item title="FREQERR" Max="15" Min="-15"></item><item title="SYMCLOCKERR" Max="20" Min="-100"></item><item title="POWER" Max="15,5" Min="12,5" Avg="14"></item><item title="LOLEAKAGE" Max="-17" Min="-100"></item><item title="SPECTRUMMASK" Max="100" Min="0"></item><item title="SPECTRUMMARGIN" Max="1000" Min="0"></item></Criteria><Record><item title="Modulation" value="MCS8NSS1"></item><item title="Bandwidth" value="20"></item><item title="Channel" value="52"></item><item title="Antenna" value="2"></item><item title="ExpectedPower" value="14"></item><item title="Power" value="14"></item><item title="TestType" value="Tx"></item><item title="EVM" value="-37,1842" result="PASS"></item><item title="FREQERR" value="-2,19209" result="PASS"></item><item title="SYMCLOCKERR" value="-2,19809" result="PASS"></item><item title="POWER" value="12,4456" result="FAIL"></item><item title="LOLEAKAGE" value="-35,9625" result="PASS"></item><item title="SPECTRUMMASK" value="11,4891" result="PASS"></item><item title="SPECTRUMMARGIN" value="11,4891" result="PASS"></item></Record><Criteria><item title="Modulation" value="MCS8NSS1"></item><item title="Bandwidth" value="20"></item><item title="Antenna" value="2"></item><item title="Channel" value="52"></item><item title="RfIcTemperature" value="46"></item><item title="CpuTemperature" value="60"></item><item title="ExpectedPower" value="15"></item><item title="EVM" Max="-30" Min="-100"></item><item title="FREQERR" Max="15" Min="-15"></item><item title="SYMCLOCKERR" Max="20" Min="-100"></item><item title="POWER" Max="16,5" Min="13,5" Avg="15"></item><item title="LOLEAKAGE" Max="-17" Min="-100"></item><item title="SPECTRUMMASK" Max="100" Min="0"></item><item title="SPECTRUMMARGIN" Max="1000" Min="0"></item></Criteria><Record><item title="Modulation" value="MCS8NSS1"></item><item title="Bandwidth" value="20"></item><item title="Channel" value="52"></item><item title="Antenna" value="2"></item><item title="ExpectedPower" value="15"></item><item title="Power" value="15"></item><item title="TestType" value="Tx"></item><item title="EVM" value="-36,9863" result="PASS"></item><item title="FREQERR" value="-2,18814" result="PASS"></item><item title="SYMCLOCKERR" value="-2,70698" result="PASS"></item><item title="POWER" value="13,739" result="PASS"></item><item title="LOLEAKAGE" value="-38,0881" result="PASS"></item><item title="SPECTRUMMASK" value="11,6173" result="PASS"></item><item title="SPECTRUMMARGIN" value="11,6173" result="PASS"></item></Record><Criteria><item title="Modulation" value="MCS8NSS1"></item><item title="Bandwidth" value="20"></item><item title="Antenna" value="2"></item><item title="Channel" value="52"></item><item title="RfIcTemperature" value="46"></item><item title="CpuTemperature" value="60"></item><item title="ExpectedPower" value="16"></item><item title="EVM" Max="-30" Min="-100"></item><item title="FREQERR" Max="15" Min="-15"></item><item title="SYMCLOCKERR" Max="20" Min="-100"></item><item title="POWER" Max="17,5" Min="14,5" Avg="16"></item><item title="LOLEAKAGE" Max="-17" Min="-100"></item><item title="SPECTRUMMASK" Max="100" Min="0"></item><item title="SPECTRUMMARGIN" Max="1000" Min="0"></item></Criteria><Record><item title="Modulation" value="MCS8NSS1"></item><item title="Bandwidth" value="20"></item><item title="Channel" value="52"></item><item title="Antenna" value="2"></item><item title="ExpectedPower" value="16"></item><item title="Power" value="16"></item><item title="TestType" value="Tx"></item><item title="EVM" value="-37,5372" result="PASS"></item><item title="FREQERR" value="-2,19043" result="PASS"></item><item title="SYMCLOCKERR" value="-1,91914" result="PASS"></item><item title="POWER" value="14,4442" result="FAIL"></item><item title="LOLEAKAGE" value="-41,771" result="PASS"></item><item title="SPECTRUMMASK" value="11,9729" result="PASS"></item><item title="SPECTRUMMARGIN" value="11,9729" result="PASS"></item></Record><Criteria><item title="Modulation" value="MCS8NSS1"></item><item title="Bandwidth" value="20"></item><item title="Antenna" value="2"></item><item title="Channel" value="52"></item><item title="RfIcTemperature" value="46"></item><item title="CpuTemperature" value="60"></item><item title="ExpectedPower" value="17"></item><item title="EVM" Max="-30" Min="-100"></item><item title="FREQERR" Max="15" Min="-15"></item><item title="SYMCLOCKERR" Max="20" Min="-100"></item><item title="POWER" Max="18,5" Min="15,5" Avg="17"></item><item title="LOLEAKAGE" Max="-17" Min="-100"></item><item title="SPECTRUMMASK" Max="100" Min="0"></item><item title="SPECTRUMMARGIN" Max="1000" Min="0"></item></Criteria><Record><item title="Modulation" value="MCS8NSS1"></item><item title="Bandwidth" value="20"></item><item title="Channel" value="52"></item><item title="Antenna" value="2"></item><item title="ExpectedPower" value="17"></item><item title="Power" value="17"></item><item title="TestType" value="Tx"></item><item title="EVM" value="-36,1041" result="PASS"></item><item title="FREQERR" value="-2,19434" result="PASS"></item><item title="SYMCLOCKERR" value="-2,18154" result="PASS"></item><item title="POWER" value="15,4579" result="FAIL"></item><item title="LOLEAKAGE" value="-44,4694" result="PASS"></item><item title="SPECTRUMMASK" value="11,4873" result="PASS"></item><item title="SPECTRUMMARGIN" value="11,4873" result="PASS"></item></Record><Criteria><item title="Modulation" value="MCS8NSS1"></item><item title="Bandwidth" value="20"></item><item title="Antenna" value="2"></item><item title="Channel" value="52"></item><item title="RfIcTemperature" value="46"></item><item title="CpuTemperature" value="60"></item><item title="ExpectedPower" value="18"></item><item title="EVM" Max="-30" Min="-100"></item><item title="FREQERR" Max="15" Min="-15"></item><item title="SYMCLOCKERR" Max="20" Min="-100"></item><item title="POWER" Max="19,5" Min="16,5" Avg="18"></item><item title="LOLEAKAGE" Max="-17" Min="-100"></item><item title="SPECTRUMMASK" Max="100" Min="0"></item><item title="SPECTRUMMARGIN" Max="1000" Min="0"></item></Criteria><Record><item title="Modulation" value="MCS8NSS1"></item><item title="Bandwidth" value="20"></item><item title="Channel" value="52"></item><item title="Antenna" value="2"></item><item title="ExpectedPower" value="18"></item><item title="Power" value="18"></item><item title="TestType" value="Tx"></item><item title="EVM" value="-36,6057" result="PASS"></item><item title="FREQERR" value="-2,19169" result="PASS"></item><item title="SYMCLOCKERR" value="-2,68883" result="PASS"></item><item title="POWER" value="16,6318" result="PASS"></item><item title="LOLEAKAGE" value="-42,8435" result="PASS"></item><item title="SPECTRUMMASK" value="11,5668" result="PASS"></item><item title="SPECTRUMMARGIN" value="11,5668" result="PASS"></item></Record><Criteria><item title="Modulation" value="MCS8NSS1"></item><item title="Bandwidth" value="20"></item><item title="Antenna" value="2"></item><item title="Channel" value="52"></item><item title="RfIcTemperature" value="46"></item><item title="CpuTemperature" value="60"></item><item title="ExpectedPower" value="19"></item><item title="EVM" Max="-30" Min="-100"></item><item title="FREQERR" Max="15" Min="-15"></item><item title="SYMCLOCKERR" Max="20" Min="-100"></item><item title="POWER" Max="20,5" Min="17,5" Avg="19"></item><item title="LOLEAKAGE" Max="-17" Min="-100"></item><item title="SPECTRUMMASK" Max="100" Min="0"></item><item title="SPECTRUMMARGIN" Max="1000" Min="0"></item></Criteria><Record><item title="Modulation" value="MCS8NSS1"></item><item title="Bandwidth" value="20"></item><item title="Channel" value="52"></item><item title="Antenna" value="2"></item><item title="ExpectedPower" value="19"></item><item title="Power" value="19"></item><item title="TestType" value="Tx"></item><item title="EVM" value="-35,9092" result="PASS"></item><item title="FREQERR" value="-2,18876" result="PASS"></item><item title="SYMCLOCKERR" value="-2,10834" result="PASS"></item><item title="POWER" value="17,5447" result="PASS"></item><item title="LOLEAKAGE" value="-58,6105" result="PASS"></item><item title="SPECTRUMMASK" value="11,7228" result="PASS"></item><item title="SPECTRUMMARGIN" value="11,7228" result="PASS"></item></Record><Criteria><item title="Modulation" value="MCS8NSS1"></item><item title="Bandwidth" value="20"></item><item title="Antenna" value="2"></item><item title="Channel" value="52"></item><item title="RfIcTemperature" value="46"></item><item title="CpuTemperature" value="60"></item><item title="ExpectedPower" value="20"></item><item title="EVM" Max="-30" Min="-100"></item><item title="FREQERR" Max="15" Min="-15"></item><item title="SYMCLOCKERR" Max="20" Min="-100"></item><item title="POWER" Max="21,5" Min="18,5" Avg="20"></item><item title="LOLEAKAGE" Max="-17" Min="-100"></item><item title="SPECTRUMMASK" Max="100" Min="0"></item><item title="SPECTRUMMARGIN" Max="1000" Min="0"></item></Criteria><Record><item title="Modulation" value="MCS8NSS1"></item><item title="Bandwidth" value="20"></item><item title="Channel" value="52"></item><item title="Antenna" value="2"></item><item title="ExpectedPower" value="20"></item><item title="Power" value="20"></item><item title="TestType" value="Tx"></item><item title="EVM" value="-35,2615" result="PASS"></item><item title="FREQERR" value="-2,18876" result="PASS"></item><item title="SYMCLOCKERR" value="-2,59725" result="PASS"></item><item title="POWER" value="18,5527" result="PASS"></item><item title="LOLEAKAGE" value="-55,2524" result="PASS"></item><item title="SPECTRUMMASK" value="11,6591" result="PASS"></item><item title="SPECTRUMMARGIN" value="11,6591" result="PASS"></item></Record><Criteria><item title="Modulation" value="MCS8NSS1"></item><item title="Bandwidth" value="20"></item><item title="Antenna" value="2"></item><item title="Channel" value="52"></item><item title="RfIcTemperature" value="46"></item><item title="CpuTemperature" value="60"></item><item title="ExpectedPower" value="21"></item><item title="EVM" Max="-30" Min="-100"></item><item title="FREQERR" Max="15" Min="-15"></item><item title="SYMCLOCKERR" Max="20" Min="-100"></item><item title="POWER" Max="22,5" Min="19,5" Avg="21"></item><item title="LOLEAKAGE" Max="-17" Min="-100"></item><item title="SPECTRUMMASK" Max="100" Min="0"></item><item title="SPECTRUMMARGIN" Max="1000" Min="0"></item></Criteria><Record><item title="Modulation" value="MCS8NSS1"></item><item title="Bandwidth" value="20"></item><item title="Channel" value="52"></item><item title="Antenna" value="2"></item><item title="ExpectedPower" value="21"></item><item title="Power" value="21"></item><item title="TestType" value="Tx"></item><item title="EVM" value="-34,333" result="PASS"></item><item title="FREQERR" value="-2,19366" result="PASS"></item><item title="SYMCLOCKERR" value="-2,41497" result="PASS"></item><item title="POWER" value="19,6144" result="PASS"></item><item title="LOLEAKAGE" value="-66,0349" result="PASS"></item><item title="SPECTRUMMASK" value="13,4535" result="PASS"></item><item title="SPECTRUMMARGIN" value="13,4535" result="PASS"></item></Record><Criteria><item title="Modulation" value="MCS8NSS1"></item><item title="Bandwidth" value="20"></item><item title="Antenna" value="2"></item><item title="Channel" value="52"></item><item title="RfIcTemperature" value="46"></item><item title="CpuTemperature" value="60"></item><item title="ExpectedPower" value="22"></item><item title="EVM" Max="-30" Min="-100"></item><item title="FREQERR" Max="15" Min="-15"></item><item title="SYMCLOCKERR" Max="20" Min="-100"></item><item title="POWER" Max="23,5" Min="20,5" Avg="22"></item><item title="LOLEAKAGE" Max="-17" Min="-100"></item><item title="SPECTRUMMASK" Max="100" Min="0"></item><item title="SPECTRUMMARGIN" Max="1000" Min="0"></item></Criteria><Record><item title="Modulation" value="MCS8NSS1"></item><item title="Bandwidth" value="20"></item><item title="Channel" value="52"></item><item title="Antenna" value="2"></item><item title="ExpectedPower" value="22"></item><item title="Power" value="22"></item><item title="TestType" value="Tx"></item><item title="EVM" value="-33,0213" result="PASS"></item><item title="FREQERR" value="-2,189" result="PASS"></item><item title="SYMCLOCKERR" value="-1,95132" result="PASS"></item><item title="POWER" value="20,5119" result="PASS"></item><item title="LOLEAKAGE" value="-53,2334" result="PASS"></item><item title="SPECTRUMMASK" value="11,9013" result="PASS"></item><item title="SPECTRUMMARGIN" value="11,9013" result="PASS"></item></Record><Criteria><item title="Modulation" value="MCS8NSS1"></item><item title="Bandwidth" value="20"></item><item title="Antenna" value="2"></item><item title="Channel" value="52"></item><item title="RfIcTemperature" value="46"></item><item title="CpuTemperature" value="60"></item><item title="ExpectedPower" value="23"></item><item title="EVM" Max="-30" Min="-100"></item><item title="FREQERR" Max="15" Min="-15"></item><item title="SYMCLOCKERR" Max="20" Min="-100"></item><item title="POWER" Max="24,5" Min="21,5" Avg="23"></item><item title="LOLEAKAGE" Max="-17" Min="-100"></item><item title="SPECTRUMMASK" Max="100" Min="0"></item><item title="SPECTRUMMARGIN" Max="1000" Min="0"></item></Criteria><Record><item title="Modulation" value="MCS8NSS1"></item><item title="Bandwidth" value="20"></item><item title="Channel" value="52"></item><item title="Antenna" value="2"></item><item title="ExpectedPower" value="23"></item><item title="Power" value="23"></item><item title="TestType" value="Tx"></item><item title="EVM" value="-29,4759" result="FAIL"></item><item title="FREQERR" value="-2,19106" result="PASS"></item><item title="SYMCLOCKERR" value="-1,45077" result="PASS"></item><item title="POWER" value="21,6822" result="PASS"></item><item title="LOLEAKAGE" value="-49,5237" result="PASS"></item><item title="SPECTRUMMASK" value="11,6199" result="PASS"></item><item title="SPECTRUMMARGIN" value="11,6199" result="PASS"></item></Record><Criteria><item title="Modulation" value="MCS8NSS1"></item><item title="Bandwidth" value="20"></item><item title="Antenna" value="2"></item><item title="Channel" value="52"></item><item title="RfIcTemperature" value="46"></item><item title="CpuTemperature" value="60"></item><item title="ExpectedPower" value="24"></item><item title="EVM" Max="-30" Min="-100"></item><item title="FREQERR" Max="15" Min="-15"></item><item title="SYMCLOCKERR" Max="20" Min="-100"></item><item title="POWER" Max="25,5" Min="22,5" Avg="24"></item><item title="LOLEAKAGE" Max="-17" Min="-100"></item><item title="SPECTRUMMASK" Max="100" Min="0"></item><item title="SPECTRUMMARGIN" Max="1000" Min="0"></item></Criteria><Record><item title="Modulation" value="MCS8NSS1"></item><item title="Bandwidth" value="20"></item><item title="Channel" value="52"></item><item title="Antenna" value="2"></item><item title="ExpectedPower" value="24"></item><item title="Power" value="24"></item><item title="TestType" value="Tx"></item><item title="EVM" value="-26,0295" result="FAIL"></item><item title="FREQERR" value="-2,18727" result="PASS"></item><item title="SYMCLOCKERR" value="-4,3568" result="PASS"></item><item title="POWER" value="22,5529" result="PASS"></item><item title="LOLEAKAGE" value="-46,8083" result="PASS"></item><item title="SPECTRUMMASK" value="9,57026" result="PASS"></item><item title="SPECTRUMMARGIN" value="9,57026" result="PASS"></item></Record><Criteria><item title="Modulation" value="MCS8NSS1"></item><item title="Bandwidth" value="20"></item><item title="Antenna" value="2"></item><item title="Channel" value="52"></item><item title="RfIcTemperature" value="46"></item><item title="CpuTemperature" value="60"></item><item title="ExpectedPower" value="25"></item><item title="EVM" Max="-30" Min="-100"></item><item title="FREQERR" Max="15" Min="-15"></item><item title="SYMCLOCKERR" Max="20" Min="-100"></item><item title="POWER" Max="26,5" Min="23,5" Avg="25"></item><item title="LOLEAKAGE" Max="-17" Min="-100"></item><item title="SPECTRUMMASK" Max="100" Min="0"></item><item title="SPECTRUMMARGIN" Max="1000" Min="0"></item></Criteria><Record><item title="Modulation" value="MCS8NSS1"></item><item title="Bandwidth" value="20"></item><item title="Channel" value="52"></item><item title="Antenna" value="2"></item><item title="ExpectedPower" value="25"></item><item title="Power" value="25"></item><item title="TestType" value="Tx"></item><item title="EVM" value="-23,8253" result="FAIL"></item><item title="FREQERR" value="-2,19553" result="PASS"></item><item title="SYMCLOCKERR" value="-4,70023" result="PASS"></item><item title="POWER" value="23,6218" result="PASS"></item><item title="LOLEAKAGE" value="-42,0763" result="PASS"></item><item title="SPECTRUMMASK" value="5,58453" result="PASS"></item><item title="SPECTRUMMARGIN" value="5,58453" result="PASS"></item></Record><Criteria><item title="Modulation" value="MCS8NSS1"></item><item title="Bandwidth" value="20"></item><item title="Antenna" value="3"></item><item title="Channel" value="52"></item><item title="RfIcTemperature" value="46"></item><item title="CpuTemperature" value="60"></item><item title="ExpectedPower" value="10"></item><item title="EVM" Max="-30" Min="-100"></item><item title="FREQERR" Max="15" Min="-15"></item><item title="SYMCLOCKERR" Max="20" Min="-100"></item><item title="POWER" Max="11,5" Min="8,5" Avg="10"></item><item title="LOLEAKAGE" Max="-17" Min="-100"></item><item title="SPECTRUMMASK" Max="100" Min="0"></item><item title="SPECTRUMMARGIN" Max="1000" Min="0"></item></Criteria><Record><item title="Modulation" value="MCS8NSS1"></item><item title="Bandwidth" value="20"></item><item title="Channel" value="52"></item><item title="Antenna" value="3"></item><item title="ExpectedPower" value="10"></item><item title="Power" value="10"></item><item title="TestType" value="Tx"></item><item title="EVM" value="-39,9947" result="PASS"></item><item title="FREQERR" value="-2,20417" result="PASS"></item><item title="SYMCLOCKERR" value="-2,16177" result="PASS"></item><item title="POWER" value="6,99616" result="FAIL"></item><item title="LOLEAKAGE" value="-27,0874" result="PASS"></item><item title="SPECTRUMMASK" value="12,7729" result="PASS"></item><item title="SPECTRUMMARGIN" value="12,7729" result="PASS"></item></Record><Criteria><item title="Modulation" value="MCS8NSS1"></item><item title="Bandwidth" value="20"></item><item title="Antenna" value="3"></item><item title="Channel" value="52"></item><item title="RfIcTemperature" value="46"></item><item title="CpuTemperature" value="60"></item><item title="ExpectedPower" value="11"></item><item title="EVM" Max="-30" Min="-100"></item><item title="FREQERR" Max="15" Min="-15"></item><item title="SYMCLOCKERR" Max="20" Min="-100"></item><item title="POWER" Max="12,5" Min="9,5" Avg="11"></item><item title="LOLEAKAGE" Max="-17" Min="-100"></item><item title="SPECTRUMMASK" Max="100" Min="0"></item><item title="SPECTRUMMARGIN" Max="1000" Min="0"></item></Criteria><Record><item title="Modulation" value="MCS8NSS1"></item><item title="Bandwidth" value="20"></item><item title="Channel" value="52"></item><item title="Antenna" value="3"></item><item title="ExpectedPower" value="11"></item><item title="Power" value="11"></item><item title="TestType" value="Tx"></item><item title="EVM" value="-37,2135" result="PASS"></item><item title="FREQERR" value="-2,20129" result="PASS"></item><item title="SYMCLOCKERR" value="-2,12054" result="PASS"></item><item title="POWER" value="8,26926" result="FAIL"></item><item title="LOLEAKAGE" value="-27,152" result="PASS"></item><item title="SPECTRUMMASK" value="11,6032" result="PASS"></item><item title="SPECTRUMMARGIN" value="11,6032" result="PASS"></item></Record><Criteria><item title="Modulation" value="MCS8NSS1"></item><item title="Bandwidth" value="20"></item><item title="Antenna" value="3"></item><item title="Channel" value="52"></item><item title="RfIcTemperature" value="46"></item><item title="CpuTemperature" value="60"></item><item title="ExpectedPower" value="12"></item><item title="EVM" Max="-30" Min="-100"></item><item title="FREQERR" Max="15" Min="-15"></item><item title="SYMCLOCKERR" Max="20" Min="-100"></item><item title="POWER" Max="13,5" Min="10,5" Avg="12"></item><item title="LOLEAKAGE" Max="-17" Min="-100"></item><item title="SPECTRUMMASK" Max="100" Min="0"></item><item title="SPECTRUMMARGIN" Max="1000" Min="0"></item></Criteria><Record><item title="Modulation" value="MCS8NSS1"></item><item title="Bandwidth" value="20"></item><item title="Channel" value="52"></item><item title="Antenna" value="3"></item><item title="ExpectedPower" value="12"></item><item title="Power" value="12"></item><item title="TestType" value="Tx"></item><item title="EVM" value="-39,6755" result="PASS"></item><item title="FREQERR" value="-2,19941" result="PASS"></item><item title="SYMCLOCKERR" value="-1,80561" result="PASS"></item><item title="POWER" value="9,72043" result="FAIL"></item><item title="LOLEAKAGE" value="-31,5328" result="PASS"></item><item title="SPECTRUMMASK" value="10,9783" result="PASS"></item><item title="SPECTRUMMARGIN" value="10,9783" result="PASS"></item></Record><Criteria><item title="Modulation" value="MCS8NSS1"></item><item title="Bandwidth" value="20"></item><item title="Antenna" value="3"></item><item title="Channel" value="52"></item><item title="RfIcTemperature" value="46"></item><item title="CpuTemperature" value="60"></item><item title="ExpectedPower" value="13"></item><item title="EVM" Max="-30" Min="-100"></item><item title="FREQERR" Max="15" Min="-15"></item><item title="SYMCLOCKERR" Max="20" Min="-100"></item><item title="POWER" Max="14,5" Min="11,5" Avg="13"></item><item title="LOLEAKAGE" Max="-17" Min="-100"></item><item title="SPECTRUMMASK" Max="100" Min="0"></item><item title="SPECTRUMMARGIN" Max="1000" Min="0"></item></Criteria><Record><item title="Modulation" value="MCS8NSS1"></item><item title="Bandwidth" value="20"></item><item title="Channel" value="52"></item><item title="Antenna" value="3"></item><item title="ExpectedPower" value="13"></item><item title="Power" value="13"></item><item title="TestType" value="Tx"></item><item title="EVM" value="-36,1546" result="PASS"></item><item title="FREQERR" value="-2,19585" result="PASS"></item><item title="SYMCLOCKERR" value="-2,06151" result="PASS"></item><item title="POWER" value="10,8476" result="FAIL"></item><item title="LOLEAKAGE" value="-32,2729" result="PASS"></item><item title="SPECTRUMMASK" value="12,957" result="PASS"></item><item title="SPECTRUMMARGIN" value="12,957" result="PASS"></item></Record><Criteria><item title="Modulation" value="MCS8NSS1"></item><item title="Bandwidth" value="20"></item><item title="Antenna" value="3"></item><item title="Channel" value="52"></item><item title="RfIcTemperature" value="46"></item><item title="CpuTemperature" value="60"></item><item title="ExpectedPower" value="14"></item><item title="EVM" Max="-30" Min="-100"></item><item title="FREQERR" Max="15" Min="-15"></item><item title="SYMCLOCKERR" Max="20" Min="-100"></item><item title="POWER" Max="15,5" Min="12,5" Avg="14"></item><item title="LOLEAKAGE" Max="-17" Min="-100"></item><item title="SPECTRUMMASK" Max="100" Min="0"></item><item title="SPECTRUMMARGIN" Max="1000" Min="0"></item></Criteria><Record><item title="Modulation" value="MCS8NSS1"></item><item title="Bandwidth" value="20"></item><item title="Channel" value="52"></item><item title="Antenna" value="3"></item><item title="ExpectedPower" value="14"></item><item title="Power" value="14"></item><item title="TestType" value="Tx"></item><item title="EVM" value="-36,7186" result="PASS"></item><item title="FREQERR" value="-2,19155" result="PASS"></item><item title="SYMCLOCKERR" value="-1,78603" result="PASS"></item><item title="POWER" value="11,8795" result="FAIL"></item><item title="LOLEAKAGE" value="-32,4658" result="PASS"></item><item title="SPECTRUMMASK" value="12,7574" result="PASS"></item><item title="SPECTRUMMARGIN" value="12,7574" result="PASS"></item></Record><Criteria><item title="Modulation" value="MCS8NSS1"></item><item title="Bandwidth" value="20"></item><item title="Antenna" value="3"></item><item title="Channel" value="52"></item><item title="RfIcTemperature" value="46"></item><item title="CpuTemperature" value="60"></item><item title="ExpectedPower" value="15"></item><item title="EVM" Max="-30" Min="-100"></item><item title="FREQERR" Max="15" Min="-15"></item><item title="SYMCLOCKERR" Max="20" Min="-100"></item><item title="POWER" Max="16,5" Min="13,5" Avg="15"></item><item title="LOLEAKAGE" Max="-17" Min="-100"></item><item title="SPECTRUMMASK" Max="100" Min="0"></item><item title="SPECTRUMMARGIN" Max="1000" Min="0"></item></Criteria><Record><item title="Modulation" value="MCS8NSS1"></item><item title="Bandwidth" value="20"></item><item title="Channel" value="52"></item><item title="Antenna" value="3"></item><item title="ExpectedPower" value="15"></item><item title="Power" value="15"></item><item title="TestType" value="Tx"></item><item title="EVM" value="-38,3205" result="PASS"></item><item title="FREQERR" value="-2,19283" result="PASS"></item><item title="SYMCLOCKERR" value="-1,82644" result="PASS"></item><item title="POWER" value="12,9937" result="FAIL"></item><item title="LOLEAKAGE" value="-35,6402" result="PASS"></item><item title="SPECTRUMMASK" value="12,1771" result="PASS"></item><item title="SPECTRUMMARGIN" value="12,1771" result="PASS"></item></Record><Criteria><item title="Modulation" value="MCS8NSS1"></item><item title="Bandwidth" value="20"></item><item title="Antenna" value="3"></item><item title="Channel" value="52"></item><item title="RfIcTemperature" value="46"></item><item title="CpuTemperature" value="60"></item><item title="ExpectedPower" value="16"></item><item title="EVM" Max="-30" Min="-100"></item><item title="FREQERR" Max="15" Min="-15"></item><item title="SYMCLOCKERR" Max="20" Min="-100"></item><item title="POWER" Max="17,5" Min="14,5" Avg="16"></item><item title="LOLEAKAGE" Max="-17" Min="-100"></item><item title="SPECTRUMMASK" Max="100" Min="0"></item><item title="SPECTRUMMARGIN" Max="1000" Min="0"></item></Criteria><Record><item title="Modulation" value="MCS8NSS1"></item><item title="Bandwidth" value="20"></item><item title="Channel" value="52"></item><item title="Antenna" value="3"></item><item title="ExpectedPower" value="16"></item><item title="Power" value="16"></item><item title="TestType" value="Tx"></item><item title="EVM" value="-36,3963" result="PASS"></item><item title="FREQERR" value="-2,19001" result="PASS"></item><item title="SYMCLOCKERR" value="-1,44844" result="PASS"></item><item title="POWER" value="14,2446" result="FAIL"></item><item title="LOLEAKAGE" value="-37,4753" result="PASS"></item><item title="SPECTRUMMASK" value="10,6744" result="PASS"></item><item title="SPECTRUMMARGIN" value="10,6744" result="PASS"></item></Record><Criteria><item title="Modulation" value="MCS8NSS1"></item><item title="Bandwidth" value="20"></item><item title="Antenna" value="3"></item><item title="Channel" value="52"></item><item title="RfIcTemperature" value="46"></item><item title="CpuTemperature" value="60"></item><item title="ExpectedPower" value="17"></item><item title="EVM" Max="-30" Min="-100"></item><item title="FREQERR" Max="15" Min="-15"></item><item title="SYMCLOCKERR" Max="20" Min="-100"></item><item title="POWER" Max="18,5" Min="15,5" Avg="17"></item><item title="LOLEAKAGE" Max="-17" Min="-100"></item><item title="SPECTRUMMASK" Max="100" Min="0"></item><item title="SPECTRUMMARGIN" Max="1000" Min="0"></item></Criteria><Record><item title="Modulation" value="MCS8NSS1"></item><item title="Bandwidth" value="20"></item><item title="Channel" value="52"></item><item title="Antenna" value="3"></item><item title="ExpectedPower" value="17"></item><item title="Power" value="17"></item><item title="TestType" value="Tx"></item><item title="EVM" value="-36,783" result="PASS"></item><item title="FREQERR" value="-2,18882" result="PASS"></item><item title="SYMCLOCKERR" value="-1,74501" result="PASS"></item><item title="POWER" value="15,1574" result="FAIL"></item><item title="LOLEAKAGE" value="-42,4579" result="PASS"></item><item title="SPECTRUMMASK" value="11,6596" result="PASS"></item><item title="SPECTRUMMARGIN" value="11,6596" result="PASS"></item></Record><Criteria><item title="Modulation" value="MCS8NSS1"></item><item title="Bandwidth" value="20"></item><item title="Antenna" value="3"></item><item title="Channel" value="52"></item><item title="RfIcTemperature" value="46"></item><item title="CpuTemperature" value="60"></item><item title="ExpectedPower" value="18"></item><item title="EVM" Max="-30" Min="-100"></item><item title="FREQERR" Max="15" Min="-15"></item><item title="SYMCLOCKERR" Max="20" Min="-100"></item><item title="POWER" Max="19,5" Min="16,5" Avg="18"></item><item title="LOLEAKAGE" Max="-17" Min="-100"></item><item title="SPECTRUMMASK" Max="100" Min="0"></item><item title="SPECTRUMMARGIN" Max="1000" Min="0"></item></Criteria><Record><item title="Modulation" value="MCS8NSS1"></item><item title="Bandwidth" value="20"></item><item title="Channel" value="52"></item><item title="Antenna" value="3"></item><item title="ExpectedPower" value="18"></item><item title="Power" value="18"></item><item title="TestType" value="Tx"></item><item title="EVM" value="-34,9615" result="PASS"></item><item title="FREQERR" value="-2,19127" result="PASS"></item><item title="SYMCLOCKERR" value="-0,916" result="PASS"></item><item title="POWER" value="16,2789" result="FAIL"></item><item title="LOLEAKAGE" value="-41,9855" result="PASS"></item><item title="SPECTRUMMASK" value="11,781" result="PASS"></item><item title="SPECTRUMMARGIN" value="11,781" result="PASS"></item></Record><Criteria><item title="Modulation" value="MCS8NSS1"></item><item title="Bandwidth" value="20"></item><item title="Antenna" value="3"></item><item title="Channel" value="52"></item><item title="RfIcTemperature" value="46"></item><item title="CpuTemperature" value="60"></item><item title="ExpectedPower" value="19"></item><item title="EVM" Max="-30" Min="-100"></item><item title="FREQERR" Max="15" Min="-15"></item><item title="SYMCLOCKERR" Max="20" Min="-100"></item><item title="POWER" Max="20,5" Min="17,5" Avg="19"></item><item title="LOLEAKAGE" Max="-17" Min="-100"></item><item title="SPECTRUMMASK" Max="100" Min="0"></item><item title="SPECTRUMMARGIN" Max="1000" Min="0"></item></Criteria><Record><item title="Modulation" value="MCS8NSS1"></item><item title="Bandwidth" value="20"></item><item title="Channel" value="52"></item><item title="Antenna" value="3"></item><item title="ExpectedPower" value="19"></item><item title="Power" value="19"></item><item title="TestType" value="Tx"></item><item title="EVM" value="-36,5406" result="PASS"></item><item title="FREQERR" value="-2,18949" result="PASS"></item><item title="SYMCLOCKERR" value="-1,64875" result="PASS"></item><item title="POWER" value="17,5609" result="PASS"></item><item title="LOLEAKAGE" value="-46,4102" result="PASS"></item><item title="SPECTRUMMASK" value="12,1743" result="PASS"></item><item title="SPECTRUMMARGIN" value="12,1743" result="PASS"></item></Record><Criteria><item title="Modulation" value="MCS8NSS1"></item><item title="Bandwidth" value="20"></item><item title="Antenna" value="3"></item><item title="Channel" value="52"></item><item title="RfIcTemperature" value="46"></item><item title="CpuTemperature" value="60"></item><item title="ExpectedPower" value="20"></item><item title="EVM" Max="-30" Min="-100"></item><item title="FREQERR" Max="15" Min="-15"></item><item title="SYMCLOCKERR" Max="20" Min="-100"></item><item title="POWER" Max="21,5" Min="18,5" Avg="20"></item><item title="LOLEAKAGE" Max="-17" Min="-100"></item><item title="SPECTRUMMASK" Max="100" Min="0"></item><item title="SPECTRUMMARGIN" Max="1000" Min="0"></item></Criteria><Record><item title="Modulation" value="MCS8NSS1"></item><item title="Bandwidth" value="20"></item><item title="Channel" value="52"></item><item title="Antenna" value="3"></item><item title="ExpectedPower" value="20"></item><item title="Power" value="20"></item><item title="TestType" value="Tx"></item><item title="EVM" value="-35,3146" result="PASS"></item><item title="FREQERR" value="-2,18955" result="PASS"></item><item title="SYMCLOCKERR" value="-1,58477" result="PASS"></item><item title="POWER" value="18,1769" result="FAIL"></item><item title="LOLEAKAGE" value="-41,249" result="PASS"></item><item title="SPECTRUMMASK" value="11,7971" result="PASS"></item><item title="SPECTRUMMARGIN" value="11,7971" result="PASS"></item></Record><Criteria><item title="Modulation" value="MCS8NSS1"></item><item title="Bandwidth" value="20"></item><item title="Antenna" value="3"></item><item title="Channel" value="52"></item><item title="RfIcTemperature" value="46"></item><item title="CpuTemperature" value="60"></item><item title="ExpectedPower" value="21"></item><item title="EVM" Max="-30" Min="-100"></item><item title="FREQERR" Max="15" Min="-15"></item><item title="SYMCLOCKERR" Max="20" Min="-100"></item><item title="POWER" Max="22,5" Min="19,5" Avg="21"></item><item title="LOLEAKAGE" Max="-17" Min="-100"></item><item title="SPECTRUMMASK" Max="100" Min="0"></item><item title="SPECTRUMMARGIN" Max="1000" Min="0"></item></Criteria><Record><item title="Modulation" value="MCS8NSS1"></item><item title="Bandwidth" value="20"></item><item title="Channel" value="52"></item><item title="Antenna" value="3"></item><item title="ExpectedPower" value="21"></item><item title="Power" value="21"></item><item title="TestType" value="Tx"></item><item title="EVM" value="-35,5631" result="PASS"></item><item title="FREQERR" value="-2,18835" result="PASS"></item><item title="SYMCLOCKERR" value="-1,63099" result="PASS"></item><item title="POWER" value="19,2874" result="FAIL"></item><item title="LOLEAKAGE" value="-49,6098" result="PASS"></item><item title="SPECTRUMMASK" value="11,632" result="PASS"></item><item title="SPECTRUMMARGIN" value="11,632" result="PASS"></item></Record><Criteria><item title="Modulation" value="MCS8NSS1"></item><item title="Bandwidth" value="20"></item><item title="Antenna" value="3"></item><item title="Channel" value="52"></item><item title="RfIcTemperature" value="46"></item><item title="CpuTemperature" value="60"></item><item title="ExpectedPower" value="22"></item><item title="EVM" Max="-30" Min="-100"></item><item title="FREQERR" Max="15" Min="-15"></item><item title="SYMCLOCKERR" Max="20" Min="-100"></item><item title="POWER" Max="23,5" Min="20,5" Avg="22"></item><item title="LOLEAKAGE" Max="-17" Min="-100"></item><item title="SPECTRUMMASK" Max="100" Min="0"></item><item title="SPECTRUMMARGIN" Max="1000" Min="0"></item></Criteria><Record><item title="Modulation" value="MCS8NSS1"></item><item title="Bandwidth" value="20"></item><item title="Channel" value="52"></item><item title="Antenna" value="3"></item><item title="ExpectedPower" value="22"></item><item title="Power" value="22"></item><item title="TestType" value="Tx"></item><item title="EVM" value="-34,7014" result="PASS"></item><item title="FREQERR" value="-2,19293" result="PASS"></item><item title="SYMCLOCKERR" value="-2,2491" result="PASS"></item><item title="POWER" value="20,2186" result="FAIL"></item><item title="LOLEAKAGE" value="-41,4615" result="PASS"></item><item title="SPECTRUMMASK" value="12,8563" result="PASS"></item><item title="SPECTRUMMARGIN" value="12,8563" result="PASS"></item></Record><Criteria><item title="Modulation" value="MCS8NSS1"></item><item title="Bandwidth" value="20"></item><item title="Antenna" value="3"></item><item title="Channel" value="52"></item><item title="RfIcTemperature" value="46"></item><item title="CpuTemperature" value="60"></item><item title="ExpectedPower" value="23"></item><item title="EVM" Max="-30" Min="-100"></item><item title="FREQERR" Max="15" Min="-15"></item><item title="SYMCLOCKERR" Max="20" Min="-100"></item><item title="POWER" Max="24,5" Min="21,5" Avg="23"></item><item title="LOLEAKAGE" Max="-17" Min="-100"></item><item title="SPECTRUMMASK" Max="100" Min="0"></item><item title="SPECTRUMMARGIN" Max="1000" Min="0"></item></Criteria><Record><item title="Modulation" value="MCS8NSS1"></item><item title="Bandwidth" value="20"></item><item title="Channel" value="52"></item><item title="Antenna" value="3"></item><item title="ExpectedPower" value="23"></item><item title="Power" value="23"></item><item title="TestType" value="Tx"></item><item title="EVM" value="-31,465" result="PASS"></item><item title="FREQERR" value="-2,18662" result="PASS"></item><item title="SYMCLOCKERR" value="-1,89308" result="PASS"></item><item title="POWER" value="21,3196" result="FAIL"></item><item title="LOLEAKAGE" value="-42,7657" result="PASS"></item><item title="SPECTRUMMASK" value="12,8354" result="PASS"></item><item title="SPECTRUMMARGIN" value="12,8354" result="PASS"></item></Record><Criteria><item title="Modulation" value="MCS8NSS1"></item><item title="Bandwidth" value="20"></item><item title="Antenna" value="3"></item><item title="Channel" value="52"></item><item title="RfIcTemperature" value="46"></item><item title="CpuTemperature" value="60"></item><item title="ExpectedPower" value="24"></item><item title="EVM" Max="-30" Min="-100"></item><item title="FREQERR" Max="15" Min="-15"></item><item title="SYMCLOCKERR" Max="20" Min="-100"></item><item title="POWER" Max="25,5" Min="22,5" Avg="24"></item><item title="LOLEAKAGE" Max="-17" Min="-100"></item><item title="SPECTRUMMASK" Max="100" Min="0"></item><item title="SPECTRUMMARGIN" Max="1000" Min="0"></item></Criteria><Record><item title="Modulation" value="MCS8NSS1"></item><item title="Bandwidth" value="20"></item><item title="Channel" value="52"></item><item title="Antenna" value="3"></item><item title="ExpectedPower" value="24"></item><item title="Power" value="24"></item><item title="TestType" value="Tx"></item><item title="EVM" value="-27,3507" result="FAIL"></item><item title="FREQERR" value="-2,18591" result="PASS"></item><item title="SYMCLOCKERR" value="-2,97895" result="PASS"></item><item title="POWER" value="22,5057" result="PASS"></item><item title="LOLEAKAGE" value="-44,1092" result="PASS"></item><item title="SPECTRUMMASK" value="11,4881" result="PASS"></item><item title="SPECTRUMMARGIN" value="11,4881" result="PASS"></item></Record><Criteria><item title="Modulation" value="MCS8NSS1"></item><item title="Bandwidth" value="20"></item><item title="Antenna" value="3"></item><item title="Channel" value="52"></item><item title="RfIcTemperature" value="46"></item><item title="CpuTemperature" value="60"></item><item title="ExpectedPower" value="25"></item><item title="EVM" Max="-30" Min="-100"></item><item title="FREQERR" Max="15" Min="-15"></item><item title="SYMCLOCKERR" Max="20" Min="-100"></item><item title="POWER" Max="26,5" Min="23,5" Avg="25"></item><item title="LOLEAKAGE" Max="-17" Min="-100"></item><item title="SPECTRUMMASK" Max="100" Min="0"></item><item title="SPECTRUMMARGIN" Max="1000" Min="0"></item></Criteria><Record><item title="Modulation" value="MCS8NSS1"></item><item title="Bandwidth" value="20"></item><item title="Channel" value="52"></item><item title="Antenna" value="3"></item><item title="ExpectedPower" value="25"></item><item title="Power" value="25"></item><item title="TestType" value="Tx"></item><item title="EVM" value="-24,9331" result="FAIL"></item><item title="FREQERR" value="-2,18386" result="PASS"></item><item title="SYMCLOCKERR" value="-3,71396" result="PASS"></item><item title="POWER" value="23,3818" result="FAIL"></item><item title="LOLEAKAGE" value="-39,7704" result="PASS"></item><item title="SPECTRUMMASK" value="7,55943" result="PASS"></item><item title="SPECTRUMMARGIN" value="7,55943" result="PASS"></item></Record><Criteria><item title="Modulation" value="MCS8NSS1"></item><item title="Bandwidth" value="20"></item><item title="Antenna" value="0"></item><item title="Channel" value="100"></item><item title="RfIcTemperature" value="46"></item><item title="CpuTemperature" value="60"></item><item title="ExpectedPower" value="10"></item><item title="EVM" Max="-30" Min="-100"></item><item title="FREQERR" Max="15" Min="-15"></item><item title="SYMCLOCKERR" Max="20" Min="-100"></item><item title="POWER" Max="11,5" Min="8,5" Avg="10"></item><item title="LOLEAKAGE" Max="-17" Min="-100"></item><item title="SPECTRUMMASK" Max="100" Min="0"></item><item title="SPECTRUMMARGIN" Max="1000" Min="0"></item></Criteria><Record><item title="Modulation" value="MCS8NSS1"></item><item title="Bandwidth" value="20"></item><item title="Channel" value="100"></item><item title="Antenna" value="0"></item><item title="ExpectedPower" value="10"></item><item title="Power" value="10"></item><item title="TestType" value="Tx"></item><item title="EVM" value="-37,7346" result="PASS"></item><item title="FREQERR" value="1,26567" result="PASS"></item><item title="SYMCLOCKERR" value="1,72385" result="PASS"></item><item title="POWER" value="8,31302" result="FAIL"></item><item title="LOLEAKAGE" value="-31,1022" result="PASS"></item><item title="SPECTRUMMASK" value="10,7197" result="PASS"></item><item title="SPECTRUMMARGIN" value="10,7197" result="PASS"></item></Record><Criteria><item title="Modulation" value="MCS8NSS1"></item><item title="Bandwidth" value="20"></item><item title="Antenna" value="0"></item><item title="Channel" value="100"></item><item title="RfIcTemperature" value="46"></item><item title="CpuTemperature" value="60"></item><item title="ExpectedPower" value="11"></item><item title="EVM" Max="-30" Min="-100"></item><item title="FREQERR" Max="15" Min="-15"></item><item title="SYMCLOCKERR" Max="20" Min="-100"></item><item title="POWER" Max="12,5" Min="9,5" Avg="11"></item><item title="LOLEAKAGE" Max="-17" Min="-100"></item><item title="SPECTRUMMASK" Max="100" Min="0"></item><item title="SPECTRUMMARGIN" Max="1000" Min="0"></item></Criteria><Record><item title="Modulation" value="MCS8NSS1"></item><item title="Bandwidth" value="20"></item><item title="Channel" value="100"></item><item title="Antenna" value="0"></item><item title="ExpectedPower" value="11"></item><item title="Power" value="11"></item><item title="TestType" value="Tx"></item><item title="EVM" value="-38,5844" result="PASS"></item><item title="FREQERR" value="1,27009" result="PASS"></item><item title="SYMCLOCKERR" value="1,64348" result="PASS"></item><item title="POWER" value="9,27522" result="FAIL"></item><item title="LOLEAKAGE" value="-30,8301" result="PASS"></item><item title="SPECTRUMMASK" value="12,2248" result="PASS"></item><item title="SPECTRUMMARGIN" value="12,2248" result="PASS"></item></Record><Criteria><item title="Modulation" value="MCS8NSS1"></item><item title="Bandwidth" value="20"></item><item title="Antenna" value="0"></item><item title="Channel" value="100"></item><item title="RfIcTemperature" value="46"></item><item title="CpuTemperature" value="60"></item><item title="ExpectedPower" value="12"></item><item title="EVM" Max="-30" Min="-100"></item><item title="FREQERR" Max="15" Min="-15"></item><item title="SYMCLOCKERR" Max="20" Min="-100"></item><item title="POWER" Max="13,5" Min="10,5" Avg="12"></item><item title="LOLEAKAGE" Max="-17" Min="-100"></item><item title="SPECTRUMMASK" Max="100" Min="0"></item><item title="SPECTRUMMARGIN" Max="1000" Min="0"></item></Criteria><Record><item title="Modulation" value="MCS8NSS1"></item><item title="Bandwidth" value="20"></item><item title="Channel" value="100"></item><item title="Antenna" value="0"></item><item title="ExpectedPower" value="12"></item><item title="Power" value="12"></item><item title="TestType" value="Tx"></item><item title="EVM" value="-34,3333" result="PASS"></item><item title="FREQERR" value="1,27482" result="PASS"></item><item title="SYMCLOCKERR" value="1,733" result="PASS"></item><item title="POWER" value="10,5947" result="PASS"></item><item title="LOLEAKAGE" value="-33,6762" result="PASS"></item><item title="SPECTRUMMASK" value="10,9784" result="PASS"></item><item title="SPECTRUMMARGIN" value="10,9784" result="PASS"></item></Record><Criteria><item title="Modulation" value="MCS8NSS1"></item><item title="Bandwidth" value="20"></item><item title="Antenna" value="0"></item><item title="Channel" value="100"></item><item title="RfIcTemperature" value="46"></item><item title="CpuTemperature" value="60"></item><item title="ExpectedPower" value="13"></item><item title="EVM" Max="-30" Min="-100"></item><item title="FREQERR" Max="15" Min="-15"></item><item title="SYMCLOCKERR" Max="20" Min="-100"></item><item title="POWER" Max="14,5" Min="11,5" Avg="13"></item><item title="LOLEAKAGE" Max="-17" Min="-100"></item><item title="SPECTRUMMASK" Max="100" Min="0"></item><item title="SPECTRUMMARGIN" Max="1000" Min="0"></item></Criteria><Record><item title="Modulation" value="MCS8NSS1"></item><item title="Bandwidth" value="20"></item><item title="Channel" value="100"></item><item title="Antenna" value="0"></item><item title="ExpectedPower" value="13"></item><item title="Power" value="13"></item><item title="TestType" value="Tx"></item><item title="EVM" value="-35,6183" result="PASS"></item><item title="FREQERR" value="1,27355" result="PASS"></item><item title="SYMCLOCKERR" value="1,85883" result="PASS"></item><item title="POWER" value="11,6015" result="PASS"></item><item title="LOLEAKAGE" value="-34,7688" result="PASS"></item><item title="SPECTRUMMASK" value="11,9714" result="PASS"></item><item title="SPECTRUMMARGIN" value="11,9714" result="PASS"></item></Record><Criteria><item title="Modulation" value="MCS8NSS1"></item><item title="Bandwidth" value="20"></item><item title="Antenna" value="0"></item><item title="Channel" value="100"></item><item title="RfIcTemperature" value="46"></item><item title="CpuTemperature" value="60"></item><item title="ExpectedPower" value="14"></item><item title="EVM" Max="-30" Min="-100"></item><item title="FREQERR" Max="15" Min="-15"></item><item title="SYMCLOCKERR" Max="20" Min="-100"></item><item title="POWER" Max="15,5" Min="12,5" Avg="14"></item><item title="LOLEAKAGE" Max="-17" Min="-100"></item><item title="SPECTRUMMASK" Max="100" Min="0"></item><item title="SPECTRUMMARGIN" Max="1000" Min="0"></item></Criteria><Record><item title="Modulation" value="MCS8NSS1"></item><item title="Bandwidth" value="20"></item><item title="Channel" value="100"></item><item title="Antenna" value="0"></item><item title="ExpectedPower" value="14"></item><item title="Power" value="14"></item><item title="TestType" value="Tx"></item><item title="EVM" value="-37,8575" result="PASS"></item><item title="FREQERR" value="1,27345" result="PASS"></item><item title="SYMCLOCKERR" value="2,58524" result="PASS"></item><item title="POWER" value="12,4387" result="FAIL"></item><item title="LOLEAKAGE" value="-37,4042" result="PASS"></item><item title="SPECTRUMMASK" value="11,6916" result="PASS"></item><item title="SPECTRUMMARGIN" value="11,6916" result="PASS"></item></Record><Criteria><item title="Modulation" value="MCS8NSS1"></item><item title="Bandwidth" value="20"></item><item title="Antenna" value="0"></item><item title="Channel" value="100"></item><item title="RfIcTemperature" value="46"></item><item title="CpuTemperature" value="60"></item><item title="ExpectedPower" value="15"></item><item title="EVM" Max="-30" Min="-100"></item><item title="FREQERR" Max="15" Min="-15"></item><item title="SYMCLOCKERR" Max="20" Min="-100"></item><item title="POWER" Max="16,5" Min="13,5" Avg="15"></item><item title="LOLEAKAGE" Max="-17" Min="-100"></item><item title="SPECTRUMMASK" Max="100" Min="0"></item><item title="SPECTRUMMARGIN" Max="1000" Min="0"></item></Criteria><Record><item title="Modulation" value="MCS8NSS1"></item><item title="Bandwidth" value="20"></item><item title="Channel" value="100"></item><item title="Antenna" value="0"></item><item title="ExpectedPower" value="15"></item><item title="Power" value="15"></item><item title="TestType" value="Tx"></item><item title="EVM" value="-36,3302" result="PASS"></item><item title="FREQERR" value="1,2734" result="PASS"></item><item title="SYMCLOCKERR" value="2,29969" result="PASS"></item><item title="POWER" value="13,7484" result="PASS"></item><item title="LOLEAKAGE" value="-39,981" result="PASS"></item><item title="SPECTRUMMASK" value="11,3862" result="PASS"></item><item title="SPECTRUMMARGIN" value="11,3862" result="PASS"></item></Record><Criteria><item title="Modulation" value="MCS8NSS1"></item><item title="Bandwidth" value="20"></item><item title="Antenna" value="0"></item><item title="Channel" value="100"></item><item title="RfIcTemperature" value="46"></item><item title="CpuTemperature" value="60"></item><item title="ExpectedPower" value="16"></item><item title="EVM" Max="-30" Min="-100"></item><item title="FREQERR" Max="15" Min="-15"></item><item title="SYMCLOCKERR" Max="20" Min="-100"></item><item title="POWER" Max="17,5" Min="14,5" Avg="16"></item><item title="LOLEAKAGE" Max="-17" Min="-100"></item><item title="SPECTRUMMASK" Max="100" Min="0"></item><item title="SPECTRUMMARGIN" Max="1000" Min="0"></item></Criteria><Record><item title="Modulation" value="MCS8NSS1"></item><item title="Bandwidth" value="20"></item><item title="Channel" value="100"></item><item title="Antenna" value="0"></item><item title="ExpectedPower" value="16"></item><item title="Power" value="16"></item><item title="TestType" value="Tx"></item><item title="EVM" value="-38,1261" result="PASS"></item><item title="FREQERR" value="1,27299" result="PASS"></item><item title="SYMCLOCKERR" value="1,56662" result="PASS"></item><item title="POWER" value="14,6408" result="PASS"></item><item title="LOLEAKAGE" value="-40,0121" result="PASS"></item><item title="SPECTRUMMASK" value="12,8538" result="PASS"></item><item title="SPECTRUMMARGIN" value="12,8538" result="PASS"></item></Record><Criteria><item title="Modulation" value="MCS8NSS1"></item><item title="Bandwidth" value="20"></item><item title="Antenna" value="0"></item><item title="Channel" value="100"></item><item title="RfIcTemperature" value="46"></item><item title="CpuTemperature" value="60"></item><item title="ExpectedPower" value="17"></item><item title="EVM" Max="-30" Min="-100"></item><item title="FREQERR" Max="15" Min="-15"></item><item title="SYMCLOCKERR" Max="20" Min="-100"></item><item title="POWER" Max="18,5" Min="15,5" Avg="17"></item><item title="LOLEAKAGE" Max="-17" Min="-100"></item><item title="SPECTRUMMASK" Max="100" Min="0"></item><item title="SPECTRUMMARGIN" Max="1000" Min="0"></item></Criteria><Record><item title="Modulation" value="MCS8NSS1"></item><item title="Bandwidth" value="20"></item><item title="Channel" value="100"></item><item title="Antenna" value="0"></item><item title="ExpectedPower" value="17"></item><item title="Power" value="17"></item><item title="TestType" value="Tx"></item><item title="EVM" value="-37,9089" result="PASS"></item><item title="FREQERR" value="1,27564" result="PASS"></item><item title="SYMCLOCKERR" value="1,74504" result="PASS"></item><item title="POWER" value="15,6319" result="PASS"></item><item title="LOLEAKAGE" value="-40,3781" result="PASS"></item><item title="SPECTRUMMASK" value="12,1176" result="PASS"></item><item title="SPECTRUMMARGIN" value="12,1176" result="PASS"></item></Record><Criteria><item title="Modulation" value="MCS8NSS1"></item><item title="Bandwidth" value="20"></item><item title="Antenna" value="0"></item><item title="Channel" value="100"></item><item title="RfIcTemperature" value="46"></item><item title="CpuTemperature" value="60"></item><item title="ExpectedPower" value="18"></item><item title="EVM" Max="-30" Min="-100"></item><item title="FREQERR" Max="15" Min="-15"></item><item title="SYMCLOCKERR" Max="20" Min="-100"></item><item title="POWER" Max="19,5" Min="16,5" Avg="18"></item><item title="LOLEAKAGE" Max="-17" Min="-100"></item><item title="SPECTRUMMASK" Max="100" Min="0"></item><item title="SPECTRUMMARGIN" Max="1000" Min="0"></item></Criteria><Record><item title="Modulation" value="MCS8NSS1"></item><item title="Bandwidth" value="20"></item><item title="Channel" value="100"></item><item title="Antenna" value="0"></item><item title="ExpectedPower" value="18"></item><item title="Power" value="18"></item><item title="TestType" value="Tx"></item><item title="EVM" value="-37,7802" result="PASS"></item><item title="FREQERR" value="1,2781" result="PASS"></item><item title="SYMCLOCKERR" value="1,55696" result="PASS"></item><item title="POWER" value="16,6448" result="PASS"></item><item title="LOLEAKAGE" value="-43,6042" result="PASS"></item><item title="SPECTRUMMASK" value="11,0663" result="PASS"></item><item title="SPECTRUMMARGIN" value="11,0663" result="PASS"></item></Record><Criteria><item title="Modulation" value="MCS8NSS1"></item><item title="Bandwidth" value="20"></item><item title="Antenna" value="0"></item><item title="Channel" value="100"></item><item title="RfIcTemperature" value="46"></item><item title="CpuTemperature" value="60"></item><item title="ExpectedPower" value="19"></item><item title="EVM" Max="-30" Min="-100"></item><item title="FREQERR" Max="15" Min="-15"></item><item title="SYMCLOCKERR" Max="20" Min="-100"></item><item title="POWER" Max="20,5" Min="17,5" Avg="19"></item><item title="LOLEAKAGE" Max="-17" Min="-100"></item><item title="SPECTRUMMASK" Max="100" Min="0"></item><item title="SPECTRUMMARGIN" Max="1000" Min="0"></item></Criteria><Record><item title="Modulation" value="MCS8NSS1"></item><item title="Bandwidth" value="20"></item><item title="Channel" value="100"></item><item title="Antenna" value="0"></item><item title="ExpectedPower" value="19"></item><item title="Power" value="19"></item><item title="TestType" value="Tx"></item><item title="EVM" value="-36,4697" result="PASS"></item><item title="FREQERR" value="1,27616" result="PASS"></item><item title="SYMCLOCKERR" value="1,72011" result="PASS"></item><item title="POWER" value="17,7931" result="PASS"></item><item title="LOLEAKAGE" value="-48,061" result="PASS"></item><item title="SPECTRUMMASK" value="10,9309" result="PASS"></item><item title="SPECTRUMMARGIN" value="10,9309" result="PASS"></item></Record><Criteria><item title="Modulation" value="MCS8NSS1"></item><item title="Bandwidth" value="20"></item><item title="Antenna" value="0"></item><item title="Channel" value="100"></item><item title="RfIcTemperature" value="46"></item><item title="CpuTemperature" value="60"></item><item title="ExpectedPower" value="20"></item><item title="EVM" Max="-30" Min="-100"></item><item title="FREQERR" Max="15" Min="-15"></item><item title="SYMCLOCKERR" Max="20" Min="-100"></item><item title="POWER" Max="21,5" Min="18,5" Avg="20"></item><item title="LOLEAKAGE" Max="-17" Min="-100"></item><item title="SPECTRUMMASK" Max="100" Min="0"></item><item title="SPECTRUMMARGIN" Max="1000" Min="0"></item></Criteria><Record><item title="Modulation" value="MCS8NSS1"></item><item title="Bandwidth" value="20"></item><item title="Channel" value="100"></item><item title="Antenna" value="0"></item><item title="ExpectedPower" value="20"></item><item title="Power" value="20"></item><item title="TestType" value="Tx"></item><item title="EVM" value="-37,8362" result="PASS"></item><item title="FREQERR" value="1,27522" result="PASS"></item><item title="SYMCLOCKERR" value="1,74072" result="PASS"></item><item title="POWER" value="18,6348" result="PASS"></item><item title="LOLEAKAGE" value="-47,4035" result="PASS"></item><item title="SPECTRUMMASK" value="11,6067" result="PASS"></item><item title="SPECTRUMMARGIN" value="11,6067" result="PASS"></item></Record><Criteria><item title="Modulation" value="MCS8NSS1"></item><item title="Bandwidth" value="20"></item><item title="Antenna" value="0"></item><item title="Channel" value="100"></item><item title="RfIcTemperature" value="46"></item><item title="CpuTemperature" value="60"></item><item title="ExpectedPower" value="21"></item><item title="EVM" Max="-30" Min="-100"></item><item title="FREQERR" Max="15" Min="-15"></item><item title="SYMCLOCKERR" Max="20" Min="-100"></item><item title="POWER" Max="22,5" Min="19,5" Avg="21"></item><item title="LOLEAKAGE" Max="-17" Min="-100"></item><item title="SPECTRUMMASK" Max="100" Min="0"></item><item title="SPECTRUMMARGIN" Max="1000" Min="0"></item></Criteria><Record><item title="Modulation" value="MCS8NSS1"></item><item title="Bandwidth" value="20"></item><item title="Channel" value="100"></item><item title="Antenna" value="0"></item><item title="ExpectedPower" value="21"></item><item title="Power" value="21"></item><item title="TestType" value="Tx"></item><item title="EVM" value="-34,7301" result="PASS"></item><item title="FREQERR" value="1,27393" result="PASS"></item><item title="SYMCLOCKERR" value="2,71523" result="PASS"></item><item title="POWER" value="19,8618" result="PASS"></item><item title="LOLEAKAGE" value="-49,0186" result="PASS"></item><item title="SPECTRUMMASK" value="12,2704" result="PASS"></item><item title="SPECTRUMMARGIN" value="12,2704" result="PASS"></item></Record><Criteria><item title="Modulation" value="MCS8NSS1"></item><item title="Bandwidth" value="20"></item><item title="Antenna" value="0"></item><item title="Channel" value="100"></item><item title="RfIcTemperature" value="46"></item><item title="CpuTemperature" value="60"></item><item title="ExpectedPower" value="22"></item><item title="EVM" Max="-30" Min="-100"></item><item title="FREQERR" Max="15" Min="-15"></item><item title="SYMCLOCKERR" Max="20" Min="-100"></item><item title="POWER" Max="23,5" Min="20,5" Avg="22"></item><item title="LOLEAKAGE" Max="-17" Min="-100"></item><item title="SPECTRUMMASK" Max="100" Min="0"></item><item title="SPECTRUMMARGIN" Max="1000" Min="0"></item></Criteria><Record><item title="Modulation" value="MCS8NSS1"></item><item title="Bandwidth" value="20"></item><item title="Channel" value="100"></item><item title="Antenna" value="0"></item><item title="ExpectedPower" value="22"></item><item title="Power" value="22"></item><item title="TestType" value="Tx"></item><item title="EVM" value="-33,1164" result="PASS"></item><item title="FREQERR" value="1,27094" result="PASS"></item><item title="SYMCLOCKERR" value="2,05963" result="PASS"></item><item title="POWER" value="20,5834" result="PASS"></item><item title="LOLEAKAGE" value="-49,215" result="PASS"></item><item title="SPECTRUMMASK" value="12,8906" result="PASS"></item><item title="SPECTRUMMARGIN" value="12,8906" result="PASS"></item></Record><Criteria><item title="Modulation" value="MCS8NSS1"></item><item title="Bandwidth" value="20"></item><item title="Antenna" value="0"></item><item title="Channel" value="100"></item><item title="RfIcTemperature" value="46"></item><item title="CpuTemperature" value="60"></item><item title="ExpectedPower" value="23"></item><item title="EVM" Max="-30" Min="-100"></item><item title="FREQERR" Max="15" Min="-15"></item><item title="SYMCLOCKERR" Max="20" Min="-100"></item><item title="POWER" Max="24,5" Min="21,5" Avg="23"></item><item title="LOLEAKAGE" Max="-17" Min="-100"></item><item title="SPECTRUMMASK" Max="100" Min="0"></item><item title="SPECTRUMMARGIN" Max="1000" Min="0"></item></Criteria><Record><item title="Modulation" value="MCS8NSS1"></item><item title="Bandwidth" value="20"></item><item title="Channel" value="100"></item><item title="Antenna" value="0"></item><item title="ExpectedPower" value="23"></item><item title="Power" value="23"></item><item title="TestType" value="Tx"></item><item title="EVM" value="-29,9061" result="FAIL"></item><item title="FREQERR" value="1,27551" result="PASS"></item><item title="SYMCLOCKERR" value="1,53571" result="PASS"></item><item title="POWER" value="21,4262" result="FAIL"></item><item title="LOLEAKAGE" value="-54,7942" result="PASS"></item><item title="SPECTRUMMASK" value="11,3481" result="PASS"></item><item title="SPECTRUMMARGIN" value="11,3481" result="PASS"></item></Record><Criteria><item title="Modulation" value="MCS8NSS1"></item><item title="Bandwidth" value="20"></item><item title="Antenna" value="0"></item><item title="Channel" value="100"></item><item title="RfIcTemperature" value="46"></item><item title="CpuTemperature" value="60"></item><item title="ExpectedPower" value="24"></item><item title="EVM" Max="-30" Min="-100"></item><item title="FREQERR" Max="15" Min="-15"></item><item title="SYMCLOCKERR" Max="20" Min="-100"></item><item title="POWER" Max="25,5" Min="22,5" Avg="24"></item><item title="LOLEAKAGE" Max="-17" Min="-100"></item><item title="SPECTRUMMASK" Max="100" Min="0"></item><item title="SPECTRUMMARGIN" Max="1000" Min="0"></item></Criteria><Record><item title="Modulation" value="MCS8NSS1"></item><item title="Bandwidth" value="20"></item><item title="Channel" value="100"></item><item title="Antenna" value="0"></item><item title="ExpectedPower" value="24"></item><item title="Power" value="24"></item><item title="TestType" value="Tx"></item><item title="EVM" value="-27,2087" result="FAIL"></item><item title="FREQERR" value="1,27743" result="PASS"></item><item title="SYMCLOCKERR" value="-0,597752" result="PASS"></item><item title="POWER" value="22,4304" result="FAIL"></item><item title="LOLEAKAGE" value="-49,5092" result="PASS"></item><item title="SPECTRUMMASK" value="9,38838" result="PASS"></item><item title="SPECTRUMMARGIN" value="9,38838" result="PASS"></item></Record><Criteria><item title="Modulation" value="MCS8NSS1"></item><item title="Bandwidth" value="20"></item><item title="Antenna" value="0"></item><item title="Channel" value="100"></item><item title="RfIcTemperature" value="46"></item><item title="CpuTemperature" value="60"></item><item title="ExpectedPower" value="25"></item><item title="EVM" Max="-30" Min="-100"></item><item title="FREQERR" Max="15" Min="-15"></item><item title="SYMCLOCKERR" Max="20" Min="-100"></item><item title="POWER" Max="26,5" Min="23,5" Avg="25"></item><item title="LOLEAKAGE" Max="-17" Min="-100"></item><item title="SPECTRUMMASK" Max="100" Min="0"></item><item title="SPECTRUMMARGIN" Max="1000" Min="0"></item></Criteria><Record><item title="Modulation" value="MCS8NSS1"></item><item title="Bandwidth" value="20"></item><item title="Channel" value="100"></item><item title="Antenna" value="0"></item><item title="ExpectedPower" value="25"></item><item title="Power" value="25"></item><item title="TestType" value="Tx"></item><item title="EVM" value="-24,3475" result="FAIL"></item><item title="FREQERR" value="1,26965" result="PASS"></item><item title="SYMCLOCKERR" value="-1,27464" result="PASS"></item><item title="POWER" value="23,4436" result="FAIL"></item><item title="LOLEAKAGE" value="-45,419" result="PASS"></item><item title="SPECTRUMMASK" value="6,92225" result="PASS"></item><item title="SPECTRUMMARGIN" value="6,92225" result="PASS"></item></Record><Criteria><item title="Modulation" value="MCS8NSS1"></item><item title="Bandwidth" value="20"></item><item title="Antenna" value="1"></item><item title="Channel" value="100"></item><item title="RfIcTemperature" value="46"></item><item title="CpuTemperature" value="60"></item><item title="ExpectedPower" value="10"></item><item title="EVM" Max="-30" Min="-100"></item><item title="FREQERR" Max="15" Min="-15"></item><item title="SYMCLOCKERR" Max="20" Min="-100"></item><item title="POWER" Max="11,5" Min="8,5" Avg="10"></item><item title="LOLEAKAGE" Max="-17" Min="-100"></item><item title="SPECTRUMMASK" Max="100" Min="0"></item><item title="SPECTRUMMARGIN" Max="1000" Min="0"></item></Criteria><Record><item title="Modulation" value="MCS8NSS1"></item><item title="Bandwidth" value="20"></item><item title="Channel" value="100"></item><item title="Antenna" value="1"></item><item title="ExpectedPower" value="10"></item><item title="Power" value="10"></item><item title="TestType" value="Tx"></item><item title="EVM" value="-32,5824" result="PASS"></item><item title="FREQERR" value="1,28409" result="PASS"></item><item title="SYMCLOCKERR" value="2,77488" result="PASS"></item><item title="POWER" value="8,71166" result="PASS"></item><item title="LOLEAKAGE" value="-31,8563" result="PASS"></item><item title="SPECTRUMMASK" value="11,8001" result="PASS"></item><item title="SPECTRUMMARGIN" value="11,8001" result="PASS"></item></Record><Criteria><item title="Modulation" value="MCS8NSS1"></item><item title="Bandwidth" value="20"></item><item title="Antenna" value="1"></item><item title="Channel" value="100"></item><item title="RfIcTemperature" value="46"></item><item title="CpuTemperature" value="60"></item><item title="ExpectedPower" value="11"></item><item title="EVM" Max="-30" Min="-100"></item><item title="FREQERR" Max="15" Min="-15"></item><item title="SYMCLOCKERR" Max="20" Min="-100"></item><item title="POWER" Max="12,5" Min="9,5" Avg="11"></item><item title="LOLEAKAGE" Max="-17" Min="-100"></item><item title="SPECTRUMMASK" Max="100" Min="0"></item><item title="SPECTRUMMARGIN" Max="1000" Min="0"></item></Criteria><Record><item title="Modulation" value="MCS8NSS1"></item><item title="Bandwidth" value="20"></item><item title="Channel" value="100"></item><item title="Antenna" value="1"></item><item title="ExpectedPower" value="11"></item><item title="Power" value="11"></item><item title="TestType" value="Tx"></item><item title="EVM" value="-32,6021" result="PASS"></item><item title="FREQERR" value="1,28551" result="PASS"></item><item title="SYMCLOCKERR" value="2,9719" result="PASS"></item><item title="POWER" value="9,70476" result="PASS"></item><item title="LOLEAKAGE" value="-31,6757" result="PASS"></item><item title="SPECTRUMMASK" value="11,7383" result="PASS"></item><item title="SPECTRUMMARGIN" value="11,7383" result="PASS"></item></Record><Criteria><item title="Modulation" value="MCS8NSS1"></item><item title="Bandwidth" value="20"></item><item title="Antenna" value="1"></item><item title="Channel" value="100"></item><item title="RfIcTemperature" value="46"></item><item title="CpuTemperature" value="60"></item><item title="ExpectedPower" value="12"></item><item title="EVM" Max="-30" Min="-100"></item><item title="FREQERR" Max="15" Min="-15"></item><item title="SYMCLOCKERR" Max="20" Min="-100"></item><item title="POWER" Max="13,5" Min="10,5" Avg="12"></item><item title="LOLEAKAGE" Max="-17" Min="-100"></item><item title="SPECTRUMMASK" Max="100" Min="0"></item><item title="SPECTRUMMARGIN" Max="1000" Min="0"></item></Criteria><Record><item title="Modulation" value="MCS8NSS1"></item><item title="Bandwidth" value="20"></item><item title="Channel" value="100"></item><item title="Antenna" value="1"></item><item title="ExpectedPower" value="12"></item><item title="Power" value="12"></item><item title="TestType" value="Tx"></item><item title="EVM" value="-32,3194" result="PASS"></item><item title="FREQERR" value="1,2849" result="PASS"></item><item title="SYMCLOCKERR" value="3,03817" result="PASS"></item><item title="POWER" value="10,947" result="PASS"></item><item title="LOLEAKAGE" value="-31,1665" result="PASS"></item><item title="SPECTRUMMASK" value="11,8701" result="PASS"></item><item title="SPECTRUMMARGIN" value="11,8701" result="PASS"></item></Record><Criteria><item title="Modulation" value="MCS8NSS1"></item><item title="Bandwidth" value="20"></item><item title="Antenna" value="1"></item><item title="Channel" value="100"></item><item title="RfIcTemperature" value="46"></item><item title="CpuTemperature" value="60"></item><item title="ExpectedPower" value="13"></item><item title="EVM" Max="-30" Min="-100"></item><item title="FREQERR" Max="15" Min="-15"></item><item title="SYMCLOCKERR" Max="20" Min="-100"></item><item title="POWER" Max="14,5" Min="11,5" Avg="13"></item><item title="LOLEAKAGE" Max="-17" Min="-100"></item><item title="SPECTRUMMASK" Max="100" Min="0"></item><item title="SPECTRUMMARGIN" Max="1000" Min="0"></item></Criteria><Record><item title="Modulation" value="MCS8NSS1"></item><item title="Bandwidth" value="20"></item><item title="Channel" value="100"></item><item title="Antenna" value="1"></item><item title="ExpectedPower" value="13"></item><item title="Power" value="13"></item><item title="TestType" value="Tx"></item><item title="EVM" value="-32,296" result="PASS"></item><item title="FREQERR" value="1,28756" result="PASS"></item><item title="SYMCLOCKERR" value="2,84334" result="PASS"></item><item title="POWER" value="11,9335" result="PASS"></item><item title="LOLEAKAGE" value="-31,4017" result="PASS"></item><item title="SPECTRUMMASK" value="11,8368" result="PASS"></item><item title="SPECTRUMMARGIN" value="11,8368" result="PASS"></item></Record><Criteria><item title="Modulation" value="MCS8NSS1"></item><item title="Bandwidth" value="20"></item><item title="Antenna" value="1"></item><item title="Channel" value="100"></item><item title="RfIcTemperature" value="46"></item><item title="CpuTemperature" value="60"></item><item title="ExpectedPower" value="14"></item><item title="EVM" Max="-30" Min="-100"></item><item title="FREQERR" Max="15" Min="-15"></item><item title="SYMCLOCKERR" Max="20" Min="-100"></item><item title="POWER" Max="15,5" Min="12,5" Avg="14"></item><item title="LOLEAKAGE" Max="-17" Min="-100"></item><item title="SPECTRUMMASK" Max="100" Min="0"></item><item title="SPECTRUMMARGIN" Max="1000" Min="0"></item></Criteria><Record><item title="Modulation" value="MCS8NSS1"></item><item title="Bandwidth" value="20"></item><item title="Channel" value="100"></item><item title="Antenna" value="1"></item><item title="ExpectedPower" value="14"></item><item title="Power" value="14"></item><item title="TestType" value="Tx"></item><item title="EVM" value="-32,9896" result="PASS"></item><item title="FREQERR" value="1,28873" result="PASS"></item><item title="SYMCLOCKERR" value="2,84418" result="PASS"></item><item title="POWER" value="12,9304" result="PASS"></item><item title="LOLEAKAGE" value="-33,1678" result="PASS"></item><item title="SPECTRUMMASK" value="12,201" result="PASS"></item><item title="SPECTRUMMARGIN" value="12,201" result="PASS"></item></Record><Criteria><item title="Modulation" value="MCS8NSS1"></item><item title="Bandwidth" value="20"></item><item title="Antenna" value="1"></item><item title="Channel" value="100"></item><item title="RfIcTemperature" value="46"></item><item title="CpuTemperature" value="60"></item><item title="ExpectedPower" value="15"></item><item title="EVM" Max="-30" Min="-100"></item><item title="FREQERR" Max="15" Min="-15"></item><item title="SYMCLOCKERR" Max="20" Min="-100"></item><item title="POWER" Max="16,5" Min="13,5" Avg="15"></item><item title="LOLEAKAGE" Max="-17" Min="-100"></item><item title="SPECTRUMMASK" Max="100" Min="0"></item><item title="SPECTRUMMARGIN" Max="1000" Min="0"></item></Criteria><Record><item title="Modulation" value="MCS8NSS1"></item><item title="Bandwidth" value="20"></item><item title="Channel" value="100"></item><item title="Antenna" value="1"></item><item title="ExpectedPower" value="15"></item><item title="Power" value="15"></item><item title="TestType" value="Tx"></item><item title="EVM" value="-32,7617" result="PASS"></item><item title="FREQERR" value="1,28811" result="PASS"></item><item title="SYMCLOCKERR" value="2,61803" result="PASS"></item><item title="POWER" value="13,9296" result="PASS"></item><item title="LOLEAKAGE" value="-35,1981" result="PASS"></item><item title="SPECTRUMMASK" value="12,177" result="PASS"></item><item title="SPECTRUMMARGIN" value="12,177" result="PASS"></item></Record><Criteria><item title="Modulation" value="MCS8NSS1"></item><item title="Bandwidth" value="20"></item><item title="Antenna" value="1"></item><item title="Channel" value="100"></item><item title="RfIcTemperature" value="46"></item><item title="CpuTemperature" value="60"></item><item title="ExpectedPower" value="16"></item><item title="EVM" Max="-30" Min="-100"></item><item title="FREQERR" Max="15" Min="-15"></item><item title="SYMCLOCKERR" Max="20" Min="-100"></item><item title="POWER" Max="17,5" Min="14,5" Avg="16"></item><item title="LOLEAKAGE" Max="-17" Min="-100"></item><item title="SPECTRUMMASK" Max="100" Min="0"></item><item title="SPECTRUMMARGIN" Max="1000" Min="0"></item></Criteria><Record><item title="Modulation" value="MCS8NSS1"></item><item title="Bandwidth" value="20"></item><item title="Channel" value="100"></item><item title="Antenna" value="1"></item><item title="ExpectedPower" value="16"></item><item title="Power" value="16"></item><item title="TestType" value="Tx"></item><item title="EVM" value="-31,8906" result="PASS"></item><item title="FREQERR" value="1,28898" result="PASS"></item><item title="SYMCLOCKERR" value="2,91454" result="PASS"></item><item title="POWER" value="14,9511" result="PASS"></item><item title="LOLEAKAGE" value="-37,9742" result="PASS"></item><item title="SPECTRUMMASK" value="11,8229" result="PASS"></item><item title="SPECTRUMMARGIN" value="11,8229" result="PASS"></item></Record><Criteria><item title="Modulation" value="MCS8NSS1"></item><item title="Bandwidth" value="20"></item><item title="Antenna" value="1"></item><item title="Channel" value="100"></item><item title="RfIcTemperature" value="46"></item><item title="CpuTemperature" value="60"></item><item title="ExpectedPower" value="17"></item><item title="EVM" Max="-30" Min="-100"></item><item title="FREQERR" Max="15" Min="-15"></item><item title="SYMCLOCKERR" Max="20" Min="-100"></item><item title="POWER" Max="18,5" Min="15,5" Avg="17"></item><item title="LOLEAKAGE" Max="-17" Min="-100"></item><item title="SPECTRUMMASK" Max="100" Min="0"></item><item title="SPECTRUMMARGIN" Max="1000" Min="0"></item></Criteria><Record><item title="Modulation" value="MCS8NSS1"></item><item title="Bandwidth" value="20"></item><item title="Channel" value="100"></item><item title="Antenna" value="1"></item><item title="ExpectedPower" value="17"></item><item title="Power" value="17"></item><item title="TestType" value="Tx"></item><item title="EVM" value="-32,8864" result="PASS"></item><item title="FREQERR" value="1,28881" result="PASS"></item><item title="SYMCLOCKERR" value="2,78781" result="PASS"></item><item title="POWER" value="15,8569" result="PASS"></item><item title="LOLEAKAGE" value="-38,2361" result="PASS"></item><item title="SPECTRUMMASK" value="13,2072" result="PASS"></item><item title="SPECTRUMMARGIN" value="13,2072" result="PASS"></item></Record><Criteria><item title="Modulation" value="MCS8NSS1"></item><item title="Bandwidth" value="20"></item><item title="Antenna" value="1"></item><item title="Channel" value="100"></item><item title="RfIcTemperature" value="46"></item><item title="CpuTemperature" value="60"></item><item title="ExpectedPower" value="18"></item><item title="EVM" Max="-30" Min="-100"></item><item title="FREQERR" Max="15" Min="-15"></item><item title="SYMCLOCKERR" Max="20" Min="-100"></item><item title="POWER" Max="19,5" Min="16,5" Avg="18"></item><item title="LOLEAKAGE" Max="-17" Min="-100"></item><item title="SPECTRUMMASK" Max="100" Min="0"></item><item title="SPECTRUMMARGIN" Max="1000" Min="0"></item></Criteria><Record><item title="Modulation" value="MCS8NSS1"></item><item title="Bandwidth" value="20"></item><item title="Channel" value="100"></item><item title="Antenna" value="1"></item><item title="ExpectedPower" value="18"></item><item title="Power" value="18"></item><item title="TestType" value="Tx"></item><item title="EVM" value="-32,0224" result="PASS"></item><item title="FREQERR" value="1,28628" result="PASS"></item><item title="SYMCLOCKERR" value="2,53189" result="PASS"></item><item title="POWER" value="16,7259" result="PASS"></item><item title="LOLEAKAGE" value="-37,8467" result="PASS"></item><item title="SPECTRUMMASK" value="11,0752" result="PASS"></item><item title="SPECTRUMMARGIN" value="11,0752" result="PASS"></item></Record><Criteria><item title="Modulation" value="MCS8NSS1"></item><item title="Bandwidth" value="20"></item><item title="Antenna" value="1"></item><item title="Channel" value="100"></item><item title="RfIcTemperature" value="46"></item><item title="CpuTemperature" value="60"></item><item title="ExpectedPower" value="19"></item><item title="EVM" Max="-30" Min="-100"></item><item title="FREQERR" Max="15" Min="-15"></item><item title="SYMCLOCKERR" Max="20" Min="-100"></item><item title="POWER" Max="20,5" Min="17,5" Avg="19"></item><item title="LOLEAKAGE" Max="-17" Min="-100"></item><item title="SPECTRUMMASK" Max="100" Min="0"></item><item title="SPECTRUMMARGIN" Max="1000" Min="0"></item></Criteria><Record><item title="Modulation" value="MCS8NSS1"></item><item title="Bandwidth" value="20"></item><item title="Channel" value="100"></item><item title="Antenna" value="1"></item><item title="ExpectedPower" value="19"></item><item title="Power" value="19"></item><item title="TestType" value="Tx"></item><item title="EVM" value="-32,3436" result="PASS"></item><item title="FREQERR" value="1,28559" result="PASS"></item><item title="SYMCLOCKERR" value="2,88656" result="PASS"></item><item title="POWER" value="17,7461" result="PASS"></item><item title="LOLEAKAGE" value="-42,2766" result="PASS"></item><item title="SPECTRUMMASK" value="12,1971" result="PASS"></item><item title="SPECTRUMMARGIN" value="12,1971" result="PASS"></item></Record><Criteria><item title="Modulation" value="MCS8NSS1"></item><item title="Bandwidth" value="20"></item><item title="Antenna" value="1"></item><item title="Channel" value="100"></item><item title="RfIcTemperature" value="46"></item><item title="CpuTemperature" value="60"></item><item title="ExpectedPower" value="20"></item><item title="EVM" Max="-30" Min="-100"></item><item title="FREQERR" Max="15" Min="-15"></item><item title="SYMCLOCKERR" Max="20" Min="-100"></item><item title="POWER" Max="21,5" Min="18,5" Avg="20"></item><item title="LOLEAKAGE" Max="-17" Min="-100"></item><item title="SPECTRUMMASK" Max="100" Min="0"></item><item title="SPECTRUMMARGIN" Max="1000" Min="0"></item></Criteria><Record><item title="Modulation" value="MCS8NSS1"></item><item title="Bandwidth" value="20"></item><item title="Channel" value="100"></item><item title="Antenna" value="1"></item><item title="ExpectedPower" value="20"></item><item title="Power" value="20"></item><item title="TestType" value="Tx"></item><item title="EVM" value="-31,9943" result="PASS"></item><item title="FREQERR" value="1,28945" result="PASS"></item><item title="SYMCLOCKERR" value="2,86084" result="PASS"></item><item title="POWER" value="18,7173" result="PASS"></item><item title="LOLEAKAGE" value="-47,4731" result="PASS"></item><item title="SPECTRUMMASK" value="12,3666" result="PASS"></item><item title="SPECTRUMMARGIN" value="12,3666" result="PASS"></item></Record><Criteria><item title="Modulation" value="MCS8NSS1"></item><item title="Bandwidth" value="20"></item><item title="Antenna" value="1"></item><item title="Channel" value="100"></item><item title="RfIcTemperature" value="46"></item><item title="CpuTemperature" value="60"></item><item title="ExpectedPower" value="21"></item><item title="EVM" Max="-30" Min="-100"></item><item title="FREQERR" Max="15" Min="-15"></item><item title="SYMCLOCKERR" Max="20" Min="-100"></item><item title="POWER" Max="22,5" Min="19,5" Avg="21"></item><item title="LOLEAKAGE" Max="-17" Min="-100"></item><item title="SPECTRUMMASK" Max="100" Min="0"></item><item title="SPECTRUMMARGIN" Max="1000" Min="0"></item></Criteria><Record><item title="Modulation" value="MCS8NSS1"></item><item title="Bandwidth" value="20"></item><item title="Channel" value="100"></item><item title="Antenna" value="1"></item><item title="ExpectedPower" value="21"></item><item title="Power" value="21"></item><item title="TestType" value="Tx"></item><item title="EVM" value="-30,8744" result="PASS"></item><item title="FREQERR" value="1,28584" result="PASS"></item><item title="SYMCLOCKERR" value="2,77371" result="PASS"></item><item title="POWER" value="19,7732" result="PASS"></item><item title="LOLEAKAGE" value="-48,0907" result="PASS"></item><item title="SPECTRUMMASK" value="12,1786" result="PASS"></item><item title="SPECTRUMMARGIN" value="12,1786" result="PASS"></item></Record><Criteria><item title="Modulation" value="MCS8NSS1"></item><item title="Bandwidth" value="20"></item><item title="Antenna" value="1"></item><item title="Channel" value="100"></item><item title="RfIcTemperature" value="46"></item><item title="CpuTemperature" value="60"></item><item title="ExpectedPower" value="22"></item><item title="EVM" Max="-30" Min="-100"></item><item title="FREQERR" Max="15" Min="-15"></item><item title="SYMCLOCKERR" Max="20" Min="-100"></item><item title="POWER" Max="23,5" Min="20,5" Avg="22"></item><item title="LOLEAKAGE" Max="-17" Min="-100"></item><item title="SPECTRUMMASK" Max="100" Min="0"></item><item title="SPECTRUMMARGIN" Max="1000" Min="0"></item></Criteria><Record><item title="Modulation" value="MCS8NSS1"></item><item title="Bandwidth" value="20"></item><item title="Channel" value="100"></item><item title="Antenna" value="1"></item><item title="ExpectedPower" value="22"></item><item title="Power" value="22"></item><item title="TestType" value="Tx"></item><item title="EVM" value="-28,9846" result="FAIL"></item><item title="FREQERR" value="1,2834" result="PASS"></item><item title="SYMCLOCKERR" value="2,55718" result="PASS"></item><item title="POWER" value="20,543" result="PASS"></item><item title="LOLEAKAGE" value="-53,2375" result="PASS"></item><item title="SPECTRUMMASK" value="11,5361" result="PASS"></item><item title="SPECTRUMMARGIN" value="11,5361" result="PASS"></item></Record><Criteria><item title="Modulation" value="MCS8NSS1"></item><item title="Bandwidth" value="20"></item><item title="Antenna" value="1"></item><item title="Channel" value="100"></item><item title="RfIcTemperature" value="46"></item><item title="CpuTemperature" value="60"></item><item title="ExpectedPower" value="23"></item><item title="EVM" Max="-30" Min="-100"></item><item title="FREQERR" Max="15" Min="-15"></item><item title="SYMCLOCKERR" Max="20" Min="-100"></item><item title="POWER" Max="24,5" Min="21,5" Avg="23"></item><item title="LOLEAKAGE" Max="-17" Min="-100"></item><item title="SPECTRUMMASK" Max="100" Min="0"></item><item title="SPECTRUMMARGIN" Max="1000" Min="0"></item></Criteria><Record><item title="Modulation" value="MCS8NSS1"></item><item title="Bandwidth" value="20"></item><item title="Channel" value="100"></item><item title="Antenna" value="1"></item><item title="ExpectedPower" value="23"></item><item title="Power" value="23"></item><item title="TestType" value="Tx"></item><item title="EVM" value="-26,2067" result="FAIL"></item><item title="FREQERR" value="1,29128" result="PASS"></item><item title="SYMCLOCKERR" value="1,99822" result="PASS"></item><item title="POWER" value="21,6046" result="PASS"></item><item title="LOLEAKAGE" value="-54,6272" result="PASS"></item><item title="SPECTRUMMASK" value="10,0996" result="PASS"></item><item title="SPECTRUMMARGIN" value="10,0996" result="PASS"></item></Record><Criteria><item title="Modulation" value="MCS8NSS1"></item><item title="Bandwidth" value="20"></item><item title="Antenna" value="1"></item><item title="Channel" value="100"></item><item title="RfIcTemperature" value="46"></item><item title="CpuTemperature" value="60"></item><item title="ExpectedPower" value="24"></item><item title="EVM" Max="-30" Min="-100"></item><item title="FREQERR" Max="15" Min="-15"></item><item title="SYMCLOCKERR" Max="20" Min="-100"></item><item title="POWER" Max="25,5" Min="22,5" Avg="24"></item><item title="LOLEAKAGE" Max="-17" Min="-100"></item><item title="SPECTRUMMASK" Max="100" Min="0"></item><item title="SPECTRUMMARGIN" Max="1000" Min="0"></item></Criteria><Record><item title="Modulation" value="MCS8NSS1"></item><item title="Bandwidth" value="20"></item><item title="Channel" value="100"></item><item title="Antenna" value="1"></item><item title="ExpectedPower" value="24"></item><item title="Power" value="24"></item><item title="TestType" value="Tx"></item><item title="EVM" value="-23,7826" result="FAIL"></item><item title="FREQERR" value="1,2862" result="PASS"></item><item title="SYMCLOCKERR" value="7,92262" result="PASS"></item><item title="POWER" value="22,7094" result="PASS"></item><item title="LOLEAKAGE" value="-51,4706" result="PASS"></item><item title="SPECTRUMMASK" value="7,06741" result="PASS"></item><item title="SPECTRUMMARGIN" value="7,06741" result="PASS"></item></Record><Criteria><item title="Modulation" value="MCS8NSS1"></item><item title="Bandwidth" value="20"></item><item title="Antenna" value="1"></item><item title="Channel" value="100"></item><item title="RfIcTemperature" value="46"></item><item title="CpuTemperature" value="60"></item><item title="ExpectedPower" value="25"></item><item title="EVM" Max="-30" Min="-100"></item><item title="FREQERR" Max="15" Min="-15"></item><item title="SYMCLOCKERR" Max="20" Min="-100"></item><item title="POWER" Max="26,5" Min="23,5" Avg="25"></item><item title="LOLEAKAGE" Max="-17" Min="-100"></item><item title="SPECTRUMMASK" Max="100" Min="0"></item><item title="SPECTRUMMARGIN" Max="1000" Min="0"></item></Criteria><Record><item title="Modulation" value="MCS8NSS1"></item><item title="Bandwidth" value="20"></item><item title="Channel" value="100"></item><item title="Antenna" value="1"></item><item title="ExpectedPower" value="25"></item><item title="Power" value="25"></item><item title="TestType" value="Tx"></item><item title="EVM" value="-22,7229" result="FAIL"></item><item title="FREQERR" value="1,2924" result="PASS"></item><item title="SYMCLOCKERR" value="1,96423" result="PASS"></item><item title="POWER" value="23,6198" result="PASS"></item><item title="LOLEAKAGE" value="-47,7778" result="PASS"></item><item title="SPECTRUMMASK" value="2,32429" result="PASS"></item><item title="SPECTRUMMARGIN" value="2,32429" result="PASS"></item></Record><Criteria><item title="Modulation" value="MCS8NSS1"></item><item title="Bandwidth" value="20"></item><item title="Antenna" value="2"></item><item title="Channel" value="100"></item><item title="RfIcTemperature" value="46"></item><item title="CpuTemperature" value="60"></item><item title="ExpectedPower" value="10"></item><item title="EVM" Max="-30" Min="-100"></item><item title="FREQERR" Max="15" Min="-15"></item><item title="SYMCLOCKERR" Max="20" Min="-100"></item><item title="POWER" Max="11,5" Min="8,5" Avg="10"></item><item title="LOLEAKAGE" Max="-17" Min="-100"></item><item title="SPECTRUMMASK" Max="100" Min="0"></item><item title="SPECTRUMMARGIN" Max="1000" Min="0"></item></Criteria><Record><item title="Modulation" value="MCS8NSS1"></item><item title="Bandwidth" value="20"></item><item title="Channel" value="100"></item><item title="Antenna" value="2"></item><item title="ExpectedPower" value="10"></item><item title="Power" value="10"></item><item title="TestType" value="Tx"></item><item title="EVM" value="-36,1108" result="PASS"></item><item title="FREQERR" value="1,2887" result="PASS"></item><item title="SYMCLOCKERR" value="1,60675" result="PASS"></item><item title="POWER" value="8,84106" result="PASS"></item><item title="LOLEAKAGE" value="-31,4308" result="PASS"></item><item title="SPECTRUMMASK" value="11,8809" result="PASS"></item><item title="SPECTRUMMARGIN" value="11,8809" result="PASS"></item></Record><Criteria><item title="Modulation" value="MCS8NSS1"></item><item title="Bandwidth" value="20"></item><item title="Antenna" value="2"></item><item title="Channel" value="100"></item><item title="RfIcTemperature" value="46"></item><item title="CpuTemperature" value="60"></item><item title="ExpectedPower" value="11"></item><item title="EVM" Max="-30" Min="-100"></item><item title="FREQERR" Max="15" Min="-15"></item><item title="SYMCLOCKERR" Max="20" Min="-100"></item><item title="POWER" Max="12,5" Min="9,5" Avg="11"></item><item title="LOLEAKAGE" Max="-17" Min="-100"></item><item title="SPECTRUMMASK" Max="100" Min="0"></item><item title="SPECTRUMMARGIN" Max="1000" Min="0"></item></Criteria><Record><item title="Modulation" value="MCS8NSS1"></item><item title="Bandwidth" value="20"></item><item title="Channel" value="100"></item><item title="Antenna" value="2"></item><item title="ExpectedPower" value="11"></item><item title="Power" value="11"></item><item title="TestType" value="Tx"></item><item title="EVM" value="-36,5661" result="PASS"></item><item title="FREQERR" value="1,28946" result="PASS"></item><item title="SYMCLOCKERR" value="1,23823" result="PASS"></item><item title="POWER" value="10,2995" result="PASS"></item><item title="LOLEAKAGE" value="-31,3265" result="PASS"></item><item title="SPECTRUMMASK" value="11,981" result="PASS"></item><item title="SPECTRUMMARGIN" value="11,981" result="PASS"></item></Record><Criteria><item title="Modulation" value="MCS8NSS1"></item><item title="Bandwidth" value="20"></item><item title="Antenna" value="2"></item><item title="Channel" value="100"></item><item title="RfIcTemperature" value="46"></item><item title="CpuTemperature" value="60"></item><item title="ExpectedPower" value="12"></item><item title="EVM" Max="-30" Min="-100"></item><item title="FREQERR" Max="15" Min="-15"></item><item title="SYMCLOCKERR" Max="20" Min="-100"></item><item title="POWER" Max="13,5" Min="10,5" Avg="12"></item><item title="LOLEAKAGE" Max="-17" Min="-100"></item><item title="SPECTRUMMASK" Max="100" Min="0"></item><item title="SPECTRUMMARGIN" Max="1000" Min="0"></item></Criteria><Record><item title="Modulation" value="MCS8NSS1"></item><item title="Bandwidth" value="20"></item><item title="Channel" value="100"></item><item title="Antenna" value="2"></item><item title="ExpectedPower" value="12"></item><item title="Power" value="12"></item><item title="TestType" value="Tx"></item><item title="EVM" value="-34,4865" result="PASS"></item><item title="FREQERR" value="1,28917" result="PASS"></item><item title="SYMCLOCKERR" value="0,993878" result="PASS"></item><item title="POWER" value="11,1913" result="PASS"></item><item title="LOLEAKAGE" value="-31,1719" result="PASS"></item><item title="SPECTRUMMASK" value="11,2865" result="PASS"></item><item title="SPECTRUMMARGIN" value="11,2865" result="PASS"></item></Record><Criteria><item title="Modulation" value="MCS8NSS1"></item><item title="Bandwidth" value="20"></item><item title="Antenna" value="2"></item><item title="Channel" value="100"></item><item title="RfIcTemperature" value="46"></item><item title="CpuTemperature" value="60"></item><item title="ExpectedPower" value="13"></item><item title="EVM" Max="-30" Min="-100"></item><item title="FREQERR" Max="15" Min="-15"></item><item title="SYMCLOCKERR" Max="20" Min="-100"></item><item title="POWER" Max="14,5" Min="11,5" Avg="13"></item><item title="LOLEAKAGE" Max="-17" Min="-100"></item><item title="SPECTRUMMASK" Max="100" Min="0"></item><item title="SPECTRUMMARGIN" Max="1000" Min="0"></item></Criteria><Record><item title="Modulation" value="MCS8NSS1"></item><item title="Bandwidth" value="20"></item><item title="Channel" value="100"></item><item title="Antenna" value="2"></item><item title="ExpectedPower" value="13"></item><item title="Power" value="13"></item><item title="TestType" value="Tx"></item><item title="EVM" value="-36,0861" result="PASS"></item><item title="FREQERR" value="1,29298" result="PASS"></item><item title="SYMCLOCKERR" value="1,00792" result="PASS"></item><item title="POWER" value="12,1152" result="PASS"></item><item title="LOLEAKAGE" value="-31,828" result="PASS"></item><item title="SPECTRUMMASK" value="11,0924" result="PASS"></item><item title="SPECTRUMMARGIN" value="11,0924" result="PASS"></item></Record><Criteria><item title="Modulation" value="MCS8NSS1"></item><item title="Bandwidth" value="20"></item><item title="Antenna" value="2"></item><item title="Channel" value="100"></item><item title="RfIcTemperature" value="46"></item><item title="CpuTemperature" value="60"></item><item title="ExpectedPower" value="14"></item><item title="EVM" Max="-30" Min="-100"></item><item title="FREQERR" Max="15" Min="-15"></item><item title="SYMCLOCKERR" Max="20" Min="-100"></item><item title="POWER" Max="15,5" Min="12,5" Avg="14"></item><item title="LOLEAKAGE" Max="-17" Min="-100"></item><item title="SPECTRUMMASK" Max="100" Min="0"></item><item title="SPECTRUMMARGIN" Max="1000" Min="0"></item></Criteria><Record><item title="Modulation" value="MCS8NSS1"></item><item title="Bandwidth" value="20"></item><item title="Channel" value="100"></item><item title="Antenna" value="2"></item><item title="ExpectedPower" value="14"></item><item title="Power" value="14"></item><item title="TestType" value="Tx"></item><item title="EVM" value="-35,7692" result="PASS"></item><item title="FREQERR" value="1,2928" result="PASS"></item><item title="SYMCLOCKERR" value="1,23837" result="PASS"></item><item title="POWER" value="13,1434" result="PASS"></item><item title="LOLEAKAGE" value="-35,043" result="PASS"></item><item title="SPECTRUMMASK" value="11,6196" result="PASS"></item><item title="SPECTRUMMARGIN" value="11,6196" result="PASS"></item></Record><Criteria><item title="Modulation" value="MCS8NSS1"></item><item title="Bandwidth" value="20"></item><item title="Antenna" value="2"></item><item title="Channel" value="100"></item><item title="RfIcTemperature" value="46"></item><item title="CpuTemperature" value="60"></item><item title="ExpectedPower" value="15"></item><item title="EVM" Max="-30" Min="-100"></item><item title="FREQERR" Max="15" Min="-15"></item><item title="SYMCLOCKERR" Max="20" Min="-100"></item><item title="POWER" Max="16,5" Min="13,5" Avg="15"></item><item title="LOLEAKAGE" Max="-17" Min="-100"></item><item title="SPECTRUMMASK" Max="100" Min="0"></item><item title="SPECTRUMMARGIN" Max="1000" Min="0"></item></Criteria><Record><item title="Modulation" value="MCS8NSS1"></item><item title="Bandwidth" value="20"></item><item title="Channel" value="100"></item><item title="Antenna" value="2"></item><item title="ExpectedPower" value="15"></item><item title="Power" value="15"></item><item title="TestType" value="Tx"></item><item title="EVM" value="-36,1162" result="PASS"></item><item title="FREQERR" value="1,29236" result="PASS"></item><item title="SYMCLOCKERR" value="1,64216" result="PASS"></item><item title="POWER" value="14,329" result="PASS"></item><item title="LOLEAKAGE" value="-35,7434" result="PASS"></item><item title="SPECTRUMMASK" value="11,0729" result="PASS"></item><item title="SPECTRUMMARGIN" value="11,0729" result="PASS"></item></Record><Criteria><item title="Modulation" value="MCS8NSS1"></item><item title="Bandwidth" value="20"></item><item title="Antenna" value="2"></item><item title="Channel" value="100"></item><item title="RfIcTemperature" value="46"></item><item title="CpuTemperature" value="60"></item><item title="ExpectedPower" value="16"></item><item title="EVM" Max="-30" Min="-100"></item><item title="FREQERR" Max="15" Min="-15"></item><item title="SYMCLOCKERR" Max="20" Min="-100"></item><item title="POWER" Max="17,5" Min="14,5" Avg="16"></item><item title="LOLEAKAGE" Max="-17" Min="-100"></item><item title="SPECTRUMMASK" Max="100" Min="0"></item><item title="SPECTRUMMARGIN" Max="1000" Min="0"></item></Criteria><Record><item title="Modulation" value="MCS8NSS1"></item><item title="Bandwidth" value="20"></item><item title="Channel" value="100"></item><item title="Antenna" value="2"></item><item title="ExpectedPower" value="16"></item><item title="Power" value="16"></item><item title="TestType" value="Tx"></item><item title="EVM" value="-33,8422" result="PASS"></item><item title="FREQERR" value="1,29243" result="PASS"></item><item title="SYMCLOCKERR" value="1,21246" result="PASS"></item><item title="POWER" value="15,2264" result="PASS"></item><item title="LOLEAKAGE" value="-42,5658" result="PASS"></item><item title="SPECTRUMMASK" value="10,6549" result="PASS"></item><item title="SPECTRUMMARGIN" value="10,6549" result="PASS"></item></Record><Criteria><item title="Modulation" value="MCS8NSS1"></item><item title="Bandwidth" value="20"></item><item title="Antenna" value="2"></item><item title="Channel" value="100"></item><item title="RfIcTemperature" value="46"></item><item title="CpuTemperature" value="60"></item><item title="ExpectedPower" value="17"></item><item title="EVM" Max="-30" Min="-100"></item><item title="FREQERR" Max="15" Min="-15"></item><item title="SYMCLOCKERR" Max="20" Min="-100"></item><item title="POWER" Max="18,5" Min="15,5" Avg="17"></item><item title="LOLEAKAGE" Max="-17" Min="-100"></item><item title="SPECTRUMMASK" Max="100" Min="0"></item><item title="SPECTRUMMARGIN" Max="1000" Min="0"></item></Criteria><Record><item title="Modulation" value="MCS8NSS1"></item><item title="Bandwidth" value="20"></item><item title="Channel" value="100"></item><item title="Antenna" value="2"></item><item title="ExpectedPower" value="17"></item><item title="Power" value="17"></item><item title="TestType" value="Tx"></item><item title="EVM" value="-35,1419" result="PASS"></item><item title="FREQERR" value="1,29536" result="PASS"></item><item title="SYMCLOCKERR" value="1,32596" result="PASS"></item><item title="POWER" value="16,3949" result="PASS"></item><item title="LOLEAKAGE" value="-42,4258" result="PASS"></item><item title="SPECTRUMMASK" value="10,4829" result="PASS"></item><item title="SPECTRUMMARGIN" value="10,4829" result="PASS"></item></Record><Criteria><item title="Modulation" value="MCS8NSS1"></item><item title="Bandwidth" value="20"></item><item title="Antenna" value="2"></item><item title="Channel" value="100"></item><item title="RfIcTemperature" value="46"></item><item title="CpuTemperature" value="60"></item><item title="ExpectedPower" value="18"></item><item title="EVM" Max="-30" Min="-100"></item><item title="FREQERR" Max="15" Min="-15"></item><item title="SYMCLOCKERR" Max="20" Min="-100"></item><item title="POWER" Max="19,5" Min="16,5" Avg="18"></item><item title="LOLEAKAGE" Max="-17" Min="-100"></item><item title="SPECTRUMMASK" Max="100" Min="0"></item><item title="SPECTRUMMARGIN" Max="1000" Min="0"></item></Criteria><Record><item title="Modulation" value="MCS8NSS1"></item><item title="Bandwidth" value="20"></item><item title="Channel" value="100"></item><item title="Antenna" value="2"></item><item title="ExpectedPower" value="18"></item><item title="Power" value="18"></item><item title="TestType" value="Tx"></item><item title="EVM" value="-35,8004" result="PASS"></item><item title="FREQERR" value="1,29294" result="PASS"></item><item title="SYMCLOCKERR" value="1,18873" result="PASS"></item><item title="POWER" value="17,2125" result="PASS"></item><item title="LOLEAKAGE" value="-43,1261" result="PASS"></item><item title="SPECTRUMMASK" value="12,1355" result="PASS"></item><item title="SPECTRUMMARGIN" value="12,1355" result="PASS"></item></Record><Criteria><item title="Modulation" value="MCS8NSS1"></item><item title="Bandwidth" value="20"></item><item title="Antenna" value="2"></item><item title="Channel" value="100"></item><item title="RfIcTemperature" value="46"></item><item title="CpuTemperature" value="60"></item><item title="ExpectedPower" value="19"></item><item title="EVM" Max="-30" Min="-100"></item><item title="FREQERR" Max="15" Min="-15"></item><item title="SYMCLOCKERR" Max="20" Min="-100"></item><item title="POWER" Max="20,5" Min="17,5" Avg="19"></item><item title="LOLEAKAGE" Max="-17" Min="-100"></item><item title="SPECTRUMMASK" Max="100" Min="0"></item><item title="SPECTRUMMARGIN" Max="1000" Min="0"></item></Criteria><Record><item title="Modulation" value="MCS8NSS1"></item><item title="Bandwidth" value="20"></item><item title="Channel" value="100"></item><item title="Antenna" value="2"></item><item title="ExpectedPower" value="19"></item><item title="Power" value="19"></item><item title="TestType" value="Tx"></item><item title="EVM" value="-34,8769" result="PASS"></item><item title="FREQERR" value="1,29194" result="PASS"></item><item title="SYMCLOCKERR" value="1,42149" result="PASS"></item><item title="POWER" value="18,4403" result="PASS"></item><item title="LOLEAKAGE" value="-48,5796" result="PASS"></item><item title="SPECTRUMMASK" value="11,5184" result="PASS"></item><item title="SPECTRUMMARGIN" value="11,5184" result="PASS"></item></Record><Criteria><item title="Modulation" value="MCS8NSS1"></item><item title="Bandwidth" value="20"></item><item title="Antenna" value="2"></item><item title="Channel" value="100"></item><item title="RfIcTemperature" value="46"></item><item title="CpuTemperature" value="60"></item><item title="ExpectedPower" value="20"></item><item title="EVM" Max="-30" Min="-100"></item><item title="FREQERR" Max="15" Min="-15"></item><item title="SYMCLOCKERR" Max="20" Min="-100"></item><item title="POWER" Max="21,5" Min="18,5" Avg="20"></item><item title="LOLEAKAGE" Max="-17" Min="-100"></item><item title="SPECTRUMMASK" Max="100" Min="0"></item><item title="SPECTRUMMARGIN" Max="1000" Min="0"></item></Criteria><Record><item title="Modulation" value="MCS8NSS1"></item><item title="Bandwidth" value="20"></item><item title="Channel" value="100"></item><item title="Antenna" value="2"></item><item title="ExpectedPower" value="20"></item><item title="Power" value="20"></item><item title="TestType" value="Tx"></item><item title="EVM" value="-33,0014" result="PASS"></item><item title="FREQERR" value="1,29287" result="PASS"></item><item title="SYMCLOCKERR" value="1,86051" result="PASS"></item><item title="POWER" value="19,2856" result="PASS"></item><item title="LOLEAKAGE" value="-45,5229" result="PASS"></item><item title="SPECTRUMMASK" value="11,9625" result="PASS"></item><item title="SPECTRUMMARGIN" value="11,9625" result="PASS"></item></Record><Criteria><item title="Modulation" value="MCS8NSS1"></item><item title="Bandwidth" value="20"></item><item title="Antenna" value="2"></item><item title="Channel" value="100"></item><item title="RfIcTemperature" value="46"></item><item title="CpuTemperature" value="60"></item><item title="ExpectedPower" value="21"></item><item title="EVM" Max="-30" Min="-100"></item><item title="FREQERR" Max="15" Min="-15"></item><item title="SYMCLOCKERR" Max="20" Min="-100"></item><item title="POWER" Max="22,5" Min="19,5" Avg="21"></item><item title="LOLEAKAGE" Max="-17" Min="-100"></item><item title="SPECTRUMMASK" Max="100" Min="0"></item><item title="SPECTRUMMARGIN" Max="1000" Min="0"></item></Criteria><Record><item title="Modulation" value="MCS8NSS1"></item><item title="Bandwidth" value="20"></item><item title="Channel" value="100"></item><item title="Antenna" value="2"></item><item title="ExpectedPower" value="21"></item><item title="Power" value="21"></item><item title="TestType" value="Tx"></item><item title="EVM" value="-31,6089" result="PASS"></item><item title="FREQERR" value="1,29457" result="PASS"></item><item title="SYMCLOCKERR" value="1,01037" result="PASS"></item><item title="POWER" value="20,4651" result="PASS"></item><item title="LOLEAKAGE" value="-49,5827" result="PASS"></item><item title="SPECTRUMMASK" value="10,754" result="PASS"></item><item title="SPECTRUMMARGIN" value="10,754" result="PASS"></item></Record><Criteria><item title="Modulation" value="MCS8NSS1"></item><item title="Bandwidth" value="20"></item><item title="Antenna" value="2"></item><item title="Channel" value="100"></item><item title="RfIcTemperature" value="46"></item><item title="CpuTemperature" value="60"></item><item title="ExpectedPower" value="22"></item><item title="EVM" Max="-30" Min="-100"></item><item title="FREQERR" Max="15" Min="-15"></item><item title="SYMCLOCKERR" Max="20" Min="-100"></item><item title="POWER" Max="23,5" Min="20,5" Avg="22"></item><item title="LOLEAKAGE" Max="-17" Min="-100"></item><item title="SPECTRUMMASK" Max="100" Min="0"></item><item title="SPECTRUMMARGIN" Max="1000" Min="0"></item></Criteria><Record><item title="Modulation" value="MCS8NSS1"></item><item title="Bandwidth" value="20"></item><item title="Channel" value="100"></item><item title="Antenna" value="2"></item><item title="ExpectedPower" value="22"></item><item title="Power" value="22"></item><item title="TestType" value="Tx"></item><item title="EVM" value="-30,8546" result="PASS"></item><item title="FREQERR" value="1,29254" result="PASS"></item><item title="SYMCLOCKERR" value="0,796606" result="PASS"></item><item title="POWER" value="21,0713" result="PASS"></item><item title="LOLEAKAGE" value="-51,6264" result="PASS"></item><item title="SPECTRUMMASK" value="11,4295" result="PASS"></item><item title="SPECTRUMMARGIN" value="11,4295" result="PASS"></item></Record><Criteria><item title="Modulation" value="MCS8NSS1"></item><item title="Bandwidth" value="20"></item><item title="Antenna" value="2"></item><item title="Channel" value="100"></item><item title="RfIcTemperature" value="46"></item><item title="CpuTemperature" value="60"></item><item title="ExpectedPower" value="23"></item><item title="EVM" Max="-30" Min="-100"></item><item title="FREQERR" Max="15" Min="-15"></item><item title="SYMCLOCKERR" Max="20" Min="-100"></item><item title="POWER" Max="24,5" Min="21,5" Avg="23"></item><item title="LOLEAKAGE" Max="-17" Min="-100"></item><item title="SPECTRUMMASK" Max="100" Min="0"></item><item title="SPECTRUMMARGIN" Max="1000" Min="0"></item></Criteria><Record><item title="Modulation" value="MCS8NSS1"></item><item title="Bandwidth" value="20"></item><item title="Channel" value="100"></item><item title="Antenna" value="2"></item><item title="ExpectedPower" value="23"></item><item title="Power" value="23"></item><item title="TestType" value="Tx"></item><item title="EVM" value="-28,0809" result="FAIL"></item><item title="FREQERR" value="1,29392" result="PASS"></item><item title="SYMCLOCKERR" value="1,95652" result="PASS"></item><item title="POWER" value="22,2544" result="PASS"></item><item title="LOLEAKAGE" value="-50,3666" result="PASS"></item><item title="SPECTRUMMASK" value="12,3223" result="PASS"></item><item title="SPECTRUMMARGIN" value="12,3223" result="PASS"></item></Record><Criteria><item title="Modulation" value="MCS8NSS1"></item><item title="Bandwidth" value="20"></item><item title="Antenna" value="2"></item><item title="Channel" value="100"></item><item title="RfIcTemperature" value="46"></item><item title="CpuTemperature" value="60"></item><item title="ExpectedPower" value="24"></item><item title="EVM" Max="-30" Min="-100"></item><item title="FREQERR" Max="15" Min="-15"></item><item title="SYMCLOCKERR" Max="20" Min="-100"></item><item title="POWER" Max="25,5" Min="22,5" Avg="24"></item><item title="LOLEAKAGE" Max="-17" Min="-100"></item><item title="SPECTRUMMASK" Max="100" Min="0"></item><item title="SPECTRUMMARGIN" Max="1000" Min="0"></item></Criteria><Record><item title="Modulation" value="MCS8NSS1"></item><item title="Bandwidth" value="20"></item><item title="Channel" value="100"></item><item title="Antenna" value="2"></item><item title="ExpectedPower" value="24"></item><item title="Power" value="24"></item><item title="TestType" value="Tx"></item><item title="EVM" value="-25,4454" result="FAIL"></item><item title="FREQERR" value="1,29012" result="PASS"></item><item title="SYMCLOCKERR" value="2,32039" result="PASS"></item><item title="POWER" value="23,1136" result="PASS"></item><item title="LOLEAKAGE" value="-42,4425" result="PASS"></item><item title="SPECTRUMMASK" value="10,1564" result="PASS"></item><item title="SPECTRUMMARGIN" value="10,1564" result="PASS"></item></Record><Criteria><item title="Modulation" value="MCS8NSS1"></item><item title="Bandwidth" value="20"></item><item title="Antenna" value="2"></item><item title="Channel" value="100"></item><item title="RfIcTemperature" value="46"></item><item title="CpuTemperature" value="60"></item><item title="ExpectedPower" value="25"></item><item title="EVM" Max="-30" Min="-100"></item><item title="FREQERR" Max="15" Min="-15"></item><item title="SYMCLOCKERR" Max="20" Min="-100"></item><item title="POWER" Max="26,5" Min="23,5" Avg="25"></item><item title="LOLEAKAGE" Max="-17" Min="-100"></item><item title="SPECTRUMMASK" Max="100" Min="0"></item><item title="SPECTRUMMARGIN" Max="1000" Min="0"></item></Criteria><Record><item title="Modulation" value="MCS8NSS1"></item><item title="Bandwidth" value="20"></item><item title="Channel" value="100"></item><item title="Antenna" value="2"></item><item title="ExpectedPower" value="25"></item><item title="Power" value="25"></item><item title="TestType" value="Tx"></item><item title="EVM" value="-23,5963" result="FAIL"></item><item title="FREQERR" value="1,29078" result="PASS"></item><item title="SYMCLOCKERR" value="2,78728" result="PASS"></item><item title="POWER" value="24,2573" result="PASS"></item><item title="LOLEAKAGE" value="-43,7855" result="PASS"></item><item title="SPECTRUMMASK" value="6,8813" result="PASS"></item><item title="SPECTRUMMARGIN" value="6,8813" result="PASS"></item></Record><Criteria><item title="Modulation" value="MCS8NSS1"></item><item title="Bandwidth" value="20"></item><item title="Antenna" value="3"></item><item title="Channel" value="100"></item><item title="RfIcTemperature" value="46"></item><item title="CpuTemperature" value="60"></item><item title="ExpectedPower" value="10"></item><item title="EVM" Max="-30" Min="-100"></item><item title="FREQERR" Max="15" Min="-15"></item><item title="SYMCLOCKERR" Max="20" Min="-100"></item><item title="POWER" Max="11,5" Min="8,5" Avg="10"></item><item title="LOLEAKAGE" Max="-17" Min="-100"></item><item title="SPECTRUMMASK" Max="100" Min="0"></item><item title="SPECTRUMMARGIN" Max="1000" Min="0"></item></Criteria><Record><item title="Modulation" value="MCS8NSS1"></item><item title="Bandwidth" value="20"></item><item title="Channel" value="100"></item><item title="Antenna" value="3"></item><item title="ExpectedPower" value="10"></item><item title="Power" value="10"></item><item title="TestType" value="Tx"></item><item title="EVM" value="-37,4585" result="PASS"></item><item title="FREQERR" value="1,28208" result="PASS"></item><item title="SYMCLOCKERR" value="2,43911" result="PASS"></item><item title="POWER" value="8,1241" result="FAIL"></item><item title="LOLEAKAGE" value="-27,4782" result="PASS"></item><item title="SPECTRUMMASK" value="11,8836" result="PASS"></item><item title="SPECTRUMMARGIN" value="11,8836" result="PASS"></item></Record><Criteria><item title="Modulation" value="MCS8NSS1"></item><item title="Bandwidth" value="20"></item><item title="Antenna" value="3"></item><item title="Channel" value="100"></item><item title="RfIcTemperature" value="46"></item><item title="CpuTemperature" value="60"></item><item title="ExpectedPower" value="11"></item><item title="EVM" Max="-30" Min="-100"></item><item title="FREQERR" Max="15" Min="-15"></item><item title="SYMCLOCKERR" Max="20" Min="-100"></item><item title="POWER" Max="12,5" Min="9,5" Avg="11"></item><item title="LOLEAKAGE" Max="-17" Min="-100"></item><item title="SPECTRUMMASK" Max="100" Min="0"></item><item title="SPECTRUMMARGIN" Max="1000" Min="0"></item></Criteria><Record><item title="Modulation" value="MCS8NSS1"></item><item title="Bandwidth" value="20"></item><item title="Channel" value="100"></item><item title="Antenna" value="3"></item><item title="ExpectedPower" value="11"></item><item title="Power" value="11"></item><item title="TestType" value="Tx"></item><item title="EVM" value="-38,9558" result="PASS"></item><item title="FREQERR" value="1,28836" result="PASS"></item><item title="SYMCLOCKERR" value="1,67731" result="PASS"></item><item title="POWER" value="9,66933" result="PASS"></item><item title="LOLEAKAGE" value="-28,8671" result="PASS"></item><item title="SPECTRUMMASK" value="11,3287" result="PASS"></item><item title="SPECTRUMMARGIN" value="11,3287" result="PASS"></item></Record><Criteria><item title="Modulation" value="MCS8NSS1"></item><item title="Bandwidth" value="20"></item><item title="Antenna" value="3"></item><item title="Channel" value="100"></item><item title="RfIcTemperature" value="46"></item><item title="CpuTemperature" value="60"></item><item title="ExpectedPower" value="12"></item><item title="EVM" Max="-30" Min="-100"></item><item title="FREQERR" Max="15" Min="-15"></item><item title="SYMCLOCKERR" Max="20" Min="-100"></item><item title="POWER" Max="13,5" Min="10,5" Avg="12"></item><item title="LOLEAKAGE" Max="-17" Min="-100"></item><item title="SPECTRUMMASK" Max="100" Min="0"></item><item title="SPECTRUMMARGIN" Max="1000" Min="0"></item></Criteria><Record><item title="Modulation" value="MCS8NSS1"></item><item title="Bandwidth" value="20"></item><item title="Channel" value="100"></item><item title="Antenna" value="3"></item><item title="ExpectedPower" value="12"></item><item title="Power" value="12"></item><item title="TestType" value="Tx"></item><item title="EVM" value="-37,7302" result="PASS"></item><item title="FREQERR" value="1,29106" result="PASS"></item><item title="SYMCLOCKERR" value="1,82569" result="PASS"></item><item title="POWER" value="10,8533" result="PASS"></item><item title="LOLEAKAGE" value="-28,7347" result="PASS"></item><item title="SPECTRUMMASK" value="11,9437" result="PASS"></item><item title="SPECTRUMMARGIN" value="11,9437" result="PASS"></item></Record><Criteria><item title="Modulation" value="MCS8NSS1"></item><item title="Bandwidth" value="20"></item><item title="Antenna" value="3"></item><item title="Channel" value="100"></item><item title="RfIcTemperature" value="46"></item><item title="CpuTemperature" value="60"></item><item title="ExpectedPower" value="13"></item><item title="EVM" Max="-30" Min="-100"></item><item title="FREQERR" Max="15" Min="-15"></item><item title="SYMCLOCKERR" Max="20" Min="-100"></item><item title="POWER" Max="14,5" Min="11,5" Avg="13"></item><item title="LOLEAKAGE" Max="-17" Min="-100"></item><item title="SPECTRUMMASK" Max="100" Min="0"></item><item title="SPECTRUMMARGIN" Max="1000" Min="0"></item></Criteria><Record><item title="Modulation" value="MCS8NSS1"></item><item title="Bandwidth" value="20"></item><item title="Channel" value="100"></item><item title="Antenna" value="3"></item><item title="ExpectedPower" value="13"></item><item title="Power" value="13"></item><item title="TestType" value="Tx"></item><item title="EVM" value="-35,8218" result="PASS"></item><item title="FREQERR" value="1,29515" result="PASS"></item><item title="SYMCLOCKERR" value="2,12966" result="PASS"></item><item title="POWER" value="11,7545" result="PASS"></item><item title="LOLEAKAGE" value="-29,2982" result="PASS"></item><item title="SPECTRUMMASK" value="11,5643" result="PASS"></item><item title="SPECTRUMMARGIN" value="11,5643" result="PASS"></item></Record><Criteria><item title="Modulation" value="MCS8NSS1"></item><item title="Bandwidth" value="20"></item><item title="Antenna" value="3"></item><item title="Channel" value="100"></item><item title="RfIcTemperature" value="46"></item><item title="CpuTemperature" value="60"></item><item title="ExpectedPower" value="14"></item><item title="EVM" Max="-30" Min="-100"></item><item title="FREQERR" Max="15" Min="-15"></item><item title="SYMCLOCKERR" Max="20" Min="-100"></item><item title="POWER" Max="15,5" Min="12,5" Avg="14"></item><item title="LOLEAKAGE" Max="-17" Min="-100"></item><item title="SPECTRUMMASK" Max="100" Min="0"></item><item title="SPECTRUMMARGIN" Max="1000" Min="0"></item></Criteria><Record><item title="Modulation" value="MCS8NSS1"></item><item title="Bandwidth" value="20"></item><item title="Channel" value="100"></item><item title="Antenna" value="3"></item><item title="ExpectedPower" value="14"></item><item title="Power" value="14"></item><item title="TestType" value="Tx"></item><item title="EVM" value="-37,3961" result="PASS"></item><item title="FREQERR" value="1,29207" result="PASS"></item><item title="SYMCLOCKERR" value="2,12537" result="PASS"></item><item title="POWER" value="12,6981" result="PASS"></item><item title="LOLEAKAGE" value="-29,157" result="PASS"></item><item title="SPECTRUMMASK" value="11,5846" result="PASS"></item><item title="SPECTRUMMARGIN" value="11,5846" result="PASS"></item></Record><Criteria><item title="Modulation" value="MCS8NSS1"></item><item title="Bandwidth" value="20"></item><item title="Antenna" value="3"></item><item title="Channel" value="100"></item><item title="RfIcTemperature" value="46"></item><item title="CpuTemperature" value="60"></item><item title="ExpectedPower" value="15"></item><item title="EVM" Max="-30" Min="-100"></item><item title="FREQERR" Max="15" Min="-15"></item><item title="SYMCLOCKERR" Max="20" Min="-100"></item><item title="POWER" Max="16,5" Min="13,5" Avg="15"></item><item title="LOLEAKAGE" Max="-17" Min="-100"></item><item title="SPECTRUMMASK" Max="100" Min="0"></item><item title="SPECTRUMMARGIN" Max="1000" Min="0"></item></Criteria><Record><item title="Modulation" value="MCS8NSS1"></item><item title="Bandwidth" value="20"></item><item title="Channel" value="100"></item><item title="Antenna" value="3"></item><item title="ExpectedPower" value="15"></item><item title="Power" value="15"></item><item title="TestType" value="Tx"></item><item title="EVM" value="-35,9945" result="PASS"></item><item title="FREQERR" value="1,29106" result="PASS"></item><item title="SYMCLOCKERR" value="2,02554" result="PASS"></item><item title="POWER" value="13,8709" result="PASS"></item><item title="LOLEAKAGE" value="-33,4672" result="PASS"></item><item title="SPECTRUMMASK" value="11,3514" result="PASS"></item><item title="SPECTRUMMARGIN" value="11,3514" result="PASS"></item></Record><Criteria><item title="Modulation" value="MCS8NSS1"></item><item title="Bandwidth" value="20"></item><item title="Antenna" value="3"></item><item title="Channel" value="100"></item><item title="RfIcTemperature" value="46"></item><item title="CpuTemperature" value="60"></item><item title="ExpectedPower" value="16"></item><item title="EVM" Max="-30" Min="-100"></item><item title="FREQERR" Max="15" Min="-15"></item><item title="SYMCLOCKERR" Max="20" Min="-100"></item><item title="POWER" Max="17,5" Min="14,5" Avg="16"></item><item title="LOLEAKAGE" Max="-17" Min="-100"></item><item title="SPECTRUMMASK" Max="100" Min="0"></item><item title="SPECTRUMMARGIN" Max="1000" Min="0"></item></Criteria><Record><item title="Modulation" value="MCS8NSS1"></item><item title="Bandwidth" value="20"></item><item title="Channel" value="100"></item><item title="Antenna" value="3"></item><item title="ExpectedPower" value="16"></item><item title="Power" value="16"></item><item title="TestType" value="Tx"></item><item title="EVM" value="-37,3695" result="PASS"></item><item title="FREQERR" value="1,29209" result="PASS"></item><item title="SYMCLOCKERR" value="2,13264" result="PASS"></item><item title="POWER" value="15,1983" result="PASS"></item><item title="LOLEAKAGE" value="-34,0151" result="PASS"></item><item title="SPECTRUMMASK" value="11,6119" result="PASS"></item><item title="SPECTRUMMARGIN" value="11,6119" result="PASS"></item></Record><Criteria><item title="Modulation" value="MCS8NSS1"></item><item title="Bandwidth" value="20"></item><item title="Antenna" value="3"></item><item title="Channel" value="100"></item><item title="RfIcTemperature" value="46"></item><item title="CpuTemperature" value="60"></item><item title="ExpectedPower" value="17"></item><item title="EVM" Max="-30" Min="-100"></item><item title="FREQERR" Max="15" Min="-15"></item><item title="SYMCLOCKERR" Max="20" Min="-100"></item><item title="POWER" Max="18,5" Min="15,5" Avg="17"></item><item title="LOLEAKAGE" Max="-17" Min="-100"></item><item title="SPECTRUMMASK" Max="100" Min="0"></item><item title="SPECTRUMMARGIN" Max="1000" Min="0"></item></Criteria><Record><item title="Modulation" value="MCS8NSS1"></item><item title="Bandwidth" value="20"></item><item title="Channel" value="100"></item><item title="Antenna" value="3"></item><item title="ExpectedPower" value="17"></item><item title="Power" value="17"></item><item title="TestType" value="Tx"></item><item title="EVM" value="-36,6821" result="PASS"></item><item title="FREQERR" value="1,29106" result="PASS"></item><item title="SYMCLOCKERR" value="2,27064" result="PASS"></item><item title="POWER" value="16,1776" result="PASS"></item><item title="LOLEAKAGE" value="-36,1032" result="PASS"></item><item title="SPECTRUMMASK" value="11,3365" result="PASS"></item><item title="SPECTRUMMARGIN" value="11,3365" result="PASS"></item></Record><Criteria><item title="Modulation" value="MCS8NSS1"></item><item title="Bandwidth" value="20"></item><item title="Antenna" value="3"></item><item title="Channel" value="100"></item><item title="RfIcTemperature" value="46"></item><item title="CpuTemperature" value="60"></item><item title="ExpectedPower" value="18"></item><item title="EVM" Max="-30" Min="-100"></item><item title="FREQERR" Max="15" Min="-15"></item><item title="SYMCLOCKERR" Max="20" Min="-100"></item><item title="POWER" Max="19,5" Min="16,5" Avg="18"></item><item title="LOLEAKAGE" Max="-17" Min="-100"></item><item title="SPECTRUMMASK" Max="100" Min="0"></item><item title="SPECTRUMMARGIN" Max="1000" Min="0"></item></Criteria><Record><item title="Modulation" value="MCS8NSS1"></item><item title="Bandwidth" value="20"></item><item title="Channel" value="100"></item><item title="Antenna" value="3"></item><item title="ExpectedPower" value="18"></item><item title="Power" value="18"></item><item title="TestType" value="Tx"></item><item title="EVM" value="-36,6788" result="PASS"></item><item title="FREQERR" value="1,2934" result="PASS"></item><item title="SYMCLOCKERR" value="2,35481" result="PASS"></item><item title="POWER" value="17,5039" result="PASS"></item><item title="LOLEAKAGE" value="-39,5858" result="PASS"></item><item title="SPECTRUMMASK" value="12,1223" result="PASS"></item><item title="SPECTRUMMARGIN" value="12,1223" result="PASS"></item></Record><Criteria><item title="Modulation" value="MCS8NSS1"></item><item title="Bandwidth" value="20"></item><item title="Antenna" value="3"></item><item title="Channel" value="100"></item><item title="RfIcTemperature" value="46"></item><item title="CpuTemperature" value="60"></item><item title="ExpectedPower" value="19"></item><item title="EVM" Max="-30" Min="-100"></item><item title="FREQERR" Max="15" Min="-15"></item><item title="SYMCLOCKERR" Max="20" Min="-100"></item><item title="POWER" Max="20,5" Min="17,5" Avg="19"></item><item title="LOLEAKAGE" Max="-17" Min="-100"></item><item title="SPECTRUMMASK" Max="100" Min="0"></item><item title="SPECTRUMMARGIN" Max="1000" Min="0"></item></Criteria><Record><item title="Modulation" value="MCS8NSS1"></item><item title="Bandwidth" value="20"></item><item title="Channel" value="100"></item><item title="Antenna" value="3"></item><item title="ExpectedPower" value="19"></item><item title="Power" value="19"></item><item title="TestType" value="Tx"></item><item title="EVM" value="-35,8894" result="PASS"></item><item title="FREQERR" value="1,29585" result="PASS"></item><item title="SYMCLOCKERR" value="2,20365" result="PASS"></item><item title="POWER" value="18,1247" result="PASS"></item><item title="LOLEAKAGE" value="-38,8898" result="PASS"></item><item title="SPECTRUMMASK" value="13,2445" result="PASS"></item><item title="SPECTRUMMARGIN" value="13,2445" result="PASS"></item></Record><Criteria><item title="Modulation" value="MCS8NSS1"></item><item title="Bandwidth" value="20"></item><item title="Antenna" value="3"></item><item title="Channel" value="100"></item><item title="RfIcTemperature" value="46"></item><item title="CpuTemperature" value="60"></item><item title="ExpectedPower" value="20"></item><item title="EVM" Max="-30" Min="-100"></item><item title="FREQERR" Max="15" Min="-15"></item><item title="SYMCLOCKERR" Max="20" Min="-100"></item><item title="POWER" Max="21,5" Min="18,5" Avg="20"></item><item title="LOLEAKAGE" Max="-17" Min="-100"></item><item title="SPECTRUMMASK" Max="100" Min="0"></item><item title="SPECTRUMMARGIN" Max="1000" Min="0"></item></Criteria><Record><item title="Modulation" value="MCS8NSS1"></item><item title="Bandwidth" value="20"></item><item title="Channel" value="100"></item><item title="Antenna" value="3"></item><item title="ExpectedPower" value="20"></item><item title="Power" value="20"></item><item title="TestType" value="Tx"></item><item title="EVM" value="-34,687" result="PASS"></item><item title="FREQERR" value="1,29613" result="PASS"></item><item title="SYMCLOCKERR" value="1,78986" result="PASS"></item><item title="POWER" value="18,8422" result="PASS"></item><item title="LOLEAKAGE" value="-40,1601" result="PASS"></item><item title="SPECTRUMMASK" value="11,2081" result="PASS"></item><item title="SPECTRUMMARGIN" value="11,2081" result="PASS"></item></Record><Criteria><item title="Modulation" value="MCS8NSS1"></item><item title="Bandwidth" value="20"></item><item title="Antenna" value="3"></item><item title="Channel" value="100"></item><item title="RfIcTemperature" value="46"></item><item title="CpuTemperature" value="60"></item><item title="ExpectedPower" value="21"></item><item title="EVM" Max="-30" Min="-100"></item><item title="FREQERR" Max="15" Min="-15"></item><item title="SYMCLOCKERR" Max="20" Min="-100"></item><item title="POWER" Max="22,5" Min="19,5" Avg="21"></item><item title="LOLEAKAGE" Max="-17" Min="-100"></item><item title="SPECTRUMMASK" Max="100" Min="0"></item><item title="SPECTRUMMARGIN" Max="1000" Min="0"></item></Criteria><Record><item title="Modulation" value="MCS8NSS1"></item><item title="Bandwidth" value="20"></item><item title="Channel" value="100"></item><item title="Antenna" value="3"></item><item title="ExpectedPower" value="21"></item><item title="Power" value="21"></item><item title="TestType" value="Tx"></item><item title="EVM" value="-34,4625" result="PASS"></item><item title="FREQERR" value="1,29458" result="PASS"></item><item title="SYMCLOCKERR" value="2,22844" result="PASS"></item><item title="POWER" value="19,8563" result="PASS"></item><item title="LOLEAKAGE" value="-53,0385" result="PASS"></item><item title="SPECTRUMMASK" value="11,8325" result="PASS"></item><item title="SPECTRUMMARGIN" value="11,8325" result="PASS"></item></Record><Criteria><item title="Modulation" value="MCS8NSS1"></item><item title="Bandwidth" value="20"></item><item title="Antenna" value="3"></item><item title="Channel" value="100"></item><item title="RfIcTemperature" value="46"></item><item title="CpuTemperature" value="60"></item><item title="ExpectedPower" value="22"></item><item title="EVM" Max="-30" Min="-100"></item><item title="FREQERR" Max="15" Min="-15"></item><item title="SYMCLOCKERR" Max="20" Min="-100"></item><item title="POWER" Max="23,5" Min="20,5" Avg="22"></item><item title="LOLEAKAGE" Max="-17" Min="-100"></item><item title="SPECTRUMMASK" Max="100" Min="0"></item><item title="SPECTRUMMARGIN" Max="1000" Min="0"></item></Criteria><Record><item title="Modulation" value="MCS8NSS1"></item><item title="Bandwidth" value="20"></item><item title="Channel" value="100"></item><item title="Antenna" value="3"></item><item title="ExpectedPower" value="22"></item><item title="Power" value="22"></item><item title="TestType" value="Tx"></item><item title="EVM" value="-32,3726" result="PASS"></item><item title="FREQERR" value="1,29493" result="PASS"></item><item title="SYMCLOCKERR" value="2,02986" result="PASS"></item><item title="POWER" value="20,8657" result="PASS"></item><item title="LOLEAKAGE" value="-54,0211" result="PASS"></item><item title="SPECTRUMMASK" value="10,9559" result="PASS"></item><item title="SPECTRUMMARGIN" value="10,9559" result="PASS"></item></Record><Criteria><item title="Modulation" value="MCS8NSS1"></item><item title="Bandwidth" value="20"></item><item title="Antenna" value="3"></item><item title="Channel" value="100"></item><item title="RfIcTemperature" value="46"></item><item title="CpuTemperature" value="60"></item><item title="ExpectedPower" value="23"></item><item title="EVM" Max="-30" Min="-100"></item><item title="FREQERR" Max="15" Min="-15"></item><item title="SYMCLOCKERR" Max="20" Min="-100"></item><item title="POWER" Max="24,5" Min="21,5" Avg="23"></item><item title="LOLEAKAGE" Max="-17" Min="-100"></item><item title="SPECTRUMMASK" Max="100" Min="0"></item><item title="SPECTRUMMARGIN" Max="1000" Min="0"></item></Criteria><Record><item title="Modulation" value="MCS8NSS1"></item><item title="Bandwidth" value="20"></item><item title="Channel" value="100"></item><item title="Antenna" value="3"></item><item title="ExpectedPower" value="23"></item><item title="Power" value="23"></item><item title="TestType" value="Tx"></item><item title="EVM" value="-28,2696" result="FAIL"></item><item title="FREQERR" value="1,29638" result="PASS"></item><item title="SYMCLOCKERR" value="3,77026" result="PASS"></item><item title="POWER" value="22,0038" result="PASS"></item><item title="LOLEAKAGE" value="-51,4489" result="PASS"></item><item title="SPECTRUMMASK" value="10,8743" result="PASS"></item><item title="SPECTRUMMARGIN" value="10,8743" result="PASS"></item></Record><Criteria><item title="Modulation" value="MCS8NSS1"></item><item title="Bandwidth" value="20"></item><item title="Antenna" value="3"></item><item title="Channel" value="100"></item><item title="RfIcTemperature" value="46"></item><item title="CpuTemperature" value="60"></item><item title="ExpectedPower" value="24"></item><item title="EVM" Max="-30" Min="-100"></item><item title="FREQERR" Max="15" Min="-15"></item><item title="SYMCLOCKERR" Max="20" Min="-100"></item><item title="POWER" Max="25,5" Min="22,5" Avg="24"></item><item title="LOLEAKAGE" Max="-17" Min="-100"></item><item title="SPECTRUMMASK" Max="100" Min="0"></item><item title="SPECTRUMMARGIN" Max="1000" Min="0"></item></Criteria><Record><item title="Modulation" value="MCS8NSS1"></item><item title="Bandwidth" value="20"></item><item title="Channel" value="100"></item><item title="Antenna" value="3"></item><item title="ExpectedPower" value="24"></item><item title="Power" value="24"></item><item title="TestType" value="Tx"></item><item title="EVM" value="-24,5436" result="FAIL"></item><item title="FREQERR" value="1,29451" result="PASS"></item><item title="SYMCLOCKERR" value="7,19295" result="PASS"></item><item title="POWER" value="23,0275" result="PASS"></item><item title="LOLEAKAGE" value="-58,8414" result="PASS"></item><item title="SPECTRUMMASK" value="8,26141" result="PASS"></item><item title="SPECTRUMMARGIN" value="8,26141" result="PASS"></item></Record><Criteria><item title="Modulation" value="MCS8NSS1"></item><item title="Bandwidth" value="20"></item><item title="Antenna" value="3"></item><item title="Channel" value="100"></item><item title="RfIcTemperature" value="46"></item><item title="CpuTemperature" value="60"></item><item title="ExpectedPower" value="25"></item><item title="EVM" Max="-30" Min="-100"></item><item title="FREQERR" Max="15" Min="-15"></item><item title="SYMCLOCKERR" Max="20" Min="-100"></item><item title="POWER" Max="26,5" Min="23,5" Avg="25"></item><item title="LOLEAKAGE" Max="-17" Min="-100"></item><item title="SPECTRUMMASK" Max="100" Min="0"></item><item title="SPECTRUMMARGIN" Max="1000" Min="0"></item></Criteria><Record><item title="Modulation" value="MCS8NSS1"></item><item title="Bandwidth" value="20"></item><item title="Channel" value="100"></item><item title="Antenna" value="3"></item><item title="ExpectedPower" value="25"></item><item title="Power" value="25"></item><item title="TestType" value="Tx"></item><item title="EVM" value="-23,732" result="FAIL"></item><item title="FREQERR" value="1,29652" result="PASS"></item><item title="SYMCLOCKERR" value="3,36392" result="PASS"></item><item title="POWER" value="23,9001" result="PASS"></item><item title="LOLEAKAGE" value="-44,2609" result="PASS"></item><item title="SPECTRUMMASK" value="5,33931" result="PASS"></item><item title="SPECTRUMMARGIN" value="5,33931" result="PASS"></item></Record><Criteria><item title="Modulation" value="MCS8NSS1"></item><item title="Bandwidth" value="20"></item><item title="Antenna" value="0"></item><item title="Channel" value="132"></item><item title="RfIcTemperature" value="47"></item><item title="CpuTemperature" value="60"></item><item title="ExpectedPower" value="10"></item><item title="EVM" Max="-30" Min="-100"></item><item title="FREQERR" Max="15" Min="-15"></item><item title="SYMCLOCKERR" Max="20" Min="-100"></item><item title="POWER" Max="11,5" Min="8,5" Avg="10"></item><item title="LOLEAKAGE" Max="-17" Min="-100"></item><item title="SPECTRUMMASK" Max="100" Min="0"></item><item title="SPECTRUMMARGIN" Max="1000" Min="0"></item></Criteria><Record><item title="Modulation" value="MCS8NSS1"></item><item title="Bandwidth" value="20"></item><item title="Channel" value="132"></item><item title="Antenna" value="0"></item><item title="ExpectedPower" value="10"></item><item title="Power" value="10"></item><item title="TestType" value="Tx"></item><item title="EVM" value="-31,6195" result="PASS"></item><item title="FREQERR" value="1,26516" result="PASS"></item><item title="SYMCLOCKERR" value="0,0673004" result="PASS"></item><item title="POWER" value="9,9376" result="PASS"></item><item title="LOLEAKAGE" value="-32,3308" result="PASS"></item><item title="SPECTRUMMASK" value="11,2728" result="PASS"></item><item title="SPECTRUMMARGIN" value="11,2728" result="PASS"></item></Record><Criteria><item title="Modulation" value="MCS8NSS1"></item><item title="Bandwidth" value="20"></item><item title="Antenna" value="0"></item><item title="Channel" value="132"></item><item title="RfIcTemperature" value="47"></item><item title="CpuTemperature" value="60"></item><item title="ExpectedPower" value="11"></item><item title="EVM" Max="-30" Min="-100"></item><item title="FREQERR" Max="15" Min="-15"></item><item title="SYMCLOCKERR" Max="20" Min="-100"></item><item title="POWER" Max="12,5" Min="9,5" Avg="11"></item><item title="LOLEAKAGE" Max="-17" Min="-100"></item><item title="SPECTRUMMASK" Max="100" Min="0"></item><item title="SPECTRUMMARGIN" Max="1000" Min="0"></item></Criteria><Record><item title="Modulation" value="MCS8NSS1"></item><item title="Bandwidth" value="20"></item><item title="Channel" value="132"></item><item title="Antenna" value="0"></item><item title="ExpectedPower" value="11"></item><item title="Power" value="11"></item><item title="TestType" value="Tx"></item><item title="EVM" value="-33,5197" result="PASS"></item><item title="FREQERR" value="1,27244" result="PASS"></item><item title="SYMCLOCKERR" value="0,12315" result="PASS"></item><item title="POWER" value="10,9363" result="PASS"></item><item title="LOLEAKAGE" value="-32,1559" result="PASS"></item><item title="SPECTRUMMASK" value="11,3005" result="PASS"></item><item title="SPECTRUMMARGIN" value="11,3005" result="PASS"></item></Record><Criteria><item title="Modulation" value="MCS8NSS1"></item><item title="Bandwidth" value="20"></item><item title="Antenna" value="0"></item><item title="Channel" value="132"></item><item title="RfIcTemperature" value="47"></item><item title="CpuTemperature" value="60"></item><item title="ExpectedPower" value="12"></item><item title="EVM" Max="-30" Min="-100"></item><item title="FREQERR" Max="15" Min="-15"></item><item title="SYMCLOCKERR" Max="20" Min="-100"></item><item title="POWER" Max="13,5" Min="10,5" Avg="12"></item><item title="LOLEAKAGE" Max="-17" Min="-100"></item><item title="SPECTRUMMASK" Max="100" Min="0"></item><item title="SPECTRUMMARGIN" Max="1000" Min="0"></item></Criteria><Record><item title="Modulation" value="MCS8NSS1"></item><item title="Bandwidth" value="20"></item><item title="Channel" value="132"></item><item title="Antenna" value="0"></item><item title="ExpectedPower" value="12"></item><item title="Power" value="12"></item><item title="TestType" value="Tx"></item><item title="EVM" value="-32,0356" result="PASS"></item><item title="FREQERR" value="1,27596" result="PASS"></item><item title="SYMCLOCKERR" value="0,533059" result="PASS"></item><item title="POWER" value="12,2404" result="PASS"></item><item title="LOLEAKAGE" value="-32,2559" result="PASS"></item><item title="SPECTRUMMASK" value="11,3999" result="PASS"></item><item title="SPECTRUMMARGIN" value="11,3999" result="PASS"></item></Record><Criteria><item title="Modulation" value="MCS8NSS1"></item><item title="Bandwidth" value="20"></item><item title="Antenna" value="0"></item><item title="Channel" value="132"></item><item title="RfIcTemperature" value="47"></item><item title="CpuTemperature" value="60"></item><item title="ExpectedPower" value="13"></item><item title="EVM" Max="-30" Min="-100"></item><item title="FREQERR" Max="15" Min="-15"></item><item title="SYMCLOCKERR" Max="20" Min="-100"></item><item title="POWER" Max="14,5" Min="11,5" Avg="13"></item><item title="LOLEAKAGE" Max="-17" Min="-100"></item><item title="SPECTRUMMASK" Max="100" Min="0"></item><item title="SPECTRUMMARGIN" Max="1000" Min="0"></item></Criteria><Record><item title="Modulation" value="MCS8NSS1"></item><item title="Bandwidth" value="20"></item><item title="Channel" value="132"></item><item title="Antenna" value="0"></item><item title="ExpectedPower" value="13"></item><item title="Power" value="13"></item><item title="TestType" value="Tx"></item><item title="EVM" value="-33,2815" result="PASS"></item><item title="FREQERR" value="1,2746" result="PASS"></item><item title="SYMCLOCKERR" value="-0,0528187" result="PASS"></item><item title="POWER" value="13,0311" result="PASS"></item><item title="LOLEAKAGE" value="-35,6516" result="PASS"></item><item title="SPECTRUMMASK" value="11,0971" result="PASS"></item><item title="SPECTRUMMARGIN" value="11,0971" result="PASS"></item></Record><Criteria><item title="Modulation" value="MCS8NSS1"></item><item title="Bandwidth" value="20"></item><item title="Antenna" value="0"></item><item title="Channel" value="132"></item><item title="RfIcTemperature" value="47"></item><item title="CpuTemperature" value="60"></item><item title="ExpectedPower" value="14"></item><item title="EVM" Max="-30" Min="-100"></item><item title="FREQERR" Max="15" Min="-15"></item><item title="SYMCLOCKERR" Max="20" Min="-100"></item><item title="POWER" Max="15,5" Min="12,5" Avg="14"></item><item title="LOLEAKAGE" Max="-17" Min="-100"></item><item title="SPECTRUMMASK" Max="100" Min="0"></item><item title="SPECTRUMMARGIN" Max="1000" Min="0"></item></Criteria><Record><item title="Modulation" value="MCS8NSS1"></item><item title="Bandwidth" value="20"></item><item title="Channel" value="132"></item><item title="Antenna" value="0"></item><item title="ExpectedPower" value="14"></item><item title="Power" value="14"></item><item title="TestType" value="Tx"></item><item title="EVM" value="-33,977" result="PASS"></item><item title="FREQERR" value="1,27511" result="PASS"></item><item title="SYMCLOCKERR" value="0,883291" result="PASS"></item><item title="POWER" value="13,9051" result="PASS"></item><item title="LOLEAKAGE" value="-38,0609" result="PASS"></item><item title="SPECTRUMMASK" value="11,7476" result="PASS"></item><item title="SPECTRUMMARGIN" value="11,7476" result="PASS"></item></Record><Criteria><item title="Modulation" value="MCS8NSS1"></item><item title="Bandwidth" value="20"></item><item title="Antenna" value="0"></item><item title="Channel" value="132"></item><item title="RfIcTemperature" value="47"></item><item title="CpuTemperature" value="60"></item><item title="ExpectedPower" value="15"></item><item title="EVM" Max="-30" Min="-100"></item><item title="FREQERR" Max="15" Min="-15"></item><item title="SYMCLOCKERR" Max="20" Min="-100"></item><item title="POWER" Max="16,5" Min="13,5" Avg="15"></item><item title="LOLEAKAGE" Max="-17" Min="-100"></item><item title="SPECTRUMMASK" Max="100" Min="0"></item><item title="SPECTRUMMARGIN" Max="1000" Min="0"></item></Criteria><Record><item title="Modulation" value="MCS8NSS1"></item><item title="Bandwidth" value="20"></item><item title="Channel" value="132"></item><item title="Antenna" value="0"></item><item title="ExpectedPower" value="15"></item><item title="Power" value="15"></item><item title="TestType" value="Tx"></item><item title="EVM" value="-34,3614" result="PASS"></item><item title="FREQERR" value="1,27755" result="PASS"></item><item title="SYMCLOCKERR" value="0,401987" result="PASS"></item><item title="POWER" value="14,9215" result="PASS"></item><item title="LOLEAKAGE" value="-38,3295" result="PASS"></item><item title="SPECTRUMMASK" value="12,4815" result="PASS"></item><item title="SPECTRUMMARGIN" value="12,4815" result="PASS"></item></Record><Criteria><item title="Modulation" value="MCS8NSS1"></item><item title="Bandwidth" value="20"></item><item title="Antenna" value="0"></item><item title="Channel" value="132"></item><item title="RfIcTemperature" value="47"></item><item title="CpuTemperature" value="60"></item><item title="ExpectedPower" value="16"></item><item title="EVM" Max="-30" Min="-100"></item><item title="FREQERR" Max="15" Min="-15"></item><item title="SYMCLOCKERR" Max="20" Min="-100"></item><item title="POWER" Max="17,5" Min="14,5" Avg="16"></item><item title="LOLEAKAGE" Max="-17" Min="-100"></item><item title="SPECTRUMMASK" Max="100" Min="0"></item><item title="SPECTRUMMARGIN" Max="1000" Min="0"></item></Criteria><Record><item title="Modulation" value="MCS8NSS1"></item><item title="Bandwidth" value="20"></item><item title="Channel" value="132"></item><item title="Antenna" value="0"></item><item title="ExpectedPower" value="16"></item><item title="Power" value="16"></item><item title="TestType" value="Tx"></item><item title="EVM" value="-33,3469" result="PASS"></item><item title="FREQERR" value="1,27819" result="PASS"></item><item title="SYMCLOCKERR" value="-0,163635" result="PASS"></item><item title="POWER" value="15,9166" result="PASS"></item><item title="LOLEAKAGE" value="-39,655" result="PASS"></item><item title="SPECTRUMMASK" value="11,1585" result="PASS"></item><item title="SPECTRUMMARGIN" value="11,1585" result="PASS"></item></Record><Criteria><item title="Modulation" value="MCS8NSS1"></item><item title="Bandwidth" value="20"></item><item title="Antenna" value="0"></item><item title="Channel" value="132"></item><item title="RfIcTemperature" value="47"></item><item title="CpuTemperature" value="60"></item><item title="ExpectedPower" value="17"></item><item title="EVM" Max="-30" Min="-100"></item><item title="FREQERR" Max="15" Min="-15"></item><item title="SYMCLOCKERR" Max="20" Min="-100"></item><item title="POWER" Max="18,5" Min="15,5" Avg="17"></item><item title="LOLEAKAGE" Max="-17" Min="-100"></item><item title="SPECTRUMMASK" Max="100" Min="0"></item><item title="SPECTRUMMARGIN" Max="1000" Min="0"></item></Criteria><Record><item title="Modulation" value="MCS8NSS1"></item><item title="Bandwidth" value="20"></item><item title="Channel" value="132"></item><item title="Antenna" value="0"></item><item title="ExpectedPower" value="17"></item><item title="Power" value="17"></item><item title="TestType" value="Tx"></item><item title="EVM" value="-33,4738" result="PASS"></item><item title="FREQERR" value="1,28104" result="PASS"></item><item title="SYMCLOCKERR" value="0,907721" result="PASS"></item><item title="POWER" value="16,9149" result="PASS"></item><item title="LOLEAKAGE" value="-43,6082" result="PASS"></item><item title="SPECTRUMMASK" value="12,272" result="PASS"></item><item title="SPECTRUMMARGIN" value="12,272" result="PASS"></item></Record><Criteria><item title="Modulation" value="MCS8NSS1"></item><item title="Bandwidth" value="20"></item><item title="Antenna" value="0"></item><item title="Channel" value="132"></item><item title="RfIcTemperature" value="47"></item><item title="CpuTemperature" value="60"></item><item title="ExpectedPower" value="18"></item><item title="EVM" Max="-30" Min="-100"></item><item title="FREQERR" Max="15" Min="-15"></item><item title="SYMCLOCKERR" Max="20" Min="-100"></item><item title="POWER" Max="19,5" Min="16,5" Avg="18"></item><item title="LOLEAKAGE" Max="-17" Min="-100"></item><item title="SPECTRUMMASK" Max="100" Min="0"></item><item title="SPECTRUMMARGIN" Max="1000" Min="0"></item></Criteria><Record><item title="Modulation" value="MCS8NSS1"></item><item title="Bandwidth" value="20"></item><item title="Channel" value="132"></item><item title="Antenna" value="0"></item><item title="ExpectedPower" value="18"></item><item title="Power" value="18"></item><item title="TestType" value="Tx"></item><item title="EVM" value="-33,8189" result="PASS"></item><item title="FREQERR" value="1,28088" result="PASS"></item><item title="SYMCLOCKERR" value="0,726511" result="PASS"></item><item title="POWER" value="17,9026" result="PASS"></item><item title="LOLEAKAGE" value="-42,2102" result="PASS"></item><item title="SPECTRUMMASK" value="12,5575" result="PASS"></item><item title="SPECTRUMMARGIN" value="12,5575" result="PASS"></item></Record><Criteria><item title="Modulation" value="MCS8NSS1"></item><item title="Bandwidth" value="20"></item><item title="Antenna" value="0"></item><item title="Channel" value="132"></item><item title="RfIcTemperature" value="47"></item><item title="CpuTemperature" value="60"></item><item title="ExpectedPower" value="19"></item><item title="EVM" Max="-30" Min="-100"></item><item title="FREQERR" Max="15" Min="-15"></item><item title="SYMCLOCKERR" Max="20" Min="-100"></item><item title="POWER" Max="20,5" Min="17,5" Avg="19"></item><item title="LOLEAKAGE" Max="-17" Min="-100"></item><item title="SPECTRUMMASK" Max="100" Min="0"></item><item title="SPECTRUMMARGIN" Max="1000" Min="0"></item></Criteria><Record><item title="Modulation" value="MCS8NSS1"></item><item title="Bandwidth" value="20"></item><item title="Channel" value="132"></item><item title="Antenna" value="0"></item><item title="ExpectedPower" value="19"></item><item title="Power" value="19"></item><item title="TestType" value="Tx"></item><item title="EVM" value="-33,3226" result="PASS"></item><item title="FREQERR" value="1,27824" result="PASS"></item><item title="SYMCLOCKERR" value="-0,374992" result="PASS"></item><item title="POWER" value="18,7428" result="PASS"></item><item title="LOLEAKAGE" value="-43,0471" result="PASS"></item><item title="SPECTRUMMASK" value="12,4559" result="PASS"></item><item title="SPECTRUMMARGIN" value="12,4559" result="PASS"></item></Record><Criteria><item title="Modulation" value="MCS8NSS1"></item><item title="Bandwidth" value="20"></item><item title="Antenna" value="0"></item><item title="Channel" value="132"></item><item title="RfIcTemperature" value="47"></item><item title="CpuTemperature" value="60"></item><item title="ExpectedPower" value="20"></item><item title="EVM" Max="-30" Min="-100"></item><item title="FREQERR" Max="15" Min="-15"></item><item title="SYMCLOCKERR" Max="20" Min="-100"></item><item title="POWER" Max="21,5" Min="18,5" Avg="20"></item><item title="LOLEAKAGE" Max="-17" Min="-100"></item><item title="SPECTRUMMASK" Max="100" Min="0"></item><item title="SPECTRUMMARGIN" Max="1000" Min="0"></item></Criteria><Record><item title="Modulation" value="MCS8NSS1"></item><item title="Bandwidth" value="20"></item><item title="Channel" value="132"></item><item title="Antenna" value="0"></item><item title="ExpectedPower" value="20"></item><item title="Power" value="20"></item><item title="TestType" value="Tx"></item><item title="EVM" value="-31,6502" result="PASS"></item><item title="FREQERR" value="1,27671" result="PASS"></item><item title="SYMCLOCKERR" value="0,870107" result="PASS"></item><item title="POWER" value="19,6764" result="PASS"></item><item title="LOLEAKAGE" value="-55,4183" result="PASS"></item><item title="SPECTRUMMASK" value="10,4251" result="PASS"></item><item title="SPECTRUMMARGIN" value="10,4251" result="PASS"></item></Record><Criteria><item title="Modulation" value="MCS8NSS1"></item><item title="Bandwidth" value="20"></item><item title="Antenna" value="0"></item><item title="Channel" value="132"></item><item title="RfIcTemperature" value="47"></item><item title="CpuTemperature" value="60"></item><item title="ExpectedPower" value="21"></item><item title="EVM" Max="-30" Min="-100"></item><item title="FREQERR" Max="15" Min="-15"></item><item title="SYMCLOCKERR" Max="20" Min="-100"></item><item title="POWER" Max="22,5" Min="19,5" Avg="21"></item><item title="LOLEAKAGE" Max="-17" Min="-100"></item><item title="SPECTRUMMASK" Max="100" Min="0"></item><item title="SPECTRUMMARGIN" Max="1000" Min="0"></item></Criteria><Record><item title="Modulation" value="MCS8NSS1"></item><item title="Bandwidth" value="20"></item><item title="Channel" value="132"></item><item title="Antenna" value="0"></item><item title="ExpectedPower" value="21"></item><item title="Power" value="21"></item><item title="TestType" value="Tx"></item><item title="EVM" value="-27,7675" result="FAIL"></item><item title="FREQERR" value="1,27943" result="PASS"></item><item title="SYMCLOCKERR" value="2,48106" result="PASS"></item><item title="POWER" value="20,7887" result="PASS"></item><item title="LOLEAKAGE" value="-49,9087" result="PASS"></item><item title="SPECTRUMMASK" value="9,49276" result="PASS"></item><item title="SPECTRUMMARGIN" value="9,49276" result="PASS"></item></Record><Criteria><item title="Modulation" value="MCS8NSS1"></item><item title="Bandwidth" value="20"></item><item title="Antenna" value="0"></item><item title="Channel" value="132"></item><item title="RfIcTemperature" value="47"></item><item title="CpuTemperature" value="60"></item><item title="ExpectedPower" value="22"></item><item title="EVM" Max="-30" Min="-100"></item><item title="FREQERR" Max="15" Min="-15"></item><item title="SYMCLOCKERR" Max="20" Min="-100"></item><item title="POWER" Max="23,5" Min="20,5" Avg="22"></item><item title="LOLEAKAGE" Max="-17" Min="-100"></item><item title="SPECTRUMMASK" Max="100" Min="0"></item><item title="SPECTRUMMARGIN" Max="1000" Min="0"></item></Criteria><Record><item title="Modulation" value="MCS8NSS1"></item><item title="Bandwidth" value="20"></item><item title="Channel" value="132"></item><item title="Antenna" value="0"></item><item title="ExpectedPower" value="22"></item><item title="Power" value="22"></item><item title="TestType" value="Tx"></item><item title="EVM" value="-25,7272" result="FAIL"></item><item title="FREQERR" value="1,27789" result="PASS"></item><item title="SYMCLOCKERR" value="1,1378" result="PASS"></item><item title="POWER" value="21,5457" result="PASS"></item><item title="LOLEAKAGE" value="-59,3344" result="PASS"></item><item title="SPECTRUMMASK" value="6,79793" result="PASS"></item><item title="SPECTRUMMARGIN" value="6,79793" result="PASS"></item></Record><Criteria><item title="Modulation" value="MCS8NSS1"></item><item title="Bandwidth" value="20"></item><item title="Antenna" value="0"></item><item title="Channel" value="132"></item><item title="RfIcTemperature" value="47"></item><item title="CpuTemperature" value="60"></item><item title="ExpectedPower" value="23"></item><item title="EVM" Max="-30" Min="-100"></item><item title="FREQERR" Max="15" Min="-15"></item><item title="SYMCLOCKERR" Max="20" Min="-100"></item><item title="POWER" Max="24,5" Min="21,5" Avg="23"></item><item title="LOLEAKAGE" Max="-17" Min="-100"></item><item title="SPECTRUMMASK" Max="100" Min="0"></item><item title="SPECTRUMMARGIN" Max="1000" Min="0"></item></Criteria><Record><item title="Modulation" value="MCS8NSS1"></item><item title="Bandwidth" value="20"></item><item title="Channel" value="132"></item><item title="Antenna" value="0"></item><item title="ExpectedPower" value="23"></item><item title="Power" value="23"></item><item title="TestType" value="Tx"></item><item title="EVM" value="-23,5634" result="FAIL"></item><item title="FREQERR" value="1,27513" result="PASS"></item><item title="SYMCLOCKERR" value="5,11919" result="PASS"></item><item title="POWER" value="22,5121" result="PASS"></item><item title="LOLEAKAGE" value="-48,2808" result="PASS"></item><item title="SPECTRUMMASK" value="4,11131" result="PASS"></item><item title="SPECTRUMMARGIN" value="4,11131" result="PASS"></item></Record><Criteria><item title="Modulation" value="MCS8NSS1"></item><item title="Bandwidth" value="20"></item><item title="Antenna" value="0"></item><item title="Channel" value="132"></item><item title="RfIcTemperature" value="47"></item><item title="CpuTemperature" value="60"></item><item title="ExpectedPower" value="24"></item><item title="EVM" Max="-30" Min="-100"></item><item title="FREQERR" Max="15" Min="-15"></item><item title="SYMCLOCKERR" Max="20" Min="-100"></item><item title="POWER" Max="25,5" Min="22,5" Avg="24"></item><item title="LOLEAKAGE" Max="-17" Min="-100"></item><item title="SPECTRUMMASK" Max="100" Min="0"></item><item title="SPECTRUMMARGIN" Max="1000" Min="0"></item></Criteria><Record><item title="Modulation" value="MCS8NSS1"></item><item title="Bandwidth" value="20"></item><item title="Channel" value="132"></item><item title="Antenna" value="0"></item><item title="ExpectedPower" value="24"></item><item title="Power" value="24"></item><item title="TestType" value="Tx"></item><item title="EVM" value="-22,6064" result="FAIL"></item><item title="FREQERR" value="1,27712" result="PASS"></item><item title="SYMCLOCKERR" value="-8,06834" result="PASS"></item><item title="POWER" value="23,4939" result="PASS"></item><item title="LOLEAKAGE" value="-40,6306" result="PASS"></item><item title="SPECTRUMMASK" value="-0,401516" result="FAIL"></item><item title="SPECTRUMMARGIN" value="-0,401516" result="FAIL"></item></Record><Criteria><item title="Modulation" value="MCS8NSS1"></item><item title="Bandwidth" value="20"></item><item title="Antenna" value="0"></item><item title="Channel" value="132"></item><item title="RfIcTemperature" value="47"></item><item title="CpuTemperature" value="60"></item><item title="ExpectedPower" value="25"></item><item title="EVM" Max="-30" Min="-100"></item><item title="FREQERR" Max="15" Min="-15"></item><item title="SYMCLOCKERR" Max="20" Min="-100"></item><item title="POWER" Max="26,5" Min="23,5" Avg="25"></item><item title="LOLEAKAGE" Max="-17" Min="-100"></item><item title="SPECTRUMMASK" Max="100" Min="0"></item><item title="SPECTRUMMARGIN" Max="1000" Min="0"></item></Criteria><Record><item title="Modulation" value="MCS8NSS1"></item><item title="Bandwidth" value="20"></item><item title="Channel" value="132"></item><item title="Antenna" value="0"></item><item title="ExpectedPower" value="25"></item><item title="Power" value="25"></item><item title="TestType" value="Tx"></item><item title="EVM" value="-21,2771" result="FAIL"></item><item title="FREQERR" value="1,26664" result="PASS"></item><item title="SYMCLOCKERR" value="-11,496" result="PASS"></item><item title="POWER" value="24,4376" result="PASS"></item><item title="LOLEAKAGE" value="-34,6709" result="PASS"></item><item title="SPECTRUMMASK" value="-2,08566" result="FAIL"></item><item title="SPECTRUMMARGIN" value="-2,08566" result="FAIL"></item></Record><Criteria><item title="Modulation" value="MCS8NSS1"></item><item title="Bandwidth" value="20"></item><item title="Antenna" value="1"></item><item title="Channel" value="132"></item><item title="RfIcTemperature" value="47"></item><item title="CpuTemperature" value="60"></item><item title="ExpectedPower" value="10"></item><item title="EVM" Max="-30" Min="-100"></item><item title="FREQERR" Max="15" Min="-15"></item><item title="SYMCLOCKERR" Max="20" Min="-100"></item><item title="POWER" Max="11,5" Min="8,5" Avg="10"></item><item title="LOLEAKAGE" Max="-17" Min="-100"></item><item title="SPECTRUMMASK" Max="100" Min="0"></item><item title="SPECTRUMMARGIN" Max="1000" Min="0"></item></Criteria><Record><item title="Modulation" value="MCS8NSS1"></item><item title="Bandwidth" value="20"></item><item title="Channel" value="132"></item><item title="Antenna" value="1"></item><item title="ExpectedPower" value="10"></item><item title="Power" value="10"></item><item title="TestType" value="Tx"></item><item title="EVM" value="-38,482" result="PASS"></item><item title="FREQERR" value="1,26862" result="PASS"></item><item title="SYMCLOCKERR" value="1,10265" result="PASS"></item><item title="POWER" value="9,58359" result="PASS"></item><item title="LOLEAKAGE" value="-31,3639" result="PASS"></item><item title="SPECTRUMMASK" value="11,2234" result="PASS"></item><item title="SPECTRUMMARGIN" value="11,2234" result="PASS"></item></Record><Criteria><item title="Modulation" value="MCS8NSS1"></item><item title="Bandwidth" value="20"></item><item title="Antenna" value="1"></item><item title="Channel" value="132"></item><item title="RfIcTemperature" value="47"></item><item title="CpuTemperature" value="60"></item><item title="ExpectedPower" value="11"></item><item title="EVM" Max="-30" Min="-100"></item><item title="FREQERR" Max="15" Min="-15"></item><item title="SYMCLOCKERR" Max="20" Min="-100"></item><item title="POWER" Max="12,5" Min="9,5" Avg="11"></item><item title="LOLEAKAGE" Max="-17" Min="-100"></item><item title="SPECTRUMMASK" Max="100" Min="0"></item><item title="SPECTRUMMARGIN" Max="1000" Min="0"></item></Criteria><Record><item title="Modulation" value="MCS8NSS1"></item><item title="Bandwidth" value="20"></item><item title="Channel" value="132"></item><item title="Antenna" value="1"></item><item title="ExpectedPower" value="11"></item><item title="Power" value="11"></item><item title="TestType" value="Tx"></item><item title="EVM" value="-37,3102" result="PASS"></item><item title="FREQERR" value="1,26519" result="PASS"></item><item title="SYMCLOCKERR" value="1,74882" result="PASS"></item><item title="POWER" value="10,6106" result="PASS"></item><item title="LOLEAKAGE" value="-30,9394" result="PASS"></item><item title="SPECTRUMMASK" value="12,3461" result="PASS"></item><item title="SPECTRUMMARGIN" value="12,3461" result="PASS"></item></Record><Criteria><item title="Modulation" value="MCS8NSS1"></item><item title="Bandwidth" value="20"></item><item title="Antenna" value="1"></item><item title="Channel" value="132"></item><item title="RfIcTemperature" value="47"></item><item title="CpuTemperature" value="60"></item><item title="ExpectedPower" value="12"></item><item title="EVM" Max="-30" Min="-100"></item><item title="FREQERR" Max="15" Min="-15"></item><item title="SYMCLOCKERR" Max="20" Min="-100"></item><item title="POWER" Max="13,5" Min="10,5" Avg="12"></item><item title="LOLEAKAGE" Max="-17" Min="-100"></item><item title="SPECTRUMMASK" Max="100" Min="0"></item><item title="SPECTRUMMARGIN" Max="1000" Min="0"></item></Criteria><Record><item title="Modulation" value="MCS8NSS1"></item><item title="Bandwidth" value="20"></item><item title="Channel" value="132"></item><item title="Antenna" value="1"></item><item title="ExpectedPower" value="12"></item><item title="Power" value="12"></item><item title="TestType" value="Tx"></item><item title="EVM" value="-36,0154" result="PASS"></item><item title="FREQERR" value="1,26533" result="PASS"></item><item title="SYMCLOCKERR" value="2,03497" result="PASS"></item><item title="POWER" value="11,4275" result="PASS"></item><item title="LOLEAKAGE" value="-33,3729" result="PASS"></item><item title="SPECTRUMMASK" value="12,2829" result="PASS"></item><item title="SPECTRUMMARGIN" value="12,2829" result="PASS"></item></Record><Criteria><item title="Modulation" value="MCS8NSS1"></item><item title="Bandwidth" value="20"></item><item title="Antenna" value="1"></item><item title="Channel" value="132"></item><item title="RfIcTemperature" value="47"></item><item title="CpuTemperature" value="60"></item><item title="ExpectedPower" value="13"></item><item title="EVM" Max="-30" Min="-100"></item><item title="FREQERR" Max="15" Min="-15"></item><item title="SYMCLOCKERR" Max="20" Min="-100"></item><item title="POWER" Max="14,5" Min="11,5" Avg="13"></item><item title="LOLEAKAGE" Max="-17" Min="-100"></item><item title="SPECTRUMMASK" Max="100" Min="0"></item><item title="SPECTRUMMARGIN" Max="1000" Min="0"></item></Criteria><Record><item title="Modulation" value="MCS8NSS1"></item><item title="Bandwidth" value="20"></item><item title="Channel" value="132"></item><item title="Antenna" value="1"></item><item title="ExpectedPower" value="13"></item><item title="Power" value="13"></item><item title="TestType" value="Tx"></item><item title="EVM" value="-35,9257" result="PASS"></item><item title="FREQERR" value="1,2705" result="PASS"></item><item title="SYMCLOCKERR" value="2,1651" result="PASS"></item><item title="POWER" value="12,7538" result="PASS"></item><item title="LOLEAKAGE" value="-31,6814" result="PASS"></item><item title="SPECTRUMMASK" value="11,1211" result="PASS"></item><item title="SPECTRUMMARGIN" value="11,1211" result="PASS"></item></Record><Criteria><item title="Modulation" value="MCS8NSS1"></item><item title="Bandwidth" value="20"></item><item title="Antenna" value="1"></item><item title="Channel" value="132"></item><item title="RfIcTemperature" value="47"></item><item title="CpuTemperature" value="60"></item><item title="ExpectedPower" value="14"></item><item title="EVM" Max="-30" Min="-100"></item><item title="FREQERR" Max="15" Min="-15"></item><item title="SYMCLOCKERR" Max="20" Min="-100"></item><item title="POWER" Max="15,5" Min="12,5" Avg="14"></item><item title="LOLEAKAGE" Max="-17" Min="-100"></item><item title="SPECTRUMMASK" Max="100" Min="0"></item><item title="SPECTRUMMARGIN" Max="1000" Min="0"></item></Criteria><Record><item title="Modulation" value="MCS8NSS1"></item><item title="Bandwidth" value="20"></item><item title="Channel" value="132"></item><item title="Antenna" value="1"></item><item title="ExpectedPower" value="14"></item><item title="Power" value="14"></item><item title="TestType" value="Tx"></item><item title="EVM" value="-36,439" result="PASS"></item><item title="FREQERR" value="1,2707" result="PASS"></item><item title="SYMCLOCKERR" value="1,73089" result="PASS"></item><item title="POWER" value="13,5975" result="PASS"></item><item title="LOLEAKAGE" value="-32,3141" result="PASS"></item><item title="SPECTRUMMASK" value="11,5963" result="PASS"></item><item title="SPECTRUMMARGIN" value="11,5963" result="PASS"></item></Record><Criteria><item title="Modulation" value="MCS8NSS1"></item><item title="Bandwidth" value="20"></item><item title="Antenna" value="1"></item><item title="Channel" value="132"></item><item title="RfIcTemperature" value="47"></item><item title="CpuTemperature" value="60"></item><item title="ExpectedPower" value="15"></item><item title="EVM" Max="-30" Min="-100"></item><item title="FREQERR" Max="15" Min="-15"></item><item title="SYMCLOCKERR" Max="20" Min="-100"></item><item title="POWER" Max="16,5" Min="13,5" Avg="15"></item><item title="LOLEAKAGE" Max="-17" Min="-100"></item><item title="SPECTRUMMASK" Max="100" Min="0"></item><item title="SPECTRUMMARGIN" Max="1000" Min="0"></item></Criteria><Record><item title="Modulation" value="MCS8NSS1"></item><item title="Bandwidth" value="20"></item><item title="Channel" value="132"></item><item title="Antenna" value="1"></item><item title="ExpectedPower" value="15"></item><item title="Power" value="15"></item><item title="TestType" value="Tx"></item><item title="EVM" value="-36,3035" result="PASS"></item><item title="FREQERR" value="1,27017" result="PASS"></item><item title="SYMCLOCKERR" value="1,78325" result="PASS"></item><item title="POWER" value="14,6107" result="PASS"></item><item title="LOLEAKAGE" value="-34,4987" result="PASS"></item><item title="SPECTRUMMASK" value="11,6059" result="PASS"></item><item title="SPECTRUMMARGIN" value="11,6059" result="PASS"></item></Record><Criteria><item title="Modulation" value="MCS8NSS1"></item><item title="Bandwidth" value="20"></item><item title="Antenna" value="1"></item><item title="Channel" value="132"></item><item title="RfIcTemperature" value="47"></item><item title="CpuTemperature" value="60"></item><item title="ExpectedPower" value="16"></item><item title="EVM" Max="-30" Min="-100"></item><item title="FREQERR" Max="15" Min="-15"></item><item title="SYMCLOCKERR" Max="20" Min="-100"></item><item title="POWER" Max="17,5" Min="14,5" Avg="16"></item><item title="LOLEAKAGE" Max="-17" Min="-100"></item><item title="SPECTRUMMASK" Max="100" Min="0"></item><item title="SPECTRUMMARGIN" Max="1000" Min="0"></item></Criteria><Record><item title="Modulation" value="MCS8NSS1"></item><item title="Bandwidth" value="20"></item><item title="Channel" value="132"></item><item title="Antenna" value="1"></item><item title="ExpectedPower" value="16"></item><item title="Power" value="16"></item><item title="TestType" value="Tx"></item><item title="EVM" value="-37,2682" result="PASS"></item><item title="FREQERR" value="1,27082" result="PASS"></item><item title="SYMCLOCKERR" value="1,27355" result="PASS"></item><item title="POWER" value="15,5088" result="PASS"></item><item title="LOLEAKAGE" value="-35,6968" result="PASS"></item><item title="SPECTRUMMASK" value="12,0731" result="PASS"></item><item title="SPECTRUMMARGIN" value="12,0731" result="PASS"></item></Record><Criteria><item title="Modulation" value="MCS8NSS1"></item><item title="Bandwidth" value="20"></item><item title="Antenna" value="1"></item><item title="Channel" value="132"></item><item title="RfIcTemperature" value="47"></item><item title="CpuTemperature" value="60"></item><item title="ExpectedPower" value="17"></item><item title="EVM" Max="-30" Min="-100"></item><item title="FREQERR" Max="15" Min="-15"></item><item title="SYMCLOCKERR" Max="20" Min="-100"></item><item title="POWER" Max="18,5" Min="15,5" Avg="17"></item><item title="LOLEAKAGE" Max="-17" Min="-100"></item><item title="SPECTRUMMASK" Max="100" Min="0"></item><item title="SPECTRUMMARGIN" Max="1000" Min="0"></item></Criteria><Record><item title="Modulation" value="MCS8NSS1"></item><item title="Bandwidth" value="20"></item><item title="Channel" value="132"></item><item title="Antenna" value="1"></item><item title="ExpectedPower" value="17"></item><item title="Power" value="17"></item><item title="TestType" value="Tx"></item><item title="EVM" value="-37,9146" result="PASS"></item><item title="FREQERR" value="1,27238" result="PASS"></item><item title="SYMCLOCKERR" value="1,60807" result="PASS"></item><item title="POWER" value="16,5705" result="PASS"></item><item title="LOLEAKAGE" value="-37,9924" result="PASS"></item><item title="SPECTRUMMASK" value="10,3094" result="PASS"></item><item title="SPECTRUMMARGIN" value="10,3094" result="PASS"></item></Record><Criteria><item title="Modulation" value="MCS8NSS1"></item><item title="Bandwidth" value="20"></item><item title="Antenna" value="1"></item><item title="Channel" value="132"></item><item title="RfIcTemperature" value="47"></item><item title="CpuTemperature" value="60"></item><item title="ExpectedPower" value="18"></item><item title="EVM" Max="-30" Min="-100"></item><item title="FREQERR" Max="15" Min="-15"></item><item title="SYMCLOCKERR" Max="20" Min="-100"></item><item title="POWER" Max="19,5" Min="16,5" Avg="18"></item><item title="LOLEAKAGE" Max="-17" Min="-100"></item><item title="SPECTRUMMASK" Max="100" Min="0"></item><item title="SPECTRUMMARGIN" Max="1000" Min="0"></item></Criteria><Record><item title="Modulation" value="MCS8NSS1"></item><item title="Bandwidth" value="20"></item><item title="Channel" value="132"></item><item title="Antenna" value="1"></item><item title="ExpectedPower" value="18"></item><item title="Power" value="18"></item><item title="TestType" value="Tx"></item><item title="EVM" value="-36,2177" result="PASS"></item><item title="FREQERR" value="1,26898" result="PASS"></item><item title="SYMCLOCKERR" value="1,34589" result="PASS"></item><item title="POWER" value="17,4089" result="PASS"></item><item title="LOLEAKAGE" value="-39,8088" result="PASS"></item><item title="SPECTRUMMASK" value="11,794" result="PASS"></item><item title="SPECTRUMMARGIN" value="11,794" result="PASS"></item></Record><Criteria><item title="Modulation" value="MCS8NSS1"></item><item title="Bandwidth" value="20"></item><item title="Antenna" value="1"></item><item title="Channel" value="132"></item><item title="RfIcTemperature" value="47"></item><item title="CpuTemperature" value="60"></item><item title="ExpectedPower" value="19"></item><item title="EVM" Max="-30" Min="-100"></item><item title="FREQERR" Max="15" Min="-15"></item><item title="SYMCLOCKERR" Max="20" Min="-100"></item><item title="POWER" Max="20,5" Min="17,5" Avg="19"></item><item title="LOLEAKAGE" Max="-17" Min="-100"></item><item title="SPECTRUMMASK" Max="100" Min="0"></item><item title="SPECTRUMMARGIN" Max="1000" Min="0"></item></Criteria><Record><item title="Modulation" value="MCS8NSS1"></item><item title="Bandwidth" value="20"></item><item title="Channel" value="132"></item><item title="Antenna" value="1"></item><item title="ExpectedPower" value="19"></item><item title="Power" value="19"></item><item title="TestType" value="Tx"></item><item title="EVM" value="-35,4274" result="PASS"></item><item title="FREQERR" value="1,27063" result="PASS"></item><item title="SYMCLOCKERR" value="1,43675" result="PASS"></item><item title="POWER" value="18,7933" result="PASS"></item><item title="LOLEAKAGE" value="-43,6796" result="PASS"></item><item title="SPECTRUMMASK" value="10,6776" result="PASS"></item><item title="SPECTRUMMARGIN" value="10,6776" result="PASS"></item></Record><Criteria><item title="Modulation" value="MCS8NSS1"></item><item title="Bandwidth" value="20"></item><item title="Antenna" value="1"></item><item title="Channel" value="132"></item><item title="RfIcTemperature" value="47"></item><item title="CpuTemperature" value="60"></item><item title="ExpectedPower" value="20"></item><item title="EVM" Max="-30" Min="-100"></item><item title="FREQERR" Max="15" Min="-15"></item><item title="SYMCLOCKERR" Max="20" Min="-100"></item><item title="POWER" Max="21,5" Min="18,5" Avg="20"></item><item title="LOLEAKAGE" Max="-17" Min="-100"></item><item title="SPECTRUMMASK" Max="100" Min="0"></item><item title="SPECTRUMMARGIN" Max="1000" Min="0"></item></Criteria><Record><item title="Modulation" value="MCS8NSS1"></item><item title="Bandwidth" value="20"></item><item title="Channel" value="132"></item><item title="Antenna" value="1"></item><item title="ExpectedPower" value="20"></item><item title="Power" value="20"></item><item title="TestType" value="Tx"></item><item title="EVM" value="-34,3155" result="PASS"></item><item title="FREQERR" value="1,2698" result="PASS"></item><item title="SYMCLOCKERR" value="1,40327" result="PASS"></item><item title="POWER" value="19,5381" result="PASS"></item><item title="LOLEAKAGE" value="-51,1643" result="PASS"></item><item title="SPECTRUMMASK" value="12,1221" result="PASS"></item><item title="SPECTRUMMARGIN" value="12,1221" result="PASS"></item></Record><Criteria><item title="Modulation" value="MCS8NSS1"></item><item title="Bandwidth" value="20"></item><item title="Antenna" value="1"></item><item title="Channel" value="132"></item><item title="RfIcTemperature" value="47"></item><item title="CpuTemperature" value="60"></item><item title="ExpectedPower" value="21"></item><item title="EVM" Max="-30" Min="-100"></item><item title="FREQERR" Max="15" Min="-15"></item><item title="SYMCLOCKERR" Max="20" Min="-100"></item><item title="POWER" Max="22,5" Min="19,5" Avg="21"></item><item title="LOLEAKAGE" Max="-17" Min="-100"></item><item title="SPECTRUMMASK" Max="100" Min="0"></item><item title="SPECTRUMMARGIN" Max="1000" Min="0"></item></Criteria><Record><item title="Modulation" value="MCS8NSS1"></item><item title="Bandwidth" value="20"></item><item title="Channel" value="132"></item><item title="Antenna" value="1"></item><item title="ExpectedPower" value="21"></item><item title="Power" value="21"></item><item title="TestType" value="Tx"></item><item title="EVM" value="-28,7404" result="FAIL"></item><item title="FREQERR" value="1,26798" result="PASS"></item><item title="SYMCLOCKERR" value="0,763017" result="PASS"></item><item title="POWER" value="20,4919" result="PASS"></item><item title="LOLEAKAGE" value="-46,2529" result="PASS"></item><item title="SPECTRUMMASK" value="9,77108" result="PASS"></item><item title="SPECTRUMMARGIN" value="9,77108" result="PASS"></item></Record><Criteria><item title="Modulation" value="MCS8NSS1"></item><item title="Bandwidth" value="20"></item><item title="Antenna" value="1"></item><item title="Channel" value="132"></item><item title="RfIcTemperature" value="47"></item><item title="CpuTemperature" value="60"></item><item title="ExpectedPower" value="22"></item><item title="EVM" Max="-30" Min="-100"></item><item title="FREQERR" Max="15" Min="-15"></item><item title="SYMCLOCKERR" Max="20" Min="-100"></item><item title="POWER" Max="23,5" Min="20,5" Avg="22"></item><item title="LOLEAKAGE" Max="-17" Min="-100"></item><item title="SPECTRUMMASK" Max="100" Min="0"></item><item title="SPECTRUMMARGIN" Max="1000" Min="0"></item></Criteria><Record><item title="Modulation" value="MCS8NSS1"></item><item title="Bandwidth" value="20"></item><item title="Channel" value="132"></item><item title="Antenna" value="1"></item><item title="ExpectedPower" value="22"></item><item title="Power" value="22"></item><item title="TestType" value="Tx"></item><item title="EVM" value="-25,9671" result="FAIL"></item><item title="FREQERR" value="1,26971" result="PASS"></item><item title="SYMCLOCKERR" value="3,17719" result="PASS"></item><item title="POWER" value="21,4584" result="PASS"></item><item title="LOLEAKAGE" value="-49,1438" result="PASS"></item><item title="SPECTRUMMASK" value="6,79901" result="PASS"></item><item title="SPECTRUMMARGIN" value="6,79901" result="PASS"></item></Record><Criteria><item title="Modulation" value="MCS8NSS1"></item><item title="Bandwidth" value="20"></item><item title="Antenna" value="1"></item><item title="Channel" value="132"></item><item title="RfIcTemperature" value="47"></item><item title="CpuTemperature" value="60"></item><item title="ExpectedPower" value="23"></item><item title="EVM" Max="-30" Min="-100"></item><item title="FREQERR" Max="15" Min="-15"></item><item title="SYMCLOCKERR" Max="20" Min="-100"></item><item title="POWER" Max="24,5" Min="21,5" Avg="23"></item><item title="LOLEAKAGE" Max="-17" Min="-100"></item><item title="SPECTRUMMASK" Max="100" Min="0"></item><item title="SPECTRUMMARGIN" Max="1000" Min="0"></item></Criteria><Record><item title="Modulation" value="MCS8NSS1"></item><item title="Bandwidth" value="20"></item><item title="Channel" value="132"></item><item title="Antenna" value="1"></item><item title="ExpectedPower" value="23"></item><item title="Power" value="23"></item><item title="TestType" value="Tx"></item><item title="EVM" value="-23,9315" result="FAIL"></item><item title="FREQERR" value="1,27094" result="PASS"></item><item title="SYMCLOCKERR" value="1,09033" result="PASS"></item><item title="POWER" value="22,194" result="PASS"></item><item title="LOLEAKAGE" value="-51,173" result="PASS"></item><item title="SPECTRUMMASK" value="4,23964" result="PASS"></item><item title="SPECTRUMMARGIN" value="4,23964" result="PASS"></item></Record><Criteria><item title="Modulation" value="MCS8NSS1"></item><item title="Bandwidth" value="20"></item><item title="Antenna" value="1"></item><item title="Channel" value="132"></item><item title="RfIcTemperature" value="47"></item><item title="CpuTemperature" value="60"></item><item title="ExpectedPower" value="24"></item><item title="EVM" Max="-30" Min="-100"></item><item title="FREQERR" Max="15" Min="-15"></item><item title="SYMCLOCKERR" Max="20" Min="-100"></item><item title="POWER" Max="25,5" Min="22,5" Avg="24"></item><item title="LOLEAKAGE" Max="-17" Min="-100"></item><item title="SPECTRUMMASK" Max="100" Min="0"></item><item title="SPECTRUMMARGIN" Max="1000" Min="0"></item></Criteria><Record><item title="Modulation" value="MCS8NSS1"></item><item title="Bandwidth" value="20"></item><item title="Channel" value="132"></item><item title="Antenna" value="1"></item><item title="ExpectedPower" value="24"></item><item title="Power" value="24"></item><item title="TestType" value="Tx"></item><item title="EVM" value="-22,7964" result="FAIL"></item><item title="FREQERR" value="1,26374" result="PASS"></item><item title="SYMCLOCKERR" value="4,09963" result="PASS"></item><item title="POWER" value="22,9988" result="PASS"></item><item title="LOLEAKAGE" value="-45,645" result="PASS"></item><item title="SPECTRUMMASK" value="2,99284" result="PASS"></item><item title="SPECTRUMMARGIN" value="2,99284" result="PASS"></item></Record><Criteria><item title="Modulation" value="MCS8NSS1"></item><item title="Bandwidth" value="20"></item><item title="Antenna" value="1"></item><item title="Channel" value="132"></item><item title="RfIcTemperature" value="47"></item><item title="CpuTemperature" value="60"></item><item title="ExpectedPower" value="25"></item><item title="EVM" Max="-30" Min="-100"></item><item title="FREQERR" Max="15" Min="-15"></item><item title="SYMCLOCKERR" Max="20" Min="-100"></item><item title="POWER" Max="26,5" Min="23,5" Avg="25"></item><item title="LOLEAKAGE" Max="-17" Min="-100"></item><item title="SPECTRUMMASK" Max="100" Min="0"></item><item title="SPECTRUMMARGIN" Max="1000" Min="0"></item></Criteria><Record><item title="Modulation" value="MCS8NSS1"></item><item title="Bandwidth" value="20"></item><item title="Channel" value="132"></item><item title="Antenna" value="1"></item><item title="ExpectedPower" value="25"></item><item title="Power" value="25"></item><item title="TestType" value="Tx"></item><item title="EVM" value="-22,3046" result="FAIL"></item><item title="FREQERR" value="1,27587" result="PASS"></item><item title="SYMCLOCKERR" value="-1,38009" result="PASS"></item><item title="POWER" value="23,7745" result="PASS"></item><item title="LOLEAKAGE" value="-37,8946" result="PASS"></item><item title="SPECTRUMMASK" value="-0,942028" result="FAIL"></item><item title="SPECTRUMMARGIN" value="-0,942028" result="FAIL"></item></Record><Criteria><item title="Modulation" value="MCS8NSS1"></item><item title="Bandwidth" value="20"></item><item title="Antenna" value="2"></item><item title="Channel" value="132"></item><item title="RfIcTemperature" value="47"></item><item title="CpuTemperature" value="60"></item><item title="ExpectedPower" value="10"></item><item title="EVM" Max="-30" Min="-100"></item><item title="FREQERR" Max="15" Min="-15"></item><item title="SYMCLOCKERR" Max="20" Min="-100"></item><item title="POWER" Max="11,5" Min="8,5" Avg="10"></item><item title="LOLEAKAGE" Max="-17" Min="-100"></item><item title="SPECTRUMMASK" Max="100" Min="0"></item><item title="SPECTRUMMARGIN" Max="1000" Min="0"></item></Criteria><Record><item title="Modulation" value="MCS8NSS1"></item><item title="Bandwidth" value="20"></item><item title="Channel" value="132"></item><item title="Antenna" value="2"></item><item title="ExpectedPower" value="10"></item><item title="Power" value="10"></item><item title="TestType" value="Tx"></item><item title="EVM" value="-37,2458" result="PASS"></item><item title="FREQERR" value="1,26341" result="PASS"></item><item title="SYMCLOCKERR" value="1,81068" result="PASS"></item><item title="POWER" value="9,80045" result="PASS"></item><item title="LOLEAKAGE" value="-32,2229" result="PASS"></item><item title="SPECTRUMMASK" value="11,5646" result="PASS"></item><item title="SPECTRUMMARGIN" value="11,5646" result="PASS"></item></Record><Criteria><item title="Modulation" value="MCS8NSS1"></item><item title="Bandwidth" value="20"></item><item title="Antenna" value="2"></item><item title="Channel" value="132"></item><item title="RfIcTemperature" value="47"></item><item title="CpuTemperature" value="60"></item><item title="ExpectedPower" value="11"></item><item title="EVM" Max="-30" Min="-100"></item><item title="FREQERR" Max="15" Min="-15"></item><item title="SYMCLOCKERR" Max="20" Min="-100"></item><item title="POWER" Max="12,5" Min="9,5" Avg="11"></item><item title="LOLEAKAGE" Max="-17" Min="-100"></item><item title="SPECTRUMMASK" Max="100" Min="0"></item><item title="SPECTRUMMARGIN" Max="1000" Min="0"></item></Criteria><Record><item title="Modulation" value="MCS8NSS1"></item><item title="Bandwidth" value="20"></item><item title="Channel" value="132"></item><item title="Antenna" value="2"></item><item title="ExpectedPower" value="11"></item><item title="Power" value="11"></item><item title="TestType" value="Tx"></item><item title="EVM" value="-36,3699" result="PASS"></item><item title="FREQERR" value="1,26767" result="PASS"></item><item title="SYMCLOCKERR" value="2,09827" result="PASS"></item><item title="POWER" value="10,9172" result="PASS"></item><item title="LOLEAKAGE" value="-32,3804" result="PASS"></item><item title="SPECTRUMMASK" value="11,4352" result="PASS"></item><item title="SPECTRUMMARGIN" value="11,4352" result="PASS"></item></Record><Criteria><item title="Modulation" value="MCS8NSS1"></item><item title="Bandwidth" value="20"></item><item title="Antenna" value="2"></item><item title="Channel" value="132"></item><item title="RfIcTemperature" value="47"></item><item title="CpuTemperature" value="60"></item><item title="ExpectedPower" value="12"></item><item title="EVM" Max="-30" Min="-100"></item><item title="FREQERR" Max="15" Min="-15"></item><item title="SYMCLOCKERR" Max="20" Min="-100"></item><item title="POWER" Max="13,5" Min="10,5" Avg="12"></item><item title="LOLEAKAGE" Max="-17" Min="-100"></item><item title="SPECTRUMMASK" Max="100" Min="0"></item><item title="SPECTRUMMARGIN" Max="1000" Min="0"></item></Criteria><Record><item title="Modulation" value="MCS8NSS1"></item><item title="Bandwidth" value="20"></item><item title="Channel" value="132"></item><item title="Antenna" value="2"></item><item title="ExpectedPower" value="12"></item><item title="Power" value="12"></item><item title="TestType" value="Tx"></item><item title="EVM" value="-36,9828" result="PASS"></item><item title="FREQERR" value="1,27075" result="PASS"></item><item title="SYMCLOCKERR" value="2,05079" result="PASS"></item><item title="POWER" value="11,7891" result="PASS"></item><item title="LOLEAKAGE" value="-31,648" result="PASS"></item><item title="SPECTRUMMASK" value="11,4432" result="PASS"></item><item title="SPECTRUMMARGIN" value="11,4432" result="PASS"></item></Record><Criteria><item title="Modulation" value="MCS8NSS1"></item><item title="Bandwidth" value="20"></item><item title="Antenna" value="2"></item><item title="Channel" value="132"></item><item title="RfIcTemperature" value="47"></item><item title="CpuTemperature" value="60"></item><item title="ExpectedPower" value="13"></item><item title="EVM" Max="-30" Min="-100"></item><item title="FREQERR" Max="15" Min="-15"></item><item title="SYMCLOCKERR" Max="20" Min="-100"></item><item title="POWER" Max="14,5" Min="11,5" Avg="13"></item><item title="LOLEAKAGE" Max="-17" Min="-100"></item><item title="SPECTRUMMASK" Max="100" Min="0"></item><item title="SPECTRUMMARGIN" Max="1000" Min="0"></item></Criteria><Record><item title="Modulation" value="MCS8NSS1"></item><item title="Bandwidth" value="20"></item><item title="Channel" value="132"></item><item title="Antenna" value="2"></item><item title="ExpectedPower" value="13"></item><item title="Power" value="13"></item><item title="TestType" value="Tx"></item><item title="EVM" value="-36,6715" result="PASS"></item><item title="FREQERR" value="1,26921" result="PASS"></item><item title="SYMCLOCKERR" value="1,93406" result="PASS"></item><item title="POWER" value="12,8977" result="PASS"></item><item title="LOLEAKAGE" value="-31,5353" result="PASS"></item><item title="SPECTRUMMASK" value="10,9763" result="PASS"></item><item title="SPECTRUMMARGIN" value="10,9763" result="PASS"></item></Record><Criteria><item title="Modulation" value="MCS8NSS1"></item><item title="Bandwidth" value="20"></item><item title="Antenna" value="2"></item><item title="Channel" value="132"></item><item title="RfIcTemperature" value="47"></item><item title="CpuTemperature" value="60"></item><item title="ExpectedPower" value="14"></item><item title="EVM" Max="-30" Min="-100"></item><item title="FREQERR" Max="15" Min="-15"></item><item title="SYMCLOCKERR" Max="20" Min="-100"></item><item title="POWER" Max="15,5" Min="12,5" Avg="14"></item><item title="LOLEAKAGE" Max="-17" Min="-100"></item><item title="SPECTRUMMASK" Max="100" Min="0"></item><item title="SPECTRUMMARGIN" Max="1000" Min="0"></item></Criteria><Record><item title="Modulation" value="MCS8NSS1"></item><item title="Bandwidth" value="20"></item><item title="Channel" value="132"></item><item title="Antenna" value="2"></item><item title="ExpectedPower" value="14"></item><item title="Power" value="14"></item><item title="TestType" value="Tx"></item><item title="EVM" value="-34,8819" result="PASS"></item><item title="FREQERR" value="1,27131" result="PASS"></item><item title="SYMCLOCKERR" value="2,57691" result="PASS"></item><item title="POWER" value="13,9971" result="PASS"></item><item title="LOLEAKAGE" value="-34,5954" result="PASS"></item><item title="SPECTRUMMASK" value="11,0569" result="PASS"></item><item title="SPECTRUMMARGIN" value="11,0569" result="PASS"></item></Record><Criteria><item title="Modulation" value="MCS8NSS1"></item><item title="Bandwidth" value="20"></item><item title="Antenna" value="2"></item><item title="Channel" value="132"></item><item title="RfIcTemperature" value="47"></item><item title="CpuTemperature" value="60"></item><item title="ExpectedPower" value="15"></item><item title="EVM" Max="-30" Min="-100"></item><item title="FREQERR" Max="15" Min="-15"></item><item title="SYMCLOCKERR" Max="20" Min="-100"></item><item title="POWER" Max="16,5" Min="13,5" Avg="15"></item><item title="LOLEAKAGE" Max="-17" Min="-100"></item><item title="SPECTRUMMASK" Max="100" Min="0"></item><item title="SPECTRUMMARGIN" Max="1000" Min="0"></item></Criteria><Record><item title="Modulation" value="MCS8NSS1"></item><item title="Bandwidth" value="20"></item><item title="Channel" value="132"></item><item title="Antenna" value="2"></item><item title="ExpectedPower" value="15"></item><item title="Power" value="15"></item><item title="TestType" value="Tx"></item><item title="EVM" value="-36,8036" result="PASS"></item><item title="FREQERR" value="1,26954" result="PASS"></item><item title="SYMCLOCKERR" value="2,0827" result="PASS"></item><item title="POWER" value="15,0838" result="PASS"></item><item title="LOLEAKAGE" value="-36,7397" result="PASS"></item><item title="SPECTRUMMASK" value="10,8525" result="PASS"></item><item title="SPECTRUMMARGIN" value="10,8525" result="PASS"></item></Record><Criteria><item title="Modulation" value="MCS8NSS1"></item><item title="Bandwidth" value="20"></item><item title="Antenna" value="2"></item><item title="Channel" value="132"></item><item title="RfIcTemperature" value="47"></item><item title="CpuTemperature" value="60"></item><item title="ExpectedPower" value="16"></item><item title="EVM" Max="-30" Min="-100"></item><item title="FREQERR" Max="15" Min="-15"></item><item title="SYMCLOCKERR" Max="20" Min="-100"></item><item title="POWER" Max="17,5" Min="14,5" Avg="16"></item><item title="LOLEAKAGE" Max="-17" Min="-100"></item><item title="SPECTRUMMASK" Max="100" Min="0"></item><item title="SPECTRUMMARGIN" Max="1000" Min="0"></item></Criteria><Record><item title="Modulation" value="MCS8NSS1"></item><item title="Bandwidth" value="20"></item><item title="Channel" value="132"></item><item title="Antenna" value="2"></item><item title="ExpectedPower" value="16"></item><item title="Power" value="16"></item><item title="TestType" value="Tx"></item><item title="EVM" value="-36,565" result="PASS"></item><item title="FREQERR" value="1,27216" result="PASS"></item><item title="SYMCLOCKERR" value="2,49309" result="PASS"></item><item title="POWER" value="15,8939" result="PASS"></item><item title="LOLEAKAGE" value="-35,9308" result="PASS"></item><item title="SPECTRUMMASK" value="11,3987" result="PASS"></item><item title="SPECTRUMMARGIN" value="11,3987" result="PASS"></item></Record><Criteria><item title="Modulation" value="MCS8NSS1"></item><item title="Bandwidth" value="20"></item><item title="Antenna" value="2"></item><item title="Channel" value="132"></item><item title="RfIcTemperature" value="47"></item><item title="CpuTemperature" value="60"></item><item title="ExpectedPower" value="17"></item><item title="EVM" Max="-30" Min="-100"></item><item title="FREQERR" Max="15" Min="-15"></item><item title="SYMCLOCKERR" Max="20" Min="-100"></item><item title="POWER" Max="18,5" Min="15,5" Avg="17"></item><item title="LOLEAKAGE" Max="-17" Min="-100"></item><item title="SPECTRUMMASK" Max="100" Min="0"></item><item title="SPECTRUMMARGIN" Max="1000" Min="0"></item></Criteria><Record><item title="Modulation" value="MCS8NSS1"></item><item title="Bandwidth" value="20"></item><item title="Channel" value="132"></item><item title="Antenna" value="2"></item><item title="ExpectedPower" value="17"></item><item title="Power" value="17"></item><item title="TestType" value="Tx"></item><item title="EVM" value="-35,7791" result="PASS"></item><item title="FREQERR" value="1,27348" result="PASS"></item><item title="SYMCLOCKERR" value="2,06011" result="PASS"></item><item title="POWER" value="16,8082" result="PASS"></item><item title="LOLEAKAGE" value="-41,4389" result="PASS"></item><item title="SPECTRUMMASK" value="11,2681" result="PASS"></item><item title="SPECTRUMMARGIN" value="11,2681" result="PASS"></item></Record><Criteria><item title="Modulation" value="MCS8NSS1"></item><item title="Bandwidth" value="20"></item><item title="Antenna" value="2"></item><item title="Channel" value="132"></item><item title="RfIcTemperature" value="47"></item><item title="CpuTemperature" value="60"></item><item title="ExpectedPower" value="18"></item><item title="EVM" Max="-30" Min="-100"></item><item title="FREQERR" Max="15" Min="-15"></item><item title="SYMCLOCKERR" Max="20" Min="-100"></item><item title="POWER" Max="19,5" Min="16,5" Avg="18"></item><item title="LOLEAKAGE" Max="-17" Min="-100"></item><item title="SPECTRUMMASK" Max="100" Min="0"></item><item title="SPECTRUMMARGIN" Max="1000" Min="0"></item></Criteria><Record><item title="Modulation" value="MCS8NSS1"></item><item title="Bandwidth" value="20"></item><item title="Channel" value="132"></item><item title="Antenna" value="2"></item><item title="ExpectedPower" value="18"></item><item title="Power" value="18"></item><item title="TestType" value="Tx"></item><item title="EVM" value="-34,2942" result="PASS"></item><item title="FREQERR" value="1,27725" result="PASS"></item><item title="SYMCLOCKERR" value="1,9641" result="PASS"></item><item title="POWER" value="17,9301" result="PASS"></item><item title="LOLEAKAGE" value="-41,5924" result="PASS"></item><item title="SPECTRUMMASK" value="11,2642" result="PASS"></item><item title="SPECTRUMMARGIN" value="11,2642" result="PASS"></item></Record><Criteria><item title="Modulation" value="MCS8NSS1"></item><item title="Bandwidth" value="20"></item><item title="Antenna" value="2"></item><item title="Channel" value="132"></item><item title="RfIcTemperature" value="47"></item><item title="CpuTemperature" value="60"></item><item title="ExpectedPower" value="19"></item><item title="EVM" Max="-30" Min="-100"></item><item title="FREQERR" Max="15" Min="-15"></item><item title="SYMCLOCKERR" Max="20" Min="-100"></item><item title="POWER" Max="20,5" Min="17,5" Avg="19"></item><item title="LOLEAKAGE" Max="-17" Min="-100"></item><item title="SPECTRUMMASK" Max="100" Min="0"></item><item title="SPECTRUMMARGIN" Max="1000" Min="0"></item></Criteria><Record><item title="Modulation" value="MCS8NSS1"></item><item title="Bandwidth" value="20"></item><item title="Channel" value="132"></item><item title="Antenna" value="2"></item><item title="ExpectedPower" value="19"></item><item title="Power" value="19"></item><item title="TestType" value="Tx"></item><item title="EVM" value="-33,8554" result="PASS"></item><item title="FREQERR" value="1,27214" result="PASS"></item><item title="SYMCLOCKERR" value="2,55663" result="PASS"></item><item title="POWER" value="18,7459" result="PASS"></item><item title="LOLEAKAGE" value="-43,1117" result="PASS"></item><item title="SPECTRUMMASK" value="10,9636" result="PASS"></item><item title="SPECTRUMMARGIN" value="10,9636" result="PASS"></item></Record><Criteria><item title="Modulation" value="MCS8NSS1"></item><item title="Bandwidth" value="20"></item><item title="Antenna" value="2"></item><item title="Channel" value="132"></item><item title="RfIcTemperature" value="47"></item><item title="CpuTemperature" value="60"></item><item title="ExpectedPower" value="20"></item><item title="EVM" Max="-30" Min="-100"></item><item title="FREQERR" Max="15" Min="-15"></item><item title="SYMCLOCKERR" Max="20" Min="-100"></item><item title="POWER" Max="21,5" Min="18,5" Avg="20"></item><item title="LOLEAKAGE" Max="-17" Min="-100"></item><item title="SPECTRUMMASK" Max="100" Min="0"></item><item title="SPECTRUMMARGIN" Max="1000" Min="0"></item></Criteria><Record><item title="Modulation" value="MCS8NSS1"></item><item title="Bandwidth" value="20"></item><item title="Channel" value="132"></item><item title="Antenna" value="2"></item><item title="ExpectedPower" value="20"></item><item title="Power" value="20"></item><item title="TestType" value="Tx"></item><item title="EVM" value="-33,7961" result="PASS"></item><item title="FREQERR" value="1,27076" result="PASS"></item><item title="SYMCLOCKERR" value="2,42025" result="PASS"></item><item title="POWER" value="19,7109" result="PASS"></item><item title="LOLEAKAGE" value="-43,0247" result="PASS"></item><item title="SPECTRUMMASK" value="11,6306" result="PASS"></item><item title="SPECTRUMMARGIN" value="11,6306" result="PASS"></item></Record><Criteria><item title="Modulation" value="MCS8NSS1"></item><item title="Bandwidth" value="20"></item><item title="Antenna" value="2"></item><item title="Channel" value="132"></item><item title="RfIcTemperature" value="47"></item><item title="CpuTemperature" value="60"></item><item title="ExpectedPower" value="21"></item><item title="EVM" Max="-30" Min="-100"></item><item title="FREQERR" Max="15" Min="-15"></item><item title="SYMCLOCKERR" Max="20" Min="-100"></item><item title="POWER" Max="22,5" Min="19,5" Avg="21"></item><item title="LOLEAKAGE" Max="-17" Min="-100"></item><item title="SPECTRUMMASK" Max="100" Min="0"></item><item title="SPECTRUMMARGIN" Max="1000" Min="0"></item></Criteria><Record><item title="Modulation" value="MCS8NSS1"></item><item title="Bandwidth" value="20"></item><item title="Channel" value="132"></item><item title="Antenna" value="2"></item><item title="ExpectedPower" value="21"></item><item title="Power" value="21"></item><item title="TestType" value="Tx"></item><item title="EVM" value="-30,2184" result="PASS"></item><item title="FREQERR" value="1,2709" result="PASS"></item><item title="SYMCLOCKERR" value="2,31613" result="PASS"></item><item title="POWER" value="20,9361" result="PASS"></item><item title="LOLEAKAGE" value="-53,3243" result="PASS"></item><item title="SPECTRUMMASK" value="10,7669" result="PASS"></item><item title="SPECTRUMMARGIN" value="10,7669" result="PASS"></item></Record><Criteria><item title="Modulation" value="MCS8NSS1"></item><item title="Bandwidth" value="20"></item><item title="Antenna" value="2"></item><item title="Channel" value="132"></item><item title="RfIcTemperature" value="47"></item><item title="CpuTemperature" value="60"></item><item title="ExpectedPower" value="22"></item><item title="EVM" Max="-30" Min="-100"></item><item title="FREQERR" Max="15" Min="-15"></item><item title="SYMCLOCKERR" Max="20" Min="-100"></item><item title="POWER" Max="23,5" Min="20,5" Avg="22"></item><item title="LOLEAKAGE" Max="-17" Min="-100"></item><item title="SPECTRUMMASK" Max="100" Min="0"></item><item title="SPECTRUMMARGIN" Max="1000" Min="0"></item></Criteria><Record><item title="Modulation" value="MCS8NSS1"></item><item title="Bandwidth" value="20"></item><item title="Channel" value="132"></item><item title="Antenna" value="2"></item><item title="ExpectedPower" value="22"></item><item title="Power" value="22"></item><item title="TestType" value="Tx"></item><item title="EVM" value="-28,7623" result="FAIL"></item><item title="FREQERR" value="1,27568" result="PASS"></item><item title="SYMCLOCKERR" value="2,09833" result="PASS"></item><item title="POWER" value="21,814" result="PASS"></item><item title="LOLEAKAGE" value="-60,4195" result="PASS"></item><item title="SPECTRUMMASK" value="10,9227" result="PASS"></item><item title="SPECTRUMMARGIN" value="10,9227" result="PASS"></item></Record><Criteria><item title="Modulation" value="MCS8NSS1"></item><item title="Bandwidth" value="20"></item><item title="Antenna" value="2"></item><item title="Channel" value="132"></item><item title="RfIcTemperature" value="47"></item><item title="CpuTemperature" value="60"></item><item title="ExpectedPower" value="23"></item><item title="EVM" Max="-30" Min="-100"></item><item title="FREQERR" Max="15" Min="-15"></item><item title="SYMCLOCKERR" Max="20" Min="-100"></item><item title="POWER" Max="24,5" Min="21,5" Avg="23"></item><item title="LOLEAKAGE" Max="-17" Min="-100"></item><item title="SPECTRUMMASK" Max="100" Min="0"></item><item title="SPECTRUMMARGIN" Max="1000" Min="0"></item></Criteria><Record><item title="Modulation" value="MCS8NSS1"></item><item title="Bandwidth" value="20"></item><item title="Channel" value="132"></item><item title="Antenna" value="2"></item><item title="ExpectedPower" value="23"></item><item title="Power" value="23"></item><item title="TestType" value="Tx"></item><item title="EVM" value="-25,2227" result="FAIL"></item><item title="FREQERR" value="1,27069" result="PASS"></item><item title="SYMCLOCKERR" value="3,33892" result="PASS"></item><item title="POWER" value="22,7184" result="PASS"></item><item title="LOLEAKAGE" value="-57,7219" result="PASS"></item><item title="SPECTRUMMASK" value="8,23489" result="PASS"></item><item title="SPECTRUMMARGIN" value="8,23489" result="PASS"></item></Record><Criteria><item title="Modulation" value="MCS8NSS1"></item><item title="Bandwidth" value="20"></item><item title="Antenna" value="2"></item><item title="Channel" value="132"></item><item title="RfIcTemperature" value="47"></item><item title="CpuTemperature" value="60"></item><item title="ExpectedPower" value="24"></item><item title="EVM" Max="-30" Min="-100"></item><item title="FREQERR" Max="15" Min="-15"></item><item title="SYMCLOCKERR" Max="20" Min="-100"></item><item title="POWER" Max="25,5" Min="22,5" Avg="24"></item><item title="LOLEAKAGE" Max="-17" Min="-100"></item><item title="SPECTRUMMASK" Max="100" Min="0"></item><item title="SPECTRUMMARGIN" Max="1000" Min="0"></item></Criteria><Record><item title="Modulation" value="MCS8NSS1"></item><item title="Bandwidth" value="20"></item><item title="Channel" value="132"></item><item title="Antenna" value="2"></item><item title="ExpectedPower" value="24"></item><item title="Power" value="24"></item><item title="TestType" value="Tx"></item><item title="EVM" value="-23,4134" result="FAIL"></item><item title="FREQERR" value="1,27085" result="PASS"></item><item title="SYMCLOCKERR" value="4,30577" result="PASS"></item><item title="POWER" value="23,8972" result="PASS"></item><item title="LOLEAKAGE" value="-49,3477" result="PASS"></item><item title="SPECTRUMMASK" value="5,33892" result="PASS"></item><item title="SPECTRUMMARGIN" value="5,33892" result="PASS"></item></Record><Criteria><item title="Modulation" value="MCS8NSS1"></item><item title="Bandwidth" value="20"></item><item title="Antenna" value="2"></item><item title="Channel" value="132"></item><item title="RfIcTemperature" value="47"></item><item title="CpuTemperature" value="60"></item><item title="ExpectedPower" value="25"></item><item title="EVM" Max="-30" Min="-100"></item><item title="FREQERR" Max="15" Min="-15"></item><item title="SYMCLOCKERR" Max="20" Min="-100"></item><item title="POWER" Max="26,5" Min="23,5" Avg="25"></item><item title="LOLEAKAGE" Max="-17" Min="-100"></item><item title="SPECTRUMMASK" Max="100" Min="0"></item><item title="SPECTRUMMARGIN" Max="1000" Min="0"></item></Criteria><Record><item title="Modulation" value="MCS8NSS1"></item><item title="Bandwidth" value="20"></item><item title="Channel" value="132"></item><item title="Antenna" value="2"></item><item title="ExpectedPower" value="25"></item><item title="Power" value="25"></item><item title="TestType" value="Tx"></item><item title="EVM" value="-22,4745" result="FAIL"></item><item title="FREQERR" value="1,27028" result="PASS"></item><item title="SYMCLOCKERR" value="10,0202" result="PASS"></item><item title="POWER" value="24,9081" result="PASS"></item><item title="LOLEAKAGE" value="-40,0449" result="PASS"></item><item title="SPECTRUMMASK" value="1,121" result="PASS"></item><item title="SPECTRUMMARGIN" value="1,121" result="PASS"></item></Record><Criteria><item title="Modulation" value="MCS8NSS1"></item><item title="Bandwidth" value="20"></item><item title="Antenna" value="3"></item><item title="Channel" value="132"></item><item title="RfIcTemperature" value="47"></item><item title="CpuTemperature" value="60"></item><item title="ExpectedPower" value="10"></item><item title="EVM" Max="-30" Min="-100"></item><item title="FREQERR" Max="15" Min="-15"></item><item title="SYMCLOCKERR" Max="20" Min="-100"></item><item title="POWER" Max="11,5" Min="8,5" Avg="10"></item><item title="LOLEAKAGE" Max="-17" Min="-100"></item><item title="SPECTRUMMASK" Max="100" Min="0"></item><item title="SPECTRUMMARGIN" Max="1000" Min="0"></item></Criteria><Record><item title="Modulation" value="MCS8NSS1"></item><item title="Bandwidth" value="20"></item><item title="Channel" value="132"></item><item title="Antenna" value="3"></item><item title="ExpectedPower" value="10"></item><item title="Power" value="10"></item><item title="TestType" value="Tx"></item><item title="EVM" value="-38,8912" result="PASS"></item><item title="FREQERR" value="1,26832" result="PASS"></item><item title="SYMCLOCKERR" value="1,39859" result="PASS"></item><item title="POWER" value="8,66844" result="PASS"></item><item title="LOLEAKAGE" value="-29,5939" result="PASS"></item><item title="SPECTRUMMASK" value="11,6349" result="PASS"></item><item title="SPECTRUMMARGIN" value="11,6349" result="PASS"></item></Record><Criteria><item title="Modulation" value="MCS8NSS1"></item><item title="Bandwidth" value="20"></item><item title="Antenna" value="3"></item><item title="Channel" value="132"></item><item title="RfIcTemperature" value="47"></item><item title="CpuTemperature" value="60"></item><item title="ExpectedPower" value="11"></item><item title="EVM" Max="-30" Min="-100"></item><item title="FREQERR" Max="15" Min="-15"></item><item title="SYMCLOCKERR" Max="20" Min="-100"></item><item title="POWER" Max="12,5" Min="9,5" Avg="11"></item><item title="LOLEAKAGE" Max="-17" Min="-100"></item><item title="SPECTRUMMASK" Max="100" Min="0"></item><item title="SPECTRUMMARGIN" Max="1000" Min="0"></item></Criteria><Record><item title="Modulation" value="MCS8NSS1"></item><item title="Bandwidth" value="20"></item><item title="Channel" value="132"></item><item title="Antenna" value="3"></item><item title="ExpectedPower" value="11"></item><item title="Power" value="11"></item><item title="TestType" value="Tx"></item><item title="EVM" value="-38,6175" result="PASS"></item><item title="FREQERR" value="1,2715" result="PASS"></item><item title="SYMCLOCKERR" value="1,94077" result="PASS"></item><item title="POWER" value="9,83066" result="PASS"></item><item title="LOLEAKAGE" value="-30,2443" result="PASS"></item><item title="SPECTRUMMASK" value="11,856" result="PASS"></item><item title="SPECTRUMMARGIN" value="11,856" result="PASS"></item></Record><Criteria><item title="Modulation" value="MCS8NSS1"></item><item title="Bandwidth" value="20"></item><item title="Antenna" value="3"></item><item title="Channel" value="132"></item><item title="RfIcTemperature" value="47"></item><item title="CpuTemperature" value="60"></item><item title="ExpectedPower" value="12"></item><item title="EVM" Max="-30" Min="-100"></item><item title="FREQERR" Max="15" Min="-15"></item><item title="SYMCLOCKERR" Max="20" Min="-100"></item><item title="POWER" Max="13,5" Min="10,5" Avg="12"></item><item title="LOLEAKAGE" Max="-17" Min="-100"></item><item title="SPECTRUMMASK" Max="100" Min="0"></item><item title="SPECTRUMMARGIN" Max="1000" Min="0"></item></Criteria><Record><item title="Modulation" value="MCS8NSS1"></item><item title="Bandwidth" value="20"></item><item title="Channel" value="132"></item><item title="Antenna" value="3"></item><item title="ExpectedPower" value="12"></item><item title="Power" value="12"></item><item title="TestType" value="Tx"></item><item title="EVM" value="-38,5004" result="PASS"></item><item title="FREQERR" value="1,27311" result="PASS"></item><item title="SYMCLOCKERR" value="1,88397" result="PASS"></item><item title="POWER" value="11,3139" result="PASS"></item><item title="LOLEAKAGE" value="-29,3671" result="PASS"></item><item title="SPECTRUMMASK" value="11,5987" result="PASS"></item><item title="SPECTRUMMARGIN" value="11,5987" result="PASS"></item></Record><Criteria><item title="Modulation" value="MCS8NSS1"></item><item title="Bandwidth" value="20"></item><item title="Antenna" value="3"></item><item title="Channel" value="132"></item><item title="RfIcTemperature" value="47"></item><item title="CpuTemperature" value="60"></item><item title="ExpectedPower" value="13"></item><item title="EVM" Max="-30" Min="-100"></item><item title="FREQERR" Max="15" Min="-15"></item><item title="SYMCLOCKERR" Max="20" Min="-100"></item><item title="POWER" Max="14,5" Min="11,5" Avg="13"></item><item title="LOLEAKAGE" Max="-17" Min="-100"></item><item title="SPECTRUMMASK" Max="100" Min="0"></item><item title="SPECTRUMMARGIN" Max="1000" Min="0"></item></Criteria><Record><item title="Modulation" value="MCS8NSS1"></item><item title="Bandwidth" value="20"></item><item title="Channel" value="132"></item><item title="Antenna" value="3"></item><item title="ExpectedPower" value="13"></item><item title="Power" value="13"></item><item title="TestType" value="Tx"></item><item title="EVM" value="-39,2997" result="PASS"></item><item title="FREQERR" value="1,27208" result="PASS"></item><item title="SYMCLOCKERR" value="1,11278" result="PASS"></item><item title="POWER" value="12,0899" result="PASS"></item><item title="LOLEAKAGE" value="-30,5238" result="PASS"></item><item title="SPECTRUMMASK" value="11,3262" result="PASS"></item><item title="SPECTRUMMARGIN" value="11,3262" result="PASS"></item></Record><Criteria><item title="Modulation" value="MCS8NSS1"></item><item title="Bandwidth" value="20"></item><item title="Antenna" value="3"></item><item title="Channel" value="132"></item><item title="RfIcTemperature" value="47"></item><item title="CpuTemperature" value="60"></item><item title="ExpectedPower" value="14"></item><item title="EVM" Max="-30" Min="-100"></item><item title="FREQERR" Max="15" Min="-15"></item><item title="SYMCLOCKERR" Max="20" Min="-100"></item><item title="POWER" Max="15,5" Min="12,5" Avg="14"></item><item title="LOLEAKAGE" Max="-17" Min="-100"></item><item title="SPECTRUMMASK" Max="100" Min="0"></item><item title="SPECTRUMMARGIN" Max="1000" Min="0"></item></Criteria><Record><item title="Modulation" value="MCS8NSS1"></item><item title="Bandwidth" value="20"></item><item title="Channel" value="132"></item><item title="Antenna" value="3"></item><item title="ExpectedPower" value="14"></item><item title="Power" value="14"></item><item title="TestType" value="Tx"></item><item title="EVM" value="-37,3842" result="PASS"></item><item title="FREQERR" value="1,27239" result="PASS"></item><item title="SYMCLOCKERR" value="1,0279" result="PASS"></item><item title="POWER" value="13,3467" result="PASS"></item><item title="LOLEAKAGE" value="-29,774" result="PASS"></item><item title="SPECTRUMMASK" value="11,707" result="PASS"></item><item title="SPECTRUMMARGIN" value="11,707" result="PASS"></item></Record><Criteria><item title="Modulation" value="MCS8NSS1"></item><item title="Bandwidth" value="20"></item><item title="Antenna" value="3"></item><item title="Channel" value="132"></item><item title="RfIcTemperature" value="47"></item><item title="CpuTemperature" value="60"></item><item title="ExpectedPower" value="15"></item><item title="EVM" Max="-30" Min="-100"></item><item title="FREQERR" Max="15" Min="-15"></item><item title="SYMCLOCKERR" Max="20" Min="-100"></item><item title="POWER" Max="16,5" Min="13,5" Avg="15"></item><item title="LOLEAKAGE" Max="-17" Min="-100"></item><item title="SPECTRUMMASK" Max="100" Min="0"></item><item title="SPECTRUMMARGIN" Max="1000" Min="0"></item></Criteria><Record><item title="Modulation" value="MCS8NSS1"></item><item title="Bandwidth" value="20"></item><item title="Channel" value="132"></item><item title="Antenna" value="3"></item><item title="ExpectedPower" value="15"></item><item title="Power" value="15"></item><item title="TestType" value="Tx"></item><item title="EVM" value="-39,2613" result="PASS"></item><item title="FREQERR" value="1,27598" result="PASS"></item><item title="SYMCLOCKERR" value="1,15569" result="PASS"></item><item title="POWER" value="14,3739" result="PASS"></item><item title="LOLEAKAGE" value="-30,558" result="PASS"></item><item title="SPECTRUMMASK" value="11,0716" result="PASS"></item><item title="SPECTRUMMARGIN" value="11,0716" result="PASS"></item></Record><Criteria><item title="Modulation" value="MCS8NSS1"></item><item title="Bandwidth" value="20"></item><item title="Antenna" value="3"></item><item title="Channel" value="132"></item><item title="RfIcTemperature" value="47"></item><item title="CpuTemperature" value="60"></item><item title="ExpectedPower" value="16"></item><item title="EVM" Max="-30" Min="-100"></item><item title="FREQERR" Max="15" Min="-15"></item><item title="SYMCLOCKERR" Max="20" Min="-100"></item><item title="POWER" Max="17,5" Min="14,5" Avg="16"></item><item title="LOLEAKAGE" Max="-17" Min="-100"></item><item title="SPECTRUMMASK" Max="100" Min="0"></item><item title="SPECTRUMMARGIN" Max="1000" Min="0"></item></Criteria><Record><item title="Modulation" value="MCS8NSS1"></item><item title="Bandwidth" value="20"></item><item title="Channel" value="132"></item><item title="Antenna" value="3"></item><item title="ExpectedPower" value="16"></item><item title="Power" value="16"></item><item title="TestType" value="Tx"></item><item title="EVM" value="-38,2571" result="PASS"></item><item title="FREQERR" value="1,27541" result="PASS"></item><item title="SYMCLOCKERR" value="1,54737" result="PASS"></item><item title="POWER" value="15,0768" result="PASS"></item><item title="LOLEAKAGE" value="-33,5682" result="PASS"></item><item title="SPECTRUMMASK" value="12,4598" result="PASS"></item><item title="SPECTRUMMARGIN" value="12,4598" result="PASS"></item></Record><Criteria><item title="Modulation" value="MCS8NSS1"></item><item title="Bandwidth" value="20"></item><item title="Antenna" value="3"></item><item title="Channel" value="132"></item><item title="RfIcTemperature" value="47"></item><item title="CpuTemperature" value="60"></item><item title="ExpectedPower" value="17"></item><item title="EVM" Max="-30" Min="-100"></item><item title="FREQERR" Max="15" Min="-15"></item><item title="SYMCLOCKERR" Max="20" Min="-100"></item><item title="POWER" Max="18,5" Min="15,5" Avg="17"></item><item title="LOLEAKAGE" Max="-17" Min="-100"></item><item title="SPECTRUMMASK" Max="100" Min="0"></item><item title="SPECTRUMMARGIN" Max="1000" Min="0"></item></Criteria><Record><item title="Modulation" value="MCS8NSS1"></item><item title="Bandwidth" value="20"></item><item title="Channel" value="132"></item><item title="Antenna" value="3"></item><item title="ExpectedPower" value="17"></item><item title="Power" value="17"></item><item title="TestType" value="Tx"></item><item title="EVM" value="-35,552" result="PASS"></item><item title="FREQERR" value="1,27748" result="PASS"></item><item title="SYMCLOCKERR" value="1,34977" result="PASS"></item><item title="POWER" value="16,1895" result="PASS"></item><item title="LOLEAKAGE" value="-36,2513" result="PASS"></item><item title="SPECTRUMMASK" value="11,2821" result="PASS"></item><item title="SPECTRUMMARGIN" value="11,2821" result="PASS"></item></Record><Criteria><item title="Modulation" value="MCS8NSS1"></item><item title="Bandwidth" value="20"></item><item title="Antenna" value="3"></item><item title="Channel" value="132"></item><item title="RfIcTemperature" value="47"></item><item title="CpuTemperature" value="60"></item><item title="ExpectedPower" value="18"></item><item title="EVM" Max="-30" Min="-100"></item><item title="FREQERR" Max="15" Min="-15"></item><item title="SYMCLOCKERR" Max="20" Min="-100"></item><item title="POWER" Max="19,5" Min="16,5" Avg="18"></item><item title="LOLEAKAGE" Max="-17" Min="-100"></item><item title="SPECTRUMMASK" Max="100" Min="0"></item><item title="SPECTRUMMARGIN" Max="1000" Min="0"></item></Criteria><Record><item title="Modulation" value="MCS8NSS1"></item><item title="Bandwidth" value="20"></item><item title="Channel" value="132"></item><item title="Antenna" value="3"></item><item title="ExpectedPower" value="18"></item><item title="Power" value="18"></item><item title="TestType" value="Tx"></item><item title="EVM" value="-38,2347" result="PASS"></item><item title="FREQERR" value="1,28087" result="PASS"></item><item title="SYMCLOCKERR" value="1,03956" result="PASS"></item><item title="POWER" value="17,3739" result="PASS"></item><item title="LOLEAKAGE" value="-36,9273" result="PASS"></item><item title="SPECTRUMMASK" value="10,9259" result="PASS"></item><item title="SPECTRUMMARGIN" value="10,9259" result="PASS"></item></Record><Criteria><item title="Modulation" value="MCS8NSS1"></item><item title="Bandwidth" value="20"></item><item title="Antenna" value="3"></item><item title="Channel" value="132"></item><item title="RfIcTemperature" value="47"></item><item title="CpuTemperature" value="60"></item><item title="ExpectedPower" value="19"></item><item title="EVM" Max="-30" Min="-100"></item><item title="FREQERR" Max="15" Min="-15"></item><item title="SYMCLOCKERR" Max="20" Min="-100"></item><item title="POWER" Max="20,5" Min="17,5" Avg="19"></item><item title="LOLEAKAGE" Max="-17" Min="-100"></item><item title="SPECTRUMMASK" Max="100" Min="0"></item><item title="SPECTRUMMARGIN" Max="1000" Min="0"></item></Criteria><Record><item title="Modulation" value="MCS8NSS1"></item><item title="Bandwidth" value="20"></item><item title="Channel" value="132"></item><item title="Antenna" value="3"></item><item title="ExpectedPower" value="19"></item><item title="Power" value="19"></item><item title="TestType" value="Tx"></item><item title="EVM" value="-36,2429" result="PASS"></item><item title="FREQERR" value="1,27761" result="PASS"></item><item title="SYMCLOCKERR" value="1,27653" result="PASS"></item><item title="POWER" value="18,4181" result="PASS"></item><item title="LOLEAKAGE" value="-42,7529" result="PASS"></item><item title="SPECTRUMMASK" value="10,3777" result="PASS"></item><item title="SPECTRUMMARGIN" value="10,3777" result="PASS"></item></Record><Criteria><item title="Modulation" value="MCS8NSS1"></item><item title="Bandwidth" value="20"></item><item title="Antenna" value="3"></item><item title="Channel" value="132"></item><item title="RfIcTemperature" value="47"></item><item title="CpuTemperature" value="60"></item><item title="ExpectedPower" value="20"></item><item title="EVM" Max="-30" Min="-100"></item><item title="FREQERR" Max="15" Min="-15"></item><item title="SYMCLOCKERR" Max="20" Min="-100"></item><item title="POWER" Max="21,5" Min="18,5" Avg="20"></item><item title="LOLEAKAGE" Max="-17" Min="-100"></item><item title="SPECTRUMMASK" Max="100" Min="0"></item><item title="SPECTRUMMARGIN" Max="1000" Min="0"></item></Criteria><Record><item title="Modulation" value="MCS8NSS1"></item><item title="Bandwidth" value="20"></item><item title="Channel" value="132"></item><item title="Antenna" value="3"></item><item title="ExpectedPower" value="20"></item><item title="Power" value="20"></item><item title="TestType" value="Tx"></item><item title="EVM" value="-33,5416" result="PASS"></item><item title="FREQERR" value="1,27859" result="PASS"></item><item title="SYMCLOCKERR" value="1,4384" result="PASS"></item><item title="POWER" value="19,3518" result="PASS"></item><item title="LOLEAKAGE" value="-46,4138" result="PASS"></item><item title="SPECTRUMMASK" value="13,1448" result="PASS"></item><item title="SPECTRUMMARGIN" value="13,1448" result="PASS"></item></Record><Criteria><item title="Modulation" value="MCS8NSS1"></item><item title="Bandwidth" value="20"></item><item title="Antenna" value="3"></item><item title="Channel" value="132"></item><item title="RfIcTemperature" value="47"></item><item title="CpuTemperature" value="60"></item><item title="ExpectedPower" value="21"></item><item title="EVM" Max="-30" Min="-100"></item><item title="FREQERR" Max="15" Min="-15"></item><item title="SYMCLOCKERR" Max="20" Min="-100"></item><item title="POWER" Max="22,5" Min="19,5" Avg="21"></item><item title="LOLEAKAGE" Max="-17" Min="-100"></item><item title="SPECTRUMMASK" Max="100" Min="0"></item><item title="SPECTRUMMARGIN" Max="1000" Min="0"></item></Criteria><Record><item title="Modulation" value="MCS8NSS1"></item><item title="Bandwidth" value="20"></item><item title="Channel" value="132"></item><item title="Antenna" value="3"></item><item title="ExpectedPower" value="21"></item><item title="Power" value="21"></item><item title="TestType" value="Tx"></item><item title="EVM" value="-30,2328" result="PASS"></item><item title="FREQERR" value="1,27763" result="PASS"></item><item title="SYMCLOCKERR" value="2,79023" result="PASS"></item><item title="POWER" value="20,3866" result="PASS"></item><item title="LOLEAKAGE" value="-59,7806" result="PASS"></item><item title="SPECTRUMMASK" value="11,664" result="PASS"></item><item title="SPECTRUMMARGIN" value="11,664" result="PASS"></item></Record><Criteria><item title="Modulation" value="MCS8NSS1"></item><item title="Bandwidth" value="20"></item><item title="Antenna" value="3"></item><item title="Channel" value="132"></item><item title="RfIcTemperature" value="47"></item><item title="CpuTemperature" value="60"></item><item title="ExpectedPower" value="22"></item><item title="EVM" Max="-30" Min="-100"></item><item title="FREQERR" Max="15" Min="-15"></item><item title="SYMCLOCKERR" Max="20" Min="-100"></item><item title="POWER" Max="23,5" Min="20,5" Avg="22"></item><item title="LOLEAKAGE" Max="-17" Min="-100"></item><item title="SPECTRUMMASK" Max="100" Min="0"></item><item title="SPECTRUMMARGIN" Max="1000" Min="0"></item></Criteria><Record><item title="Modulation" value="MCS8NSS1"></item><item title="Bandwidth" value="20"></item><item title="Channel" value="132"></item><item title="Antenna" value="3"></item><item title="ExpectedPower" value="22"></item><item title="Power" value="22"></item><item title="TestType" value="Tx"></item><item title="EVM" value="-26,6511" result="FAIL"></item><item title="FREQERR" value="1,27347" result="PASS"></item><item title="SYMCLOCKERR" value="1,72453" result="PASS"></item><item title="POWER" value="21,3117" result="PASS"></item><item title="LOLEAKAGE" value="-49,0827" result="PASS"></item><item title="SPECTRUMMASK" value="8,41261" result="PASS"></item><item title="SPECTRUMMARGIN" value="8,41261" result="PASS"></item></Record><Criteria><item title="Modulation" value="MCS8NSS1"></item><item title="Bandwidth" value="20"></item><item title="Antenna" value="3"></item><item title="Channel" value="132"></item><item title="RfIcTemperature" value="47"></item><item title="CpuTemperature" value="60"></item><item title="ExpectedPower" value="23"></item><item title="EVM" Max="-30" Min="-100"></item><item title="FREQERR" Max="15" Min="-15"></item><item title="SYMCLOCKERR" Max="20" Min="-100"></item><item title="POWER" Max="24,5" Min="21,5" Avg="23"></item><item title="LOLEAKAGE" Max="-17" Min="-100"></item><item title="SPECTRUMMASK" Max="100" Min="0"></item><item title="SPECTRUMMARGIN" Max="1000" Min="0"></item></Criteria><Record><item title="Modulation" value="MCS8NSS1"></item><item title="Bandwidth" value="20"></item><item title="Channel" value="132"></item><item title="Antenna" value="3"></item><item title="ExpectedPower" value="23"></item><item title="Power" value="23"></item><item title="TestType" value="Tx"></item><item title="EVM" value="-24,4842" result="FAIL"></item><item title="FREQERR" value="1,27213" result="PASS"></item><item title="SYMCLOCKERR" value="2,30055" result="PASS"></item><item title="POWER" value="22,122" result="PASS"></item><item title="LOLEAKAGE" value="-51,2467" result="PASS"></item><item title="SPECTRUMMASK" value="5,24548" result="PASS"></item><item title="SPECTRUMMARGIN" value="5,24548" result="PASS"></item></Record><Criteria><item title="Modulation" value="MCS8NSS1"></item><item title="Bandwidth" value="20"></item><item title="Antenna" value="3"></item><item title="Channel" value="132"></item><item title="RfIcTemperature" value="47"></item><item title="CpuTemperature" value="60"></item><item title="ExpectedPower" value="24"></item><item title="EVM" Max="-30" Min="-100"></item><item title="FREQERR" Max="15" Min="-15"></item><item title="SYMCLOCKERR" Max="20" Min="-100"></item><item title="POWER" Max="25,5" Min="22,5" Avg="24"></item><item title="LOLEAKAGE" Max="-17" Min="-100"></item><item title="SPECTRUMMASK" Max="100" Min="0"></item><item title="SPECTRUMMARGIN" Max="1000" Min="0"></item></Criteria><Record><item title="Modulation" value="MCS8NSS1"></item><item title="Bandwidth" value="20"></item><item title="Channel" value="132"></item><item title="Antenna" value="3"></item><item title="ExpectedPower" value="24"></item><item title="Power" value="24"></item><item title="TestType" value="Tx"></item><item title="EVM" value="-23,0506" result="FAIL"></item><item title="FREQERR" value="1,27622" result="PASS"></item><item title="SYMCLOCKERR" value="1,13854" result="PASS"></item><item title="POWER" value="23,1722" result="PASS"></item><item title="LOLEAKAGE" value="-45,1737" result="PASS"></item><item title="SPECTRUMMASK" value="2,41142" result="PASS"></item><item title="SPECTRUMMARGIN" value="2,41142" result="PASS"></item></Record><Criteria><item title="Modulation" value="MCS8NSS1"></item><item title="Bandwidth" value="20"></item><item title="Antenna" value="3"></item><item title="Channel" value="132"></item><item title="RfIcTemperature" value="47"></item><item title="CpuTemperature" value="60"></item><item title="ExpectedPower" value="25"></item><item title="EVM" Max="-30" Min="-100"></item><item title="FREQERR" Max="15" Min="-15"></item><item title="SYMCLOCKERR" Max="20" Min="-100"></item><item title="POWER" Max="26,5" Min="23,5" Avg="25"></item><item title="LOLEAKAGE" Max="-17" Min="-100"></item><item title="SPECTRUMMASK" Max="100" Min="0"></item><item title="SPECTRUMMARGIN" Max="1000" Min="0"></item></Criteria><Record><item title="Modulation" value="MCS8NSS1"></item><item title="Bandwidth" value="20"></item><item title="Channel" value="132"></item><item title="Antenna" value="3"></item><item title="ExpectedPower" value="25"></item><item title="Power" value="25"></item><item title="TestType" value="Tx"></item><item title="EVM" value="-21,8739" result="FAIL"></item><item title="FREQERR" value="1,28349" result="PASS"></item><item title="SYMCLOCKERR" value="-2,57796" result="PASS"></item><item title="POWER" value="24,3333" result="PASS"></item><item title="LOLEAKAGE" value="-36,1824" result="PASS"></item><item title="SPECTRUMMASK" value="-1,54084" result="FAIL"></item><item title="SPECTRUMMARGIN" value="-1,54084" result="FAIL"></item></Record><Criteria><item title="Modulation" value="MCS8NSS1"></item><item title="Bandwidth" value="20"></item><item title="Antenna" value="0"></item><item title="Channel" value="149"></item><item title="RfIcTemperature" value="47"></item><item title="CpuTemperature" value="60"></item><item title="ExpectedPower" value="10"></item><item title="EVM" Max="-30" Min="-100"></item><item title="FREQERR" Max="15" Min="-15"></item><item title="SYMCLOCKERR" Max="20" Min="-100"></item><item title="POWER" Max="11,5" Min="8,5" Avg="10"></item><item title="LOLEAKAGE" Max="-17" Min="-100"></item><item title="SPECTRUMMASK" Max="100" Min="0"></item><item title="SPECTRUMMARGIN" Max="1000" Min="0"></item></Criteria><Record><item title="Modulation" value="MCS8NSS1"></item><item title="Bandwidth" value="20"></item><item title="Channel" value="149"></item><item title="Antenna" value="0"></item><item title="ExpectedPower" value="10"></item><item title="Power" value="10"></item><item title="TestType" value="Tx"></item><item title="EVM" value="-34,7202" result="PASS"></item><item title="FREQERR" value="-2,20322" result="PASS"></item><item title="SYMCLOCKERR" value="-1,6937" result="PASS"></item><item title="POWER" value="9,85843" result="PASS"></item><item title="LOLEAKAGE" value="-31,9296" result="PASS"></item><item title="SPECTRUMMASK" value="12,1113" result="PASS"></item><item title="SPECTRUMMARGIN" value="12,1113" result="PASS"></item></Record><Criteria><item title="Modulation" value="MCS8NSS1"></item><item title="Bandwidth" value="20"></item><item title="Antenna" value="0"></item><item title="Channel" value="149"></item><item title="RfIcTemperature" value="47"></item><item title="CpuTemperature" value="60"></item><item title="ExpectedPower" value="11"></item><item title="EVM" Max="-30" Min="-100"></item><item title="FREQERR" Max="15" Min="-15"></item><item title="SYMCLOCKERR" Max="20" Min="-100"></item><item title="POWER" Max="12,5" Min="9,5" Avg="11"></item><item title="LOLEAKAGE" Max="-17" Min="-100"></item><item title="SPECTRUMMASK" Max="100" Min="0"></item><item title="SPECTRUMMARGIN" Max="1000" Min="0"></item></Criteria><Record><item title="Modulation" value="MCS8NSS1"></item><item title="Bandwidth" value="20"></item><item title="Channel" value="149"></item><item title="Antenna" value="0"></item><item title="ExpectedPower" value="11"></item><item title="Power" value="11"></item><item title="TestType" value="Tx"></item><item title="EVM" value="-33,6278" result="PASS"></item><item title="FREQERR" value="-2,19567" result="PASS"></item><item title="SYMCLOCKERR" value="-2,2956" result="PASS"></item><item title="POWER" value="10,5937" result="PASS"></item><item title="LOLEAKAGE" value="-32,7128" result="PASS"></item><item title="SPECTRUMMASK" value="12,7829" result="PASS"></item><item title="SPECTRUMMARGIN" value="12,7829" result="PASS"></item></Record><Criteria><item title="Modulation" value="MCS8NSS1"></item><item title="Bandwidth" value="20"></item><item title="Antenna" value="0"></item><item title="Channel" value="149"></item><item title="RfIcTemperature" value="47"></item><item title="CpuTemperature" value="60"></item><item title="ExpectedPower" value="12"></item><item title="EVM" Max="-30" Min="-100"></item><item title="FREQERR" Max="15" Min="-15"></item><item title="SYMCLOCKERR" Max="20" Min="-100"></item><item title="POWER" Max="13,5" Min="10,5" Avg="12"></item><item title="LOLEAKAGE" Max="-17" Min="-100"></item><item title="SPECTRUMMASK" Max="100" Min="0"></item><item title="SPECTRUMMARGIN" Max="1000" Min="0"></item></Criteria><Record><item title="Modulation" value="MCS8NSS1"></item><item title="Bandwidth" value="20"></item><item title="Channel" value="149"></item><item title="Antenna" value="0"></item><item title="ExpectedPower" value="12"></item><item title="Power" value="12"></item><item title="TestType" value="Tx"></item><item title="EVM" value="-33,9487" result="PASS"></item><item title="FREQERR" value="-2,19181" result="PASS"></item><item title="SYMCLOCKERR" value="-1,30811" result="PASS"></item><item title="POWER" value="12,0067" result="PASS"></item><item title="LOLEAKAGE" value="-33,2019" result="PASS"></item><item title="SPECTRUMMASK" value="12,1904" result="PASS"></item><item title="SPECTRUMMARGIN" value="12,1904" result="PASS"></item></Record><Criteria><item title="Modulation" value="MCS8NSS1"></item><item title="Bandwidth" value="20"></item><item title="Antenna" value="0"></item><item title="Channel" value="149"></item><item title="RfIcTemperature" value="47"></item><item title="CpuTemperature" value="60"></item><item title="ExpectedPower" value="13"></item><item title="EVM" Max="-30" Min="-100"></item><item title="FREQERR" Max="15" Min="-15"></item><item title="SYMCLOCKERR" Max="20" Min="-100"></item><item title="POWER" Max="14,5" Min="11,5" Avg="13"></item><item title="LOLEAKAGE" Max="-17" Min="-100"></item><item title="SPECTRUMMASK" Max="100" Min="0"></item><item title="SPECTRUMMARGIN" Max="1000" Min="0"></item></Criteria><Record><item title="Modulation" value="MCS8NSS1"></item><item title="Bandwidth" value="20"></item><item title="Channel" value="149"></item><item title="Antenna" value="0"></item><item title="ExpectedPower" value="13"></item><item title="Power" value="13"></item><item title="TestType" value="Tx"></item><item title="EVM" value="-34,2058" result="PASS"></item><item title="FREQERR" value="-2,19063" result="PASS"></item><item title="SYMCLOCKERR" value="-1,44588" result="PASS"></item><item title="POWER" value="12,8838" result="PASS"></item><item title="LOLEAKAGE" value="-33,9317" result="PASS"></item><item title="SPECTRUMMASK" value="11,3979" result="PASS"></item><item title="SPECTRUMMARGIN" value="11,3979" result="PASS"></item></Record><Criteria><item title="Modulation" value="MCS8NSS1"></item><item title="Bandwidth" value="20"></item><item title="Antenna" value="0"></item><item title="Channel" value="149"></item><item title="RfIcTemperature" value="47"></item><item title="CpuTemperature" value="60"></item><item title="ExpectedPower" value="14"></item><item title="EVM" Max="-30" Min="-100"></item><item title="FREQERR" Max="15" Min="-15"></item><item title="SYMCLOCKERR" Max="20" Min="-100"></item><item title="POWER" Max="15,5" Min="12,5" Avg="14"></item><item title="LOLEAKAGE" Max="-17" Min="-100"></item><item title="SPECTRUMMASK" Max="100" Min="0"></item><item title="SPECTRUMMARGIN" Max="1000" Min="0"></item></Criteria><Record><item title="Modulation" value="MCS8NSS1"></item><item title="Bandwidth" value="20"></item><item title="Channel" value="149"></item><item title="Antenna" value="0"></item><item title="ExpectedPower" value="14"></item><item title="Power" value="14"></item><item title="TestType" value="Tx"></item><item title="EVM" value="-35,73" result="PASS"></item><item title="FREQERR" value="-2,19717" result="PASS"></item><item title="SYMCLOCKERR" value="-2,00632" result="PASS"></item><item title="POWER" value="13,7105" result="PASS"></item><item title="LOLEAKAGE" value="-35,2906" result="PASS"></item><item title="SPECTRUMMASK" value="11,804" result="PASS"></item><item title="SPECTRUMMARGIN" value="11,804" result="PASS"></item></Record><Criteria><item title="Modulation" value="MCS8NSS1"></item><item title="Bandwidth" value="20"></item><item title="Antenna" value="0"></item><item title="Channel" value="149"></item><item title="RfIcTemperature" value="47"></item><item title="CpuTemperature" value="60"></item><item title="ExpectedPower" value="15"></item><item title="EVM" Max="-30" Min="-100"></item><item title="FREQERR" Max="15" Min="-15"></item><item title="SYMCLOCKERR" Max="20" Min="-100"></item><item title="POWER" Max="16,5" Min="13,5" Avg="15"></item><item title="LOLEAKAGE" Max="-17" Min="-100"></item><item title="SPECTRUMMASK" Max="100" Min="0"></item><item title="SPECTRUMMARGIN" Max="1000" Min="0"></item></Criteria><Record><item title="Modulation" value="MCS8NSS1"></item><item title="Bandwidth" value="20"></item><item title="Channel" value="149"></item><item title="Antenna" value="0"></item><item title="ExpectedPower" value="15"></item><item title="Power" value="15"></item><item title="TestType" value="Tx"></item><item title="EVM" value="-36,3761" result="PASS"></item><item title="FREQERR" value="-2,19311" result="PASS"></item><item title="SYMCLOCKERR" value="-2,14822" result="PASS"></item><item title="POWER" value="14,8639" result="PASS"></item><item title="LOLEAKAGE" value="-35,7025" result="PASS"></item><item title="SPECTRUMMASK" value="11,7664" result="PASS"></item><item title="SPECTRUMMARGIN" value="11,7664" result="PASS"></item></Record><Criteria><item title="Modulation" value="MCS8NSS1"></item><item title="Bandwidth" value="20"></item><item title="Antenna" value="0"></item><item title="Channel" value="149"></item><item title="RfIcTemperature" value="47"></item><item title="CpuTemperature" value="60"></item><item title="ExpectedPower" value="16"></item><item title="EVM" Max="-30" Min="-100"></item><item title="FREQERR" Max="15" Min="-15"></item><item title="SYMCLOCKERR" Max="20" Min="-100"></item><item title="POWER" Max="17,5" Min="14,5" Avg="16"></item><item title="LOLEAKAGE" Max="-17" Min="-100"></item><item title="SPECTRUMMASK" Max="100" Min="0"></item><item title="SPECTRUMMARGIN" Max="1000" Min="0"></item></Criteria><Record><item title="Modulation" value="MCS8NSS1"></item><item title="Bandwidth" value="20"></item><item title="Channel" value="149"></item><item title="Antenna" value="0"></item><item title="ExpectedPower" value="16"></item><item title="Power" value="16"></item><item title="TestType" value="Tx"></item><item title="EVM" value="-35,1303" result="PASS"></item><item title="FREQERR" value="-2,19119" result="PASS"></item><item title="SYMCLOCKERR" value="-1,79184" result="PASS"></item><item title="POWER" value="15,7025" result="PASS"></item><item title="LOLEAKAGE" value="-36,8559" result="PASS"></item><item title="SPECTRUMMASK" value="10,8739" result="PASS"></item><item title="SPECTRUMMARGIN" value="10,8739" result="PASS"></item></Record><Criteria><item title="Modulation" value="MCS8NSS1"></item><item title="Bandwidth" value="20"></item><item title="Antenna" value="0"></item><item title="Channel" value="149"></item><item title="RfIcTemperature" value="47"></item><item title="CpuTemperature" value="60"></item><item title="ExpectedPower" value="17"></item><item title="EVM" Max="-30" Min="-100"></item><item title="FREQERR" Max="15" Min="-15"></item><item title="SYMCLOCKERR" Max="20" Min="-100"></item><item title="POWER" Max="18,5" Min="15,5" Avg="17"></item><item title="LOLEAKAGE" Max="-17" Min="-100"></item><item title="SPECTRUMMASK" Max="100" Min="0"></item><item title="SPECTRUMMARGIN" Max="1000" Min="0"></item></Criteria><Record><item title="Modulation" value="MCS8NSS1"></item><item title="Bandwidth" value="20"></item><item title="Channel" value="149"></item><item title="Antenna" value="0"></item><item title="ExpectedPower" value="17"></item><item title="Power" value="17"></item><item title="TestType" value="Tx"></item><item title="EVM" value="-36,2397" result="PASS"></item><item title="FREQERR" value="-2,19251" result="PASS"></item><item title="SYMCLOCKERR" value="-1,57381" result="PASS"></item><item title="POWER" value="16,8699" result="PASS"></item><item title="LOLEAKAGE" value="-39,6575" result="PASS"></item><item title="SPECTRUMMASK" value="12,0429" result="PASS"></item><item title="SPECTRUMMARGIN" value="12,0429" result="PASS"></item></Record><Criteria><item title="Modulation" value="MCS8NSS1"></item><item title="Bandwidth" value="20"></item><item title="Antenna" value="0"></item><item title="Channel" value="149"></item><item title="RfIcTemperature" value="47"></item><item title="CpuTemperature" value="60"></item><item title="ExpectedPower" value="18"></item><item title="EVM" Max="-30" Min="-100"></item><item title="FREQERR" Max="15" Min="-15"></item><item title="SYMCLOCKERR" Max="20" Min="-100"></item><item title="POWER" Max="19,5" Min="16,5" Avg="18"></item><item title="LOLEAKAGE" Max="-17" Min="-100"></item><item title="SPECTRUMMASK" Max="100" Min="0"></item><item title="SPECTRUMMARGIN" Max="1000" Min="0"></item></Criteria><Record><item title="Modulation" value="MCS8NSS1"></item><item title="Bandwidth" value="20"></item><item title="Channel" value="149"></item><item title="Antenna" value="0"></item><item title="ExpectedPower" value="18"></item><item title="Power" value="18"></item><item title="TestType" value="Tx"></item><item title="EVM" value="-34,7173" result="PASS"></item><item title="FREQERR" value="-2,19113" result="PASS"></item><item title="SYMCLOCKERR" value="-1,97785" result="PASS"></item><item title="POWER" value="17,7533" result="PASS"></item><item title="LOLEAKAGE" value="-48,7612" result="PASS"></item><item title="SPECTRUMMASK" value="11,822" result="PASS"></item><item title="SPECTRUMMARGIN" value="11,822" result="PASS"></item></Record><Criteria><item title="Modulation" value="MCS8NSS1"></item><item title="Bandwidth" value="20"></item><item title="Antenna" value="0"></item><item title="Channel" value="149"></item><item title="RfIcTemperature" value="47"></item><item title="CpuTemperature" value="60"></item><item title="ExpectedPower" value="19"></item><item title="EVM" Max="-30" Min="-100"></item><item title="FREQERR" Max="15" Min="-15"></item><item title="SYMCLOCKERR" Max="20" Min="-100"></item><item title="POWER" Max="20,5" Min="17,5" Avg="19"></item><item title="LOLEAKAGE" Max="-17" Min="-100"></item><item title="SPECTRUMMASK" Max="100" Min="0"></item><item title="SPECTRUMMARGIN" Max="1000" Min="0"></item></Criteria><Record><item title="Modulation" value="MCS8NSS1"></item><item title="Bandwidth" value="20"></item><item title="Channel" value="149"></item><item title="Antenna" value="0"></item><item title="ExpectedPower" value="19"></item><item title="Power" value="19"></item><item title="TestType" value="Tx"></item><item title="EVM" value="-35,7511" result="PASS"></item><item title="FREQERR" value="-2,18976" result="PASS"></item><item title="SYMCLOCKERR" value="-1,38786" result="PASS"></item><item title="POWER" value="18,8878" result="PASS"></item><item title="LOLEAKAGE" value="-44,5843" result="PASS"></item><item title="SPECTRUMMASK" value="12,626" result="PASS"></item><item title="SPECTRUMMARGIN" value="12,626" result="PASS"></item></Record><Criteria><item title="Modulation" value="MCS8NSS1"></item><item title="Bandwidth" value="20"></item><item title="Antenna" value="0"></item><item title="Channel" value="149"></item><item title="RfIcTemperature" value="47"></item><item title="CpuTemperature" value="60"></item><item title="ExpectedPower" value="20"></item><item title="EVM" Max="-30" Min="-100"></item><item title="FREQERR" Max="15" Min="-15"></item><item title="SYMCLOCKERR" Max="20" Min="-100"></item><item title="POWER" Max="21,5" Min="18,5" Avg="20"></item><item title="LOLEAKAGE" Max="-17" Min="-100"></item><item title="SPECTRUMMASK" Max="100" Min="0"></item><item title="SPECTRUMMARGIN" Max="1000" Min="0"></item></Criteria><Record><item title="Modulation" value="MCS8NSS1"></item><item title="Bandwidth" value="20"></item><item title="Channel" value="149"></item><item title="Antenna" value="0"></item><item title="ExpectedPower" value="20"></item><item title="Power" value="20"></item><item title="TestType" value="Tx"></item><item title="EVM" value="-33,0125" result="PASS"></item><item title="FREQERR" value="-2,18954" result="PASS"></item><item title="SYMCLOCKERR" value="-1,41165" result="PASS"></item><item title="POWER" value="19,8773" result="PASS"></item><item title="LOLEAKAGE" value="-46,1436" result="PASS"></item><item title="SPECTRUMMASK" value="11,2992" result="PASS"></item><item title="SPECTRUMMARGIN" value="11,2992" result="PASS"></item></Record><Criteria><item title="Modulation" value="MCS8NSS1"></item><item title="Bandwidth" value="20"></item><item title="Antenna" value="0"></item><item title="Channel" value="149"></item><item title="RfIcTemperature" value="47"></item><item title="CpuTemperature" value="60"></item><item title="ExpectedPower" value="21"></item><item title="EVM" Max="-30" Min="-100"></item><item title="FREQERR" Max="15" Min="-15"></item><item title="SYMCLOCKERR" Max="20" Min="-100"></item><item title="POWER" Max="22,5" Min="19,5" Avg="21"></item><item title="LOLEAKAGE" Max="-17" Min="-100"></item><item title="SPECTRUMMASK" Max="100" Min="0"></item><item title="SPECTRUMMARGIN" Max="1000" Min="0"></item></Criteria><Record><item title="Modulation" value="MCS8NSS1"></item><item title="Bandwidth" value="20"></item><item title="Channel" value="149"></item><item title="Antenna" value="0"></item><item title="ExpectedPower" value="21"></item><item title="Power" value="21"></item><item title="TestType" value="Tx"></item><item title="EVM" value="-29,4925" result="FAIL"></item><item title="FREQERR" value="-2,19215" result="PASS"></item><item title="SYMCLOCKERR" value="-0,872477" result="PASS"></item><item title="POWER" value="21,0412" result="PASS"></item><item title="LOLEAKAGE" value="-60,4618" result="PASS"></item><item title="SPECTRUMMASK" value="10,7539" result="PASS"></item><item title="SPECTRUMMARGIN" value="10,7539" result="PASS"></item></Record><Criteria><item title="Modulation" value="MCS8NSS1"></item><item title="Bandwidth" value="20"></item><item title="Antenna" value="0"></item><item title="Channel" value="149"></item><item title="RfIcTemperature" value="47"></item><item title="CpuTemperature" value="60"></item><item title="ExpectedPower" value="22"></item><item title="EVM" Max="-30" Min="-100"></item><item title="FREQERR" Max="15" Min="-15"></item><item title="SYMCLOCKERR" Max="20" Min="-100"></item><item title="POWER" Max="23,5" Min="20,5" Avg="22"></item><item title="LOLEAKAGE" Max="-17" Min="-100"></item><item title="SPECTRUMMASK" Max="100" Min="0"></item><item title="SPECTRUMMARGIN" Max="1000" Min="0"></item></Criteria><Record><item title="Modulation" value="MCS8NSS1"></item><item title="Bandwidth" value="20"></item><item title="Channel" value="149"></item><item title="Antenna" value="0"></item><item title="ExpectedPower" value="22"></item><item title="Power" value="22"></item><item title="TestType" value="Tx"></item><item title="EVM" value="-26,6032" result="FAIL"></item><item title="FREQERR" value="-2,19124" result="PASS"></item><item title="SYMCLOCKERR" value="-1,45622" result="PASS"></item><item title="POWER" value="21,5257" result="PASS"></item><item title="LOLEAKAGE" value="-53,4543" result="PASS"></item><item title="SPECTRUMMASK" value="10,0384" result="PASS"></item><item title="SPECTRUMMARGIN" value="10,0384" result="PASS"></item></Record><Criteria><item title="Modulation" value="MCS8NSS1"></item><item title="Bandwidth" value="20"></item><item title="Antenna" value="0"></item><item title="Channel" value="149"></item><item title="RfIcTemperature" value="47"></item><item title="CpuTemperature" value="60"></item><item title="ExpectedPower" value="23"></item><item title="EVM" Max="-30" Min="-100"></item><item title="FREQERR" Max="15" Min="-15"></item><item title="SYMCLOCKERR" Max="20" Min="-100"></item><item title="POWER" Max="24,5" Min="21,5" Avg="23"></item><item title="LOLEAKAGE" Max="-17" Min="-100"></item><item title="SPECTRUMMASK" Max="100" Min="0"></item><item title="SPECTRUMMARGIN" Max="1000" Min="0"></item></Criteria><Record><item title="Modulation" value="MCS8NSS1"></item><item title="Bandwidth" value="20"></item><item title="Channel" value="149"></item><item title="Antenna" value="0"></item><item title="ExpectedPower" value="23"></item><item title="Power" value="23"></item><item title="TestType" value="Tx"></item><item title="EVM" value="-24,4013" result="FAIL"></item><item title="FREQERR" value="-2,19127" result="PASS"></item><item title="SYMCLOCKERR" value="-0,308178" result="PASS"></item><item title="POWER" value="22,6733" result="PASS"></item><item title="LOLEAKAGE" value="-50,362" result="PASS"></item><item title="SPECTRUMMASK" value="6,3142" result="PASS"></item><item title="SPECTRUMMARGIN" value="6,3142" result="PASS"></item></Record><Criteria><item title="Modulation" value="MCS8NSS1"></item><item title="Bandwidth" value="20"></item><item title="Antenna" value="0"></item><item title="Channel" value="149"></item><item title="RfIcTemperature" value="47"></item><item title="CpuTemperature" value="60"></item><item title="ExpectedPower" value="24"></item><item title="EVM" Max="-30" Min="-100"></item><item title="FREQERR" Max="15" Min="-15"></item><item title="SYMCLOCKERR" Max="20" Min="-100"></item><item title="POWER" Max="25,5" Min="22,5" Avg="24"></item><item title="LOLEAKAGE" Max="-17" Min="-100"></item><item title="SPECTRUMMASK" Max="100" Min="0"></item><item title="SPECTRUMMARGIN" Max="1000" Min="0"></item></Criteria><Record><item title="Modulation" value="MCS8NSS1"></item><item title="Bandwidth" value="20"></item><item title="Channel" value="149"></item><item title="Antenna" value="0"></item><item title="ExpectedPower" value="24"></item><item title="Power" value="24"></item><item title="TestType" value="Tx"></item><item title="EVM" value="-23,2253" result="FAIL"></item><item title="FREQERR" value="-2,19363" result="PASS"></item><item title="SYMCLOCKERR" value="-1,54903" result="PASS"></item><item title="POWER" value="23,3073" result="PASS"></item><item title="LOLEAKAGE" value="-46,8902" result="PASS"></item><item title="SPECTRUMMASK" value="3,1322" result="PASS"></item><item title="SPECTRUMMARGIN" value="3,1322" result="PASS"></item></Record><Criteria><item title="Modulation" value="MCS8NSS1"></item><item title="Bandwidth" value="20"></item><item title="Antenna" value="0"></item><item title="Channel" value="149"></item><item title="RfIcTemperature" value="47"></item><item title="CpuTemperature" value="60"></item><item title="ExpectedPower" value="25"></item><item title="EVM" Max="-30" Min="-100"></item><item title="FREQERR" Max="15" Min="-15"></item><item title="SYMCLOCKERR" Max="20" Min="-100"></item><item title="POWER" Max="26,5" Min="23,5" Avg="25"></item><item title="LOLEAKAGE" Max="-17" Min="-100"></item><item title="SPECTRUMMASK" Max="100" Min="0"></item><item title="SPECTRUMMARGIN" Max="1000" Min="0"></item></Criteria><Record><item title="Modulation" value="MCS8NSS1"></item><item title="Bandwidth" value="20"></item><item title="Channel" value="149"></item><item title="Antenna" value="0"></item><item title="ExpectedPower" value="25"></item><item title="Power" value="25"></item><item title="TestType" value="Tx"></item><item title="EVM" value="-22,4135" result="FAIL"></item><item title="FREQERR" value="-2,18738" result="PASS"></item><item title="SYMCLOCKERR" value="-0,933865" result="PASS"></item><item title="POWER" value="24,0257" result="PASS"></item><item title="LOLEAKAGE" value="-44,3336" result="PASS"></item><item title="SPECTRUMMASK" value="0,501553" result="PASS"></item><item title="SPECTRUMMARGIN" value="0,501553" result="PASS"></item></Record><Criteria><item title="Modulation" value="MCS8NSS1"></item><item title="Bandwidth" value="20"></item><item title="Antenna" value="1"></item><item title="Channel" value="149"></item><item title="RfIcTemperature" value="47"></item><item title="CpuTemperature" value="60"></item><item title="ExpectedPower" value="10"></item><item title="EVM" Max="-30" Min="-100"></item><item title="FREQERR" Max="15" Min="-15"></item><item title="SYMCLOCKERR" Max="20" Min="-100"></item><item title="POWER" Max="11,5" Min="8,5" Avg="10"></item><item title="LOLEAKAGE" Max="-17" Min="-100"></item><item title="SPECTRUMMASK" Max="100" Min="0"></item><item title="SPECTRUMMARGIN" Max="1000" Min="0"></item></Criteria><Record><item title="Modulation" value="MCS8NSS1"></item><item title="Bandwidth" value="20"></item><item title="Channel" value="149"></item><item title="Antenna" value="1"></item><item title="ExpectedPower" value="10"></item><item title="Power" value="10"></item><item title="TestType" value="Tx"></item><item title="EVM" value="-35,108" result="PASS"></item><item title="FREQERR" value="-2,19362" result="PASS"></item><item title="SYMCLOCKERR" value="-1,70591" result="PASS"></item><item title="POWER" value="8,84599" result="PASS"></item><item title="LOLEAKAGE" value="-29,934" result="PASS"></item><item title="SPECTRUMMASK" value="12,0934" result="PASS"></item><item title="SPECTRUMMARGIN" value="12,0934" result="PASS"></item></Record><Criteria><item title="Modulation" value="MCS8NSS1"></item><item title="Bandwidth" value="20"></item><item title="Antenna" value="1"></item><item title="Channel" value="149"></item><item title="RfIcTemperature" value="47"></item><item title="CpuTemperature" value="60"></item><item title="ExpectedPower" value="11"></item><item title="EVM" Max="-30" Min="-100"></item><item title="FREQERR" Max="15" Min="-15"></item><item title="SYMCLOCKERR" Max="20" Min="-100"></item><item title="POWER" Max="12,5" Min="9,5" Avg="11"></item><item title="LOLEAKAGE" Max="-17" Min="-100"></item><item title="SPECTRUMMASK" Max="100" Min="0"></item><item title="SPECTRUMMARGIN" Max="1000" Min="0"></item></Criteria><Record><item title="Modulation" value="MCS8NSS1"></item><item title="Bandwidth" value="20"></item><item title="Channel" value="149"></item><item title="Antenna" value="1"></item><item title="ExpectedPower" value="11"></item><item title="Power" value="11"></item><item title="TestType" value="Tx"></item><item title="EVM" value="-34,8212" result="PASS"></item><item title="FREQERR" value="-2,19334" result="PASS"></item><item title="SYMCLOCKERR" value="-2,40437" result="PASS"></item><item title="POWER" value="9,93709" result="PASS"></item><item title="LOLEAKAGE" value="-31,4729" result="PASS"></item><item title="SPECTRUMMASK" value="12,3787" result="PASS"></item><item title="SPECTRUMMARGIN" value="12,3787" result="PASS"></item></Record><Criteria><item title="Modulation" value="MCS8NSS1"></item><item title="Bandwidth" value="20"></item><item title="Antenna" value="1"></item><item title="Channel" value="149"></item><item title="RfIcTemperature" value="47"></item><item title="CpuTemperature" value="60"></item><item title="ExpectedPower" value="12"></item><item title="EVM" Max="-30" Min="-100"></item><item title="FREQERR" Max="15" Min="-15"></item><item title="SYMCLOCKERR" Max="20" Min="-100"></item><item title="POWER" Max="13,5" Min="10,5" Avg="12"></item><item title="LOLEAKAGE" Max="-17" Min="-100"></item><item title="SPECTRUMMASK" Max="100" Min="0"></item><item title="SPECTRUMMARGIN" Max="1000" Min="0"></item></Criteria><Record><item title="Modulation" value="MCS8NSS1"></item><item title="Bandwidth" value="20"></item><item title="Channel" value="149"></item><item title="Antenna" value="1"></item><item title="ExpectedPower" value="12"></item><item title="Power" value="12"></item><item title="TestType" value="Tx"></item><item title="EVM" value="-35,4046" result="PASS"></item><item title="FREQERR" value="-2,19227" result="PASS"></item><item title="SYMCLOCKERR" value="-1,42152" result="PASS"></item><item title="POWER" value="10,703" result="PASS"></item><item title="LOLEAKAGE" value="-31,3086" result="PASS"></item><item title="SPECTRUMMASK" value="10,6877" result="PASS"></item><item title="SPECTRUMMARGIN" value="10,6877" result="PASS"></item></Record><Criteria><item title="Modulation" value="MCS8NSS1"></item><item title="Bandwidth" value="20"></item><item title="Antenna" value="1"></item><item title="Channel" value="149"></item><item title="RfIcTemperature" value="47"></item><item title="CpuTemperature" value="60"></item><item title="ExpectedPower" value="13"></item><item title="EVM" Max="-30" Min="-100"></item><item title="FREQERR" Max="15" Min="-15"></item><item title="SYMCLOCKERR" Max="20" Min="-100"></item><item title="POWER" Max="14,5" Min="11,5" Avg="13"></item><item title="LOLEAKAGE" Max="-17" Min="-100"></item><item title="SPECTRUMMASK" Max="100" Min="0"></item><item title="SPECTRUMMARGIN" Max="1000" Min="0"></item></Criteria><Record><item title="Modulation" value="MCS8NSS1"></item><item title="Bandwidth" value="20"></item><item title="Channel" value="149"></item><item title="Antenna" value="1"></item><item title="ExpectedPower" value="13"></item><item title="Power" value="13"></item><item title="TestType" value="Tx"></item><item title="EVM" value="-34,6122" result="PASS"></item><item title="FREQERR" value="-2,19228" result="PASS"></item><item title="SYMCLOCKERR" value="-1,90675" result="PASS"></item><item title="POWER" value="11,7245" result="PASS"></item><item title="LOLEAKAGE" value="-30,6904" result="PASS"></item><item title="SPECTRUMMASK" value="11,1403" result="PASS"></item><item title="SPECTRUMMARGIN" value="11,1403" result="PASS"></item></Record><Criteria><item title="Modulation" value="MCS8NSS1"></item><item title="Bandwidth" value="20"></item><item title="Antenna" value="1"></item><item title="Channel" value="149"></item><item title="RfIcTemperature" value="47"></item><item title="CpuTemperature" value="60"></item><item title="ExpectedPower" value="14"></item><item title="EVM" Max="-30" Min="-100"></item><item title="FREQERR" Max="15" Min="-15"></item><item title="SYMCLOCKERR" Max="20" Min="-100"></item><item title="POWER" Max="15,5" Min="12,5" Avg="14"></item><item title="LOLEAKAGE" Max="-17" Min="-100"></item><item title="SPECTRUMMASK" Max="100" Min="0"></item><item title="SPECTRUMMARGIN" Max="1000" Min="0"></item></Criteria><Record><item title="Modulation" value="MCS8NSS1"></item><item title="Bandwidth" value="20"></item><item title="Channel" value="149"></item><item title="Antenna" value="1"></item><item title="ExpectedPower" value="14"></item><item title="Power" value="14"></item><item title="TestType" value="Tx"></item><item title="EVM" value="-34,9849" result="PASS"></item><item title="FREQERR" value="-2,1896" result="PASS"></item><item title="SYMCLOCKERR" value="-1,31132" result="PASS"></item><item title="POWER" value="12,9275" result="PASS"></item><item title="LOLEAKAGE" value="-32,3546" result="PASS"></item><item title="SPECTRUMMASK" value="11,9242" result="PASS"></item><item title="SPECTRUMMARGIN" value="11,9242" result="PASS"></item></Record><Criteria><item title="Modulation" value="MCS8NSS1"></item><item title="Bandwidth" value="20"></item><item title="Antenna" value="1"></item><item title="Channel" value="149"></item><item title="RfIcTemperature" value="47"></item><item title="CpuTemperature" value="60"></item><item title="ExpectedPower" value="15"></item><item title="EVM" Max="-30" Min="-100"></item><item title="FREQERR" Max="15" Min="-15"></item><item title="SYMCLOCKERR" Max="20" Min="-100"></item><item title="POWER" Max="16,5" Min="13,5" Avg="15"></item><item title="LOLEAKAGE" Max="-17" Min="-100"></item><item title="SPECTRUMMASK" Max="100" Min="0"></item><item title="SPECTRUMMARGIN" Max="1000" Min="0"></item></Criteria><Record><item title="Modulation" value="MCS8NSS1"></item><item title="Bandwidth" value="20"></item><item title="Channel" value="149"></item><item title="Antenna" value="1"></item><item title="ExpectedPower" value="15"></item><item title="Power" value="15"></item><item title="TestType" value="Tx"></item><item title="EVM" value="-33,743" result="PASS"></item><item title="FREQERR" value="-2,19089" result="PASS"></item><item title="SYMCLOCKERR" value="-1,60263" result="PASS"></item><item title="POWER" value="13,8224" result="PASS"></item><item title="LOLEAKAGE" value="-31,5239" result="PASS"></item><item title="SPECTRUMMASK" value="11,9089" result="PASS"></item><item title="SPECTRUMMARGIN" value="11,9089" result="PASS"></item></Record><Criteria><item title="Modulation" value="MCS8NSS1"></item><item title="Bandwidth" value="20"></item><item title="Antenna" value="1"></item><item title="Channel" value="149"></item><item title="RfIcTemperature" value="47"></item><item title="CpuTemperature" value="60"></item><item title="ExpectedPower" value="16"></item><item title="EVM" Max="-30" Min="-100"></item><item title="FREQERR" Max="15" Min="-15"></item><item title="SYMCLOCKERR" Max="20" Min="-100"></item><item title="POWER" Max="17,5" Min="14,5" Avg="16"></item><item title="LOLEAKAGE" Max="-17" Min="-100"></item><item title="SPECTRUMMASK" Max="100" Min="0"></item><item title="SPECTRUMMARGIN" Max="1000" Min="0"></item></Criteria><Record><item title="Modulation" value="MCS8NSS1"></item><item title="Bandwidth" value="20"></item><item title="Channel" value="149"></item><item title="Antenna" value="1"></item><item title="ExpectedPower" value="16"></item><item title="Power" value="16"></item><item title="TestType" value="Tx"></item><item title="EVM" value="-35,1997" result="PASS"></item><item title="FREQERR" value="-2,19053" result="PASS"></item><item title="SYMCLOCKERR" value="-2,08744" result="PASS"></item><item title="POWER" value="14,7763" result="PASS"></item><item title="LOLEAKAGE" value="-36,3096" result="PASS"></item><item title="SPECTRUMMASK" value="11,755" result="PASS"></item><item title="SPECTRUMMARGIN" value="11,755" result="PASS"></item></Record><Criteria><item title="Modulation" value="MCS8NSS1"></item><item title="Bandwidth" value="20"></item><item title="Antenna" value="1"></item><item title="Channel" value="149"></item><item title="RfIcTemperature" value="47"></item><item title="CpuTemperature" value="60"></item><item title="ExpectedPower" value="17"></item><item title="EVM" Max="-30" Min="-100"></item><item title="FREQERR" Max="15" Min="-15"></item><item title="SYMCLOCKERR" Max="20" Min="-100"></item><item title="POWER" Max="18,5" Min="15,5" Avg="17"></item><item title="LOLEAKAGE" Max="-17" Min="-100"></item><item title="SPECTRUMMASK" Max="100" Min="0"></item><item title="SPECTRUMMARGIN" Max="1000" Min="0"></item></Criteria><Record><item title="Modulation" value="MCS8NSS1"></item><item title="Bandwidth" value="20"></item><item title="Channel" value="149"></item><item title="Antenna" value="1"></item><item title="ExpectedPower" value="17"></item><item title="Power" value="17"></item><item title="TestType" value="Tx"></item><item title="EVM" value="-35,4798" result="PASS"></item><item title="FREQERR" value="-2,18909" result="PASS"></item><item title="SYMCLOCKERR" value="-1,80514" result="PASS"></item><item title="POWER" value="16,0309" result="PASS"></item><item title="LOLEAKAGE" value="-36,7252" result="PASS"></item><item title="SPECTRUMMASK" value="12,283" result="PASS"></item><item title="SPECTRUMMARGIN" value="12,283" result="PASS"></item></Record><Criteria><item title="Modulation" value="MCS8NSS1"></item><item title="Bandwidth" value="20"></item><item title="Antenna" value="1"></item><item title="Channel" value="149"></item><item title="RfIcTemperature" value="47"></item><item title="CpuTemperature" value="60"></item><item title="ExpectedPower" value="18"></item><item title="EVM" Max="-30" Min="-100"></item><item title="FREQERR" Max="15" Min="-15"></item><item title="SYMCLOCKERR" Max="20" Min="-100"></item><item title="POWER" Max="19,5" Min="16,5" Avg="18"></item><item title="LOLEAKAGE" Max="-17" Min="-100"></item><item title="SPECTRUMMASK" Max="100" Min="0"></item><item title="SPECTRUMMARGIN" Max="1000" Min="0"></item></Criteria><Record><item title="Modulation" value="MCS8NSS1"></item><item title="Bandwidth" value="20"></item><item title="Channel" value="149"></item><item title="Antenna" value="1"></item><item title="ExpectedPower" value="18"></item><item title="Power" value="18"></item><item title="TestType" value="Tx"></item><item title="EVM" value="-35,3916" result="PASS"></item><item title="FREQERR" value="-2,1942" result="PASS"></item><item title="SYMCLOCKERR" value="-1,93622" result="PASS"></item><item title="POWER" value="16,676" result="PASS"></item><item title="LOLEAKAGE" value="-37,0605" result="PASS"></item><item title="SPECTRUMMASK" value="11,8605" result="PASS"></item><item title="SPECTRUMMARGIN" value="11,8605" result="PASS"></item></Record><Criteria><item title="Modulation" value="MCS8NSS1"></item><item title="Bandwidth" value="20"></item><item title="Antenna" value="1"></item><item title="Channel" value="149"></item><item title="RfIcTemperature" value="47"></item><item title="CpuTemperature" value="60"></item><item title="ExpectedPower" value="19"></item><item title="EVM" Max="-30" Min="-100"></item><item title="FREQERR" Max="15" Min="-15"></item><item title="SYMCLOCKERR" Max="20" Min="-100"></item><item title="POWER" Max="20,5" Min="17,5" Avg="19"></item><item title="LOLEAKAGE" Max="-17" Min="-100"></item><item title="SPECTRUMMASK" Max="100" Min="0"></item><item title="SPECTRUMMARGIN" Max="1000" Min="0"></item></Criteria><Record><item title="Modulation" value="MCS8NSS1"></item><item title="Bandwidth" value="20"></item><item title="Channel" value="149"></item><item title="Antenna" value="1"></item><item title="ExpectedPower" value="19"></item><item title="Power" value="19"></item><item title="TestType" value="Tx"></item><item title="EVM" value="-35,1178" result="PASS"></item><item title="FREQERR" value="-2,18906" result="PASS"></item><item title="SYMCLOCKERR" value="-1,70103" result="PASS"></item><item title="POWER" value="17,8837" result="PASS"></item><item title="LOLEAKAGE" value="-39,7799" result="PASS"></item><item title="SPECTRUMMASK" value="11,9284" result="PASS"></item><item title="SPECTRUMMARGIN" value="11,9284" result="PASS"></item></Record><Criteria><item title="Modulation" value="MCS8NSS1"></item><item title="Bandwidth" value="20"></item><item title="Antenna" value="1"></item><item title="Channel" value="149"></item><item title="RfIcTemperature" value="47"></item><item title="CpuTemperature" value="60"></item><item title="ExpectedPower" value="20"></item><item title="EVM" Max="-30" Min="-100"></item><item title="FREQERR" Max="15" Min="-15"></item><item title="SYMCLOCKERR" Max="20" Min="-100"></item><item title="POWER" Max="21,5" Min="18,5" Avg="20"></item><item title="LOLEAKAGE" Max="-17" Min="-100"></item><item title="SPECTRUMMASK" Max="100" Min="0"></item><item title="SPECTRUMMARGIN" Max="1000" Min="0"></item></Criteria><Record><item title="Modulation" value="MCS8NSS1"></item><item title="Bandwidth" value="20"></item><item title="Channel" value="149"></item><item title="Antenna" value="1"></item><item title="ExpectedPower" value="20"></item><item title="Power" value="20"></item><item title="TestType" value="Tx"></item><item title="EVM" value="-32,7218" result="PASS"></item><item title="FREQERR" value="-2,18875" result="PASS"></item><item title="SYMCLOCKERR" value="-1,42012" result="PASS"></item><item title="POWER" value="18,7941" result="PASS"></item><item title="LOLEAKAGE" value="-41,6029" result="PASS"></item><item title="SPECTRUMMASK" value="12,0426" result="PASS"></item><item title="SPECTRUMMARGIN" value="12,0426" result="PASS"></item></Record><Criteria><item title="Modulation" value="MCS8NSS1"></item><item title="Bandwidth" value="20"></item><item title="Antenna" value="1"></item><item title="Channel" value="149"></item><item title="RfIcTemperature" value="47"></item><item title="CpuTemperature" value="60"></item><item title="ExpectedPower" value="21"></item><item title="EVM" Max="-30" Min="-100"></item><item title="FREQERR" Max="15" Min="-15"></item><item title="SYMCLOCKERR" Max="20" Min="-100"></item><item title="POWER" Max="22,5" Min="19,5" Avg="21"></item><item title="LOLEAKAGE" Max="-17" Min="-100"></item><item title="SPECTRUMMASK" Max="100" Min="0"></item><item title="SPECTRUMMARGIN" Max="1000" Min="0"></item></Criteria><Record><item title="Modulation" value="MCS8NSS1"></item><item title="Bandwidth" value="20"></item><item title="Channel" value="149"></item><item title="Antenna" value="1"></item><item title="ExpectedPower" value="21"></item><item title="Power" value="21"></item><item title="TestType" value="Tx"></item><item title="EVM" value="-32,7431" result="PASS"></item><item title="FREQERR" value="-2,19084" result="PASS"></item><item title="SYMCLOCKERR" value="-1,46388" result="PASS"></item><item title="POWER" value="19,7752" result="PASS"></item><item title="LOLEAKAGE" value="-47,2471" result="PASS"></item><item title="SPECTRUMMASK" value="11,8654" result="PASS"></item><item title="SPECTRUMMARGIN" value="11,8654" result="PASS"></item></Record><Criteria><item title="Modulation" value="MCS8NSS1"></item><item title="Bandwidth" value="20"></item><item title="Antenna" value="1"></item><item title="Channel" value="149"></item><item title="RfIcTemperature" value="47"></item><item title="CpuTemperature" value="60"></item><item title="ExpectedPower" value="22"></item><item title="EVM" Max="-30" Min="-100"></item><item title="FREQERR" Max="15" Min="-15"></item><item title="SYMCLOCKERR" Max="20" Min="-100"></item><item title="POWER" Max="23,5" Min="20,5" Avg="22"></item><item title="LOLEAKAGE" Max="-17" Min="-100"></item><item title="SPECTRUMMASK" Max="100" Min="0"></item><item title="SPECTRUMMARGIN" Max="1000" Min="0"></item></Criteria><Record><item title="Modulation" value="MCS8NSS1"></item><item title="Bandwidth" value="20"></item><item title="Channel" value="149"></item><item title="Antenna" value="1"></item><item title="ExpectedPower" value="22"></item><item title="Power" value="22"></item><item title="TestType" value="Tx"></item><item title="EVM" value="-29,2173" result="FAIL"></item><item title="FREQERR" value="-2,19519" result="PASS"></item><item title="SYMCLOCKERR" value="-1,87521" result="PASS"></item><item title="POWER" value="21,0391" result="PASS"></item><item title="LOLEAKAGE" value="-45,3822" result="PASS"></item><item title="SPECTRUMMASK" value="9,98562" result="PASS"></item><item title="SPECTRUMMARGIN" value="9,98562" result="PASS"></item></Record><Criteria><item title="Modulation" value="MCS8NSS1"></item><item title="Bandwidth" value="20"></item><item title="Antenna" value="1"></item><item title="Channel" value="149"></item><item title="RfIcTemperature" value="47"></item><item title="CpuTemperature" value="60"></item><item title="ExpectedPower" value="23"></item><item title="EVM" Max="-30" Min="-100"></item><item title="FREQERR" Max="15" Min="-15"></item><item title="SYMCLOCKERR" Max="20" Min="-100"></item><item title="POWER" Max="24,5" Min="21,5" Avg="23"></item><item title="LOLEAKAGE" Max="-17" Min="-100"></item><item title="SPECTRUMMASK" Max="100" Min="0"></item><item title="SPECTRUMMARGIN" Max="1000" Min="0"></item></Criteria><Record><item title="Modulation" value="MCS8NSS1"></item><item title="Bandwidth" value="20"></item><item title="Channel" value="149"></item><item title="Antenna" value="1"></item><item title="ExpectedPower" value="23"></item><item title="Power" value="23"></item><item title="TestType" value="Tx"></item><item title="EVM" value="-25,7312" result="FAIL"></item><item title="FREQERR" value="-2,18448" result="PASS"></item><item title="SYMCLOCKERR" value="-1,19524" result="PASS"></item><item title="POWER" value="21,9782" result="PASS"></item><item title="LOLEAKAGE" value="-56,7008" result="PASS"></item><item title="SPECTRUMMASK" value="8,54972" result="PASS"></item><item title="SPECTRUMMARGIN" value="8,54972" result="PASS"></item></Record><Criteria><item title="Modulation" value="MCS8NSS1"></item><item title="Bandwidth" value="20"></item><item title="Antenna" value="1"></item><item title="Channel" value="149"></item><item title="RfIcTemperature" value="47"></item><item title="CpuTemperature" value="60"></item><item title="ExpectedPower" value="24"></item><item title="EVM" Max="-30" Min="-100"></item><item title="FREQERR" Max="15" Min="-15"></item><item title="SYMCLOCKERR" Max="20" Min="-100"></item><item title="POWER" Max="25,5" Min="22,5" Avg="24"></item><item title="LOLEAKAGE" Max="-17" Min="-100"></item><item title="SPECTRUMMASK" Max="100" Min="0"></item><item title="SPECTRUMMARGIN" Max="1000" Min="0"></item></Criteria><Record><item title="Modulation" value="MCS8NSS1"></item><item title="Bandwidth" value="20"></item><item title="Channel" value="149"></item><item title="Antenna" value="1"></item><item title="ExpectedPower" value="24"></item><item title="Power" value="24"></item><item title="TestType" value="Tx"></item><item title="EVM" value="-23,2455" result="FAIL"></item><item title="FREQERR" value="-2,1943" result="PASS"></item><item title="SYMCLOCKERR" value="-1,55576" result="PASS"></item><item title="POWER" value="22,9699" result="PASS"></item><item title="LOLEAKAGE" value="-49,4277" result="PASS"></item><item title="SPECTRUMMASK" value="4,00984" result="PASS"></item><item title="SPECTRUMMARGIN" value="4,00984" result="PASS"></item></Record><Criteria><item title="Modulation" value="MCS8NSS1"></item><item title="Bandwidth" value="20"></item><item title="Antenna" value="1"></item><item title="Channel" value="149"></item><item title="RfIcTemperature" value="47"></item><item title="CpuTemperature" value="60"></item><item title="ExpectedPower" value="25"></item><item title="EVM" Max="-30" Min="-100"></item><item title="FREQERR" Max="15" Min="-15"></item><item title="SYMCLOCKERR" Max="20" Min="-100"></item><item title="POWER" Max="26,5" Min="23,5" Avg="25"></item><item title="LOLEAKAGE" Max="-17" Min="-100"></item><item title="SPECTRUMMASK" Max="100" Min="0"></item><item title="SPECTRUMMARGIN" Max="1000" Min="0"></item></Criteria><Record><item title="Modulation" value="MCS8NSS1"></item><item title="Bandwidth" value="20"></item><item title="Channel" value="149"></item><item title="Antenna" value="1"></item><item title="ExpectedPower" value="25"></item><item title="Power" value="25"></item><item title="TestType" value="Tx"></item><item title="EVM" value="-22,6857" result="FAIL"></item><item title="FREQERR" value="-2,19684" result="PASS"></item><item title="SYMCLOCKERR" value="-1,08642" result="PASS"></item><item title="POWER" value="24,0074" result="PASS"></item><item title="LOLEAKAGE" value="-50,2805" result="PASS"></item><item title="SPECTRUMMASK" value="1,34156" result="PASS"></item><item title="SPECTRUMMARGIN" value="1,34156" result="PASS"></item></Record><Criteria><item title="Modulation" value="MCS8NSS1"></item><item title="Bandwidth" value="20"></item><item title="Antenna" value="2"></item><item title="Channel" value="149"></item><item title="RfIcTemperature" value="47"></item><item title="CpuTemperature" value="60"></item><item title="ExpectedPower" value="10"></item><item title="EVM" Max="-30" Min="-100"></item><item title="FREQERR" Max="15" Min="-15"></item><item title="SYMCLOCKERR" Max="20" Min="-100"></item><item title="POWER" Max="11,5" Min="8,5" Avg="10"></item><item title="LOLEAKAGE" Max="-17" Min="-100"></item><item title="SPECTRUMMASK" Max="100" Min="0"></item><item title="SPECTRUMMARGIN" Max="1000" Min="0"></item></Criteria><Record><item title="Modulation" value="MCS8NSS1"></item><item title="Bandwidth" value="20"></item><item title="Channel" value="149"></item><item title="Antenna" value="2"></item><item title="ExpectedPower" value="10"></item><item title="Power" value="10"></item><item title="TestType" value="Tx"></item><item title="EVM" value="-36,1136" result="PASS"></item><item title="FREQERR" value="-2,19456" result="PASS"></item><item title="SYMCLOCKERR" value="-2,3778" result="PASS"></item><item title="POWER" value="10,0259" result="PASS"></item><item title="LOLEAKAGE" value="-30,8256" result="PASS"></item><item title="SPECTRUMMASK" value="11,0404" result="PASS"></item><item title="SPECTRUMMARGIN" value="11,0404" result="PASS"></item></Record><Criteria><item title="Modulation" value="MCS8NSS1"></item><item title="Bandwidth" value="20"></item><item title="Antenna" value="2"></item><item title="Channel" value="149"></item><item title="RfIcTemperature" value="47"></item><item title="CpuTemperature" value="60"></item><item title="ExpectedPower" value="11"></item><item title="EVM" Max="-30" Min="-100"></item><item title="FREQERR" Max="15" Min="-15"></item><item title="SYMCLOCKERR" Max="20" Min="-100"></item><item title="POWER" Max="12,5" Min="9,5" Avg="11"></item><item title="LOLEAKAGE" Max="-17" Min="-100"></item><item title="SPECTRUMMASK" Max="100" Min="0"></item><item title="SPECTRUMMARGIN" Max="1000" Min="0"></item></Criteria><Record><item title="Modulation" value="MCS8NSS1"></item><item title="Bandwidth" value="20"></item><item title="Channel" value="149"></item><item title="Antenna" value="2"></item><item title="ExpectedPower" value="11"></item><item title="Power" value="11"></item><item title="TestType" value="Tx"></item><item title="EVM" value="-37,1376" result="PASS"></item><item title="FREQERR" value="-2,19113" result="PASS"></item><item title="SYMCLOCKERR" value="-1,86988" result="PASS"></item><item title="POWER" value="10,9301" result="PASS"></item><item title="LOLEAKAGE" value="-32,2459" result="PASS"></item><item title="SPECTRUMMASK" value="11,6748" result="PASS"></item><item title="SPECTRUMMARGIN" value="11,6748" result="PASS"></item></Record><Criteria><item title="Modulation" value="MCS8NSS1"></item><item title="Bandwidth" value="20"></item><item title="Antenna" value="2"></item><item title="Channel" value="149"></item><item title="RfIcTemperature" value="47"></item><item title="CpuTemperature" value="60"></item><item title="ExpectedPower" value="12"></item><item title="EVM" Max="-30" Min="-100"></item><item title="FREQERR" Max="15" Min="-15"></item><item title="SYMCLOCKERR" Max="20" Min="-100"></item><item title="POWER" Max="13,5" Min="10,5" Avg="12"></item><item title="LOLEAKAGE" Max="-17" Min="-100"></item><item title="SPECTRUMMASK" Max="100" Min="0"></item><item title="SPECTRUMMARGIN" Max="1000" Min="0"></item></Criteria><Record><item title="Modulation" value="MCS8NSS1"></item><item title="Bandwidth" value="20"></item><item title="Channel" value="149"></item><item title="Antenna" value="2"></item><item title="ExpectedPower" value="12"></item><item title="Power" value="12"></item><item title="TestType" value="Tx"></item><item title="EVM" value="-33,0392" result="PASS"></item><item title="FREQERR" value="-2,18878" result="PASS"></item><item title="SYMCLOCKERR" value="-1,64716" result="PASS"></item><item title="POWER" value="11,9261" result="PASS"></item><item title="LOLEAKAGE" value="-32,3963" result="PASS"></item><item title="SPECTRUMMASK" value="11,5444" result="PASS"></item><item title="SPECTRUMMARGIN" value="11,5444" result="PASS"></item></Record><Criteria><item title="Modulation" value="MCS8NSS1"></item><item title="Bandwidth" value="20"></item><item title="Antenna" value="2"></item><item title="Channel" value="149"></item><item title="RfIcTemperature" value="47"></item><item title="CpuTemperature" value="60"></item><item title="ExpectedPower" value="13"></item><item title="EVM" Max="-30" Min="-100"></item><item title="FREQERR" Max="15" Min="-15"></item><item title="SYMCLOCKERR" Max="20" Min="-100"></item><item title="POWER" Max="14,5" Min="11,5" Avg="13"></item><item title="LOLEAKAGE" Max="-17" Min="-100"></item><item title="SPECTRUMMASK" Max="100" Min="0"></item><item title="SPECTRUMMARGIN" Max="1000" Min="0"></item></Criteria><Record><item title="Modulation" value="MCS8NSS1"></item><item title="Bandwidth" value="20"></item><item title="Channel" value="149"></item><item title="Antenna" value="2"></item><item title="ExpectedPower" value="13"></item><item title="Power" value="13"></item><item title="TestType" value="Tx"></item><item title="EVM" value="-37,5301" result="PASS"></item><item title="FREQERR" value="-2,18911" result="PASS"></item><item title="SYMCLOCKERR" value="-2,30333" result="PASS"></item><item title="POWER" value="13,0737" result="PASS"></item><item title="LOLEAKAGE" value="-33,2458" result="PASS"></item><item title="SPECTRUMMASK" value="12,4849" result="PASS"></item><item title="SPECTRUMMARGIN" value="12,4849" result="PASS"></item></Record><Criteria><item title="Modulation" value="MCS8NSS1"></item><item title="Bandwidth" value="20"></item><item title="Antenna" value="2"></item><item title="Channel" value="149"></item><item title="RfIcTemperature" value="47"></item><item title="CpuTemperature" value="60"></item><item title="ExpectedPower" value="14"></item><item title="EVM" Max="-30" Min="-100"></item><item title="FREQERR" Max="15" Min="-15"></item><item title="SYMCLOCKERR" Max="20" Min="-100"></item><item title="POWER" Max="15,5" Min="12,5" Avg="14"></item><item title="LOLEAKAGE" Max="-17" Min="-100"></item><item title="SPECTRUMMASK" Max="100" Min="0"></item><item title="SPECTRUMMARGIN" Max="1000" Min="0"></item></Criteria><Record><item title="Modulation" value="MCS8NSS1"></item><item title="Bandwidth" value="20"></item><item title="Channel" value="149"></item><item title="Antenna" value="2"></item><item title="ExpectedPower" value="14"></item><item title="Power" value="14"></item><item title="TestType" value="Tx"></item><item title="EVM" value="-37,8006" result="PASS"></item><item title="FREQERR" value="-2,18494" result="PASS"></item><item title="SYMCLOCKERR" value="-2,67453" result="PASS"></item><item title="POWER" value="13,926" result="PASS"></item><item title="LOLEAKAGE" value="-31,4388" result="PASS"></item><item title="SPECTRUMMASK" value="12,8139" result="PASS"></item><item title="SPECTRUMMARGIN" value="12,8139" result="PASS"></item></Record><Criteria><item title="Modulation" value="MCS8NSS1"></item><item title="Bandwidth" value="20"></item><item title="Antenna" value="2"></item><item title="Channel" value="149"></item><item title="RfIcTemperature" value="47"></item><item title="CpuTemperature" value="60"></item><item title="ExpectedPower" value="15"></item><item title="EVM" Max="-30" Min="-100"></item><item title="FREQERR" Max="15" Min="-15"></item><item title="SYMCLOCKERR" Max="20" Min="-100"></item><item title="POWER" Max="16,5" Min="13,5" Avg="15"></item><item title="LOLEAKAGE" Max="-17" Min="-100"></item><item title="SPECTRUMMASK" Max="100" Min="0"></item><item title="SPECTRUMMARGIN" Max="1000" Min="0"></item></Criteria><Record><item title="Modulation" value="MCS8NSS1"></item><item title="Bandwidth" value="20"></item><item title="Channel" value="149"></item><item title="Antenna" value="2"></item><item title="ExpectedPower" value="15"></item><item title="Power" value="15"></item><item title="TestType" value="Tx"></item><item title="EVM" value="-37,7998" result="PASS"></item><item title="FREQERR" value="-2,18614" result="PASS"></item><item title="SYMCLOCKERR" value="-2,37795" result="PASS"></item><item title="POWER" value="15,0518" result="PASS"></item><item title="LOLEAKAGE" value="-31,4652" result="PASS"></item><item title="SPECTRUMMASK" value="11,6965" result="PASS"></item><item title="SPECTRUMMARGIN" value="11,6965" result="PASS"></item></Record><Criteria><item title="Modulation" value="MCS8NSS1"></item><item title="Bandwidth" value="20"></item><item title="Antenna" value="2"></item><item title="Channel" value="149"></item><item title="RfIcTemperature" value="47"></item><item title="CpuTemperature" value="60"></item><item title="ExpectedPower" value="16"></item><item title="EVM" Max="-30" Min="-100"></item><item title="FREQERR" Max="15" Min="-15"></item><item title="SYMCLOCKERR" Max="20" Min="-100"></item><item title="POWER" Max="17,5" Min="14,5" Avg="16"></item><item title="LOLEAKAGE" Max="-17" Min="-100"></item><item title="SPECTRUMMASK" Max="100" Min="0"></item><item title="SPECTRUMMARGIN" Max="1000" Min="0"></item></Criteria><Record><item title="Modulation" value="MCS8NSS1"></item><item title="Bandwidth" value="20"></item><item title="Channel" value="149"></item><item title="Antenna" value="2"></item><item title="ExpectedPower" value="16"></item><item title="Power" value="16"></item><item title="TestType" value="Tx"></item><item title="EVM" value="-35,5783" result="PASS"></item><item title="FREQERR" value="-2,18188" result="PASS"></item><item title="SYMCLOCKERR" value="-2,49397" result="PASS"></item><item title="POWER" value="16,3648" result="PASS"></item><item title="LOLEAKAGE" value="-36,3003" result="PASS"></item><item title="SPECTRUMMASK" value="11,9869" result="PASS"></item><item title="SPECTRUMMARGIN" value="11,9869" result="PASS"></item></Record><Criteria><item title="Modulation" value="MCS8NSS1"></item><item title="Bandwidth" value="20"></item><item title="Antenna" value="2"></item><item title="Channel" value="149"></item><item title="RfIcTemperature" value="47"></item><item title="CpuTemperature" value="60"></item><item title="ExpectedPower" value="17"></item><item title="EVM" Max="-30" Min="-100"></item><item title="FREQERR" Max="15" Min="-15"></item><item title="SYMCLOCKERR" Max="20" Min="-100"></item><item title="POWER" Max="18,5" Min="15,5" Avg="17"></item><item title="LOLEAKAGE" Max="-17" Min="-100"></item><item title="SPECTRUMMASK" Max="100" Min="0"></item><item title="SPECTRUMMARGIN" Max="1000" Min="0"></item></Criteria><Record><item title="Modulation" value="MCS8NSS1"></item><item title="Bandwidth" value="20"></item><item title="Channel" value="149"></item><item title="Antenna" value="2"></item><item title="ExpectedPower" value="17"></item><item title="Power" value="17"></item><item title="TestType" value="Tx"></item><item title="EVM" value="-35,8471" result="PASS"></item><item title="FREQERR" value="-2,18388" result="PASS"></item><item title="SYMCLOCKERR" value="-1,78486" result="PASS"></item><item title="POWER" value="17,0385" result="PASS"></item><item title="LOLEAKAGE" value="-37,2747" result="PASS"></item><item title="SPECTRUMMASK" value="11,7805" result="PASS"></item><item title="SPECTRUMMARGIN" value="11,7805" result="PASS"></item></Record><Criteria><item title="Modulation" value="MCS8NSS1"></item><item title="Bandwidth" value="20"></item><item title="Antenna" value="2"></item><item title="Channel" value="149"></item><item title="RfIcTemperature" value="47"></item><item title="CpuTemperature" value="60"></item><item title="ExpectedPower" value="18"></item><item title="EVM" Max="-30" Min="-100"></item><item title="FREQERR" Max="15" Min="-15"></item><item title="SYMCLOCKERR" Max="20" Min="-100"></item><item title="POWER" Max="19,5" Min="16,5" Avg="18"></item><item title="LOLEAKAGE" Max="-17" Min="-100"></item><item title="SPECTRUMMASK" Max="100" Min="0"></item><item title="SPECTRUMMARGIN" Max="1000" Min="0"></item></Criteria><Record><item title="Modulation" value="MCS8NSS1"></item><item title="Bandwidth" value="20"></item><item title="Channel" value="149"></item><item title="Antenna" value="2"></item><item title="ExpectedPower" value="18"></item><item title="Power" value="18"></item><item title="TestType" value="Tx"></item><item title="EVM" value="-35,7455" result="PASS"></item><item title="FREQERR" value="-2,1795" result="PASS"></item><item title="SYMCLOCKERR" value="-2,46456" result="PASS"></item><item title="POWER" value="17,9452" result="PASS"></item><item title="LOLEAKAGE" value="-37,3539" result="PASS"></item><item title="SPECTRUMMASK" value="12,1107" result="PASS"></item><item title="SPECTRUMMARGIN" value="12,1107" result="PASS"></item></Record><Criteria><item title="Modulation" value="MCS8NSS1"></item><item title="Bandwidth" value="20"></item><item title="Antenna" value="2"></item><item title="Channel" value="149"></item><item title="RfIcTemperature" value="47"></item><item title="CpuTemperature" value="60"></item><item title="ExpectedPower" value="19"></item><item title="EVM" Max="-30" Min="-100"></item><item title="FREQERR" Max="15" Min="-15"></item><item title="SYMCLOCKERR" Max="20" Min="-100"></item><item title="POWER" Max="20,5" Min="17,5" Avg="19"></item><item title="LOLEAKAGE" Max="-17" Min="-100"></item><item title="SPECTRUMMASK" Max="100" Min="0"></item><item title="SPECTRUMMARGIN" Max="1000" Min="0"></item></Criteria><Record><item title="Modulation" value="MCS8NSS1"></item><item title="Bandwidth" value="20"></item><item title="Channel" value="149"></item><item title="Antenna" value="2"></item><item title="ExpectedPower" value="19"></item><item title="Power" value="19"></item><item title="TestType" value="Tx"></item><item title="EVM" value="-36,4588" result="PASS"></item><item title="FREQERR" value="-2,17997" result="PASS"></item><item title="SYMCLOCKERR" value="-1,92282" result="PASS"></item><item title="POWER" value="18,9604" result="PASS"></item><item title="LOLEAKAGE" value="-41,8407" result="PASS"></item><item title="SPECTRUMMASK" value="11,8609" result="PASS"></item><item title="SPECTRUMMARGIN" value="11,8609" result="PASS"></item></Record><Criteria><item title="Modulation" value="MCS8NSS1"></item><item title="Bandwidth" value="20"></item><item title="Antenna" value="2"></item><item title="Channel" value="149"></item><item title="RfIcTemperature" value="47"></item><item title="CpuTemperature" value="60"></item><item title="ExpectedPower" value="20"></item><item title="EVM" Max="-30" Min="-100"></item><item title="FREQERR" Max="15" Min="-15"></item><item title="SYMCLOCKERR" Max="20" Min="-100"></item><item title="POWER" Max="21,5" Min="18,5" Avg="20"></item><item title="LOLEAKAGE" Max="-17" Min="-100"></item><item title="SPECTRUMMASK" Max="100" Min="0"></item><item title="SPECTRUMMARGIN" Max="1000" Min="0"></item></Criteria><Record><item title="Modulation" value="MCS8NSS1"></item><item title="Bandwidth" value="20"></item><item title="Channel" value="149"></item><item title="Antenna" value="2"></item><item title="ExpectedPower" value="20"></item><item title="Power" value="20"></item><item title="TestType" value="Tx"></item><item title="EVM" value="-33,63" result="PASS"></item><item title="FREQERR" value="-2,18376" result="PASS"></item><item title="SYMCLOCKERR" value="-2,09737" result="PASS"></item><item title="POWER" value="20,0083" result="PASS"></item><item title="LOLEAKAGE" value="-42,2393" result="PASS"></item><item title="SPECTRUMMASK" value="11,9832" result="PASS"></item><item title="SPECTRUMMARGIN" value="11,9832" result="PASS"></item></Record><Criteria><item title="Modulation" value="MCS8NSS1"></item><item title="Bandwidth" value="20"></item><item title="Antenna" value="2"></item><item title="Channel" value="149"></item><item title="RfIcTemperature" value="47"></item><item title="CpuTemperature" value="60"></item><item title="ExpectedPower" value="21"></item><item title="EVM" Max="-30" Min="-100"></item><item title="FREQERR" Max="15" Min="-15"></item><item title="SYMCLOCKERR" Max="20" Min="-100"></item><item title="POWER" Max="22,5" Min="19,5" Avg="21"></item><item title="LOLEAKAGE" Max="-17" Min="-100"></item><item title="SPECTRUMMASK" Max="100" Min="0"></item><item title="SPECTRUMMARGIN" Max="1000" Min="0"></item></Criteria><Record><item title="Modulation" value="MCS8NSS1"></item><item title="Bandwidth" value="20"></item><item title="Channel" value="149"></item><item title="Antenna" value="2"></item><item title="ExpectedPower" value="21"></item><item title="Power" value="21"></item><item title="TestType" value="Tx"></item><item title="EVM" value="-31,3708" result="PASS"></item><item title="FREQERR" value="-2,18483" result="PASS"></item><item title="SYMCLOCKERR" value="-1,40285" result="PASS"></item><item title="POWER" value="20,9914" result="PASS"></item><item title="LOLEAKAGE" value="-45,5343" result="PASS"></item><item title="SPECTRUMMASK" value="11,8929" result="PASS"></item><item title="SPECTRUMMARGIN" value="11,8929" result="PASS"></item></Record><Criteria><item title="Modulation" value="MCS8NSS1"></item><item title="Bandwidth" value="20"></item><item title="Antenna" value="2"></item><item title="Channel" value="149"></item><item title="RfIcTemperature" value="47"></item><item title="CpuTemperature" value="60"></item><item title="ExpectedPower" value="22"></item><item title="EVM" Max="-30" Min="-100"></item><item title="FREQERR" Max="15" Min="-15"></item><item title="SYMCLOCKERR" Max="20" Min="-100"></item><item title="POWER" Max="23,5" Min="20,5" Avg="22"></item><item title="LOLEAKAGE" Max="-17" Min="-100"></item><item title="SPECTRUMMASK" Max="100" Min="0"></item><item title="SPECTRUMMARGIN" Max="1000" Min="0"></item></Criteria><Record><item title="Modulation" value="MCS8NSS1"></item><item title="Bandwidth" value="20"></item><item title="Channel" value="149"></item><item title="Antenna" value="2"></item><item title="ExpectedPower" value="22"></item><item title="Power" value="22"></item><item title="TestType" value="Tx"></item><item title="EVM" value="-28,8884" result="FAIL"></item><item title="FREQERR" value="-2,18197" result="PASS"></item><item title="SYMCLOCKERR" value="-1,59756" result="PASS"></item><item title="POWER" value="22,0069" result="PASS"></item><item title="LOLEAKAGE" value="-47,3912" result="PASS"></item><item title="SPECTRUMMASK" value="11,3206" result="PASS"></item><item title="SPECTRUMMARGIN" value="11,3206" result="PASS"></item></Record><Criteria><item title="Modulation" value="MCS8NSS1"></item><item title="Bandwidth" value="20"></item><item title="Antenna" value="2"></item><item title="Channel" value="149"></item><item title="RfIcTemperature" value="47"></item><item title="CpuTemperature" value="60"></item><item title="ExpectedPower" value="23"></item><item title="EVM" Max="-30" Min="-100"></item><item title="FREQERR" Max="15" Min="-15"></item><item title="SYMCLOCKERR" Max="20" Min="-100"></item><item title="POWER" Max="24,5" Min="21,5" Avg="23"></item><item title="LOLEAKAGE" Max="-17" Min="-100"></item><item title="SPECTRUMMASK" Max="100" Min="0"></item><item title="SPECTRUMMARGIN" Max="1000" Min="0"></item></Criteria><Record><item title="Modulation" value="MCS8NSS1"></item><item title="Bandwidth" value="20"></item><item title="Channel" value="149"></item><item title="Antenna" value="2"></item><item title="ExpectedPower" value="23"></item><item title="Power" value="23"></item><item title="TestType" value="Tx"></item><item title="EVM" value="-25,0054" result="FAIL"></item><item title="FREQERR" value="-2,18281" result="PASS"></item><item title="SYMCLOCKERR" value="-2,61202" result="PASS"></item><item title="POWER" value="23,1749" result="PASS"></item><item title="LOLEAKAGE" value="-72,5025" result="PASS"></item><item title="SPECTRUMMASK" value="7,85397" result="PASS"></item><item title="SPECTRUMMARGIN" value="7,85397" result="PASS"></item></Record><Criteria><item title="Modulation" value="MCS8NSS1"></item><item title="Bandwidth" value="20"></item><item title="Antenna" value="2"></item><item title="Channel" value="149"></item><item title="RfIcTemperature" value="47"></item><item title="CpuTemperature" value="60"></item><item title="ExpectedPower" value="24"></item><item title="EVM" Max="-30" Min="-100"></item><item title="FREQERR" Max="15" Min="-15"></item><item title="SYMCLOCKERR" Max="20" Min="-100"></item><item title="POWER" Max="25,5" Min="22,5" Avg="24"></item><item title="LOLEAKAGE" Max="-17" Min="-100"></item><item title="SPECTRUMMASK" Max="100" Min="0"></item><item title="SPECTRUMMARGIN" Max="1000" Min="0"></item></Criteria><Record><item title="Modulation" value="MCS8NSS1"></item><item title="Bandwidth" value="20"></item><item title="Channel" value="149"></item><item title="Antenna" value="2"></item><item title="ExpectedPower" value="24"></item><item title="Power" value="24"></item><item title="TestType" value="Tx"></item><item title="EVM" value="-23,823" result="FAIL"></item><item title="FREQERR" value="-2,18128" result="PASS"></item><item title="SYMCLOCKERR" value="-2,15997" result="PASS"></item><item title="POWER" value="24,0702" result="PASS"></item><item title="LOLEAKAGE" value="-53,6066" result="PASS"></item><item title="SPECTRUMMASK" value="4,93935" result="PASS"></item><item title="SPECTRUMMARGIN" value="4,93935" result="PASS"></item></Record><Criteria><item title="Modulation" value="MCS8NSS1"></item><item title="Bandwidth" value="20"></item><item title="Antenna" value="2"></item><item title="Channel" value="149"></item><item title="RfIcTemperature" value="47"></item><item title="CpuTemperature" value="60"></item><item title="ExpectedPower" value="25"></item><item title="EVM" Max="-30" Min="-100"></item><item title="FREQERR" Max="15" Min="-15"></item><item title="SYMCLOCKERR" Max="20" Min="-100"></item><item title="POWER" Max="26,5" Min="23,5" Avg="25"></item><item title="LOLEAKAGE" Max="-17" Min="-100"></item><item title="SPECTRUMMASK" Max="100" Min="0"></item><item title="SPECTRUMMARGIN" Max="1000" Min="0"></item></Criteria><Record><item title="Modulation" value="MCS8NSS1"></item><item title="Bandwidth" value="20"></item><item title="Channel" value="149"></item><item title="Antenna" value="2"></item><item title="ExpectedPower" value="25"></item><item title="Power" value="25"></item><item title="TestType" value="Tx"></item><item title="EVM" value="-22,3806" result="FAIL"></item><item title="FREQERR" value="-2,18412" result="PASS"></item><item title="SYMCLOCKERR" value="1,79018" result="PASS"></item><item title="POWER" value="25,0772" result="PASS"></item><item title="LOLEAKAGE" value="-42,6497" result="PASS"></item><item title="SPECTRUMMASK" value="1,9486" result="PASS"></item><item title="SPECTRUMMARGIN" value="1,9486" result="PASS"></item></Record><Criteria><item title="Modulation" value="MCS8NSS1"></item><item title="Bandwidth" value="20"></item><item title="Antenna" value="3"></item><item title="Channel" value="149"></item><item title="RfIcTemperature" value="47"></item><item title="CpuTemperature" value="60"></item><item title="ExpectedPower" value="10"></item><item title="EVM" Max="-30" Min="-100"></item><item title="FREQERR" Max="15" Min="-15"></item><item title="SYMCLOCKERR" Max="20" Min="-100"></item><item title="POWER" Max="11,5" Min="8,5" Avg="10"></item><item title="LOLEAKAGE" Max="-17" Min="-100"></item><item title="SPECTRUMMASK" Max="100" Min="0"></item><item title="SPECTRUMMARGIN" Max="1000" Min="0"></item></Criteria><Record><item title="Modulation" value="MCS8NSS1"></item><item title="Bandwidth" value="20"></item><item title="Channel" value="149"></item><item title="Antenna" value="3"></item><item title="ExpectedPower" value="10"></item><item title="Power" value="10"></item><item title="TestType" value="Tx"></item><item title="EVM" value="-34,6725" result="PASS"></item><item title="FREQERR" value="-2,1875" result="PASS"></item><item title="SYMCLOCKERR" value="-1,48689" result="PASS"></item><item title="POWER" value="9,48753" result="PASS"></item><item title="LOLEAKAGE" value="-30,3129" result="PASS"></item><item title="SPECTRUMMASK" value="12,442" result="PASS"></item><item title="SPECTRUMMARGIN" value="12,442" result="PASS"></item></Record><Criteria><item title="Modulation" value="MCS8NSS1"></item><item title="Bandwidth" value="20"></item><item title="Antenna" value="3"></item><item title="Channel" value="149"></item><item title="RfIcTemperature" value="47"></item><item title="CpuTemperature" value="60"></item><item title="ExpectedPower" value="11"></item><item title="EVM" Max="-30" Min="-100"></item><item title="FREQERR" Max="15" Min="-15"></item><item title="SYMCLOCKERR" Max="20" Min="-100"></item><item title="POWER" Max="12,5" Min="9,5" Avg="11"></item><item title="LOLEAKAGE" Max="-17" Min="-100"></item><item title="SPECTRUMMASK" Max="100" Min="0"></item><item title="SPECTRUMMARGIN" Max="1000" Min="0"></item></Criteria><Record><item title="Modulation" value="MCS8NSS1"></item><item title="Bandwidth" value="20"></item><item title="Channel" value="149"></item><item title="Antenna" value="3"></item><item title="ExpectedPower" value="11"></item><item title="Power" value="11"></item><item title="TestType" value="Tx"></item><item title="EVM" value="-36,0242" result="PASS"></item><item title="FREQERR" value="-2,18323" result="PASS"></item><item title="SYMCLOCKERR" value="-2,0733" result="PASS"></item><item title="POWER" value="10,4738" result="PASS"></item><item title="LOLEAKAGE" value="-29,3617" result="PASS"></item><item title="SPECTRUMMASK" value="11,3742" result="PASS"></item><item title="SPECTRUMMARGIN" value="11,3742" result="PASS"></item></Record><Criteria><item title="Modulation" value="MCS8NSS1"></item><item title="Bandwidth" value="20"></item><item title="Antenna" value="3"></item><item title="Channel" value="149"></item><item title="RfIcTemperature" value="47"></item><item title="CpuTemperature" value="60"></item><item title="ExpectedPower" value="12"></item><item title="EVM" Max="-30" Min="-100"></item><item title="FREQERR" Max="15" Min="-15"></item><item title="SYMCLOCKERR" Max="20" Min="-100"></item><item title="POWER" Max="13,5" Min="10,5" Avg="12"></item><item title="LOLEAKAGE" Max="-17" Min="-100"></item><item title="SPECTRUMMASK" Max="100" Min="0"></item><item title="SPECTRUMMARGIN" Max="1000" Min="0"></item></Criteria><Record><item title="Modulation" value="MCS8NSS1"></item><item title="Bandwidth" value="20"></item><item title="Channel" value="149"></item><item title="Antenna" value="3"></item><item title="ExpectedPower" value="12"></item><item title="Power" value="12"></item><item title="TestType" value="Tx"></item><item title="EVM" value="-37,1727" result="PASS"></item><item title="FREQERR" value="-2,18403" result="PASS"></item><item title="SYMCLOCKERR" value="-2,90058" result="PASS"></item><item title="POWER" value="11,7194" result="PASS"></item><item title="LOLEAKAGE" value="-30,2247" result="PASS"></item><item title="SPECTRUMMASK" value="12,616" result="PASS"></item><item title="SPECTRUMMARGIN" value="12,616" result="PASS"></item></Record><Criteria><item title="Modulation" value="MCS8NSS1"></item><item title="Bandwidth" value="20"></item><item title="Antenna" value="3"></item><item title="Channel" value="149"></item><item title="RfIcTemperature" value="47"></item><item title="CpuTemperature" value="60"></item><item title="ExpectedPower" value="13"></item><item title="EVM" Max="-30" Min="-100"></item><item title="FREQERR" Max="15" Min="-15"></item><item title="SYMCLOCKERR" Max="20" Min="-100"></item><item title="POWER" Max="14,5" Min="11,5" Avg="13"></item><item title="LOLEAKAGE" Max="-17" Min="-100"></item><item title="SPECTRUMMASK" Max="100" Min="0"></item><item title="SPECTRUMMARGIN" Max="1000" Min="0"></item></Criteria><Record><item title="Modulation" value="MCS8NSS1"></item><item title="Bandwidth" value="20"></item><item title="Channel" value="149"></item><item title="Antenna" value="3"></item><item title="ExpectedPower" value="13"></item><item title="Power" value="13"></item><item title="TestType" value="Tx"></item><item title="EVM" value="-37,3416" result="PASS"></item><item title="FREQERR" value="-2,18357" result="PASS"></item><item title="SYMCLOCKERR" value="-1,85279" result="PASS"></item><item title="POWER" value="12,5683" result="PASS"></item><item title="LOLEAKAGE" value="-30,22" result="PASS"></item><item title="SPECTRUMMASK" value="12,756" result="PASS"></item><item title="SPECTRUMMARGIN" value="12,756" result="PASS"></item></Record><Criteria><item title="Modulation" value="MCS8NSS1"></item><item title="Bandwidth" value="20"></item><item title="Antenna" value="3"></item><item title="Channel" value="149"></item><item title="RfIcTemperature" value="47"></item><item title="CpuTemperature" value="60"></item><item title="ExpectedPower" value="14"></item><item title="EVM" Max="-30" Min="-100"></item><item title="FREQERR" Max="15" Min="-15"></item><item title="SYMCLOCKERR" Max="20" Min="-100"></item><item title="POWER" Max="15,5" Min="12,5" Avg="14"></item><item title="LOLEAKAGE" Max="-17" Min="-100"></item><item title="SPECTRUMMASK" Max="100" Min="0"></item><item title="SPECTRUMMARGIN" Max="1000" Min="0"></item></Criteria><Record><item title="Modulation" value="MCS8NSS1"></item><item title="Bandwidth" value="20"></item><item title="Channel" value="149"></item><item title="Antenna" value="3"></item><item title="ExpectedPower" value="14"></item><item title="Power" value="14"></item><item title="TestType" value="Tx"></item><item title="EVM" value="-34,2955" result="PASS"></item><item title="FREQERR" value="-2,18258" result="PASS"></item><item title="SYMCLOCKERR" value="-1,56613" result="PASS"></item><item title="POWER" value="14,1778" result="PASS"></item><item title="LOLEAKAGE" value="-32,0563" result="PASS"></item><item title="SPECTRUMMASK" value="11,4059" result="PASS"></item><item title="SPECTRUMMARGIN" value="11,4059" result="PASS"></item></Record><Criteria><item title="Modulation" value="MCS8NSS1"></item><item title="Bandwidth" value="20"></item><item title="Antenna" value="3"></item><item title="Channel" value="149"></item><item title="RfIcTemperature" value="47"></item><item title="CpuTemperature" value="60"></item><item title="ExpectedPower" value="15"></item><item title="EVM" Max="-30" Min="-100"></item><item title="FREQERR" Max="15" Min="-15"></item><item title="SYMCLOCKERR" Max="20" Min="-100"></item><item title="POWER" Max="16,5" Min="13,5" Avg="15"></item><item title="LOLEAKAGE" Max="-17" Min="-100"></item><item title="SPECTRUMMASK" Max="100" Min="0"></item><item title="SPECTRUMMARGIN" Max="1000" Min="0"></item></Criteria><Record><item title="Modulation" value="MCS8NSS1"></item><item title="Bandwidth" value="20"></item><item title="Channel" value="149"></item><item title="Antenna" value="3"></item><item title="ExpectedPower" value="15"></item><item title="Power" value="15"></item><item title="TestType" value="Tx"></item><item title="EVM" value="-36,0139" result="PASS"></item><item title="FREQERR" value="-2,18214" result="PASS"></item><item title="SYMCLOCKERR" value="-2,06025" result="PASS"></item><item title="POWER" value="15,1625" result="PASS"></item><item title="LOLEAKAGE" value="-30,5129" result="PASS"></item><item title="SPECTRUMMASK" value="11,9785" result="PASS"></item><item title="SPECTRUMMARGIN" value="11,9785" result="PASS"></item></Record><Criteria><item title="Modulation" value="MCS8NSS1"></item><item title="Bandwidth" value="20"></item><item title="Antenna" value="3"></item><item title="Channel" value="149"></item><item title="RfIcTemperature" value="47"></item><item title="CpuTemperature" value="60"></item><item title="ExpectedPower" value="16"></item><item title="EVM" Max="-30" Min="-100"></item><item title="FREQERR" Max="15" Min="-15"></item><item title="SYMCLOCKERR" Max="20" Min="-100"></item><item title="POWER" Max="17,5" Min="14,5" Avg="16"></item><item title="LOLEAKAGE" Max="-17" Min="-100"></item><item title="SPECTRUMMASK" Max="100" Min="0"></item><item title="SPECTRUMMARGIN" Max="1000" Min="0"></item></Criteria><Record><item title="Modulation" value="MCS8NSS1"></item><item title="Bandwidth" value="20"></item><item title="Channel" value="149"></item><item title="Antenna" value="3"></item><item title="ExpectedPower" value="16"></item><item title="Power" value="16"></item><item title="TestType" value="Tx"></item><item title="EVM" value="-36,253" result="PASS"></item><item title="FREQERR" value="-2,18047" result="PASS"></item><item title="SYMCLOCKERR" value="-2,12338" result="PASS"></item><item title="POWER" value="15,927" result="PASS"></item><item title="LOLEAKAGE" value="-35,7271" result="PASS"></item><item title="SPECTRUMMASK" value="12,272" result="PASS"></item><item title="SPECTRUMMARGIN" value="12,272" result="PASS"></item></Record><Criteria><item title="Modulation" value="MCS8NSS1"></item><item title="Bandwidth" value="20"></item><item title="Antenna" value="3"></item><item title="Channel" value="149"></item><item title="RfIcTemperature" value="47"></item><item title="CpuTemperature" value="60"></item><item title="ExpectedPower" value="17"></item><item title="EVM" Max="-30" Min="-100"></item><item title="FREQERR" Max="15" Min="-15"></item><item title="SYMCLOCKERR" Max="20" Min="-100"></item><item title="POWER" Max="18,5" Min="15,5" Avg="17"></item><item title="LOLEAKAGE" Max="-17" Min="-100"></item><item title="SPECTRUMMASK" Max="100" Min="0"></item><item title="SPECTRUMMARGIN" Max="1000" Min="0"></item></Criteria><Record><item title="Modulation" value="MCS8NSS1"></item><item title="Bandwidth" value="20"></item><item title="Channel" value="149"></item><item title="Antenna" value="3"></item><item title="ExpectedPower" value="17"></item><item title="Power" value="17"></item><item title="TestType" value="Tx"></item><item title="EVM" value="-37,0829" result="PASS"></item><item title="FREQERR" value="-2,18221" result="PASS"></item><item title="SYMCLOCKERR" value="-1,55383" result="PASS"></item><item title="POWER" value="17,299" result="PASS"></item><item title="LOLEAKAGE" value="-34,6738" result="PASS"></item><item title="SPECTRUMMASK" value="11,2257" result="PASS"></item><item title="SPECTRUMMARGIN" value="11,2257" result="PASS"></item></Record><Criteria><item title="Modulation" value="MCS8NSS1"></item><item title="Bandwidth" value="20"></item><item title="Antenna" value="3"></item><item title="Channel" value="149"></item><item title="RfIcTemperature" value="47"></item><item title="CpuTemperature" value="60"></item><item title="ExpectedPower" value="18"></item><item title="EVM" Max="-30" Min="-100"></item><item title="FREQERR" Max="15" Min="-15"></item><item title="SYMCLOCKERR" Max="20" Min="-100"></item><item title="POWER" Max="19,5" Min="16,5" Avg="18"></item><item title="LOLEAKAGE" Max="-17" Min="-100"></item><item title="SPECTRUMMASK" Max="100" Min="0"></item><item title="SPECTRUMMARGIN" Max="1000" Min="0"></item></Criteria><Record><item title="Modulation" value="MCS8NSS1"></item><item title="Bandwidth" value="20"></item><item title="Channel" value="149"></item><item title="Antenna" value="3"></item><item title="ExpectedPower" value="18"></item><item title="Power" value="18"></item><item title="TestType" value="Tx"></item><item title="EVM" value="-36,0865" result="PASS"></item><item title="FREQERR" value="-2,183" result="PASS"></item><item title="SYMCLOCKERR" value="-2,07359" result="PASS"></item><item title="POWER" value="18,2538" result="PASS"></item><item title="LOLEAKAGE" value="-37,6593" result="PASS"></item><item title="SPECTRUMMASK" value="10,5479" result="PASS"></item><item title="SPECTRUMMARGIN" value="10,5479" result="PASS"></item></Record><Criteria><item title="Modulation" value="MCS8NSS1"></item><item title="Bandwidth" value="20"></item><item title="Antenna" value="3"></item><item title="Channel" value="149"></item><item title="RfIcTemperature" value="47"></item><item title="CpuTemperature" value="60"></item><item title="ExpectedPower" value="19"></item><item title="EVM" Max="-30" Min="-100"></item><item title="FREQERR" Max="15" Min="-15"></item><item title="SYMCLOCKERR" Max="20" Min="-100"></item><item title="POWER" Max="20,5" Min="17,5" Avg="19"></item><item title="LOLEAKAGE" Max="-17" Min="-100"></item><item title="SPECTRUMMASK" Max="100" Min="0"></item><item title="SPECTRUMMARGIN" Max="1000" Min="0"></item></Criteria><Record><item title="Modulation" value="MCS8NSS1"></item><item title="Bandwidth" value="20"></item><item title="Channel" value="149"></item><item title="Antenna" value="3"></item><item title="ExpectedPower" value="19"></item><item title="Power" value="19"></item><item title="TestType" value="Tx"></item><item title="EVM" value="-33,9128" result="PASS"></item><item title="FREQERR" value="-2,18268" result="PASS"></item><item title="SYMCLOCKERR" value="-1,86594" result="PASS"></item><item title="POWER" value="18,5653" result="PASS"></item><item title="LOLEAKAGE" value="-38,1191" result="PASS"></item><item title="SPECTRUMMASK" value="11,7084" result="PASS"></item><item title="SPECTRUMMARGIN" value="11,7084" result="PASS"></item></Record><Criteria><item title="Modulation" value="MCS8NSS1"></item><item title="Bandwidth" value="20"></item><item title="Antenna" value="3"></item><item title="Channel" value="149"></item><item title="RfIcTemperature" value="47"></item><item title="CpuTemperature" value="60"></item><item title="ExpectedPower" value="20"></item><item title="EVM" Max="-30" Min="-100"></item><item title="FREQERR" Max="15" Min="-15"></item><item title="SYMCLOCKERR" Max="20" Min="-100"></item><item title="POWER" Max="21,5" Min="18,5" Avg="20"></item><item title="LOLEAKAGE" Max="-17" Min="-100"></item><item title="SPECTRUMMASK" Max="100" Min="0"></item><item title="SPECTRUMMARGIN" Max="1000" Min="0"></item></Criteria><Record><item title="Modulation" value="MCS8NSS1"></item><item title="Bandwidth" value="20"></item><item title="Channel" value="149"></item><item title="Antenna" value="3"></item><item title="ExpectedPower" value="20"></item><item title="Power" value="20"></item><item title="TestType" value="Tx"></item><item title="EVM" value="-30,7518" result="PASS"></item><item title="FREQERR" value="-2,18493" result="PASS"></item><item title="SYMCLOCKERR" value="-1,04669" result="PASS"></item><item title="POWER" value="19,9561" result="PASS"></item><item title="LOLEAKAGE" value="-41,7056" result="PASS"></item><item title="SPECTRUMMASK" value="12,2493" result="PASS"></item><item title="SPECTRUMMARGIN" value="12,2493" result="PASS"></item></Record><Criteria><item title="Modulation" value="MCS8NSS1"></item><item title="Bandwidth" value="20"></item><item title="Antenna" value="3"></item><item title="Channel" value="149"></item><item title="RfIcTemperature" value="47"></item><item title="CpuTemperature" value="60"></item><item title="ExpectedPower" value="21"></item><item title="EVM" Max="-30" Min="-100"></item><item title="FREQERR" Max="15" Min="-15"></item><item title="SYMCLOCKERR" Max="20" Min="-100"></item><item title="POWER" Max="22,5" Min="19,5" Avg="21"></item><item title="LOLEAKAGE" Max="-17" Min="-100"></item><item title="SPECTRUMMASK" Max="100" Min="0"></item><item title="SPECTRUMMARGIN" Max="1000" Min="0"></item></Criteria><Record><item title="Modulation" value="MCS8NSS1"></item><item title="Bandwidth" value="20"></item><item title="Channel" value="149"></item><item title="Antenna" value="3"></item><item title="ExpectedPower" value="21"></item><item title="Power" value="21"></item><item title="TestType" value="Tx"></item><item title="EVM" value="-29,1328" result="FAIL"></item><item title="FREQERR" value="-2,17839" result="PASS"></item><item title="SYMCLOCKERR" value="-1,84259" result="PASS"></item><item title="POWER" value="21,1058" result="PASS"></item><item title="LOLEAKAGE" value="-52,8681" result="PASS"></item><item title="SPECTRUMMASK" value="10,4372" result="PASS"></item><item title="SPECTRUMMARGIN" value="10,4372" result="PASS"></item></Record><Criteria><item title="Modulation" value="MCS8NSS1"></item><item title="Bandwidth" value="20"></item><item title="Antenna" value="3"></item><item title="Channel" value="149"></item><item title="RfIcTemperature" value="47"></item><item title="CpuTemperature" value="60"></item><item title="ExpectedPower" value="22"></item><item title="EVM" Max="-30" Min="-100"></item><item title="FREQERR" Max="15" Min="-15"></item><item title="SYMCLOCKERR" Max="20" Min="-100"></item><item title="POWER" Max="23,5" Min="20,5" Avg="22"></item><item title="LOLEAKAGE" Max="-17" Min="-100"></item><item title="SPECTRUMMASK" Max="100" Min="0"></item><item title="SPECTRUMMARGIN" Max="1000" Min="0"></item></Criteria><Record><item title="Modulation" value="MCS8NSS1"></item><item title="Bandwidth" value="20"></item><item title="Channel" value="149"></item><item title="Antenna" value="3"></item><item title="ExpectedPower" value="22"></item><item title="Power" value="22"></item><item title="TestType" value="Tx"></item><item title="EVM" value="-25,5116" result="FAIL"></item><item title="FREQERR" value="-2,17889" result="PASS"></item><item title="SYMCLOCKERR" value="-0,114726" result="PASS"></item><item title="POWER" value="22,2448" result="PASS"></item><item title="LOLEAKAGE" value="-60,8257" result="PASS"></item><item title="SPECTRUMMASK" value="7,95533" result="PASS"></item><item title="SPECTRUMMARGIN" value="7,95533" result="PASS"></item></Record><Criteria><item title="Modulation" value="MCS8NSS1"></item><item title="Bandwidth" value="20"></item><item title="Antenna" value="3"></item><item title="Channel" value="149"></item><item title="RfIcTemperature" value="47"></item><item title="CpuTemperature" value="60"></item><item title="ExpectedPower" value="23"></item><item title="EVM" Max="-30" Min="-100"></item><item title="FREQERR" Max="15" Min="-15"></item><item title="SYMCLOCKERR" Max="20" Min="-100"></item><item title="POWER" Max="24,5" Min="21,5" Avg="23"></item><item title="LOLEAKAGE" Max="-17" Min="-100"></item><item title="SPECTRUMMASK" Max="100" Min="0"></item><item title="SPECTRUMMARGIN" Max="1000" Min="0"></item></Criteria><Record><item title="Modulation" value="MCS8NSS1"></item><item title="Bandwidth" value="20"></item><item title="Channel" value="149"></item><item title="Antenna" value="3"></item><item title="ExpectedPower" value="23"></item><item title="Power" value="23"></item><item title="TestType" value="Tx"></item><item title="EVM" value="-23,6494" result="FAIL"></item><item title="FREQERR" value="-2,17827" result="PASS"></item><item title="SYMCLOCKERR" value="-1,6086" result="PASS"></item><item title="POWER" value="22,9974" result="PASS"></item><item title="LOLEAKAGE" value="-50,2618" result="PASS"></item><item title="SPECTRUMMASK" value="4,44413" result="PASS"></item><item title="SPECTRUMMARGIN" value="4,44413" result="PASS"></item></Record><Criteria><item title="Modulation" value="MCS8NSS1"></item><item title="Bandwidth" value="20"></item><item title="Antenna" value="3"></item><item title="Channel" value="149"></item><item title="RfIcTemperature" value="47"></item><item title="CpuTemperature" value="60"></item><item title="ExpectedPower" value="24"></item><item title="EVM" Max="-30" Min="-100"></item><item title="FREQERR" Max="15" Min="-15"></item><item title="SYMCLOCKERR" Max="20" Min="-100"></item><item title="POWER" Max="25,5" Min="22,5" Avg="24"></item><item title="LOLEAKAGE" Max="-17" Min="-100"></item><item title="SPECTRUMMASK" Max="100" Min="0"></item><item title="SPECTRUMMARGIN" Max="1000" Min="0"></item></Criteria><Record><item title="Modulation" value="MCS8NSS1"></item><item title="Bandwidth" value="20"></item><item title="Channel" value="149"></item><item title="Antenna" value="3"></item><item title="ExpectedPower" value="24"></item><item title="Power" value="24"></item><item title="TestType" value="Tx"></item><item title="EVM" value="-22,7552" result="FAIL"></item><item title="FREQERR" value="-2,17812" result="PASS"></item><item title="SYMCLOCKERR" value="4,08028" result="PASS"></item><item title="POWER" value="24,0659" result="PASS"></item><item title="LOLEAKAGE" value="-43,3487" result="PASS"></item><item title="SPECTRUMMASK" value="1,11768" result="PASS"></item><item title="SPECTRUMMARGIN" value="1,11768" result="PASS"></item></Record><Criteria><item title="Modulation" value="MCS8NSS1"></item><item title="Bandwidth" value="20"></item><item title="Antenna" value="3"></item><item title="Channel" value="149"></item><item title="RfIcTemperature" value="47"></item><item title="CpuTemperature" value="60"></item><item title="ExpectedPower" value="25"></item><item title="EVM" Max="-30" Min="-100"></item><item title="FREQERR" Max="15" Min="-15"></item><item title="SYMCLOCKERR" Max="20" Min="-100"></item><item title="POWER" Max="26,5" Min="23,5" Avg="25"></item><item title="LOLEAKAGE" Max="-17" Min="-100"></item><item title="SPECTRUMMASK" Max="100" Min="0"></item><item title="SPECTRUMMARGIN" Max="1000" Min="0"></item></Criteria><Record><item title="Modulation" value="MCS8NSS1"></item><item title="Bandwidth" value="20"></item><item title="Channel" value="149"></item><item title="Antenna" value="3"></item><item title="ExpectedPower" value="25"></item><item title="Power" value="25"></item><item title="TestType" value="Tx"></item><item title="EVM" value="-21,6032" result="FAIL"></item><item title="FREQERR" value="-2,1743" result="PASS"></item><item title="SYMCLOCKERR" value="1,52922" result="PASS"></item><item title="POWER" value="24,7669" result="PASS"></item><item title="LOLEAKAGE" value="-36,8366" result="PASS"></item><item title="SPECTRUMMASK" value="-0,331249" result="FAIL"></item><item title="SPECTRUMMARGIN" value="-0,331249" result="FAIL"></item></Record></AirTies>